Log file open, 12/17/20 15:20:48
LogInit: Display: Running engine for game: Puzzles
LogPlatformFile: Not using cached read wrapper
LogTaskGraph: Started task graph with 5 named threads and 11 total threads with 3 sets of task threads.
LogStats: Stats thread started at 1.127068
LogD3D11RHI: Loaded GFSDK_Aftermath_Lib.x64.dll
LogICUInternationalization: ICU TimeZone Detection - Raw Offset: -5:00, Platform Override: ''
LogPluginManager: Mounting plugin Paper2D
LogPluginManager: Mounting plugin AISupport
LogPluginManager: Mounting plugin LightPropagationVolume
LogPluginManager: Mounting plugin CameraShakePreviewer
LogPluginManager: Mounting plugin ActorLayerUtilities
LogPluginManager: Mounting plugin AnimationSharing
LogPluginManager: Mounting plugin CLionSourceCodeAccess
LogPluginManager: Mounting plugin CodeLiteSourceCodeAccess
LogPluginManager: Mounting plugin GitSourceControl
LogPluginManager: Mounting plugin KDevelopSourceCodeAccess
LogPluginManager: Mounting plugin NullSourceCodeAccess
LogPluginManager: Mounting plugin PerforceSourceControl
LogPluginManager: Mounting plugin PlasticSourceControl
LogPluginManager: Mounting plugin RiderSourceCodeAccess
LogPluginManager: Mounting plugin SubversionSourceControl
LogPluginManager: Mounting plugin UObjectPlugin
LogPluginManager: Mounting plugin VisualStudioCodeSourceCodeAccess
LogPluginManager: Mounting plugin VisualStudioSourceCodeAccess
LogPluginManager: Mounting plugin XCodeSourceCodeAccess
LogPluginManager: Mounting plugin AssetManagerEditor
LogPluginManager: Mounting plugin CryptoKeys
LogPluginManager: Mounting plugin CurveEditorTools
LogPluginManager: Mounting plugin DataValidation
LogPluginManager: Mounting plugin EditorScriptingUtilities
LogPluginManager: Mounting plugin FacialAnimation
LogPluginManager: Mounting plugin GameplayTagsEditor
LogPluginManager: Mounting plugin GeometryMode
LogPluginManager: Mounting plugin MacGraphicsSwitching
LogPluginManager: Mounting plugin MaterialAnalyzer
LogPluginManager: Mounting plugin MobileLauncherProfileWizard
LogPluginManager: Mounting plugin PluginBrowser
LogPluginManager: Mounting plugin SpeedTreeImporter
LogPluginManager: Mounting plugin DatasmithContent
LogPluginManager: Mounting plugin VariantManagerContent
LogPluginManager: Mounting plugin AlembicImporter
LogPluginManager: Mounting plugin AutomationUtils
LogPluginManager: Mounting plugin BackChannel
LogPluginManager: Mounting plugin ChaosCloth
LogPluginManager: Mounting plugin ChaosClothEditor
LogPluginManager: Mounting plugin ChaosEditor
LogPluginManager: Mounting plugin ChaosNiagara
LogPluginManager: Mounting plugin ChaosSolverPlugin
LogPluginManager: Mounting plugin CharacterAI
LogPluginManager: Mounting plugin GeometryCache
LogPluginManager: Mounting plugin GeometryCollectionPlugin
LogPluginManager: Mounting plugin GeometryProcessing
LogPluginManager: Mounting plugin PlanarCut
LogPluginManager: Mounting plugin PlatformCrypto
LogPluginManager: Mounting plugin ProxyLODPlugin
LogPluginManager: Mounting plugin SkeletalReduction
LogPluginManager: Mounting plugin Niagara
LogPluginManager: Mounting plugin MagicLeap
LogPluginManager: Mounting plugin MagicLeapLightEstimation
LogPluginManager: Mounting plugin MagicLeapMedia
LogPluginManager: Mounting plugin MagicLeapPassableWorld
LogPluginManager: Mounting plugin MLSDK
LogPluginManager: Mounting plugin AndroidMedia
LogPluginManager: Mounting plugin AvfMedia
LogPluginManager: Mounting plugin ImgMedia
LogPluginManager: Mounting plugin MediaCompositing
LogPluginManager: Mounting plugin MediaPlayerEditor
LogPluginManager: Mounting plugin WebMMedia
LogPluginManager: Mounting plugin WmfMedia
LogPluginManager: Mounting plugin MeshPainting
LogPluginManager: Mounting plugin TcpMessaging
LogPluginManager: Mounting plugin UdpMessaging
LogPluginManager: Mounting plugin ActorSequence
LogPluginManager: Mounting plugin LevelSequenceEditor
LogPluginManager: Mounting plugin MatineeToLevelSequence
LogPluginManager: Mounting plugin MovieRenderPipeline
LogPluginManager: Mounting plugin TemplateSequence
LogPluginManager: Mounting plugin NetcodeUnitTest
LogPluginManager: Mounting plugin NUTUnrealEngine4
LogPluginManager: Mounting plugin OnlineSubsystemGooglePlay
LogPluginManager: Mounting plugin OnlineSubsystemIOS
LogPluginManager: Mounting plugin OnlineSubsystem
LogPluginManager: Mounting plugin OnlineSubsystemNull
LogPluginManager: Mounting plugin OnlineSubsystemUtils
LogPluginManager: Mounting plugin LauncherChunkInstaller
LogPluginManager: Mounting plugin AndroidDeviceProfileSelector
LogPluginManager: Mounting plugin AndroidMoviePlayer
LogPluginManager: Mounting plugin AndroidPermission
LogPluginManager: Mounting plugin AppleImageUtils
LogPluginManager: Mounting plugin AppleMoviePlayer
LogPluginManager: Mounting plugin ArchVisCharacter
LogPluginManager: Mounting plugin AssetTags
LogPluginManager: Mounting plugin AudioCapture
LogPluginManager: Mounting plugin CableComponent
LogPluginManager: Mounting plugin CustomMeshComponent
LogPluginManager: Mounting plugin EditableMesh
LogPluginManager: Mounting plugin ExampleDeviceProfileSelector
LogPluginManager: Mounting plugin GoogleCloudMessaging
LogPluginManager: Mounting plugin GooglePAD
LogPluginManager: Mounting plugin IOSDeviceProfileSelector
LogPluginManager: Mounting plugin LinuxDeviceProfileSelector
LogPluginManager: Mounting plugin LocationServicesBPLibrary
LogPluginManager: Mounting plugin MobilePatchingUtils
LogPluginManager: Mounting plugin OculusVR
LogPluginManager: Mounting plugin PhysXVehicles
LogPluginManager: Mounting plugin PostSplashScreen
LogPluginManager: Mounting plugin ProceduralMeshComponent
LogPluginManager: Mounting plugin RuntimePhysXCooking
LogPluginManager: Mounting plugin SignificanceManager
LogPluginManager: Mounting plugin SoundFields
LogPluginManager: Mounting plugin SteamVR
LogPluginManager: Mounting plugin Synthesis
LogPluginManager: Mounting plugin WebMMoviePlayer
LogPluginManager: Mounting plugin WindowsMoviePlayer
LogPluginManager: Mounting plugin ScreenshotTools
LogInit: Using libcurl 7.55.1-DEV
LogInit:  - built for x86_64-pc-win32
LogInit:  - supports SSL with OpenSSL/1.1.1
LogInit:  - supports HTTP deflate (compression) using libz 1.2.8
LogInit:  - other features:
LogInit:      CURL_VERSION_SSL
LogInit:      CURL_VERSION_LIBZ
LogInit:      CURL_VERSION_IPV6
LogInit:      CURL_VERSION_ASYNCHDNS
LogInit:      CURL_VERSION_LARGEFILE
LogInit:      CURL_VERSION_IDN
LogInit:  CurlRequestOptions (configurable via config and command line):
LogInit:  - bVerifyPeer = true  - Libcurl will verify peer certificate
LogInit:  - bUseHttpProxy = false  - Libcurl will NOT use HTTP proxy
LogInit:  - bDontReuseConnections = false  - Libcurl will reuse connections
LogInit:  - MaxHostConnections = 16  - Libcurl will limit the number of connections to a host
LogInit:  - LocalHostAddr = Default
LogInit:  - BufferSize = 65536
LogOnline: OSS: Creating online subsystem instance for: NULL
LogInit: WinSock: version 1.1 (2.2), MaxSocks=32767, MaxUdp=65467
LogOnline: OSS: TryLoadSubsystemAndSetDefault: Loaded subsystem for module [NULL]
LogInit: Build: ++UE4+Release-4.25-CL-14469661
LogInit: Engine Version: 4.25.4-14469661+++UE4+Release-4.25
LogInit: Compatible Engine Version: 4.25.0-13144385+++UE4+Release-4.25
LogInit: Net CL: 13144385
LogInit: OS: Windows 10 (Release 1909) (), CPU: Intel(R) Core(TM) i7-7500U CPU @ 2.70GHz, GPU: Intel(R) HD Graphics 620
LogInit: Compiled (64-bit): Oct 11 2020 08:10:49
LogInit: Compiled with Visual C++: 19.24.28315.00
LogInit: Build Configuration: Development
LogInit: Branch Name: ++UE4+Release-4.25
LogInit: Command Line: 
LogInit: Base Directory: C:/Program Files/Epic Games/UE_4.25/Engine/Binaries/Win64/
LogInit: Allocator: TBB
LogInit: Installed Engine Build: 1
LogDevObjectVersion: Number of dev versions registered: 26
LogDevObjectVersion:   Dev-Blueprints (B0D832E4-1F89-4F0D-ACCF-7EB736FD4AA2): 10
LogDevObjectVersion:   Dev-Build (E1C64328-A22C-4D53-A36C-8E866417BD8C): 0
LogDevObjectVersion:   Dev-Core (375EC13C-06E4-48FB-B500-84F0262A717E): 4
LogDevObjectVersion:   Dev-Editor (E4B068ED-F494-42E9-A231-DA0B2E46BB41): 38
LogDevObjectVersion:   Dev-Framework (CFFC743F-43B0-4480-9391-14DF171D2073): 37
LogDevObjectVersion:   Dev-Mobile (B02B49B5-BB20-44E9-A304-32B752E40360): 2
LogDevObjectVersion:   Dev-Networking (A4E4105C-59A1-49B5-A7C5-40C4547EDFEE): 0
LogDevObjectVersion:   Dev-Online (39C831C9-5AE6-47DC-9A44-9C173E1C8E7C): 0
LogDevObjectVersion:   Dev-Physics (78F01B33-EBEA-4F98-B9B4-84EACCB95AA2): 4
LogDevObjectVersion:   Dev-Platform (6631380F-2D4D-43E0-8009-CF276956A95A): 0
LogDevObjectVersion:   Dev-Rendering (12F88B9F-8875-4AFC-A67C-D90C383ABD29): 43
LogDevObjectVersion:   Dev-Sequencer (7B5AE74C-D270-4C10-A958-57980B212A5A): 12
LogDevObjectVersion:   Dev-VR (D7296918-1DD6-4BDD-9DE2-64A83CC13884): 3
LogDevObjectVersion:   Dev-LoadTimes (C2A15278-BFE7-4AFE-6C17-90FF531DF755): 1
LogDevObjectVersion:   Private-Geometry (6EACA3D4-40EC-4CC1-B786-8BED09428FC5): 3
LogDevObjectVersion:   Dev-AnimPhys (29E575DD-E0A3-4627-9D10-D276232CDCEA): 17
LogDevObjectVersion:   Dev-Anim (AF43A65D-7FD3-4947-9873-3E8ED9C1BB05): 7
LogDevObjectVersion:   Dev-ReflectionCapture (6B266CEC-1EC7-4B8F-A30B-E4D90942FC07): 1
LogDevObjectVersion:   Dev-Automation (0DF73D61-A23F-47EA-B727-89E90C41499A): 1
LogDevObjectVersion:   FortniteMain (601D1886-AC64-4F84-AA16-D3DE0DEAC7D6): 31
LogDevObjectVersion:   Dev-Enterprise (9DFFBCD6-494F-0158-E221-12823C92A888): 10
LogDevObjectVersion:   Dev-Niagara (F2AED0AC-9AFE-416F-8664-AA7FFA26D6FC): 1
LogDevObjectVersion:   Dev-Destruction (174F1F0B-B4C6-45A5-B13F-2EE8D0FB917D): 10
LogDevObjectVersion:   Dev-Physics-Ext (35F94A83-E258-406C-A318-09F59610247C): 37
LogDevObjectVersion:   Dev-PhysicsMaterial-Chaos (B68FC16E-8B1B-42E2-B453-215C058844FE): 1
LogDevObjectVersion:   Dev-CineCamera (B2E18506-4273-CFC2-A54E-F4BB758BBA07): 1
LogInit: Presizing for max 25165824 objects, including 0 objects not considered by GC, pre-allocating 0 bytes for permanent pool.
LogConfig: Applying CVar settings from Section [/Script/Engine.StreamingSettings] File [C:/Users/Angelica .DESKTOP-RM5JOAJ/Documents/Learning Multiplayer/Puzzles/Puzzles/Saved/Config/Windows/Engine.ini]
LogConfig: Setting CVar [[s.MinBulkDataSizeForAsyncLoading:131072]]
LogConfig: Setting CVar [[s.AsyncLoadingThreadEnabled:0]]
LogConfig: Setting CVar [[s.EventDrivenLoaderEnabled:1]]
LogConfig: Setting CVar [[s.WarnIfTimeLimitExceeded:0]]
LogConfig: Setting CVar [[s.TimeLimitExceededMultiplier:1.5]]
LogConfig: Setting CVar [[s.TimeLimitExceededMinTime:0.005]]
LogConfig: Setting CVar [[s.UseBackgroundLevelStreaming:1]]
LogConfig: Setting CVar [[s.PriorityAsyncLoadingExtraTime:15.0]]
LogConfig: Setting CVar [[s.LevelStreamingActorsUpdateTimeLimit:5.0]]
LogConfig: Setting CVar [[s.PriorityLevelStreamingActorsUpdateExtraTime:5.0]]
LogConfig: Setting CVar [[s.LevelStreamingComponentsRegistrationGranularity:10]]
LogConfig: Setting CVar [[s.UnregisterComponentsTimeLimit:1.0]]
LogConfig: Setting CVar [[s.LevelStreamingComponentsUnregistrationGranularity:5]]
LogConfig: Setting CVar [[s.FlushStreamingOnExit:1]]
LogInit: Object subsystem initialized
LogConfig: Setting CVar [[con.DebugEarlyDefault:1]]
LogConfig: Setting CVar [[r.setres:1280x720]]
[2020.12.17-20.20.49:406][  0]LogConfig: Setting CVar [[r.VSync:0]]
[2020.12.17-20.20.49:406][  0]LogConfig: Setting CVar [[r.RHICmdBypass:0]]
[2020.12.17-20.20.49:406][  0]LogConfig: Applying CVar settings from Section [/Script/Engine.RendererSettings] File [C:/Users/Angelica .DESKTOP-RM5JOAJ/Documents/Learning Multiplayer/Puzzles/Puzzles/Saved/Config/Windows/Engine.ini]
[2020.12.17-20.20.49:406][  0]LogConfig: Setting CVar [[r.GPUCrashDebugging:0]]
[2020.12.17-20.20.49:407][  0]LogConfig: Applying CVar settings from Section [/Script/Engine.RendererOverrideSettings] File [C:/Users/Angelica .DESKTOP-RM5JOAJ/Documents/Learning Multiplayer/Puzzles/Puzzles/Saved/Config/Windows/Engine.ini]
[2020.12.17-20.20.49:407][  0]LogConfig: Applying CVar settings from Section [/Script/Engine.StreamingSettings] File [C:/Users/Angelica .DESKTOP-RM5JOAJ/Documents/Learning Multiplayer/Puzzles/Puzzles/Saved/Config/Windows/Engine.ini]
[2020.12.17-20.20.49:407][  0]LogConfig: Setting CVar [[s.MinBulkDataSizeForAsyncLoading:131072]]
[2020.12.17-20.20.49:407][  0]LogConfig: Setting CVar [[s.AsyncLoadingThreadEnabled:0]]
[2020.12.17-20.20.49:407][  0]LogConfig: Setting CVar [[s.EventDrivenLoaderEnabled:1]]
[2020.12.17-20.20.49:407][  0]LogConfig: Setting CVar [[s.WarnIfTimeLimitExceeded:0]]
[2020.12.17-20.20.49:407][  0]LogConfig: Setting CVar [[s.TimeLimitExceededMultiplier:1.5]]
[2020.12.17-20.20.49:407][  0]LogConfig: Setting CVar [[s.TimeLimitExceededMinTime:0.005]]
[2020.12.17-20.20.49:407][  0]LogConfig: Setting CVar [[s.UseBackgroundLevelStreaming:1]]
[2020.12.17-20.20.49:407][  0]LogConfig: Setting CVar [[s.PriorityAsyncLoadingExtraTime:15.0]]
[2020.12.17-20.20.49:407][  0]LogConfig: Setting CVar [[s.LevelStreamingActorsUpdateTimeLimit:5.0]]
[2020.12.17-20.20.49:407][  0]LogConfig: Setting CVar [[s.PriorityLevelStreamingActorsUpdateExtraTime:5.0]]
[2020.12.17-20.20.49:407][  0]LogConfig: Setting CVar [[s.LevelStreamingComponentsRegistrationGranularity:10]]
[2020.12.17-20.20.49:407][  0]LogConfig: Setting CVar [[s.UnregisterComponentsTimeLimit:1.0]]
[2020.12.17-20.20.49:407][  0]LogConfig: Setting CVar [[s.LevelStreamingComponentsUnregistrationGranularity:5]]
[2020.12.17-20.20.49:407][  0]LogConfig: Setting CVar [[s.FlushStreamingOnExit:1]]
[2020.12.17-20.20.49:407][  0]LogConfig: Applying CVar settings from Section [/Script/Engine.GarbageCollectionSettings] File [C:/Users/Angelica .DESKTOP-RM5JOAJ/Documents/Learning Multiplayer/Puzzles/Puzzles/Saved/Config/Windows/Engine.ini]
[2020.12.17-20.20.49:407][  0]LogConfig: Setting CVar [[gc.MaxObjectsNotConsideredByGC:1]]
[2020.12.17-20.20.49:407][  0]LogConfig: Setting CVar [[gc.SizeOfPermanentObjectPool:0]]
[2020.12.17-20.20.49:407][  0]LogConfig: Setting CVar [[gc.FlushStreamingOnGC:0]]
[2020.12.17-20.20.49:407][  0]LogConfig: Setting CVar [[gc.NumRetriesBeforeForcingGC:10]]
[2020.12.17-20.20.49:407][  0]LogConfig: Setting CVar [[gc.AllowParallelGC:1]]
[2020.12.17-20.20.49:407][  0]LogConfig: Setting CVar [[gc.TimeBetweenPurgingPendingKillObjects:61.1]]
[2020.12.17-20.20.49:407][  0]LogConfig: Setting CVar [[gc.MaxObjectsInEditor:25165824]]
[2020.12.17-20.20.49:407][  0]LogConfig: Setting CVar [[gc.IncrementalBeginDestroyEnabled:1]]
[2020.12.17-20.20.49:407][  0]LogConfig: Setting CVar [[gc.CreateGCClusters:1]]
[2020.12.17-20.20.49:408][  0]LogConfig: Setting CVar [[gc.MinGCClusterSize:5]]
[2020.12.17-20.20.49:408][  0]LogConfig: Setting CVar [[gc.ActorClusteringEnabled:0]]
[2020.12.17-20.20.49:408][  0]LogConfig: Setting CVar [[gc.BlueprintClusteringEnabled:0]]
[2020.12.17-20.20.49:408][  0]LogConfig: Setting CVar [[gc.UseDisregardForGCOnDedicatedServers:0]]
[2020.12.17-20.20.49:408][  0]LogConfig: Applying CVar settings from Section [/Script/Engine.NetworkSettings] File [C:/Users/Angelica .DESKTOP-RM5JOAJ/Documents/Learning Multiplayer/Puzzles/Puzzles/Saved/Config/Windows/Engine.ini]
[2020.12.17-20.20.49:408][  0]LogConfig: Applying CVar settings from Section [/Script/UnrealEd.CookerSettings] File [C:/Users/Angelica .DESKTOP-RM5JOAJ/Documents/Learning Multiplayer/Puzzles/Puzzles/Saved/Config/Windows/Engine.ini]
[2020.12.17-20.20.49:415][  0]LogConfig: Applying CVar settings from Section [ViewDistanceQuality@3] File [C:/Users/Angelica .DESKTOP-RM5JOAJ/Documents/Learning Multiplayer/Puzzles/Puzzles/Saved/Config/Windows/Scalability.ini]
[2020.12.17-20.20.49:415][  0]LogConfig: Setting CVar [[r.SkeletalMeshLODBias:0]]
[2020.12.17-20.20.49:415][  0]LogConfig: Setting CVar [[r.ViewDistanceScale:1.0]]
[2020.12.17-20.20.49:415][  0]LogConfig: Applying CVar settings from Section [AntiAliasingQuality@3] File [C:/Users/Angelica .DESKTOP-RM5JOAJ/Documents/Learning Multiplayer/Puzzles/Puzzles/Saved/Config/Windows/Scalability.ini]
[2020.12.17-20.20.49:415][  0]LogConfig: Setting CVar [[r.PostProcessAAQuality:4]]
[2020.12.17-20.20.49:415][  0]LogConfig: Applying CVar settings from Section [ShadowQuality@3] File [C:/Users/Angelica .DESKTOP-RM5JOAJ/Documents/Learning Multiplayer/Puzzles/Puzzles/Saved/Config/Windows/Scalability.ini]
[2020.12.17-20.20.49:416][  0]LogConfig: Setting CVar [[r.LightFunctionQuality:1]]
[2020.12.17-20.20.49:416][  0]LogConfig: Setting CVar [[r.ShadowQuality:5]]
[2020.12.17-20.20.49:416][  0]LogConfig: Setting CVar [[r.Shadow.CSM.MaxCascades:10]]
[2020.12.17-20.20.49:416][  0]LogConfig: Setting CVar [[r.Shadow.MaxResolution:2048]]
[2020.12.17-20.20.49:416][  0]LogConfig: Setting CVar [[r.Shadow.MaxCSMResolution:2048]]
[2020.12.17-20.20.49:416][  0]LogConfig: Setting CVar [[r.Shadow.RadiusThreshold:0.01]]
[2020.12.17-20.20.49:416][  0]LogConfig: Setting CVar [[r.Shadow.DistanceScale:1.0]]
[2020.12.17-20.20.49:416][  0]LogConfig: Setting CVar [[r.Shadow.CSM.TransitionScale:1.0]]
[2020.12.17-20.20.49:416][  0]LogConfig: Setting CVar [[r.Shadow.PreShadowResolutionFactor:1.0]]
[2020.12.17-20.20.49:416][  0]LogConfig: Setting CVar [[r.DistanceFieldShadowing:1]]
[2020.12.17-20.20.49:416][  0]LogConfig: Setting CVar [[r.DistanceFieldAO:1]]
[2020.12.17-20.20.49:416][  0]LogConfig: Setting CVar [[r.AOQuality:2]]
[2020.12.17-20.20.49:416][  0]LogConfig: Setting CVar [[r.VolumetricFog:1]]
[2020.12.17-20.20.49:416][  0]LogConfig: Setting CVar [[r.VolumetricFog.GridPixelSize:8]]
[2020.12.17-20.20.49:416][  0]LogConfig: Setting CVar [[r.VolumetricFog.GridSizeZ:128]]
[2020.12.17-20.20.49:416][  0]LogConfig: Setting CVar [[r.VolumetricFog.HistoryMissSupersampleCount:4]]
[2020.12.17-20.20.49:416][  0]LogConfig: Setting CVar [[r.LightMaxDrawDistanceScale:1]]
[2020.12.17-20.20.49:416][  0]LogConfig: Setting CVar [[r.CapsuleShadows:1]]
[2020.12.17-20.20.49:416][  0]LogConfig: Applying CVar settings from Section [PostProcessQuality@3] File [C:/Users/Angelica .DESKTOP-RM5JOAJ/Documents/Learning Multiplayer/Puzzles/Puzzles/Saved/Config/Windows/Scalability.ini]
[2020.12.17-20.20.49:416][  0]LogConfig: Setting CVar [[r.MotionBlurQuality:4]]
[2020.12.17-20.20.49:416][  0]LogConfig: Setting CVar [[r.AmbientOcclusionMipLevelFactor:0.4]]
[2020.12.17-20.20.49:416][  0]LogConfig: Setting CVar [[r.AmbientOcclusionMaxQuality:100]]
[2020.12.17-20.20.49:416][  0]LogConfig: Setting CVar [[r.AmbientOcclusionLevels:-1]]
[2020.12.17-20.20.49:416][  0]LogConfig: Setting CVar [[r.AmbientOcclusionRadiusScale:1.0]]
[2020.12.17-20.20.49:416][  0]LogConfig: Setting CVar [[r.DepthOfFieldQuality:2]]
[2020.12.17-20.20.49:416][  0]LogConfig: Setting CVar [[r.RenderTargetPoolMin:400]]
[2020.12.17-20.20.49:416][  0]LogConfig: Setting CVar [[r.LensFlareQuality:2]]
[2020.12.17-20.20.49:416][  0]LogConfig: Setting CVar [[r.SceneColorFringeQuality:1]]
[2020.12.17-20.20.49:416][  0]LogConfig: Setting CVar [[r.EyeAdaptationQuality:2]]
[2020.12.17-20.20.49:416][  0]LogConfig: Setting CVar [[r.BloomQuality:5]]
[2020.12.17-20.20.49:416][  0]LogConfig: Setting CVar [[r.FastBlurThreshold:100]]
[2020.12.17-20.20.49:416][  0]LogConfig: Setting CVar [[r.Upscale.Quality:3]]
[2020.12.17-20.20.49:416][  0]LogConfig: Setting CVar [[r.Tonemapper.GrainQuantization:1]]
[2020.12.17-20.20.49:416][  0]LogConfig: Setting CVar [[r.LightShaftQuality:1]]
[2020.12.17-20.20.49:416][  0]LogConfig: Setting CVar [[r.Filter.SizeScale:1]]
[2020.12.17-20.20.49:416][  0]LogConfig: Setting CVar [[r.Tonemapper.Quality:5]]
[2020.12.17-20.20.49:416][  0]LogConfig: Setting CVar [[r.DOF.Gather.AccumulatorQuality:1        ; higher gathering accumulator quality]]
[2020.12.17-20.20.49:416][  0]LogConfig: Setting CVar [[r.DOF.Gather.PostfilterMethod:1          ; Median3x3 postfilering method]]
[2020.12.17-20.20.49:417][  0]LogConfig: Setting CVar [[r.DOF.Gather.EnableBokehSettings:0       ; no bokeh simulation when gathering]]
[2020.12.17-20.20.49:417][  0]LogConfig: Setting CVar [[r.DOF.Gather.RingCount:4                 ; medium number of samples when gathering]]
[2020.12.17-20.20.49:417][  0]LogConfig: Setting CVar [[r.DOF.Scatter.ForegroundCompositing:1    ; additive foreground scattering]]
[2020.12.17-20.20.49:417][  0]LogConfig: Setting CVar [[r.DOF.Scatter.BackgroundCompositing:2    ; additive background scattering]]
[2020.12.17-20.20.49:417][  0]LogConfig: Setting CVar [[r.DOF.Scatter.EnableBokehSettings:1      ; bokeh simulation when scattering]]
[2020.12.17-20.20.49:417][  0]LogConfig: Setting CVar [[r.DOF.Scatter.MaxSpriteRatio:0.1         ; only a maximum of 10% of scattered bokeh]]
[2020.12.17-20.20.49:417][  0]LogConfig: Setting CVar [[r.DOF.Recombine.Quality:1                ; cheap slight out of focus]]
[2020.12.17-20.20.49:417][  0]LogConfig: Setting CVar [[r.DOF.Recombine.EnableBokehSettings:0    ; no bokeh simulation on slight out of focus]]
[2020.12.17-20.20.49:417][  0]LogConfig: Setting CVar [[r.DOF.TemporalAAQuality:1                ; more stable temporal accumulation]]
[2020.12.17-20.20.49:417][  0]LogConfig: Setting CVar [[r.DOF.Kernel.MaxForegroundRadius:0.025]]
[2020.12.17-20.20.49:417][  0]LogConfig: Setting CVar [[r.DOF.Kernel.MaxBackgroundRadius:0.025]]
[2020.12.17-20.20.49:417][  0]LogConfig: Applying CVar settings from Section [TextureQuality@3] File [C:/Users/Angelica .DESKTOP-RM5JOAJ/Documents/Learning Multiplayer/Puzzles/Puzzles/Saved/Config/Windows/Scalability.ini]
[2020.12.17-20.20.49:417][  0]LogConfig: Setting CVar [[r.Streaming.MipBias:0]]
[2020.12.17-20.20.49:417][  0]LogConfig: Setting CVar [[r.Streaming.AmortizeCPUToGPUCopy:0]]
[2020.12.17-20.20.49:417][  0]LogConfig: Setting CVar [[r.Streaming.MaxNumTexturesToStreamPerFrame:0]]
[2020.12.17-20.20.49:417][  0]LogConfig: Setting CVar [[r.Streaming.Boost:1]]
[2020.12.17-20.20.49:417][  0]LogConfig: Setting CVar [[r.MaxAnisotropy:8]]
[2020.12.17-20.20.49:417][  0]LogConfig: Setting CVar [[r.VT.MaxAnisotropy:8]]
[2020.12.17-20.20.49:417][  0]LogConfig: Setting CVar [[r.Streaming.LimitPoolSizeToVRAM:0]]
[2020.12.17-20.20.49:417][  0]LogConfig: Setting CVar [[r.Streaming.PoolSize:1000]]
[2020.12.17-20.20.49:417][  0]LogConfig: Setting CVar [[r.Streaming.MaxEffectiveScreenSize:0]]
[2020.12.17-20.20.49:417][  0]LogConfig: Applying CVar settings from Section [EffectsQuality@3] File [C:/Users/Angelica .DESKTOP-RM5JOAJ/Documents/Learning Multiplayer/Puzzles/Puzzles/Saved/Config/Windows/Scalability.ini]
[2020.12.17-20.20.49:417][  0]LogConfig: Setting CVar [[r.TranslucencyLightingVolumeDim:64]]
[2020.12.17-20.20.49:417][  0]LogConfig: Setting CVar [[r.RefractionQuality:2]]
[2020.12.17-20.20.49:417][  0]LogConfig: Setting CVar [[r.SSR.Quality:3]]
[2020.12.17-20.20.49:417][  0]LogConfig: Setting CVar [[r.SSR.HalfResSceneColor:0]]
[2020.12.17-20.20.49:417][  0]LogConfig: Setting CVar [[r.SceneColorFormat:4]]
[2020.12.17-20.20.49:417][  0]LogConfig: Setting CVar [[r.DetailMode:2]]
[2020.12.17-20.20.49:417][  0]LogConfig: Setting CVar [[r.TranslucencyVolumeBlur:1]]
[2020.12.17-20.20.49:417][  0]LogConfig: Setting CVar [[r.MaterialQualityLevel:1 ; High quality]]
[2020.12.17-20.20.49:417][  0]LogConfig: Setting CVar [[r.SSS.Scale:1]]
[2020.12.17-20.20.49:417][  0]LogConfig: Setting CVar [[r.SSS.SampleSet:2]]
[2020.12.17-20.20.49:417][  0]LogConfig: Setting CVar [[r.SSS.Quality:1]]
[2020.12.17-20.20.49:417][  0]LogConfig: Setting CVar [[r.SSS.HalfRes:0]]
[2020.12.17-20.20.49:417][  0]LogConfig: Setting CVar [[r.SSGI.Quality:3]]
[2020.12.17-20.20.49:417][  0]LogConfig: Setting CVar [[r.EmitterSpawnRateScale:1.0]]
[2020.12.17-20.20.49:417][  0]LogConfig: Setting CVar [[r.ParticleLightQuality:2]]
[2020.12.17-20.20.49:417][  0]LogConfig: Setting CVar [[r.SkyAtmosphere.AerialPerspectiveLUT.FastApplyOnOpaque:1 ; Always have FastSkyLUT 1 in this case to avoid wrong sky]]
[2020.12.17-20.20.49:417][  0]LogConfig: Setting CVar [[r.SkyAtmosphere.AerialPerspectiveLUT.SampleCountPerSlice:1]]
[2020.12.17-20.20.49:417][  0]LogConfig: Setting CVar [[r.SkyAtmosphere.AerialPerspectiveLUT.DepthResolution:16.0]]
[2020.12.17-20.20.49:417][  0]LogConfig: Setting CVar [[r.SkyAtmosphere.FastSkyLUT:1]]
[2020.12.17-20.20.49:417][  0]LogConfig: Setting CVar [[r.SkyAtmosphere.FastSkyLUT.SampleCountMin:4.0]]
[2020.12.17-20.20.49:417][  0]LogConfig: Setting CVar [[r.SkyAtmosphere.FastSkyLUT.SampleCountMax:32.0]]
[2020.12.17-20.20.49:417][  0]LogConfig: Setting CVar [[r.SkyAtmosphere.SampleCountMin:4.0]]
[2020.12.17-20.20.49:417][  0]LogConfig: Setting CVar [[r.SkyAtmosphere.SampleCountMax:32.0]]
[2020.12.17-20.20.49:417][  0]LogConfig: Setting CVar [[r.SkyAtmosphere.TransmittanceLUT.UseSmallFormat:0]]
[2020.12.17-20.20.49:417][  0]LogConfig: Setting CVar [[r.SkyAtmosphere.TransmittanceLUT.SampleCount:10.0]]
[2020.12.17-20.20.49:417][  0]LogConfig: Setting CVar [[r.SkyAtmosphere.MultiScatteringLUT.SampleCount:15.0]]
[2020.12.17-20.20.49:417][  0]LogConfig: Applying CVar settings from Section [FoliageQuality@3] File [C:/Users/Angelica .DESKTOP-RM5JOAJ/Documents/Learning Multiplayer/Puzzles/Puzzles/Saved/Config/Windows/Scalability.ini]
[2020.12.17-20.20.49:418][  0]LogConfig: Setting CVar [[foliage.DensityScale:1.0]]
[2020.12.17-20.20.49:418][  0]LogConfig: Setting CVar [[grass.DensityScale:1.0]]
[2020.12.17-20.20.49:418][  0]LogConfig: Applying CVar settings from Section [ShadingQuality@3] File [C:/Users/Angelica .DESKTOP-RM5JOAJ/Documents/Learning Multiplayer/Puzzles/Puzzles/Saved/Config/Windows/Scalability.ini]
[2020.12.17-20.20.49:418][  0]LogConfig: Setting CVar [[r.HairStrands.SkyLighting.SampleCount:16]]
[2020.12.17-20.20.49:418][  0]LogConfig: Setting CVar [[r.HairStrands.SkyLighting.JitterIntegration:0]]
[2020.12.17-20.20.49:418][  0]LogConfig: Setting CVar [[r.HairStrands.SkyAO.SampleCount:16]]
[2020.12.17-20.20.49:418][  0]LogConfig: Setting CVar [[r.HairStrands.DeepShadow.SuperSampling:0]]
[2020.12.17-20.20.49:418][  0]LogConfig: Setting CVar [[r.HairStrands.VisibilityPPLL:0]]
[2020.12.17-20.20.49:418][  0]LogConfig: Setting CVar [[r.HairStrands.RasterizationScale:0.5]]
[2020.12.17-20.20.49:418][  0]LogConfig: Setting CVar [[r.HairStrands.VelocityRasterizationScale:1]]
[2020.12.17-20.20.49:418][  0]LogInit: Selected Device Profile: [Windows]
[2020.12.17-20.20.49:418][  0]LogInit: Applying CVar settings loaded from the selected device profile: [Windows]
[2020.12.17-20.20.49:418][  0]LogHAL: Display: Platform has ~ 16 GB [17052516352 / 17179869184 / 16], which maps to Larger [LargestMinGB=32, LargerMinGB=12, DefaultMinGB=8, SmallerMinGB=6, SmallestMinGB=0)
[2020.12.17-20.20.49:418][  0]LogInit: Going up to parent DeviceProfile []
[2020.12.17-20.20.49:418][  0]LogConfig: Applying CVar settings from Section [ViewDistanceQuality@2] File [C:/Users/Angelica .DESKTOP-RM5JOAJ/Documents/Learning Multiplayer/Puzzles/Puzzles/Saved/Config/Windows/Scalability.ini]
[2020.12.17-20.20.49:418][  0]LogConfig: Setting CVar [[r.SkeletalMeshLODBias:0]]
[2020.12.17-20.20.49:418][  0]LogConfig: Setting CVar [[r.ViewDistanceScale:0.8]]
[2020.12.17-20.20.49:418][  0]LogConfig: Applying CVar settings from Section [AntiAliasingQuality@2] File [C:/Users/Angelica .DESKTOP-RM5JOAJ/Documents/Learning Multiplayer/Puzzles/Puzzles/Saved/Config/Windows/Scalability.ini]
[2020.12.17-20.20.49:418][  0]LogConfig: Setting CVar [[r.PostProcessAAQuality:3]]
[2020.12.17-20.20.49:418][  0]LogConfig: Applying CVar settings from Section [ShadowQuality@2] File [C:/Users/Angelica .DESKTOP-RM5JOAJ/Documents/Learning Multiplayer/Puzzles/Puzzles/Saved/Config/Windows/Scalability.ini]
[2020.12.17-20.20.49:418][  0]LogConfig: Setting CVar [[r.LightFunctionQuality:1]]
[2020.12.17-20.20.49:418][  0]LogConfig: Setting CVar [[r.ShadowQuality:5]]
[2020.12.17-20.20.49:418][  0]LogConfig: Setting CVar [[r.Shadow.CSM.MaxCascades:4]]
[2020.12.17-20.20.49:418][  0]LogConfig: Setting CVar [[r.Shadow.MaxResolution:1024]]
[2020.12.17-20.20.49:418][  0]LogConfig: Setting CVar [[r.Shadow.MaxCSMResolution:2048]]
[2020.12.17-20.20.49:418][  0]LogConfig: Setting CVar [[r.Shadow.RadiusThreshold:0.04]]
[2020.12.17-20.20.49:418][  0]LogConfig: Setting CVar [[r.Shadow.DistanceScale:0.85]]
[2020.12.17-20.20.49:418][  0]LogConfig: Setting CVar [[r.Shadow.CSM.TransitionScale:0.8]]
[2020.12.17-20.20.49:418][  0]LogConfig: Setting CVar [[r.Shadow.PreShadowResolutionFactor:0.5]]
[2020.12.17-20.20.49:418][  0]LogConfig: Setting CVar [[r.DistanceFieldShadowing:1]]
[2020.12.17-20.20.49:418][  0]LogConfig: Setting CVar [[r.DistanceFieldAO:1]]
[2020.12.17-20.20.49:418][  0]LogConfig: Setting CVar [[r.AOQuality:1]]
[2020.12.17-20.20.49:418][  0]LogConfig: Setting CVar [[r.VolumetricFog:1]]
[2020.12.17-20.20.49:418][  0]LogConfig: Setting CVar [[r.VolumetricFog.GridPixelSize:16]]
[2020.12.17-20.20.49:418][  0]LogConfig: Setting CVar [[r.VolumetricFog.GridSizeZ:64]]
[2020.12.17-20.20.49:418][  0]LogConfig: Setting CVar [[r.VolumetricFog.HistoryMissSupersampleCount:4]]
[2020.12.17-20.20.49:418][  0]LogConfig: Setting CVar [[r.LightMaxDrawDistanceScale:1]]
[2020.12.17-20.20.49:418][  0]LogConfig: Setting CVar [[r.CapsuleShadows:1]]
[2020.12.17-20.20.49:418][  0]LogConfig: Applying CVar settings from Section [PostProcessQuality@2] File [C:/Users/Angelica .DESKTOP-RM5JOAJ/Documents/Learning Multiplayer/Puzzles/Puzzles/Saved/Config/Windows/Scalability.ini]
[2020.12.17-20.20.49:418][  0]LogConfig: Setting CVar [[r.MotionBlurQuality:3]]
[2020.12.17-20.20.49:418][  0]LogConfig: Setting CVar [[r.AmbientOcclusionMipLevelFactor:0.6]]
[2020.12.17-20.20.49:418][  0]LogConfig: Setting CVar [[r.AmbientOcclusionMaxQuality:100]]
[2020.12.17-20.20.49:419][  0]LogConfig: Setting CVar [[r.AmbientOcclusionLevels:-1]]
[2020.12.17-20.20.49:419][  0]LogConfig: Setting CVar [[r.AmbientOcclusionRadiusScale:1.5]]
[2020.12.17-20.20.49:419][  0]LogConfig: Setting CVar [[r.DepthOfFieldQuality:2]]
[2020.12.17-20.20.49:419][  0]LogConfig: Setting CVar [[r.RenderTargetPoolMin:400]]
[2020.12.17-20.20.49:419][  0]LogConfig: Setting CVar [[r.LensFlareQuality:2]]
[2020.12.17-20.20.49:419][  0]LogConfig: Setting CVar [[r.SceneColorFringeQuality:1]]
[2020.12.17-20.20.49:419][  0]LogConfig: Setting CVar [[r.EyeAdaptationQuality:2]]
[2020.12.17-20.20.49:419][  0]LogConfig: Setting CVar [[r.BloomQuality:5]]
[2020.12.17-20.20.49:419][  0]LogConfig: Setting CVar [[r.FastBlurThreshold:3]]
[2020.12.17-20.20.49:419][  0]LogConfig: Setting CVar [[r.Upscale.Quality:2]]
[2020.12.17-20.20.49:419][  0]LogConfig: Setting CVar [[r.Tonemapper.GrainQuantization:1]]
[2020.12.17-20.20.49:419][  0]LogConfig: Setting CVar [[r.LightShaftQuality:1]]
[2020.12.17-20.20.49:419][  0]LogConfig: Setting CVar [[r.Filter.SizeScale:0.8]]
[2020.12.17-20.20.49:419][  0]LogConfig: Setting CVar [[r.Tonemapper.Quality:5]]
[2020.12.17-20.20.49:419][  0]LogConfig: Setting CVar [[r.DOF.Gather.AccumulatorQuality:0        ; lower gathering accumulator quality]]
[2020.12.17-20.20.49:419][  0]LogConfig: Setting CVar [[r.DOF.Gather.PostfilterMethod:2          ; Max3x3 postfilering method]]
[2020.12.17-20.20.49:419][  0]LogConfig: Setting CVar [[r.DOF.Gather.EnableBokehSettings:0       ; no bokeh simulation when gathering]]
[2020.12.17-20.20.49:420][  0]LogConfig: Setting CVar [[r.DOF.Gather.RingCount:4                 ; medium number of samples when gathering]]
[2020.12.17-20.20.49:420][  0]LogConfig: Setting CVar [[r.DOF.Scatter.ForegroundCompositing:1    ; additive foreground scattering]]
[2020.12.17-20.20.49:420][  0]LogConfig: Setting CVar [[r.DOF.Scatter.BackgroundCompositing:1    ; no background occlusion]]
[2020.12.17-20.20.49:420][  0]LogConfig: Setting CVar [[r.DOF.Scatter.EnableBokehSettings:0      ; no bokeh simulation when scattering]]
[2020.12.17-20.20.49:420][  0]LogConfig: Setting CVar [[r.DOF.Scatter.MaxSpriteRatio:0.04        ; only a maximum of 4% of scattered bokeh]]
[2020.12.17-20.20.49:420][  0]LogConfig: Setting CVar [[r.DOF.Recombine.Quality:0                ; no slight out of focus]]
[2020.12.17-20.20.49:420][  0]LogConfig: Setting CVar [[r.DOF.TemporalAAQuality:0                ; faster temporal accumulation]]
[2020.12.17-20.20.49:420][  0]LogConfig: Setting CVar [[r.DOF.Kernel.MaxForegroundRadius:0.012   ; required because of AccumulatorQuality=0]]
[2020.12.17-20.20.49:420][  0]LogConfig: Setting CVar [[r.DOF.Kernel.MaxBackgroundRadius:0.012   ; required because of AccumulatorQuality=0]]
[2020.12.17-20.20.49:420][  0]LogConfig: Applying CVar settings from Section [TextureQuality@2] File [C:/Users/Angelica .DESKTOP-RM5JOAJ/Documents/Learning Multiplayer/Puzzles/Puzzles/Saved/Config/Windows/Scalability.ini]
[2020.12.17-20.20.49:420][  0]LogConfig: Setting CVar [[r.Streaming.MipBias:0]]
[2020.12.17-20.20.49:420][  0]LogConfig: Setting CVar [[r.Streaming.AmortizeCPUToGPUCopy:0]]
[2020.12.17-20.20.49:420][  0]LogConfig: Setting CVar [[r.Streaming.MaxNumTexturesToStreamPerFrame:0]]
[2020.12.17-20.20.49:420][  0]LogConfig: Setting CVar [[r.Streaming.Boost:1]]
[2020.12.17-20.20.49:420][  0]LogConfig: Setting CVar [[r.MaxAnisotropy:4]]
[2020.12.17-20.20.49:420][  0]LogConfig: Setting CVar [[r.VT.MaxAnisotropy:8]]
[2020.12.17-20.20.49:420][  0]LogConfig: Setting CVar [[r.Streaming.LimitPoolSizeToVRAM:1]]
[2020.12.17-20.20.49:420][  0]LogConfig: Setting CVar [[r.Streaming.PoolSize:800]]
[2020.12.17-20.20.49:420][  0]LogConfig: Setting CVar [[r.Streaming.MaxEffectiveScreenSize:0]]
[2020.12.17-20.20.49:420][  0]LogConfig: Applying CVar settings from Section [EffectsQuality@2] File [C:/Users/Angelica .DESKTOP-RM5JOAJ/Documents/Learning Multiplayer/Puzzles/Puzzles/Saved/Config/Windows/Scalability.ini]
[2020.12.17-20.20.49:420][  0]LogConfig: Setting CVar [[r.TranslucencyLightingVolumeDim:48]]
[2020.12.17-20.20.49:420][  0]LogConfig: Setting CVar [[r.RefractionQuality:2]]
[2020.12.17-20.20.49:420][  0]LogConfig: Setting CVar [[r.SSR.Quality:2]]
[2020.12.17-20.20.49:420][  0]LogConfig: Setting CVar [[r.SSR.HalfResSceneColor:1]]
[2020.12.17-20.20.49:420][  0]LogConfig: Setting CVar [[r.SceneColorFormat:3]]
[2020.12.17-20.20.49:420][  0]LogConfig: Setting CVar [[r.DetailMode:1]]
[2020.12.17-20.20.49:421][  0]LogConfig: Setting CVar [[r.TranslucencyVolumeBlur:1]]
[2020.12.17-20.20.49:421][  0]LogConfig: Setting CVar [[r.MaterialQualityLevel:1 ; High quality]]
[2020.12.17-20.20.49:421][  0]LogConfig: Setting CVar [[r.SSS.Scale:1]]
[2020.12.17-20.20.49:421][  0]LogConfig: Setting CVar [[r.SSS.SampleSet:1]]
[2020.12.17-20.20.49:421][  0]LogConfig: Setting CVar [[r.SSS.Quality:-1]]
[2020.12.17-20.20.49:421][  0]LogConfig: Setting CVar [[r.SSS.HalfRes:1]]
[2020.12.17-20.20.49:421][  0]LogConfig: Setting CVar [[r.SSGI.Quality:2]]
[2020.12.17-20.20.49:421][  0]LogConfig: Setting CVar [[r.EmitterSpawnRateScale:0.5]]
[2020.12.17-20.20.49:421][  0]LogConfig: Setting CVar [[r.ParticleLightQuality:1]]
[2020.12.17-20.20.49:421][  0]LogConfig: Setting CVar [[r.SkyAtmosphere.AerialPerspectiveLUT.FastApplyOnOpaque:1 ; Always have FastSkyLUT 1 in this case to avoid wrong sky]]
[2020.12.17-20.20.49:421][  0]LogConfig: Setting CVar [[r.SkyAtmosphere.AerialPerspectiveLUT.SampleCountPerSlice:1]]
[2020.12.17-20.20.49:421][  0]LogConfig: Setting CVar [[r.SkyAtmosphere.AerialPerspectiveLUT.DepthResolution:16.0]]
[2020.12.17-20.20.49:421][  0]LogConfig: Setting CVar [[r.SkyAtmosphere.FastSkyLUT:1]]
[2020.12.17-20.20.49:421][  0]LogConfig: Setting CVar [[r.SkyAtmosphere.FastSkyLUT.SampleCountMin:4.0]]
[2020.12.17-20.20.49:421][  0]LogConfig: Setting CVar [[r.SkyAtmosphere.FastSkyLUT.SampleCountMax:32.0]]
[2020.12.17-20.20.49:421][  0]LogConfig: Setting CVar [[r.SkyAtmosphere.SampleCountMin:4.0]]
[2020.12.17-20.20.49:421][  0]LogConfig: Setting CVar [[r.SkyAtmosphere.SampleCountMax:32.0]]
[2020.12.17-20.20.49:421][  0]LogConfig: Setting CVar [[r.SkyAtmosphere.TransmittanceLUT.UseSmallFormat:0]]
[2020.12.17-20.20.49:421][  0]LogConfig: Setting CVar [[r.SkyAtmosphere.TransmittanceLUT.SampleCount:10.0]]
[2020.12.17-20.20.49:421][  0]LogConfig: Setting CVar [[r.SkyAtmosphere.MultiScatteringLUT.SampleCount:15.0]]
[2020.12.17-20.20.49:421][  0]LogConfig: Applying CVar settings from Section [FoliageQuality@2] File [C:/Users/Angelica .DESKTOP-RM5JOAJ/Documents/Learning Multiplayer/Puzzles/Puzzles/Saved/Config/Windows/Scalability.ini]
[2020.12.17-20.20.49:421][  0]LogConfig: Setting CVar [[foliage.DensityScale:0.8]]
[2020.12.17-20.20.49:421][  0]LogConfig: Setting CVar [[grass.DensityScale:0.8]]
[2020.12.17-20.20.49:421][  0]LogConfig: Applying CVar settings from Section [ShadingQuality@2] File [C:/Users/Angelica .DESKTOP-RM5JOAJ/Documents/Learning Multiplayer/Puzzles/Puzzles/Saved/Config/Windows/Scalability.ini]
[2020.12.17-20.20.49:421][  0]LogConfig: Setting CVar [[r.HairStrands.SkyLighting.SampleCount:16]]
[2020.12.17-20.20.49:421][  0]LogConfig: Setting CVar [[r.HairStrands.SkyLighting.JitterIntegration:0]]
[2020.12.17-20.20.49:421][  0]LogConfig: Setting CVar [[r.HairStrands.SkyAO.SampleCount:16]]
[2020.12.17-20.20.49:421][  0]LogConfig: Setting CVar [[r.HairStrands.DeepShadow.SuperSampling:0]]
[2020.12.17-20.20.49:421][  0]LogConfig: Setting CVar [[r.HairStrands.VisibilityPPLL:0]]
[2020.12.17-20.20.49:421][  0]LogConfig: Setting CVar [[r.HairStrands.RasterizationScale:0.5]]
[2020.12.17-20.20.49:421][  0]LogConfig: Setting CVar [[r.HairStrands.VelocityRasterizationScale:1]]
[2020.12.17-20.20.49:421][  0]LogConfig: Applying CVar settings from Section [Startup] File [../../../Engine/Config/ConsoleVariables.ini]
[2020.12.17-20.20.49:422][  0]LogConfig: Setting CVar [[net.UseAdaptiveNetUpdateFrequency:0]]
[2020.12.17-20.20.49:422][  0]LogConfig: Setting CVar [[p.chaos.AllowCreatePhysxBodies:1]]
[2020.12.17-20.20.49:422][  0]LogConfig: Setting CVar [[fx.SkipVectorVMBackendOptimizations:1]]
[2020.12.17-20.20.49:422][  0]LogConfig: Applying CVar settings from Section [ConsoleVariables] File [C:/Users/Angelica .DESKTOP-RM5JOAJ/Documents/Learning Multiplayer/Puzzles/Puzzles/Saved/Config/Windows/Engine.ini]
[2020.12.17-20.20.49:422][  0]LogInit: Computer: SKETCH-PC
[2020.12.17-20.20.49:422][  0]LogInit: User: Angelica
[2020.12.17-20.20.49:422][  0]LogInit: CPU Page size=4096, Cores=2
[2020.12.17-20.20.49:423][  0]LogInit: High frequency timer resolution =10.000000 MHz
[2020.12.17-20.20.49:423][  0]LogMemory: Memory total: Physical=15.9GB (16GB approx)
[2020.12.17-20.20.49:423][  0]LogMemory: Platform Memory Stats for Windows
[2020.12.17-20.20.49:423][  0]LogMemory: Process Physical Memory: 114.39 MB used, 114.40 MB peak
[2020.12.17-20.20.49:423][  0]LogMemory: Process Virtual Memory: 97.14 MB used, 97.14 MB peak
[2020.12.17-20.20.49:423][  0]LogMemory: Physical Memory: 7060.13 MB used,  9202.42 MB free, 16262.55 MB total
[2020.12.17-20.20.49:423][  0]LogMemory: Virtual Memory: 5124.82 MB used,  134212600.00 MB free, 134217728.00 MB total
[2020.12.17-20.20.49:436][  0]LogWindows: WindowsPlatformFeatures enabled
[2020.12.17-20.20.49:513][  0]LogInit: Physics initialised using underlying interface: PhysX
[2020.12.17-20.20.49:515][  0]LogInit: Using OS detected language (en-US).
[2020.12.17-20.20.49:515][  0]LogInit: Using OS detected locale (en-US).
[2020.12.17-20.20.49:524][  0]LogTextLocalizationManager: No specific localization for 'en-US' exists, so the 'en' localization will be used.
[2020.12.17-20.20.49:974][  0]LogInit: Setting process to per monitor DPI aware
[2020.12.17-20.20.50:061][  0]LogSlate: New Slate User Created.  User Index 0, Is Virtual User: 0
[2020.12.17-20.20.50:061][  0]LogSlate: Slate User Registered.  User Index 0, Is Virtual User: 0
[2020.12.17-20.20.50:451][  0]LogHMD: Failed to initialize OpenVR with code 110
[2020.12.17-20.20.50:451][  0]LogD3D11RHI: D3D11 min allowed feature level: 11_0
[2020.12.17-20.20.50:451][  0]LogD3D11RHI: D3D11 max allowed feature level: 11_0
[2020.12.17-20.20.50:452][  0]LogD3D11RHI: D3D11 adapters:
[2020.12.17-20.20.50:731][  0]LogD3D11RHI:    0. 'Intel(R) HD Graphics 620' (Feature Level 11_0)
[2020.12.17-20.20.50:731][  0]LogD3D11RHI:       128/0/8131 MB DedicatedVideo/DedicatedSystem/SharedSystem, Outputs:2, VendorId:0x8086
[2020.12.17-20.20.50:737][  0]LogD3D11RHI:    1. 'Microsoft Basic Render Driver' (Feature Level 11_0)
[2020.12.17-20.20.50:737][  0]LogD3D11RHI:       0/0/8131 MB DedicatedVideo/DedicatedSystem/SharedSystem, Outputs:0, VendorId:0x1414
[2020.12.17-20.20.50:743][  0]LogD3D11RHI:    2. 'Microsoft Basic Render Driver' (Feature Level 11_0)
[2020.12.17-20.20.50:743][  0]LogD3D11RHI:       0/0/8131 MB DedicatedVideo/DedicatedSystem/SharedSystem, Outputs:0, VendorId:0x1414
[2020.12.17-20.20.50:748][  0]LogD3D11RHI:    3. 'Microsoft Basic Render Driver' (Feature Level 11_0)
[2020.12.17-20.20.50:748][  0]LogD3D11RHI:       0/0/8131 MB DedicatedVideo/DedicatedSystem/SharedSystem, Outputs:0, VendorId:0x1414
[2020.12.17-20.20.50:753][  0]LogD3D11RHI:    4. 'Microsoft Basic Render Driver' (Feature Level 11_0)
[2020.12.17-20.20.50:753][  0]LogD3D11RHI:       0/0/8131 MB DedicatedVideo/DedicatedSystem/SharedSystem, Outputs:0, VendorId:0x1414
[2020.12.17-20.20.50:753][  0]LogD3D11RHI: Chosen D3D11 Adapter: 0
[2020.12.17-20.20.50:765][  0]LogD3D11RHI: Creating new Direct3DDevice
[2020.12.17-20.20.50:765][  0]LogD3D11RHI:     GPU DeviceId: 0x5916 (for the marketing name, search the web for "GPU Device Id")
[2020.12.17-20.20.50:765][  0]LogWindows: EnumDisplayDevices:
[2020.12.17-20.20.50:765][  0]LogWindows:    0. 'Intel(R) HD Graphics 620' (P:0 D:1)
[2020.12.17-20.20.50:766][  0]LogWindows:    1. 'Intel(R) HD Graphics 620' (P:0 D:0)
[2020.12.17-20.20.50:766][  0]LogWindows:    2. 'Intel(R) HD Graphics 620' (P:0 D:0)
[2020.12.17-20.20.50:767][  0]LogWindows:    3. 'MS Idd Device' (P:0 D:0)
[2020.12.17-20.20.50:767][  0]LogWindows:    4. 'MS Idd Device' (P:0 D:0)
[2020.12.17-20.20.50:767][  0]LogWindows:    5. 'MS Idd Device' (P:1 D:1)
[2020.12.17-20.20.50:768][  0]LogWindows: DebugString: GetVideoDriverDetailsInvalid PrimaryIsNotTheChoosenAdapter GetVideoDriverDetailsInvalid PrimaryIsNotTheChoosenAdapter GetVideoDriverDetailsInvalid PrimaryIsNotTheChoosenAdapter FoundDriverCount:3 
[2020.12.17-20.20.50:768][  0]LogD3D11RHI:     Adapter Name: Intel(R) HD Graphics 620
[2020.12.17-20.20.50:768][  0]LogD3D11RHI:   Driver Version: 24.20.100.6344 (internal:24.20.100.6344, unified:24.20.100.6344)
[2020.12.17-20.20.50:768][  0]LogD3D11RHI:      Driver Date: 11-10-2018
[2020.12.17-20.20.50:768][  0]LogRHI: Texture pool is 1523 MB (70% of 2176 MB)
[2020.12.17-20.20.50:847][  0]LogD3D11RHI: [IntelMetricsDiscovery] Failed to initialize context. Result=00000002
[2020.12.17-20.20.51:106][  0]LogD3D11RHI: RHI does not have support for 64 bit atomics
[2020.12.17-20.20.51:106][  0]LogD3D11RHI: Async texture creation enabled
[2020.12.17-20.20.51:106][  0]LogD3D11RHI: Array index from any shader is supported
[2020.12.17-20.20.51:120][  0]LogD3D11RHI: GPU Timing Frequency: 12.000048 (Debug: 2 0)
[2020.12.17-20.20.51:920][  0]LogTargetPlatformManager: Display: Loaded TargetPlatform 'AllDesktop'
[2020.12.17-20.20.51:970][  0]LogTargetPlatformManager: Display: Loaded TargetPlatform 'Android'
[2020.12.17-20.20.51:970][  0]LogTargetPlatformManager: Display: Loaded TargetPlatform 'Android_ASTC'
[2020.12.17-20.20.51:970][  0]LogTargetPlatformManager: Display: Loaded TargetPlatform 'Android_DXT'
[2020.12.17-20.20.51:970][  0]LogTargetPlatformManager: Display: Loaded TargetPlatform 'Android_ETC2'
[2020.12.17-20.20.51:970][  0]LogTargetPlatformManager: Display: Loaded TargetPlatform 'AndroidClient'
[2020.12.17-20.20.51:970][  0]LogTargetPlatformManager: Display: Loaded TargetPlatform 'Android_ASTCClient'
[2020.12.17-20.20.51:970][  0]LogTargetPlatformManager: Display: Loaded TargetPlatform 'Android_DXTClient'
[2020.12.17-20.20.51:970][  0]LogTargetPlatformManager: Display: Loaded TargetPlatform 'Android_ETC2Client'
[2020.12.17-20.20.51:970][  0]LogTargetPlatformManager: Display: Loaded TargetPlatform 'Android_Multi'
[2020.12.17-20.20.51:970][  0]LogTargetPlatformManager: Display: Loaded TargetPlatform 'Android_MultiClient'
[2020.12.17-20.20.52:025][  0]LogTargetPlatformManager: Display: Loaded TargetPlatform 'IOSClient'
[2020.12.17-20.20.52:025][  0]LogTargetPlatformManager: Display: Loaded TargetPlatform 'IOS'
[2020.12.17-20.20.52:051][  0]LogTargetPlatformManager: Display: Loaded TargetPlatform 'Linux'
[2020.12.17-20.20.52:069][  0]LogTargetPlatformManager: Display: Loaded TargetPlatform 'LinuxNoEditor'
[2020.12.17-20.20.52:094][  0]LogTargetPlatformManager: Display: Loaded TargetPlatform 'LinuxClient'
[2020.12.17-20.20.52:115][  0]LogTargetPlatformManager: Display: Loaded TargetPlatform 'LinuxServer'
[2020.12.17-20.20.52:139][  0]LogTargetPlatformManager: Display: Loaded TargetPlatform 'LinuxAArch64NoEditor'
[2020.12.17-20.20.52:162][  0]LogTargetPlatformManager: Display: Loaded TargetPlatform 'LinuxAArch64Client'
[2020.12.17-20.20.52:185][  0]LogTargetPlatformManager: Display: Loaded TargetPlatform 'LinuxAArch64Server'
[2020.12.17-20.20.52:254][  0]LogTargetPlatformManager: Display: Loaded TargetPlatform 'Lumin'
[2020.12.17-20.20.52:254][  0]LogTargetPlatformManager: Display: Loaded TargetPlatform 'LuminClient'
[2020.12.17-20.20.52:293][  0]LogTargetPlatformManager: Display: Loaded TargetPlatform 'TVOSClient'
[2020.12.17-20.20.52:293][  0]LogTargetPlatformManager: Display: Loaded TargetPlatform 'TVOS'
[2020.12.17-20.20.52:314][  0]LogTargetPlatformManager: Display: Loaded TargetPlatform 'WindowsNoEditor'
[2020.12.17-20.20.52:335][  0]LogTargetPlatformManager: Display: Loaded TargetPlatform 'Windows'
[2020.12.17-20.20.52:359][  0]LogTargetPlatformManager: Display: Loaded TargetPlatform 'WindowsClient'
[2020.12.17-20.20.52:383][  0]LogTargetPlatformManager: Display: Loaded TargetPlatform 'WindowsServer'
[2020.12.17-20.20.52:383][  0]LogTargetPlatformManager: Display: Building Assets For Windows
[2020.12.17-20.20.52:401][  0]LogAudioDebug: Display: Lib vorbis DLL was dynamically loaded.
[2020.12.17-20.20.52:551][  0]LogShaderCompilers: Guid format shader working directory is -30 characters bigger than the processId version (../../../../../../Users/Angelica .DESKTOP-RM5JOAJ/Documents/Learning Multiplayer/Puzzles/Puzzles/Intermediate/Shaders/WorkingDirectory/9284/).
[2020.12.17-20.20.52:551][  0]LogShaderCompilers: Cleaned the shader compiler working directory 'C:/Users/Angelica .DESKTOP-RM5JOAJ/AppData/Local/Temp/UnrealShaderWorkingDir/744F06BE4263C14BC2E5198B63E0ABEC/'.
[2020.12.17-20.20.52:552][  0]LogXGEController: Cleaning working directory: C:/Users/Angelica .DESKTOP-RM5JOAJ/AppData/Local/Temp/UnrealXGEWorkingDir/
[2020.12.17-20.20.52:553][  0]LogXGEController: Cannot use XGE Controller as Incredibuild is not installed on this machine.
[2020.12.17-20.20.52:553][  0]LogShaderCompilers: Cannot use XGE Shader Compiler as Incredibuild is not installed on this machine.
[2020.12.17-20.20.52:553][  0]LogShaderCompilers: Display: Using Local Shader Compiler.
[2020.12.17-20.20.54:351][  0]LogDerivedDataCache: Display: Max Cache Size: 512 MB
[2020.12.17-20.20.54:439][  0]LogDerivedDataCache: Loaded boot cache 0.09s 75MB C:/Users/Angelica .DESKTOP-RM5JOAJ/AppData/Local/UnrealEngine/4.25/DerivedDataCache/Boot.ddc.
[2020.12.17-20.20.54:439][  0]LogDerivedDataCache: Display: Loaded Boot cache: C:/Users/Angelica .DESKTOP-RM5JOAJ/AppData/Local/UnrealEngine/4.25/DerivedDataCache/Boot.ddc
[2020.12.17-20.20.54:440][  0]LogDerivedDataCache: FDerivedDataBackendGraph:  Pak pak cache file ../../../../../../Users/Angelica .DESKTOP-RM5JOAJ/Documents/Learning Multiplayer/Puzzles/Puzzles/DerivedDataCache/DDC.ddp not found, will not use a pak cache.
[2020.12.17-20.20.54:440][  0]LogDerivedDataCache: Unable to find inner node Pak for hierarchical cache Hierarchy.
[2020.12.17-20.20.54:440][  0]LogDerivedDataCache: FDerivedDataBackendGraph:  CompressedPak pak cache file ../../../../../../Users/Angelica .DESKTOP-RM5JOAJ/Documents/Learning Multiplayer/Puzzles/Puzzles/DerivedDataCache/Compressed.ddp not found, will not use a pak cache.
[2020.12.17-20.20.54:440][  0]LogDerivedDataCache: Unable to find inner node CompressedPak for hierarchical cache Hierarchy.
[2020.12.17-20.20.54:460][  0]LogDerivedDataCache: Display: Pak cache opened for reading ../../../Engine/DerivedDataCache/Compressed.ddp.
[2020.12.17-20.20.54:460][  0]LogDerivedDataCache: FDerivedDataBackendGraph:  EnterprisePak pak cache file ../../../Enterprise/DerivedDataCache/Compressed.ddp not found, will not use a pak cache.
[2020.12.17-20.20.54:460][  0]LogDerivedDataCache: Unable to find inner node EnterprisePak for hierarchical cache Hierarchy.
[2020.12.17-20.20.54:462][  0]LogDerivedDataCache: Using Local data cache path C:/Users/Angelica .DESKTOP-RM5JOAJ/AppData/Local/UnrealEngine/Common/DerivedDataCache: Writable
[2020.12.17-20.20.54:462][  0]LogDerivedDataCache: Shared data cache path not found in *engine.ini, will not use an Shared cache.
[2020.12.17-20.20.54:462][  0]LogDerivedDataCache: Unable to find inner node Shared for hierarchical cache Hierarchy.
[2020.12.17-20.20.54:588][  0]LogSlate: Using FreeType 2.10.0
[2020.12.17-20.20.54:589][  0]LogSlate: SlateFontServices - WITH_FREETYPE: 1, WITH_HARFBUZZ: 1
[2020.12.17-20.20.54:653][  0]LogAssetRegistry: FAssetRegistry took 0.0060 seconds to start up
[2020.12.17-20.20.55:315][  0]LogInit: Selected Device Profile: [Windows]
[2020.12.17-20.20.55:598][  0]LogMeshReduction: Using QuadricMeshReduction for automatic static mesh reduction
[2020.12.17-20.20.55:598][  0]LogMeshReduction: Using SimplygonMeshReduction for automatic skeletal mesh reduction
[2020.12.17-20.20.55:598][  0]LogMeshReduction: Using ProxyLODMeshReduction for automatic mesh merging
[2020.12.17-20.20.55:598][  0]LogMeshReduction: No distributed automatic mesh merging module available
[2020.12.17-20.20.55:598][  0]LogMeshMerging: No distributed automatic mesh merging module available
[2020.12.17-20.20.55:632][  0]LogNetVersion: Puzzles 1.0.0, NetCL: 13144385, EngineNetVer: 14, GameNetVer: 0 (Checksum: 1097821826)
[2020.12.17-20.20.56:883][  0]LogAISub: UAISubsystem::UAISubsystem AISubsystem (00000250E506A700), frame # 0
[2020.12.17-20.20.56:883][  0]LogAISub: UAISubsystem::UAISubsystem AIPerceptionSystem (00000250E4F82980), frame # 0
[2020.12.17-20.20.56:886][  0]LogAISub: UAISubsystem::UAISubsystem EnvQueryManager (00000250E50D2A00), frame # 0
[2020.12.17-20.20.57:104][  0]LogPackageLocalizationCache: Processed 19 localized package path(s) for 1 prioritized culture(s) in 0.199557 seconds
[2020.12.17-20.20.57:123][  0]LogUObjectArray: 15917 objects as part of root set at end of initial load.
[2020.12.17-20.20.57:123][  0]LogUObjectAllocator: 3965568 out of 0 bytes used by permanent object pool.
[2020.12.17-20.20.57:123][  0]LogUObjectArray: CloseDisregardForGC: 0/0 objects in disregard for GC pool
[2020.12.17-20.20.58:338][  0]LogTcpMessaging: Initializing TcpMessaging bridge
[2020.12.17-20.20.58:352][  0]LogUdpMessaging: Initializing bridge on interface 0.0.0.0:0 to multicast group 230.0.0.1:6666.
[2020.12.17-20.20.58:632][  0]SourceControl: Source control is disabled
[2020.12.17-20.20.58:632][  0]SourceControl: Source control is disabled
[2020.12.17-20.20.58:645][  0]SourceControl: Source control is disabled
[2020.12.17-20.20.58:653][  0]SourceControl: Source control is disabled
[2020.12.17-20.20.58:679][  0]SourceControl: Source control is disabled
[2020.12.17-20.20.59:529][  0]LogAndroidPermission: UAndroidPermissionCallbackProxy::GetInstance
[2020.12.17-20.20.59:584][  0]LogAudioCaptureCore: Display: No Audio Capture implementations found. Audio input will be silent.
[2020.12.17-20.20.59:584][  0]LogAudioCaptureCore: Display: No Audio Capture implementations found. Audio input will be silent.
[2020.12.17-20.20.59:732][  0]LogOcInput: OculusInput pre-init called
[2020.12.17-20.20.59:767][  0]LogWindows: Failed to load 'OVRPlugin.dll' (GetLastError=126)
[2020.12.17-20.20.59:767][  0]LogWindows: File 'OVRPlugin.dll' does not exist
[2020.12.17-20.20.59:936][  0]LogEngine: Initializing Engine...
[2020.12.17-20.20.59:944][  0]LogHMD: Failed to initialize OpenVR with code 110
[2020.12.17-20.20.59:944][  0]LogMagicLeap: Warning: VR disabled because ZI is not enabled.  To enable, in the editor, Edit -> Project Settings -> Plugins -> Magic Leap Plugin -> Enable Zero Iteration
[2020.12.17-20.20.59:947][  0]LogStats: UGameplayTagsManager::InitializeManager -  0.001 s
[2020.12.17-20.21.00:304][  0]LogInit: Initializing FReadOnlyCVARCache
[2020.12.17-20.21.00:329][  0]LogAIModule: Creating AISystem for world Untitled
[2020.12.17-20.21.00:329][  0]LogAISub: UAISubsystem::UAISubsystem EnvQueryManager (00000250E8BB9200), frame # 0
[2020.12.17-20.21.00:329][  0]LogAISub: UAISubsystem::UAISubsystem AIPerceptionSystem (00000250E8BDC680), frame # 0
[2020.12.17-20.21.00:348][  0]LogAudioMixer: Display: Audio Mixer Platform Settings:
[2020.12.17-20.21.00:348][  0]LogAudioMixer: Display: 	Sample Rate:						  48000
[2020.12.17-20.21.00:348][  0]LogAudioMixer: Display: 	Callback Buffer Frame Size Requested: 1024
[2020.12.17-20.21.00:348][  0]LogAudioMixer: Display: 	Callback Buffer Frame Size To Use:	  1024
[2020.12.17-20.21.00:348][  0]LogAudioMixer: Display: 	Number of buffers to queue:			  2
[2020.12.17-20.21.00:348][  0]LogAudioMixer: Display: 	Max Channels (voices):				  32
[2020.12.17-20.21.00:348][  0]LogAudioMixer: Display: 	Number of Async Source Workers:		  0
[2020.12.17-20.21.00:348][  0]LogAudio: Display: AudioDevice MaxSources: 32
[2020.12.17-20.21.00:349][  0]LogAudio: Display: Using built-in audio occlusion.
[2020.12.17-20.21.00:349][  0]LogAudioMixer: Display: Initializing audio mixer.
[2020.12.17-20.21.00:446][  0]LogAudioMixer: Display: 0: FrontLeft
[2020.12.17-20.21.00:446][  0]LogAudioMixer: Display: 1: FrontRight
[2020.12.17-20.21.00:611][  0]LogAudioMixer: Display: Using Audio Device Speaker/Headphone (Realtek High Definition Audio(SST))
[2020.12.17-20.21.00:612][  0]LogAudioMixer: Display: Initializing Sound Submixes...
[2020.12.17-20.21.00:621][  0]LogAudioMixer: Display: Creating Master Submix 'MasterSubmixDefault'
[2020.12.17-20.21.00:621][  0]LogAudioMixer: Display: Creating Master Submix 'MasterReverbSubmixDefault'
[2020.12.17-20.21.00:623][  0]LogAudioMixer: Display: Creating Master Submix 'MasterEQSubmixDefault'
[2020.12.17-20.21.00:626][  0]LogInit: FAudioDevice initialized.
[2020.12.17-20.21.00:626][  0]LogNetVersion: Set ProjectVersion to 1.0.0.0. Version Checksum will be recalculated on next use.
[2020.12.17-20.21.00:734][  0]LogDerivedDataCache: Saved boot cache 0.11s 75MB C:/Users/Angelica .DESKTOP-RM5JOAJ/AppData/Local/UnrealEngine/4.25/DerivedDataCache/Boot.ddc.
[2020.12.17-20.21.00:752][  0]LogInit: Texture streaming: Enabled
[2020.12.17-20.21.00:811][  0]LogEngineSessionManager: EngineSessionManager initialized
[2020.12.17-20.21.00:812][  0]LogEditorSessionSummary: Verbose: Initializing EditorSessionSummaryWriter for editor session tracking
[2020.12.17-20.21.00:838][  0]LogEditorSessionSummary: EditorSessionSummaryWriter initialized
[2020.12.17-20.21.01:046][  0]LogInit: Transaction tracking system initialized
[2020.12.17-20.21.01:119][  0]BlueprintLog: New page: Editor Load
[2020.12.17-20.21.01:316][  0]LocalizationService: Localization service is disabled
[2020.12.17-20.21.01:695][  0]LogCook: Display: Max memory allowance for cook 16384mb min free memory 0mb
[2020.12.17-20.21.01:695][  0]LogCook: Display: Mobile HDR setting 1
[2020.12.17-20.21.02:004][  0]LogFileCache: Scanning file cache for directory 'C:/Users/Angelica .DESKTOP-RM5JOAJ/Documents/Learning Multiplayer/Puzzles/Puzzles/Content/' took 0.02s
[2020.12.17-20.21.02:617][  0]SourceControl: Source control is disabled
[2020.12.17-20.21.02:617][  0]LogUnrealEdMisc: Loading editor; pre map load, took 18.470
[2020.12.17-20.21.02:617][  0]Cmd: MAP LOAD FILE="../../../../../../Users/Angelica .DESKTOP-RM5JOAJ/Documents/Learning Multiplayer/Puzzles/Puzzles/Content/Main.umap" TEMPLATE=0 SHOWPROGRESS=1 FEATURELEVEL=3
[2020.12.17-20.21.02:618][  0]LightingResults: New page: Lighting Build
[2020.12.17-20.21.02:620][  0]LogWorld: UWorld::CleanupWorld for Untitled, bSessionEnded=true, bCleanupResources=true
[2020.12.17-20.21.02:620][  0]LogSlate: InvalidateAllWidgets triggered.  All widgets were invalidated
[2020.12.17-20.21.02:620][  0]MapCheck: New page: Map Check
[2020.12.17-20.21.02:620][  0]LightingResults: New page: Lighting Build
[2020.12.17-20.21.02:632][  0]LogAISub: UAISubsystem::~UAISubsystem EnvQueryManager (00000250E8BB9200), frame # 0
[2020.12.17-20.21.02:632][  0]LogAISub: UAISubsystem::~UAISubsystem AIPerceptionSystem (00000250E8BDC680), frame # 0
[2020.12.17-20.21.02:633][  0]LogUObjectHash: Compacting FUObjectHashTables data took   1.10ms
[2020.12.17-20.21.02:887][  0]LogAIModule: Creating AISystem for world Main
[2020.12.17-20.21.02:887][  0]LogAISub: UAISubsystem::UAISubsystem EnvQueryManager (00000250DBFE5600), frame # 0
[2020.12.17-20.21.02:887][  0]LogAISub: UAISubsystem::UAISubsystem AIPerceptionSystem (00000250DC03A340), frame # 0
[2020.12.17-20.21.02:983][  0]LogEditorServer: Finished looking for orphan Actors (0.000 secs)
[2020.12.17-20.21.03:145][  0]LogUObjectHash: Compacting FUObjectHashTables data took   1.10ms
[2020.12.17-20.21.03:146][  0]Cmd: MAP CHECKDEP NOCLEARLOG
[2020.12.17-20.21.03:146][  0]MapCheck: Map check complete: 0 Error(s), 0 Warning(s), took 0.39ms to complete.
[2020.12.17-20.21.03:146][  0]LogFileHelpers: Loading map 'Main' took 0.529
[2020.12.17-20.21.03:152][  0]LogUnrealEdMisc: Total Editor Startup Time, took 19.004
[2020.12.17-20.21.04:053][  0]LogCollectionManager: Loaded 0 collections in 0.005339 seconds
[2020.12.17-20.21.04:091][  0]LogFileCache: Scanning file cache for directory 'C:/Users/Angelica .DESKTOP-RM5JOAJ/Documents/Learning Multiplayer/Puzzles/Puzzles/Saved/Collections/' took 0.00s
[2020.12.17-20.21.04:091][  0]LogFileCache: Scanning file cache for directory 'C:/Users/Angelica .DESKTOP-RM5JOAJ/Documents/Learning Multiplayer/Puzzles/Puzzles/Content/Developers/Angelica/Collections/' took 0.00s
[2020.12.17-20.21.04:091][  0]LogFileCache: Scanning file cache for directory 'C:/Users/Angelica .DESKTOP-RM5JOAJ/Documents/Learning Multiplayer/Puzzles/Puzzles/Content/Collections/' took 0.00s
[2020.12.17-20.21.04:091][  0]LogContentBrowser: Native class hierarchy populated in 0.0232 seconds. Added 3431 classes and 823 folders.
[2020.12.17-20.21.04:098][  0]LogContentBrowser: Native class hierarchy updated for 'WidgetCarousel' in 0.0008 seconds. Added 0 classes and 0 folders.
[2020.12.17-20.21.04:231][  0]LogContentBrowser: Native class hierarchy updated for 'AddContentDialog' in 0.0006 seconds. Added 0 classes and 0 folders.
[2020.12.17-20.21.04:234][  0]LogContentBrowser: Native class hierarchy updated for 'SceneOutliner' in 0.0009 seconds. Added 2 classes and 0 folders.
[2020.12.17-20.21.04:303][  0]LogSlate: Updating window title bar state: overlay mode, drag disabled, window buttons hidden, title bar hidden
[2020.12.17-20.21.04:323][  0]LogSlate: Updating window title bar state: overlay mode, drag disabled, window buttons hidden, title bar hidden
[2020.12.17-20.21.04:337][  0]LogSlate: Updating window title bar state: overlay mode, drag disabled, window buttons hidden, title bar hidden
[2020.12.17-20.21.04:352][  0]LogSlate: Updating window title bar state: overlay mode, drag disabled, window buttons hidden, title bar hidden
[2020.12.17-20.21.04:415][  0]LogSlate: Took 0.000260 seconds to synchronously load lazily loaded font '../../../Engine/Content/Slate/Fonts/Roboto-Regular.ttf' (155K)
[2020.12.17-20.21.05:341][  0]LogSlate: Took 0.000309 seconds to synchronously load lazily loaded font '../../../Engine/Content/Editor/Slate/Fonts/FontAwesome.ttf' (139K)
[2020.12.17-20.21.05:341][  0]LogSlate: Took 0.000235 seconds to synchronously load lazily loaded font '../../../Engine/Content/Slate/Fonts/Roboto-Bold.ttf' (160K)
[2020.12.17-20.21.05:370][  0]LogSlate: Took 0.000361 seconds to synchronously load lazily loaded font '../../../Engine/Content/Slate/Fonts/DroidSansMono.ttf' (77K)
[2020.12.17-20.21.05:596][  0]LogSlate: Took 0.000410 seconds to synchronously load lazily loaded font '../../../Engine/Content/Slate/Fonts/Roboto-Light.ttf' (167K)
[2020.12.17-20.21.05:924][  0]LogRenderer: Reallocating scene render targets to support 1188x568 Format 9 NumSamples 1 (Frame:1).
[2020.12.17-20.21.06:194][  0]LogContentBrowser: Native class hierarchy updated for 'HierarchicalLODOutliner' in 0.0014 seconds. Added 0 classes and 0 folders.
[2020.12.17-20.21.06:194][  0]LogLoad: (Engine Initialization) Total time: 22.05 seconds
[2020.12.17-20.21.06:194][  0]LogLoad: (Engine Initialization) Total Blueprint compile time: 0.00 seconds
[2020.12.17-20.21.06:617][  0]LogContentStreaming: Texture pool size now 800 MB
[2020.12.17-20.21.08:224][  3]LogAssetRegistry: Asset discovery search completed in 13.5733 seconds
[2020.12.17-20.21.08:237][  3]LogCollectionManager: Fixed up redirectors for 0 collections in 0.000006 seconds (updated 0 objects)
[2020.12.17-20.21.08:646][  9]LogTemp: Repeating last play command: Selected Viewport
[2020.12.17-20.21.08:821][  9]LogPlayLevel: PlayLevel: No blueprints needed recompiling
[2020.12.17-20.21.08:822][  9]PIE: New page: PIE session: Main (Dec 17, 2020, 10:21:08 AM)
[2020.12.17-20.21.08:826][  9]LogOnline: OSS: Creating online subsystem instance for: NULL
[2020.12.17-20.21.08:829][  9]LogOnline: OSS: TryLoadSubsystemAndSetDefault: Loaded subsystem for module [NULL]
[2020.12.17-20.21.08:830][  9]LogPlayLevel: Creating play world package: /Game/UEDPIE_0_Main
[2020.12.17-20.21.09:031][  9]LogPlayLevel: PIE: StaticDuplicateObject took: (0.201344s)
[2020.12.17-20.21.09:035][  9]LogAIModule: Creating AISystem for world Main
[2020.12.17-20.21.09:036][  9]LogAISub: UAISubsystem::UAISubsystem EnvQueryManager (0000025094FAA600), frame # 9
[2020.12.17-20.21.09:036][  9]LogAISub: UAISubsystem::UAISubsystem AIPerceptionSystem (00000250DDE45440), frame # 9
[2020.12.17-20.21.09:037][  9]LogPlayLevel: PIE: World Init took: (0.006169s)
[2020.12.17-20.21.09:038][  9]LogPlayLevel: PIE: Created PIE world by copying editor world from /Game/Main.Main to /Game/UEDPIE_0_Main.Main (0.208764s)
[2020.12.17-20.21.09:073][  9]LogUObjectHash: Compacting FUObjectHashTables data took   2.98ms
[2020.12.17-20.21.09:087][  9]LogAudioMixer: Display: Audio Mixer Platform Settings:
[2020.12.17-20.21.09:087][  9]LogAudioMixer: Display: 	Sample Rate:						  48000
[2020.12.17-20.21.09:087][  9]LogAudioMixer: Display: 	Callback Buffer Frame Size Requested: 1024
[2020.12.17-20.21.09:087][  9]LogAudioMixer: Display: 	Callback Buffer Frame Size To Use:	  1024
[2020.12.17-20.21.09:087][  9]LogAudioMixer: Display: 	Number of buffers to queue:			  2
[2020.12.17-20.21.09:087][  9]LogAudioMixer: Display: 	Max Channels (voices):				  32
[2020.12.17-20.21.09:087][  9]LogAudioMixer: Display: 	Number of Async Source Workers:		  0
[2020.12.17-20.21.09:087][  9]LogAudio: Display: AudioDevice MaxSources: 32
[2020.12.17-20.21.09:089][  9]LogAudio: Display: Using built-in audio occlusion.
[2020.12.17-20.21.09:089][  9]LogAudioMixer: Display: Initializing audio mixer.
[2020.12.17-20.21.09:107][  9]LogAudioMixer: Display: 0: FrontLeft
[2020.12.17-20.21.09:107][  9]LogAudioMixer: Display: 1: FrontRight
[2020.12.17-20.21.09:196][  9]LogAudioMixer: Display: Using Audio Device Speaker/Headphone (Realtek High Definition Audio(SST))
[2020.12.17-20.21.09:197][  9]LogAudioMixer: Display: Initializing Sound Submixes...
[2020.12.17-20.21.09:197][  9]LogAudioMixer: Display: Creating Master Submix 'MasterSubmixDefault'
[2020.12.17-20.21.09:197][  9]LogAudioMixer: Display: Creating Master Submix 'MasterReverbSubmixDefault'
[2020.12.17-20.21.09:198][  9]LogAudioMixer: Display: Creating Master Submix 'MasterEQSubmixDefault'
[2020.12.17-20.21.09:244][  9]LogInit: FAudioDevice initialized.
[2020.12.17-20.21.09:496][  9]LogLoad: Game class is 'BP_PuzzlesGameMode_C'
[2020.12.17-20.21.09:584][  9]LogWorld: Bringing World /Game/UEDPIE_0_Main.Main up for play (max tick rate 60) at 2020.12.17-15.21.09
[2020.12.17-20.21.09:586][  9]LogWorld: Bringing up level for play took: 0.086198
[2020.12.17-20.21.09:586][  9]LogOnline: OSS: Creating online subsystem instance for: :Context_3
[2020.12.17-20.21.09:596][  9]LogContentBrowser: Native class hierarchy updated for 'MovieSceneCapture' in 0.0009 seconds. Added 20 classes and 0 folders.
[2020.12.17-20.21.09:604][  9]PIE: Server logged in
[2020.12.17-20.21.09:608][  9]PIE: Play in editor total start time 0.812 seconds.
[2020.12.17-20.21.12:567][ 36]LogTemp: Warning: STEPPING
[2020.12.17-20.21.14:463][ 55]LogTemp: Warning: NOT STEPPING
[2020.12.17-20.21.16:039][ 70]LogSlate: Updating window title bar state: overlay mode, drag disabled, window buttons hidden, title bar hidden
[2020.12.17-20.21.16:039][ 70]LogWorld: BeginTearingDown for /Game/UEDPIE_0_Main
[2020.12.17-20.21.16:042][ 70]LogWorld: UWorld::CleanupWorld for Main, bSessionEnded=true, bCleanupResources=true
[2020.12.17-20.21.16:062][ 70]LogSlate: InvalidateAllWidgets triggered.  All widgets were invalidated
[2020.12.17-20.21.16:245][ 70]LogPlayLevel: Display: Shutting down PIE online subsystems
[2020.12.17-20.21.16:253][ 70]LogSlate: InvalidateAllWidgets triggered.  All widgets were invalidated
[2020.12.17-20.21.16:462][ 70]LogSlate: Updating window title bar state: overlay mode, drag disabled, window buttons hidden, title bar hidden
[2020.12.17-20.21.16:501][ 70]LogAISub: UAISubsystem::~UAISubsystem EnvQueryManager (0000025094FAA600), frame # 70
[2020.12.17-20.21.16:501][ 70]LogAISub: UAISubsystem::~UAISubsystem AIPerceptionSystem (00000250DDE45440), frame # 70
[2020.12.17-20.21.16:512][ 70]LogUObjectHash: Compacting FUObjectHashTables data took   9.22ms
[2020.12.17-20.21.17:162][ 71]LogPlayLevel: Display: Destroying online subsystem :Context_3
[2020.12.17-20.22.26:828][652]LogSlate: Took 0.000712 seconds to synchronously load lazily loaded font '../../../Engine/Content/Slate/Fonts/Roboto-Light.ttf' (167K)
[2020.12.17-20.22.26:942][652]LogAssetEditorSubsystem: Opening Asset editor for Blueprint /Game/Blueprints/BP_PuzzleSolver.BP_PuzzleSolver
[2020.12.17-20.22.28:307][652]LogContentBrowser: Native class hierarchy updated for 'BlueprintGraph' in 0.0037 seconds. Added 125 classes and 0 folders.
[2020.12.17-20.22.37:607][720]LogWorld: UWorld::CleanupWorld for World_3, bSessionEnded=true, bCleanupResources=true
[2020.12.17-20.22.37:608][720]LogSlate: InvalidateAllWidgets triggered.  All widgets were invalidated
[2020.12.17-20.22.37:886][720]LogAssetEditorSubsystem: Opening Asset editor for Blueprint /Game/Blueprints/BP_PuzzleSolver.BP_PuzzleSolver
[2020.12.17-20.22.39:663][720]LogSlate: Took 0.000310 seconds to synchronously load lazily loaded font '../../../Engine/Content/Slate/Fonts/Roboto-BoldCondensed.ttf' (158K)
[2020.12.17-20.22.40:246][729]LogSlate: Took 0.000501 seconds to synchronously load lazily loaded font '../../../Engine/Content/Slate/Fonts/Roboto-Italic.ttf' (157K)
[2020.12.17-20.22.54:536][941]BlueprintLog: New page: Compile BP_PuzzleSolver
[2020.12.17-20.22.54:802][941]LogUObjectHash: Compacting FUObjectHashTables data took   7.98ms
[2020.12.17-20.22.56:263][956]LogSavePackage: Moving '../../../../../../Users/Angelica .DESKTOP-RM5JOAJ/Documents/Learning Multiplayer/Puzzles/Puzzles/Saved/BP_PuzzleSolver161B762540A12F85608407883B9B9530.tmp' to '../../../../../../Users/Angelica .DESKTOP-RM5JOAJ/Documents/Learning Multiplayer/Puzzles/Puzzles/Content/Blueprints/BP_PuzzleSolver.uasset'
[2020.12.17-20.22.56:305][956]AssetCheck: New page: Asset Save: BP_PuzzleSolver
[2020.12.17-20.22.56:306][956]LogContentValidation: Display: Validating Blueprint /Game/Blueprints/BP_PuzzleSolver.BP_PuzzleSolver
[2020.12.17-20.26.26:283][981]BlueprintLog: New page: Compile BP_PuzzleSolver
[2020.12.17-20.26.26:607][981]LogUObjectHash: Compacting FUObjectHashTables data took  11.53ms
[2020.12.17-20.26.27:619][996]LogTemp: Repeating last play command: Selected Viewport
[2020.12.17-20.26.27:799][996]LogPlayLevel: PlayLevel: No blueprints needed recompiling
[2020.12.17-20.26.27:799][996]PIE: New page: PIE session: Main (Dec 17, 2020, 10:26:27 AM)
[2020.12.17-20.26.27:799][996]LogPlayLevel: Creating play world package: /Game/UEDPIE_0_Main
[2020.12.17-20.26.28:128][996]LogPlayLevel: PIE: StaticDuplicateObject took: (0.328337s)
[2020.12.17-20.26.28:133][996]LogAIModule: Creating AISystem for world Main
[2020.12.17-20.26.28:133][996]LogAISub: UAISubsystem::UAISubsystem EnvQueryManager (0000025120323600), frame # 1996
[2020.12.17-20.26.28:134][996]LogAISub: UAISubsystem::UAISubsystem AIPerceptionSystem (00000250F916CA40), frame # 1996
[2020.12.17-20.26.28:136][996]LogPlayLevel: PIE: World Init took: (0.007758s)
[2020.12.17-20.26.28:137][996]LogPlayLevel: PIE: Created PIE world by copying editor world from /Game/Main.Main to /Game/UEDPIE_0_Main.Main (0.337386s)
[2020.12.17-20.26.28:241][996]LogUObjectHash: Compacting FUObjectHashTables data took   8.18ms
[2020.12.17-20.26.28:246][996]LogAudioMixer: Display: Audio Mixer Platform Settings:
[2020.12.17-20.26.28:246][996]LogAudioMixer: Display: 	Sample Rate:						  48000
[2020.12.17-20.26.28:246][996]LogAudioMixer: Display: 	Callback Buffer Frame Size Requested: 1024
[2020.12.17-20.26.28:246][996]LogAudioMixer: Display: 	Callback Buffer Frame Size To Use:	  1024
[2020.12.17-20.26.28:246][996]LogAudioMixer: Display: 	Number of buffers to queue:			  2
[2020.12.17-20.26.28:246][996]LogAudioMixer: Display: 	Max Channels (voices):				  32
[2020.12.17-20.26.28:246][996]LogAudioMixer: Display: 	Number of Async Source Workers:		  0
[2020.12.17-20.26.28:247][996]LogAudio: Display: AudioDevice MaxSources: 32
[2020.12.17-20.26.28:248][996]LogAudio: Display: Using built-in audio occlusion.
[2020.12.17-20.26.28:248][996]LogAudioMixer: Display: Initializing audio mixer.
[2020.12.17-20.26.28:276][996]LogAudioMixer: Display: 0: FrontLeft
[2020.12.17-20.26.28:276][996]LogAudioMixer: Display: 1: FrontRight
[2020.12.17-20.26.28:456][996]LogAudioMixer: Display: Using Audio Device Speaker/Headphone (Realtek High Definition Audio(SST))
[2020.12.17-20.26.28:457][996]LogAudioMixer: Display: Initializing Sound Submixes...
[2020.12.17-20.26.28:457][996]LogAudioMixer: Display: Creating Master Submix 'MasterSubmixDefault'
[2020.12.17-20.26.28:457][996]LogAudioMixer: Display: Creating Master Submix 'MasterReverbSubmixDefault'
[2020.12.17-20.26.28:458][996]LogAudioMixer: Display: Creating Master Submix 'MasterEQSubmixDefault'
[2020.12.17-20.26.28:485][996]LogInit: FAudioDevice initialized.
[2020.12.17-20.26.28:563][996]LogSlate: Updating window title bar state: overlay mode, drag disabled, window buttons hidden, title bar hidden
[2020.12.17-20.26.28:564][996]LogLoad: Game class is 'BP_PuzzlesGameMode_C'
[2020.12.17-20.26.28:741][996]LogWorld: Bringing World /Game/UEDPIE_0_Main.Main up for play (max tick rate 60) at 2020.12.17-15.26.28
[2020.12.17-20.26.28:744][996]LogWorld: Bringing up level for play took: 0.178683
[2020.12.17-20.26.28:745][996]LogOnline: OSS: Creating online subsystem instance for: :Context_9
[2020.12.17-20.26.28:761][996]PIE: Server logged in
[2020.12.17-20.26.28:763][996]PIE: Play in editor total start time 0.991 seconds.
[2020.12.17-20.26.29:117][998]LogRenderer: Reallocating scene render targets to support 1188x628 Format 9 NumSamples 1 (Frame:1).
[2020.12.17-20.26.35:952][ 45]LogRenderer: Reallocating scene render targets to support 2228x1256 Format 9 NumSamples 1 (Frame:50).
[2020.12.17-20.26.41:803][ 64]LogTemp: Warning: STEPPING
[2020.12.17-20.26.44:835][ 80]LogTemp: Warning: NOT STEPPING
[2020.12.17-20.26.50:038][107]LogSlate: Updating window title bar state: overlay mode, drag disabled, window buttons hidden, title bar hidden
[2020.12.17-20.26.50:039][107]LogWorld: BeginTearingDown for /Game/UEDPIE_0_Main
[2020.12.17-20.26.50:041][107]LogSlate: Window 'Puzzles Preview [NetMode: Standalone] (64-bit/Windows) ' being destroyed
[2020.12.17-20.26.50:433][107]LogWorld: UWorld::CleanupWorld for Main, bSessionEnded=true, bCleanupResources=true
[2020.12.17-20.26.50:532][107]LogSlate: InvalidateAllWidgets triggered.  All widgets were invalidated
[2020.12.17-20.26.50:578][107]LogPlayLevel: Display: Shutting down PIE online subsystems
[2020.12.17-20.26.50:617][107]LogSlate: InvalidateAllWidgets triggered.  All widgets were invalidated
[2020.12.17-20.26.50:943][107]LogAISub: UAISubsystem::~UAISubsystem EnvQueryManager (0000025120323600), frame # 2107
[2020.12.17-20.26.50:943][107]LogAISub: UAISubsystem::~UAISubsystem AIPerceptionSystem (00000250F916CA40), frame # 2107
[2020.12.17-20.26.50:953][107]LogUObjectHash: Compacting FUObjectHashTables data took   8.79ms
[2020.12.17-20.26.51:077][108]LogPlayLevel: Display: Destroying online subsystem :Context_9
[2020.12.17-20.26.53:747][137]LogTemp: Repeating last play command: Selected Viewport
[2020.12.17-20.26.53:889][137]LogPlayLevel: PlayLevel: No blueprints needed recompiling
[2020.12.17-20.26.53:889][137]PIE: New page: PIE session: Main (Dec 17, 2020, 10:26:53 AM)
[2020.12.17-20.26.53:889][137]LogPlayLevel: Creating play world package: /Game/UEDPIE_0_Main
[2020.12.17-20.26.54:204][137]LogPlayLevel: PIE: StaticDuplicateObject took: (0.314782s)
[2020.12.17-20.26.54:211][137]LogAIModule: Creating AISystem for world Main
[2020.12.17-20.26.54:212][137]LogAISub: UAISubsystem::UAISubsystem EnvQueryManager (00000251207A5E00), frame # 2137
[2020.12.17-20.26.54:212][137]LogAISub: UAISubsystem::UAISubsystem AIPerceptionSystem (00000250F9E4AAC0), frame # 2137
[2020.12.17-20.26.54:213][137]LogPlayLevel: PIE: World Init took: (0.008588s)
[2020.12.17-20.26.54:214][137]LogPlayLevel: PIE: Created PIE world by copying editor world from /Game/Main.Main to /Game/UEDPIE_0_Main.Main (0.324332s)
[2020.12.17-20.26.54:279][137]LogUObjectHash: Compacting FUObjectHashTables data took   4.35ms
[2020.12.17-20.26.54:281][137]LogAudioMixer: Display: Audio Mixer Platform Settings:
[2020.12.17-20.26.54:281][137]LogAudioMixer: Display: 	Sample Rate:						  48000
[2020.12.17-20.26.54:281][137]LogAudioMixer: Display: 	Callback Buffer Frame Size Requested: 1024
[2020.12.17-20.26.54:281][137]LogAudioMixer: Display: 	Callback Buffer Frame Size To Use:	  1024
[2020.12.17-20.26.54:281][137]LogAudioMixer: Display: 	Number of buffers to queue:			  2
[2020.12.17-20.26.54:281][137]LogAudioMixer: Display: 	Max Channels (voices):				  32
[2020.12.17-20.26.54:281][137]LogAudioMixer: Display: 	Number of Async Source Workers:		  0
[2020.12.17-20.26.54:281][137]LogAudio: Display: AudioDevice MaxSources: 32
[2020.12.17-20.26.54:282][137]LogAudio: Display: Using built-in audio occlusion.
[2020.12.17-20.26.54:283][137]LogAudioMixer: Display: Initializing audio mixer.
[2020.12.17-20.26.54:310][137]LogAudioMixer: Display: 0: FrontLeft
[2020.12.17-20.26.54:311][137]LogAudioMixer: Display: 1: FrontRight
[2020.12.17-20.26.54:414][137]LogAudioMixer: Display: Using Audio Device Speaker/Headphone (Realtek High Definition Audio(SST))
[2020.12.17-20.26.54:415][137]LogAudioMixer: Display: Initializing Sound Submixes...
[2020.12.17-20.26.54:415][137]LogAudioMixer: Display: Creating Master Submix 'MasterSubmixDefault'
[2020.12.17-20.26.54:415][137]LogAudioMixer: Display: Creating Master Submix 'MasterReverbSubmixDefault'
[2020.12.17-20.26.54:416][137]LogAudioMixer: Display: Creating Master Submix 'MasterEQSubmixDefault'
[2020.12.17-20.26.54:463][137]LogInit: FAudioDevice initialized.
[2020.12.17-20.26.54:482][137]LogLoad: Game class is 'BP_PuzzlesGameMode_C'
[2020.12.17-20.26.54:609][137]LogWorld: Bringing World /Game/UEDPIE_0_Main.Main up for play (max tick rate 60) at 2020.12.17-15.26.54
[2020.12.17-20.26.54:611][137]LogWorld: Bringing up level for play took: 0.128431
[2020.12.17-20.26.54:612][137]LogOnline: OSS: Creating online subsystem instance for: :Context_10
[2020.12.17-20.26.54:624][137]PIE: Server logged in
[2020.12.17-20.26.54:627][137]PIE: Play in editor total start time 0.775 seconds.
[2020.12.17-20.28.24:486][983]LogSlate: Updating window title bar state: overlay mode, drag disabled, window buttons hidden, title bar hidden
[2020.12.17-20.28.24:487][983]LogWorld: BeginTearingDown for /Game/UEDPIE_0_Main
[2020.12.17-20.28.24:490][983]LogWorld: UWorld::CleanupWorld for Main, bSessionEnded=true, bCleanupResources=true
[2020.12.17-20.28.24:517][983]LogSlate: InvalidateAllWidgets triggered.  All widgets were invalidated
[2020.12.17-20.28.24:730][983]LogPlayLevel: Display: Shutting down PIE online subsystems
[2020.12.17-20.28.24:747][983]LogSlate: InvalidateAllWidgets triggered.  All widgets were invalidated
[2020.12.17-20.28.24:904][983]LogSlate: Updating window title bar state: overlay mode, drag disabled, window buttons hidden, title bar hidden
[2020.12.17-20.28.25:015][983]LogAISub: UAISubsystem::~UAISubsystem AIPerceptionSystem (00000250F9E4AAC0), frame # 2983
[2020.12.17-20.28.25:015][983]LogAISub: UAISubsystem::~UAISubsystem EnvQueryManager (00000251207A5E00), frame # 2983
[2020.12.17-20.28.25:035][983]LogUObjectHash: Compacting FUObjectHashTables data took   9.35ms
[2020.12.17-20.28.25:266][984]LogPlayLevel: Display: Destroying online subsystem :Context_10
[2020.12.17-20.28.41:533][106]LogEditorViewport: Clicking on Actor (LMB): StaticMeshActor (SM_Bld_Block_1x1_01P741)
[2020.12.17-20.28.45:782][139]LogEditorViewport: Clicking on Actor (context menu): StaticMeshActor (SM_Bld_Block_1x1_01P762)
[2020.12.17-20.28.48:128][151]LogPlayLevel: PlayLevel: No blueprints needed recompiling
[2020.12.17-20.28.48:128][151]PIE: New page: PIE session: Main (Dec 17, 2020, 10:28:48 AM)
[2020.12.17-20.28.48:129][151]LogPlayLevel: Creating play world package: /Game/UEDPIE_0_Main
[2020.12.17-20.28.48:499][151]LogPlayLevel: PIE: StaticDuplicateObject took: (0.368887s)
[2020.12.17-20.28.48:503][151]LogAIModule: Creating AISystem for world Main
[2020.12.17-20.28.48:503][151]LogAISub: UAISubsystem::UAISubsystem EnvQueryManager (0000025110DAEC00), frame # 3151
[2020.12.17-20.28.48:503][151]LogAISub: UAISubsystem::UAISubsystem AIPerceptionSystem (00000250F9E4A480), frame # 3151
[2020.12.17-20.28.48:505][151]LogPlayLevel: PIE: World Init took: (0.006560s)
[2020.12.17-20.28.48:506][151]LogPlayLevel: PIE: Created PIE world by copying editor world from /Game/Main.Main to /Game/UEDPIE_0_Main.Main (0.376485s)
[2020.12.17-20.28.48:583][151]LogUObjectHash: Compacting FUObjectHashTables data took   7.06ms
[2020.12.17-20.28.48:584][151]LogAudioMixer: Display: Audio Mixer Platform Settings:
[2020.12.17-20.28.48:584][151]LogAudioMixer: Display: 	Sample Rate:						  48000
[2020.12.17-20.28.48:584][151]LogAudioMixer: Display: 	Callback Buffer Frame Size Requested: 1024
[2020.12.17-20.28.48:584][151]LogAudioMixer: Display: 	Callback Buffer Frame Size To Use:	  1024
[2020.12.17-20.28.48:584][151]LogAudioMixer: Display: 	Number of buffers to queue:			  2
[2020.12.17-20.28.48:584][151]LogAudioMixer: Display: 	Max Channels (voices):				  32
[2020.12.17-20.28.48:584][151]LogAudioMixer: Display: 	Number of Async Source Workers:		  0
[2020.12.17-20.28.48:584][151]LogAudio: Display: AudioDevice MaxSources: 32
[2020.12.17-20.28.48:586][151]LogAudio: Display: Using built-in audio occlusion.
[2020.12.17-20.28.48:586][151]LogAudioMixer: Display: Initializing audio mixer.
[2020.12.17-20.28.48:610][151]LogAudioMixer: Display: 0: FrontLeft
[2020.12.17-20.28.48:610][151]LogAudioMixer: Display: 1: FrontRight
[2020.12.17-20.28.48:715][151]LogAudioMixer: Display: Using Audio Device Speaker/Headphone (Realtek High Definition Audio(SST))
[2020.12.17-20.28.48:716][151]LogAudioMixer: Display: Initializing Sound Submixes...
[2020.12.17-20.28.48:716][151]LogAudioMixer: Display: Creating Master Submix 'MasterSubmixDefault'
[2020.12.17-20.28.48:716][151]LogAudioMixer: Display: Creating Master Submix 'MasterReverbSubmixDefault'
[2020.12.17-20.28.48:717][151]LogAudioMixer: Display: Creating Master Submix 'MasterEQSubmixDefault'
[2020.12.17-20.28.48:772][151]LogInit: FAudioDevice initialized.
[2020.12.17-20.28.48:794][151]LogLoad: Game class is 'BP_PuzzlesGameMode_C'
[2020.12.17-20.28.48:928][151]LogWorld: Bringing World /Game/UEDPIE_0_Main.Main up for play (max tick rate 60) at 2020.12.17-15.28.48
[2020.12.17-20.28.48:929][151]LogWorld: Bringing up level for play took: 0.134320
[2020.12.17-20.28.48:930][151]LogOnline: OSS: Creating online subsystem instance for: :Context_11
[2020.12.17-20.28.48:942][151]PIE: Server logged in
[2020.12.17-20.28.48:945][151]PIE: Play in editor total start time 0.864 seconds.
[2020.12.17-20.29.03:570][290]LogTemp: Warning: STEPPING
[2020.12.17-20.29.06:849][322]LogTemp: Warning: NOT STEPPING
[2020.12.17-20.29.13:710][386]LogSlate: Updating window title bar state: overlay mode, drag disabled, window buttons hidden, title bar hidden
[2020.12.17-20.29.13:711][386]LogWorld: BeginTearingDown for /Game/UEDPIE_0_Main
[2020.12.17-20.29.13:714][386]LogWorld: UWorld::CleanupWorld for Main, bSessionEnded=true, bCleanupResources=true
[2020.12.17-20.29.13:749][386]LogSlate: InvalidateAllWidgets triggered.  All widgets were invalidated
[2020.12.17-20.29.13:924][386]LogPlayLevel: Display: Shutting down PIE online subsystems
[2020.12.17-20.29.13:939][386]LogSlate: InvalidateAllWidgets triggered.  All widgets were invalidated
[2020.12.17-20.29.14:023][386]LogSlate: Updating window title bar state: overlay mode, drag disabled, window buttons hidden, title bar hidden
[2020.12.17-20.29.14:182][386]LogAISub: UAISubsystem::~UAISubsystem AIPerceptionSystem (00000250F9E4A480), frame # 3386
[2020.12.17-20.29.14:182][386]LogAISub: UAISubsystem::~UAISubsystem EnvQueryManager (0000025110DAEC00), frame # 3386
[2020.12.17-20.29.14:212][386]LogUObjectHash: Compacting FUObjectHashTables data took  10.13ms
[2020.12.17-20.29.14:440][387]LogPlayLevel: Display: Destroying online subsystem :Context_11
[2020.12.17-20.29.17:296][406]LogEditorViewport: Clicking on Actor (LMB): BP_Trigger_C (BP_Trigger10)
[2020.12.17-20.29.48:786][647]LogUObjectHash: Compacting FUObjectHashTables data took   7.79ms
[2020.12.17-20.29.50:016][647]LogSavePackage: Moving '../../../../../../Users/Angelica .DESKTOP-RM5JOAJ/Documents/Learning Multiplayer/Puzzles/Puzzles/Saved/Main058E00104116E30A1DFEF58CAA5254D2.tmp' to '../../../../../../Users/Angelica .DESKTOP-RM5JOAJ/Documents/Learning Multiplayer/Puzzles/Puzzles/Content/Main.umap'
[2020.12.17-20.29.50:161][647]Cmd: OBJ SAVEPACKAGE PACKAGE="/Game/Main_BuiltData" FILE="../../../../../../Users/Angelica .DESKTOP-RM5JOAJ/Documents/Learning Multiplayer/Puzzles/Puzzles/Content/Main_BuiltData.uasset" SILENT=true
[2020.12.17-20.29.50:266][647]LogSavePackage: Moving '../../../../../../Users/Angelica .DESKTOP-RM5JOAJ/Documents/Learning Multiplayer/Puzzles/Puzzles/Saved/Main_BuiltData2D45C9C14DC36F88A84F1F83333AB0AB.tmp' to '../../../../../../Users/Angelica .DESKTOP-RM5JOAJ/Documents/Learning Multiplayer/Puzzles/Puzzles/Content/Main_BuiltData.uasset'
[2020.12.17-20.29.50:354][647]AssetCheck: New page: Asset Save: multiple assets
[2020.12.17-20.29.50:354][647]LogContentValidation: Display: Validating World /Game/Main.Main
[2020.12.17-20.29.50:355][647]LogContentValidation: Display: Validating MapBuildDataRegistry /Game/Main_BuiltData.Main_BuiltData
[2020.12.17-20.29.54:835][673]LogSavePackage: Moving '../../../../../../Users/Angelica .DESKTOP-RM5JOAJ/Documents/Learning Multiplayer/Puzzles/Puzzles/Saved/BP_PuzzleSolver92AF40094AAE348FBFB53F9D4CE0381B.tmp' to '../../../../../../Users/Angelica .DESKTOP-RM5JOAJ/Documents/Learning Multiplayer/Puzzles/Puzzles/Content/Blueprints/BP_PuzzleSolver.uasset'
[2020.12.17-20.29.54:912][673]AssetCheck: New page: Asset Save: BP_PuzzleSolver
[2020.12.17-20.29.54:912][673]LogContentValidation: Display: Validating Blueprint /Game/Blueprints/BP_PuzzleSolver.BP_PuzzleSolver
[2020.12.17-20.30.27:934][872]LogUObjectHash: Compacting FUObjectHashTables data took  13.16ms
[2020.12.17-20.30.28:243][872]LogWorld: UWorld::CleanupWorld for World_6, bSessionEnded=true, bCleanupResources=true
[2020.12.17-20.30.28:243][872]LogSlate: InvalidateAllWidgets triggered.  All widgets were invalidated
[2020.12.17-20.30.28:699][872]LogSlate: Window 'Puzzles - Unreal Editor' being destroyed
[2020.12.17-20.30.30:839][873]Cmd: QUIT_EDITOR
[2020.12.17-20.30.30:839][873]LogCore: Engine exit requested (reason: UUnrealEdEngine::CloseEditor())
[2020.12.17-20.30.31:033][873]LogCore: Engine exit requested (reason: EngineExit() was called; note: exit was already requested)
[2020.12.17-20.30.32:088][873]LogWindowsTextInputMethodSystem: Display: IME system now deactivated.
[2020.12.17-20.30.32:110][873]LogExit: Preparing to exit.
[2020.12.17-20.30.36:313][873]LogWorld: UWorld::CleanupWorld for World_1, bSessionEnded=true, bCleanupResources=true
[2020.12.17-20.30.36:314][873]LogWorld: UWorld::CleanupWorld for World_2, bSessionEnded=true, bCleanupResources=true
[2020.12.17-20.30.36:315][873]LogWorld: UWorld::CleanupWorld for World_0, bSessionEnded=true, bCleanupResources=true
[2020.12.17-20.30.36:316][873]LogActorComponent: UnregisterComponent: (None.None) Not registered. Aborting.
[2020.12.17-20.30.36:316][873]LogActorComponent: UnregisterComponent: (None.None) Not registered. Aborting.
[2020.12.17-20.30.36:316][873]LogActorComponent: UnregisterComponent: (None.None) Not registered. Aborting.
[2020.12.17-20.30.36:316][873]LogActorComponent: UnregisterComponent: (None.None) Not registered. Aborting.
[2020.12.17-20.30.36:316][873]LogActorComponent: UnregisterComponent: (None.None) Not registered. Aborting.
[2020.12.17-20.30.36:316][873]LogActorComponent: UnregisterComponent: (None.None) Not registered. Aborting.
[2020.12.17-20.30.36:316][873]LogActorComponent: UnregisterComponent: (None.None) Not registered. Aborting.
[2020.12.17-20.30.36:316][873]LogWorld: UWorld::CleanupWorld for None, bSessionEnded=true, bCleanupResources=true
[2020.12.17-20.30.36:317][873]LogActorComponent: UnregisterComponent: (None.None) Not registered. Aborting.
[2020.12.17-20.30.36:317][873]LogActorComponent: UnregisterComponent: (None.None) Not registered. Aborting.
[2020.12.17-20.30.36:317][873]LogActorComponent: UnregisterComponent: (None.None) Not registered. Aborting.
[2020.12.17-20.30.36:317][873]LogActorComponent: UnregisterComponent: (None.None) Not registered. Aborting.
[2020.12.17-20.30.36:317][873]LogActorComponent: UnregisterComponent: (None.None) Not registered. Aborting.
[2020.12.17-20.30.36:317][873]LogActorComponent: UnregisterComponent: (None.None) Not registered. Aborting.
[2020.12.17-20.30.36:317][873]LogActorComponent: UnregisterComponent: (None.None) Not registered. Aborting.
[2020.12.17-20.30.36:317][873]LogWorld: UWorld::CleanupWorld for None, bSessionEnded=true, bCleanupResources=true
[2020.12.17-20.30.36:432][873]LogDemo: Cleaned up 0 splitscreen connections with owner deletion
[2020.12.17-20.30.36:448][873]LogWorld: UWorld::CleanupWorld for None, bSessionEnded=true, bCleanupResources=true
[2020.12.17-20.30.36:449][873]LogExit: Editor shut down
[2020.12.17-20.30.36:450][873]LogExit: Transaction tracking system shut down
[2020.12.17-20.30.36:934][873]LogAISub: UAISubsystem::~UAISubsystem AISubsystem (00000250E506A700), frame # 3873
[2020.12.17-20.30.36:934][873]LogAISub: UAISubsystem::~UAISubsystem AIPerceptionSystem (00000250E4F82980), frame # 3873
[2020.12.17-20.30.36:934][873]LogAISub: UAISubsystem::~UAISubsystem EnvQueryManager (00000250E50D2A00), frame # 3873
[2020.12.17-20.30.36:946][873]LogAISub: UAISubsystem::~UAISubsystem EnvQueryManager (00000250DBFE5600), frame # 3873
[2020.12.17-20.30.36:946][873]LogAISub: UAISubsystem::~UAISubsystem AIPerceptionSystem (00000250DC03A340), frame # 3873
[2020.12.17-20.30.37:005][873]LogExit: Object subsystem successfully closed.
[2020.12.17-20.30.37:029][873]LogShaderCompilers: Display: Shaders left to compile 0
[2020.12.17-20.30.37:800][873]LogModuleManager: Shutting down and abandoning module BlueprintGraph (800)
[2020.12.17-20.30.37:800][873]LogModuleManager: Shutting down and abandoning module MovieSceneCapture (798)
[2020.12.17-20.30.37:800][873]LogModuleManager: Shutting down and abandoning module Voice (796)
[2020.12.17-20.30.37:801][873]LogModuleManager: Shutting down and abandoning module HierarchicalLODOutliner (794)
[2020.12.17-20.30.37:801][873]LogModuleManager: Shutting down and abandoning module SceneOutliner (792)
[2020.12.17-20.30.37:801][873]LogModuleManager: Shutting down and abandoning module AddContentDialog (790)
[2020.12.17-20.30.37:802][873]LogModuleManager: Shutting down and abandoning module WidgetCarousel (789)
[2020.12.17-20.30.37:802][873]LogModuleManager: Shutting down and abandoning module EditorWidgets (786)
[2020.12.17-20.30.37:802][873]LogModuleManager: Shutting down and abandoning module CollectionManager (784)
[2020.12.17-20.30.37:803][873]LogModuleManager: Shutting down and abandoning module ExternalImagePicker (782)
[2020.12.17-20.30.37:803][873]LogModuleManager: Shutting down and abandoning module StatsViewer (780)
[2020.12.17-20.30.37:803][873]LogModuleManager: Shutting down and abandoning module VirtualTexturingEditor (778)
[2020.12.17-20.30.37:803][873]LogModuleManager: Shutting down and abandoning module FoliageEdit (776)
[2020.12.17-20.30.37:803][873]LogModuleManager: Shutting down and abandoning module LandscapeEditor (774)
[2020.12.17-20.30.37:803][873]LogModuleManager: Shutting down and abandoning module MeshPaintMode (772)
[2020.12.17-20.30.37:803][873]LogModuleManager: Shutting down and abandoning module SceneDepthPickerMode (770)
[2020.12.17-20.30.37:803][873]LogModuleManager: Shutting down and abandoning module ActorPickerMode (768)
[2020.12.17-20.30.37:803][873]LogModuleManager: Shutting down and abandoning module PIEPreviewDeviceProfileSelector (766)
[2020.12.17-20.30.37:803][873]LogModuleManager: Shutting down and abandoning module SequenceRecorderSections (764)
[2020.12.17-20.30.37:803][873]LogModuleManager: Shutting down and abandoning module AutomationWorker (762)
[2020.12.17-20.30.37:803][873]LogModuleManager: Shutting down and abandoning module SteamVREditor (760)
[2020.12.17-20.30.37:804][873]LogModuleManager: Shutting down and abandoning module OculusMR (758)
[2020.12.17-20.30.37:804][873]LogModuleManager: Shutting down and abandoning module GooglePADEditor (756)
[2020.12.17-20.30.37:804][873]LogModuleManager: Shutting down and abandoning module AudioCaptureEditor (754)
[2020.12.17-20.30.37:804][873]LogModuleManager: Shutting down and abandoning module TemplateSequenceEditor (752)
[2020.12.17-20.30.37:804][873]LogModuleManager: Shutting down and abandoning module MatineeToLevelSequence (750)
[2020.12.17-20.30.37:804][873]LogModuleManager: Shutting down and abandoning module LevelSequenceEditor (748)
[2020.12.17-20.30.37:805][873]LogModuleManager: Shutting down and abandoning module ActorSequenceEditor (746)
[2020.12.17-20.30.37:806][873]LogModuleManager: Shutting down and abandoning module WmfMediaFactory (744)
[2020.12.17-20.30.37:806][873]LogModuleManager: Shutting down and abandoning module WmfMediaEditor (742)
[2020.12.17-20.30.37:806][873]LogModuleManager: Shutting down and abandoning module WebMMediaFactory (740)
[2020.12.17-20.30.37:806][873]LogModuleManager: Shutting down and abandoning module WebMMediaEditor (738)
[2020.12.17-20.30.37:806][873]LogModuleManager: Shutting down and abandoning module WebMMedia (736)
[2020.12.17-20.30.37:806][873]LogModuleManager: Shutting down and abandoning module MediaPlayerEditor (734)
[2020.12.17-20.30.37:806][873]LogModuleManager: Shutting down and abandoning module MediaCompositingEditor (732)
[2020.12.17-20.30.37:806][873]LogModuleManager: Shutting down and abandoning module SequenceRecorder (731)
[2020.12.17-20.30.37:806][873]LogModuleManager: Shutting down and abandoning module OpenExrWrapper (728)
[2020.12.17-20.30.37:806][873]LogModuleManager: Shutting down and abandoning module ImgMediaFactory (726)
[2020.12.17-20.30.37:806][873]LogModuleManager: Shutting down and abandoning module ImgMediaEditor (724)
[2020.12.17-20.30.37:806][873]LogModuleManager: Shutting down and abandoning module AvfMediaFactory (722)
[2020.12.17-20.30.37:806][873]LogModuleManager: Shutting down and abandoning module AvfMediaEditor (720)
[2020.12.17-20.30.37:807][873]LogModuleManager: Shutting down and abandoning module AndroidMediaFactory (718)
[2020.12.17-20.30.37:807][873]LogModuleManager: Shutting down and abandoning module AndroidMediaEditor (716)
[2020.12.17-20.30.37:807][873]LogModuleManager: Shutting down and abandoning module MagicLeapMediaCodecFactory (714)
[2020.12.17-20.30.37:807][873]LogModuleManager: Shutting down and abandoning module MagicLeapMediaFactory (712)
[2020.12.17-20.30.37:807][873]LogModuleManager: Shutting down and abandoning module MagicLeapMediaEditor (710)
[2020.12.17-20.30.37:807][873]LogModuleManager: Shutting down and abandoning module PlanarCut (708)
[2020.12.17-20.30.37:807][873]LogModuleManager: Shutting down and abandoning module CharacterAI (706)
[2020.12.17-20.30.37:807][873]LogModuleManager: Shutting down and abandoning module TextureAlignMode (704)
[2020.12.17-20.30.37:807][873]LogModuleManager: Shutting down and abandoning module BspMode (702)
[2020.12.17-20.30.37:807][873]LogModuleManager: Shutting down and abandoning module PlacementMode (701)
[2020.12.17-20.30.37:807][873]LogModuleManager: Shutting down and abandoning module GeometryMode (698)
[2020.12.17-20.30.37:807][873]LogModuleManager: Shutting down and abandoning module CameraShakePreviewer (696)
[2020.12.17-20.30.37:810][873]LogModuleManager: Shutting down and abandoning module SmartSnapping (694)
[2020.12.17-20.30.37:810][873]LogModuleManager: Shutting down and abandoning module SessionServices (692)
[2020.12.17-20.30.37:810][873]LogModuleManager: Shutting down and abandoning module MeshPaint (690)
[2020.12.17-20.30.37:811][873]LogModuleManager: Shutting down and abandoning module ViewportSnapping (688)
[2020.12.17-20.30.37:811][873]LogModuleManager: Shutting down and abandoning module ViewportInteraction (686)
[2020.12.17-20.30.37:811][873]LogModuleManager: Shutting down and abandoning module ClothPainter (684)
[2020.12.17-20.30.37:811][873]LogModuleManager: Shutting down and abandoning module SkeletalMeshEditor (683)
[2020.12.17-20.30.37:812][873]LogModuleManager: Shutting down and abandoning module LogVisualizer (680)
[2020.12.17-20.30.37:812][873]LogModuleManager: Shutting down and abandoning module IntroTutorials (678)
[2020.12.17-20.30.37:813][873]LogModuleManager: Shutting down and abandoning module GameProjectGeneration (677)
[2020.12.17-20.30.37:813][873]LogModuleManager: Shutting down and abandoning module LuminPlatformEditor (674)
[2020.12.17-20.30.37:820][873]LogModuleManager: Shutting down and abandoning module IOSPlatformEditor (672)
[2020.12.17-20.30.37:820][873]LogModuleManager: Shutting down and abandoning module AndroidPlatformEditor (670)
[2020.12.17-20.30.37:820][873]LogModuleManager: Shutting down and abandoning module AndroidDeviceDetection (669)
[2020.12.17-20.30.40:008][873]LogModuleManager: Shutting down and abandoning module WindowsPlatformEditor (666)
[2020.12.17-20.30.40:009][873]LogModuleManager: Shutting down and abandoning module LuminRuntimeSettings (664)
[2020.12.17-20.30.40:009][873]LogModuleManager: Shutting down and abandoning module IOSRuntimeSettings (662)
[2020.12.17-20.30.40:061][873]LogModuleManager: Shutting down and abandoning module AndroidRuntimeSettings (660)
[2020.12.17-20.30.40:062][873]LogModuleManager: Shutting down and abandoning module TraceInsights (658)
[2020.12.17-20.30.40:073][873]LogModuleManager: Shutting down and abandoning module TraceServices (657)
[2020.12.17-20.30.40:103][873]LogModuleManager: Shutting down and abandoning module EditorInteractiveToolsFramework (654)
[2020.12.17-20.30.40:103][873]LogModuleManager: Shutting down and abandoning module TimeManagementEditor (652)
[2020.12.17-20.30.40:103][873]LogModuleManager: Shutting down and abandoning module InputBindingEditor (650)
[2020.12.17-20.30.40:103][873]LogModuleManager: Shutting down and abandoning module MergeActors (648)
[2020.12.17-20.30.40:224][873]LogModuleManager: Shutting down and abandoning module LocalizationDashboard (646)
[2020.12.17-20.30.40:224][873]LogModuleManager: Shutting down and abandoning module LocalizationService (645)
[2020.12.17-20.30.40:226][873]LogModuleManager: Shutting down and abandoning module HardwareTargeting (642)
[2020.12.17-20.30.40:226][873]LogModuleManager: Shutting down and abandoning module DeviceProfileEditor (640)
[2020.12.17-20.30.40:233][873]LogModuleManager: Shutting down and abandoning module UndoHistory (638)
[2020.12.17-20.30.40:234][873]LogModuleManager: Shutting down and abandoning module XmlParser (636)
[2020.12.17-20.30.40:234][873]LogModuleManager: Shutting down and abandoning module Blutility (634)
[2020.12.17-20.30.40:236][873]LogModuleManager: Shutting down and abandoning module ProjectSettingsViewer (632)
[2020.12.17-20.30.40:240][873]LogModuleManager: Shutting down and abandoning module ProjectTargetPlatformEditor (631)
[2020.12.17-20.30.40:257][873]LogModuleManager: Shutting down and abandoning module EditorSettingsViewer (628)
[2020.12.17-20.30.40:300][873]LogModuleManager: Shutting down and abandoning module SettingsEditor (626)
[2020.12.17-20.30.40:300][873]LogModuleManager: Shutting down and abandoning module ProjectLauncher (624)
[2020.12.17-20.30.40:301][873]LogModuleManager: Shutting down and abandoning module SessionFrontend (622)
[2020.12.17-20.30.40:302][873]LogModuleManager: Shutting down and abandoning module ProfilerClient (620)
[2020.12.17-20.30.40:302][873]LogModuleManager: Shutting down and abandoning module DeviceManager (618)
[2020.12.17-20.30.40:306][873]LogModuleManager: Shutting down and abandoning module TargetDeviceServices (617)
[2020.12.17-20.30.40:723][873]LogModuleManager: Shutting down and abandoning module AutomationController (614)
[2020.12.17-20.30.40:724][873]LogModuleManager: Shutting down and abandoning module AutomationWindow (612)
[2020.12.17-20.30.40:724][873]LogModuleManager: Shutting down and abandoning module Layers (610)
[2020.12.17-20.30.40:724][873]LogModuleManager: Shutting down and abandoning module ComponentVisualizers (608)
[2020.12.17-20.30.40:724][873]LogModuleManager: Shutting down and abandoning module DetailCustomizations (606)
[2020.12.17-20.30.40:724][873]LogModuleManager: Shutting down and abandoning module PackagesDialog (604)
[2020.12.17-20.30.40:725][873]LogModuleManager: Shutting down and abandoning module AnimationBlueprintEditor (602)
[2020.12.17-20.30.40:725][873]LogModuleManager: Shutting down and abandoning module Persona (600)
[2020.12.17-20.30.40:725][873]LogModuleManager: Shutting down and abandoning module AdvancedPreviewScene (599)
[2020.12.17-20.30.40:725][873]LogModuleManager: Shutting down and abandoning module AnimGraph (597)
[2020.12.17-20.30.40:725][873]LogModuleManager: Shutting down and abandoning module Kismet (594)
