Log file open, 01/06/21 10:11:50
LogInit: Display: Running engine for game: Puzzles
LogPlatformFile: Not using cached read wrapper
LogTaskGraph: Started task graph with 5 named threads and 11 total threads with 3 sets of task threads.
LogStats: Stats thread started at 1.500596
LogD3D11RHI: Loaded GFSDK_Aftermath_Lib.x64.dll
LogICUInternationalization: ICU TimeZone Detection - Raw Offset: -5:00, Platform Override: ''
LogPluginManager: Mounting plugin Paper2D
LogPluginManager: Mounting plugin AISupport
LogPluginManager: Mounting plugin LightPropagationVolume
LogPluginManager: Mounting plugin CameraShakePreviewer
LogPluginManager: Mounting plugin ActorLayerUtilities
LogPluginManager: Mounting plugin AnimationSharing
LogPluginManager: Mounting plugin CLionSourceCodeAccess
LogPluginManager: Mounting plugin CodeLiteSourceCodeAccess
LogPluginManager: Mounting plugin GitSourceControl
LogPluginManager: Mounting plugin KDevelopSourceCodeAccess
LogPluginManager: Mounting plugin NullSourceCodeAccess
LogPluginManager: Mounting plugin PerforceSourceControl
LogPluginManager: Mounting plugin PlasticSourceControl
LogPluginManager: Mounting plugin RiderSourceCodeAccess
LogPluginManager: Mounting plugin SubversionSourceControl
LogPluginManager: Mounting plugin UObjectPlugin
LogPluginManager: Mounting plugin VisualStudioCodeSourceCodeAccess
LogPluginManager: Mounting plugin VisualStudioSourceCodeAccess
LogPluginManager: Mounting plugin XCodeSourceCodeAccess
LogPluginManager: Mounting plugin AssetManagerEditor
LogPluginManager: Mounting plugin CryptoKeys
LogPluginManager: Mounting plugin CurveEditorTools
LogPluginManager: Mounting plugin DataValidation
LogPluginManager: Mounting plugin EditorScriptingUtilities
LogPluginManager: Mounting plugin FacialAnimation
LogPluginManager: Mounting plugin GameplayTagsEditor
LogPluginManager: Mounting plugin GeometryMode
LogPluginManager: Mounting plugin MacGraphicsSwitching
LogPluginManager: Mounting plugin MaterialAnalyzer
LogPluginManager: Mounting plugin MobileLauncherProfileWizard
LogPluginManager: Mounting plugin PluginBrowser
LogPluginManager: Mounting plugin SpeedTreeImporter
LogPluginManager: Mounting plugin DatasmithContent
LogPluginManager: Mounting plugin VariantManagerContent
LogPluginManager: Mounting plugin AlembicImporter
LogPluginManager: Mounting plugin AutomationUtils
LogPluginManager: Mounting plugin BackChannel
LogPluginManager: Mounting plugin ChaosCloth
LogPluginManager: Mounting plugin ChaosClothEditor
LogPluginManager: Mounting plugin ChaosEditor
LogPluginManager: Mounting plugin ChaosNiagara
LogPluginManager: Mounting plugin ChaosSolverPlugin
LogPluginManager: Mounting plugin CharacterAI
LogPluginManager: Mounting plugin GeometryCache
LogPluginManager: Mounting plugin GeometryCollectionPlugin
LogPluginManager: Mounting plugin GeometryProcessing
LogPluginManager: Mounting plugin PlanarCut
LogPluginManager: Mounting plugin PlatformCrypto
LogPluginManager: Mounting plugin ProxyLODPlugin
LogPluginManager: Mounting plugin SkeletalReduction
LogPluginManager: Mounting plugin Niagara
LogPluginManager: Mounting plugin MagicLeap
LogPluginManager: Mounting plugin MagicLeapLightEstimation
LogPluginManager: Mounting plugin MagicLeapMedia
LogPluginManager: Mounting plugin MagicLeapPassableWorld
LogPluginManager: Mounting plugin MLSDK
LogPluginManager: Mounting plugin AndroidMedia
LogPluginManager: Mounting plugin AvfMedia
LogPluginManager: Mounting plugin ImgMedia
LogPluginManager: Mounting plugin MediaCompositing
LogPluginManager: Mounting plugin MediaPlayerEditor
LogPluginManager: Mounting plugin WebMMedia
LogPluginManager: Mounting plugin WmfMedia
LogPluginManager: Mounting plugin MeshPainting
LogPluginManager: Mounting plugin TcpMessaging
LogPluginManager: Mounting plugin UdpMessaging
LogPluginManager: Mounting plugin ActorSequence
LogPluginManager: Mounting plugin LevelSequenceEditor
LogPluginManager: Mounting plugin MatineeToLevelSequence
LogPluginManager: Mounting plugin MovieRenderPipeline
LogPluginManager: Mounting plugin TemplateSequence
LogPluginManager: Mounting plugin NetcodeUnitTest
LogPluginManager: Mounting plugin NUTUnrealEngine4
LogPluginManager: Mounting plugin OnlineSubsystemGooglePlay
LogPluginManager: Mounting plugin OnlineSubsystemIOS
LogPluginManager: Mounting plugin OnlineSubsystem
LogPluginManager: Mounting plugin OnlineSubsystemNull
LogPluginManager: Mounting plugin OnlineSubsystemUtils
LogPluginManager: Mounting plugin LauncherChunkInstaller
LogPluginManager: Mounting plugin AndroidDeviceProfileSelector
LogPluginManager: Mounting plugin AndroidMoviePlayer
LogPluginManager: Mounting plugin AndroidPermission
LogPluginManager: Mounting plugin AppleImageUtils
LogPluginManager: Mounting plugin AppleMoviePlayer
LogPluginManager: Mounting plugin ArchVisCharacter
LogPluginManager: Mounting plugin AssetTags
LogPluginManager: Mounting plugin AudioCapture
LogPluginManager: Mounting plugin CableComponent
LogPluginManager: Mounting plugin CustomMeshComponent
LogPluginManager: Mounting plugin EditableMesh
LogPluginManager: Mounting plugin ExampleDeviceProfileSelector
LogPluginManager: Mounting plugin GoogleCloudMessaging
LogPluginManager: Mounting plugin GooglePAD
LogPluginManager: Mounting plugin IOSDeviceProfileSelector
LogPluginManager: Mounting plugin LinuxDeviceProfileSelector
LogPluginManager: Mounting plugin LocationServicesBPLibrary
LogPluginManager: Mounting plugin MobilePatchingUtils
LogPluginManager: Mounting plugin OculusVR
LogPluginManager: Mounting plugin PhysXVehicles
LogPluginManager: Mounting plugin PostSplashScreen
LogPluginManager: Mounting plugin ProceduralMeshComponent
LogPluginManager: Mounting plugin RuntimePhysXCooking
LogPluginManager: Mounting plugin SignificanceManager
LogPluginManager: Mounting plugin SoundFields
LogPluginManager: Mounting plugin SteamVR
LogPluginManager: Mounting plugin Synthesis
LogPluginManager: Mounting plugin WebMMoviePlayer
LogPluginManager: Mounting plugin WindowsMoviePlayer
LogPluginManager: Mounting plugin ScreenshotTools
LogInit: Using libcurl 7.55.1-DEV
LogInit:  - built for x86_64-pc-win32
LogInit:  - supports SSL with OpenSSL/1.1.1
LogInit:  - supports HTTP deflate (compression) using libz 1.2.8
LogInit:  - other features:
LogInit:      CURL_VERSION_SSL
LogInit:      CURL_VERSION_LIBZ
LogInit:      CURL_VERSION_IPV6
LogInit:      CURL_VERSION_ASYNCHDNS
LogInit:      CURL_VERSION_LARGEFILE
LogInit:      CURL_VERSION_IDN
LogInit:  CurlRequestOptions (configurable via config and command line):
LogInit:  - bVerifyPeer = true  - Libcurl will verify peer certificate
LogInit:  - bUseHttpProxy = false  - Libcurl will NOT use HTTP proxy
LogInit:  - bDontReuseConnections = false  - Libcurl will reuse connections
LogInit:  - MaxHostConnections = 16  - Libcurl will limit the number of connections to a host
LogInit:  - LocalHostAddr = Default
LogInit:  - BufferSize = 65536
LogOnline: OSS: Creating online subsystem instance for: NULL
LogInit: WinSock: version 1.1 (2.2), MaxSocks=32767, MaxUdp=65467
LogOnline: OSS: TryLoadSubsystemAndSetDefault: Loaded subsystem for module [NULL]
LogInit: Build: ++UE4+Release-4.25-CL-14469661
LogInit: Engine Version: 4.25.4-14469661+++UE4+Release-4.25
LogInit: Compatible Engine Version: 4.25.0-13144385+++UE4+Release-4.25
LogInit: Net CL: 13144385
LogInit: OS: Windows 10 (Release 1909) (), CPU: Intel(R) Core(TM) i7-7500U CPU @ 2.70GHz, GPU: Intel(R) HD Graphics 620
LogInit: Compiled (64-bit): Oct 11 2020 08:10:49
LogInit: Compiled with Visual C++: 19.24.28315.00
LogInit: Build Configuration: Development
LogInit: Branch Name: ++UE4+Release-4.25
LogInit: Command Line: -log -game
LogInit: Base Directory: C:/Program Files/Epic Games/UE_4.25/Engine/Binaries/Win64/
LogInit: Allocator: TBB
LogInit: Installed Engine Build: 1
LogDevObjectVersion: Number of dev versions registered: 26
LogDevObjectVersion:   Dev-Blueprints (B0D832E4-1F89-4F0D-ACCF-7EB736FD4AA2): 10
LogDevObjectVersion:   Dev-Build (E1C64328-A22C-4D53-A36C-8E866417BD8C): 0
LogDevObjectVersion:   Dev-Core (375EC13C-06E4-48FB-B500-84F0262A717E): 4
LogDevObjectVersion:   Dev-Editor (E4B068ED-F494-42E9-A231-DA0B2E46BB41): 38
LogDevObjectVersion:   Dev-Framework (CFFC743F-43B0-4480-9391-14DF171D2073): 37
LogDevObjectVersion:   Dev-Mobile (B02B49B5-BB20-44E9-A304-32B752E40360): 2
LogDevObjectVersion:   Dev-Networking (A4E4105C-59A1-49B5-A7C5-40C4547EDFEE): 0
LogDevObjectVersion:   Dev-Online (39C831C9-5AE6-47DC-9A44-9C173E1C8E7C): 0
LogDevObjectVersion:   Dev-Physics (78F01B33-EBEA-4F98-B9B4-84EACCB95AA2): 4
LogDevObjectVersion:   Dev-Platform (6631380F-2D4D-43E0-8009-CF276956A95A): 0
LogDevObjectVersion:   Dev-Rendering (12F88B9F-8875-4AFC-A67C-D90C383ABD29): 43
LogDevObjectVersion:   Dev-Sequencer (7B5AE74C-D270-4C10-A958-57980B212A5A): 12
LogDevObjectVersion:   Dev-VR (D7296918-1DD6-4BDD-9DE2-64A83CC13884): 3
LogDevObjectVersion:   Dev-LoadTimes (C2A15278-BFE7-4AFE-6C17-90FF531DF755): 1
LogDevObjectVersion:   Private-Geometry (6EACA3D4-40EC-4CC1-B786-8BED09428FC5): 3
LogDevObjectVersion:   Dev-AnimPhys (29E575DD-E0A3-4627-9D10-D276232CDCEA): 17
LogDevObjectVersion:   Dev-Anim (AF43A65D-7FD3-4947-9873-3E8ED9C1BB05): 7
LogDevObjectVersion:   Dev-ReflectionCapture (6B266CEC-1EC7-4B8F-A30B-E4D90942FC07): 1
LogDevObjectVersion:   Dev-Automation (0DF73D61-A23F-47EA-B727-89E90C41499A): 1
LogDevObjectVersion:   FortniteMain (601D1886-AC64-4F84-AA16-D3DE0DEAC7D6): 31
LogDevObjectVersion:   Dev-Enterprise (9DFFBCD6-494F-0158-E221-12823C92A888): 10
LogDevObjectVersion:   Dev-Niagara (F2AED0AC-9AFE-416F-8664-AA7FFA26D6FC): 1
LogDevObjectVersion:   Dev-Destruction (174F1F0B-B4C6-45A5-B13F-2EE8D0FB917D): 10
LogDevObjectVersion:   Dev-Physics-Ext (35F94A83-E258-406C-A318-09F59610247C): 37
LogDevObjectVersion:   Dev-PhysicsMaterial-Chaos (B68FC16E-8B1B-42E2-B453-215C058844FE): 1
LogDevObjectVersion:   Dev-CineCamera (B2E18506-4273-CFC2-A54E-F4BB758BBA07): 1
LogInit: Presizing for max 25165824 objects, including 0 objects not considered by GC, pre-allocating 0 bytes for permanent pool.
LogConfig: Applying CVar settings from Section [/Script/Engine.StreamingSettings] File [C:/Users/Angelica .DESKTOP-RM5JOAJ/Documents/Learning Multiplayer/Puzzles/Puzzles/Saved/Config/Windows/Engine.ini]
LogConfig: Setting CVar [[s.MinBulkDataSizeForAsyncLoading:131072]]
LogConfig: Setting CVar [[s.AsyncLoadingThreadEnabled:0]]
LogConfig: Setting CVar [[s.EventDrivenLoaderEnabled:1]]
LogConfig: Setting CVar [[s.WarnIfTimeLimitExceeded:0]]
LogConfig: Setting CVar [[s.TimeLimitExceededMultiplier:1.5]]
LogConfig: Setting CVar [[s.TimeLimitExceededMinTime:0.005]]
LogConfig: Setting CVar [[s.UseBackgroundLevelStreaming:1]]
LogConfig: Setting CVar [[s.PriorityAsyncLoadingExtraTime:15.0]]
LogConfig: Setting CVar [[s.LevelStreamingActorsUpdateTimeLimit:5.0]]
LogConfig: Setting CVar [[s.PriorityLevelStreamingActorsUpdateExtraTime:5.0]]
LogConfig: Setting CVar [[s.LevelStreamingComponentsRegistrationGranularity:10]]
LogConfig: Setting CVar [[s.UnregisterComponentsTimeLimit:1.0]]
LogConfig: Setting CVar [[s.LevelStreamingComponentsUnregistrationGranularity:5]]
LogConfig: Setting CVar [[s.FlushStreamingOnExit:1]]
LogInit: Object subsystem initialized
LogConfig: Setting CVar [[con.DebugEarlyDefault:1]]
LogConfig: Setting CVar [[r.setres:1280x720]]
[2021.01.06-15.11.54:462][  0]LogConfig: Setting CVar [[con.DebugEarlyDefault:1]]
[2021.01.06-15.11.54:463][  0]LogConfig: Setting CVar [[r.setres:1280x720]]
[2021.01.06-15.11.54:467][  0]LogConfig: Applying CVar settings from Section [/Script/Engine.RendererSettings] File [C:/Users/Angelica .DESKTOP-RM5JOAJ/Documents/Learning Multiplayer/Puzzles/Puzzles/Saved/Config/Windows/Engine.ini]
[2021.01.06-15.11.54:470][  0]LogConfig: Setting CVar [[r.GPUCrashDebugging:0]]
[2021.01.06-15.11.54:480][  0]LogConfig: Applying CVar settings from Section [/Script/Engine.RendererOverrideSettings] File [C:/Users/Angelica .DESKTOP-RM5JOAJ/Documents/Learning Multiplayer/Puzzles/Puzzles/Saved/Config/Windows/Engine.ini]
[2021.01.06-15.11.54:482][  0]LogConfig: Applying CVar settings from Section [/Script/Engine.StreamingSettings] File [C:/Users/Angelica .DESKTOP-RM5JOAJ/Documents/Learning Multiplayer/Puzzles/Puzzles/Saved/Config/Windows/Engine.ini]
[2021.01.06-15.11.54:482][  0]LogConfig: Setting CVar [[s.MinBulkDataSizeForAsyncLoading:131072]]
[2021.01.06-15.11.54:486][  0]LogConfig: Setting CVar [[s.AsyncLoadingThreadEnabled:0]]
[2021.01.06-15.11.54:493][  0]LogConfig: Setting CVar [[s.EventDrivenLoaderEnabled:1]]
[2021.01.06-15.11.54:497][  0]LogConfig: Setting CVar [[s.WarnIfTimeLimitExceeded:0]]
[2021.01.06-15.11.54:498][  0]LogConfig: Setting CVar [[s.TimeLimitExceededMultiplier:1.5]]
[2021.01.06-15.11.54:500][  0]LogConfig: Setting CVar [[s.TimeLimitExceededMinTime:0.005]]
[2021.01.06-15.11.54:508][  0]LogConfig: Setting CVar [[s.UseBackgroundLevelStreaming:1]]
[2021.01.06-15.11.54:510][  0]LogConfig: Setting CVar [[s.PriorityAsyncLoadingExtraTime:15.0]]
[2021.01.06-15.11.54:512][  0]LogConfig: Setting CVar [[s.LevelStreamingActorsUpdateTimeLimit:5.0]]
[2021.01.06-15.11.54:533][  0]LogConfig: Setting CVar [[s.PriorityLevelStreamingActorsUpdateExtraTime:5.0]]
[2021.01.06-15.11.54:537][  0]LogConfig: Setting CVar [[s.LevelStreamingComponentsRegistrationGranularity:10]]
[2021.01.06-15.11.54:538][  0]LogConfig: Setting CVar [[s.UnregisterComponentsTimeLimit:1.0]]
[2021.01.06-15.11.54:540][  0]LogConfig: Setting CVar [[s.LevelStreamingComponentsUnregistrationGranularity:5]]
[2021.01.06-15.11.54:542][  0]LogConfig: Setting CVar [[s.FlushStreamingOnExit:1]]
[2021.01.06-15.11.54:551][  0]LogConfig: Applying CVar settings from Section [/Script/Engine.GarbageCollectionSettings] File [C:/Users/Angelica .DESKTOP-RM5JOAJ/Documents/Learning Multiplayer/Puzzles/Puzzles/Saved/Config/Windows/Engine.ini]
[2021.01.06-15.11.54:553][  0]LogConfig: Setting CVar [[gc.MaxObjectsNotConsideredByGC:1]]
[2021.01.06-15.11.54:557][  0]LogConfig: Setting CVar [[gc.SizeOfPermanentObjectPool:0]]
[2021.01.06-15.11.54:563][  0]LogConfig: Setting CVar [[gc.FlushStreamingOnGC:0]]
[2021.01.06-15.11.54:569][  0]LogConfig: Setting CVar [[gc.NumRetriesBeforeForcingGC:10]]
[2021.01.06-15.11.54:572][  0]LogConfig: Setting CVar [[gc.AllowParallelGC:1]]
[2021.01.06-15.11.54:577][  0]LogConfig: Setting CVar [[gc.TimeBetweenPurgingPendingKillObjects:61.1]]
[2021.01.06-15.11.54:579][  0]LogConfig: Setting CVar [[gc.MaxObjectsInEditor:25165824]]
[2021.01.06-15.11.54:581][  0]LogConfig: Setting CVar [[gc.IncrementalBeginDestroyEnabled:1]]
[2021.01.06-15.11.54:583][  0]LogConfig: Setting CVar [[gc.CreateGCClusters:1]]
[2021.01.06-15.11.54:586][  0]LogConfig: Setting CVar [[gc.MinGCClusterSize:5]]
[2021.01.06-15.11.54:591][  0]LogConfig: Setting CVar [[gc.ActorClusteringEnabled:0]]
[2021.01.06-15.11.54:593][  0]LogConfig: Setting CVar [[gc.BlueprintClusteringEnabled:0]]
[2021.01.06-15.11.54:596][  0]LogConfig: Setting CVar [[gc.UseDisregardForGCOnDedicatedServers:0]]
[2021.01.06-15.11.54:598][  0]LogConfig: Applying CVar settings from Section [/Script/Engine.NetworkSettings] File [C:/Users/Angelica .DESKTOP-RM5JOAJ/Documents/Learning Multiplayer/Puzzles/Puzzles/Saved/Config/Windows/Engine.ini]
[2021.01.06-15.11.54:600][  0]LogConfig: Applying CVar settings from Section [/Script/UnrealEd.CookerSettings] File [C:/Users/Angelica .DESKTOP-RM5JOAJ/Documents/Learning Multiplayer/Puzzles/Puzzles/Saved/Config/Windows/Engine.ini]
[2021.01.06-15.11.54:631][  0]LogConfig: Applying CVar settings from Section [ViewDistanceQuality@3] File [C:/Users/Angelica .DESKTOP-RM5JOAJ/Documents/Learning Multiplayer/Puzzles/Puzzles/Saved/Config/Windows/Scalability.ini]
[2021.01.06-15.11.54:632][  0]LogConfig: Setting CVar [[r.SkeletalMeshLODBias:0]]
[2021.01.06-15.11.54:640][  0]LogConfig: Setting CVar [[r.ViewDistanceScale:1.0]]
[2021.01.06-15.11.54:642][  0]LogConfig: Applying CVar settings from Section [AntiAliasingQuality@3] File [C:/Users/Angelica .DESKTOP-RM5JOAJ/Documents/Learning Multiplayer/Puzzles/Puzzles/Saved/Config/Windows/Scalability.ini]
[2021.01.06-15.11.54:646][  0]LogConfig: Setting CVar [[r.PostProcessAAQuality:4]]
[2021.01.06-15.11.54:658][  0]LogConfig: Applying CVar settings from Section [ShadowQuality@3] File [C:/Users/Angelica .DESKTOP-RM5JOAJ/Documents/Learning Multiplayer/Puzzles/Puzzles/Saved/Config/Windows/Scalability.ini]
[2021.01.06-15.11.54:660][  0]LogConfig: Setting CVar [[r.LightFunctionQuality:1]]
[2021.01.06-15.11.54:661][  0]LogConfig: Setting CVar [[r.ShadowQuality:5]]
[2021.01.06-15.11.54:663][  0]LogConfig: Setting CVar [[r.Shadow.CSM.MaxCascades:10]]
[2021.01.06-15.11.54:669][  0]LogConfig: Setting CVar [[r.Shadow.MaxResolution:2048]]
[2021.01.06-15.11.54:671][  0]LogConfig: Setting CVar [[r.Shadow.MaxCSMResolution:2048]]
[2021.01.06-15.11.54:672][  0]LogConfig: Setting CVar [[r.Shadow.RadiusThreshold:0.01]]
[2021.01.06-15.11.54:675][  0]LogConfig: Setting CVar [[r.Shadow.DistanceScale:1.0]]
[2021.01.06-15.11.54:678][  0]LogConfig: Setting CVar [[r.Shadow.CSM.TransitionScale:1.0]]
[2021.01.06-15.11.54:686][  0]LogConfig: Setting CVar [[r.Shadow.PreShadowResolutionFactor:1.0]]
[2021.01.06-15.11.54:689][  0]LogConfig: Setting CVar [[r.DistanceFieldShadowing:1]]
[2021.01.06-15.11.54:690][  0]LogConfig: Setting CVar [[r.DistanceFieldAO:1]]
[2021.01.06-15.11.54:692][  0]LogConfig: Setting CVar [[r.AOQuality:2]]
[2021.01.06-15.11.54:697][  0]LogConfig: Setting CVar [[r.VolumetricFog:1]]
[2021.01.06-15.11.54:698][  0]LogConfig: Setting CVar [[r.VolumetricFog.GridPixelSize:8]]
[2021.01.06-15.11.54:706][  0]LogConfig: Setting CVar [[r.VolumetricFog.GridSizeZ:128]]
[2021.01.06-15.11.54:708][  0]LogConfig: Setting CVar [[r.VolumetricFog.HistoryMissSupersampleCount:4]]
[2021.01.06-15.11.54:711][  0]LogConfig: Setting CVar [[r.LightMaxDrawDistanceScale:1]]
[2021.01.06-15.11.54:713][  0]LogConfig: Setting CVar [[r.CapsuleShadows:1]]
[2021.01.06-15.11.54:721][  0]LogConfig: Applying CVar settings from Section [PostProcessQuality@3] File [C:/Users/Angelica .DESKTOP-RM5JOAJ/Documents/Learning Multiplayer/Puzzles/Puzzles/Saved/Config/Windows/Scalability.ini]
[2021.01.06-15.11.54:723][  0]LogConfig: Setting CVar [[r.MotionBlurQuality:4]]
[2021.01.06-15.11.54:727][  0]LogConfig: Setting CVar [[r.AmbientOcclusionMipLevelFactor:0.4]]
[2021.01.06-15.11.54:733][  0]LogConfig: Setting CVar [[r.AmbientOcclusionMaxQuality:100]]
[2021.01.06-15.11.54:736][  0]LogConfig: Setting CVar [[r.AmbientOcclusionLevels:-1]]
[2021.01.06-15.11.54:738][  0]LogConfig: Setting CVar [[r.AmbientOcclusionRadiusScale:1.0]]
[2021.01.06-15.11.54:739][  0]LogConfig: Setting CVar [[r.DepthOfFieldQuality:2]]
[2021.01.06-15.11.54:741][  0]LogConfig: Setting CVar [[r.RenderTargetPoolMin:400]]
[2021.01.06-15.11.54:752][  0]LogConfig: Setting CVar [[r.LensFlareQuality:2]]
[2021.01.06-15.11.54:752][  0]LogConfig: Setting CVar [[r.SceneColorFringeQuality:1]]
[2021.01.06-15.11.54:756][  0]LogConfig: Setting CVar [[r.EyeAdaptationQuality:2]]
[2021.01.06-15.11.54:757][  0]LogConfig: Setting CVar [[r.BloomQuality:5]]
[2021.01.06-15.11.54:759][  0]LogConfig: Setting CVar [[r.FastBlurThreshold:100]]
[2021.01.06-15.11.54:770][  0]LogConfig: Setting CVar [[r.Upscale.Quality:3]]
[2021.01.06-15.11.54:771][  0]LogConfig: Setting CVar [[r.Tonemapper.GrainQuantization:1]]
[2021.01.06-15.11.54:772][  0]LogConfig: Setting CVar [[r.LightShaftQuality:1]]
[2021.01.06-15.11.54:774][  0]LogConfig: Setting CVar [[r.Filter.SizeScale:1]]
[2021.01.06-15.11.54:785][  0]LogConfig: Setting CVar [[r.Tonemapper.Quality:5]]
[2021.01.06-15.11.54:787][  0]LogConfig: Setting CVar [[r.DOF.Gather.AccumulatorQuality:1        ; higher gathering accumulator quality]]
[2021.01.06-15.11.54:791][  0]LogConfig: Setting CVar [[r.DOF.Gather.PostfilterMethod:1          ; Median3x3 postfilering method]]
[2021.01.06-15.11.54:793][  0]LogConfig: Setting CVar [[r.DOF.Gather.EnableBokehSettings:0       ; no bokeh simulation when gathering]]
[2021.01.06-15.11.54:802][  0]LogConfig: Setting CVar [[r.DOF.Gather.RingCount:4                 ; medium number of samples when gathering]]
[2021.01.06-15.11.54:803][  0]LogConfig: Setting CVar [[r.DOF.Scatter.ForegroundCompositing:1    ; additive foreground scattering]]
[2021.01.06-15.11.54:807][  0]LogConfig: Setting CVar [[r.DOF.Scatter.BackgroundCompositing:2    ; additive background scattering]]
[2021.01.06-15.11.54:809][  0]LogConfig: Setting CVar [[r.DOF.Scatter.EnableBokehSettings:1      ; bokeh simulation when scattering]]
[2021.01.06-15.11.54:817][  0]LogConfig: Setting CVar [[r.DOF.Scatter.MaxSpriteRatio:0.1         ; only a maximum of 10% of scattered bokeh]]
[2021.01.06-15.11.54:822][  0]LogConfig: Setting CVar [[r.DOF.Recombine.Quality:1                ; cheap slight out of focus]]
[2021.01.06-15.11.54:826][  0]LogConfig: Setting CVar [[r.DOF.Recombine.EnableBokehSettings:0    ; no bokeh simulation on slight out of focus]]
[2021.01.06-15.11.54:833][  0]LogConfig: Setting CVar [[r.DOF.TemporalAAQuality:1                ; more stable temporal accumulation]]
[2021.01.06-15.11.54:836][  0]LogConfig: Setting CVar [[r.DOF.Kernel.MaxForegroundRadius:0.025]]
[2021.01.06-15.11.54:838][  0]LogConfig: Setting CVar [[r.DOF.Kernel.MaxBackgroundRadius:0.025]]
[2021.01.06-15.11.54:840][  0]LogConfig: Applying CVar settings from Section [TextureQuality@3] File [C:/Users/Angelica .DESKTOP-RM5JOAJ/Documents/Learning Multiplayer/Puzzles/Puzzles/Saved/Config/Windows/Scalability.ini]
[2021.01.06-15.11.54:842][  0]LogConfig: Setting CVar [[r.Streaming.MipBias:0]]
[2021.01.06-15.11.54:856][  0]LogConfig: Setting CVar [[r.Streaming.AmortizeCPUToGPUCopy:0]]
[2021.01.06-15.11.54:857][  0]LogConfig: Setting CVar [[r.Streaming.MaxNumTexturesToStreamPerFrame:0]]
[2021.01.06-15.11.54:859][  0]LogConfig: Setting CVar [[r.Streaming.Boost:1]]
[2021.01.06-15.11.54:870][  0]LogConfig: Setting CVar [[r.MaxAnisotropy:8]]
[2021.01.06-15.11.54:871][  0]LogConfig: Setting CVar [[r.VT.MaxAnisotropy:8]]
[2021.01.06-15.11.54:873][  0]LogConfig: Setting CVar [[r.Streaming.LimitPoolSizeToVRAM:0]]
[2021.01.06-15.11.54:875][  0]LogConfig: Setting CVar [[r.Streaming.PoolSize:1000]]
[2021.01.06-15.11.54:887][  0]LogConfig: Setting CVar [[r.Streaming.MaxEffectiveScreenSize:0]]
[2021.01.06-15.11.54:888][  0]LogConfig: Applying CVar settings from Section [EffectsQuality@3] File [C:/Users/Angelica .DESKTOP-RM5JOAJ/Documents/Learning Multiplayer/Puzzles/Puzzles/Saved/Config/Windows/Scalability.ini]
[2021.01.06-15.11.54:891][  0]LogConfig: Setting CVar [[r.TranslucencyLightingVolumeDim:64]]
[2021.01.06-15.11.54:893][  0]LogConfig: Setting CVar [[r.RefractionQuality:2]]
[2021.01.06-15.11.54:907][  0]LogConfig: Setting CVar [[r.SSR.Quality:3]]
[2021.01.06-15.11.54:910][  0]LogConfig: Setting CVar [[r.SSR.HalfResSceneColor:0]]
[2021.01.06-15.11.54:911][  0]LogConfig: Setting CVar [[r.SceneColorFormat:4]]
[2021.01.06-15.11.54:922][  0]LogConfig: Setting CVar [[r.DetailMode:2]]
[2021.01.06-15.11.54:931][  0]LogConfig: Setting CVar [[r.TranslucencyVolumeBlur:1]]
[2021.01.06-15.11.54:932][  0]LogConfig: Setting CVar [[r.MaterialQualityLevel:1 ; High quality]]
[2021.01.06-15.11.54:936][  0]LogConfig: Setting CVar [[r.SSS.Scale:1]]
[2021.01.06-15.11.54:938][  0]LogConfig: Setting CVar [[r.SSS.SampleSet:2]]
[2021.01.06-15.11.54:952][  0]LogConfig: Setting CVar [[r.SSS.Quality:1]]
[2021.01.06-15.11.54:953][  0]LogConfig: Setting CVar [[r.SSS.HalfRes:0]]
[2021.01.06-15.11.54:960][  0]LogConfig: Setting CVar [[r.SSGI.Quality:3]]
[2021.01.06-15.11.54:968][  0]LogConfig: Setting CVar [[r.EmitterSpawnRateScale:1.0]]
[2021.01.06-15.11.54:969][  0]LogConfig: Setting CVar [[r.ParticleLightQuality:2]]
[2021.01.06-15.11.54:972][  0]LogConfig: Setting CVar [[r.SkyAtmosphere.AerialPerspectiveLUT.FastApplyOnOpaque:1 ; Always have FastSkyLUT 1 in this case to avoid wrong sky]]
[2021.01.06-15.11.54:973][  0]LogConfig: Setting CVar [[r.SkyAtmosphere.AerialPerspectiveLUT.SampleCountPerSlice:1]]
[2021.01.06-15.11.54:978][  0]LogConfig: Setting CVar [[r.SkyAtmosphere.AerialPerspectiveLUT.DepthResolution:16.0]]
[2021.01.06-15.11.54:992][  0]LogConfig: Setting CVar [[r.SkyAtmosphere.FastSkyLUT:1]]
[2021.01.06-15.11.54:992][  0]LogConfig: Setting CVar [[r.SkyAtmosphere.FastSkyLUT.SampleCountMin:4.0]]
[2021.01.06-15.11.54:995][  0]LogConfig: Setting CVar [[r.SkyAtmosphere.FastSkyLUT.SampleCountMax:32.0]]
[2021.01.06-15.11.55:003][  0]LogConfig: Setting CVar [[r.SkyAtmosphere.SampleCountMin:4.0]]
[2021.01.06-15.11.55:009][  0]LogConfig: Setting CVar [[r.SkyAtmosphere.SampleCountMax:32.0]]
[2021.01.06-15.11.55:011][  0]LogConfig: Setting CVar [[r.SkyAtmosphere.TransmittanceLUT.UseSmallFormat:0]]
[2021.01.06-15.11.55:027][  0]LogConfig: Setting CVar [[r.SkyAtmosphere.TransmittanceLUT.SampleCount:10.0]]
[2021.01.06-15.11.55:032][  0]LogConfig: Setting CVar [[r.SkyAtmosphere.MultiScatteringLUT.SampleCount:15.0]]
[2021.01.06-15.11.55:039][  0]LogConfig: Applying CVar settings from Section [FoliageQuality@3] File [C:/Users/Angelica .DESKTOP-RM5JOAJ/Documents/Learning Multiplayer/Puzzles/Puzzles/Saved/Config/Windows/Scalability.ini]
[2021.01.06-15.11.55:040][  0]LogConfig: Setting CVar [[foliage.DensityScale:1.0]]
[2021.01.06-15.11.55:042][  0]LogConfig: Setting CVar [[grass.DensityScale:1.0]]
[2021.01.06-15.11.55:047][  0]LogConfig: Applying CVar settings from Section [ShadingQuality@3] File [C:/Users/Angelica .DESKTOP-RM5JOAJ/Documents/Learning Multiplayer/Puzzles/Puzzles/Saved/Config/Windows/Scalability.ini]
[2021.01.06-15.11.55:053][  0]LogConfig: Setting CVar [[r.HairStrands.SkyLighting.SampleCount:16]]
[2021.01.06-15.11.55:057][  0]LogConfig: Setting CVar [[r.HairStrands.SkyLighting.JitterIntegration:0]]
[2021.01.06-15.11.55:058][  0]LogConfig: Setting CVar [[r.HairStrands.SkyAO.SampleCount:16]]
[2021.01.06-15.11.55:061][  0]LogConfig: Setting CVar [[r.HairStrands.DeepShadow.SuperSampling:0]]
[2021.01.06-15.11.55:062][  0]LogConfig: Setting CVar [[r.HairStrands.VisibilityPPLL:0]]
[2021.01.06-15.11.55:074][  0]LogConfig: Setting CVar [[r.HairStrands.RasterizationScale:0.5]]
[2021.01.06-15.11.55:079][  0]LogConfig: Setting CVar [[r.HairStrands.VelocityRasterizationScale:1]]
[2021.01.06-15.11.55:082][  0]LogInit: Selected Device Profile: [Windows]
[2021.01.06-15.11.55:096][  0]LogInit: Applying CVar settings loaded from the selected device profile: [Windows]
[2021.01.06-15.11.55:097][  0]LogHAL: Display: Platform has ~ 16 GB [17052516352 / 17179869184 / 16], which maps to Larger [LargestMinGB=32, LargerMinGB=12, DefaultMinGB=8, SmallerMinGB=6, SmallestMinGB=0)
[2021.01.06-15.11.55:099][  0]LogInit: Going up to parent DeviceProfile []
[2021.01.06-15.11.55:111][  0]LogConfig: Applying CVar settings from Section [ViewDistanceQuality@3] File [C:/Users/Angelica .DESKTOP-RM5JOAJ/Documents/Learning Multiplayer/Puzzles/Puzzles/Saved/Config/Windows/Scalability.ini]
[2021.01.06-15.11.55:112][  0]LogConfig: Setting CVar [[r.SkeletalMeshLODBias:0]]
[2021.01.06-15.11.55:116][  0]LogConfig: Setting CVar [[r.ViewDistanceScale:1.0]]
[2021.01.06-15.11.55:122][  0]LogConfig: Applying CVar settings from Section [AntiAliasingQuality@3] File [C:/Users/Angelica .DESKTOP-RM5JOAJ/Documents/Learning Multiplayer/Puzzles/Puzzles/Saved/Config/Windows/Scalability.ini]
[2021.01.06-15.11.55:125][  0]LogConfig: Setting CVar [[r.PostProcessAAQuality:4]]
[2021.01.06-15.11.55:127][  0]LogConfig: Applying CVar settings from Section [ShadowQuality@3] File [C:/Users/Angelica .DESKTOP-RM5JOAJ/Documents/Learning Multiplayer/Puzzles/Puzzles/Saved/Config/Windows/Scalability.ini]
[2021.01.06-15.11.55:128][  0]LogConfig: Setting CVar [[r.LightFunctionQuality:1]]
[2021.01.06-15.11.55:136][  0]LogConfig: Setting CVar [[r.ShadowQuality:5]]
[2021.01.06-15.11.55:138][  0]LogConfig: Setting CVar [[r.Shadow.CSM.MaxCascades:10]]
[2021.01.06-15.11.55:142][  0]LogConfig: Setting CVar [[r.Shadow.MaxResolution:2048]]
[2021.01.06-15.11.55:150][  0]LogConfig: Setting CVar [[r.Shadow.MaxCSMResolution:2048]]
[2021.01.06-15.11.55:151][  0]LogConfig: Setting CVar [[r.Shadow.RadiusThreshold:0.01]]
[2021.01.06-15.11.55:153][  0]LogConfig: Setting CVar [[r.Shadow.DistanceScale:1.0]]
[2021.01.06-15.11.55:157][  0]LogConfig: Setting CVar [[r.Shadow.CSM.TransitionScale:1.0]]
[2021.01.06-15.11.55:158][  0]LogConfig: Setting CVar [[r.Shadow.PreShadowResolutionFactor:1.0]]
[2021.01.06-15.11.55:168][  0]LogConfig: Setting CVar [[r.DistanceFieldShadowing:1]]
[2021.01.06-15.11.55:170][  0]LogConfig: Setting CVar [[r.DistanceFieldAO:1]]
[2021.01.06-15.11.55:172][  0]LogConfig: Setting CVar [[r.AOQuality:2]]
[2021.01.06-15.11.55:173][  0]LogConfig: Setting CVar [[r.VolumetricFog:1]]
[2021.01.06-15.11.55:176][  0]LogConfig: Setting CVar [[r.VolumetricFog.GridPixelSize:8]]
[2021.01.06-15.11.55:183][  0]LogConfig: Setting CVar [[r.VolumetricFog.GridSizeZ:128]]
[2021.01.06-15.11.55:187][  0]LogConfig: Setting CVar [[r.VolumetricFog.HistoryMissSupersampleCount:4]]
[2021.01.06-15.11.55:189][  0]LogConfig: Setting CVar [[r.LightMaxDrawDistanceScale:1]]
[2021.01.06-15.11.55:191][  0]LogConfig: Setting CVar [[r.CapsuleShadows:1]]
[2021.01.06-15.11.55:200][  0]LogConfig: Applying CVar settings from Section [PostProcessQuality@3] File [C:/Users/Angelica .DESKTOP-RM5JOAJ/Documents/Learning Multiplayer/Puzzles/Puzzles/Saved/Config/Windows/Scalability.ini]
[2021.01.06-15.11.55:202][  0]LogConfig: Setting CVar [[r.MotionBlurQuality:4]]
[2021.01.06-15.11.55:203][  0]LogConfig: Setting CVar [[r.AmbientOcclusionMipLevelFactor:0.4]]
[2021.01.06-15.11.55:207][  0]LogConfig: Setting CVar [[r.AmbientOcclusionMaxQuality:100]]
[2021.01.06-15.11.55:226][  0]LogConfig: Setting CVar [[r.AmbientOcclusionLevels:-1]]
[2021.01.06-15.11.55:228][  0]LogConfig: Setting CVar [[r.AmbientOcclusionRadiusScale:1.0]]
[2021.01.06-15.11.55:230][  0]LogConfig: Setting CVar [[r.DepthOfFieldQuality:2]]
[2021.01.06-15.11.55:232][  0]LogConfig: Setting CVar [[r.RenderTargetPoolMin:400]]
[2021.01.06-15.11.55:240][  0]LogConfig: Setting CVar [[r.LensFlareQuality:2]]
[2021.01.06-15.11.55:246][  0]LogConfig: Setting CVar [[r.SceneColorFringeQuality:1]]
[2021.01.06-15.11.55:251][  0]LogConfig: Setting CVar [[r.EyeAdaptationQuality:2]]
[2021.01.06-15.11.55:252][  0]LogConfig: Setting CVar [[r.BloomQuality:5]]
[2021.01.06-15.11.55:256][  0]LogConfig: Setting CVar [[r.FastBlurThreshold:100]]
[2021.01.06-15.11.55:257][  0]LogConfig: Setting CVar [[r.Upscale.Quality:3]]
[2021.01.06-15.11.55:258][  0]LogConfig: Setting CVar [[r.Tonemapper.GrainQuantization:1]]
[2021.01.06-15.11.55:266][  0]LogConfig: Setting CVar [[r.LightShaftQuality:1]]
[2021.01.06-15.11.55:268][  0]LogConfig: Setting CVar [[r.Filter.SizeScale:1]]
[2021.01.06-15.11.55:270][  0]LogConfig: Setting CVar [[r.Tonemapper.Quality:5]]
[2021.01.06-15.11.55:272][  0]LogConfig: Setting CVar [[r.DOF.Gather.AccumulatorQuality:1        ; higher gathering accumulator quality]]
[2021.01.06-15.11.55:276][  0]LogConfig: Setting CVar [[r.DOF.Gather.PostfilterMethod:1          ; Median3x3 postfilering method]]
[2021.01.06-15.11.55:286][  0]LogConfig: Setting CVar [[r.DOF.Gather.EnableBokehSettings:0       ; no bokeh simulation when gathering]]
[2021.01.06-15.11.55:288][  0]LogConfig: Setting CVar [[r.DOF.Gather.RingCount:4                 ; medium number of samples when gathering]]
[2021.01.06-15.11.55:289][  0]LogConfig: Setting CVar [[r.DOF.Scatter.ForegroundCompositing:1    ; additive foreground scattering]]
[2021.01.06-15.11.55:291][  0]LogConfig: Setting CVar [[r.DOF.Scatter.BackgroundCompositing:2    ; additive background scattering]]
[2021.01.06-15.11.55:299][  0]LogConfig: Setting CVar [[r.DOF.Scatter.EnableBokehSettings:1      ; bokeh simulation when scattering]]
[2021.01.06-15.11.55:301][  0]LogConfig: Setting CVar [[r.DOF.Scatter.MaxSpriteRatio:0.1         ; only a maximum of 10% of scattered bokeh]]
[2021.01.06-15.11.55:303][  0]LogConfig: Setting CVar [[r.DOF.Recombine.Quality:1                ; cheap slight out of focus]]
[2021.01.06-15.11.55:306][  0]LogConfig: Setting CVar [[r.DOF.Recombine.EnableBokehSettings:0    ; no bokeh simulation on slight out of focus]]
[2021.01.06-15.11.55:313][  0]LogConfig: Setting CVar [[r.DOF.TemporalAAQuality:1                ; more stable temporal accumulation]]
[2021.01.06-15.11.55:317][  0]LogConfig: Setting CVar [[r.DOF.Kernel.MaxForegroundRadius:0.025]]
[2021.01.06-15.11.55:319][  0]LogConfig: Setting CVar [[r.DOF.Kernel.MaxBackgroundRadius:0.025]]
[2021.01.06-15.11.55:323][  0]LogConfig: Applying CVar settings from Section [TextureQuality@3] File [C:/Users/Angelica .DESKTOP-RM5JOAJ/Documents/Learning Multiplayer/Puzzles/Puzzles/Saved/Config/Windows/Scalability.ini]
[2021.01.06-15.11.55:328][  0]LogConfig: Setting CVar [[r.Streaming.MipBias:0]]
[2021.01.06-15.11.55:330][  0]LogConfig: Setting CVar [[r.Streaming.AmortizeCPUToGPUCopy:0]]
[2021.01.06-15.11.55:332][  0]LogConfig: Setting CVar [[r.Streaming.MaxNumTexturesToStreamPerFrame:0]]
[2021.01.06-15.11.55:334][  0]LogConfig: Setting CVar [[r.Streaming.Boost:1]]
[2021.01.06-15.11.55:338][  0]LogConfig: Setting CVar [[r.MaxAnisotropy:8]]
[2021.01.06-15.11.55:343][  0]LogConfig: Setting CVar [[r.VT.MaxAnisotropy:8]]
[2021.01.06-15.11.55:346][  0]LogConfig: Setting CVar [[r.Streaming.LimitPoolSizeToVRAM:0]]
[2021.01.06-15.11.55:347][  0]LogConfig: Setting CVar [[r.Streaming.PoolSize:1000]]
[2021.01.06-15.11.55:349][  0]LogConfig: Setting CVar [[r.Streaming.MaxEffectiveScreenSize:0]]
[2021.01.06-15.11.55:351][  0]LogConfig: Applying CVar settings from Section [EffectsQuality@3] File [C:/Users/Angelica .DESKTOP-RM5JOAJ/Documents/Learning Multiplayer/Puzzles/Puzzles/Saved/Config/Windows/Scalability.ini]
[2021.01.06-15.11.55:353][  0]LogConfig: Setting CVar [[r.TranslucencyLightingVolumeDim:64]]
[2021.01.06-15.11.55:363][  0]LogConfig: Setting CVar [[r.RefractionQuality:2]]
[2021.01.06-15.11.55:368][  0]LogConfig: Setting CVar [[r.SSR.Quality:3]]
[2021.01.06-15.11.55:369][  0]LogConfig: Setting CVar [[r.SSR.HalfResSceneColor:0]]
[2021.01.06-15.11.55:372][  0]LogConfig: Setting CVar [[r.SceneColorFormat:4]]
[2021.01.06-15.11.55:381][  0]LogConfig: Setting CVar [[r.DetailMode:2]]
[2021.01.06-15.11.55:382][  0]LogConfig: Setting CVar [[r.TranslucencyVolumeBlur:1]]
[2021.01.06-15.11.55:383][  0]LogConfig: Setting CVar [[r.MaterialQualityLevel:1 ; High quality]]
[2021.01.06-15.11.55:387][  0]LogConfig: Setting CVar [[r.SSS.Scale:1]]
[2021.01.06-15.11.55:388][  0]LogConfig: Setting CVar [[r.SSS.SampleSet:2]]
[2021.01.06-15.11.55:389][  0]LogConfig: Setting CVar [[r.SSS.Quality:1]]
[2021.01.06-15.11.55:398][  0]LogConfig: Setting CVar [[r.SSS.HalfRes:0]]
[2021.01.06-15.11.55:399][  0]LogConfig: Setting CVar [[r.SSGI.Quality:3]]
[2021.01.06-15.11.55:402][  0]LogConfig: Setting CVar [[r.EmitterSpawnRateScale:1.0]]
[2021.01.06-15.11.55:403][  0]LogConfig: Setting CVar [[r.ParticleLightQuality:2]]
[2021.01.06-15.11.55:411][  0]LogConfig: Setting CVar [[r.SkyAtmosphere.AerialPerspectiveLUT.FastApplyOnOpaque:1 ; Always have FastSkyLUT 1 in this case to avoid wrong sky]]
[2021.01.06-15.11.55:412][  0]LogConfig: Setting CVar [[r.SkyAtmosphere.AerialPerspectiveLUT.SampleCountPerSlice:1]]
[2021.01.06-15.11.55:426][  0]LogConfig: Setting CVar [[r.SkyAtmosphere.AerialPerspectiveLUT.DepthResolution:16.0]]
[2021.01.06-15.11.55:436][  0]LogConfig: Setting CVar [[r.SkyAtmosphere.FastSkyLUT:1]]
[2021.01.06-15.11.55:437][  0]LogConfig: Setting CVar [[r.SkyAtmosphere.FastSkyLUT.SampleCountMin:4.0]]
[2021.01.06-15.11.55:439][  0]LogConfig: Setting CVar [[r.SkyAtmosphere.FastSkyLUT.SampleCountMax:32.0]]
[2021.01.06-15.11.55:442][  0]LogConfig: Setting CVar [[r.SkyAtmosphere.SampleCountMin:4.0]]
[2021.01.06-15.11.55:443][  0]LogConfig: Setting CVar [[r.SkyAtmosphere.SampleCountMax:32.0]]
[2021.01.06-15.11.55:450][  0]LogConfig: Setting CVar [[r.SkyAtmosphere.TransmittanceLUT.UseSmallFormat:0]]
[2021.01.06-15.11.55:452][  0]LogConfig: Setting CVar [[r.SkyAtmosphere.TransmittanceLUT.SampleCount:10.0]]
[2021.01.06-15.11.55:454][  0]LogConfig: Setting CVar [[r.SkyAtmosphere.MultiScatteringLUT.SampleCount:15.0]]
[2021.01.06-15.11.55:457][  0]LogConfig: Applying CVar settings from Section [FoliageQuality@3] File [C:/Users/Angelica .DESKTOP-RM5JOAJ/Documents/Learning Multiplayer/Puzzles/Puzzles/Saved/Config/Windows/Scalability.ini]
[2021.01.06-15.11.55:458][  0]LogConfig: Setting CVar [[foliage.DensityScale:1.0]]
[2021.01.06-15.11.55:472][  0]LogConfig: Setting CVar [[grass.DensityScale:1.0]]
[2021.01.06-15.11.55:473][  0]LogConfig: Applying CVar settings from Section [ShadingQuality@3] File [C:/Users/Angelica .DESKTOP-RM5JOAJ/Documents/Learning Multiplayer/Puzzles/Puzzles/Saved/Config/Windows/Scalability.ini]
[2021.01.06-15.11.55:477][  0]LogConfig: Setting CVar [[r.HairStrands.SkyLighting.SampleCount:16]]
[2021.01.06-15.11.55:485][  0]LogConfig: Setting CVar [[r.HairStrands.SkyLighting.JitterIntegration:0]]
[2021.01.06-15.11.55:487][  0]LogConfig: Setting CVar [[r.HairStrands.SkyAO.SampleCount:16]]
[2021.01.06-15.11.55:489][  0]LogConfig: Setting CVar [[r.HairStrands.DeepShadow.SuperSampling:0]]
[2021.01.06-15.11.55:491][  0]LogConfig: Setting CVar [[r.HairStrands.VisibilityPPLL:0]]
[2021.01.06-15.11.55:494][  0]LogConfig: Setting CVar [[r.HairStrands.RasterizationScale:0.5]]
[2021.01.06-15.11.55:502][  0]LogConfig: Setting CVar [[r.HairStrands.VelocityRasterizationScale:1]]
[2021.01.06-15.11.55:504][  0]LogConfig: Applying CVar settings from Section [Startup] File [../../../Engine/Config/ConsoleVariables.ini]
[2021.01.06-15.11.55:509][  0]LogConfig: Setting CVar [[net.UseAdaptiveNetUpdateFrequency:0]]
[2021.01.06-15.11.55:514][  0]LogConfig: Setting CVar [[p.chaos.AllowCreatePhysxBodies:1]]
[2021.01.06-15.11.55:521][  0]LogConfig: Setting CVar [[fx.SkipVectorVMBackendOptimizations:1]]
[2021.01.06-15.11.55:527][  0]LogConfig: Applying CVar settings from Section [ConsoleVariables] File [C:/Users/Angelica .DESKTOP-RM5JOAJ/Documents/Learning Multiplayer/Puzzles/Puzzles/Saved/Config/Windows/Engine.ini]
[2021.01.06-15.11.55:528][  0]LogInit: Computer: SKETCH-PC
[2021.01.06-15.11.55:530][  0]LogInit: User: Angelica
[2021.01.06-15.11.55:532][  0]LogInit: CPU Page size=4096, Cores=2
[2021.01.06-15.11.55:533][  0]LogInit: High frequency timer resolution =10.000000 MHz
[2021.01.06-15.11.55:538][  0]LogMemory: Memory total: Physical=15.9GB (16GB approx)
[2021.01.06-15.11.55:542][  0]LogMemory: Platform Memory Stats for Windows
[2021.01.06-15.11.55:544][  0]LogMemory: Process Physical Memory: 114.76 MB used, 114.76 MB peak
[2021.01.06-15.11.55:546][  0]LogMemory: Process Virtual Memory: 103.12 MB used, 103.12 MB peak
[2021.01.06-15.11.55:548][  0]LogMemory: Physical Memory: 11159.97 MB used,  5102.57 MB free, 16262.55 MB total
[2021.01.06-15.11.55:550][  0]LogMemory: Virtual Memory: 5131.01 MB used,  134212600.00 MB free, 134217728.00 MB total
[2021.01.06-15.11.55:594][  0]LogWindows: WindowsPlatformFeatures enabled
[2021.01.06-15.11.55:766][  0]LogInit: Physics initialised using underlying interface: PhysX
[2021.01.06-15.11.55:768][  0]LogInit: Using OS detected language (en-US).
[2021.01.06-15.11.55:771][  0]LogInit: Using OS detected locale (en-US).
[2021.01.06-15.11.55:804][  0]LogTextLocalizationManager: No specific localization for 'en-US' exists, so the 'en' localization will be used.
[2021.01.06-15.11.57:390][  0]LogSlate: New Slate User Created.  User Index 0, Is Virtual User: 0
[2021.01.06-15.11.57:477][  0]LogSlate: Slate User Registered.  User Index 0, Is Virtual User: 0
[2021.01.06-15.11.57:570][  0]LogHMD: Failed to initialize OpenVR with code 110
[2021.01.06-15.11.57:629][  0]LogD3D11RHI: D3D11 min allowed feature level: 11_0
[2021.01.06-15.11.57:678][  0]LogD3D11RHI: D3D11 max allowed feature level: 11_0
[2021.01.06-15.11.57:743][  0]LogD3D11RHI: D3D11 adapters:
[2021.01.06-15.11.58:607][  0]LogD3D11RHI:    0. 'Intel(R) HD Graphics 620' (Feature Level 11_0)
[2021.01.06-15.11.58:637][  0]LogD3D11RHI:       128/0/8131 MB DedicatedVideo/DedicatedSystem/SharedSystem, Outputs:2, VendorId:0x8086
[2021.01.06-15.11.58:661][  0]LogD3D11RHI:    1. 'Microsoft Basic Render Driver' (Feature Level 11_0)
[2021.01.06-15.11.58:662][  0]LogD3D11RHI:       0/0/8131 MB DedicatedVideo/DedicatedSystem/SharedSystem, Outputs:0, VendorId:0x1414
[2021.01.06-15.11.58:688][  0]LogD3D11RHI:    2. 'Microsoft Basic Render Driver' (Feature Level 11_0)
[2021.01.06-15.11.58:690][  0]LogD3D11RHI:       0/0/8131 MB DedicatedVideo/DedicatedSystem/SharedSystem, Outputs:0, VendorId:0x1414
[2021.01.06-15.11.58:704][  0]LogD3D11RHI:    3. 'Microsoft Basic Render Driver' (Feature Level 11_0)
[2021.01.06-15.11.58:705][  0]LogD3D11RHI:       0/0/8131 MB DedicatedVideo/DedicatedSystem/SharedSystem, Outputs:0, VendorId:0x1414
[2021.01.06-15.11.58:717][  0]LogD3D11RHI:    4. 'Microsoft Basic Render Driver' (Feature Level 11_0)
[2021.01.06-15.11.58:718][  0]LogD3D11RHI:       0/0/8131 MB DedicatedVideo/DedicatedSystem/SharedSystem, Outputs:0, VendorId:0x1414
[2021.01.06-15.11.58:721][  0]LogD3D11RHI: Chosen D3D11 Adapter: 0
[2021.01.06-15.11.58:755][  0]LogD3D11RHI: Creating new Direct3DDevice
[2021.01.06-15.11.58:799][  0]LogD3D11RHI:     GPU DeviceId: 0x5916 (for the marketing name, search the web for "GPU Device Id")
[2021.01.06-15.11.58:816][  0]LogWindows: EnumDisplayDevices:
[2021.01.06-15.11.58:825][  0]LogWindows:    0. 'Intel(R) HD Graphics 620' (P:0 D:1)
[2021.01.06-15.11.58:829][  0]LogWindows:    1. 'Intel(R) HD Graphics 620' (P:0 D:0)
[2021.01.06-15.11.58:831][  0]LogWindows:    2. 'Intel(R) HD Graphics 620' (P:0 D:0)
[2021.01.06-15.11.58:833][  0]LogWindows:    3. 'MS Idd Device' (P:0 D:0)
[2021.01.06-15.11.58:842][  0]LogWindows:    4. 'MS Idd Device' (P:0 D:0)
[2021.01.06-15.11.58:848][  0]LogWindows:    5. 'MS Idd Device' (P:1 D:1)
[2021.01.06-15.11.58:858][  0]LogWindows: DebugString: GetVideoDriverDetailsInvalid PrimaryIsNotTheChoosenAdapter GetVideoDriverDetailsInvalid PrimaryIsNotTheChoosenAdapter GetVideoDriverDetailsInvalid PrimaryIsNotTheChoosenAdapter FoundDriverCount:3 
[2021.01.06-15.11.58:860][  0]LogD3D11RHI:     Adapter Name: Intel(R) HD Graphics 620
[2021.01.06-15.11.58:862][  0]LogD3D11RHI:   Driver Version: 24.20.100.6344 (internal:24.20.100.6344, unified:24.20.100.6344)
[2021.01.06-15.11.58:864][  0]LogD3D11RHI:      Driver Date: 11-10-2018
[2021.01.06-15.11.58:866][  0]LogRHI: Texture pool is 1523 MB (70% of 2176 MB)
[2021.01.06-15.11.58:899][  0]LogD3D11RHI: [IntelMetricsDiscovery] Failed to initialize context. Result=00000002
[2021.01.06-15.11.59:728][  0]LogD3D11RHI: RHI does not have support for 64 bit atomics
[2021.01.06-15.11.59:758][  0]LogD3D11RHI: Async texture creation enabled
[2021.01.06-15.11.59:763][  0]LogD3D11RHI: Array index from any shader is supported
[2021.01.06-15.11.59:842][  0]LogD3D11RHI: GPU Timing Frequency: 12.000048 (Debug: 2 0)
[2021.01.06-15.12.02:722][  0]LogTargetPlatformManager: Display: Loaded TargetPlatform 'WindowsNoEditor'
[2021.01.06-15.12.02:760][  0]LogTargetPlatformManager: Display: Loaded TargetPlatform 'Windows'
[2021.01.06-15.12.02:841][  0]LogTargetPlatformManager: Display: Loaded TargetPlatform 'WindowsClient'
[2021.01.06-15.12.02:941][  0]LogTargetPlatformManager: Display: Loaded TargetPlatform 'WindowsServer'
[2021.01.06-15.12.02:948][  0]LogTargetPlatformManager: Display: Building Assets For Windows
[2021.01.06-15.12.03:023][  0]LogAudioDebug: Display: Lib vorbis DLL was dynamically loaded.
[2021.01.06-15.12.03:528][  0]LogShaderCompilers: Guid format shader working directory is -31 characters bigger than the processId version (../../../../../../Users/Angelica .DESKTOP-RM5JOAJ/Documents/Learning Multiplayer/Puzzles/Puzzles/Intermediate/Shaders/WorkingDirectory/10952/).
[2021.01.06-15.12.03:548][  0]LogShaderCompilers: Cleaned the shader compiler working directory 'C:/Users/Angelica .DESKTOP-RM5JOAJ/AppData/Local/Temp/UnrealShaderWorkingDir/1C23E74B4DF1D3337760B3ADAFB5DB6E/'.
[2021.01.06-15.12.03:571][  0]LogXGEController: Cannot use XGE Controller as Incredibuild is not installed on this machine.
[2021.01.06-15.12.03:577][  0]LogShaderCompilers: Cannot use XGE Shader Compiler as Incredibuild is not installed on this machine.
[2021.01.06-15.12.03:579][  0]LogShaderCompilers: Display: Using Local Shader Compiler.
[2021.01.06-15.12.09:637][  0]LogDerivedDataCache: Display: Max Cache Size: 512 MB
[2021.01.06-15.12.09:950][  0]LogDerivedDataCache: Loaded boot cache 0.31s 83MB C:/Users/Angelica .DESKTOP-RM5JOAJ/AppData/Local/UnrealEngine/4.25/DerivedDataCache/Boot.ddc.
[2021.01.06-15.12.09:976][  0]LogDerivedDataCache: Display: Loaded Boot cache: C:/Users/Angelica .DESKTOP-RM5JOAJ/AppData/Local/UnrealEngine/4.25/DerivedDataCache/Boot.ddc
[2021.01.06-15.12.10:012][  0]LogDerivedDataCache: FDerivedDataBackendGraph:  Pak pak cache file ../../../../../../Users/Angelica .DESKTOP-RM5JOAJ/Documents/Learning Multiplayer/Puzzles/Puzzles/DerivedDataCache/DDC.ddp not found, will not use a pak cache.
[2021.01.06-15.12.10:019][  0]LogDerivedDataCache: Unable to find inner node Pak for hierarchical cache Hierarchy.
[2021.01.06-15.12.10:023][  0]LogDerivedDataCache: FDerivedDataBackendGraph:  CompressedPak pak cache file ../../../../../../Users/Angelica .DESKTOP-RM5JOAJ/Documents/Learning Multiplayer/Puzzles/Puzzles/DerivedDataCache/Compressed.ddp not found, will not use a pak cache.
[2021.01.06-15.12.10:026][  0]LogDerivedDataCache: Unable to find inner node CompressedPak for hierarchical cache Hierarchy.
[2021.01.06-15.12.10:098][  0]LogDerivedDataCache: Display: Pak cache opened for reading ../../../Engine/DerivedDataCache/Compressed.ddp.
[2021.01.06-15.12.10:101][  0]LogDerivedDataCache: FDerivedDataBackendGraph:  EnterprisePak pak cache file ../../../Enterprise/DerivedDataCache/Compressed.ddp not found, will not use a pak cache.
[2021.01.06-15.12.10:107][  0]LogDerivedDataCache: Unable to find inner node EnterprisePak for hierarchical cache Hierarchy.
[2021.01.06-15.12.10:115][  0]LogDerivedDataCache: Using Local data cache path C:/Users/Angelica .DESKTOP-RM5JOAJ/AppData/Local/UnrealEngine/Common/DerivedDataCache: Writable
[2021.01.06-15.12.10:119][  0]LogDerivedDataCache: Shared data cache path not found in *engine.ini, will not use an Shared cache.
[2021.01.06-15.12.10:121][  0]LogDerivedDataCache: Unable to find inner node Shared for hierarchical cache Hierarchy.
[2021.01.06-15.12.10:459][  0]LogSlate: Using FreeType 2.10.0
[2021.01.06-15.12.10:462][  0]LogSlate: SlateFontServices - WITH_FREETYPE: 1, WITH_HARFBUZZ: 1
[2021.01.06-15.12.11:186][  0]LogInit: Using OS detected language (en-US).
[2021.01.06-15.12.11:193][  0]LogInit: Using OS detected locale (en-US).
[2021.01.06-15.12.11:200][  0]LogTextLocalizationManager: No localization for 'en-US' exists, so 'en' will be used for the language.
[2021.01.06-15.12.11:202][  0]LogTextLocalizationManager: No localization for 'en-US' exists, so 'en' will be used for the locale.
[2021.01.06-15.12.11:204][  0]LogSlate: FontCache flush requested. Reason: Culture for localization was changed
[2021.01.06-15.12.11:207][  0]LogSlate: FontCache flush requested. Reason: Culture for localization was changed
[2021.01.06-15.12.11:225][  0]LogTextLocalizationManager: Compacting localization data took   0.01ms
[2021.01.06-15.12.11:244][  0]LogAssetRegistry: FAssetRegistry took 0.0114 seconds to start up
[2021.01.06-15.12.12:881][  0]LogPackageLocalizationCache: Processed 19 localized package path(s) for 1 prioritized culture(s) in 0.255322 seconds
[2021.01.06-15.12.13:331][  0]LogInit: Selected Device Profile: [Windows]
[2021.01.06-15.12.14:133][  0]LogMeshReduction: Using QuadricMeshReduction for automatic static mesh reduction
[2021.01.06-15.12.14:152][  0]LogMeshReduction: Using SimplygonMeshReduction for automatic skeletal mesh reduction
[2021.01.06-15.12.14:163][  0]LogMeshReduction: Using ProxyLODMeshReduction for automatic mesh merging
[2021.01.06-15.12.14:166][  0]LogMeshReduction: No distributed automatic mesh merging module available
[2021.01.06-15.12.14:176][  0]LogMeshMerging: No distributed automatic mesh merging module available
[2021.01.06-15.12.14:287][  0]LogNetVersion: Puzzles 1.0.0, NetCL: 13144385, EngineNetVer: 14, GameNetVer: 0 (Checksum: 1097821826)
[2021.01.06-15.12.16:258][  0]LogAISub: UAISubsystem::UAISubsystem AISubsystem (0000022525677FC0), frame # 0
[2021.01.06-15.12.16:261][  0]LogAISub: UAISubsystem::UAISubsystem AIPerceptionSystem (000002252567FC40), frame # 0
[2021.01.06-15.12.16:279][  0]LogAISub: UAISubsystem::UAISubsystem EnvQueryManager (0000022525697C00), frame # 0
[2021.01.06-15.12.17:080][  0]LogCollectionManager: Loaded 0 collections in 0.014841 seconds
[2021.01.06-15.12.17:418][  0]LogFileCache: Scanning file cache for directory 'C:/Users/Angelica .DESKTOP-RM5JOAJ/Documents/Learning Multiplayer/Puzzles/Puzzles/Saved/Collections/' took 0.19s
[2021.01.06-15.12.17:486][  0]LogCollectionManager: Fixed up redirectors for 0 collections in 0.000012 seconds (updated 0 objects)
[2021.01.06-15.12.17:830][  0]LogFileCache: Scanning file cache for directory 'C:/Users/Angelica .DESKTOP-RM5JOAJ/Documents/Learning Multiplayer/Puzzles/Puzzles/Content/Developers/Angelica/Collections/' took 0.07s
[2021.01.06-15.12.17:905][  0]LogFileCache: Scanning file cache for directory 'C:/Users/Angelica .DESKTOP-RM5JOAJ/Documents/Learning Multiplayer/Puzzles/Puzzles/Content/Collections/' took 0.00s
[2021.01.06-15.12.17:934][  0]LogMoviePlayer: Initializing movie player
[2021.01.06-15.12.19:711][  0]SourceControl: Source control is disabled
[2021.01.06-15.12.19:811][  0]SourceControl: Source control is disabled
[2021.01.06-15.12.19:874][  0]SourceControl: Source control is disabled
[2021.01.06-15.12.20:911][  0]LogAndroidPermission: UAndroidPermissionCallbackProxy::GetInstance
[2021.01.06-15.12.21:112][  0]LogAudioCaptureCore: Display: No Audio Capture implementations found. Audio input will be silent.
[2021.01.06-15.12.21:155][  0]LogAudioCaptureCore: Display: No Audio Capture implementations found. Audio input will be silent.
[2021.01.06-15.12.21:636][  0]LogOcInput: OculusInput pre-init called
[2021.01.06-15.12.21:862][  0]LogUObjectArray: 19508 objects as part of root set at end of initial load.
[2021.01.06-15.12.21:891][  0]LogUObjectAllocator: 5248640 out of 0 bytes used by permanent object pool.
[2021.01.06-15.12.21:905][  0]LogUObjectArray: CloseDisregardForGC: 0/0 objects in disregard for GC pool
[2021.01.06-15.12.22:276][  0]LogEngine: Initializing Engine...
[2021.01.06-15.12.22:419][  0]LogHMD: Failed to initialize OpenVR with code 110
[2021.01.06-15.12.22:460][  0]LogMagicLeap: Warning: VR disabled because ZI is not enabled.  To enable, in the editor, Edit -> Project Settings -> Plugins -> Magic Leap Plugin -> Enable Zero Iteration
[2021.01.06-15.12.22:532][  0]LogStats: UGameplayTagsManager::InitializeManager -  0.001 s
[2021.01.06-15.12.23:310][  0]LogInit: Initializing FReadOnlyCVARCache
[2021.01.06-15.12.23:382][  0]LogAudioMixer: Display: Audio Mixer Platform Settings:
[2021.01.06-15.12.23:404][  0]LogAudioMixer: Display: 	Sample Rate:						  48000
[2021.01.06-15.12.23:408][  0]LogAudioMixer: Display: 	Callback Buffer Frame Size Requested: 1024
[2021.01.06-15.12.23:453][  0]LogAudioMixer: Display: 	Callback Buffer Frame Size To Use:	  1024
[2021.01.06-15.12.23:457][  0]LogAudioMixer: Display: 	Number of buffers to queue:			  2
[2021.01.06-15.12.23:459][  0]LogAudioMixer: Display: 	Max Channels (voices):				  32
[2021.01.06-15.12.23:460][  0]LogAudioMixer: Display: 	Number of Async Source Workers:		  0
[2021.01.06-15.12.23:462][  0]LogAudio: Display: AudioDevice MaxSources: 32
[2021.01.06-15.12.23:467][  0]LogAudio: Display: Using built-in audio occlusion.
[2021.01.06-15.12.23:472][  0]LogAudioMixer: Display: Initializing audio mixer.
[2021.01.06-15.12.23:759][  0]LogAudioMixer: Display: 0: FrontLeft
[2021.01.06-15.12.23:832][  0]LogAudioMixer: Display: 1: FrontRight
[2021.01.06-15.12.26:129][  0]LogAudioMixer: Display: Using Audio Device Speaker/Headphone (Realtek High Definition Audio(SST))
[2021.01.06-15.12.26:199][  0]LogAudioMixer: Display: Initializing Sound Submixes...
[2021.01.06-15.12.26:352][  0]LogAudioMixer: Display: Creating Master Submix 'MasterSubmixDefault'
[2021.01.06-15.12.26:461][  0]LogAudioMixer: Display: Creating Master Submix 'MasterReverbSubmixDefault'
[2021.01.06-15.12.26:531][  0]LogAudioMixer: Display: Creating Master Submix 'MasterEQSubmixDefault'
[2021.01.06-15.12.26:604][  0]LogInit: FAudioDevice initialized.
[2021.01.06-15.12.42:702][  0]LogAudioMixer: Display: Audio Buffer Underrun detected.
[2021.01.06-15.12.42:719][  0]LogNetVersion: Set ProjectVersion to 1.0.0.0. Version Checksum will be recalculated on next use.
[2021.01.06-15.12.45:293][  0]LogDerivedDataCache: Saved boot cache 2.57s 83MB C:/Users/Angelica .DESKTOP-RM5JOAJ/AppData/Local/UnrealEngine/4.25/DerivedDataCache/Boot.ddc.
[2021.01.06-15.12.45:332][  0]LogInit: Texture streaming: Enabled
[2021.01.06-15.12.45:889][  0]LogTemp: Warning: Found class: WBP_MainMenu_C
[2021.01.06-15.12.46:040][  0]LogSlate: Updating window title bar state: overlay mode, drag disabled, window buttons hidden, title bar hidden
[2021.01.06-15.12.46:066][  0]LogInit: Display: Game Engine Initialized.
[2021.01.06-15.12.46:125][  0]LogNiagaraEditor: Warning: GEditor isn't valid! Particle reset commands will not work for Niagara components!
[2021.01.06-15.12.46:370][  0]LogInit: Display: Starting Game.
[2021.01.06-15.12.46:385][  0]LogNet: Browse: /Game/Maps/Menu?Name=Player
[2021.01.06-15.12.46:392][  0]LogLoad: LoadMap: /Game/Maps/Menu?Name=Player
[2021.01.06-15.12.46:399][  0]LogWorld: BeginTearingDown for /Temp/Untitled_0
[2021.01.06-15.12.46:412][  0]LogWorld: UWorld::CleanupWorld for Untitled, bSessionEnded=true, bCleanupResources=true
[2021.01.06-15.12.46:417][  0]LogSlate: InvalidateAllWidgets triggered.  All widgets were invalidated
[2021.01.06-15.12.50:042][  0]LogUObjectHash: Compacting FUObjectHashTables data took   4.48ms
[2021.01.06-15.12.50:210][  0]LogAIModule: Creating AISystem for world Menu
[2021.01.06-15.12.50:261][  0]LogAISub: UAISubsystem::UAISubsystem EnvQueryManager (000002252A89C600), frame # 0
[2021.01.06-15.12.50:270][  0]LogAISub: UAISubsystem::UAISubsystem AIPerceptionSystem (00000225737A2E80), frame # 0
[2021.01.06-15.12.50:539][  0]LogLinker: Warning: Unable to load Health Component with outer BP_PuzzleSolver_C /Game/Blueprints/BP_PuzzleSolver.Default__BP_PuzzleSolver_C because its class does not exist
[2021.01.06-15.12.50:941][  0]LogLoad: Game class is 'BP_PuzzlesGameMode_C'
[2021.01.06-15.12.50:958][  0]LogWorld: Bringing World /Game/Maps/Menu.Menu up for play (max tick rate 0) at 2021.01.06-10.12.50
[2021.01.06-15.12.50:963][  0]LogWorld: Bringing up level for play took: 0.009334
[2021.01.06-15.12.50:995][  0]LogGameMode: FindPlayerStart: PATHS NOT DEFINED or NO PLAYERSTART with positive rating
[2021.01.06-15.12.51:055][  0]LogPlayerController: Error: InputMode:UIOnly - Attempting to focus Non-Focusable widget SObjectWidget [Widget.cpp(799)]!
[2021.01.06-15.12.51:070][  0]LogLoad: Took 4.677527 seconds to LoadMap(/Game/Maps/Menu)
[2021.01.06-15.12.51:321][  0]LogRenderer: Reallocating scene render targets to support 1536x864 Format 10 NumSamples 1 (Frame:1).
[2021.01.06-15.12.51:414][  0]LogLoad: (Engine Initialization) Total time: 73.89 seconds
[2021.01.06-15.12.51:431][  0]LogLoad: (Engine Initialization) Total Blueprint compile time: 0.00 seconds
[2021.01.06-15.12.52:678][  0]LogContentStreaming: Texture pool size now 1000 MB
[2021.01.06-15.12.52:926][  0]LogSlate: InvalidateAllWidgets triggered.  All widgets were invalidated
[2021.01.06-15.13.34:899][231]LogAudio: Display: Waited 69.898499 ms for audio thread.
[2021.01.06-15.13.35:070][231]LogAudio: Display: Waited 241.483002 ms for audio thread.
[2021.01.06-15.13.57:041][479]LogSlate: WidgetSwitcher ('None') active index changed to 1
[2021.01.06-15.13.57:052][479]LogSlate: Took 0.000644 seconds to synchronously load lazily loaded font '../../../Engine/Content/Slate/Fonts/Roboto-Regular.ttf' (155K)
[2021.01.06-15.14.05:659][620]LogNet: Browse: 192.168.1.6/Game/Maps/Menu
[2021.01.06-15.14.05:664][620]LogInit: WinSock: Socket queue. Rx: 32768 (config 32768) Tx: 32768 (config 32768)
[2021.01.06-15.14.05:669][620]LogNet: Created socket for bind address: 0.0.0.0 on port 0
[2021.01.06-15.14.05:671][620]PacketHandlerLog: Loaded PacketHandler component: Engine.EngineHandlerComponentFactory (StatelessConnectHandlerComponent)
[2021.01.06-15.14.05:673][620]LogNet: Game client on port 7777, rate 10000
[2021.01.06-15.14.07:946][661]LogHandshake: SendChallengeResponse. Timestamp: 178.850254, Cookie: 040039059141164184054079031004142113001014223244102008217084
[2021.01.06-15.14.07:949][661]LogHandshake: SendChallengeResponse. Timestamp: 178.850254, Cookie: 040039059141164184054079031004142113001014223244102008217084
[2021.01.06-15.14.08:955][680]LogNetVersion: Puzzles 1.0.0.0, NetCL: 13144385, EngineNetVer: 14, GameNetVer: 0 (Checksum: 1199745802)
[2021.01.06-15.14.08:981][680]LogNet: UPendingNetGame::SendInitialJoin: Sending hello. [UNetConnection] RemoteAddr: 192.168.1.6:7777, Name: IpConnection_0, Driver: PendingNetDriver IpNetDriver_0, IsServer: NO, PC: NULL, Owner: NULL, UniqueId: INVALID
[2021.01.06-15.14.11:188][723]LogNet: Welcomed by server (Level: /Game/Maps/Main, Game: /Game/Blueprints/BP_PuzzlesGameMode.BP_PuzzlesGameMode_C)
[2021.01.06-15.14.11:192][723]LogLoad: LoadMap: 192.168.1.6/Game/Maps/Main?game=/Game/Blueprints/BP_PuzzlesGameMode.BP_PuzzlesGameMode_C
[2021.01.06-15.14.11:197][723]LogWorld: BeginTearingDown for /Game/Maps/Menu
[2021.01.06-15.14.11:201][723]LogWorld: UWorld::CleanupWorld for Menu, bSessionEnded=true, bCleanupResources=true
[2021.01.06-15.14.11:202][723]LogSlate: InvalidateAllWidgets triggered.  All widgets were invalidated
[2021.01.06-15.14.11:332][723]LogAISub: UAISubsystem::~UAISubsystem EnvQueryManager (000002252A89C600), frame # 723
[2021.01.06-15.14.11:333][723]LogAISub: UAISubsystem::~UAISubsystem AIPerceptionSystem (00000225737A2E80), frame # 723
[2021.01.06-15.14.11:349][723]LogUObjectHash: Compacting FUObjectHashTables data took   4.82ms
[2021.01.06-15.14.12:711][723]LogWorld: Bringing World /Game/Maps/Main.Main up for play (max tick rate 0) at 2021.01.06-10.14.12
[2021.01.06-15.14.12:723][723]LogWorld: Bringing up level for play took: 0.226222
[2021.01.06-15.14.12:763][723]LogLoad: Took 1.572134 seconds to LoadMap(/Game/Maps/Main)
[2021.01.06-15.14.12:791][723]LogNavigation: Warning: NavData RegistrationFailed_DataPendingKill.
[2021.01.06-15.14.15:069][725]LogLinker: Warning: Unable to load Health Component with outer BP_PuzzleSolver_C /Game/Blueprints/BP_PuzzleSolver.Default__BP_PuzzleSolver_C because its class does not exist
[2021.01.06-15.14.15:325][725]LogOnlineSession: Warning: OSS: No game present to join for session (GameSession)
[2021.01.06-15.14.21:338][788]LogOnlineSession: Warning: OSS: No game present to join for session (GameSession)
[2021.01.06-15.14.23:667][813]LogPlayerController: Error: InputMode:UIOnly - Attempting to focus Non-Focusable widget SObjectWidget [Widget.cpp(799)]!
[2021.01.06-15.14.25:853][837]LogNet: Browse: /Game/Maps/Menu
[2021.01.06-15.14.25:856][837]LogLoad: LoadMap: /Game/Maps/Menu
[2021.01.06-15.14.25:863][837]LogWorld: BeginTearingDown for /Game/Maps/Main
[2021.01.06-15.14.25:867][837]LogNet: World NetDriver shutdown IpNetDriver_0 [GameNetDriver]
[2021.01.06-15.14.25:872][837]LogNet: DestroyNamedNetDriver IpNetDriver_0 [GameNetDriver]
[2021.01.06-15.14.25:875][837]LogNet: UNetConnection::Close: [UNetConnection] RemoteAddr: 192.168.1.6:7777, Name: IpConnection_0, Driver: GameNetDriver IpNetDriver_0, IsServer: NO, PC: PlayerController_1, Owner: PlayerController_1, UniqueId: NULL:Sketch-PC-6ED1D40D494AF465FE0DA98A39CDE226, Channels: 13, Time: 2021.01.06-15.14.25
[2021.01.06-15.14.25:876][837]LogNet: UChannel::Close: Sending CloseBunch. ChIndex == 0. Name: [UChannel] ChIndex: 0, Closing: 0 [UNetConnection] RemoteAddr: 192.168.1.6:7777, Name: IpConnection_0, Driver: GameNetDriver IpNetDriver_0, IsServer: NO, PC: PlayerController_1, Owner: PlayerController_1, UniqueId: NULL:Sketch-PC-6ED1D40D494AF465FE0DA98A39CDE226
[2021.01.06-15.14.25:879][837]LogExit: GameNetDriver IpNetDriver_0 shut down
[2021.01.06-15.14.25:886][837]LogWorld: UWorld::CleanupWorld for Main, bSessionEnded=true, bCleanupResources=true
[2021.01.06-15.14.25:916][837]LogSlate: InvalidateAllWidgets triggered.  All widgets were invalidated
[2021.01.06-15.14.25:955][837]LogAudio: Display: Waited 37.220798 ms for audio thread.
[2021.01.06-15.14.26:166][837]LogUObjectHash: Compacting FUObjectHashTables data took   4.07ms
[2021.01.06-15.14.26:203][837]LogAIModule: Creating AISystem for world Menu
[2021.01.06-15.14.26:216][837]LogAISub: UAISubsystem::UAISubsystem EnvQueryManager (00000225299FAC00), frame # 837
[2021.01.06-15.14.26:221][837]LogAISub: UAISubsystem::UAISubsystem AIPerceptionSystem (0000022534BAE0C0), frame # 837
[2021.01.06-15.14.26:410][837]LogLinker: Warning: Unable to load Health Component with outer BP_PuzzleSolver_C /Game/Blueprints/BP_PuzzleSolver.Default__BP_PuzzleSolver_C because its class does not exist
[2021.01.06-15.14.26:711][837]LogLoad: Game class is 'BP_PuzzlesGameMode_C'
[2021.01.06-15.14.26:719][837]LogWorld: Bringing World /Game/Maps/Menu.Menu up for play (max tick rate 0) at 2021.01.06-10.14.26
[2021.01.06-15.14.26:728][837]LogWorld: Bringing up level for play took: 0.011396
[2021.01.06-15.14.26:730][837]LogGameMode: FindPlayerStart: PATHS NOT DEFINED or NO PLAYERSTART with positive rating
[2021.01.06-15.14.26:758][837]LogPlayerController: Error: InputMode:UIOnly - Attempting to focus Non-Focusable widget SObjectWidget [Widget.cpp(799)]!
[2021.01.06-15.14.26:769][837]LogLoad: Took 0.913378 seconds to LoadMap(/Game/Maps/Menu)
[2021.01.06-15.14.29:086][868]Closing by request
[2021.01.06-15.14.29:090][868]LogWindows: FPlatformMisc::RequestExit(0)
[2021.01.06-15.14.29:095][868]LogCore: Engine exit requested (reason: Win RequestExit)
[2021.01.06-15.14.29:144][869]LogCore: Engine exit requested (reason: EngineExit() was called; note: exit was already requested)
[2021.01.06-15.14.29:154][869]LogAudio: Display: Shutting down audio device while 2 references to it are still alive. For more information, compile with INSTRUMENT_AUDIODEVICE_HANDLES.
[2021.01.06-15.14.29:245][869]LogInit: Display: PreExit Game.
[2021.01.06-15.14.29:624][869]LogWorld: BeginTearingDown for /Game/Maps/Menu
[2021.01.06-15.14.29:641][869]LogWorld: UWorld::CleanupWorld for Menu, bSessionEnded=true, bCleanupResources=true
[2021.01.06-15.14.29:669][869]LogSlate: InvalidateAllWidgets triggered.  All widgets were invalidated
[2021.01.06-15.14.29:863][869]LogSlate: Window 'Puzzles (64-bit Development PCD3D_SM5) ' being destroyed
[2021.01.06-15.14.29:875][869]LogWindowsTextInputMethodSystem: Display: IME system now deactivated.
[2021.01.06-15.14.29:988][869]LogExit: Preparing to exit.
[2021.01.06-15.14.29:989][869]LogMoviePlayer: Shutting down movie player
[2021.01.06-15.14.30:098][869]LogSlate: Updating window title bar state: overlay mode, drag disabled, window buttons hidden, title bar hidden
[2021.01.06-15.14.30:111][869]LogDemo: Cleaned up 0 splitscreen connections with owner deletion
[2021.01.06-15.14.30:141][869]LogExit: Game engine shut down
[2021.01.06-15.14.30:251][869]LogAISub: UAISubsystem::~UAISubsystem AISubsystem (0000022525677FC0), frame # 869
[2021.01.06-15.14.30:252][869]LogAISub: UAISubsystem::~UAISubsystem AIPerceptionSystem (000002252567FC40), frame # 869
[2021.01.06-15.14.30:260][869]LogAISub: UAISubsystem::~UAISubsystem EnvQueryManager (0000022525697C00), frame # 869
[2021.01.06-15.14.30:321][869]LogAISub: UAISubsystem::~UAISubsystem AIPerceptionSystem (0000022534BAE0C0), frame # 869
[2021.01.06-15.14.30:322][869]LogAISub: UAISubsystem::~UAISubsystem EnvQueryManager (00000225299FAC00), frame # 869
[2021.01.06-15.14.30:450][869]LogExit: Object subsystem successfully closed.
[2021.01.06-15.14.30:588][869]LogShaderCompilers: Display: Shaders left to compile 0
[2021.01.06-15.14.30:837][869]LogModuleManager: Shutting down and abandoning module SequenceRecorderSections (504)
[2021.01.06-15.14.30:838][869]LogModuleManager: Shutting down and abandoning module SequenceRecorder (502)
[2021.01.06-15.14.30:843][869]LogModuleManager: Shutting down and abandoning module AutomationController (500)
[2021.01.06-15.14.30:846][869]LogModuleManager: Shutting down and abandoning module AutomationWorker (498)
[2021.01.06-15.14.30:848][869]LogModuleManager: Shutting down and abandoning module Voice (496)
[2021.01.06-15.14.30:850][869]LogModuleManager: Shutting down and abandoning module AIModule (494)
[2021.01.06-15.14.30:853][869]LogModuleManager: Shutting down and abandoning module GameplayDebugger (493)
[2021.01.06-15.14.30:861][869]LogModuleManager: Shutting down and abandoning module AITestSuite (491)
[2021.01.06-15.14.30:862][869]LogModuleManager: Shutting down and abandoning module NavigationSystem (489)
[2021.01.06-15.14.30:864][869]LogModuleManager: Shutting down and abandoning module OculusMR (486)
[2021.01.06-15.14.30:868][869]LogModuleManager: Shutting down and abandoning module WmfMediaFactory (484)
[2021.01.06-15.14.30:878][869]LogModuleManager: Shutting down and abandoning module WebMMediaFactory (482)
[2021.01.06-15.14.30:878][869]LogModuleManager: Shutting down and abandoning module WebMMedia (480)
[2021.01.06-15.14.30:881][869]LogModuleManager: Shutting down and abandoning module OpenExrWrapper (478)
[2021.01.06-15.14.30:883][869]LogModuleManager: Shutting down and abandoning module ImgMediaFactory (476)
[2021.01.06-15.14.30:891][869]LogModuleManager: Shutting down and abandoning module AvfMediaFactory (474)
[2021.01.06-15.14.30:893][869]LogModuleManager: Shutting down and abandoning module MagicLeapMediaCodecFactory (472)
[2021.01.06-15.14.30:893][869]LogModuleManager: Shutting down and abandoning module MagicLeapMediaFactory (470)
[2021.01.06-15.14.30:897][869]LogModuleManager: Shutting down and abandoning module PlanarCut (468)
[2021.01.06-15.14.30:899][869]LogModuleManager: Shutting down and abandoning module CharacterAI (466)
[2021.01.06-15.14.30:907][869]LogModuleManager: Shutting down and abandoning module SessionServices (464)
[2021.01.06-15.14.30:909][869]LogModuleManager: Shutting down and abandoning module MovieSceneCapture (462)
[2021.01.06-15.14.30:911][869]LogModuleManager: Shutting down and abandoning module LiveCoding (460)
[2021.01.06-15.14.30:917][869]LogModuleManager: Shutting down and abandoning module LevelSequence (458)
[2021.01.06-15.14.30:922][869]LogModuleManager: Shutting down and abandoning module MovieSceneTracks (456)
[2021.01.06-15.14.30:924][869]LogModuleManager: Shutting down and abandoning module MovieScene (454)
[2021.01.06-15.14.30:926][869]LogModuleManager: Shutting down and abandoning module StreamingPauseRendering (452)
[2021.01.06-15.14.30:929][869]LogModuleManager: Shutting down and abandoning module PortalServices (450)
[2021.01.06-15.14.30:930][869]LogModuleManager: Shutting down and abandoning module PortalRpc (448)
[2021.01.06-15.14.30:931][869]LogModuleManager: Shutting down and abandoning module MessagingRpc (446)
[2021.01.06-15.14.30:949][869]LogModuleManager: Shutting down and abandoning module AudioMixerXAudio2 (444)
[2021.01.06-15.14.30:956][869]LogModuleManager: Shutting down and abandoning module AudioMixerCore (443)
[2021.01.06-15.14.30:958][869]LogModuleManager: Shutting down and abandoning module ProfilerService (440)
[2021.01.06-15.14.31:014][869]LogModuleManager: Shutting down and abandoning module TaskGraph (438)
[2021.01.06-15.14.31:016][869]LogModuleManager: Shutting down and abandoning module Synthesis (436)
[2021.01.06-15.14.31:023][869]LogModuleManager: Shutting down and abandoning module ProceduralMeshComponent (434)
[2021.01.06-15.14.31:023][869]LogModuleManager: Shutting down and abandoning module OculusInput (432)
[2021.01.06-15.14.31:026][869]LogModuleManager: Shutting down and abandoning module MobilePatchingUtils (430)
[2021.01.06-15.14.31:029][869]LogModuleManager: Shutting down and abandoning module GooglePAD (428)
[2021.01.06-15.14.31:037][869]LogModuleManager: Shutting down and abandoning module EditableMesh (426)
[2021.01.06-15.14.31:039][869]LogModuleManager: Shutting down and abandoning module CustomMeshComponent (424)
[2021.01.06-15.14.31:040][869]LogModuleManager: Shutting down and abandoning module CableComponent (422)
[2021.01.06-15.14.31:043][869]LogModuleManager: Shutting down and abandoning module AudioCapture (420)
[2021.01.06-15.14.31:050][869]LogModuleManager: Shutting down and abandoning module AudioCaptureRtAudio (419)
[2021.01.06-15.14.31:053][869]LogModuleManager: Shutting down and abandoning module AssetTags (416)
[2021.01.06-15.14.31:056][869]LogModuleManager: Shutting down and abandoning module ArchVisCharacter (414)
[2021.01.06-15.14.31:058][869]LogModuleManager: Shutting down and abandoning module AppleImageUtilsBlueprintSupport (412)
[2021.01.06-15.14.31:060][869]LogModuleManager: Shutting down and abandoning module AppleImageUtils (410)
[2021.01.06-15.14.31:069][869]LogModuleManager: Shutting down and abandoning module AndroidPermission (408)
[2021.01.06-15.14.31:070][869]LogModuleManager: Shutting down and abandoning module NUTUnrealEngine4 (406)
[2021.01.06-15.14.31:072][869]LogModuleManager: Shutting down and abandoning module NetcodeUnitTest (404)
[2021.01.06-15.14.31:074][869]LogModuleManager: Shutting down and abandoning module TemplateSequence (402)
[2021.01.06-15.14.31:079][869]LogModuleManager: Shutting down and abandoning module MovieRenderPipelineRenderPasses (400)
[2021.01.06-15.14.31:082][869]LogModuleManager: Shutting down and abandoning module MovieRenderPipelineSettings (398)
[2021.01.06-15.14.31:083][869]LogModuleManager: Shutting down and abandoning module MovieRenderPipelineCore (396)
[2021.01.06-15.14.31:086][869]LogModuleManager: Shutting down and abandoning module ImageWriteQueue (395)
[2021.01.06-15.14.31:093][869]LogModuleManager: Shutting down and abandoning module MediaCompositing (392)
[2021.01.06-15.14.31:095][869]LogModuleManager: Shutting down and abandoning module ImgMedia (390)
[2021.01.06-15.14.31:098][869]LogModuleManager: Shutting down and abandoning module MagicLeapSharedWorld (388)
[2021.01.06-15.14.31:099][869]LogModuleManager: Shutting down and abandoning module MagicLeapLightEstimation (386)
[2021.01.06-15.14.31:101][869]LogModuleManager: Shutting down and abandoning module MagicLeapHelperVulkan (384)
[2021.01.06-15.14.31:103][869]LogModuleManager: Shutting down and abandoning module MagicLeapHelperOpenGL (382)
[2021.01.06-15.14.31:111][869]LogModuleManager: Shutting down and abandoning module MagicLeapAudio (380)
[2021.01.06-15.14.31:113][869]LogModuleManager: Shutting down and abandoning module MeshSolverUtilities (378)
[2021.01.06-15.14.31:115][869]LogModuleManager: Shutting down and abandoning module MeshConversion (376)
[2021.01.06-15.14.31:117][869]LogModuleManager: Shutting down and abandoning module DynamicMesh (374)
[2021.01.06-15.14.31:120][869]LogModuleManager: Shutting down and abandoning module GeometryAlgorithms (372)
[2021.01.06-15.14.31:129][869]LogModuleManager: Shutting down and abandoning module GeometricObjects (370)
[2021.01.06-15.14.31:131][869]LogModuleManager: Shutting down and abandoning module GeometryCollectionTracks (368)
[2021.01.06-15.14.31:133][869]LogModuleManager: Shutting down and abandoning module GeometryCollectionSequencer (367)
[2021.01.06-15.14.31:142][869]LogModuleManager: Shutting down and abandoning module GeometryCacheTracks (364)
[2021.01.06-15.14.31:143][869]LogModuleManager: Shutting down and abandoning module GeometryCacheSequencer (363)
[2021.01.06-15.14.31:145][869]LogModuleManager: Shutting down and abandoning module GeometryCache (360)
[2021.01.06-15.14.31:147][869]LogModuleManager: Shutting down and abandoning module GeometryCacheEd (359)
[2021.01.06-15.14.31:153][869]LogModuleManager: Shutting down and abandoning module ChaosNiagara (356)
[2021.01.06-15.14.31:156][869]LogModuleManager: Shutting down and abandoning module ChaosCloth (354)
[2021.01.06-15.14.31:158][869]LogModuleManager: Shutting down and abandoning module BackChannel (352)
[2021.01.06-15.14.31:159][869]LogModuleManager: Shutting down and abandoning module AutomationUtils (350)
[2021.01.06-15.14.31:160][869]LogModuleManager: Shutting down and abandoning module VisualStudioSourceCodeAccess (348)
[2021.01.06-15.14.31:169][869]LogModuleManager: Shutting down and abandoning module HotReload (347)
[2021.01.06-15.14.31:173][869]LogModuleManager: Shutting down and abandoning module VisualStudioCodeSourceCodeAccess (344)
[2021.01.06-15.14.31:174][869]LogModuleManager: Shutting down and abandoning module UObjectPlugin (342)
[2021.01.06-15.14.31:178][869]LogModuleManager: Shutting down and abandoning module SubversionSourceControl (340)
[2021.01.06-15.14.31:188][869]LogModuleManager: Shutting down and abandoning module RiderSourceCodeAccess (338)
[2021.01.06-15.14.31:188][869]LogModuleManager: Shutting down and abandoning module PerforceSourceControl (336)
[2021.01.06-15.14.31:193][869]LogModuleManager: Shutting down and abandoning module SourceControl (335)
[2021.01.06-15.14.31:198][869]LogModuleManager: Shutting down and abandoning module CLionSourceCodeAccess (332)
[2021.01.06-15.14.31:199][869]LogModuleManager: Shutting down and abandoning module ActorLayerUtilities (330)
[2021.01.06-15.14.31:201][869]LogModuleManager: Shutting down and abandoning module Puzzles (328)
[2021.01.06-15.14.31:203][869]LogModuleManager: Shutting down and abandoning module SoundFields (326)
[2021.01.06-15.14.31:205][869]LogModuleManager: Shutting down and abandoning module SignificanceManager (324)
[2021.01.06-15.14.31:212][869]LogModuleManager: Shutting down and abandoning module RuntimePhysXCooking (322)
[2021.01.06-15.14.31:215][869]LogModuleManager: Shutting down and abandoning module PhysXVehiclesEditor (320)
[2021.01.06-15.14.31:217][869]LogModuleManager: Shutting down and abandoning module LocationServicesBPLibrary (316)
[2021.01.06-15.14.31:219][869]LogModuleManager: Shutting down and abandoning module ActorSequence (314)
[2021.01.06-15.14.31:221][869]LogModuleManager: Shutting down and abandoning module UdpMessaging (312)
[2021.01.06-15.14.31:230][869]LogModuleManager: Shutting down and abandoning module TcpMessaging (310)
[2021.01.06-15.14.31:232][869]LogModuleManager: Shutting down and abandoning module MagicLeapARPin (308)
[2021.01.06-15.14.31:234][869]LogModuleManager: Shutting down and abandoning module MagicLeapHandMeshing (306)
[2021.01.06-15.14.31:237][869]LogModuleManager: Shutting down and abandoning module MagicLeapSecureStorage (304)
[2021.01.06-15.14.31:243][869]LogModuleManager: Shutting down and abandoning module MagicLeapPrivileges (302)
[2021.01.06-15.14.31:244][869]LogModuleManager: Shutting down and abandoning module MagicLeapPlanes (300)
[2021.01.06-15.14.31:249][869]LogMagicLeapPlanes: Planes tracker already destroyed.
[2021.01.06-15.14.31:250][869]LogModuleManager: Shutting down and abandoning module MagicLeapImageTracker (298)
[2021.01.06-15.14.31:251][869]LogModuleManager: Shutting down and abandoning module MagicLeapIdentity (296)
[2021.01.06-15.14.31:258][869]LogModuleManager: Shutting down and abandoning module MagicLeapHandTracking (294)
[2021.01.06-15.14.31:260][869]LogModuleManager: Shutting down and abandoning module MagicLeapEyeTracker (292)
[2021.01.06-15.14.31:262][869]LogModuleManager: Shutting down and abandoning module MagicLeapController (290)
[2021.01.06-15.14.31:264][869]LogSlate: Slate User Destroyed.  User Index 0, Is Virtual User: 0
[2021.01.06-15.14.31:272][869]LogModuleManager: Shutting down and abandoning module MagicLeapARPinImpl (288)
[2021.01.06-15.14.31:274][869]LogModuleManager: Shutting down and abandoning module MagicLeapAR (286)
[2021.01.06-15.14.31:275][869]LogModuleManager: Shutting down and abandoning module AugmentedReality (285)
[2021.01.06-15.14.31:277][869]LogModuleManager: Shutting down and abandoning module NiagaraAnimNotifies (282)
[2021.01.06-15.14.31:279][869]LogModuleManager: Shutting down and abandoning module Niagara (280)
[2021.01.06-15.14.31:282][869]LogModuleManager: Shutting down and abandoning module SignalProcessing (279)
[2021.01.06-15.14.31:290][869]LogModuleManager: Shutting down and abandoning module NiagaraEditor (277)
[2021.01.06-15.14.31:298][869]LogModuleManager: Shutting down and abandoning module NiagaraCore (274)
[2021.01.06-15.14.31:301][869]LogModuleManager: Shutting down and abandoning module GameplayTagsEditor (272)
[2021.01.06-15.14.31:304][869]LogModuleManager: Shutting down and abandoning module FacialAnimation (270)
[2021.01.06-15.14.31:306][869]LogModuleManager: Shutting down and abandoning module AssetManagerEditor (268)
[2021.01.06-15.14.31:310][869]LogModuleManager: Shutting down and abandoning module TreeMap (267)
[2021.01.06-15.14.31:312][869]LogModuleManager: Shutting down and abandoning module AnimationSharing (264)
[2021.01.06-15.14.31:318][869]LogModuleManager: Shutting down and abandoning module LightPropagationVolumeRuntime (262)
[2021.01.06-15.14.31:321][869]LogModuleManager: Shutting down and abandoning module Paper2D (260)
[2021.01.06-15.14.31:323][869]LogModuleManager: Shutting down and abandoning module WindowsMoviePlayer (258)
[2021.01.06-15.14.31:328][869]LogModuleManager: Shutting down and abandoning module WebMMoviePlayer (256)
[2021.01.06-15.14.31:332][869]LogModuleManager: Shutting down and abandoning module NetworkReplayStreaming (254)
[2021.01.06-15.14.31:334][869]LogModuleManager: Shutting down and abandoning module PacketHandler (252)
[2021.01.06-15.14.31:337][869]LogModuleManager: Shutting down and abandoning module ClothingSystemEditor (250)
[2021.01.06-15.14.31:339][869]LogModuleManager: Shutting down and abandoning module ClothingSystemRuntimeNv (248)
[2021.01.06-15.14.31:341][869]LogModuleManager: Shutting down and abandoning module MediaAssets (246)
[2021.01.06-15.14.31:349][869]LogModuleManager: Shutting down and abandoning module Overlay (244)
[2021.01.06-15.14.31:352][869]LogModuleManager: Shutting down and abandoning module OverlayEditor (243)
[2021.01.06-15.14.31:353][869]LogModuleManager: Shutting down and abandoning module VREditor (240)
[2021.01.06-15.14.31:358][869]LogModuleManager: Shutting down and abandoning module StringTableEditor (238)
[2021.01.06-15.14.31:364][869]LogModuleManager: Shutting down and abandoning module GameplayTasksEditor (236)
[2021.01.06-15.14.31:365][869]LogModuleManager: Shutting down and abandoning module BehaviorTreeEditor (234)
[2021.01.06-15.14.31:369][869]LogModuleManager: Shutting down and abandoning module FunctionalTesting (232)
[2021.01.06-15.14.31:371][869]LogModuleManager: Shutting down and abandoning module CollisionAnalyzer (230)
[2021.01.06-15.14.31:373][869]LogModuleManager: Shutting down and abandoning module UMG (228)
[2021.01.06-15.14.31:380][869]LogModuleManager: Shutting down and abandoning module UMGEditor (227)
[2021.01.06-15.14.31:382][869]LogModuleManager: Shutting down and abandoning module Sequencer (226)
[2021.01.06-15.14.31:385][869]LogModuleManager: Shutting down and abandoning module MessageLog (223)
[2021.01.06-15.14.31:387][869]LogModuleManager: Shutting down and abandoning module MaterialEditor (221)
[2021.01.06-15.14.31:397][869]LogModuleManager: Shutting down and abandoning module ContentBrowser (220)
[2021.01.06-15.14.31:398][869]LogModuleManager: Shutting down and abandoning module WorkspaceMenuStructure (219)
[2021.01.06-15.14.31:399][869]LogModuleManager: Shutting down and abandoning module CollectionManager (217)
[2021.01.06-15.14.31:403][869]LogModuleManager: Shutting down and abandoning module DirectoryWatcher (216)
[2021.01.06-15.14.31:409][869]LogModuleManager: Shutting down and abandoning module SlateReflector (208)
[2021.01.06-15.14.31:415][869]LogModuleManager: Shutting down and abandoning module Slate (206)
[2021.01.06-15.14.31:417][869]LogModuleManager: Shutting down and abandoning module SlateCore (204)
[2021.01.06-15.14.31:418][869]LogModuleManager: Shutting down and abandoning module LandscapeEditorUtilities (202)
[2021.01.06-15.14.31:424][869]LogModuleManager: Shutting down and abandoning module EditorStyle (200)
[2021.01.06-15.14.31:431][869]LogModuleManager: Shutting down and abandoning module UnrealEd (198)
[2021.01.06-15.14.31:438][869]LogModuleManager: Shutting down and abandoning module MRMesh (196)
[2021.01.06-15.14.31:439][869]LogModuleManager: Shutting down and abandoning module Messaging (194)
[2021.01.06-15.14.31:441][869]LogModuleManager: Shutting down and abandoning module SourceCodeAccess (192)
[2021.01.06-15.14.31:443][869]LogModuleManager: Shutting down and abandoning module HeadMountedDisplay (190)
[2021.01.06-15.14.31:445][869]LogModuleManager: Shutting down and abandoning module XAudio2 (188)
[2021.01.06-15.14.31:449][869]LogModuleManager: Shutting down and abandoning module Networking (186)
[2021.01.06-15.14.31:457][869]LogModuleManager: Shutting down and abandoning module Core (184)
[2021.01.06-15.14.31:459][869]LogModuleManager: Shutting down and abandoning module MovieSceneTools (182)
[2021.01.06-15.14.31:462][869]LogModuleManager: Shutting down and abandoning module KismetCompiler (180)
[2021.01.06-15.14.31:463][869]LogModuleManager: Shutting down and abandoning module MeshBuilder (178)
[2021.01.06-15.14.31:470][869]LogModuleManager: Shutting down and abandoning module MeshUtilities (176)
[2021.01.06-15.14.31:473][869]LogModuleManager: Shutting down and abandoning module MeshMergeUtilities (175)
[2021.01.06-15.14.31:475][869]LogModuleManager: Shutting down and abandoning module MeshReductionInterface (174)
[2021.01.06-15.14.31:476][869]LogModuleManager: Shutting down and abandoning module MeshBoneReduction (173)
[2021.01.06-15.14.31:479][869]LogModuleManager: Shutting down and abandoning module SkeletalMeshReduction (171)
[2021.01.06-15.14.31:487][869]LogModuleManager: Shutting down and abandoning module ProxyLODMeshReduction (169)
[2021.01.06-15.14.31:490][869]LogModuleManager: Shutting down and abandoning module QuadricMeshReduction (167)
[2021.01.06-15.14.31:491][869]LogModuleManager: Shutting down and abandoning module MaterialBaking (163)
[2021.01.06-15.14.31:494][869]LogModuleManager: Shutting down and abandoning module NullInstallBundleManager (158)
[2021.01.06-15.14.31:500][869]LogModuleManager: Shutting down and abandoning module PIEPreviewDeviceProfileSelector (156)
[2021.01.06-15.14.31:503][869]LogModuleManager: Shutting down and abandoning module DerivedDataCache (154)
[2021.01.06-15.14.31:504][869]LogModuleManager: Shutting down and abandoning module XGEController (152)
[2021.01.06-15.14.31:506][869]LogModuleManager: Shutting down and abandoning module TargetPlatform (150)
[2021.01.06-15.14.31:513][869]LogModuleManager: Shutting down and abandoning module VulkanShaderFormat (149)
[2021.01.06-15.14.31:514][869]LogModuleManager: Shutting down and abandoning module ShaderFormatVectorVM (147)
[2021.01.06-15.14.31:517][869]LogModuleManager: Shutting down and abandoning module ShaderFormatOpenGL (145)
[2021.01.06-15.14.31:519][869]LogModuleManager: Shutting down and abandoning module ShaderFormatD3D (143)
[2021.01.06-15.14.31:521][869]LogModuleManager: Shutting down and abandoning module MetalShaderFormat (141)
[2021.01.06-15.14.31:531][869]LogModuleManager: Shutting down and abandoning module TextureFormatUncompressed (139)
[2021.01.06-15.14.31:532][869]LogModuleManager: Shutting down and abandoning module TextureFormatPVR (137)
[2021.01.06-15.14.31:538][869]LogModuleManager: Shutting down and abandoning module TextureFormatDXT (135)
[2021.01.06-15.14.31:541][869]LogModuleManager: Shutting down and abandoning module TextureFormatIntelISPCTexComp (133)
[2021.01.06-15.14.31:544][869]LogModuleManager: Shutting down and abandoning module TextureFormatASTC (131)
[2021.01.06-15.14.31:545][869]LogModuleManager: Shutting down and abandoning module ImageWrapper (130)
[2021.01.06-15.14.31:548][869]LogModuleManager: Shutting down and abandoning module TextureFormatAndroid (127)
[2021.01.06-15.14.31:550][869]LogModuleManager: Shutting down and abandoning module AudioFormatOpus (125)
[2021.01.06-15.14.31:560][869]LogModuleManager: Shutting down and abandoning module AudioFormatOgg (123)
[2021.01.06-15.14.31:561][869]LogModuleManager: Shutting down and abandoning module AudioFormatADPCM (121)
[2021.01.06-15.14.31:566][869]LogModuleManager: Shutting down and abandoning module WindowsServerTargetPlatform (119)
[2021.01.06-15.14.31:572][869]LogModuleManager: Shutting down and abandoning module WindowsClientTargetPlatform (117)
[2021.01.06-15.14.31:574][869]LogModuleManager: Shutting down and abandoning module WindowsTargetPlatform (115)
[2021.01.06-15.14.31:578][869]LogModuleManager: Shutting down and abandoning module WindowsNoEditorTargetPlatform (113)
[2021.01.06-15.14.31:580][869]LogModuleManager: Shutting down and abandoning module InputCore (110)
[2021.01.06-15.14.31:591][869]LogModuleManager: Shutting down and abandoning module Settings (108)
[2021.01.06-15.14.31:593][869]LogModuleManager: Shutting down and abandoning module PhysXCooking (106)
[2021.01.06-15.14.31:593][869]LogModuleManager: Shutting down and abandoning module ChaosSolvers (104)
[2021.01.06-15.14.31:599][869]LogModuleManager: Shutting down and abandoning module FieldSystemEngine (103)
[2021.01.06-15.14.31:604][869]LogModuleManager: Shutting down and abandoning module Chaos (100)
[2021.01.06-15.14.31:606][869]LogModuleManager: Shutting down and abandoning module WindowsPlatformFeatures (98)
[2021.01.06-15.14.31:608][869]LogModuleManager: Shutting down and abandoning module GameplayMediaEncoder (97)
[2021.01.06-15.14.31:610][869]LogModuleManager: Shutting down and abandoning module AVEncoder (96)
[2021.01.06-15.14.31:611][869]LogModuleManager: Shutting down and abandoning module SteamVRInputDevice (92)
[2021.01.06-15.14.31:627][869]LogModuleManager: Shutting down and abandoning module SteamVRInput (90)
[2021.01.06-15.14.31:628][869]LogModuleManager: Shutting down and abandoning module SteamVR (88)
[2021.01.06-15.14.31:630][869]LogHMD: Freeing OpenVRDLLHandle.
[2021.01.06-15.14.31:632][869]LogModuleManager: Shutting down and abandoning module OculusHMD (86)
[2021.01.06-15.14.31:639][869]LogModuleManager: Shutting down and abandoning module ExampleDeviceProfileSelector (84)
[2021.01.06-15.14.31:641][869]LogModuleManager: Shutting down and abandoning module LauncherChunkInstaller (82)
[2021.01.06-15.14.31:643][869]LogModuleManager: Shutting down and abandoning module OnlineBlueprintSupport (80)
[2021.01.06-15.14.31:646][869]LogModuleManager: Shutting down and abandoning module OnlineSubsystem (76)
[2021.01.06-15.14.31:651][869]LogModuleManager: Shutting down and abandoning module XMPP (71)
[2021.01.06-15.14.31:658][869]LogModuleManager: Shutting down and abandoning module WebSockets (70)
[2021.01.06-15.14.31:673][869]LogModuleManager: Shutting down and abandoning module HTTP (67)
[2021.01.06-15.14.31:700][869]LogModuleManager: Shutting down and abandoning module SSL (66)
[2021.01.06-15.14.31:707][869]LogModuleManager: Shutting down and abandoning module WmfMedia (62)
[2021.01.06-15.14.31:719][869]LogModuleManager: Shutting down and abandoning module Media (61)
[2021.01.06-15.14.31:722][869]LogModuleManager: Shutting down and abandoning module MagicLeap (58)
[2021.01.06-15.14.31:723][869]LogModuleManager: Shutting down and abandoning module NiagaraVertexFactories (56)
[2021.01.06-15.14.31:725][869]LogModuleManager: Shutting down and abandoning module NiagaraShader (54)
[2021.01.06-15.14.31:730][869]LogModuleManager: Shutting down and abandoning module VariantManagerContent (52)
[2021.01.06-15.14.31:733][869]LogModuleManager: Shutting down and abandoning module DatasmithContent (50)
[2021.01.06-15.14.31:738][869]LogModuleManager: Shutting down and abandoning module AISupportModule (48)
[2021.01.06-15.14.31:739][869]LogModuleManager: Shutting down and abandoning module DesktopPlatform (46)
[2021.01.06-15.14.31:747][869]LogModuleManager: Shutting down and abandoning module PlatformCryptoOpenSSL (44)
[2021.01.06-15.14.31:749][869]LogModuleManager: Shutting down and abandoning module PlatformCryptoTypes (42)
[2021.01.06-15.14.31:751][869]LogModuleManager: Shutting down and abandoning module PlatformCrypto (40)
[2021.01.06-15.14.31:753][869]LogModuleManager: Shutting down and abandoning module AnimationModifiers (38)
[2021.01.06-15.14.31:758][869]LogModuleManager: Shutting down and abandoning module PropertyEditor (37)
[2021.01.06-15.14.31:765][869]LogModuleManager: Shutting down and abandoning module AudioEditor (34)
[2021.01.06-15.14.31:768][869]LogModuleManager: Shutting down and abandoning module TextureCompressor (32)
[2021.01.06-15.14.31:770][869]LogModuleManager: Shutting down and abandoning module RenderCore (30)
[2021.01.06-15.14.31:775][869]LogModuleManager: Shutting down and abandoning module Landscape (28)
[2021.01.06-15.14.31:777][869]LogModuleManager: Shutting down and abandoning module SlateRHIRenderer (26)
[2021.01.06-15.14.31:781][869]LogModuleManager: Shutting down and abandoning module OpenGLDrv (24)
[2021.01.06-15.14.31:782][869]LogModuleManager: Shutting down and abandoning module D3D11RHI (22)
[2021.01.06-15.14.31:783][869]LogModuleManager: Shutting down and abandoning module AnimGraphRuntime (20)
[2021.01.06-15.14.31:790][869]LogModuleManager: Shutting down and abandoning module Renderer (18)
[2021.01.06-15.14.31:792][869]LogModuleManager: Shutting down and abandoning module Engine (16)
[2021.01.06-15.14.31:795][869]LogModuleManager: Shutting down and abandoning module CoreUObject (14)
[2021.01.06-15.14.31:796][869]LogModuleManager: Shutting down and abandoning module NetworkFile (12)
[2021.01.06-15.14.31:798][869]LogModuleManager: Shutting down and abandoning module CookedIterativeFile (10)
[2021.01.06-15.14.31:806][869]LogModuleManager: Shutting down and abandoning module StreamingFile (8)
[2021.01.06-15.14.31:808][869]LogModuleManager: Shutting down and abandoning module SandboxFile (6)
[2021.01.06-15.14.31:810][869]LogModuleManager: Shutting down and abandoning module PakFile (4)
[2021.01.06-15.14.31:811][869]LogModuleManager: Shutting down and abandoning module RSA (3)
[2021.01.06-15.14.31:815][869]LogContentStreaming: Display: There are 1 unreleased StreamingManagers
[2021.01.06-15.14.31:837][869]LogD3D11RHI: Shutdown
[2021.01.06-15.14.31:837][869]LogD3D11RHI: CleanupD3DDevice
[2021.01.06-15.14.32:140][869]LogExit: Exiting.
[2021.01.06-15.14.32:150][869]Log file closed, 01/06/21 10:14:32
