Log file open, 01/05/21 22:31:46
LogInit: Display: Running engine for game: Puzzles
LogPlatformFile: Not using cached read wrapper
LogTaskGraph: Started task graph with 5 named threads and 11 total threads with 3 sets of task threads.
LogStats: Stats thread started at 0.438782
LogD3D11RHI: Loaded GFSDK_Aftermath_Lib.x64.dll
LogICUInternationalization: ICU TimeZone Detection - Raw Offset: -5:00, Platform Override: ''
LogPluginManager: Mounting plugin Paper2D
LogPluginManager: Mounting plugin AISupport
LogPluginManager: Mounting plugin LightPropagationVolume
LogPluginManager: Mounting plugin CameraShakePreviewer
LogPluginManager: Mounting plugin ActorLayerUtilities
LogPluginManager: Mounting plugin AnimationSharing
LogPluginManager: Mounting plugin CLionSourceCodeAccess
LogPluginManager: Mounting plugin CodeLiteSourceCodeAccess
LogPluginManager: Mounting plugin GitSourceControl
LogPluginManager: Mounting plugin KDevelopSourceCodeAccess
LogPluginManager: Mounting plugin NullSourceCodeAccess
LogPluginManager: Mounting plugin PerforceSourceControl
LogPluginManager: Mounting plugin PlasticSourceControl
LogPluginManager: Mounting plugin RiderSourceCodeAccess
LogPluginManager: Mounting plugin SubversionSourceControl
LogPluginManager: Mounting plugin UObjectPlugin
LogPluginManager: Mounting plugin VisualStudioCodeSourceCodeAccess
LogPluginManager: Mounting plugin VisualStudioSourceCodeAccess
LogPluginManager: Mounting plugin XCodeSourceCodeAccess
LogPluginManager: Mounting plugin AssetManagerEditor
LogPluginManager: Mounting plugin CryptoKeys
LogPluginManager: Mounting plugin CurveEditorTools
LogPluginManager: Mounting plugin DataValidation
LogPluginManager: Mounting plugin EditorScriptingUtilities
LogPluginManager: Mounting plugin FacialAnimation
LogPluginManager: Mounting plugin GameplayTagsEditor
LogPluginManager: Mounting plugin GeometryMode
LogPluginManager: Mounting plugin MacGraphicsSwitching
LogPluginManager: Mounting plugin MaterialAnalyzer
LogPluginManager: Mounting plugin MobileLauncherProfileWizard
LogPluginManager: Mounting plugin PluginBrowser
LogPluginManager: Mounting plugin SpeedTreeImporter
LogPluginManager: Mounting plugin DatasmithContent
LogPluginManager: Mounting plugin VariantManagerContent
LogPluginManager: Mounting plugin AlembicImporter
LogPluginManager: Mounting plugin AutomationUtils
LogPluginManager: Mounting plugin BackChannel
LogPluginManager: Mounting plugin ChaosCloth
LogPluginManager: Mounting plugin ChaosClothEditor
LogPluginManager: Mounting plugin ChaosEditor
LogPluginManager: Mounting plugin ChaosNiagara
LogPluginManager: Mounting plugin ChaosSolverPlugin
LogPluginManager: Mounting plugin CharacterAI
LogPluginManager: Mounting plugin GeometryCache
LogPluginManager: Mounting plugin GeometryCollectionPlugin
LogPluginManager: Mounting plugin GeometryProcessing
LogPluginManager: Mounting plugin PlanarCut
LogPluginManager: Mounting plugin PlatformCrypto
LogPluginManager: Mounting plugin ProxyLODPlugin
LogPluginManager: Mounting plugin SkeletalReduction
LogPluginManager: Mounting plugin Niagara
LogPluginManager: Mounting plugin MagicLeap
LogPluginManager: Mounting plugin MagicLeapLightEstimation
LogPluginManager: Mounting plugin MagicLeapMedia
LogPluginManager: Mounting plugin MagicLeapPassableWorld
LogPluginManager: Mounting plugin MLSDK
LogPluginManager: Mounting plugin AndroidMedia
LogPluginManager: Mounting plugin AvfMedia
LogPluginManager: Mounting plugin ImgMedia
LogPluginManager: Mounting plugin MediaCompositing
LogPluginManager: Mounting plugin MediaPlayerEditor
LogPluginManager: Mounting plugin WebMMedia
LogPluginManager: Mounting plugin WmfMedia
LogPluginManager: Mounting plugin MeshPainting
LogPluginManager: Mounting plugin TcpMessaging
LogPluginManager: Mounting plugin UdpMessaging
LogPluginManager: Mounting plugin ActorSequence
LogPluginManager: Mounting plugin LevelSequenceEditor
LogPluginManager: Mounting plugin MatineeToLevelSequence
LogPluginManager: Mounting plugin MovieRenderPipeline
LogPluginManager: Mounting plugin TemplateSequence
LogPluginManager: Mounting plugin NetcodeUnitTest
LogPluginManager: Mounting plugin NUTUnrealEngine4
LogPluginManager: Mounting plugin OnlineSubsystemGooglePlay
LogPluginManager: Mounting plugin OnlineSubsystemIOS
LogPluginManager: Mounting plugin OnlineSubsystem
LogPluginManager: Mounting plugin OnlineSubsystemNull
LogPluginManager: Mounting plugin OnlineSubsystemUtils
LogPluginManager: Mounting plugin LauncherChunkInstaller
LogPluginManager: Mounting plugin AndroidDeviceProfileSelector
LogPluginManager: Mounting plugin AndroidMoviePlayer
LogPluginManager: Mounting plugin AndroidPermission
LogPluginManager: Mounting plugin AppleImageUtils
LogPluginManager: Mounting plugin AppleMoviePlayer
LogPluginManager: Mounting plugin ArchVisCharacter
LogPluginManager: Mounting plugin AssetTags
LogPluginManager: Mounting plugin AudioCapture
LogPluginManager: Mounting plugin CableComponent
LogPluginManager: Mounting plugin CustomMeshComponent
LogPluginManager: Mounting plugin EditableMesh
LogPluginManager: Mounting plugin ExampleDeviceProfileSelector
LogPluginManager: Mounting plugin GoogleCloudMessaging
LogPluginManager: Mounting plugin GooglePAD
LogPluginManager: Mounting plugin IOSDeviceProfileSelector
LogPluginManager: Mounting plugin LinuxDeviceProfileSelector
LogPluginManager: Mounting plugin LocationServicesBPLibrary
LogPluginManager: Mounting plugin MobilePatchingUtils
LogPluginManager: Mounting plugin OculusVR
LogPluginManager: Mounting plugin PhysXVehicles
LogPluginManager: Mounting plugin PostSplashScreen
LogPluginManager: Mounting plugin ProceduralMeshComponent
LogPluginManager: Mounting plugin RuntimePhysXCooking
LogPluginManager: Mounting plugin SignificanceManager
LogPluginManager: Mounting plugin SoundFields
LogPluginManager: Mounting plugin SteamVR
LogPluginManager: Mounting plugin Synthesis
LogPluginManager: Mounting plugin WebMMoviePlayer
LogPluginManager: Mounting plugin WindowsMoviePlayer
LogPluginManager: Mounting plugin ScreenshotTools
LogInit: Using libcurl 7.55.1-DEV
LogInit:  - built for x86_64-pc-win32
LogInit:  - supports SSL with OpenSSL/1.1.1
LogInit:  - supports HTTP deflate (compression) using libz 1.2.8
LogInit:  - other features:
LogInit:      CURL_VERSION_SSL
LogInit:      CURL_VERSION_LIBZ
LogInit:      CURL_VERSION_IPV6
LogInit:      CURL_VERSION_ASYNCHDNS
LogInit:      CURL_VERSION_LARGEFILE
LogInit:      CURL_VERSION_IDN
LogInit:  CurlRequestOptions (configurable via config and command line):
LogInit:  - bVerifyPeer = true  - Libcurl will verify peer certificate
LogInit:  - bUseHttpProxy = false  - Libcurl will NOT use HTTP proxy
LogInit:  - bDontReuseConnections = false  - Libcurl will reuse connections
LogInit:  - MaxHostConnections = 16  - Libcurl will limit the number of connections to a host
LogInit:  - LocalHostAddr = Default
LogInit:  - BufferSize = 65536
LogOnline: OSS: Creating online subsystem instance for: NULL
LogInit: WinSock: version 1.1 (2.2), MaxSocks=32767, MaxUdp=65467
LogOnline: OSS: TryLoadSubsystemAndSetDefault: Loaded subsystem for module [NULL]
LogInit: Build: ++UE4+Release-4.25-CL-14469661
LogInit: Engine Version: 4.25.4-14469661+++UE4+Release-4.25
LogInit: Compatible Engine Version: 4.25.0-13144385+++UE4+Release-4.25
LogInit: Net CL: 13144385
LogInit: OS: Windows 10 (Release 1909) (), CPU: Intel(R) Core(TM) i7-7500U CPU @ 2.70GHz, GPU: Intel(R) HD Graphics 620
LogInit: Compiled (64-bit): Oct 11 2020 08:10:49
LogInit: Compiled with Visual C++: 19.24.28315.00
LogInit: Build Configuration: Development
LogInit: Branch Name: ++UE4+Release-4.25
LogInit: Command Line: -log -game
LogInit: Base Directory: C:/Program Files/Epic Games/UE_4.25/Engine/Binaries/Win64/
LogInit: Allocator: TBB
LogInit: Installed Engine Build: 1
LogDevObjectVersion: Number of dev versions registered: 26
LogDevObjectVersion:   Dev-Blueprints (B0D832E4-1F89-4F0D-ACCF-7EB736FD4AA2): 10
LogDevObjectVersion:   Dev-Build (E1C64328-A22C-4D53-A36C-8E866417BD8C): 0
LogDevObjectVersion:   Dev-Core (375EC13C-06E4-48FB-B500-84F0262A717E): 4
LogDevObjectVersion:   Dev-Editor (E4B068ED-F494-42E9-A231-DA0B2E46BB41): 38
LogDevObjectVersion:   Dev-Framework (CFFC743F-43B0-4480-9391-14DF171D2073): 37
LogDevObjectVersion:   Dev-Mobile (B02B49B5-BB20-44E9-A304-32B752E40360): 2
LogDevObjectVersion:   Dev-Networking (A4E4105C-59A1-49B5-A7C5-40C4547EDFEE): 0
LogDevObjectVersion:   Dev-Online (39C831C9-5AE6-47DC-9A44-9C173E1C8E7C): 0
LogDevObjectVersion:   Dev-Physics (78F01B33-EBEA-4F98-B9B4-84EACCB95AA2): 4
LogDevObjectVersion:   Dev-Platform (6631380F-2D4D-43E0-8009-CF276956A95A): 0
LogDevObjectVersion:   Dev-Rendering (12F88B9F-8875-4AFC-A67C-D90C383ABD29): 43
LogDevObjectVersion:   Dev-Sequencer (7B5AE74C-D270-4C10-A958-57980B212A5A): 12
LogDevObjectVersion:   Dev-VR (D7296918-1DD6-4BDD-9DE2-64A83CC13884): 3
LogDevObjectVersion:   Dev-LoadTimes (C2A15278-BFE7-4AFE-6C17-90FF531DF755): 1
LogDevObjectVersion:   Private-Geometry (6EACA3D4-40EC-4CC1-B786-8BED09428FC5): 3
LogDevObjectVersion:   Dev-AnimPhys (29E575DD-E0A3-4627-9D10-D276232CDCEA): 17
LogDevObjectVersion:   Dev-Anim (AF43A65D-7FD3-4947-9873-3E8ED9C1BB05): 7
LogDevObjectVersion:   Dev-ReflectionCapture (6B266CEC-1EC7-4B8F-A30B-E4D90942FC07): 1
LogDevObjectVersion:   Dev-Automation (0DF73D61-A23F-47EA-B727-89E90C41499A): 1
LogDevObjectVersion:   FortniteMain (601D1886-AC64-4F84-AA16-D3DE0DEAC7D6): 31
LogDevObjectVersion:   Dev-Enterprise (9DFFBCD6-494F-0158-E221-12823C92A888): 10
LogDevObjectVersion:   Dev-Niagara (F2AED0AC-9AFE-416F-8664-AA7FFA26D6FC): 1
LogDevObjectVersion:   Dev-Destruction (174F1F0B-B4C6-45A5-B13F-2EE8D0FB917D): 10
LogDevObjectVersion:   Dev-Physics-Ext (35F94A83-E258-406C-A318-09F59610247C): 37
LogDevObjectVersion:   Dev-PhysicsMaterial-Chaos (B68FC16E-8B1B-42E2-B453-215C058844FE): 1
LogDevObjectVersion:   Dev-CineCamera (B2E18506-4273-CFC2-A54E-F4BB758BBA07): 1
LogInit: Presizing for max 25165824 objects, including 0 objects not considered by GC, pre-allocating 0 bytes for permanent pool.
LogConfig: Applying CVar settings from Section [/Script/Engine.StreamingSettings] File [C:/Users/Angelica .DESKTOP-RM5JOAJ/Documents/Learning Multiplayer/Puzzles/Puzzles/Saved/Config/Windows/Engine.ini]
LogConfig: Setting CVar [[s.MinBulkDataSizeForAsyncLoading:131072]]
LogConfig: Setting CVar [[s.AsyncLoadingThreadEnabled:0]]
LogConfig: Setting CVar [[s.EventDrivenLoaderEnabled:1]]
LogConfig: Setting CVar [[s.WarnIfTimeLimitExceeded:0]]
LogConfig: Setting CVar [[s.TimeLimitExceededMultiplier:1.5]]
LogConfig: Setting CVar [[s.TimeLimitExceededMinTime:0.005]]
LogConfig: Setting CVar [[s.UseBackgroundLevelStreaming:1]]
LogConfig: Setting CVar [[s.PriorityAsyncLoadingExtraTime:15.0]]
LogConfig: Setting CVar [[s.LevelStreamingActorsUpdateTimeLimit:5.0]]
LogConfig: Setting CVar [[s.PriorityLevelStreamingActorsUpdateExtraTime:5.0]]
LogConfig: Setting CVar [[s.LevelStreamingComponentsRegistrationGranularity:10]]
LogConfig: Setting CVar [[s.UnregisterComponentsTimeLimit:1.0]]
LogConfig: Setting CVar [[s.LevelStreamingComponentsUnregistrationGranularity:5]]
LogConfig: Setting CVar [[s.FlushStreamingOnExit:1]]
LogInit: Object subsystem initialized
LogConfig: Setting CVar [[con.DebugEarlyDefault:1]]
LogConfig: Setting CVar [[r.setres:1280x720]]
[2021.01.06-03.31.48:119][  0]LogConfig: Setting CVar [[con.DebugEarlyDefault:1]]
[2021.01.06-03.31.48:120][  0]LogConfig: Setting CVar [[r.setres:1280x720]]
[2021.01.06-03.31.48:121][  0]LogConfig: Applying CVar settings from Section [/Script/Engine.RendererSettings] File [C:/Users/Angelica .DESKTOP-RM5JOAJ/Documents/Learning Multiplayer/Puzzles/Puzzles/Saved/Config/Windows/Engine.ini]
[2021.01.06-03.31.48:123][  0]LogConfig: Setting CVar [[r.GPUCrashDebugging:0]]
[2021.01.06-03.31.48:127][  0]LogConfig: Applying CVar settings from Section [/Script/Engine.RendererOverrideSettings] File [C:/Users/Angelica .DESKTOP-RM5JOAJ/Documents/Learning Multiplayer/Puzzles/Puzzles/Saved/Config/Windows/Engine.ini]
[2021.01.06-03.31.48:128][  0]LogConfig: Applying CVar settings from Section [/Script/Engine.StreamingSettings] File [C:/Users/Angelica .DESKTOP-RM5JOAJ/Documents/Learning Multiplayer/Puzzles/Puzzles/Saved/Config/Windows/Engine.ini]
[2021.01.06-03.31.48:129][  0]LogConfig: Setting CVar [[s.MinBulkDataSizeForAsyncLoading:131072]]
[2021.01.06-03.31.48:130][  0]LogConfig: Setting CVar [[s.AsyncLoadingThreadEnabled:0]]
[2021.01.06-03.31.48:130][  0]LogConfig: Setting CVar [[s.EventDrivenLoaderEnabled:1]]
[2021.01.06-03.31.48:131][  0]LogConfig: Setting CVar [[s.WarnIfTimeLimitExceeded:0]]
[2021.01.06-03.31.48:132][  0]LogConfig: Setting CVar [[s.TimeLimitExceededMultiplier:1.5]]
[2021.01.06-03.31.48:133][  0]LogConfig: Setting CVar [[s.TimeLimitExceededMinTime:0.005]]
[2021.01.06-03.31.48:134][  0]LogConfig: Setting CVar [[s.UseBackgroundLevelStreaming:1]]
[2021.01.06-03.31.48:134][  0]LogConfig: Setting CVar [[s.PriorityAsyncLoadingExtraTime:15.0]]
[2021.01.06-03.31.48:136][  0]LogConfig: Setting CVar [[s.LevelStreamingActorsUpdateTimeLimit:5.0]]
[2021.01.06-03.31.48:141][  0]LogConfig: Setting CVar [[s.PriorityLevelStreamingActorsUpdateExtraTime:5.0]]
[2021.01.06-03.31.48:143][  0]LogConfig: Setting CVar [[s.LevelStreamingComponentsRegistrationGranularity:10]]
[2021.01.06-03.31.48:144][  0]LogConfig: Setting CVar [[s.UnregisterComponentsTimeLimit:1.0]]
[2021.01.06-03.31.48:144][  0]LogConfig: Setting CVar [[s.LevelStreamingComponentsUnregistrationGranularity:5]]
[2021.01.06-03.31.48:145][  0]LogConfig: Setting CVar [[s.FlushStreamingOnExit:1]]
[2021.01.06-03.31.48:146][  0]LogConfig: Applying CVar settings from Section [/Script/Engine.GarbageCollectionSettings] File [C:/Users/Angelica .DESKTOP-RM5JOAJ/Documents/Learning Multiplayer/Puzzles/Puzzles/Saved/Config/Windows/Engine.ini]
[2021.01.06-03.31.48:147][  0]LogConfig: Setting CVar [[gc.MaxObjectsNotConsideredByGC:1]]
[2021.01.06-03.31.48:148][  0]LogConfig: Setting CVar [[gc.SizeOfPermanentObjectPool:0]]
[2021.01.06-03.31.48:148][  0]LogConfig: Setting CVar [[gc.FlushStreamingOnGC:0]]
[2021.01.06-03.31.48:149][  0]LogConfig: Setting CVar [[gc.NumRetriesBeforeForcingGC:10]]
[2021.01.06-03.31.48:150][  0]LogConfig: Setting CVar [[gc.AllowParallelGC:1]]
[2021.01.06-03.31.48:154][  0]LogConfig: Setting CVar [[gc.TimeBetweenPurgingPendingKillObjects:61.1]]
[2021.01.06-03.31.48:155][  0]LogConfig: Setting CVar [[gc.MaxObjectsInEditor:25165824]]
[2021.01.06-03.31.48:156][  0]LogConfig: Setting CVar [[gc.IncrementalBeginDestroyEnabled:1]]
[2021.01.06-03.31.48:157][  0]LogConfig: Setting CVar [[gc.CreateGCClusters:1]]
[2021.01.06-03.31.48:158][  0]LogConfig: Setting CVar [[gc.MinGCClusterSize:5]]
[2021.01.06-03.31.48:159][  0]LogConfig: Setting CVar [[gc.ActorClusteringEnabled:0]]
[2021.01.06-03.31.48:161][  0]LogConfig: Setting CVar [[gc.BlueprintClusteringEnabled:0]]
[2021.01.06-03.31.48:162][  0]LogConfig: Setting CVar [[gc.UseDisregardForGCOnDedicatedServers:0]]
[2021.01.06-03.31.48:165][  0]LogConfig: Applying CVar settings from Section [/Script/Engine.NetworkSettings] File [C:/Users/Angelica .DESKTOP-RM5JOAJ/Documents/Learning Multiplayer/Puzzles/Puzzles/Saved/Config/Windows/Engine.ini]
[2021.01.06-03.31.48:166][  0]LogConfig: Applying CVar settings from Section [/Script/UnrealEd.CookerSettings] File [C:/Users/Angelica .DESKTOP-RM5JOAJ/Documents/Learning Multiplayer/Puzzles/Puzzles/Saved/Config/Windows/Engine.ini]
[2021.01.06-03.31.48:174][  0]LogConfig: Applying CVar settings from Section [ViewDistanceQuality@3] File [C:/Users/Angelica .DESKTOP-RM5JOAJ/Documents/Learning Multiplayer/Puzzles/Puzzles/Saved/Config/Windows/Scalability.ini]
[2021.01.06-03.31.48:178][  0]LogConfig: Setting CVar [[r.SkeletalMeshLODBias:0]]
[2021.01.06-03.31.48:178][  0]LogConfig: Setting CVar [[r.ViewDistanceScale:1.0]]
[2021.01.06-03.31.48:179][  0]LogConfig: Applying CVar settings from Section [AntiAliasingQuality@3] File [C:/Users/Angelica .DESKTOP-RM5JOAJ/Documents/Learning Multiplayer/Puzzles/Puzzles/Saved/Config/Windows/Scalability.ini]
[2021.01.06-03.31.48:180][  0]LogConfig: Setting CVar [[r.PostProcessAAQuality:4]]
[2021.01.06-03.31.48:181][  0]LogConfig: Applying CVar settings from Section [ShadowQuality@3] File [C:/Users/Angelica .DESKTOP-RM5JOAJ/Documents/Learning Multiplayer/Puzzles/Puzzles/Saved/Config/Windows/Scalability.ini]
[2021.01.06-03.31.48:181][  0]LogConfig: Setting CVar [[r.LightFunctionQuality:1]]
[2021.01.06-03.31.48:182][  0]LogConfig: Setting CVar [[r.ShadowQuality:5]]
[2021.01.06-03.31.48:183][  0]LogConfig: Setting CVar [[r.Shadow.CSM.MaxCascades:10]]
[2021.01.06-03.31.48:184][  0]LogConfig: Setting CVar [[r.Shadow.MaxResolution:2048]]
[2021.01.06-03.31.48:184][  0]LogConfig: Setting CVar [[r.Shadow.MaxCSMResolution:2048]]
[2021.01.06-03.31.48:186][  0]LogConfig: Setting CVar [[r.Shadow.RadiusThreshold:0.01]]
[2021.01.06-03.31.48:192][  0]LogConfig: Setting CVar [[r.Shadow.DistanceScale:1.0]]
[2021.01.06-03.31.48:193][  0]LogConfig: Setting CVar [[r.Shadow.CSM.TransitionScale:1.0]]
[2021.01.06-03.31.48:193][  0]LogConfig: Setting CVar [[r.Shadow.PreShadowResolutionFactor:1.0]]
[2021.01.06-03.31.48:194][  0]LogConfig: Setting CVar [[r.DistanceFieldShadowing:1]]
[2021.01.06-03.31.48:195][  0]LogConfig: Setting CVar [[r.DistanceFieldAO:1]]
[2021.01.06-03.31.48:196][  0]LogConfig: Setting CVar [[r.AOQuality:2]]
[2021.01.06-03.31.48:197][  0]LogConfig: Setting CVar [[r.VolumetricFog:1]]
[2021.01.06-03.31.48:197][  0]LogConfig: Setting CVar [[r.VolumetricFog.GridPixelSize:8]]
[2021.01.06-03.31.48:198][  0]LogConfig: Setting CVar [[r.VolumetricFog.GridSizeZ:128]]
[2021.01.06-03.31.48:199][  0]LogConfig: Setting CVar [[r.VolumetricFog.HistoryMissSupersampleCount:4]]
[2021.01.06-03.31.48:200][  0]LogConfig: Setting CVar [[r.LightMaxDrawDistanceScale:1]]
[2021.01.06-03.31.48:204][  0]LogConfig: Setting CVar [[r.CapsuleShadows:1]]
[2021.01.06-03.31.48:204][  0]LogConfig: Applying CVar settings from Section [PostProcessQuality@3] File [C:/Users/Angelica .DESKTOP-RM5JOAJ/Documents/Learning Multiplayer/Puzzles/Puzzles/Saved/Config/Windows/Scalability.ini]
[2021.01.06-03.31.48:206][  0]LogConfig: Setting CVar [[r.MotionBlurQuality:4]]
[2021.01.06-03.31.48:206][  0]LogConfig: Setting CVar [[r.AmbientOcclusionMipLevelFactor:0.4]]
[2021.01.06-03.31.48:207][  0]LogConfig: Setting CVar [[r.AmbientOcclusionMaxQuality:100]]
[2021.01.06-03.31.48:209][  0]LogConfig: Setting CVar [[r.AmbientOcclusionLevels:-1]]
[2021.01.06-03.31.48:210][  0]LogConfig: Setting CVar [[r.AmbientOcclusionRadiusScale:1.0]]
[2021.01.06-03.31.48:211][  0]LogConfig: Setting CVar [[r.DepthOfFieldQuality:2]]
[2021.01.06-03.31.48:212][  0]LogConfig: Setting CVar [[r.RenderTargetPoolMin:400]]
[2021.01.06-03.31.48:216][  0]LogConfig: Setting CVar [[r.LensFlareQuality:2]]
[2021.01.06-03.31.48:217][  0]LogConfig: Setting CVar [[r.SceneColorFringeQuality:1]]
[2021.01.06-03.31.48:217][  0]LogConfig: Setting CVar [[r.EyeAdaptationQuality:2]]
[2021.01.06-03.31.48:218][  0]LogConfig: Setting CVar [[r.BloomQuality:5]]
[2021.01.06-03.31.48:219][  0]LogConfig: Setting CVar [[r.FastBlurThreshold:100]]
[2021.01.06-03.31.48:220][  0]LogConfig: Setting CVar [[r.Upscale.Quality:3]]
[2021.01.06-03.31.48:222][  0]LogConfig: Setting CVar [[r.Tonemapper.GrainQuantization:1]]
[2021.01.06-03.31.48:223][  0]LogConfig: Setting CVar [[r.LightShaftQuality:1]]
[2021.01.06-03.31.48:224][  0]LogConfig: Setting CVar [[r.Filter.SizeScale:1]]
[2021.01.06-03.31.48:228][  0]LogConfig: Setting CVar [[r.Tonemapper.Quality:5]]
[2021.01.06-03.31.48:229][  0]LogConfig: Setting CVar [[r.DOF.Gather.AccumulatorQuality:1        ; higher gathering accumulator quality]]
[2021.01.06-03.31.48:230][  0]LogConfig: Setting CVar [[r.DOF.Gather.PostfilterMethod:1          ; Median3x3 postfilering method]]
[2021.01.06-03.31.48:230][  0]LogConfig: Setting CVar [[r.DOF.Gather.EnableBokehSettings:0       ; no bokeh simulation when gathering]]
[2021.01.06-03.31.48:231][  0]LogConfig: Setting CVar [[r.DOF.Gather.RingCount:4                 ; medium number of samples when gathering]]
[2021.01.06-03.31.48:232][  0]LogConfig: Setting CVar [[r.DOF.Scatter.ForegroundCompositing:1    ; additive foreground scattering]]
[2021.01.06-03.31.48:232][  0]LogConfig: Setting CVar [[r.DOF.Scatter.BackgroundCompositing:2    ; additive background scattering]]
[2021.01.06-03.31.48:233][  0]LogConfig: Setting CVar [[r.DOF.Scatter.EnableBokehSettings:1      ; bokeh simulation when scattering]]
[2021.01.06-03.31.48:234][  0]LogConfig: Setting CVar [[r.DOF.Scatter.MaxSpriteRatio:0.1         ; only a maximum of 10% of scattered bokeh]]
[2021.01.06-03.31.48:236][  0]LogConfig: Setting CVar [[r.DOF.Recombine.Quality:1                ; cheap slight out of focus]]
[2021.01.06-03.31.48:240][  0]LogConfig: Setting CVar [[r.DOF.Recombine.EnableBokehSettings:0    ; no bokeh simulation on slight out of focus]]
[2021.01.06-03.31.48:241][  0]LogConfig: Setting CVar [[r.DOF.TemporalAAQuality:1                ; more stable temporal accumulation]]
[2021.01.06-03.31.48:242][  0]LogConfig: Setting CVar [[r.DOF.Kernel.MaxForegroundRadius:0.025]]
[2021.01.06-03.31.48:242][  0]LogConfig: Setting CVar [[r.DOF.Kernel.MaxBackgroundRadius:0.025]]
[2021.01.06-03.31.48:243][  0]LogConfig: Applying CVar settings from Section [TextureQuality@3] File [C:/Users/Angelica .DESKTOP-RM5JOAJ/Documents/Learning Multiplayer/Puzzles/Puzzles/Saved/Config/Windows/Scalability.ini]
[2021.01.06-03.31.48:244][  0]LogConfig: Setting CVar [[r.Streaming.MipBias:0]]
[2021.01.06-03.31.48:244][  0]LogConfig: Setting CVar [[r.Streaming.AmortizeCPUToGPUCopy:0]]
[2021.01.06-03.31.48:245][  0]LogConfig: Setting CVar [[r.Streaming.MaxNumTexturesToStreamPerFrame:0]]
[2021.01.06-03.31.48:246][  0]LogConfig: Setting CVar [[r.Streaming.Boost:1]]
[2021.01.06-03.31.48:247][  0]LogConfig: Setting CVar [[r.MaxAnisotropy:8]]
[2021.01.06-03.31.48:247][  0]LogConfig: Setting CVar [[r.VT.MaxAnisotropy:8]]
[2021.01.06-03.31.48:248][  0]LogConfig: Setting CVar [[r.Streaming.LimitPoolSizeToVRAM:0]]
[2021.01.06-03.31.48:249][  0]LogConfig: Setting CVar [[r.Streaming.PoolSize:1000]]
[2021.01.06-03.31.48:253][  0]LogConfig: Setting CVar [[r.Streaming.MaxEffectiveScreenSize:0]]
[2021.01.06-03.31.48:254][  0]LogConfig: Applying CVar settings from Section [EffectsQuality@3] File [C:/Users/Angelica .DESKTOP-RM5JOAJ/Documents/Learning Multiplayer/Puzzles/Puzzles/Saved/Config/Windows/Scalability.ini]
[2021.01.06-03.31.48:255][  0]LogConfig: Setting CVar [[r.TranslucencyLightingVolumeDim:64]]
[2021.01.06-03.31.48:256][  0]LogConfig: Setting CVar [[r.RefractionQuality:2]]
[2021.01.06-03.31.48:258][  0]LogConfig: Setting CVar [[r.SSR.Quality:3]]
[2021.01.06-03.31.48:259][  0]LogConfig: Setting CVar [[r.SSR.HalfResSceneColor:0]]
[2021.01.06-03.31.48:259][  0]LogConfig: Setting CVar [[r.SceneColorFormat:4]]
[2021.01.06-03.31.48:260][  0]LogConfig: Setting CVar [[r.DetailMode:2]]
[2021.01.06-03.31.48:261][  0]LogConfig: Setting CVar [[r.TranslucencyVolumeBlur:1]]
[2021.01.06-03.31.48:265][  0]LogConfig: Setting CVar [[r.MaterialQualityLevel:1 ; High quality]]
[2021.01.06-03.31.48:266][  0]LogConfig: Setting CVar [[r.SSS.Scale:1]]
[2021.01.06-03.31.48:267][  0]LogConfig: Setting CVar [[r.SSS.SampleSet:2]]
[2021.01.06-03.31.48:268][  0]LogConfig: Setting CVar [[r.SSS.Quality:1]]
[2021.01.06-03.31.48:268][  0]LogConfig: Setting CVar [[r.SSS.HalfRes:0]]
[2021.01.06-03.31.48:269][  0]LogConfig: Setting CVar [[r.SSGI.Quality:3]]
[2021.01.06-03.31.48:270][  0]LogConfig: Setting CVar [[r.EmitterSpawnRateScale:1.0]]
[2021.01.06-03.31.48:271][  0]LogConfig: Setting CVar [[r.ParticleLightQuality:2]]
[2021.01.06-03.31.48:272][  0]LogConfig: Setting CVar [[r.SkyAtmosphere.AerialPerspectiveLUT.FastApplyOnOpaque:1 ; Always have FastSkyLUT 1 in this case to avoid wrong sky]]
[2021.01.06-03.31.48:273][  0]LogConfig: Setting CVar [[r.SkyAtmosphere.AerialPerspectiveLUT.SampleCountPerSlice:1]]
[2021.01.06-03.31.48:274][  0]LogConfig: Setting CVar [[r.SkyAtmosphere.AerialPerspectiveLUT.DepthResolution:16.0]]
[2021.01.06-03.31.48:279][  0]LogConfig: Setting CVar [[r.SkyAtmosphere.FastSkyLUT:1]]
[2021.01.06-03.31.48:280][  0]LogConfig: Setting CVar [[r.SkyAtmosphere.FastSkyLUT.SampleCountMin:4.0]]
[2021.01.06-03.31.48:281][  0]LogConfig: Setting CVar [[r.SkyAtmosphere.FastSkyLUT.SampleCountMax:32.0]]
[2021.01.06-03.31.48:282][  0]LogConfig: Setting CVar [[r.SkyAtmosphere.SampleCountMin:4.0]]
[2021.01.06-03.31.48:282][  0]LogConfig: Setting CVar [[r.SkyAtmosphere.SampleCountMax:32.0]]
[2021.01.06-03.31.48:283][  0]LogConfig: Setting CVar [[r.SkyAtmosphere.TransmittanceLUT.UseSmallFormat:0]]
[2021.01.06-03.31.48:284][  0]LogConfig: Setting CVar [[r.SkyAtmosphere.TransmittanceLUT.SampleCount:10.0]]
[2021.01.06-03.31.48:285][  0]LogConfig: Setting CVar [[r.SkyAtmosphere.MultiScatteringLUT.SampleCount:15.0]]
[2021.01.06-03.31.48:289][  0]LogConfig: Applying CVar settings from Section [FoliageQuality@3] File [C:/Users/Angelica .DESKTOP-RM5JOAJ/Documents/Learning Multiplayer/Puzzles/Puzzles/Saved/Config/Windows/Scalability.ini]
[2021.01.06-03.31.48:290][  0]LogConfig: Setting CVar [[foliage.DensityScale:1.0]]
[2021.01.06-03.31.48:291][  0]LogConfig: Setting CVar [[grass.DensityScale:1.0]]
[2021.01.06-03.31.48:291][  0]LogConfig: Applying CVar settings from Section [ShadingQuality@3] File [C:/Users/Angelica .DESKTOP-RM5JOAJ/Documents/Learning Multiplayer/Puzzles/Puzzles/Saved/Config/Windows/Scalability.ini]
[2021.01.06-03.31.48:292][  0]LogConfig: Setting CVar [[r.HairStrands.SkyLighting.SampleCount:16]]
[2021.01.06-03.31.48:293][  0]LogConfig: Setting CVar [[r.HairStrands.SkyLighting.JitterIntegration:0]]
[2021.01.06-03.31.48:293][  0]LogConfig: Setting CVar [[r.HairStrands.SkyAO.SampleCount:16]]
[2021.01.06-03.31.48:294][  0]LogConfig: Setting CVar [[r.HairStrands.DeepShadow.SuperSampling:0]]
[2021.01.06-03.31.48:295][  0]LogConfig: Setting CVar [[r.HairStrands.VisibilityPPLL:0]]
[2021.01.06-03.31.48:296][  0]LogConfig: Setting CVar [[r.HairStrands.RasterizationScale:0.5]]
[2021.01.06-03.31.48:297][  0]LogConfig: Setting CVar [[r.HairStrands.VelocityRasterizationScale:1]]
[2021.01.06-03.31.48:298][  0]LogInit: Selected Device Profile: [Windows]
[2021.01.06-03.31.48:302][  0]LogInit: Applying CVar settings loaded from the selected device profile: [Windows]
[2021.01.06-03.31.48:303][  0]LogHAL: Display: Platform has ~ 16 GB [17052516352 / 17179869184 / 16], which maps to Larger [LargestMinGB=32, LargerMinGB=12, DefaultMinGB=8, SmallerMinGB=6, SmallestMinGB=0)
[2021.01.06-03.31.48:304][  0]LogInit: Going up to parent DeviceProfile []
[2021.01.06-03.31.48:306][  0]LogConfig: Applying CVar settings from Section [ViewDistanceQuality@3] File [C:/Users/Angelica .DESKTOP-RM5JOAJ/Documents/Learning Multiplayer/Puzzles/Puzzles/Saved/Config/Windows/Scalability.ini]
[2021.01.06-03.31.48:307][  0]LogConfig: Setting CVar [[r.SkeletalMeshLODBias:0]]
[2021.01.06-03.31.48:308][  0]LogConfig: Setting CVar [[r.ViewDistanceScale:1.0]]
[2021.01.06-03.31.48:308][  0]LogConfig: Applying CVar settings from Section [AntiAliasingQuality@3] File [C:/Users/Angelica .DESKTOP-RM5JOAJ/Documents/Learning Multiplayer/Puzzles/Puzzles/Saved/Config/Windows/Scalability.ini]
[2021.01.06-03.31.48:309][  0]LogConfig: Setting CVar [[r.PostProcessAAQuality:4]]
[2021.01.06-03.31.48:310][  0]LogConfig: Applying CVar settings from Section [ShadowQuality@3] File [C:/Users/Angelica .DESKTOP-RM5JOAJ/Documents/Learning Multiplayer/Puzzles/Puzzles/Saved/Config/Windows/Scalability.ini]
[2021.01.06-03.31.48:311][  0]LogConfig: Setting CVar [[r.LightFunctionQuality:1]]
[2021.01.06-03.31.48:316][  0]LogConfig: Setting CVar [[r.ShadowQuality:5]]
[2021.01.06-03.31.48:318][  0]LogConfig: Setting CVar [[r.Shadow.CSM.MaxCascades:10]]
[2021.01.06-03.31.48:319][  0]LogConfig: Setting CVar [[r.Shadow.MaxResolution:2048]]
[2021.01.06-03.31.48:320][  0]LogConfig: Setting CVar [[r.Shadow.MaxCSMResolution:2048]]
[2021.01.06-03.31.48:320][  0]LogConfig: Setting CVar [[r.Shadow.RadiusThreshold:0.01]]
[2021.01.06-03.31.48:321][  0]LogConfig: Setting CVar [[r.Shadow.DistanceScale:1.0]]
[2021.01.06-03.31.48:322][  0]LogConfig: Setting CVar [[r.Shadow.CSM.TransitionScale:1.0]]
[2021.01.06-03.31.48:323][  0]LogConfig: Setting CVar [[r.Shadow.PreShadowResolutionFactor:1.0]]
[2021.01.06-03.31.48:327][  0]LogConfig: Setting CVar [[r.DistanceFieldShadowing:1]]
[2021.01.06-03.31.48:330][  0]LogConfig: Setting CVar [[r.DistanceFieldAO:1]]
[2021.01.06-03.31.48:331][  0]LogConfig: Setting CVar [[r.AOQuality:2]]
[2021.01.06-03.31.48:332][  0]LogConfig: Setting CVar [[r.VolumetricFog:1]]
[2021.01.06-03.31.48:333][  0]LogConfig: Setting CVar [[r.VolumetricFog.GridPixelSize:8]]
[2021.01.06-03.31.48:333][  0]LogConfig: Setting CVar [[r.VolumetricFog.GridSizeZ:128]]
[2021.01.06-03.31.48:334][  0]LogConfig: Setting CVar [[r.VolumetricFog.HistoryMissSupersampleCount:4]]
[2021.01.06-03.31.48:336][  0]LogConfig: Setting CVar [[r.LightMaxDrawDistanceScale:1]]
[2021.01.06-03.31.48:337][  0]LogConfig: Setting CVar [[r.CapsuleShadows:1]]
[2021.01.06-03.31.48:337][  0]LogConfig: Applying CVar settings from Section [PostProcessQuality@3] File [C:/Users/Angelica .DESKTOP-RM5JOAJ/Documents/Learning Multiplayer/Puzzles/Puzzles/Saved/Config/Windows/Scalability.ini]
[2021.01.06-03.31.48:339][  0]LogConfig: Setting CVar [[r.MotionBlurQuality:4]]
[2021.01.06-03.31.48:343][  0]LogConfig: Setting CVar [[r.AmbientOcclusionMipLevelFactor:0.4]]
[2021.01.06-03.31.48:344][  0]LogConfig: Setting CVar [[r.AmbientOcclusionMaxQuality:100]]
[2021.01.06-03.31.48:345][  0]LogConfig: Setting CVar [[r.AmbientOcclusionLevels:-1]]
[2021.01.06-03.31.48:346][  0]LogConfig: Setting CVar [[r.AmbientOcclusionRadiusScale:1.0]]
[2021.01.06-03.31.48:346][  0]LogConfig: Setting CVar [[r.DepthOfFieldQuality:2]]
[2021.01.06-03.31.48:347][  0]LogConfig: Setting CVar [[r.RenderTargetPoolMin:400]]
[2021.01.06-03.31.48:348][  0]LogConfig: Setting CVar [[r.LensFlareQuality:2]]
[2021.01.06-03.31.48:349][  0]LogConfig: Setting CVar [[r.SceneColorFringeQuality:1]]
[2021.01.06-03.31.48:350][  0]LogConfig: Setting CVar [[r.EyeAdaptationQuality:2]]
[2021.01.06-03.31.48:350][  0]LogConfig: Setting CVar [[r.BloomQuality:5]]
[2021.01.06-03.31.48:351][  0]LogConfig: Setting CVar [[r.FastBlurThreshold:100]]
[2021.01.06-03.31.48:356][  0]LogConfig: Setting CVar [[r.Upscale.Quality:3]]
[2021.01.06-03.31.48:357][  0]LogConfig: Setting CVar [[r.Tonemapper.GrainQuantization:1]]
[2021.01.06-03.31.48:357][  0]LogConfig: Setting CVar [[r.LightShaftQuality:1]]
[2021.01.06-03.31.48:359][  0]LogConfig: Setting CVar [[r.Filter.SizeScale:1]]
[2021.01.06-03.31.48:360][  0]LogConfig: Setting CVar [[r.Tonemapper.Quality:5]]
[2021.01.06-03.31.48:360][  0]LogConfig: Setting CVar [[r.DOF.Gather.AccumulatorQuality:1        ; higher gathering accumulator quality]]
[2021.01.06-03.31.48:362][  0]LogConfig: Setting CVar [[r.DOF.Gather.PostfilterMethod:1          ; Median3x3 postfilering method]]
[2021.01.06-03.31.48:362][  0]LogConfig: Setting CVar [[r.DOF.Gather.EnableBokehSettings:0       ; no bokeh simulation when gathering]]
[2021.01.06-03.31.48:363][  0]LogConfig: Setting CVar [[r.DOF.Gather.RingCount:4                 ; medium number of samples when gathering]]
[2021.01.06-03.31.48:364][  0]LogConfig: Setting CVar [[r.DOF.Scatter.ForegroundCompositing:1    ; additive foreground scattering]]
[2021.01.06-03.31.48:370][  0]LogConfig: Setting CVar [[r.DOF.Scatter.BackgroundCompositing:2    ; additive background scattering]]
[2021.01.06-03.31.48:371][  0]LogConfig: Setting CVar [[r.DOF.Scatter.EnableBokehSettings:1      ; bokeh simulation when scattering]]
[2021.01.06-03.31.48:372][  0]LogConfig: Setting CVar [[r.DOF.Scatter.MaxSpriteRatio:0.1         ; only a maximum of 10% of scattered bokeh]]
[2021.01.06-03.31.48:373][  0]LogConfig: Setting CVar [[r.DOF.Recombine.Quality:1                ; cheap slight out of focus]]
[2021.01.06-03.31.48:374][  0]LogConfig: Setting CVar [[r.DOF.Recombine.EnableBokehSettings:0    ; no bokeh simulation on slight out of focus]]
[2021.01.06-03.31.48:375][  0]LogConfig: Setting CVar [[r.DOF.TemporalAAQuality:1                ; more stable temporal accumulation]]
[2021.01.06-03.31.48:376][  0]LogConfig: Setting CVar [[r.DOF.Kernel.MaxForegroundRadius:0.025]]
[2021.01.06-03.31.48:376][  0]LogConfig: Setting CVar [[r.DOF.Kernel.MaxBackgroundRadius:0.025]]
[2021.01.06-03.31.48:377][  0]LogConfig: Applying CVar settings from Section [TextureQuality@3] File [C:/Users/Angelica .DESKTOP-RM5JOAJ/Documents/Learning Multiplayer/Puzzles/Puzzles/Saved/Config/Windows/Scalability.ini]
[2021.01.06-03.31.48:381][  0]LogConfig: Setting CVar [[r.Streaming.MipBias:0]]
[2021.01.06-03.31.48:381][  0]LogConfig: Setting CVar [[r.Streaming.AmortizeCPUToGPUCopy:0]]
[2021.01.06-03.31.48:382][  0]LogConfig: Setting CVar [[r.Streaming.MaxNumTexturesToStreamPerFrame:0]]
[2021.01.06-03.31.48:383][  0]LogConfig: Setting CVar [[r.Streaming.Boost:1]]
[2021.01.06-03.31.48:384][  0]LogConfig: Setting CVar [[r.MaxAnisotropy:8]]
[2021.01.06-03.31.48:385][  0]LogConfig: Setting CVar [[r.VT.MaxAnisotropy:8]]
[2021.01.06-03.31.48:386][  0]LogConfig: Setting CVar [[r.Streaming.LimitPoolSizeToVRAM:0]]
[2021.01.06-03.31.48:388][  0]LogConfig: Setting CVar [[r.Streaming.PoolSize:1000]]
[2021.01.06-03.31.48:389][  0]LogConfig: Setting CVar [[r.Streaming.MaxEffectiveScreenSize:0]]
[2021.01.06-03.31.48:393][  0]LogConfig: Applying CVar settings from Section [EffectsQuality@3] File [C:/Users/Angelica .DESKTOP-RM5JOAJ/Documents/Learning Multiplayer/Puzzles/Puzzles/Saved/Config/Windows/Scalability.ini]
[2021.01.06-03.31.48:394][  0]LogConfig: Setting CVar [[r.TranslucencyLightingVolumeDim:64]]
[2021.01.06-03.31.48:396][  0]LogConfig: Setting CVar [[r.RefractionQuality:2]]
[2021.01.06-03.31.48:396][  0]LogConfig: Setting CVar [[r.SSR.Quality:3]]
[2021.01.06-03.31.48:397][  0]LogConfig: Setting CVar [[r.SSR.HalfResSceneColor:0]]
[2021.01.06-03.31.48:397][  0]LogConfig: Setting CVar [[r.SceneColorFormat:4]]
[2021.01.06-03.31.48:398][  0]LogConfig: Setting CVar [[r.DetailMode:2]]
[2021.01.06-03.31.48:399][  0]LogConfig: Setting CVar [[r.TranslucencyVolumeBlur:1]]
[2021.01.06-03.31.48:399][  0]LogConfig: Setting CVar [[r.MaterialQualityLevel:1 ; High quality]]
[2021.01.06-03.31.48:400][  0]LogConfig: Setting CVar [[r.SSS.Scale:1]]
[2021.01.06-03.31.48:401][  0]LogConfig: Setting CVar [[r.SSS.SampleSet:2]]
[2021.01.06-03.31.48:406][  0]LogConfig: Setting CVar [[r.SSS.Quality:1]]
[2021.01.06-03.31.48:407][  0]LogConfig: Setting CVar [[r.SSS.HalfRes:0]]
[2021.01.06-03.31.48:408][  0]LogConfig: Setting CVar [[r.SSGI.Quality:3]]
[2021.01.06-03.31.48:409][  0]LogConfig: Setting CVar [[r.EmitterSpawnRateScale:1.0]]
[2021.01.06-03.31.48:410][  0]LogConfig: Setting CVar [[r.ParticleLightQuality:2]]
[2021.01.06-03.31.48:411][  0]LogConfig: Setting CVar [[r.SkyAtmosphere.AerialPerspectiveLUT.FastApplyOnOpaque:1 ; Always have FastSkyLUT 1 in this case to avoid wrong sky]]
[2021.01.06-03.31.48:412][  0]LogConfig: Setting CVar [[r.SkyAtmosphere.AerialPerspectiveLUT.SampleCountPerSlice:1]]
[2021.01.06-03.31.48:413][  0]LogConfig: Setting CVar [[r.SkyAtmosphere.AerialPerspectiveLUT.DepthResolution:16.0]]
[2021.01.06-03.31.48:413][  0]LogConfig: Setting CVar [[r.SkyAtmosphere.FastSkyLUT:1]]
[2021.01.06-03.31.48:417][  0]LogConfig: Setting CVar [[r.SkyAtmosphere.FastSkyLUT.SampleCountMin:4.0]]
[2021.01.06-03.31.48:418][  0]LogConfig: Setting CVar [[r.SkyAtmosphere.FastSkyLUT.SampleCountMax:32.0]]
[2021.01.06-03.31.48:419][  0]LogConfig: Setting CVar [[r.SkyAtmosphere.SampleCountMin:4.0]]
[2021.01.06-03.31.48:420][  0]LogConfig: Setting CVar [[r.SkyAtmosphere.SampleCountMax:32.0]]
[2021.01.06-03.31.48:420][  0]LogConfig: Setting CVar [[r.SkyAtmosphere.TransmittanceLUT.UseSmallFormat:0]]
[2021.01.06-03.31.48:421][  0]LogConfig: Setting CVar [[r.SkyAtmosphere.TransmittanceLUT.SampleCount:10.0]]
[2021.01.06-03.31.48:422][  0]LogConfig: Setting CVar [[r.SkyAtmosphere.MultiScatteringLUT.SampleCount:15.0]]
[2021.01.06-03.31.48:424][  0]LogConfig: Applying CVar settings from Section [FoliageQuality@3] File [C:/Users/Angelica .DESKTOP-RM5JOAJ/Documents/Learning Multiplayer/Puzzles/Puzzles/Saved/Config/Windows/Scalability.ini]
[2021.01.06-03.31.48:424][  0]LogConfig: Setting CVar [[foliage.DensityScale:1.0]]
[2021.01.06-03.31.48:425][  0]LogConfig: Setting CVar [[grass.DensityScale:1.0]]
[2021.01.06-03.31.48:426][  0]LogConfig: Applying CVar settings from Section [ShadingQuality@3] File [C:/Users/Angelica .DESKTOP-RM5JOAJ/Documents/Learning Multiplayer/Puzzles/Puzzles/Saved/Config/Windows/Scalability.ini]
[2021.01.06-03.31.48:430][  0]LogConfig: Setting CVar [[r.HairStrands.SkyLighting.SampleCount:16]]
[2021.01.06-03.31.48:431][  0]LogConfig: Setting CVar [[r.HairStrands.SkyLighting.JitterIntegration:0]]
[2021.01.06-03.31.48:432][  0]LogConfig: Setting CVar [[r.HairStrands.SkyAO.SampleCount:16]]
[2021.01.06-03.31.48:433][  0]LogConfig: Setting CVar [[r.HairStrands.DeepShadow.SuperSampling:0]]
[2021.01.06-03.31.48:433][  0]LogConfig: Setting CVar [[r.HairStrands.VisibilityPPLL:0]]
[2021.01.06-03.31.48:434][  0]LogConfig: Setting CVar [[r.HairStrands.RasterizationScale:0.5]]
[2021.01.06-03.31.48:436][  0]LogConfig: Setting CVar [[r.HairStrands.VelocityRasterizationScale:1]]
[2021.01.06-03.31.48:436][  0]LogConfig: Applying CVar settings from Section [Startup] File [../../../Engine/Config/ConsoleVariables.ini]
[2021.01.06-03.31.48:438][  0]LogConfig: Setting CVar [[net.UseAdaptiveNetUpdateFrequency:0]]
[2021.01.06-03.31.48:443][  0]LogConfig: Setting CVar [[p.chaos.AllowCreatePhysxBodies:1]]
[2021.01.06-03.31.48:444][  0]LogConfig: Setting CVar [[fx.SkipVectorVMBackendOptimizations:1]]
[2021.01.06-03.31.48:445][  0]LogConfig: Applying CVar settings from Section [ConsoleVariables] File [C:/Users/Angelica .DESKTOP-RM5JOAJ/Documents/Learning Multiplayer/Puzzles/Puzzles/Saved/Config/Windows/Engine.ini]
[2021.01.06-03.31.48:446][  0]LogInit: Computer: SKETCH-PC
[2021.01.06-03.31.48:446][  0]LogInit: User: Angelica
[2021.01.06-03.31.48:447][  0]LogInit: CPU Page size=4096, Cores=2
[2021.01.06-03.31.48:448][  0]LogInit: High frequency timer resolution =10.000000 MHz
[2021.01.06-03.31.48:449][  0]LogMemory: Memory total: Physical=15.9GB (16GB approx)
[2021.01.06-03.31.48:449][  0]LogMemory: Platform Memory Stats for Windows
[2021.01.06-03.31.48:450][  0]LogMemory: Process Physical Memory: 114.59 MB used, 114.60 MB peak
[2021.01.06-03.31.48:451][  0]LogMemory: Process Virtual Memory: 96.94 MB used, 96.94 MB peak
[2021.01.06-03.31.48:453][  0]LogMemory: Physical Memory: 9490.84 MB used,  6771.70 MB free, 16262.55 MB total
[2021.01.06-03.31.48:456][  0]LogMemory: Virtual Memory: 5124.82 MB used,  134212600.00 MB free, 134217728.00 MB total
[2021.01.06-03.31.48:475][  0]LogWindows: WindowsPlatformFeatures enabled
[2021.01.06-03.31.48:561][  0]LogInit: Physics initialised using underlying interface: PhysX
[2021.01.06-03.31.48:562][  0]LogInit: Using OS detected language (en-US).
[2021.01.06-03.31.48:564][  0]LogInit: Using OS detected locale (en-US).
[2021.01.06-03.31.48:580][  0]LogTextLocalizationManager: No specific localization for 'en-US' exists, so the 'en' localization will be used.
[2021.01.06-03.31.49:142][  0]LogSlate: New Slate User Created.  User Index 0, Is Virtual User: 0
[2021.01.06-03.31.49:144][  0]LogSlate: Slate User Registered.  User Index 0, Is Virtual User: 0
[2021.01.06-03.31.49:179][  0]LogHMD: Failed to initialize OpenVR with code 110
[2021.01.06-03.31.49:179][  0]LogD3D11RHI: D3D11 min allowed feature level: 11_0
[2021.01.06-03.31.49:182][  0]LogD3D11RHI: D3D11 max allowed feature level: 11_0
[2021.01.06-03.31.49:182][  0]LogD3D11RHI: D3D11 adapters:
[2021.01.06-03.31.49:506][  0]LogD3D11RHI:    0. 'Intel(R) HD Graphics 620' (Feature Level 11_0)
[2021.01.06-03.31.49:506][  0]LogD3D11RHI:       128/0/8131 MB DedicatedVideo/DedicatedSystem/SharedSystem, Outputs:2, VendorId:0x8086
[2021.01.06-03.31.49:516][  0]LogD3D11RHI:    1. 'Microsoft Basic Render Driver' (Feature Level 11_0)
[2021.01.06-03.31.49:516][  0]LogD3D11RHI:       0/0/8131 MB DedicatedVideo/DedicatedSystem/SharedSystem, Outputs:0, VendorId:0x1414
[2021.01.06-03.31.49:525][  0]LogD3D11RHI:    2. 'Microsoft Basic Render Driver' (Feature Level 11_0)
[2021.01.06-03.31.49:525][  0]LogD3D11RHI:       0/0/8131 MB DedicatedVideo/DedicatedSystem/SharedSystem, Outputs:0, VendorId:0x1414
[2021.01.06-03.31.49:534][  0]LogD3D11RHI:    3. 'Microsoft Basic Render Driver' (Feature Level 11_0)
[2021.01.06-03.31.49:534][  0]LogD3D11RHI:       0/0/8131 MB DedicatedVideo/DedicatedSystem/SharedSystem, Outputs:0, VendorId:0x1414
[2021.01.06-03.31.49:543][  0]LogD3D11RHI:    4. 'Microsoft Basic Render Driver' (Feature Level 11_0)
[2021.01.06-03.31.49:544][  0]LogD3D11RHI:       0/0/8131 MB DedicatedVideo/DedicatedSystem/SharedSystem, Outputs:0, VendorId:0x1414
[2021.01.06-03.31.49:545][  0]LogD3D11RHI: Chosen D3D11 Adapter: 0
[2021.01.06-03.31.49:560][  0]LogD3D11RHI: Creating new Direct3DDevice
[2021.01.06-03.31.49:560][  0]LogD3D11RHI:     GPU DeviceId: 0x5916 (for the marketing name, search the web for "GPU Device Id")
[2021.01.06-03.31.49:563][  0]LogWindows: EnumDisplayDevices:
[2021.01.06-03.31.49:564][  0]LogWindows:    0. 'Intel(R) HD Graphics 620' (P:0 D:1)
[2021.01.06-03.31.49:566][  0]LogWindows:    1. 'Intel(R) HD Graphics 620' (P:0 D:0)
[2021.01.06-03.31.49:567][  0]LogWindows:    2. 'Intel(R) HD Graphics 620' (P:0 D:0)
[2021.01.06-03.31.49:567][  0]LogWindows:    3. 'MS Idd Device' (P:0 D:0)
[2021.01.06-03.31.49:568][  0]LogWindows:    4. 'MS Idd Device' (P:0 D:0)
[2021.01.06-03.31.49:568][  0]LogWindows:    5. 'MS Idd Device' (P:1 D:1)
[2021.01.06-03.31.49:569][  0]LogWindows: DebugString: GetVideoDriverDetailsInvalid PrimaryIsNotTheChoosenAdapter GetVideoDriverDetailsInvalid PrimaryIsNotTheChoosenAdapter GetVideoDriverDetailsInvalid PrimaryIsNotTheChoosenAdapter FoundDriverCount:3 
[2021.01.06-03.31.49:569][  0]LogD3D11RHI:     Adapter Name: Intel(R) HD Graphics 620
[2021.01.06-03.31.49:570][  0]LogD3D11RHI:   Driver Version: 24.20.100.6344 (internal:24.20.100.6344, unified:24.20.100.6344)
[2021.01.06-03.31.49:578][  0]LogD3D11RHI:      Driver Date: 11-10-2018
[2021.01.06-03.31.49:579][  0]LogRHI: Texture pool is 1523 MB (70% of 2176 MB)
[2021.01.06-03.31.49:590][  0]LogD3D11RHI: [IntelMetricsDiscovery] Failed to initialize context. Result=00000002
[2021.01.06-03.31.49:889][  0]LogD3D11RHI: RHI does not have support for 64 bit atomics
[2021.01.06-03.31.49:889][  0]LogD3D11RHI: Async texture creation enabled
[2021.01.06-03.31.49:891][  0]LogD3D11RHI: Array index from any shader is supported
[2021.01.06-03.31.49:910][  0]LogD3D11RHI: GPU Timing Frequency: 12.000048 (Debug: 2 0)
[2021.01.06-03.31.50:614][  0]LogTargetPlatformManager: Display: Loaded TargetPlatform 'WindowsNoEditor'
[2021.01.06-03.31.50:628][  0]LogTargetPlatformManager: Display: Loaded TargetPlatform 'Windows'
[2021.01.06-03.31.50:655][  0]LogTargetPlatformManager: Display: Loaded TargetPlatform 'WindowsClient'
[2021.01.06-03.31.50:682][  0]LogTargetPlatformManager: Display: Loaded TargetPlatform 'WindowsServer'
[2021.01.06-03.31.50:682][  0]LogTargetPlatformManager: Display: Building Assets For Windows
[2021.01.06-03.31.50:708][  0]LogAudioDebug: Display: Lib vorbis DLL was dynamically loaded.
[2021.01.06-03.31.50:873][  0]LogShaderCompilers: Guid format shader working directory is -31 characters bigger than the processId version (../../../../../../Users/Angelica .DESKTOP-RM5JOAJ/Documents/Learning Multiplayer/Puzzles/Puzzles/Intermediate/Shaders/WorkingDirectory/17824/).
[2021.01.06-03.31.50:874][  0]LogShaderCompilers: Cleaned the shader compiler working directory 'C:/Users/Angelica .DESKTOP-RM5JOAJ/AppData/Local/Temp/UnrealShaderWorkingDir/C82D8E63484386E56D16D094AC1D6498/'.
[2021.01.06-03.31.50:878][  0]LogXGEController: Cannot use XGE Controller as Incredibuild is not installed on this machine.
[2021.01.06-03.31.50:878][  0]LogShaderCompilers: Cannot use XGE Shader Compiler as Incredibuild is not installed on this machine.
[2021.01.06-03.31.50:879][  0]LogShaderCompilers: Display: Using Local Shader Compiler.
[2021.01.06-03.31.53:056][  0]LogDerivedDataCache: Display: Max Cache Size: 512 MB
[2021.01.06-03.31.53:160][  0]LogDerivedDataCache: Loaded boot cache 0.10s 83MB C:/Users/Angelica .DESKTOP-RM5JOAJ/AppData/Local/UnrealEngine/4.25/DerivedDataCache/Boot.ddc.
[2021.01.06-03.31.53:160][  0]LogDerivedDataCache: Display: Loaded Boot cache: C:/Users/Angelica .DESKTOP-RM5JOAJ/AppData/Local/UnrealEngine/4.25/DerivedDataCache/Boot.ddc
[2021.01.06-03.31.53:163][  0]LogDerivedDataCache: FDerivedDataBackendGraph:  Pak pak cache file ../../../../../../Users/Angelica .DESKTOP-RM5JOAJ/Documents/Learning Multiplayer/Puzzles/Puzzles/DerivedDataCache/DDC.ddp not found, will not use a pak cache.
[2021.01.06-03.31.53:164][  0]LogDerivedDataCache: Unable to find inner node Pak for hierarchical cache Hierarchy.
[2021.01.06-03.31.53:165][  0]LogDerivedDataCache: FDerivedDataBackendGraph:  CompressedPak pak cache file ../../../../../../Users/Angelica .DESKTOP-RM5JOAJ/Documents/Learning Multiplayer/Puzzles/Puzzles/DerivedDataCache/Compressed.ddp not found, will not use a pak cache.
[2021.01.06-03.31.53:165][  0]LogDerivedDataCache: Unable to find inner node CompressedPak for hierarchical cache Hierarchy.
[2021.01.06-03.31.53:190][  0]LogDerivedDataCache: Display: Pak cache opened for reading ../../../Engine/DerivedDataCache/Compressed.ddp.
[2021.01.06-03.31.53:192][  0]LogDerivedDataCache: FDerivedDataBackendGraph:  EnterprisePak pak cache file ../../../Enterprise/DerivedDataCache/Compressed.ddp not found, will not use a pak cache.
[2021.01.06-03.31.53:195][  0]LogDerivedDataCache: Unable to find inner node EnterprisePak for hierarchical cache Hierarchy.
[2021.01.06-03.31.53:198][  0]LogDerivedDataCache: Using Local data cache path C:/Users/Angelica .DESKTOP-RM5JOAJ/AppData/Local/UnrealEngine/Common/DerivedDataCache: Writable
[2021.01.06-03.31.53:199][  0]LogDerivedDataCache: Shared data cache path not found in *engine.ini, will not use an Shared cache.
[2021.01.06-03.31.53:199][  0]LogDerivedDataCache: Unable to find inner node Shared for hierarchical cache Hierarchy.
[2021.01.06-03.31.53:329][  0]LogSlate: Using FreeType 2.10.0
[2021.01.06-03.31.53:330][  0]LogSlate: SlateFontServices - WITH_FREETYPE: 1, WITH_HARFBUZZ: 1
[2021.01.06-03.31.53:562][  0]LogInit: Using OS detected language (en-US).
[2021.01.06-03.31.53:563][  0]LogInit: Using OS detected locale (en-US).
[2021.01.06-03.31.53:565][  0]LogTextLocalizationManager: No localization for 'en-US' exists, so 'en' will be used for the language.
[2021.01.06-03.31.53:566][  0]LogTextLocalizationManager: No localization for 'en-US' exists, so 'en' will be used for the locale.
[2021.01.06-03.31.53:567][  0]LogSlate: FontCache flush requested. Reason: Culture for localization was changed
[2021.01.06-03.31.53:567][  0]LogSlate: FontCache flush requested. Reason: Culture for localization was changed
[2021.01.06-03.31.53:570][  0]LogTextLocalizationManager: Compacting localization data took   0.00ms
[2021.01.06-03.31.53:580][  0]LogAssetRegistry: FAssetRegistry took 0.0048 seconds to start up
[2021.01.06-03.31.54:178][  0]LogPackageLocalizationCache: Processed 19 localized package path(s) for 1 prioritized culture(s) in 0.117144 seconds
[2021.01.06-03.31.54:323][  0]LogInit: Selected Device Profile: [Windows]
[2021.01.06-03.31.54:620][  0]LogMeshReduction: Using QuadricMeshReduction for automatic static mesh reduction
[2021.01.06-03.31.54:622][  0]LogMeshReduction: Using SimplygonMeshReduction for automatic skeletal mesh reduction
[2021.01.06-03.31.54:624][  0]LogMeshReduction: Using ProxyLODMeshReduction for automatic mesh merging
[2021.01.06-03.31.54:625][  0]LogMeshReduction: No distributed automatic mesh merging module available
[2021.01.06-03.31.54:625][  0]LogMeshMerging: No distributed automatic mesh merging module available
[2021.01.06-03.31.54:663][  0]LogNetVersion: Puzzles 1.0.0, NetCL: 13144385, EngineNetVer: 14, GameNetVer: 0 (Checksum: 1097821826)
[2021.01.06-03.31.55:325][  0]LogAISub: UAISubsystem::UAISubsystem AISubsystem (000002B1EB3C58C0), frame # 0
[2021.01.06-03.31.55:330][  0]LogAISub: UAISubsystem::UAISubsystem AIPerceptionSystem (000002B1EC2D7C40), frame # 0
[2021.01.06-03.31.55:336][  0]LogAISub: UAISubsystem::UAISubsystem EnvQueryManager (000002B1EC2F7200), frame # 0
[2021.01.06-03.31.55:594][  0]LogCollectionManager: Loaded 0 collections in 0.004591 seconds
[2021.01.06-03.31.55:600][  0]LogFileCache: Scanning file cache for directory 'C:/Users/Angelica .DESKTOP-RM5JOAJ/Documents/Learning Multiplayer/Puzzles/Puzzles/Saved/Collections/' took 0.00s
[2021.01.06-03.31.55:601][  0]LogFileCache: Scanning file cache for directory 'C:/Users/Angelica .DESKTOP-RM5JOAJ/Documents/Learning Multiplayer/Puzzles/Puzzles/Content/Developers/Angelica/Collections/' took 0.00s
[2021.01.06-03.31.55:602][  0]LogFileCache: Scanning file cache for directory 'C:/Users/Angelica .DESKTOP-RM5JOAJ/Documents/Learning Multiplayer/Puzzles/Puzzles/Content/Collections/' took 0.00s
[2021.01.06-03.31.55:603][  0]LogCollectionManager: Fixed up redirectors for 0 collections in 0.000007 seconds (updated 0 objects)
[2021.01.06-03.31.55:758][  0]LogMoviePlayer: Initializing movie player
[2021.01.06-03.31.56:279][  0]SourceControl: Source control is disabled
[2021.01.06-03.31.56:282][  0]SourceControl: Source control is disabled
[2021.01.06-03.31.56:300][  0]SourceControl: Source control is disabled
[2021.01.06-03.31.56:637][  0]LogAndroidPermission: UAndroidPermissionCallbackProxy::GetInstance
[2021.01.06-03.31.56:683][  0]LogAudioCaptureCore: Display: No Audio Capture implementations found. Audio input will be silent.
[2021.01.06-03.31.56:683][  0]LogAudioCaptureCore: Display: No Audio Capture implementations found. Audio input will be silent.
[2021.01.06-03.31.56:807][  0]LogOcInput: OculusInput pre-init called
[2021.01.06-03.31.56:844][  0]LogUObjectArray: 19492 objects as part of root set at end of initial load.
[2021.01.06-03.31.56:844][  0]LogUObjectAllocator: 5243008 out of 0 bytes used by permanent object pool.
[2021.01.06-03.31.56:846][  0]LogUObjectArray: CloseDisregardForGC: 0/0 objects in disregard for GC pool
[2021.01.06-03.31.56:953][  0]LogEngine: Initializing Engine...
[2021.01.06-03.31.56:960][  0]LogHMD: Failed to initialize OpenVR with code 110
[2021.01.06-03.31.56:961][  0]LogMagicLeap: Warning: VR disabled because ZI is not enabled.  To enable, in the editor, Edit -> Project Settings -> Plugins -> Magic Leap Plugin -> Enable Zero Iteration
[2021.01.06-03.31.56:965][  0]LogStats: UGameplayTagsManager::InitializeManager -  0.001 s
[2021.01.06-03.31.57:183][  0]LogInit: Initializing FReadOnlyCVARCache
[2021.01.06-03.31.57:193][  0]LogAudioMixer: Display: Audio Mixer Platform Settings:
[2021.01.06-03.31.57:194][  0]LogAudioMixer: Display: 	Sample Rate:						  48000
[2021.01.06-03.31.57:194][  0]LogAudioMixer: Display: 	Callback Buffer Frame Size Requested: 1024
[2021.01.06-03.31.57:195][  0]LogAudioMixer: Display: 	Callback Buffer Frame Size To Use:	  1024
[2021.01.06-03.31.57:196][  0]LogAudioMixer: Display: 	Number of buffers to queue:			  2
[2021.01.06-03.31.57:199][  0]LogAudioMixer: Display: 	Max Channels (voices):				  32
[2021.01.06-03.31.57:200][  0]LogAudioMixer: Display: 	Number of Async Source Workers:		  0
[2021.01.06-03.31.57:200][  0]LogAudio: Display: AudioDevice MaxSources: 32
[2021.01.06-03.31.57:202][  0]LogAudio: Display: Using built-in audio occlusion.
[2021.01.06-03.31.57:202][  0]LogAudioMixer: Display: Initializing audio mixer.
[2021.01.06-03.31.57:283][  0]LogAudioMixer: Display: 0: FrontLeft
[2021.01.06-03.31.57:284][  0]LogAudioMixer: Display: 1: FrontRight
[2021.01.06-03.31.57:420][  0]LogAudioMixer: Display: Using Audio Device Speaker/Headphone (Realtek High Definition Audio(SST))
[2021.01.06-03.31.57:442][  0]LogAudioMixer: Display: Initializing Sound Submixes...
[2021.01.06-03.31.57:451][  0]LogAudioMixer: Display: Creating Master Submix 'MasterSubmixDefault'
[2021.01.06-03.31.57:456][  0]LogAudioMixer: Display: Creating Master Submix 'MasterReverbSubmixDefault'
[2021.01.06-03.31.57:459][  0]LogAudioMixer: Display: Creating Master Submix 'MasterEQSubmixDefault'
[2021.01.06-03.31.57:461][  0]LogInit: FAudioDevice initialized.
[2021.01.06-03.31.57:536][  0]LogNetVersion: Set ProjectVersion to 1.0.0.0. Version Checksum will be recalculated on next use.
[2021.01.06-03.31.57:617][  0]LogDerivedDataCache: Saved boot cache 0.08s 83MB C:/Users/Angelica .DESKTOP-RM5JOAJ/AppData/Local/UnrealEngine/4.25/DerivedDataCache/Boot.ddc.
[2021.01.06-03.31.57:628][  0]LogInit: Texture streaming: Enabled
[2021.01.06-03.31.57:785][  0]LogTemp: Warning: Found class: WBP_MainMenu_C
[2021.01.06-03.31.57:797][  0]LogSlate: Updating window title bar state: overlay mode, drag disabled, window buttons hidden, title bar hidden
[2021.01.06-03.31.57:799][  0]LogInit: Display: Game Engine Initialized.
[2021.01.06-03.31.57:800][  0]LogNiagaraEditor: Warning: GEditor isn't valid! Particle reset commands will not work for Niagara components!
[2021.01.06-03.31.57:869][  0]LogInit: Display: Starting Game.
[2021.01.06-03.31.57:874][  0]LogNet: Browse: /Game/Maps/Menu?Name=Player
[2021.01.06-03.31.57:877][  0]LogLoad: LoadMap: /Game/Maps/Menu?Name=Player
[2021.01.06-03.31.57:877][  0]LogWorld: BeginTearingDown for /Temp/Untitled_0
[2021.01.06-03.31.57:881][  0]LogWorld: UWorld::CleanupWorld for Untitled, bSessionEnded=true, bCleanupResources=true
[2021.01.06-03.31.57:881][  0]LogSlate: InvalidateAllWidgets triggered.  All widgets were invalidated
[2021.01.06-03.31.57:897][  0]LogUObjectHash: Compacting FUObjectHashTables data took   1.51ms
[2021.01.06-03.31.57:942][  0]LogAIModule: Creating AISystem for world Menu
[2021.01.06-03.31.57:943][  0]LogAISub: UAISubsystem::UAISubsystem EnvQueryManager (000002B1F0944600), frame # 0
[2021.01.06-03.31.57:945][  0]LogAISub: UAISubsystem::UAISubsystem AIPerceptionSystem (000002B1D21F6E80), frame # 0
[2021.01.06-03.31.58:108][  0]LogLoad: Game class is 'BP_PuzzlesGameMode_C'
[2021.01.06-03.31.58:112][  0]LogWorld: Bringing World /Game/Maps/Menu.Menu up for play (max tick rate 0) at 2021.01.05-22.31.58
[2021.01.06-03.31.58:120][  0]LogWorld: Bringing up level for play took: 0.008263
[2021.01.06-03.31.58:123][  0]LogGameMode: FindPlayerStart: PATHS NOT DEFINED or NO PLAYERSTART with positive rating
[2021.01.06-03.31.58:137][  0]LogPlayerController: Error: InputMode:UIOnly - Attempting to focus Non-Focusable widget SObjectWidget [Widget.cpp(799)]!
[2021.01.06-03.31.58:138][  0]LogLoad: Took 0.261424 seconds to LoadMap(/Game/Maps/Menu)
[2021.01.06-03.31.58:215][  0]LogRenderer: Reallocating scene render targets to support 1536x864 Format 10 NumSamples 1 (Frame:1).
[2021.01.06-03.31.58:216][  0]LogLoad: (Engine Initialization) Total time: 15.32 seconds
[2021.01.06-03.31.58:219][  0]LogLoad: (Engine Initialization) Total Blueprint compile time: 0.00 seconds
[2021.01.06-03.31.58:618][  0]LogContentStreaming: Texture pool size now 1000 MB
[2021.01.06-03.31.58:666][  0]LogSlate: InvalidateAllWidgets triggered.  All widgets were invalidated
[2021.01.06-03.32.13:088][249]LogGameMode: ProcessServerTravel: /Game/Maps/Main?listen
[2021.01.06-03.32.13:131][249]LogEngine: Server switch level: /Game/Maps/Main?Name=Player?listen
[2021.01.06-03.32.13:132][249]LogNet: Browse: /Game/Maps/Main?Name=Player?listen
[2021.01.06-03.32.13:136][249]LogLoad: LoadMap: /Game/Maps/Main?Name=Player?listen
[2021.01.06-03.32.13:138][249]LogWorld: BeginTearingDown for /Game/Maps/Menu
[2021.01.06-03.32.13:142][249]LogSlate: Took 0.000694 seconds to synchronously load lazily loaded font '../../../Engine/Content/Slate/Fonts/Roboto-Regular.ttf' (155K)
[2021.01.06-03.32.13:148][249]LogWorld: UWorld::CleanupWorld for Menu, bSessionEnded=true, bCleanupResources=true
[2021.01.06-03.32.13:151][249]LogSlate: InvalidateAllWidgets triggered.  All widgets were invalidated
[2021.01.06-03.32.13:223][249]LogAISub: UAISubsystem::~UAISubsystem EnvQueryManager (000002B1F0944600), frame # 249
[2021.01.06-03.32.13:233][249]LogAISub: UAISubsystem::~UAISubsystem AIPerceptionSystem (000002B1D21F6E80), frame # 249
[2021.01.06-03.32.13:249][249]LogUObjectHash: Compacting FUObjectHashTables data took   4.85ms
[2021.01.06-03.32.13:867][249]LogAIModule: Creating AISystem for world Main
[2021.01.06-03.32.13:868][249]LogAISub: UAISubsystem::UAISubsystem EnvQueryManager (000002B1F0853E00), frame # 249
[2021.01.06-03.32.13:872][249]LogAISub: UAISubsystem::UAISubsystem AIPerceptionSystem (000002B1830D2AC0), frame # 249
[2021.01.06-03.32.14:108][249]LogLoad: Game class is 'BP_PuzzlesGameMode_C'
[2021.01.06-03.32.14:110][249]LogNet: ReplicationDriverClass is null! Not using ReplicationDriver.
[2021.01.06-03.32.14:112][249]LogNetCore: DDoS detection status: detection enabled: 0 analytics enabled: 0
[2021.01.06-03.32.14:113][249]LogInit: WinSock: Socket queue. Rx: 131072 (config 131072) Tx: 131072 (config 131072)
[2021.01.06-03.32.14:114][249]LogNet: Created socket for bind address: 0.0.0.0 on port 7777
[2021.01.06-03.32.14:115][249]PacketHandlerLog: Loaded PacketHandler component: Engine.EngineHandlerComponentFactory (StatelessConnectHandlerComponent)
[2021.01.06-03.32.14:116][249]LogNet: GameNetDriver IpNetDriver_0 IpNetDriver listening on port 7777
[2021.01.06-03.32.14:215][249]LogWorld: Bringing World /Game/Maps/Main.Main up for play (max tick rate 0) at 2021.01.05-22.32.14
[2021.01.06-03.32.14:218][249]LogWorld: Bringing up level for play took: 0.099428
[2021.01.06-03.32.14:220][249]LogOnlineSession: Warning: OSS: No game present to join for session (GameSession)
[2021.01.06-03.32.14:245][249]LogLoad: Took 1.108073 seconds to LoadMap(/Game/Maps/Main)
[2021.01.06-03.32.24:863][329]LogWindows: Error: === Critical error: ===
[2021.01.06-03.32.24:867][329]LogWindows: Error: 
[2021.01.06-03.32.24:868][329]LogWindows: Error: Fatal error!
[2021.01.06-03.32.24:869][329]LogWindows: Error: 
[2021.01.06-03.32.24:870][329]LogWindows: Error: Unhandled Exception: EXCEPTION_ACCESS_VIOLATION reading address 0x00000000
[2021.01.06-03.32.24:871][329]LogWindows: Error: 
[2021.01.06-03.32.24:872][329]LogWindows: Error: [Callstack] 0x00007ff8597bc2e0 UE4Editor-UMG.dll!UnknownFunction []
[2021.01.06-03.32.24:873][329]LogWindows: Error: [Callstack] 0x00007ff840155725 UE4Editor-Puzzles-8988.dll!UMenuWidget::Setup() [C:\Users\Angelica .DESKTOP-RM5JOAJ\Documents\Learning Multiplayer\Puzzles\Puzzles\Source\Puzzles\MenuWidget.cpp:19]
[2021.01.06-03.32.24:874][329]LogWindows: Error: [Callstack] 0x00007ff840157b52 UE4Editor-Puzzles-8988.dll!UPuzzleGameInstance::LoadInGameMenu() [C:\Users\Angelica .DESKTOP-RM5JOAJ\Documents\Learning Multiplayer\Puzzles\Puzzles\Source\Puzzles\PuzzleGameInstance.cpp:61]
[2021.01.06-03.32.24:878][329]LogWindows: Error: [Callstack] 0x00007ff85f6e0b34 UE4Editor-CoreUObject.dll!UnknownFunction []
[2021.01.06-03.32.24:879][329]LogWindows: Error: [Callstack] 0x00007ff85f9300ad UE4Editor-CoreUObject.dll!UnknownFunction []
[2021.01.06-03.32.24:880][329]LogWindows: Error: [Callstack] 0x00007ff85f9530e3 UE4Editor-CoreUObject.dll!UnknownFunction []
[2021.01.06-03.32.24:881][329]LogWindows: Error: [Callstack] 0x00007ff85f95571d UE4Editor-CoreUObject.dll!UnknownFunction []
[2021.01.06-03.32.24:882][329]LogWindows: Error: [Callstack] 0x00007ff85f923bba UE4Editor-CoreUObject.dll!UnknownFunction []
[2021.01.06-03.32.24:883][329]LogWindows: Error: [Callstack] 0x00007ff85f955362 UE4Editor-CoreUObject.dll!UnknownFunction []
[2021.01.06-03.32.24:884][329]LogWindows: Error: [Callstack] 0x00007ff85f95571d UE4Editor-CoreUObject.dll!UnknownFunction []
[2021.01.06-03.32.24:885][329]LogWindows: Error: [Callstack] 0x00007ff85f954c24 UE4Editor-CoreUObject.dll!UnknownFunction []
[2021.01.06-03.32.24:891][329]LogWindows: Error: [Callstack] 0x00007ff85f6e0b34 UE4Editor-CoreUObject.dll!UnknownFunction []
[2021.01.06-03.32.24:892][329]LogWindows: Error: [Callstack] 0x00007ff85f954753 UE4Editor-CoreUObject.dll!UnknownFunction []
[2021.01.06-03.32.24:893][329]LogWindows: Error: [Callstack] 0x00007ff85c97afe5 UE4Editor-Engine.dll!UnknownFunction []
[2021.01.06-03.32.24:894][329]LogWindows: Error: [Callstack] 0x00007ff85db390d4 UE4Editor-Engine.dll!UnknownFunction []
[2021.01.06-03.32.24:895][329]LogWindows: Error: [Callstack] 0x00007ff85db6514e UE4Editor-Engine.dll!UnknownFunction []
[2021.01.06-03.32.24:896][329]LogWindows: Error: [Callstack] 0x00007ff85d66b988 UE4Editor-Engine.dll!UnknownFunction []
[2021.01.06-03.32.24:897][329]LogWindows: Error: [Callstack] 0x00007ff85d67f1b4 UE4Editor-Engine.dll!UnknownFunction []
[2021.01.06-03.32.24:898][329]LogWindows: Error: [Callstack] 0x00007ff85d669a1b UE4Editor-Engine.dll!UnknownFunction []
[2021.01.06-03.32.24:899][329]LogWindows: Error: [Callstack] 0x00007ff85d67d681 UE4Editor-Engine.dll!UnknownFunction []
[2021.01.06-03.32.24:903][329]LogWindows: Error: [Callstack] 0x00007ff85c959f84 UE4Editor-Engine.dll!UnknownFunction []
[2021.01.06-03.32.24:904][329]LogWindows: Error: [Callstack] 0x00007ff85da1936f UE4Editor-Engine.dll!UnknownFunction []
[2021.01.06-03.32.24:905][329]LogWindows: Error: [Callstack] 0x00007ff85da1e3c7 UE4Editor-Engine.dll!UnknownFunction []
[2021.01.06-03.32.24:906][329]LogWindows: Error: [Callstack] 0x00007ff85fcf87d8 UE4Editor-Core.dll!UnknownFunction []
[2021.01.06-03.32.24:907][329]LogWindows: Error: [Callstack] 0x00007ff85fcf8aa3 UE4Editor-Core.dll!UnknownFunction []
[2021.01.06-03.32.24:908][329]LogWindows: Error: [Callstack] 0x00007ff85fd0f027 UE4Editor-Core.dll!UnknownFunction []
[2021.01.06-03.32.24:909][329]LogWindows: Error: [Callstack] 0x00007ff85da3a402 UE4Editor-Engine.dll!UnknownFunction []
[2021.01.06-03.32.24:910][329]LogWindows: Error: [Callstack] 0x00007ff85da3f6ca UE4Editor-Engine.dll!UnknownFunction []
[2021.01.06-03.32.24:911][329]LogWindows: Error: [Callstack] 0x00007ff85d1fd0bf UE4Editor-Engine.dll!UnknownFunction []
[2021.01.06-03.32.24:915][329]LogWindows: Error: [Callstack] 0x00007ff85d207957 UE4Editor-Engine.dll!UnknownFunction []
[2021.01.06-03.32.24:916][329]LogWindows: Error: [Callstack] 0x00007ff85cff9a3d UE4Editor-Engine.dll!UnknownFunction []
[2021.01.06-03.32.24:917][329]LogWindows: Error: [Callstack] 0x00007ff750cf7800 UE4Editor.exe!UnknownFunction []
[2021.01.06-03.32.24:918][329]LogWindows: Error: [Callstack] 0x00007ff750d0ba7c UE4Editor.exe!UnknownFunction []
[2021.01.06-03.32.24:919][329]LogWindows: Error: [Callstack] 0x00007ff750d0bb5a UE4Editor.exe!UnknownFunction []
[2021.01.06-03.32.24:920][329]LogWindows: Error: [Callstack] 0x00007ff750d1e31d UE4Editor.exe!UnknownFunction []
[2021.01.06-03.32.24:922][329]LogWindows: Error: [Callstack] 0x00007ff750d2145a UE4Editor.exe!UnknownFunction []
[2021.01.06-03.32.24:923][329]LogWindows: Error: [Callstack] 0x00007ff8c2ad7c24 KERNEL32.DLL!UnknownFunction []
[2021.01.06-03.32.24:927][329]LogWindows: Error: [Callstack] 0x00007ff8c2d4d4d1 ntdll.dll!UnknownFunction []
[2021.01.06-03.32.24:928][329]LogWindows: Error: 
[2021.01.06-03.32.24:962][329]LogExit: Executing StaticShutdownAfterError
[2021.01.06-03.32.24:970][329]LogWindows: FPlatformMisc::RequestExit(1)
[2021.01.06-03.32.24:970][329]LogCore: Engine exit requested (reason: Win RequestExit)
[2021.01.06-03.32.24:982][329]Log file closed, 01/05/21 22:32:24
