Log file open, 12/15/20 11:58:19
LogInit: Display: Running engine for game: Puzzles
LogPlatformFile: Not using cached read wrapper
LogTaskGraph: Started task graph with 5 named threads and 11 total threads with 3 sets of task threads.
LogStats: Stats thread started at 0.647419
LogD3D11RHI: Loaded GFSDK_Aftermath_Lib.x64.dll
LogICUInternationalization: ICU TimeZone Detection - Raw Offset: -5:00, Platform Override: ''
LogPluginManager: Mounting plugin Paper2D
LogPluginManager: Mounting plugin AISupport
LogPluginManager: Mounting plugin LightPropagationVolume
LogPluginManager: Mounting plugin CameraShakePreviewer
LogPluginManager: Mounting plugin ActorLayerUtilities
LogPluginManager: Mounting plugin AnimationSharing
LogPluginManager: Mounting plugin CLionSourceCodeAccess
LogPluginManager: Mounting plugin CodeLiteSourceCodeAccess
LogPluginManager: Mounting plugin GitSourceControl
LogPluginManager: Mounting plugin KDevelopSourceCodeAccess
LogPluginManager: Mounting plugin NullSourceCodeAccess
LogPluginManager: Mounting plugin PerforceSourceControl
LogPluginManager: Mounting plugin PlasticSourceControl
LogPluginManager: Mounting plugin RiderSourceCodeAccess
LogPluginManager: Mounting plugin SubversionSourceControl
LogPluginManager: Mounting plugin UObjectPlugin
LogPluginManager: Mounting plugin VisualStudioCodeSourceCodeAccess
LogPluginManager: Mounting plugin VisualStudioSourceCodeAccess
LogPluginManager: Mounting plugin XCodeSourceCodeAccess
LogPluginManager: Mounting plugin AssetManagerEditor
LogPluginManager: Mounting plugin CryptoKeys
LogPluginManager: Mounting plugin CurveEditorTools
LogPluginManager: Mounting plugin DataValidation
LogPluginManager: Mounting plugin EditorScriptingUtilities
LogPluginManager: Mounting plugin FacialAnimation
LogPluginManager: Mounting plugin GameplayTagsEditor
LogPluginManager: Mounting plugin GeometryMode
LogPluginManager: Mounting plugin MacGraphicsSwitching
LogPluginManager: Mounting plugin MaterialAnalyzer
LogPluginManager: Mounting plugin MobileLauncherProfileWizard
LogPluginManager: Mounting plugin PluginBrowser
LogPluginManager: Mounting plugin SpeedTreeImporter
LogPluginManager: Mounting plugin DatasmithContent
LogPluginManager: Mounting plugin VariantManagerContent
LogPluginManager: Mounting plugin AlembicImporter
LogPluginManager: Mounting plugin AutomationUtils
LogPluginManager: Mounting plugin BackChannel
LogPluginManager: Mounting plugin ChaosCloth
LogPluginManager: Mounting plugin ChaosClothEditor
LogPluginManager: Mounting plugin ChaosEditor
LogPluginManager: Mounting plugin ChaosNiagara
LogPluginManager: Mounting plugin ChaosSolverPlugin
LogPluginManager: Mounting plugin CharacterAI
LogPluginManager: Mounting plugin GeometryCache
LogPluginManager: Mounting plugin GeometryCollectionPlugin
LogPluginManager: Mounting plugin GeometryProcessing
LogPluginManager: Mounting plugin PlanarCut
LogPluginManager: Mounting plugin PlatformCrypto
LogPluginManager: Mounting plugin ProxyLODPlugin
LogPluginManager: Mounting plugin SkeletalReduction
LogPluginManager: Mounting plugin Niagara
LogPluginManager: Mounting plugin MagicLeap
LogPluginManager: Mounting plugin MagicLeapLightEstimation
LogPluginManager: Mounting plugin MagicLeapMedia
LogPluginManager: Mounting plugin MagicLeapPassableWorld
LogPluginManager: Mounting plugin MLSDK
LogPluginManager: Mounting plugin AndroidMedia
LogPluginManager: Mounting plugin AvfMedia
LogPluginManager: Mounting plugin ImgMedia
LogPluginManager: Mounting plugin MediaCompositing
LogPluginManager: Mounting plugin MediaPlayerEditor
LogPluginManager: Mounting plugin WebMMedia
LogPluginManager: Mounting plugin WmfMedia
LogPluginManager: Mounting plugin MeshPainting
LogPluginManager: Mounting plugin TcpMessaging
LogPluginManager: Mounting plugin UdpMessaging
LogPluginManager: Mounting plugin ActorSequence
LogPluginManager: Mounting plugin LevelSequenceEditor
LogPluginManager: Mounting plugin MatineeToLevelSequence
LogPluginManager: Mounting plugin MovieRenderPipeline
LogPluginManager: Mounting plugin TemplateSequence
LogPluginManager: Mounting plugin NetcodeUnitTest
LogPluginManager: Mounting plugin NUTUnrealEngine4
LogPluginManager: Mounting plugin OnlineSubsystemGooglePlay
LogPluginManager: Mounting plugin OnlineSubsystemIOS
LogPluginManager: Mounting plugin OnlineSubsystem
LogPluginManager: Mounting plugin OnlineSubsystemNull
LogPluginManager: Mounting plugin OnlineSubsystemUtils
LogPluginManager: Mounting plugin LauncherChunkInstaller
LogPluginManager: Mounting plugin AndroidDeviceProfileSelector
LogPluginManager: Mounting plugin AndroidMoviePlayer
LogPluginManager: Mounting plugin AndroidPermission
LogPluginManager: Mounting plugin AppleImageUtils
LogPluginManager: Mounting plugin AppleMoviePlayer
LogPluginManager: Mounting plugin ArchVisCharacter
LogPluginManager: Mounting plugin AssetTags
LogPluginManager: Mounting plugin AudioCapture
LogPluginManager: Mounting plugin CableComponent
LogPluginManager: Mounting plugin CustomMeshComponent
LogPluginManager: Mounting plugin EditableMesh
LogPluginManager: Mounting plugin ExampleDeviceProfileSelector
LogPluginManager: Mounting plugin GoogleCloudMessaging
LogPluginManager: Mounting plugin GooglePAD
LogPluginManager: Mounting plugin IOSDeviceProfileSelector
LogPluginManager: Mounting plugin LinuxDeviceProfileSelector
LogPluginManager: Mounting plugin LocationServicesBPLibrary
LogPluginManager: Mounting plugin MobilePatchingUtils
LogPluginManager: Mounting plugin OculusVR
LogPluginManager: Mounting plugin PhysXVehicles
LogPluginManager: Mounting plugin PostSplashScreen
LogPluginManager: Mounting plugin ProceduralMeshComponent
LogPluginManager: Mounting plugin RuntimePhysXCooking
LogPluginManager: Mounting plugin SignificanceManager
LogPluginManager: Mounting plugin SoundFields
LogPluginManager: Mounting plugin SteamVR
LogPluginManager: Mounting plugin Synthesis
LogPluginManager: Mounting plugin WebMMoviePlayer
LogPluginManager: Mounting plugin WindowsMoviePlayer
LogPluginManager: Mounting plugin ScreenshotTools
LogInit: Using libcurl 7.55.1-DEV
LogInit:  - built for x86_64-pc-win32
LogInit:  - supports SSL with OpenSSL/1.1.1
LogInit:  - supports HTTP deflate (compression) using libz 1.2.8
LogInit:  - other features:
LogInit:      CURL_VERSION_SSL
LogInit:      CURL_VERSION_LIBZ
LogInit:      CURL_VERSION_IPV6
LogInit:      CURL_VERSION_ASYNCHDNS
LogInit:      CURL_VERSION_LARGEFILE
LogInit:      CURL_VERSION_IDN
LogInit:  CurlRequestOptions (configurable via config and command line):
LogInit:  - bVerifyPeer = true  - Libcurl will verify peer certificate
LogInit:  - bUseHttpProxy = false  - Libcurl will NOT use HTTP proxy
LogInit:  - bDontReuseConnections = false  - Libcurl will reuse connections
LogInit:  - MaxHostConnections = 16  - Libcurl will limit the number of connections to a host
LogInit:  - LocalHostAddr = Default
LogInit:  - BufferSize = 65536
LogOnline: OSS: Creating online subsystem instance for: NULL
LogInit: WinSock: version 1.1 (2.2), MaxSocks=32767, MaxUdp=65467
LogOnline: OSS: TryLoadSubsystemAndSetDefault: Loaded subsystem for module [NULL]
LogInit: Build: ++UE4+Release-4.25-CL-14469661
LogInit: Engine Version: 4.25.4-14469661+++UE4+Release-4.25
LogInit: Compatible Engine Version: 4.25.0-13144385+++UE4+Release-4.25
LogInit: Net CL: 13144385
LogInit: OS: Windows 10 (Release 1909) (), CPU: Intel(R) Core(TM) i7-7500U CPU @ 2.70GHz, GPU: Intel(R) HD Graphics 620
LogInit: Compiled (64-bit): Oct 11 2020 08:10:49
LogInit: Compiled with Visual C++: 19.24.28315.00
LogInit: Build Configuration: Development
LogInit: Branch Name: ++UE4+Release-4.25
LogInit: Command Line: 
LogInit: Base Directory: C:/Program Files/Epic Games/UE_4.25/Engine/Binaries/Win64/
LogInit: Allocator: TBB
LogInit: Installed Engine Build: 1
LogDevObjectVersion: Number of dev versions registered: 26
LogDevObjectVersion:   Dev-Blueprints (B0D832E4-1F89-4F0D-ACCF-7EB736FD4AA2): 10
LogDevObjectVersion:   Dev-Build (E1C64328-A22C-4D53-A36C-8E866417BD8C): 0
LogDevObjectVersion:   Dev-Core (375EC13C-06E4-48FB-B500-84F0262A717E): 4
LogDevObjectVersion:   Dev-Editor (E4B068ED-F494-42E9-A231-DA0B2E46BB41): 38
LogDevObjectVersion:   Dev-Framework (CFFC743F-43B0-4480-9391-14DF171D2073): 37
LogDevObjectVersion:   Dev-Mobile (B02B49B5-BB20-44E9-A304-32B752E40360): 2
LogDevObjectVersion:   Dev-Networking (A4E4105C-59A1-49B5-A7C5-40C4547EDFEE): 0
LogDevObjectVersion:   Dev-Online (39C831C9-5AE6-47DC-9A44-9C173E1C8E7C): 0
LogDevObjectVersion:   Dev-Physics (78F01B33-EBEA-4F98-B9B4-84EACCB95AA2): 4
LogDevObjectVersion:   Dev-Platform (6631380F-2D4D-43E0-8009-CF276956A95A): 0
LogDevObjectVersion:   Dev-Rendering (12F88B9F-8875-4AFC-A67C-D90C383ABD29): 43
LogDevObjectVersion:   Dev-Sequencer (7B5AE74C-D270-4C10-A958-57980B212A5A): 12
LogDevObjectVersion:   Dev-VR (D7296918-1DD6-4BDD-9DE2-64A83CC13884): 3
LogDevObjectVersion:   Dev-LoadTimes (C2A15278-BFE7-4AFE-6C17-90FF531DF755): 1
LogDevObjectVersion:   Private-Geometry (6EACA3D4-40EC-4CC1-B786-8BED09428FC5): 3
LogDevObjectVersion:   Dev-AnimPhys (29E575DD-E0A3-4627-9D10-D276232CDCEA): 17
LogDevObjectVersion:   Dev-Anim (AF43A65D-7FD3-4947-9873-3E8ED9C1BB05): 7
LogDevObjectVersion:   Dev-ReflectionCapture (6B266CEC-1EC7-4B8F-A30B-E4D90942FC07): 1
LogDevObjectVersion:   Dev-Automation (0DF73D61-A23F-47EA-B727-89E90C41499A): 1
LogDevObjectVersion:   FortniteMain (601D1886-AC64-4F84-AA16-D3DE0DEAC7D6): 31
LogDevObjectVersion:   Dev-Enterprise (9DFFBCD6-494F-0158-E221-12823C92A888): 10
LogDevObjectVersion:   Dev-Niagara (F2AED0AC-9AFE-416F-8664-AA7FFA26D6FC): 1
LogDevObjectVersion:   Dev-Destruction (174F1F0B-B4C6-45A5-B13F-2EE8D0FB917D): 10
LogDevObjectVersion:   Dev-Physics-Ext (35F94A83-E258-406C-A318-09F59610247C): 37
LogDevObjectVersion:   Dev-PhysicsMaterial-Chaos (B68FC16E-8B1B-42E2-B453-215C058844FE): 1
LogDevObjectVersion:   Dev-CineCamera (B2E18506-4273-CFC2-A54E-F4BB758BBA07): 1
LogInit: Presizing for max 25165824 objects, including 0 objects not considered by GC, pre-allocating 0 bytes for permanent pool.
LogConfig: Applying CVar settings from Section [/Script/Engine.StreamingSettings] File [C:/Users/Angelica .DESKTOP-RM5JOAJ/Documents/Learning Multiplayer/Puzzles/Puzzles/Saved/Config/Windows/Engine.ini]
LogConfig: Setting CVar [[s.MinBulkDataSizeForAsyncLoading:131072]]
LogConfig: Setting CVar [[s.AsyncLoadingThreadEnabled:0]]
LogConfig: Setting CVar [[s.EventDrivenLoaderEnabled:1]]
LogConfig: Setting CVar [[s.WarnIfTimeLimitExceeded:0]]
LogConfig: Setting CVar [[s.TimeLimitExceededMultiplier:1.5]]
LogConfig: Setting CVar [[s.TimeLimitExceededMinTime:0.005]]
LogConfig: Setting CVar [[s.UseBackgroundLevelStreaming:1]]
LogConfig: Setting CVar [[s.PriorityAsyncLoadingExtraTime:15.0]]
LogConfig: Setting CVar [[s.LevelStreamingActorsUpdateTimeLimit:5.0]]
LogConfig: Setting CVar [[s.PriorityLevelStreamingActorsUpdateExtraTime:5.0]]
LogConfig: Setting CVar [[s.LevelStreamingComponentsRegistrationGranularity:10]]
LogConfig: Setting CVar [[s.UnregisterComponentsTimeLimit:1.0]]
LogConfig: Setting CVar [[s.LevelStreamingComponentsUnregistrationGranularity:5]]
LogConfig: Setting CVar [[s.FlushStreamingOnExit:1]]
LogInit: Object subsystem initialized
LogConfig: Setting CVar [[con.DebugEarlyDefault:1]]
LogConfig: Setting CVar [[r.setres:1280x720]]
[2020.12.15-16.58.20:365][  0]LogConfig: Setting CVar [[r.VSync:0]]
[2020.12.15-16.58.20:365][  0]LogConfig: Setting CVar [[r.RHICmdBypass:0]]
[2020.12.15-16.58.20:365][  0]LogConfig: Applying CVar settings from Section [/Script/Engine.RendererSettings] File [C:/Users/Angelica .DESKTOP-RM5JOAJ/Documents/Learning Multiplayer/Puzzles/Puzzles/Saved/Config/Windows/Engine.ini]
[2020.12.15-16.58.20:365][  0]LogConfig: Setting CVar [[r.GPUCrashDebugging:0]]
[2020.12.15-16.58.20:365][  0]LogConfig: Applying CVar settings from Section [/Script/Engine.RendererOverrideSettings] File [C:/Users/Angelica .DESKTOP-RM5JOAJ/Documents/Learning Multiplayer/Puzzles/Puzzles/Saved/Config/Windows/Engine.ini]
[2020.12.15-16.58.20:366][  0]LogConfig: Applying CVar settings from Section [/Script/Engine.StreamingSettings] File [C:/Users/Angelica .DESKTOP-RM5JOAJ/Documents/Learning Multiplayer/Puzzles/Puzzles/Saved/Config/Windows/Engine.ini]
[2020.12.15-16.58.20:366][  0]LogConfig: Setting CVar [[s.MinBulkDataSizeForAsyncLoading:131072]]
[2020.12.15-16.58.20:366][  0]LogConfig: Setting CVar [[s.AsyncLoadingThreadEnabled:0]]
[2020.12.15-16.58.20:366][  0]LogConfig: Setting CVar [[s.EventDrivenLoaderEnabled:1]]
[2020.12.15-16.58.20:366][  0]LogConfig: Setting CVar [[s.WarnIfTimeLimitExceeded:0]]
[2020.12.15-16.58.20:366][  0]LogConfig: Setting CVar [[s.TimeLimitExceededMultiplier:1.5]]
[2020.12.15-16.58.20:366][  0]LogConfig: Setting CVar [[s.TimeLimitExceededMinTime:0.005]]
[2020.12.15-16.58.20:366][  0]LogConfig: Setting CVar [[s.UseBackgroundLevelStreaming:1]]
[2020.12.15-16.58.20:366][  0]LogConfig: Setting CVar [[s.PriorityAsyncLoadingExtraTime:15.0]]
[2020.12.15-16.58.20:366][  0]LogConfig: Setting CVar [[s.LevelStreamingActorsUpdateTimeLimit:5.0]]
[2020.12.15-16.58.20:366][  0]LogConfig: Setting CVar [[s.PriorityLevelStreamingActorsUpdateExtraTime:5.0]]
[2020.12.15-16.58.20:366][  0]LogConfig: Setting CVar [[s.LevelStreamingComponentsRegistrationGranularity:10]]
[2020.12.15-16.58.20:366][  0]LogConfig: Setting CVar [[s.UnregisterComponentsTimeLimit:1.0]]
[2020.12.15-16.58.20:366][  0]LogConfig: Setting CVar [[s.LevelStreamingComponentsUnregistrationGranularity:5]]
[2020.12.15-16.58.20:366][  0]LogConfig: Setting CVar [[s.FlushStreamingOnExit:1]]
[2020.12.15-16.58.20:367][  0]LogConfig: Applying CVar settings from Section [/Script/Engine.GarbageCollectionSettings] File [C:/Users/Angelica .DESKTOP-RM5JOAJ/Documents/Learning Multiplayer/Puzzles/Puzzles/Saved/Config/Windows/Engine.ini]
[2020.12.15-16.58.20:367][  0]LogConfig: Setting CVar [[gc.MaxObjectsNotConsideredByGC:1]]
[2020.12.15-16.58.20:367][  0]LogConfig: Setting CVar [[gc.SizeOfPermanentObjectPool:0]]
[2020.12.15-16.58.20:367][  0]LogConfig: Setting CVar [[gc.FlushStreamingOnGC:0]]
[2020.12.15-16.58.20:367][  0]LogConfig: Setting CVar [[gc.NumRetriesBeforeForcingGC:10]]
[2020.12.15-16.58.20:367][  0]LogConfig: Setting CVar [[gc.AllowParallelGC:1]]
[2020.12.15-16.58.20:367][  0]LogConfig: Setting CVar [[gc.TimeBetweenPurgingPendingKillObjects:61.1]]
[2020.12.15-16.58.20:367][  0]LogConfig: Setting CVar [[gc.MaxObjectsInEditor:25165824]]
[2020.12.15-16.58.20:367][  0]LogConfig: Setting CVar [[gc.IncrementalBeginDestroyEnabled:1]]
[2020.12.15-16.58.20:367][  0]LogConfig: Setting CVar [[gc.CreateGCClusters:1]]
[2020.12.15-16.58.20:367][  0]LogConfig: Setting CVar [[gc.MinGCClusterSize:5]]
[2020.12.15-16.58.20:367][  0]LogConfig: Setting CVar [[gc.ActorClusteringEnabled:0]]
[2020.12.15-16.58.20:367][  0]LogConfig: Setting CVar [[gc.BlueprintClusteringEnabled:0]]
[2020.12.15-16.58.20:367][  0]LogConfig: Setting CVar [[gc.UseDisregardForGCOnDedicatedServers:0]]
[2020.12.15-16.58.20:367][  0]LogConfig: Applying CVar settings from Section [/Script/Engine.NetworkSettings] File [C:/Users/Angelica .DESKTOP-RM5JOAJ/Documents/Learning Multiplayer/Puzzles/Puzzles/Saved/Config/Windows/Engine.ini]
[2020.12.15-16.58.20:367][  0]LogConfig: Applying CVar settings from Section [/Script/UnrealEd.CookerSettings] File [C:/Users/Angelica .DESKTOP-RM5JOAJ/Documents/Learning Multiplayer/Puzzles/Puzzles/Saved/Config/Windows/Engine.ini]
[2020.12.15-16.58.20:375][  0]LogConfig: Applying CVar settings from Section [ViewDistanceQuality@3] File [C:/Users/Angelica .DESKTOP-RM5JOAJ/Documents/Learning Multiplayer/Puzzles/Puzzles/Saved/Config/Windows/Scalability.ini]
[2020.12.15-16.58.20:375][  0]LogConfig: Setting CVar [[r.SkeletalMeshLODBias:0]]
[2020.12.15-16.58.20:375][  0]LogConfig: Setting CVar [[r.ViewDistanceScale:1.0]]
[2020.12.15-16.58.20:375][  0]LogConfig: Applying CVar settings from Section [AntiAliasingQuality@3] File [C:/Users/Angelica .DESKTOP-RM5JOAJ/Documents/Learning Multiplayer/Puzzles/Puzzles/Saved/Config/Windows/Scalability.ini]
[2020.12.15-16.58.20:375][  0]LogConfig: Setting CVar [[r.PostProcessAAQuality:4]]
[2020.12.15-16.58.20:375][  0]LogConfig: Applying CVar settings from Section [ShadowQuality@3] File [C:/Users/Angelica .DESKTOP-RM5JOAJ/Documents/Learning Multiplayer/Puzzles/Puzzles/Saved/Config/Windows/Scalability.ini]
[2020.12.15-16.58.20:376][  0]LogConfig: Setting CVar [[r.LightFunctionQuality:1]]
[2020.12.15-16.58.20:376][  0]LogConfig: Setting CVar [[r.ShadowQuality:5]]
[2020.12.15-16.58.20:376][  0]LogConfig: Setting CVar [[r.Shadow.CSM.MaxCascades:10]]
[2020.12.15-16.58.20:376][  0]LogConfig: Setting CVar [[r.Shadow.MaxResolution:2048]]
[2020.12.15-16.58.20:376][  0]LogConfig: Setting CVar [[r.Shadow.MaxCSMResolution:2048]]
[2020.12.15-16.58.20:376][  0]LogConfig: Setting CVar [[r.Shadow.RadiusThreshold:0.01]]
[2020.12.15-16.58.20:376][  0]LogConfig: Setting CVar [[r.Shadow.DistanceScale:1.0]]
[2020.12.15-16.58.20:376][  0]LogConfig: Setting CVar [[r.Shadow.CSM.TransitionScale:1.0]]
[2020.12.15-16.58.20:376][  0]LogConfig: Setting CVar [[r.Shadow.PreShadowResolutionFactor:1.0]]
[2020.12.15-16.58.20:376][  0]LogConfig: Setting CVar [[r.DistanceFieldShadowing:1]]
[2020.12.15-16.58.20:376][  0]LogConfig: Setting CVar [[r.DistanceFieldAO:1]]
[2020.12.15-16.58.20:376][  0]LogConfig: Setting CVar [[r.AOQuality:2]]
[2020.12.15-16.58.20:376][  0]LogConfig: Setting CVar [[r.VolumetricFog:1]]
[2020.12.15-16.58.20:376][  0]LogConfig: Setting CVar [[r.VolumetricFog.GridPixelSize:8]]
[2020.12.15-16.58.20:376][  0]LogConfig: Setting CVar [[r.VolumetricFog.GridSizeZ:128]]
[2020.12.15-16.58.20:376][  0]LogConfig: Setting CVar [[r.VolumetricFog.HistoryMissSupersampleCount:4]]
[2020.12.15-16.58.20:376][  0]LogConfig: Setting CVar [[r.LightMaxDrawDistanceScale:1]]
[2020.12.15-16.58.20:376][  0]LogConfig: Setting CVar [[r.CapsuleShadows:1]]
[2020.12.15-16.58.20:376][  0]LogConfig: Applying CVar settings from Section [PostProcessQuality@3] File [C:/Users/Angelica .DESKTOP-RM5JOAJ/Documents/Learning Multiplayer/Puzzles/Puzzles/Saved/Config/Windows/Scalability.ini]
[2020.12.15-16.58.20:376][  0]LogConfig: Setting CVar [[r.MotionBlurQuality:4]]
[2020.12.15-16.58.20:376][  0]LogConfig: Setting CVar [[r.AmbientOcclusionMipLevelFactor:0.4]]
[2020.12.15-16.58.20:376][  0]LogConfig: Setting CVar [[r.AmbientOcclusionMaxQuality:100]]
[2020.12.15-16.58.20:376][  0]LogConfig: Setting CVar [[r.AmbientOcclusionLevels:-1]]
[2020.12.15-16.58.20:377][  0]LogConfig: Setting CVar [[r.AmbientOcclusionRadiusScale:1.0]]
[2020.12.15-16.58.20:377][  0]LogConfig: Setting CVar [[r.DepthOfFieldQuality:2]]
[2020.12.15-16.58.20:377][  0]LogConfig: Setting CVar [[r.RenderTargetPoolMin:400]]
[2020.12.15-16.58.20:377][  0]LogConfig: Setting CVar [[r.LensFlareQuality:2]]
[2020.12.15-16.58.20:377][  0]LogConfig: Setting CVar [[r.SceneColorFringeQuality:1]]
[2020.12.15-16.58.20:377][  0]LogConfig: Setting CVar [[r.EyeAdaptationQuality:2]]
[2020.12.15-16.58.20:377][  0]LogConfig: Setting CVar [[r.BloomQuality:5]]
[2020.12.15-16.58.20:377][  0]LogConfig: Setting CVar [[r.FastBlurThreshold:100]]
[2020.12.15-16.58.20:377][  0]LogConfig: Setting CVar [[r.Upscale.Quality:3]]
[2020.12.15-16.58.20:377][  0]LogConfig: Setting CVar [[r.Tonemapper.GrainQuantization:1]]
[2020.12.15-16.58.20:377][  0]LogConfig: Setting CVar [[r.LightShaftQuality:1]]
[2020.12.15-16.58.20:377][  0]LogConfig: Setting CVar [[r.Filter.SizeScale:1]]
[2020.12.15-16.58.20:377][  0]LogConfig: Setting CVar [[r.Tonemapper.Quality:5]]
[2020.12.15-16.58.20:377][  0]LogConfig: Setting CVar [[r.DOF.Gather.AccumulatorQuality:1        ; higher gathering accumulator quality]]
[2020.12.15-16.58.20:377][  0]LogConfig: Setting CVar [[r.DOF.Gather.PostfilterMethod:1          ; Median3x3 postfilering method]]
[2020.12.15-16.58.20:377][  0]LogConfig: Setting CVar [[r.DOF.Gather.EnableBokehSettings:0       ; no bokeh simulation when gathering]]
[2020.12.15-16.58.20:377][  0]LogConfig: Setting CVar [[r.DOF.Gather.RingCount:4                 ; medium number of samples when gathering]]
[2020.12.15-16.58.20:377][  0]LogConfig: Setting CVar [[r.DOF.Scatter.ForegroundCompositing:1    ; additive foreground scattering]]
[2020.12.15-16.58.20:377][  0]LogConfig: Setting CVar [[r.DOF.Scatter.BackgroundCompositing:2    ; additive background scattering]]
[2020.12.15-16.58.20:377][  0]LogConfig: Setting CVar [[r.DOF.Scatter.EnableBokehSettings:1      ; bokeh simulation when scattering]]
[2020.12.15-16.58.20:377][  0]LogConfig: Setting CVar [[r.DOF.Scatter.MaxSpriteRatio:0.1         ; only a maximum of 10% of scattered bokeh]]
[2020.12.15-16.58.20:377][  0]LogConfig: Setting CVar [[r.DOF.Recombine.Quality:1                ; cheap slight out of focus]]
[2020.12.15-16.58.20:378][  0]LogConfig: Setting CVar [[r.DOF.Recombine.EnableBokehSettings:0    ; no bokeh simulation on slight out of focus]]
[2020.12.15-16.58.20:378][  0]LogConfig: Setting CVar [[r.DOF.TemporalAAQuality:1                ; more stable temporal accumulation]]
[2020.12.15-16.58.20:378][  0]LogConfig: Setting CVar [[r.DOF.Kernel.MaxForegroundRadius:0.025]]
[2020.12.15-16.58.20:378][  0]LogConfig: Setting CVar [[r.DOF.Kernel.MaxBackgroundRadius:0.025]]
[2020.12.15-16.58.20:378][  0]LogConfig: Applying CVar settings from Section [TextureQuality@3] File [C:/Users/Angelica .DESKTOP-RM5JOAJ/Documents/Learning Multiplayer/Puzzles/Puzzles/Saved/Config/Windows/Scalability.ini]
[2020.12.15-16.58.20:378][  0]LogConfig: Setting CVar [[r.Streaming.MipBias:0]]
[2020.12.15-16.58.20:378][  0]LogConfig: Setting CVar [[r.Streaming.AmortizeCPUToGPUCopy:0]]
[2020.12.15-16.58.20:378][  0]LogConfig: Setting CVar [[r.Streaming.MaxNumTexturesToStreamPerFrame:0]]
[2020.12.15-16.58.20:378][  0]LogConfig: Setting CVar [[r.Streaming.Boost:1]]
[2020.12.15-16.58.20:378][  0]LogConfig: Setting CVar [[r.MaxAnisotropy:8]]
[2020.12.15-16.58.20:378][  0]LogConfig: Setting CVar [[r.VT.MaxAnisotropy:8]]
[2020.12.15-16.58.20:378][  0]LogConfig: Setting CVar [[r.Streaming.LimitPoolSizeToVRAM:0]]
[2020.12.15-16.58.20:378][  0]LogConfig: Setting CVar [[r.Streaming.PoolSize:1000]]
[2020.12.15-16.58.20:378][  0]LogConfig: Setting CVar [[r.Streaming.MaxEffectiveScreenSize:0]]
[2020.12.15-16.58.20:378][  0]LogConfig: Applying CVar settings from Section [EffectsQuality@3] File [C:/Users/Angelica .DESKTOP-RM5JOAJ/Documents/Learning Multiplayer/Puzzles/Puzzles/Saved/Config/Windows/Scalability.ini]
[2020.12.15-16.58.20:378][  0]LogConfig: Setting CVar [[r.TranslucencyLightingVolumeDim:64]]
[2020.12.15-16.58.20:378][  0]LogConfig: Setting CVar [[r.RefractionQuality:2]]
[2020.12.15-16.58.20:378][  0]LogConfig: Setting CVar [[r.SSR.Quality:3]]
[2020.12.15-16.58.20:378][  0]LogConfig: Setting CVar [[r.SSR.HalfResSceneColor:0]]
[2020.12.15-16.58.20:378][  0]LogConfig: Setting CVar [[r.SceneColorFormat:4]]
[2020.12.15-16.58.20:379][  0]LogConfig: Setting CVar [[r.DetailMode:2]]
[2020.12.15-16.58.20:379][  0]LogConfig: Setting CVar [[r.TranslucencyVolumeBlur:1]]
[2020.12.15-16.58.20:379][  0]LogConfig: Setting CVar [[r.MaterialQualityLevel:1 ; High quality]]
[2020.12.15-16.58.20:379][  0]LogConfig: Setting CVar [[r.SSS.Scale:1]]
[2020.12.15-16.58.20:379][  0]LogConfig: Setting CVar [[r.SSS.SampleSet:2]]
[2020.12.15-16.58.20:379][  0]LogConfig: Setting CVar [[r.SSS.Quality:1]]
[2020.12.15-16.58.20:379][  0]LogConfig: Setting CVar [[r.SSS.HalfRes:0]]
[2020.12.15-16.58.20:379][  0]LogConfig: Setting CVar [[r.SSGI.Quality:3]]
[2020.12.15-16.58.20:379][  0]LogConfig: Setting CVar [[r.EmitterSpawnRateScale:1.0]]
[2020.12.15-16.58.20:379][  0]LogConfig: Setting CVar [[r.ParticleLightQuality:2]]
[2020.12.15-16.58.20:379][  0]LogConfig: Setting CVar [[r.SkyAtmosphere.AerialPerspectiveLUT.FastApplyOnOpaque:1 ; Always have FastSkyLUT 1 in this case to avoid wrong sky]]
[2020.12.15-16.58.20:379][  0]LogConfig: Setting CVar [[r.SkyAtmosphere.AerialPerspectiveLUT.SampleCountPerSlice:1]]
[2020.12.15-16.58.20:379][  0]LogConfig: Setting CVar [[r.SkyAtmosphere.AerialPerspectiveLUT.DepthResolution:16.0]]
[2020.12.15-16.58.20:379][  0]LogConfig: Setting CVar [[r.SkyAtmosphere.FastSkyLUT:1]]
[2020.12.15-16.58.20:379][  0]LogConfig: Setting CVar [[r.SkyAtmosphere.FastSkyLUT.SampleCountMin:4.0]]
[2020.12.15-16.58.20:379][  0]LogConfig: Setting CVar [[r.SkyAtmosphere.FastSkyLUT.SampleCountMax:32.0]]
[2020.12.15-16.58.20:379][  0]LogConfig: Setting CVar [[r.SkyAtmosphere.SampleCountMin:4.0]]
[2020.12.15-16.58.20:379][  0]LogConfig: Setting CVar [[r.SkyAtmosphere.SampleCountMax:32.0]]
[2020.12.15-16.58.20:379][  0]LogConfig: Setting CVar [[r.SkyAtmosphere.TransmittanceLUT.UseSmallFormat:0]]
[2020.12.15-16.58.20:379][  0]LogConfig: Setting CVar [[r.SkyAtmosphere.TransmittanceLUT.SampleCount:10.0]]
[2020.12.15-16.58.20:379][  0]LogConfig: Setting CVar [[r.SkyAtmosphere.MultiScatteringLUT.SampleCount:15.0]]
[2020.12.15-16.58.20:380][  0]LogConfig: Applying CVar settings from Section [FoliageQuality@3] File [C:/Users/Angelica .DESKTOP-RM5JOAJ/Documents/Learning Multiplayer/Puzzles/Puzzles/Saved/Config/Windows/Scalability.ini]
[2020.12.15-16.58.20:380][  0]LogConfig: Setting CVar [[foliage.DensityScale:1.0]]
[2020.12.15-16.58.20:380][  0]LogConfig: Setting CVar [[grass.DensityScale:1.0]]
[2020.12.15-16.58.20:380][  0]LogConfig: Applying CVar settings from Section [ShadingQuality@3] File [C:/Users/Angelica .DESKTOP-RM5JOAJ/Documents/Learning Multiplayer/Puzzles/Puzzles/Saved/Config/Windows/Scalability.ini]
[2020.12.15-16.58.20:380][  0]LogConfig: Setting CVar [[r.HairStrands.SkyLighting.SampleCount:16]]
[2020.12.15-16.58.20:380][  0]LogConfig: Setting CVar [[r.HairStrands.SkyLighting.JitterIntegration:0]]
[2020.12.15-16.58.20:380][  0]LogConfig: Setting CVar [[r.HairStrands.SkyAO.SampleCount:16]]
[2020.12.15-16.58.20:380][  0]LogConfig: Setting CVar [[r.HairStrands.DeepShadow.SuperSampling:0]]
[2020.12.15-16.58.20:380][  0]LogConfig: Setting CVar [[r.HairStrands.VisibilityPPLL:0]]
[2020.12.15-16.58.20:380][  0]LogConfig: Setting CVar [[r.HairStrands.RasterizationScale:0.5]]
[2020.12.15-16.58.20:380][  0]LogConfig: Setting CVar [[r.HairStrands.VelocityRasterizationScale:1]]
[2020.12.15-16.58.20:380][  0]LogInit: Selected Device Profile: [Windows]
[2020.12.15-16.58.20:380][  0]LogInit: Applying CVar settings loaded from the selected device profile: [Windows]
[2020.12.15-16.58.20:380][  0]LogHAL: Display: Platform has ~ 16 GB [17052516352 / 17179869184 / 16], which maps to Larger [LargestMinGB=32, LargerMinGB=12, DefaultMinGB=8, SmallerMinGB=6, SmallestMinGB=0)
[2020.12.15-16.58.20:380][  0]LogInit: Going up to parent DeviceProfile []
[2020.12.15-16.58.20:380][  0]LogConfig: Applying CVar settings from Section [ViewDistanceQuality@2] File [C:/Users/Angelica .DESKTOP-RM5JOAJ/Documents/Learning Multiplayer/Puzzles/Puzzles/Saved/Config/Windows/Scalability.ini]
[2020.12.15-16.58.20:380][  0]LogConfig: Setting CVar [[r.SkeletalMeshLODBias:0]]
[2020.12.15-16.58.20:381][  0]LogConfig: Setting CVar [[r.ViewDistanceScale:0.8]]
[2020.12.15-16.58.20:381][  0]LogConfig: Applying CVar settings from Section [AntiAliasingQuality@2] File [C:/Users/Angelica .DESKTOP-RM5JOAJ/Documents/Learning Multiplayer/Puzzles/Puzzles/Saved/Config/Windows/Scalability.ini]
[2020.12.15-16.58.20:381][  0]LogConfig: Setting CVar [[r.PostProcessAAQuality:3]]
[2020.12.15-16.58.20:381][  0]LogConfig: Applying CVar settings from Section [ShadowQuality@2] File [C:/Users/Angelica .DESKTOP-RM5JOAJ/Documents/Learning Multiplayer/Puzzles/Puzzles/Saved/Config/Windows/Scalability.ini]
[2020.12.15-16.58.20:381][  0]LogConfig: Setting CVar [[r.LightFunctionQuality:1]]
[2020.12.15-16.58.20:381][  0]LogConfig: Setting CVar [[r.ShadowQuality:5]]
[2020.12.15-16.58.20:381][  0]LogConfig: Setting CVar [[r.Shadow.CSM.MaxCascades:4]]
[2020.12.15-16.58.20:381][  0]LogConfig: Setting CVar [[r.Shadow.MaxResolution:1024]]
[2020.12.15-16.58.20:381][  0]LogConfig: Setting CVar [[r.Shadow.MaxCSMResolution:2048]]
[2020.12.15-16.58.20:381][  0]LogConfig: Setting CVar [[r.Shadow.RadiusThreshold:0.04]]
[2020.12.15-16.58.20:381][  0]LogConfig: Setting CVar [[r.Shadow.DistanceScale:0.85]]
[2020.12.15-16.58.20:381][  0]LogConfig: Setting CVar [[r.Shadow.CSM.TransitionScale:0.8]]
[2020.12.15-16.58.20:381][  0]LogConfig: Setting CVar [[r.Shadow.PreShadowResolutionFactor:0.5]]
[2020.12.15-16.58.20:381][  0]LogConfig: Setting CVar [[r.DistanceFieldShadowing:1]]
[2020.12.15-16.58.20:381][  0]LogConfig: Setting CVar [[r.DistanceFieldAO:1]]
[2020.12.15-16.58.20:381][  0]LogConfig: Setting CVar [[r.AOQuality:1]]
[2020.12.15-16.58.20:381][  0]LogConfig: Setting CVar [[r.VolumetricFog:1]]
[2020.12.15-16.58.20:381][  0]LogConfig: Setting CVar [[r.VolumetricFog.GridPixelSize:16]]
[2020.12.15-16.58.20:381][  0]LogConfig: Setting CVar [[r.VolumetricFog.GridSizeZ:64]]
[2020.12.15-16.58.20:381][  0]LogConfig: Setting CVar [[r.VolumetricFog.HistoryMissSupersampleCount:4]]
[2020.12.15-16.58.20:381][  0]LogConfig: Setting CVar [[r.LightMaxDrawDistanceScale:1]]
[2020.12.15-16.58.20:381][  0]LogConfig: Setting CVar [[r.CapsuleShadows:1]]
[2020.12.15-16.58.20:382][  0]LogConfig: Applying CVar settings from Section [PostProcessQuality@2] File [C:/Users/Angelica .DESKTOP-RM5JOAJ/Documents/Learning Multiplayer/Puzzles/Puzzles/Saved/Config/Windows/Scalability.ini]
[2020.12.15-16.58.20:382][  0]LogConfig: Setting CVar [[r.MotionBlurQuality:3]]
[2020.12.15-16.58.20:382][  0]LogConfig: Setting CVar [[r.AmbientOcclusionMipLevelFactor:0.6]]
[2020.12.15-16.58.20:382][  0]LogConfig: Setting CVar [[r.AmbientOcclusionMaxQuality:100]]
[2020.12.15-16.58.20:382][  0]LogConfig: Setting CVar [[r.AmbientOcclusionLevels:-1]]
[2020.12.15-16.58.20:382][  0]LogConfig: Setting CVar [[r.AmbientOcclusionRadiusScale:1.5]]
[2020.12.15-16.58.20:382][  0]LogConfig: Setting CVar [[r.DepthOfFieldQuality:2]]
[2020.12.15-16.58.20:382][  0]LogConfig: Setting CVar [[r.RenderTargetPoolMin:400]]
[2020.12.15-16.58.20:382][  0]LogConfig: Setting CVar [[r.LensFlareQuality:2]]
[2020.12.15-16.58.20:382][  0]LogConfig: Setting CVar [[r.SceneColorFringeQuality:1]]
[2020.12.15-16.58.20:382][  0]LogConfig: Setting CVar [[r.EyeAdaptationQuality:2]]
[2020.12.15-16.58.20:382][  0]LogConfig: Setting CVar [[r.BloomQuality:5]]
[2020.12.15-16.58.20:382][  0]LogConfig: Setting CVar [[r.FastBlurThreshold:3]]
[2020.12.15-16.58.20:382][  0]LogConfig: Setting CVar [[r.Upscale.Quality:2]]
[2020.12.15-16.58.20:382][  0]LogConfig: Setting CVar [[r.Tonemapper.GrainQuantization:1]]
[2020.12.15-16.58.20:382][  0]LogConfig: Setting CVar [[r.LightShaftQuality:1]]
[2020.12.15-16.58.20:382][  0]LogConfig: Setting CVar [[r.Filter.SizeScale:0.8]]
[2020.12.15-16.58.20:382][  0]LogConfig: Setting CVar [[r.Tonemapper.Quality:5]]
[2020.12.15-16.58.20:382][  0]LogConfig: Setting CVar [[r.DOF.Gather.AccumulatorQuality:0        ; lower gathering accumulator quality]]
[2020.12.15-16.58.20:382][  0]LogConfig: Setting CVar [[r.DOF.Gather.PostfilterMethod:2          ; Max3x3 postfilering method]]
[2020.12.15-16.58.20:382][  0]LogConfig: Setting CVar [[r.DOF.Gather.EnableBokehSettings:0       ; no bokeh simulation when gathering]]
[2020.12.15-16.58.20:382][  0]LogConfig: Setting CVar [[r.DOF.Gather.RingCount:4                 ; medium number of samples when gathering]]
[2020.12.15-16.58.20:382][  0]LogConfig: Setting CVar [[r.DOF.Scatter.ForegroundCompositing:1    ; additive foreground scattering]]
[2020.12.15-16.58.20:382][  0]LogConfig: Setting CVar [[r.DOF.Scatter.BackgroundCompositing:1    ; no background occlusion]]
[2020.12.15-16.58.20:383][  0]LogConfig: Setting CVar [[r.DOF.Scatter.EnableBokehSettings:0      ; no bokeh simulation when scattering]]
[2020.12.15-16.58.20:383][  0]LogConfig: Setting CVar [[r.DOF.Scatter.MaxSpriteRatio:0.04        ; only a maximum of 4% of scattered bokeh]]
[2020.12.15-16.58.20:383][  0]LogConfig: Setting CVar [[r.DOF.Recombine.Quality:0                ; no slight out of focus]]
[2020.12.15-16.58.20:383][  0]LogConfig: Setting CVar [[r.DOF.TemporalAAQuality:0                ; faster temporal accumulation]]
[2020.12.15-16.58.20:383][  0]LogConfig: Setting CVar [[r.DOF.Kernel.MaxForegroundRadius:0.012   ; required because of AccumulatorQuality=0]]
[2020.12.15-16.58.20:383][  0]LogConfig: Setting CVar [[r.DOF.Kernel.MaxBackgroundRadius:0.012   ; required because of AccumulatorQuality=0]]
[2020.12.15-16.58.20:383][  0]LogConfig: Applying CVar settings from Section [TextureQuality@2] File [C:/Users/Angelica .DESKTOP-RM5JOAJ/Documents/Learning Multiplayer/Puzzles/Puzzles/Saved/Config/Windows/Scalability.ini]
[2020.12.15-16.58.20:383][  0]LogConfig: Setting CVar [[r.Streaming.MipBias:0]]
[2020.12.15-16.58.20:383][  0]LogConfig: Setting CVar [[r.Streaming.AmortizeCPUToGPUCopy:0]]
[2020.12.15-16.58.20:383][  0]LogConfig: Setting CVar [[r.Streaming.MaxNumTexturesToStreamPerFrame:0]]
[2020.12.15-16.58.20:383][  0]LogConfig: Setting CVar [[r.Streaming.Boost:1]]
[2020.12.15-16.58.20:383][  0]LogConfig: Setting CVar [[r.MaxAnisotropy:4]]
[2020.12.15-16.58.20:383][  0]LogConfig: Setting CVar [[r.VT.MaxAnisotropy:8]]
[2020.12.15-16.58.20:383][  0]LogConfig: Setting CVar [[r.Streaming.LimitPoolSizeToVRAM:1]]
[2020.12.15-16.58.20:383][  0]LogConfig: Setting CVar [[r.Streaming.PoolSize:800]]
[2020.12.15-16.58.20:383][  0]LogConfig: Setting CVar [[r.Streaming.MaxEffectiveScreenSize:0]]
[2020.12.15-16.58.20:383][  0]LogConfig: Applying CVar settings from Section [EffectsQuality@2] File [C:/Users/Angelica .DESKTOP-RM5JOAJ/Documents/Learning Multiplayer/Puzzles/Puzzles/Saved/Config/Windows/Scalability.ini]
[2020.12.15-16.58.20:383][  0]LogConfig: Setting CVar [[r.TranslucencyLightingVolumeDim:48]]
[2020.12.15-16.58.20:383][  0]LogConfig: Setting CVar [[r.RefractionQuality:2]]
[2020.12.15-16.58.20:383][  0]LogConfig: Setting CVar [[r.SSR.Quality:2]]
[2020.12.15-16.58.20:383][  0]LogConfig: Setting CVar [[r.SSR.HalfResSceneColor:1]]
[2020.12.15-16.58.20:383][  0]LogConfig: Setting CVar [[r.SceneColorFormat:3]]
[2020.12.15-16.58.20:383][  0]LogConfig: Setting CVar [[r.DetailMode:1]]
[2020.12.15-16.58.20:384][  0]LogConfig: Setting CVar [[r.TranslucencyVolumeBlur:1]]
[2020.12.15-16.58.20:384][  0]LogConfig: Setting CVar [[r.MaterialQualityLevel:1 ; High quality]]
[2020.12.15-16.58.20:384][  0]LogConfig: Setting CVar [[r.SSS.Scale:1]]
[2020.12.15-16.58.20:384][  0]LogConfig: Setting CVar [[r.SSS.SampleSet:1]]
[2020.12.15-16.58.20:384][  0]LogConfig: Setting CVar [[r.SSS.Quality:-1]]
[2020.12.15-16.58.20:384][  0]LogConfig: Setting CVar [[r.SSS.HalfRes:1]]
[2020.12.15-16.58.20:384][  0]LogConfig: Setting CVar [[r.SSGI.Quality:2]]
[2020.12.15-16.58.20:384][  0]LogConfig: Setting CVar [[r.EmitterSpawnRateScale:0.5]]
[2020.12.15-16.58.20:384][  0]LogConfig: Setting CVar [[r.ParticleLightQuality:1]]
[2020.12.15-16.58.20:384][  0]LogConfig: Setting CVar [[r.SkyAtmosphere.AerialPerspectiveLUT.FastApplyOnOpaque:1 ; Always have FastSkyLUT 1 in this case to avoid wrong sky]]
[2020.12.15-16.58.20:384][  0]LogConfig: Setting CVar [[r.SkyAtmosphere.AerialPerspectiveLUT.SampleCountPerSlice:1]]
[2020.12.15-16.58.20:384][  0]LogConfig: Setting CVar [[r.SkyAtmosphere.AerialPerspectiveLUT.DepthResolution:16.0]]
[2020.12.15-16.58.20:384][  0]LogConfig: Setting CVar [[r.SkyAtmosphere.FastSkyLUT:1]]
[2020.12.15-16.58.20:384][  0]LogConfig: Setting CVar [[r.SkyAtmosphere.FastSkyLUT.SampleCountMin:4.0]]
[2020.12.15-16.58.20:384][  0]LogConfig: Setting CVar [[r.SkyAtmosphere.FastSkyLUT.SampleCountMax:32.0]]
[2020.12.15-16.58.20:384][  0]LogConfig: Setting CVar [[r.SkyAtmosphere.SampleCountMin:4.0]]
[2020.12.15-16.58.20:384][  0]LogConfig: Setting CVar [[r.SkyAtmosphere.SampleCountMax:32.0]]
[2020.12.15-16.58.20:384][  0]LogConfig: Setting CVar [[r.SkyAtmosphere.TransmittanceLUT.UseSmallFormat:0]]
[2020.12.15-16.58.20:384][  0]LogConfig: Setting CVar [[r.SkyAtmosphere.TransmittanceLUT.SampleCount:10.0]]
[2020.12.15-16.58.20:384][  0]LogConfig: Setting CVar [[r.SkyAtmosphere.MultiScatteringLUT.SampleCount:15.0]]
[2020.12.15-16.58.20:384][  0]LogConfig: Applying CVar settings from Section [FoliageQuality@2] File [C:/Users/Angelica .DESKTOP-RM5JOAJ/Documents/Learning Multiplayer/Puzzles/Puzzles/Saved/Config/Windows/Scalability.ini]
[2020.12.15-16.58.20:384][  0]LogConfig: Setting CVar [[foliage.DensityScale:0.8]]
[2020.12.15-16.58.20:385][  0]LogConfig: Setting CVar [[grass.DensityScale:0.8]]
[2020.12.15-16.58.20:385][  0]LogConfig: Applying CVar settings from Section [ShadingQuality@2] File [C:/Users/Angelica .DESKTOP-RM5JOAJ/Documents/Learning Multiplayer/Puzzles/Puzzles/Saved/Config/Windows/Scalability.ini]
[2020.12.15-16.58.20:385][  0]LogConfig: Setting CVar [[r.HairStrands.SkyLighting.SampleCount:16]]
[2020.12.15-16.58.20:385][  0]LogConfig: Setting CVar [[r.HairStrands.SkyLighting.JitterIntegration:0]]
[2020.12.15-16.58.20:385][  0]LogConfig: Setting CVar [[r.HairStrands.SkyAO.SampleCount:16]]
[2020.12.15-16.58.20:385][  0]LogConfig: Setting CVar [[r.HairStrands.DeepShadow.SuperSampling:0]]
[2020.12.15-16.58.20:385][  0]LogConfig: Setting CVar [[r.HairStrands.VisibilityPPLL:0]]
[2020.12.15-16.58.20:385][  0]LogConfig: Setting CVar [[r.HairStrands.RasterizationScale:0.5]]
[2020.12.15-16.58.20:385][  0]LogConfig: Setting CVar [[r.HairStrands.VelocityRasterizationScale:1]]
[2020.12.15-16.58.20:385][  0]LogConfig: Applying CVar settings from Section [Startup] File [../../../Engine/Config/ConsoleVariables.ini]
[2020.12.15-16.58.20:386][  0]LogConfig: Setting CVar [[net.UseAdaptiveNetUpdateFrequency:0]]
[2020.12.15-16.58.20:386][  0]LogConfig: Setting CVar [[p.chaos.AllowCreatePhysxBodies:1]]
[2020.12.15-16.58.20:386][  0]LogConfig: Setting CVar [[fx.SkipVectorVMBackendOptimizations:1]]
[2020.12.15-16.58.20:386][  0]LogConfig: Applying CVar settings from Section [ConsoleVariables] File [C:/Users/Angelica .DESKTOP-RM5JOAJ/Documents/Learning Multiplayer/Puzzles/Puzzles/Saved/Config/Windows/Engine.ini]
[2020.12.15-16.58.20:386][  0]LogInit: Computer: SKETCH-PC
[2020.12.15-16.58.20:386][  0]LogInit: User: Angelica
[2020.12.15-16.58.20:386][  0]LogInit: CPU Page size=4096, Cores=2
[2020.12.15-16.58.20:386][  0]LogInit: High frequency timer resolution =10.000000 MHz
[2020.12.15-16.58.20:387][  0]LogMemory: Memory total: Physical=15.9GB (16GB approx)
[2020.12.15-16.58.20:387][  0]LogMemory: Platform Memory Stats for Windows
[2020.12.15-16.58.20:387][  0]LogMemory: Process Physical Memory: 113.95 MB used, 113.96 MB peak
[2020.12.15-16.58.20:387][  0]LogMemory: Process Virtual Memory: 97.22 MB used, 97.22 MB peak
[2020.12.15-16.58.20:387][  0]LogMemory: Physical Memory: 9870.27 MB used,  6392.28 MB free, 16262.55 MB total
[2020.12.15-16.58.20:387][  0]LogMemory: Virtual Memory: 5124.82 MB used,  134212600.00 MB free, 134217728.00 MB total
[2020.12.15-16.58.20:402][  0]LogWindows: WindowsPlatformFeatures enabled
[2020.12.15-16.58.20:493][  0]LogInit: Physics initialised using underlying interface: PhysX
[2020.12.15-16.58.20:496][  0]LogInit: Using OS detected language (en-US).
[2020.12.15-16.58.20:496][  0]LogInit: Using OS detected locale (en-US).
[2020.12.15-16.58.20:520][  0]LogTextLocalizationManager: No specific localization for 'en-US' exists, so the 'en' localization will be used.
[2020.12.15-16.58.21:099][  0]LogInit: Setting process to per monitor DPI aware
[2020.12.15-16.58.21:189][  0]LogSlate: New Slate User Created.  User Index 0, Is Virtual User: 0
[2020.12.15-16.58.21:189][  0]LogSlate: Slate User Registered.  User Index 0, Is Virtual User: 0
[2020.12.15-16.58.21:778][  0]LogHMD: Failed to initialize OpenVR with code 110
[2020.12.15-16.58.21:779][  0]LogD3D11RHI: D3D11 min allowed feature level: 11_0
[2020.12.15-16.58.21:779][  0]LogD3D11RHI: D3D11 max allowed feature level: 11_0
[2020.12.15-16.58.21:779][  0]LogD3D11RHI: D3D11 adapters:
[2020.12.15-16.58.22:078][  0]LogD3D11RHI:    0. 'Intel(R) HD Graphics 620' (Feature Level 11_0)
[2020.12.15-16.58.22:078][  0]LogD3D11RHI:       128/0/8131 MB DedicatedVideo/DedicatedSystem/SharedSystem, Outputs:2, VendorId:0x8086
[2020.12.15-16.58.22:083][  0]LogD3D11RHI:    1. 'Microsoft Basic Render Driver' (Feature Level 11_0)
[2020.12.15-16.58.22:083][  0]LogD3D11RHI:       0/0/8131 MB DedicatedVideo/DedicatedSystem/SharedSystem, Outputs:0, VendorId:0x1414
[2020.12.15-16.58.22:088][  0]LogD3D11RHI:    2. 'Microsoft Basic Render Driver' (Feature Level 11_0)
[2020.12.15-16.58.22:088][  0]LogD3D11RHI:       0/0/8131 MB DedicatedVideo/DedicatedSystem/SharedSystem, Outputs:0, VendorId:0x1414
[2020.12.15-16.58.22:092][  0]LogD3D11RHI:    3. 'Microsoft Basic Render Driver' (Feature Level 11_0)
[2020.12.15-16.58.22:092][  0]LogD3D11RHI:       0/0/8131 MB DedicatedVideo/DedicatedSystem/SharedSystem, Outputs:0, VendorId:0x1414
[2020.12.15-16.58.22:097][  0]LogD3D11RHI:    4. 'Microsoft Basic Render Driver' (Feature Level 11_0)
[2020.12.15-16.58.22:097][  0]LogD3D11RHI:       0/0/8131 MB DedicatedVideo/DedicatedSystem/SharedSystem, Outputs:0, VendorId:0x1414
[2020.12.15-16.58.22:097][  0]LogD3D11RHI: Chosen D3D11 Adapter: 0
[2020.12.15-16.58.22:111][  0]LogD3D11RHI: Creating new Direct3DDevice
[2020.12.15-16.58.22:111][  0]LogD3D11RHI:     GPU DeviceId: 0x5916 (for the marketing name, search the web for "GPU Device Id")
[2020.12.15-16.58.22:111][  0]LogWindows: EnumDisplayDevices:
[2020.12.15-16.58.22:111][  0]LogWindows:    0. 'Intel(R) HD Graphics 620' (P:0 D:1)
[2020.12.15-16.58.22:112][  0]LogWindows:    1. 'Intel(R) HD Graphics 620' (P:0 D:0)
[2020.12.15-16.58.22:113][  0]LogWindows:    2. 'Intel(R) HD Graphics 620' (P:0 D:0)
[2020.12.15-16.58.22:113][  0]LogWindows:    3. 'MS Idd Device' (P:0 D:0)
[2020.12.15-16.58.22:114][  0]LogWindows:    4. 'MS Idd Device' (P:0 D:0)
[2020.12.15-16.58.22:114][  0]LogWindows:    5. 'MS Idd Device' (P:1 D:1)
[2020.12.15-16.58.22:115][  0]LogWindows: DebugString: GetVideoDriverDetailsInvalid PrimaryIsNotTheChoosenAdapter GetVideoDriverDetailsInvalid PrimaryIsNotTheChoosenAdapter GetVideoDriverDetailsInvalid PrimaryIsNotTheChoosenAdapter FoundDriverCount:3 
[2020.12.15-16.58.22:115][  0]LogD3D11RHI:     Adapter Name: Intel(R) HD Graphics 620
[2020.12.15-16.58.22:115][  0]LogD3D11RHI:   Driver Version: 24.20.100.6344 (internal:24.20.100.6344, unified:24.20.100.6344)
[2020.12.15-16.58.22:115][  0]LogD3D11RHI:      Driver Date: 11-10-2018
[2020.12.15-16.58.22:115][  0]LogRHI: Texture pool is 1523 MB (70% of 2176 MB)
[2020.12.15-16.58.22:207][  0]LogD3D11RHI: [IntelMetricsDiscovery] Failed to initialize context. Result=00000002
[2020.12.15-16.58.22:471][  0]LogD3D11RHI: RHI does not have support for 64 bit atomics
[2020.12.15-16.58.22:471][  0]LogD3D11RHI: Async texture creation enabled
[2020.12.15-16.58.22:471][  0]LogD3D11RHI: Array index from any shader is supported
[2020.12.15-16.58.22:487][  0]LogD3D11RHI: GPU Timing Frequency: 12.000048 (Debug: 2 0)
[2020.12.15-16.58.23:500][  0]LogTargetPlatformManager: Display: Loaded TargetPlatform 'AllDesktop'
[2020.12.15-16.58.23:563][  0]LogTargetPlatformManager: Display: Loaded TargetPlatform 'Android'
[2020.12.15-16.58.23:563][  0]LogTargetPlatformManager: Display: Loaded TargetPlatform 'Android_ASTC'
[2020.12.15-16.58.23:563][  0]LogTargetPlatformManager: Display: Loaded TargetPlatform 'Android_DXT'
[2020.12.15-16.58.23:563][  0]LogTargetPlatformManager: Display: Loaded TargetPlatform 'Android_ETC2'
[2020.12.15-16.58.23:563][  0]LogTargetPlatformManager: Display: Loaded TargetPlatform 'AndroidClient'
[2020.12.15-16.58.23:563][  0]LogTargetPlatformManager: Display: Loaded TargetPlatform 'Android_ASTCClient'
[2020.12.15-16.58.23:563][  0]LogTargetPlatformManager: Display: Loaded TargetPlatform 'Android_DXTClient'
[2020.12.15-16.58.23:563][  0]LogTargetPlatformManager: Display: Loaded TargetPlatform 'Android_ETC2Client'
[2020.12.15-16.58.23:563][  0]LogTargetPlatformManager: Display: Loaded TargetPlatform 'Android_Multi'
[2020.12.15-16.58.23:563][  0]LogTargetPlatformManager: Display: Loaded TargetPlatform 'Android_MultiClient'
[2020.12.15-16.58.23:631][  0]LogTargetPlatformManager: Display: Loaded TargetPlatform 'IOSClient'
[2020.12.15-16.58.23:632][  0]LogTargetPlatformManager: Display: Loaded TargetPlatform 'IOS'
[2020.12.15-16.58.23:662][  0]LogTargetPlatformManager: Display: Loaded TargetPlatform 'Linux'
[2020.12.15-16.58.23:688][  0]LogTargetPlatformManager: Display: Loaded TargetPlatform 'LinuxNoEditor'
[2020.12.15-16.58.23:716][  0]LogTargetPlatformManager: Display: Loaded TargetPlatform 'LinuxClient'
[2020.12.15-16.58.23:743][  0]LogTargetPlatformManager: Display: Loaded TargetPlatform 'LinuxServer'
[2020.12.15-16.58.23:771][  0]LogTargetPlatformManager: Display: Loaded TargetPlatform 'LinuxAArch64NoEditor'
[2020.12.15-16.58.23:799][  0]LogTargetPlatformManager: Display: Loaded TargetPlatform 'LinuxAArch64Client'
[2020.12.15-16.58.23:827][  0]LogTargetPlatformManager: Display: Loaded TargetPlatform 'LinuxAArch64Server'
[2020.12.15-16.58.23:905][  0]LogTargetPlatformManager: Display: Loaded TargetPlatform 'Lumin'
[2020.12.15-16.58.23:905][  0]LogTargetPlatformManager: Display: Loaded TargetPlatform 'LuminClient'
[2020.12.15-16.58.23:950][  0]LogTargetPlatformManager: Display: Loaded TargetPlatform 'TVOSClient'
[2020.12.15-16.58.23:950][  0]LogTargetPlatformManager: Display: Loaded TargetPlatform 'TVOS'
[2020.12.15-16.58.23:976][  0]LogTargetPlatformManager: Display: Loaded TargetPlatform 'WindowsNoEditor'
[2020.12.15-16.58.24:002][  0]LogTargetPlatformManager: Display: Loaded TargetPlatform 'Windows'
[2020.12.15-16.58.24:027][  0]LogTargetPlatformManager: Display: Loaded TargetPlatform 'WindowsClient'
[2020.12.15-16.58.24:053][  0]LogTargetPlatformManager: Display: Loaded TargetPlatform 'WindowsServer'
[2020.12.15-16.58.24:053][  0]LogTargetPlatformManager: Display: Building Assets For Windows
[2020.12.15-16.58.24:076][  0]LogAudioDebug: Display: Lib vorbis DLL was dynamically loaded.
[2020.12.15-16.58.24:254][  0]LogShaderCompilers: Guid format shader working directory is -31 characters bigger than the processId version (../../../../../../Users/Angelica .DESKTOP-RM5JOAJ/Documents/Learning Multiplayer/Puzzles/Puzzles/Intermediate/Shaders/WorkingDirectory/19888/).
[2020.12.15-16.58.24:255][  0]LogShaderCompilers: Cleaned the shader compiler working directory 'C:/Users/Angelica .DESKTOP-RM5JOAJ/AppData/Local/Temp/UnrealShaderWorkingDir/32E7347B4E4DF81A63B22E97820AEA07/'.
[2020.12.15-16.58.24:257][  0]LogXGEController: Cannot use XGE Controller as Incredibuild is not installed on this machine.
[2020.12.15-16.58.24:257][  0]LogShaderCompilers: Cannot use XGE Shader Compiler as Incredibuild is not installed on this machine.
[2020.12.15-16.58.24:257][  0]LogShaderCompilers: Display: Using Local Shader Compiler.
[2020.12.15-16.58.26:568][  0]LogDerivedDataCache: Display: Max Cache Size: 512 MB
[2020.12.15-16.58.26:722][  0]LogDerivedDataCache: Loaded boot cache 0.15s 79MB C:/Users/Angelica .DESKTOP-RM5JOAJ/AppData/Local/UnrealEngine/4.25/DerivedDataCache/Boot.ddc.
[2020.12.15-16.58.26:722][  0]LogDerivedDataCache: Display: Loaded Boot cache: C:/Users/Angelica .DESKTOP-RM5JOAJ/AppData/Local/UnrealEngine/4.25/DerivedDataCache/Boot.ddc
[2020.12.15-16.58.26:722][  0]LogDerivedDataCache: FDerivedDataBackendGraph:  Pak pak cache file ../../../../../../Users/Angelica .DESKTOP-RM5JOAJ/Documents/Learning Multiplayer/Puzzles/Puzzles/DerivedDataCache/DDC.ddp not found, will not use a pak cache.
[2020.12.15-16.58.26:722][  0]LogDerivedDataCache: Unable to find inner node Pak for hierarchical cache Hierarchy.
[2020.12.15-16.58.26:722][  0]LogDerivedDataCache: FDerivedDataBackendGraph:  CompressedPak pak cache file ../../../../../../Users/Angelica .DESKTOP-RM5JOAJ/Documents/Learning Multiplayer/Puzzles/Puzzles/DerivedDataCache/Compressed.ddp not found, will not use a pak cache.
[2020.12.15-16.58.26:722][  0]LogDerivedDataCache: Unable to find inner node CompressedPak for hierarchical cache Hierarchy.
[2020.12.15-16.58.26:745][  0]LogDerivedDataCache: Display: Pak cache opened for reading ../../../Engine/DerivedDataCache/Compressed.ddp.
[2020.12.15-16.58.26:745][  0]LogDerivedDataCache: FDerivedDataBackendGraph:  EnterprisePak pak cache file ../../../Enterprise/DerivedDataCache/Compressed.ddp not found, will not use a pak cache.
[2020.12.15-16.58.26:745][  0]LogDerivedDataCache: Unable to find inner node EnterprisePak for hierarchical cache Hierarchy.
[2020.12.15-16.58.26:747][  0]LogDerivedDataCache: Using Local data cache path C:/Users/Angelica .DESKTOP-RM5JOAJ/AppData/Local/UnrealEngine/Common/DerivedDataCache: Writable
[2020.12.15-16.58.26:748][  0]LogDerivedDataCache: Shared data cache path not found in *engine.ini, will not use an Shared cache.
[2020.12.15-16.58.26:748][  0]LogDerivedDataCache: Unable to find inner node Shared for hierarchical cache Hierarchy.
[2020.12.15-16.58.26:908][  0]LogSlate: Using FreeType 2.10.0
[2020.12.15-16.58.26:910][  0]LogSlate: SlateFontServices - WITH_FREETYPE: 1, WITH_HARFBUZZ: 1
[2020.12.15-16.58.27:001][  0]LogAssetRegistry: FAssetRegistry took 0.0066 seconds to start up
[2020.12.15-16.58.27:688][  0]LogInit: Selected Device Profile: [Windows]
[2020.12.15-16.58.28:008][  0]LogMeshReduction: Using QuadricMeshReduction for automatic static mesh reduction
[2020.12.15-16.58.28:008][  0]LogMeshReduction: Using SimplygonMeshReduction for automatic skeletal mesh reduction
[2020.12.15-16.58.28:008][  0]LogMeshReduction: Using ProxyLODMeshReduction for automatic mesh merging
[2020.12.15-16.58.28:008][  0]LogMeshReduction: No distributed automatic mesh merging module available
[2020.12.15-16.58.28:008][  0]LogMeshMerging: No distributed automatic mesh merging module available
[2020.12.15-16.58.28:045][  0]LogNetVersion: Puzzles 1.0.0, NetCL: 13144385, EngineNetVer: 14, GameNetVer: 0 (Checksum: 1097821826)
[2020.12.15-16.58.29:515][  0]LogAISub: UAISubsystem::UAISubsystem AISubsystem (00000197AF41A980), frame # 0
[2020.12.15-16.58.29:515][  0]LogAISub: UAISubsystem::UAISubsystem AIPerceptionSystem (00000197AF2C6AC0), frame # 0
[2020.12.15-16.58.29:518][  0]LogAISub: UAISubsystem::UAISubsystem EnvQueryManager (00000197AF406A00), frame # 0
[2020.12.15-16.58.29:679][  0]LogPackageLocalizationCache: Processed 19 localized package path(s) for 1 prioritized culture(s) in 0.144838 seconds
[2020.12.15-16.58.29:691][  0]LogUObjectArray: 15917 objects as part of root set at end of initial load.
[2020.12.15-16.58.29:691][  0]LogUObjectAllocator: 3965568 out of 0 bytes used by permanent object pool.
[2020.12.15-16.58.29:691][  0]LogUObjectArray: CloseDisregardForGC: 0/0 objects in disregard for GC pool
[2020.12.15-16.58.30:644][  0]LogTcpMessaging: Initializing TcpMessaging bridge
[2020.12.15-16.58.30:655][  0]LogUdpMessaging: Initializing bridge on interface 0.0.0.0:0 to multicast group 230.0.0.1:6666.
[2020.12.15-16.58.30:899][  0]SourceControl: Source control is disabled
[2020.12.15-16.58.30:899][  0]SourceControl: Source control is disabled
[2020.12.15-16.58.30:909][  0]SourceControl: Source control is disabled
[2020.12.15-16.58.30:917][  0]SourceControl: Source control is disabled
[2020.12.15-16.58.30:939][  0]SourceControl: Source control is disabled
[2020.12.15-16.58.31:620][  0]LogAndroidPermission: UAndroidPermissionCallbackProxy::GetInstance
[2020.12.15-16.58.31:674][  0]LogAudioCaptureCore: Display: No Audio Capture implementations found. Audio input will be silent.
[2020.12.15-16.58.31:674][  0]LogAudioCaptureCore: Display: No Audio Capture implementations found. Audio input will be silent.
[2020.12.15-16.58.31:812][  0]LogOcInput: OculusInput pre-init called
[2020.12.15-16.58.31:846][  0]LogWindows: Failed to load 'OVRPlugin.dll' (GetLastError=126)
[2020.12.15-16.58.31:846][  0]LogWindows: File 'OVRPlugin.dll' does not exist
[2020.12.15-16.58.32:003][  0]LogEngine: Initializing Engine...
[2020.12.15-16.58.32:006][  0]LogHMD: Failed to initialize OpenVR with code 110
[2020.12.15-16.58.32:006][  0]LogMagicLeap: Warning: VR disabled because ZI is not enabled.  To enable, in the editor, Edit -> Project Settings -> Plugins -> Magic Leap Plugin -> Enable Zero Iteration
[2020.12.15-16.58.32:008][  0]LogStats: UGameplayTagsManager::InitializeManager -  0.000 s
[2020.12.15-16.58.32:310][  0]LogInit: Initializing FReadOnlyCVARCache
[2020.12.15-16.58.32:330][  0]LogAIModule: Creating AISystem for world Untitled
[2020.12.15-16.58.32:330][  0]LogAISub: UAISubsystem::UAISubsystem EnvQueryManager (00000197B3021C00), frame # 0
[2020.12.15-16.58.32:330][  0]LogAISub: UAISubsystem::UAISubsystem AIPerceptionSystem (00000197B3061080), frame # 0
[2020.12.15-16.58.32:342][  0]LogAudioMixer: Display: Audio Mixer Platform Settings:
[2020.12.15-16.58.32:342][  0]LogAudioMixer: Display: 	Sample Rate:						  48000
[2020.12.15-16.58.32:342][  0]LogAudioMixer: Display: 	Callback Buffer Frame Size Requested: 1024
[2020.12.15-16.58.32:342][  0]LogAudioMixer: Display: 	Callback Buffer Frame Size To Use:	  1024
[2020.12.15-16.58.32:342][  0]LogAudioMixer: Display: 	Number of buffers to queue:			  2
[2020.12.15-16.58.32:342][  0]LogAudioMixer: Display: 	Max Channels (voices):				  32
[2020.12.15-16.58.32:342][  0]LogAudioMixer: Display: 	Number of Async Source Workers:		  0
[2020.12.15-16.58.32:342][  0]LogAudio: Display: AudioDevice MaxSources: 32
[2020.12.15-16.58.32:343][  0]LogAudio: Display: Using built-in audio occlusion.
[2020.12.15-16.58.32:343][  0]LogAudioMixer: Display: Initializing audio mixer.
[2020.12.15-16.58.32:416][  0]LogAudioMixer: Display: 0: FrontLeft
[2020.12.15-16.58.32:416][  0]LogAudioMixer: Display: 1: FrontRight
[2020.12.15-16.58.32:609][  0]LogAudioMixer: Display: Using Audio Device Speakers (USB2.0 Speaker)
[2020.12.15-16.58.32:609][  0]LogAudioMixer: Display: Initializing Sound Submixes...
[2020.12.15-16.58.32:616][  0]LogAudioMixer: Display: Creating Master Submix 'MasterSubmixDefault'
[2020.12.15-16.58.32:616][  0]LogAudioMixer: Display: Creating Master Submix 'MasterReverbSubmixDefault'
[2020.12.15-16.58.32:617][  0]LogAudioMixer: Display: Creating Master Submix 'MasterEQSubmixDefault'
[2020.12.15-16.58.32:619][  0]LogInit: FAudioDevice initialized.
[2020.12.15-16.58.32:619][  0]LogNetVersion: Set ProjectVersion to 1.0.0.0. Version Checksum will be recalculated on next use.
[2020.12.15-16.58.32:698][  0]LogDerivedDataCache: Saved boot cache 0.08s 79MB C:/Users/Angelica .DESKTOP-RM5JOAJ/AppData/Local/UnrealEngine/4.25/DerivedDataCache/Boot.ddc.
[2020.12.15-16.58.32:708][  0]LogInit: Texture streaming: Enabled
[2020.12.15-16.58.32:755][  0]LogEngineSessionManager: EngineSessionManager initialized
[2020.12.15-16.58.32:755][  0]LogEditorSessionSummary: Verbose: Initializing EditorSessionSummaryWriter for editor session tracking
[2020.12.15-16.58.32:776][  0]LogEditorSessionSummary: EditorSessionSummaryWriter initialized
[2020.12.15-16.58.32:954][  0]LogInit: Transaction tracking system initialized
[2020.12.15-16.58.33:018][  0]BlueprintLog: New page: Editor Load
[2020.12.15-16.58.33:199][  0]LocalizationService: Localization service is disabled
[2020.12.15-16.58.33:606][  0]LogCook: Display: Max memory allowance for cook 16384mb min free memory 0mb
[2020.12.15-16.58.33:606][  0]LogCook: Display: Mobile HDR setting 1
[2020.12.15-16.58.33:960][  0]LogFileCache: Scanning file cache for directory 'C:/Users/Angelica .DESKTOP-RM5JOAJ/Documents/Learning Multiplayer/Puzzles/Puzzles/Content/' took 0.02s
[2020.12.15-16.58.34:729][  0]SourceControl: Source control is disabled
[2020.12.15-16.58.34:729][  0]LogUnrealEdMisc: Loading editor; pre map load, took 19.623
[2020.12.15-16.58.34:729][  0]Cmd: MAP LOAD FILE="../../../../../../Users/Angelica .DESKTOP-RM5JOAJ/Documents/Learning Multiplayer/Puzzles/Puzzles/Content/Main.umap" TEMPLATE=0 SHOWPROGRESS=1 FEATURELEVEL=3
[2020.12.15-16.58.34:730][  0]LightingResults: New page: Lighting Build
[2020.12.15-16.58.34:732][  0]LogWorld: UWorld::CleanupWorld for Untitled, bSessionEnded=true, bCleanupResources=true
[2020.12.15-16.58.34:732][  0]LogSlate: InvalidateAllWidgets triggered.  All widgets were invalidated
[2020.12.15-16.58.34:732][  0]MapCheck: New page: Map Check
[2020.12.15-16.58.34:732][  0]LightingResults: New page: Lighting Build
[2020.12.15-16.58.34:752][  0]LogAISub: UAISubsystem::~UAISubsystem EnvQueryManager (00000197B3021C00), frame # 0
[2020.12.15-16.58.34:752][  0]LogAISub: UAISubsystem::~UAISubsystem AIPerceptionSystem (00000197B3061080), frame # 0
[2020.12.15-16.58.34:754][  0]LogUObjectHash: Compacting FUObjectHashTables data took   1.58ms
[2020.12.15-16.58.35:051][  0]LogAIModule: Creating AISystem for world Main
[2020.12.15-16.58.35:051][  0]LogAISub: UAISubsystem::UAISubsystem EnvQueryManager (00000197A48F3E00), frame # 0
[2020.12.15-16.58.35:052][  0]LogAISub: UAISubsystem::UAISubsystem AIPerceptionSystem (00000197A4936D40), frame # 0
[2020.12.15-16.58.35:206][  0]LogEditorServer: Finished looking for orphan Actors (0.000 secs)
[2020.12.15-16.58.35:249][  0]LogUObjectHash: Compacting FUObjectHashTables data took   1.66ms
[2020.12.15-16.58.35:250][  0]Cmd: MAP CHECKDEP NOCLEARLOG
[2020.12.15-16.58.35:251][  0]MapCheck: Map check complete: 0 Error(s), 0 Warning(s), took 0.655ms to complete.
[2020.12.15-16.58.35:251][  0]LogFileHelpers: Loading map 'Main' took 0.522
[2020.12.15-16.58.35:257][  0]LogUnrealEdMisc: Total Editor Startup Time, took 20.152
[2020.12.15-16.58.36:351][  0]LogSlate: Took 0.000891 seconds to synchronously load lazily loaded font '../../../Engine/Content/Slate/Fonts/Roboto-Regular.ttf' (155K)
[2020.12.15-16.58.37:422][  0]LogCollectionManager: Loaded 0 collections in 0.003863 seconds
[2020.12.15-16.58.37:460][  0]LogFileCache: Scanning file cache for directory 'C:/Users/Angelica .DESKTOP-RM5JOAJ/Documents/Learning Multiplayer/Puzzles/Puzzles/Saved/Collections/' took 0.00s
[2020.12.15-16.58.37:460][  0]LogFileCache: Scanning file cache for directory 'C:/Users/Angelica .DESKTOP-RM5JOAJ/Documents/Learning Multiplayer/Puzzles/Puzzles/Content/Developers/Angelica/Collections/' took 0.00s
[2020.12.15-16.58.37:460][  0]LogFileCache: Scanning file cache for directory 'C:/Users/Angelica .DESKTOP-RM5JOAJ/Documents/Learning Multiplayer/Puzzles/Puzzles/Content/Collections/' took 0.00s
[2020.12.15-16.58.37:461][  0]LogContentBrowser: Native class hierarchy populated in 0.0252 seconds. Added 3429 classes and 823 folders.
[2020.12.15-16.58.37:469][  0]LogContentBrowser: Native class hierarchy updated for 'WidgetCarousel' in 0.0008 seconds. Added 0 classes and 0 folders.
[2020.12.15-16.58.37:680][  0]LogContentBrowser: Native class hierarchy updated for 'AddContentDialog' in 0.0008 seconds. Added 0 classes and 0 folders.
[2020.12.15-16.58.37:684][  0]LogContentBrowser: Native class hierarchy updated for 'SceneOutliner' in 0.0008 seconds. Added 2 classes and 0 folders.
[2020.12.15-16.58.37:759][  0]LogSlate: Updating window title bar state: overlay mode, drag disabled, window buttons hidden, title bar hidden
[2020.12.15-16.58.37:776][  0]LogSlate: Updating window title bar state: overlay mode, drag disabled, window buttons hidden, title bar hidden
[2020.12.15-16.58.37:796][  0]LogSlate: Updating window title bar state: overlay mode, drag disabled, window buttons hidden, title bar hidden
[2020.12.15-16.58.37:815][  0]LogSlate: Updating window title bar state: overlay mode, drag disabled, window buttons hidden, title bar hidden
[2020.12.15-16.58.37:875][  0]LogSlate: Took 0.000840 seconds to synchronously load lazily loaded font '../../../Engine/Content/Editor/Slate/Fonts/FontAwesome.ttf' (139K)
[2020.12.15-16.58.37:876][  0]LogSlate: Took 0.000976 seconds to synchronously load lazily loaded font '../../../Engine/Content/Slate/Fonts/Roboto-Bold.ttf' (160K)
[2020.12.15-16.58.37:898][  0]LogSlate: Took 0.001848 seconds to synchronously load lazily loaded font '../../../Engine/Content/Slate/Fonts/DroidSansMono.ttf' (77K)
[2020.12.15-16.58.38:051][  0]LogSlate: Took 0.000343 seconds to synchronously load lazily loaded font '../../../Engine/Content/Slate/Fonts/Roboto-Light.ttf' (167K)
[2020.12.15-16.58.38:550][  0]LogRenderer: Reallocating scene render targets to support 1188x540 Format 9 NumSamples 1 (Frame:1).
[2020.12.15-16.58.38:787][  0]LogContentBrowser: Native class hierarchy updated for 'HierarchicalLODOutliner' in 0.0011 seconds. Added 0 classes and 0 folders.
[2020.12.15-16.58.38:788][  0]LogLoad: (Engine Initialization) Total time: 23.68 seconds
[2020.12.15-16.58.38:788][  0]LogLoad: (Engine Initialization) Total Blueprint compile time: 0.00 seconds
[2020.12.15-16.58.40:642][  0]LogContentStreaming: Texture pool size now 800 MB
[2020.12.15-16.58.40:849][  2]LogAssetRegistry: Asset discovery search completed in 13.8490 seconds
[2020.12.15-16.58.40:872][  2]LogCollectionManager: Fixed up redirectors for 0 collections in 0.000006 seconds (updated 0 objects)
[2020.12.15-16.58.55:521][129]LogEditorViewport: Clicking on Actor (LMB): MovingPlatforms (MovingPlatforms4)
[2020.12.15-16.59.04:418][213]LogSlate: Took 0.001140 seconds to synchronously load lazily loaded font '../../../Engine/Content/Slate/Fonts/Roboto-Light.ttf' (167K)
[2020.12.15-16.59.45:036][610]LogUObjectHash: Compacting FUObjectHashTables data took   3.00ms
[2020.12.15-16.59.46:113][610]LogSavePackage: Moving '../../../../../../Users/Angelica .DESKTOP-RM5JOAJ/Documents/Learning Multiplayer/Puzzles/Puzzles/Saved/Main1A0F97E845ACF666AF5B7181994E1FBF.tmp' to '../../../../../../Users/Angelica .DESKTOP-RM5JOAJ/Documents/Learning Multiplayer/Puzzles/Puzzles/Content/Main.umap'
[2020.12.15-16.59.46:225][610]Cmd: OBJ SAVEPACKAGE PACKAGE="/Game/Main_BuiltData" FILE="../../../../../../Users/Angelica .DESKTOP-RM5JOAJ/Documents/Learning Multiplayer/Puzzles/Puzzles/Content/Main_BuiltData.uasset" SILENT=true
[2020.12.15-16.59.46:288][610]LogSavePackage: Moving '../../../../../../Users/Angelica .DESKTOP-RM5JOAJ/Documents/Learning Multiplayer/Puzzles/Puzzles/Saved/Main_BuiltData4992F10942B2F15D68CF5DB2A9F2FDCC.tmp' to '../../../../../../Users/Angelica .DESKTOP-RM5JOAJ/Documents/Learning Multiplayer/Puzzles/Puzzles/Content/Main_BuiltData.uasset'
[2020.12.15-16.59.46:343][610]AssetCheck: New page: Asset Save: multiple assets
[2020.12.15-16.59.46:344][610]LogContentValidation: Display: Validating World /Game/Main.Main
[2020.12.15-16.59.46:344][610]LogContentValidation: Display: Validating MapBuildDataRegistry /Game/Main_BuiltData.Main_BuiltData
[2020.12.15-16.59.51:025][646]LogTemp: Repeating last play command: Selected Viewport
[2020.12.15-16.59.51:143][646]LogPlayLevel: PlayLevel: No blueprints needed recompiling
[2020.12.15-16.59.51:146][646]PIE: New page: PIE session: Main (Dec 15, 2020, 6:59:51 AM)
[2020.12.15-16.59.51:151][646]LogOnline: OSS: Creating online subsystem instance for: NULL
[2020.12.15-16.59.51:161][646]LogOnline: OSS: TryLoadSubsystemAndSetDefault: Loaded subsystem for module [NULL]
[2020.12.15-16.59.51:163][646]LogPlayLevel: Creating play world package: /Game/UEDPIE_0_Main
[2020.12.15-16.59.51:412][646]LogPlayLevel: PIE: StaticDuplicateObject took: (0.248139s)
[2020.12.15-16.59.51:415][646]LogAIModule: Creating AISystem for world Main
[2020.12.15-16.59.51:416][646]LogAISub: UAISubsystem::UAISubsystem EnvQueryManager (00000197C77C9600), frame # 646
[2020.12.15-16.59.51:416][646]LogAISub: UAISubsystem::UAISubsystem AIPerceptionSystem (000001981340B380), frame # 646
[2020.12.15-16.59.51:417][646]LogPlayLevel: PIE: World Init took: (0.005314s)
[2020.12.15-16.59.51:418][646]LogPlayLevel: PIE: Created PIE world by copying editor world from /Game/Main.Main to /Game/UEDPIE_0_Main.Main (0.255091s)
[2020.12.15-16.59.51:458][646]LogUObjectHash: Compacting FUObjectHashTables data took   2.18ms
[2020.12.15-16.59.51:460][646]LogAudioMixer: Display: Audio Mixer Platform Settings:
[2020.12.15-16.59.51:460][646]LogAudioMixer: Display: 	Sample Rate:						  48000
[2020.12.15-16.59.51:461][646]LogAudioMixer: Display: 	Callback Buffer Frame Size Requested: 1024
[2020.12.15-16.59.51:461][646]LogAudioMixer: Display: 	Callback Buffer Frame Size To Use:	  1024
[2020.12.15-16.59.51:461][646]LogAudioMixer: Display: 	Number of buffers to queue:			  2
[2020.12.15-16.59.51:461][646]LogAudioMixer: Display: 	Max Channels (voices):				  32
[2020.12.15-16.59.51:461][646]LogAudioMixer: Display: 	Number of Async Source Workers:		  0
[2020.12.15-16.59.51:461][646]LogAudio: Display: AudioDevice MaxSources: 32
[2020.12.15-16.59.51:462][646]LogAudio: Display: Using built-in audio occlusion.
[2020.12.15-16.59.51:462][646]LogAudioMixer: Display: Initializing audio mixer.
[2020.12.15-16.59.51:487][646]LogAudioMixer: Display: 0: FrontLeft
[2020.12.15-16.59.51:487][646]LogAudioMixer: Display: 1: FrontRight
[2020.12.15-16.59.51:604][646]LogAudioMixer: Display: Using Audio Device Speakers (USB2.0 Speaker)
[2020.12.15-16.59.51:605][646]LogAudioMixer: Display: Initializing Sound Submixes...
[2020.12.15-16.59.51:605][646]LogAudioMixer: Display: Creating Master Submix 'MasterSubmixDefault'
[2020.12.15-16.59.51:605][646]LogAudioMixer: Display: Creating Master Submix 'MasterReverbSubmixDefault'
[2020.12.15-16.59.51:606][646]LogAudioMixer: Display: Creating Master Submix 'MasterEQSubmixDefault'
[2020.12.15-16.59.51:608][646]LogInit: FAudioDevice initialized.
[2020.12.15-16.59.51:627][646]LogLoad: Game class is 'GameModeBase'
[2020.12.15-16.59.51:744][646]LogWorld: Bringing World /Game/UEDPIE_0_Main.Main up for play (max tick rate 0) at 2020.12.15-11.59.51
[2020.12.15-16.59.51:746][646]LogWorld: Bringing up level for play took: 0.109942
[2020.12.15-16.59.51:747][646]LogOnline: OSS: Creating online subsystem instance for: :Context_3
[2020.12.15-16.59.51:766][646]LogContentBrowser: Native class hierarchy updated for 'MovieSceneCapture' in 0.0013 seconds. Added 20 classes and 0 folders.
[2020.12.15-16.59.51:773][646]PIE: Server logged in
[2020.12.15-16.59.51:778][646]PIE: Play in editor total start time 0.659 seconds.
[2020.12.15-17.00.11:266][843]LogSlate: Updating window title bar state: overlay mode, drag disabled, window buttons hidden, title bar hidden
[2020.12.15-17.00.11:266][843]LogWorld: BeginTearingDown for /Game/UEDPIE_0_Main
[2020.12.15-17.00.11:268][843]LogWorld: UWorld::CleanupWorld for Main, bSessionEnded=true, bCleanupResources=true
[2020.12.15-17.00.11:290][843]LogSlate: InvalidateAllWidgets triggered.  All widgets were invalidated
[2020.12.15-17.00.11:452][843]LogPlayLevel: Display: Shutting down PIE online subsystems
[2020.12.15-17.00.11:463][843]LogSlate: InvalidateAllWidgets triggered.  All widgets were invalidated
[2020.12.15-17.00.11:617][843]LogSlate: Updating window title bar state: overlay mode, drag disabled, window buttons hidden, title bar hidden
[2020.12.15-17.00.11:660][843]LogAISub: UAISubsystem::~UAISubsystem EnvQueryManager (00000197C77C9600), frame # 843
[2020.12.15-17.00.11:661][843]LogAISub: UAISubsystem::~UAISubsystem AIPerceptionSystem (000001981340B380), frame # 843
[2020.12.15-17.00.11:665][843]LogUObjectHash: Compacting FUObjectHashTables data took   3.60ms
[2020.12.15-17.00.11:914][844]LogPlayLevel: Display: Destroying online subsystem :Context_3
[2020.12.15-17.00.17:142][896]LogEditorViewport: Clicking on Actor (LMB): MovingPlatforms (MovingPlatforms5)
[2020.12.15-17.00.29:513][ 31]LogEditorViewport: Clicking on Actor (LMB): StaticMeshActor (SM_Bld_Floor_1x1_01P16)
[2020.12.15-17.00.34:177][ 66]Cmd: DELETE
[2020.12.15-17.00.34:177][ 66]Cmd: ACTOR DELETE
[2020.12.15-17.00.34:368][ 66]LogEditorActor: Deleted Actor: StaticMeshActor
[2020.12.15-17.00.34:423][ 66]LogUObjectHash: Compacting FUObjectHashTables data took   3.93ms
[2020.12.15-17.00.34:426][ 66]LogEditorActor: Deleted 1 Actors (0.248 secs)
[2020.12.15-17.00.36:294][ 89]LogEditorViewport: Clicking on Actor (LMB): MovingPlatforms (MovingPlatforms6)
[2020.12.15-17.00.44:275][170]LogUObjectHash: Compacting FUObjectHashTables data took   0.97ms
[2020.12.15-17.00.45:397][170]LogSavePackage: Moving '../../../../../../Users/Angelica .DESKTOP-RM5JOAJ/Documents/Learning Multiplayer/Puzzles/Puzzles/Saved/MainE774A195487AD4EEDF6EEBBE4CF44F17.tmp' to '../../../../../../Users/Angelica .DESKTOP-RM5JOAJ/Documents/Learning Multiplayer/Puzzles/Puzzles/Content/Main.umap'
[2020.12.15-17.00.45:529][170]Cmd: OBJ SAVEPACKAGE PACKAGE="/Game/Main_BuiltData" FILE="../../../../../../Users/Angelica .DESKTOP-RM5JOAJ/Documents/Learning Multiplayer/Puzzles/Puzzles/Content/Main_BuiltData.uasset" SILENT=true
[2020.12.15-17.00.45:588][170]LogSavePackage: Moving '../../../../../../Users/Angelica .DESKTOP-RM5JOAJ/Documents/Learning Multiplayer/Puzzles/Puzzles/Saved/Main_BuiltDataCD1E3BC740F13584607DA9A6D44FCDEF.tmp' to '../../../../../../Users/Angelica .DESKTOP-RM5JOAJ/Documents/Learning Multiplayer/Puzzles/Puzzles/Content/Main_BuiltData.uasset'
[2020.12.15-17.00.45:657][170]AssetCheck: New page: Asset Save: multiple assets
[2020.12.15-17.00.45:657][170]LogContentValidation: Display: Validating World /Game/Main.Main
[2020.12.15-17.00.45:657][170]LogContentValidation: Display: Validating MapBuildDataRegistry /Game/Main_BuiltData.Main_BuiltData
[2020.12.15-17.01.23:596][513]LogStaticMesh: Building static mesh SM_Bld_Ramp_30_1x1_01P...
[2020.12.15-17.01.23:851][513]LogStaticMesh: Built static mesh [0.26s] /Game/PolygonPrototype/Meshes/Buildings/Polygon/SM_Bld_Ramp_30_1x1_01P.SM_Bld_Ramp_30_1x1_01P
[2020.12.15-17.01.24:021][513]LogActorFactory: Actor Factory created SM_Bld_Ramp_30_1x1_01P
[2020.12.15-17.01.27:050][540]LogActorFactory: Actor Factory created SM_Bld_Ramp_30_1x1_01P
[2020.12.15-17.02.24:189][107]LogActorFactory: Actor Factory created SM_Bld_Block_1x1_01P
[2020.12.15-17.02.29:980][176]LogActorFactory: Actor Factory created SM_Bld_Block_1x1_01P
[2020.12.15-17.03.43:380][901]LogEditorViewport: Clicking Background
[2020.12.15-17.03.49:859][950]LogActorFactory: Actor Factory created SM_Bld_FloorHole_1x1_01P
[2020.12.15-17.03.52:616][974]LogActorFactory: Actor Factory created SM_Bld_FloorHole_1x1_01P
[2020.12.15-17.05.51:502][929]LogUObjectHash: Compacting FUObjectHashTables data took  13.34ms
[2020.12.15-17.05.52:641][929]LogSavePackage: Moving '../../../../../../Users/Angelica .DESKTOP-RM5JOAJ/Documents/Learning Multiplayer/Puzzles/Puzzles/Saved/MainC5F3981D447F01C7EE495786746B0500.tmp' to '../../../../../../Users/Angelica .DESKTOP-RM5JOAJ/Documents/Learning Multiplayer/Puzzles/Puzzles/Content/Main.umap'
[2020.12.15-17.05.52:753][929]Cmd: OBJ SAVEPACKAGE PACKAGE="/Game/Main_BuiltData" FILE="../../../../../../Users/Angelica .DESKTOP-RM5JOAJ/Documents/Learning Multiplayer/Puzzles/Puzzles/Content/Main_BuiltData.uasset" SILENT=true
[2020.12.15-17.05.52:828][929]LogSavePackage: Moving '../../../../../../Users/Angelica .DESKTOP-RM5JOAJ/Documents/Learning Multiplayer/Puzzles/Puzzles/Saved/Main_BuiltData0F1B200140352AC15D937489E2C61129.tmp' to '../../../../../../Users/Angelica .DESKTOP-RM5JOAJ/Documents/Learning Multiplayer/Puzzles/Puzzles/Content/Main_BuiltData.uasset'
[2020.12.15-17.05.52:878][929]AssetCheck: New page: Asset Save: multiple assets
[2020.12.15-17.05.52:878][929]LogContentValidation: Display: Validating World /Game/Main.Main
[2020.12.15-17.05.52:878][929]LogContentValidation: Display: Validating MapBuildDataRegistry /Game/Main_BuiltData.Main_BuiltData
[2020.12.15-17.06.04:048][ 26]LogEditorViewport: Clicking on Actor (LMB): PlayerStart (Player Start)
[2020.12.15-17.06.10:701][ 80]LogNavigationPoint: PostEditMove Clear paths rebuilt
[2020.12.15-17.06.18:620][143]LogNavigationPoint: PostEditMove Clear paths rebuilt
[2020.12.15-17.06.23:609][182]LogEditorViewport: Clicking on Actor (LMB): SkeletalMeshActor (SK_Character_Male_Face_01)
[2020.12.15-17.06.24:784][189]Cmd: DELETE
[2020.12.15-17.06.24:784][189]Cmd: ACTOR DELETE
[2020.12.15-17.06.24:940][189]LogEditorActor: Deleted Actor: SkeletalMeshActor
[2020.12.15-17.06.24:980][189]LogUObjectHash: Compacting FUObjectHashTables data took   1.03ms
[2020.12.15-17.06.24:985][189]LogEditorActor: Deleted 1 Actors (0.200 secs)
[2020.12.15-17.06.27:301][211]LogUObjectHash: Compacting FUObjectHashTables data took   1.20ms
[2020.12.15-17.06.27:648][211]LogUObjectHash: Compacting FUObjectHashTables data took   1.20ms
[2020.12.15-17.06.28:766][211]LogSavePackage: Moving '../../../../../../Users/Angelica .DESKTOP-RM5JOAJ/Documents/Learning Multiplayer/Puzzles/Puzzles/Saved/Main2BD9ED5B447D8554B222118B8023068F.tmp' to '../../../../../../Users/Angelica .DESKTOP-RM5JOAJ/Documents/Learning Multiplayer/Puzzles/Puzzles/Content/Main.umap'
[2020.12.15-17.06.28:877][211]LogFileHelpers: Saving map 'Main' took 1.346
[2020.12.15-17.06.28:877][211]Cmd: OBJ SAVEPACKAGE PACKAGE="/Game/Main_BuiltData" FILE="../../../../../../Users/Angelica .DESKTOP-RM5JOAJ/Documents/Learning Multiplayer/Puzzles/Puzzles/Content/Main_BuiltData.uasset" SILENT=true
[2020.12.15-17.06.28:944][211]LogSavePackage: Moving '../../../../../../Users/Angelica .DESKTOP-RM5JOAJ/Documents/Learning Multiplayer/Puzzles/Puzzles/Saved/Main_BuiltDataBA4B72A5464871021B94659764D7D115.tmp' to '../../../../../../Users/Angelica .DESKTOP-RM5JOAJ/Documents/Learning Multiplayer/Puzzles/Puzzles/Content/Main_BuiltData.uasset'
[2020.12.15-17.06.28:998][211]AssetCheck: New page: Asset Save: multiple assets
[2020.12.15-17.06.28:998][211]LogContentValidation: Display: Validating World /Game/Main.Main
[2020.12.15-17.06.28:998][211]LogContentValidation: Display: Validating MapBuildDataRegistry /Game/Main_BuiltData.Main_BuiltData
