Log file open, 12/31/20 00:34:18
LogInit: Display: Running engine for game: Puzzles
LogPlatformFile: Not using cached read wrapper
LogTaskGraph: Started task graph with 5 named threads and 11 total threads with 3 sets of task threads.
LogStats: Stats thread started at 5.202513
LogD3D11RHI: Loaded GFSDK_Aftermath_Lib.x64.dll
LogICUInternationalization: ICU TimeZone Detection - Raw Offset: -5:00, Platform Override: ''
LogPluginManager: Mounting plugin Paper2D
LogPluginManager: Mounting plugin AISupport
LogPluginManager: Mounting plugin LightPropagationVolume
LogPluginManager: Mounting plugin CameraShakePreviewer
LogPluginManager: Mounting plugin ActorLayerUtilities
LogPluginManager: Mounting plugin AnimationSharing
LogPluginManager: Mounting plugin CLionSourceCodeAccess
LogPluginManager: Mounting plugin CodeLiteSourceCodeAccess
LogPluginManager: Mounting plugin GitSourceControl
LogPluginManager: Mounting plugin KDevelopSourceCodeAccess
LogPluginManager: Mounting plugin NullSourceCodeAccess
LogPluginManager: Mounting plugin PerforceSourceControl
LogPluginManager: Mounting plugin PlasticSourceControl
LogPluginManager: Mounting plugin RiderSourceCodeAccess
LogPluginManager: Mounting plugin SubversionSourceControl
LogPluginManager: Mounting plugin UObjectPlugin
LogPluginManager: Mounting plugin VisualStudioCodeSourceCodeAccess
LogPluginManager: Mounting plugin VisualStudioSourceCodeAccess
LogPluginManager: Mounting plugin XCodeSourceCodeAccess
LogPluginManager: Mounting plugin AssetManagerEditor
LogPluginManager: Mounting plugin CryptoKeys
LogPluginManager: Mounting plugin CurveEditorTools
LogPluginManager: Mounting plugin DataValidation
LogPluginManager: Mounting plugin EditorScriptingUtilities
LogPluginManager: Mounting plugin FacialAnimation
LogPluginManager: Mounting plugin GameplayTagsEditor
LogPluginManager: Mounting plugin GeometryMode
LogPluginManager: Mounting plugin MacGraphicsSwitching
LogPluginManager: Mounting plugin MaterialAnalyzer
LogPluginManager: Mounting plugin MobileLauncherProfileWizard
LogPluginManager: Mounting plugin PluginBrowser
LogPluginManager: Mounting plugin SpeedTreeImporter
LogPluginManager: Mounting plugin DatasmithContent
LogPluginManager: Mounting plugin VariantManagerContent
LogPluginManager: Mounting plugin AlembicImporter
LogPluginManager: Mounting plugin AutomationUtils
LogPluginManager: Mounting plugin BackChannel
LogPluginManager: Mounting plugin ChaosCloth
LogPluginManager: Mounting plugin ChaosClothEditor
LogPluginManager: Mounting plugin ChaosEditor
LogPluginManager: Mounting plugin ChaosNiagara
LogPluginManager: Mounting plugin ChaosSolverPlugin
LogPluginManager: Mounting plugin CharacterAI
LogPluginManager: Mounting plugin GeometryCache
LogPluginManager: Mounting plugin GeometryCollectionPlugin
LogPluginManager: Mounting plugin GeometryProcessing
LogPluginManager: Mounting plugin PlanarCut
LogPluginManager: Mounting plugin PlatformCrypto
LogPluginManager: Mounting plugin ProxyLODPlugin
LogPluginManager: Mounting plugin SkeletalReduction
LogPluginManager: Mounting plugin Niagara
LogPluginManager: Mounting plugin MagicLeap
LogPluginManager: Mounting plugin MagicLeapLightEstimation
LogPluginManager: Mounting plugin MagicLeapMedia
LogPluginManager: Mounting plugin MagicLeapPassableWorld
LogPluginManager: Mounting plugin MLSDK
LogPluginManager: Mounting plugin AndroidMedia
LogPluginManager: Mounting plugin AvfMedia
LogPluginManager: Mounting plugin ImgMedia
LogPluginManager: Mounting plugin MediaCompositing
LogPluginManager: Mounting plugin MediaPlayerEditor
LogPluginManager: Mounting plugin WebMMedia
LogPluginManager: Mounting plugin WmfMedia
LogPluginManager: Mounting plugin MeshPainting
LogPluginManager: Mounting plugin TcpMessaging
LogPluginManager: Mounting plugin UdpMessaging
LogPluginManager: Mounting plugin ActorSequence
LogPluginManager: Mounting plugin LevelSequenceEditor
LogPluginManager: Mounting plugin MatineeToLevelSequence
LogPluginManager: Mounting plugin MovieRenderPipeline
LogPluginManager: Mounting plugin TemplateSequence
LogPluginManager: Mounting plugin NetcodeUnitTest
LogPluginManager: Mounting plugin NUTUnrealEngine4
LogPluginManager: Mounting plugin OnlineSubsystemGooglePlay
LogPluginManager: Mounting plugin OnlineSubsystemIOS
LogPluginManager: Mounting plugin OnlineSubsystem
LogPluginManager: Mounting plugin OnlineSubsystemNull
LogPluginManager: Mounting plugin OnlineSubsystemUtils
LogPluginManager: Mounting plugin LauncherChunkInstaller
LogPluginManager: Mounting plugin AndroidDeviceProfileSelector
LogPluginManager: Mounting plugin AndroidMoviePlayer
LogPluginManager: Mounting plugin AndroidPermission
LogPluginManager: Mounting plugin AppleImageUtils
LogPluginManager: Mounting plugin AppleMoviePlayer
LogPluginManager: Mounting plugin ArchVisCharacter
LogPluginManager: Mounting plugin AssetTags
LogPluginManager: Mounting plugin AudioCapture
LogPluginManager: Mounting plugin CableComponent
LogPluginManager: Mounting plugin CustomMeshComponent
LogPluginManager: Mounting plugin EditableMesh
LogPluginManager: Mounting plugin ExampleDeviceProfileSelector
LogPluginManager: Mounting plugin GoogleCloudMessaging
LogPluginManager: Mounting plugin GooglePAD
LogPluginManager: Mounting plugin IOSDeviceProfileSelector
LogPluginManager: Mounting plugin LinuxDeviceProfileSelector
LogPluginManager: Mounting plugin LocationServicesBPLibrary
LogPluginManager: Mounting plugin MobilePatchingUtils
LogPluginManager: Mounting plugin OculusVR
LogPluginManager: Mounting plugin PhysXVehicles
LogPluginManager: Mounting plugin PostSplashScreen
LogPluginManager: Mounting plugin ProceduralMeshComponent
LogPluginManager: Mounting plugin RuntimePhysXCooking
LogPluginManager: Mounting plugin SignificanceManager
LogPluginManager: Mounting plugin SoundFields
LogPluginManager: Mounting plugin SteamVR
LogPluginManager: Mounting plugin Synthesis
LogPluginManager: Mounting plugin WebMMoviePlayer
LogPluginManager: Mounting plugin WindowsMoviePlayer
LogPluginManager: Mounting plugin ScreenshotTools
LogInit: Using libcurl 7.55.1-DEV
LogInit:  - built for x86_64-pc-win32
LogInit:  - supports SSL with OpenSSL/1.1.1
LogInit:  - supports HTTP deflate (compression) using libz 1.2.8
LogInit:  - other features:
LogInit:      CURL_VERSION_SSL
LogInit:      CURL_VERSION_LIBZ
LogInit:      CURL_VERSION_IPV6
LogInit:      CURL_VERSION_ASYNCHDNS
LogInit:      CURL_VERSION_LARGEFILE
LogInit:      CURL_VERSION_IDN
LogInit:  CurlRequestOptions (configurable via config and command line):
LogInit:  - bVerifyPeer = true  - Libcurl will verify peer certificate
LogInit:  - bUseHttpProxy = false  - Libcurl will NOT use HTTP proxy
LogInit:  - bDontReuseConnections = false  - Libcurl will reuse connections
LogInit:  - MaxHostConnections = 16  - Libcurl will limit the number of connections to a host
LogInit:  - LocalHostAddr = Default
LogInit:  - BufferSize = 65536
LogOnline: OSS: Creating online subsystem instance for: NULL
LogInit: WinSock: version 1.1 (2.2), MaxSocks=32767, MaxUdp=65467
LogOnline: OSS: TryLoadSubsystemAndSetDefault: Loaded subsystem for module [NULL]
LogInit: Build: ++UE4+Release-4.25-CL-14469661
LogInit: Engine Version: 4.25.4-14469661+++UE4+Release-4.25
LogInit: Compatible Engine Version: 4.25.0-13144385+++UE4+Release-4.25
LogInit: Net CL: 13144385
LogInit: OS: Windows 10 (Release 1909) (), CPU: Intel(R) Core(TM) i7-7500U CPU @ 2.70GHz, GPU: Intel(R) HD Graphics 620
LogInit: Compiled (64-bit): Oct 11 2020 08:10:49
LogInit: Compiled with Visual C++: 19.24.28315.00
LogInit: Build Configuration: Development
LogInit: Branch Name: ++UE4+Release-4.25
LogInit: Command Line:  127.0.0.1:17777 -game -PIEVIACONSOLE -Multiprocess "GameUserSettingsINI=C:/Users/Angelica .DESKTOP-RM5JOAJ/Documents/Learning Multiplayer/Puzzles/Puzzles/Saved/Config/Windows/PIEGameUserSettings0.ini" -MultiprocessSaveConfig -MultiprocessOSS -messaging -SessionName="Play in Standalone Game" -windowed -ResX=1280 -ResY=720
LogInit: Base Directory: C:/Program Files/Epic Games/UE_4.25/Engine/Binaries/Win64/
LogInit: Allocator: TBB
LogInit: Installed Engine Build: 1
LogDevObjectVersion: Number of dev versions registered: 26
LogDevObjectVersion:   Dev-Blueprints (B0D832E4-1F89-4F0D-ACCF-7EB736FD4AA2): 10
LogDevObjectVersion:   Dev-Build (E1C64328-A22C-4D53-A36C-8E866417BD8C): 0
LogDevObjectVersion:   Dev-Core (375EC13C-06E4-48FB-B500-84F0262A717E): 4
LogDevObjectVersion:   Dev-Editor (E4B068ED-F494-42E9-A231-DA0B2E46BB41): 38
LogDevObjectVersion:   Dev-Framework (CFFC743F-43B0-4480-9391-14DF171D2073): 37
LogDevObjectVersion:   Dev-Mobile (B02B49B5-BB20-44E9-A304-32B752E40360): 2
LogDevObjectVersion:   Dev-Networking (A4E4105C-59A1-49B5-A7C5-40C4547EDFEE): 0
LogDevObjectVersion:   Dev-Online (39C831C9-5AE6-47DC-9A44-9C173E1C8E7C): 0
LogDevObjectVersion:   Dev-Physics (78F01B33-EBEA-4F98-B9B4-84EACCB95AA2): 4
LogDevObjectVersion:   Dev-Platform (6631380F-2D4D-43E0-8009-CF276956A95A): 0
LogDevObjectVersion:   Dev-Rendering (12F88B9F-8875-4AFC-A67C-D90C383ABD29): 43
LogDevObjectVersion:   Dev-Sequencer (7B5AE74C-D270-4C10-A958-57980B212A5A): 12
LogDevObjectVersion:   Dev-VR (D7296918-1DD6-4BDD-9DE2-64A83CC13884): 3
LogDevObjectVersion:   Dev-LoadTimes (C2A15278-BFE7-4AFE-6C17-90FF531DF755): 1
LogDevObjectVersion:   Private-Geometry (6EACA3D4-40EC-4CC1-B786-8BED09428FC5): 3
LogDevObjectVersion:   Dev-AnimPhys (29E575DD-E0A3-4627-9D10-D276232CDCEA): 17
LogDevObjectVersion:   Dev-Anim (AF43A65D-7FD3-4947-9873-3E8ED9C1BB05): 7
LogDevObjectVersion:   Dev-ReflectionCapture (6B266CEC-1EC7-4B8F-A30B-E4D90942FC07): 1
LogDevObjectVersion:   Dev-Automation (0DF73D61-A23F-47EA-B727-89E90C41499A): 1
LogDevObjectVersion:   FortniteMain (601D1886-AC64-4F84-AA16-D3DE0DEAC7D6): 31
LogDevObjectVersion:   Dev-Enterprise (9DFFBCD6-494F-0158-E221-12823C92A888): 10
LogDevObjectVersion:   Dev-Niagara (F2AED0AC-9AFE-416F-8664-AA7FFA26D6FC): 1
LogDevObjectVersion:   Dev-Destruction (174F1F0B-B4C6-45A5-B13F-2EE8D0FB917D): 10
LogDevObjectVersion:   Dev-Physics-Ext (35F94A83-E258-406C-A318-09F59610247C): 37
LogDevObjectVersion:   Dev-PhysicsMaterial-Chaos (B68FC16E-8B1B-42E2-B453-215C058844FE): 1
LogDevObjectVersion:   Dev-CineCamera (B2E18506-4273-CFC2-A54E-F4BB758BBA07): 1
LogInit: Presizing for max 25165824 objects, including 0 objects not considered by GC, pre-allocating 0 bytes for permanent pool.
LogConfig: Applying CVar settings from Section [/Script/Engine.StreamingSettings] File [C:/Users/Angelica .DESKTOP-RM5JOAJ/Documents/Learning Multiplayer/Puzzles/Puzzles/Saved/Config/Windows/Engine.ini]
LogConfig: Setting CVar [[s.MinBulkDataSizeForAsyncLoading:131072]]
LogConfig: Setting CVar [[s.AsyncLoadingThreadEnabled:0]]
LogConfig: Setting CVar [[s.EventDrivenLoaderEnabled:1]]
LogConfig: Setting CVar [[s.WarnIfTimeLimitExceeded:0]]
LogConfig: Setting CVar [[s.TimeLimitExceededMultiplier:1.5]]
LogConfig: Setting CVar [[s.TimeLimitExceededMinTime:0.005]]
LogConfig: Setting CVar [[s.UseBackgroundLevelStreaming:1]]
LogConfig: Setting CVar [[s.PriorityAsyncLoadingExtraTime:15.0]]
LogConfig: Setting CVar [[s.LevelStreamingActorsUpdateTimeLimit:5.0]]
LogConfig: Setting CVar [[s.PriorityLevelStreamingActorsUpdateExtraTime:5.0]]
LogConfig: Setting CVar [[s.LevelStreamingComponentsRegistrationGranularity:10]]
LogConfig: Setting CVar [[s.UnregisterComponentsTimeLimit:1.0]]
LogConfig: Setting CVar [[s.LevelStreamingComponentsUnregistrationGranularity:5]]
LogConfig: Setting CVar [[s.FlushStreamingOnExit:1]]
LogInit: Object subsystem initialized
LogConfig: Setting CVar [[con.DebugEarlyDefault:1]]
LogConfig: Setting CVar [[r.setres:1280x720]]
[2020.12.31-05.34.23:508][  0]LogConfig: Setting CVar [[con.DebugEarlyDefault:1]]
[2020.12.31-05.34.23:509][  0]LogConfig: Setting CVar [[r.setres:1280x720]]
[2020.12.31-05.34.23:509][  0]LogConfig: Applying CVar settings from Section [/Script/Engine.RendererSettings] File [C:/Users/Angelica .DESKTOP-RM5JOAJ/Documents/Learning Multiplayer/Puzzles/Puzzles/Saved/Config/Windows/Engine.ini]
[2020.12.31-05.34.23:510][  0]LogConfig: Setting CVar [[r.GPUCrashDebugging:0]]
[2020.12.31-05.34.23:510][  0]LogConfig: Applying CVar settings from Section [/Script/Engine.RendererOverrideSettings] File [C:/Users/Angelica .DESKTOP-RM5JOAJ/Documents/Learning Multiplayer/Puzzles/Puzzles/Saved/Config/Windows/Engine.ini]
[2020.12.31-05.34.23:510][  0]LogConfig: Applying CVar settings from Section [/Script/Engine.StreamingSettings] File [C:/Users/Angelica .DESKTOP-RM5JOAJ/Documents/Learning Multiplayer/Puzzles/Puzzles/Saved/Config/Windows/Engine.ini]
[2020.12.31-05.34.23:510][  0]LogConfig: Setting CVar [[s.MinBulkDataSizeForAsyncLoading:131072]]
[2020.12.31-05.34.23:510][  0]LogConfig: Setting CVar [[s.AsyncLoadingThreadEnabled:0]]
[2020.12.31-05.34.23:511][  0]LogConfig: Setting CVar [[s.EventDrivenLoaderEnabled:1]]
[2020.12.31-05.34.23:511][  0]LogConfig: Setting CVar [[s.WarnIfTimeLimitExceeded:0]]
[2020.12.31-05.34.23:511][  0]LogConfig: Setting CVar [[s.TimeLimitExceededMultiplier:1.5]]
[2020.12.31-05.34.23:511][  0]LogConfig: Setting CVar [[s.TimeLimitExceededMinTime:0.005]]
[2020.12.31-05.34.23:511][  0]LogConfig: Setting CVar [[s.UseBackgroundLevelStreaming:1]]
[2020.12.31-05.34.23:511][  0]LogConfig: Setting CVar [[s.PriorityAsyncLoadingExtraTime:15.0]]
[2020.12.31-05.34.23:511][  0]LogConfig: Setting CVar [[s.LevelStreamingActorsUpdateTimeLimit:5.0]]
[2020.12.31-05.34.23:511][  0]LogConfig: Setting CVar [[s.PriorityLevelStreamingActorsUpdateExtraTime:5.0]]
[2020.12.31-05.34.23:511][  0]LogConfig: Setting CVar [[s.LevelStreamingComponentsRegistrationGranularity:10]]
[2020.12.31-05.34.23:511][  0]LogConfig: Setting CVar [[s.UnregisterComponentsTimeLimit:1.0]]
[2020.12.31-05.34.23:511][  0]LogConfig: Setting CVar [[s.LevelStreamingComponentsUnregistrationGranularity:5]]
[2020.12.31-05.34.23:512][  0]LogConfig: Setting CVar [[s.FlushStreamingOnExit:1]]
[2020.12.31-05.34.23:512][  0]LogConfig: Applying CVar settings from Section [/Script/Engine.GarbageCollectionSettings] File [C:/Users/Angelica .DESKTOP-RM5JOAJ/Documents/Learning Multiplayer/Puzzles/Puzzles/Saved/Config/Windows/Engine.ini]
[2020.12.31-05.34.23:512][  0]LogConfig: Setting CVar [[gc.MaxObjectsNotConsideredByGC:1]]
[2020.12.31-05.34.23:512][  0]LogConfig: Setting CVar [[gc.SizeOfPermanentObjectPool:0]]
[2020.12.31-05.34.23:512][  0]LogConfig: Setting CVar [[gc.FlushStreamingOnGC:0]]
[2020.12.31-05.34.23:512][  0]LogConfig: Setting CVar [[gc.NumRetriesBeforeForcingGC:10]]
[2020.12.31-05.34.23:512][  0]LogConfig: Setting CVar [[gc.AllowParallelGC:1]]
[2020.12.31-05.34.23:512][  0]LogConfig: Setting CVar [[gc.TimeBetweenPurgingPendingKillObjects:61.1]]
[2020.12.31-05.34.23:513][  0]LogConfig: Setting CVar [[gc.MaxObjectsInEditor:25165824]]
[2020.12.31-05.34.23:513][  0]LogConfig: Setting CVar [[gc.IncrementalBeginDestroyEnabled:1]]
[2020.12.31-05.34.23:513][  0]LogConfig: Setting CVar [[gc.CreateGCClusters:1]]
[2020.12.31-05.34.23:513][  0]LogConfig: Setting CVar [[gc.MinGCClusterSize:5]]
[2020.12.31-05.34.23:513][  0]LogConfig: Setting CVar [[gc.ActorClusteringEnabled:0]]
[2020.12.31-05.34.23:513][  0]LogConfig: Setting CVar [[gc.BlueprintClusteringEnabled:0]]
[2020.12.31-05.34.23:513][  0]LogConfig: Setting CVar [[gc.UseDisregardForGCOnDedicatedServers:0]]
[2020.12.31-05.34.23:513][  0]LogConfig: Applying CVar settings from Section [/Script/Engine.NetworkSettings] File [C:/Users/Angelica .DESKTOP-RM5JOAJ/Documents/Learning Multiplayer/Puzzles/Puzzles/Saved/Config/Windows/Engine.ini]
[2020.12.31-05.34.23:514][  0]LogConfig: Applying CVar settings from Section [/Script/UnrealEd.CookerSettings] File [C:/Users/Angelica .DESKTOP-RM5JOAJ/Documents/Learning Multiplayer/Puzzles/Puzzles/Saved/Config/Windows/Engine.ini]
[2020.12.31-05.34.23:538][  0]LogConfig: Applying CVar settings from Section [ViewDistanceQuality@3] File [C:/Users/Angelica .DESKTOP-RM5JOAJ/Documents/Learning Multiplayer/Puzzles/Puzzles/Saved/Config/Windows/Scalability.ini]
[2020.12.31-05.34.23:538][  0]LogConfig: Setting CVar [[r.SkeletalMeshLODBias:0]]
[2020.12.31-05.34.23:538][  0]LogConfig: Setting CVar [[r.ViewDistanceScale:1.0]]
[2020.12.31-05.34.23:538][  0]LogConfig: Applying CVar settings from Section [AntiAliasingQuality@3] File [C:/Users/Angelica .DESKTOP-RM5JOAJ/Documents/Learning Multiplayer/Puzzles/Puzzles/Saved/Config/Windows/Scalability.ini]
[2020.12.31-05.34.23:538][  0]LogConfig: Setting CVar [[r.PostProcessAAQuality:4]]
[2020.12.31-05.34.23:538][  0]LogConfig: Applying CVar settings from Section [ShadowQuality@3] File [C:/Users/Angelica .DESKTOP-RM5JOAJ/Documents/Learning Multiplayer/Puzzles/Puzzles/Saved/Config/Windows/Scalability.ini]
[2020.12.31-05.34.23:538][  0]LogConfig: Setting CVar [[r.LightFunctionQuality:1]]
[2020.12.31-05.34.23:538][  0]LogConfig: Setting CVar [[r.ShadowQuality:5]]
[2020.12.31-05.34.23:539][  0]LogConfig: Setting CVar [[r.Shadow.CSM.MaxCascades:10]]
[2020.12.31-05.34.23:539][  0]LogConfig: Setting CVar [[r.Shadow.MaxResolution:2048]]
[2020.12.31-05.34.23:539][  0]LogConfig: Setting CVar [[r.Shadow.MaxCSMResolution:2048]]
[2020.12.31-05.34.23:539][  0]LogConfig: Setting CVar [[r.Shadow.RadiusThreshold:0.01]]
[2020.12.31-05.34.23:539][  0]LogConfig: Setting CVar [[r.Shadow.DistanceScale:1.0]]
[2020.12.31-05.34.23:539][  0]LogConfig: Setting CVar [[r.Shadow.CSM.TransitionScale:1.0]]
[2020.12.31-05.34.23:539][  0]LogConfig: Setting CVar [[r.Shadow.PreShadowResolutionFactor:1.0]]
[2020.12.31-05.34.23:539][  0]LogConfig: Setting CVar [[r.DistanceFieldShadowing:1]]
[2020.12.31-05.34.23:540][  0]LogConfig: Setting CVar [[r.DistanceFieldAO:1]]
[2020.12.31-05.34.23:540][  0]LogConfig: Setting CVar [[r.AOQuality:2]]
[2020.12.31-05.34.23:540][  0]LogConfig: Setting CVar [[r.VolumetricFog:1]]
[2020.12.31-05.34.23:540][  0]LogConfig: Setting CVar [[r.VolumetricFog.GridPixelSize:8]]
[2020.12.31-05.34.23:540][  0]LogConfig: Setting CVar [[r.VolumetricFog.GridSizeZ:128]]
[2020.12.31-05.34.23:540][  0]LogConfig: Setting CVar [[r.VolumetricFog.HistoryMissSupersampleCount:4]]
[2020.12.31-05.34.23:540][  0]LogConfig: Setting CVar [[r.LightMaxDrawDistanceScale:1]]
[2020.12.31-05.34.23:540][  0]LogConfig: Setting CVar [[r.CapsuleShadows:1]]
[2020.12.31-05.34.23:541][  0]LogConfig: Applying CVar settings from Section [PostProcessQuality@3] File [C:/Users/Angelica .DESKTOP-RM5JOAJ/Documents/Learning Multiplayer/Puzzles/Puzzles/Saved/Config/Windows/Scalability.ini]
[2020.12.31-05.34.23:541][  0]LogConfig: Setting CVar [[r.MotionBlurQuality:4]]
[2020.12.31-05.34.23:541][  0]LogConfig: Setting CVar [[r.AmbientOcclusionMipLevelFactor:0.4]]
[2020.12.31-05.34.23:541][  0]LogConfig: Setting CVar [[r.AmbientOcclusionMaxQuality:100]]
[2020.12.31-05.34.23:541][  0]LogConfig: Setting CVar [[r.AmbientOcclusionLevels:-1]]
[2020.12.31-05.34.23:542][  0]LogConfig: Setting CVar [[r.AmbientOcclusionRadiusScale:1.0]]
[2020.12.31-05.34.23:542][  0]LogConfig: Setting CVar [[r.DepthOfFieldQuality:2]]
[2020.12.31-05.34.23:542][  0]LogConfig: Setting CVar [[r.RenderTargetPoolMin:400]]
[2020.12.31-05.34.23:542][  0]LogConfig: Setting CVar [[r.LensFlareQuality:2]]
[2020.12.31-05.34.23:542][  0]LogConfig: Setting CVar [[r.SceneColorFringeQuality:1]]
[2020.12.31-05.34.23:542][  0]LogConfig: Setting CVar [[r.EyeAdaptationQuality:2]]
[2020.12.31-05.34.23:542][  0]LogConfig: Setting CVar [[r.BloomQuality:5]]
[2020.12.31-05.34.23:542][  0]LogConfig: Setting CVar [[r.FastBlurThreshold:100]]
[2020.12.31-05.34.23:542][  0]LogConfig: Setting CVar [[r.Upscale.Quality:3]]
[2020.12.31-05.34.23:542][  0]LogConfig: Setting CVar [[r.Tonemapper.GrainQuantization:1]]
[2020.12.31-05.34.23:543][  0]LogConfig: Setting CVar [[r.LightShaftQuality:1]]
[2020.12.31-05.34.23:543][  0]LogConfig: Setting CVar [[r.Filter.SizeScale:1]]
[2020.12.31-05.34.23:543][  0]LogConfig: Setting CVar [[r.Tonemapper.Quality:5]]
[2020.12.31-05.34.23:543][  0]LogConfig: Setting CVar [[r.DOF.Gather.AccumulatorQuality:1        ; higher gathering accumulator quality]]
[2020.12.31-05.34.23:543][  0]LogConfig: Setting CVar [[r.DOF.Gather.PostfilterMethod:1          ; Median3x3 postfilering method]]
[2020.12.31-05.34.23:543][  0]LogConfig: Setting CVar [[r.DOF.Gather.EnableBokehSettings:0       ; no bokeh simulation when gathering]]
[2020.12.31-05.34.23:543][  0]LogConfig: Setting CVar [[r.DOF.Gather.RingCount:4                 ; medium number of samples when gathering]]
[2020.12.31-05.34.23:543][  0]LogConfig: Setting CVar [[r.DOF.Scatter.ForegroundCompositing:1    ; additive foreground scattering]]
[2020.12.31-05.34.23:543][  0]LogConfig: Setting CVar [[r.DOF.Scatter.BackgroundCompositing:2    ; additive background scattering]]
[2020.12.31-05.34.23:543][  0]LogConfig: Setting CVar [[r.DOF.Scatter.EnableBokehSettings:1      ; bokeh simulation when scattering]]
[2020.12.31-05.34.23:544][  0]LogConfig: Setting CVar [[r.DOF.Scatter.MaxSpriteRatio:0.1         ; only a maximum of 10% of scattered bokeh]]
[2020.12.31-05.34.23:544][  0]LogConfig: Setting CVar [[r.DOF.Recombine.Quality:1                ; cheap slight out of focus]]
[2020.12.31-05.34.23:544][  0]LogConfig: Setting CVar [[r.DOF.Recombine.EnableBokehSettings:0    ; no bokeh simulation on slight out of focus]]
[2020.12.31-05.34.23:544][  0]LogConfig: Setting CVar [[r.DOF.TemporalAAQuality:1                ; more stable temporal accumulation]]
[2020.12.31-05.34.23:544][  0]LogConfig: Setting CVar [[r.DOF.Kernel.MaxForegroundRadius:0.025]]
[2020.12.31-05.34.23:544][  0]LogConfig: Setting CVar [[r.DOF.Kernel.MaxBackgroundRadius:0.025]]
[2020.12.31-05.34.23:544][  0]LogConfig: Applying CVar settings from Section [TextureQuality@3] File [C:/Users/Angelica .DESKTOP-RM5JOAJ/Documents/Learning Multiplayer/Puzzles/Puzzles/Saved/Config/Windows/Scalability.ini]
[2020.12.31-05.34.23:544][  0]LogConfig: Setting CVar [[r.Streaming.MipBias:0]]
[2020.12.31-05.34.23:544][  0]LogConfig: Setting CVar [[r.Streaming.AmortizeCPUToGPUCopy:0]]
[2020.12.31-05.34.23:544][  0]LogConfig: Setting CVar [[r.Streaming.MaxNumTexturesToStreamPerFrame:0]]
[2020.12.31-05.34.23:545][  0]LogConfig: Setting CVar [[r.Streaming.Boost:1]]
[2020.12.31-05.34.23:545][  0]LogConfig: Setting CVar [[r.MaxAnisotropy:8]]
[2020.12.31-05.34.23:545][  0]LogConfig: Setting CVar [[r.VT.MaxAnisotropy:8]]
[2020.12.31-05.34.23:545][  0]LogConfig: Setting CVar [[r.Streaming.LimitPoolSizeToVRAM:0]]
[2020.12.31-05.34.23:545][  0]LogConfig: Setting CVar [[r.Streaming.PoolSize:1000]]
[2020.12.31-05.34.23:546][  0]LogConfig: Setting CVar [[r.Streaming.MaxEffectiveScreenSize:0]]
[2020.12.31-05.34.23:546][  0]LogConfig: Applying CVar settings from Section [EffectsQuality@3] File [C:/Users/Angelica .DESKTOP-RM5JOAJ/Documents/Learning Multiplayer/Puzzles/Puzzles/Saved/Config/Windows/Scalability.ini]
[2020.12.31-05.34.23:546][  0]LogConfig: Setting CVar [[r.TranslucencyLightingVolumeDim:64]]
[2020.12.31-05.34.23:546][  0]LogConfig: Setting CVar [[r.RefractionQuality:2]]
[2020.12.31-05.34.23:546][  0]LogConfig: Setting CVar [[r.SSR.Quality:3]]
[2020.12.31-05.34.23:546][  0]LogConfig: Setting CVar [[r.SSR.HalfResSceneColor:0]]
[2020.12.31-05.34.23:546][  0]LogConfig: Setting CVar [[r.SceneColorFormat:4]]
[2020.12.31-05.34.23:547][  0]LogConfig: Setting CVar [[r.DetailMode:2]]
[2020.12.31-05.34.23:547][  0]LogConfig: Setting CVar [[r.TranslucencyVolumeBlur:1]]
[2020.12.31-05.34.23:547][  0]LogConfig: Setting CVar [[r.MaterialQualityLevel:1 ; High quality]]
[2020.12.31-05.34.23:547][  0]LogConfig: Setting CVar [[r.SSS.Scale:1]]
[2020.12.31-05.34.23:548][  0]LogConfig: Setting CVar [[r.SSS.SampleSet:2]]
[2020.12.31-05.34.23:548][  0]LogConfig: Setting CVar [[r.SSS.Quality:1]]
[2020.12.31-05.34.23:548][  0]LogConfig: Setting CVar [[r.SSS.HalfRes:0]]
[2020.12.31-05.34.23:548][  0]LogConfig: Setting CVar [[r.SSGI.Quality:3]]
[2020.12.31-05.34.23:548][  0]LogConfig: Setting CVar [[r.EmitterSpawnRateScale:1.0]]
[2020.12.31-05.34.23:548][  0]LogConfig: Setting CVar [[r.ParticleLightQuality:2]]
[2020.12.31-05.34.23:549][  0]LogConfig: Setting CVar [[r.SkyAtmosphere.AerialPerspectiveLUT.FastApplyOnOpaque:1 ; Always have FastSkyLUT 1 in this case to avoid wrong sky]]
[2020.12.31-05.34.23:549][  0]LogConfig: Setting CVar [[r.SkyAtmosphere.AerialPerspectiveLUT.SampleCountPerSlice:1]]
[2020.12.31-05.34.23:549][  0]LogConfig: Setting CVar [[r.SkyAtmosphere.AerialPerspectiveLUT.DepthResolution:16.0]]
[2020.12.31-05.34.23:549][  0]LogConfig: Setting CVar [[r.SkyAtmosphere.FastSkyLUT:1]]
[2020.12.31-05.34.23:549][  0]LogConfig: Setting CVar [[r.SkyAtmosphere.FastSkyLUT.SampleCountMin:4.0]]
[2020.12.31-05.34.23:549][  0]LogConfig: Setting CVar [[r.SkyAtmosphere.FastSkyLUT.SampleCountMax:32.0]]
[2020.12.31-05.34.23:551][  0]LogConfig: Setting CVar [[r.SkyAtmosphere.SampleCountMin:4.0]]
[2020.12.31-05.34.23:552][  0]LogConfig: Setting CVar [[r.SkyAtmosphere.SampleCountMax:32.0]]
[2020.12.31-05.34.23:552][  0]LogConfig: Setting CVar [[r.SkyAtmosphere.TransmittanceLUT.UseSmallFormat:0]]
[2020.12.31-05.34.23:552][  0]LogConfig: Setting CVar [[r.SkyAtmosphere.TransmittanceLUT.SampleCount:10.0]]
[2020.12.31-05.34.23:552][  0]LogConfig: Setting CVar [[r.SkyAtmosphere.MultiScatteringLUT.SampleCount:15.0]]
[2020.12.31-05.34.23:552][  0]LogConfig: Applying CVar settings from Section [FoliageQuality@3] File [C:/Users/Angelica .DESKTOP-RM5JOAJ/Documents/Learning Multiplayer/Puzzles/Puzzles/Saved/Config/Windows/Scalability.ini]
[2020.12.31-05.34.23:552][  0]LogConfig: Setting CVar [[foliage.DensityScale:1.0]]
[2020.12.31-05.34.23:552][  0]LogConfig: Setting CVar [[grass.DensityScale:1.0]]
[2020.12.31-05.34.23:552][  0]LogConfig: Applying CVar settings from Section [ShadingQuality@3] File [C:/Users/Angelica .DESKTOP-RM5JOAJ/Documents/Learning Multiplayer/Puzzles/Puzzles/Saved/Config/Windows/Scalability.ini]
[2020.12.31-05.34.23:552][  0]LogConfig: Setting CVar [[r.HairStrands.SkyLighting.SampleCount:16]]
[2020.12.31-05.34.23:552][  0]LogConfig: Setting CVar [[r.HairStrands.SkyLighting.JitterIntegration:0]]
[2020.12.31-05.34.23:553][  0]LogConfig: Setting CVar [[r.HairStrands.SkyAO.SampleCount:16]]
[2020.12.31-05.34.23:553][  0]LogConfig: Setting CVar [[r.HairStrands.DeepShadow.SuperSampling:0]]
[2020.12.31-05.34.23:553][  0]LogConfig: Setting CVar [[r.HairStrands.VisibilityPPLL:0]]
[2020.12.31-05.34.23:553][  0]LogConfig: Setting CVar [[r.HairStrands.RasterizationScale:0.5]]
[2020.12.31-05.34.23:553][  0]LogConfig: Setting CVar [[r.HairStrands.VelocityRasterizationScale:1]]
[2020.12.31-05.34.23:553][  0]LogInit: Selected Device Profile: [Windows]
[2020.12.31-05.34.23:553][  0]LogInit: Applying CVar settings loaded from the selected device profile: [Windows]
[2020.12.31-05.34.23:554][  0]LogHAL: Display: Platform has ~ 16 GB [17052516352 / 17179869184 / 16], which maps to Larger [LargestMinGB=32, LargerMinGB=12, DefaultMinGB=8, SmallerMinGB=6, SmallestMinGB=0)
[2020.12.31-05.34.23:554][  0]LogInit: Going up to parent DeviceProfile []
[2020.12.31-05.34.23:554][  0]LogConfig: Applying CVar settings from Section [ViewDistanceQuality@3] File [C:/Users/Angelica .DESKTOP-RM5JOAJ/Documents/Learning Multiplayer/Puzzles/Puzzles/Saved/Config/Windows/Scalability.ini]
[2020.12.31-05.34.23:554][  0]LogConfig: Setting CVar [[r.SkeletalMeshLODBias:0]]
[2020.12.31-05.34.23:554][  0]LogConfig: Setting CVar [[r.ViewDistanceScale:1.0]]
[2020.12.31-05.34.23:554][  0]LogConfig: Applying CVar settings from Section [AntiAliasingQuality@3] File [C:/Users/Angelica .DESKTOP-RM5JOAJ/Documents/Learning Multiplayer/Puzzles/Puzzles/Saved/Config/Windows/Scalability.ini]
[2020.12.31-05.34.23:557][  0]LogConfig: Setting CVar [[r.PostProcessAAQuality:4]]
[2020.12.31-05.34.23:558][  0]LogConfig: Applying CVar settings from Section [ShadowQuality@3] File [C:/Users/Angelica .DESKTOP-RM5JOAJ/Documents/Learning Multiplayer/Puzzles/Puzzles/Saved/Config/Windows/Scalability.ini]
[2020.12.31-05.34.23:558][  0]LogConfig: Setting CVar [[r.LightFunctionQuality:1]]
[2020.12.31-05.34.23:558][  0]LogConfig: Setting CVar [[r.ShadowQuality:5]]
[2020.12.31-05.34.23:559][  0]LogConfig: Setting CVar [[r.Shadow.CSM.MaxCascades:10]]
[2020.12.31-05.34.23:559][  0]LogConfig: Setting CVar [[r.Shadow.MaxResolution:2048]]
[2020.12.31-05.34.23:559][  0]LogConfig: Setting CVar [[r.Shadow.MaxCSMResolution:2048]]
[2020.12.31-05.34.23:559][  0]LogConfig: Setting CVar [[r.Shadow.RadiusThreshold:0.01]]
[2020.12.31-05.34.23:559][  0]LogConfig: Setting CVar [[r.Shadow.DistanceScale:1.0]]
[2020.12.31-05.34.23:560][  0]LogConfig: Setting CVar [[r.Shadow.CSM.TransitionScale:1.0]]
[2020.12.31-05.34.23:560][  0]LogConfig: Setting CVar [[r.Shadow.PreShadowResolutionFactor:1.0]]
[2020.12.31-05.34.23:560][  0]LogConfig: Setting CVar [[r.DistanceFieldShadowing:1]]
[2020.12.31-05.34.23:560][  0]LogConfig: Setting CVar [[r.DistanceFieldAO:1]]
[2020.12.31-05.34.23:561][  0]LogConfig: Setting CVar [[r.AOQuality:2]]
[2020.12.31-05.34.23:562][  0]LogConfig: Setting CVar [[r.VolumetricFog:1]]
[2020.12.31-05.34.23:562][  0]LogConfig: Setting CVar [[r.VolumetricFog.GridPixelSize:8]]
[2020.12.31-05.34.23:563][  0]LogConfig: Setting CVar [[r.VolumetricFog.GridSizeZ:128]]
[2020.12.31-05.34.23:563][  0]LogConfig: Setting CVar [[r.VolumetricFog.HistoryMissSupersampleCount:4]]
[2020.12.31-05.34.23:563][  0]LogConfig: Setting CVar [[r.LightMaxDrawDistanceScale:1]]
[2020.12.31-05.34.23:563][  0]LogConfig: Setting CVar [[r.CapsuleShadows:1]]
[2020.12.31-05.34.23:563][  0]LogConfig: Applying CVar settings from Section [PostProcessQuality@3] File [C:/Users/Angelica .DESKTOP-RM5JOAJ/Documents/Learning Multiplayer/Puzzles/Puzzles/Saved/Config/Windows/Scalability.ini]
[2020.12.31-05.34.23:563][  0]LogConfig: Setting CVar [[r.MotionBlurQuality:4]]
[2020.12.31-05.34.23:564][  0]LogConfig: Setting CVar [[r.AmbientOcclusionMipLevelFactor:0.4]]
[2020.12.31-05.34.23:564][  0]LogConfig: Setting CVar [[r.AmbientOcclusionMaxQuality:100]]
[2020.12.31-05.34.23:564][  0]LogConfig: Setting CVar [[r.AmbientOcclusionLevels:-1]]
[2020.12.31-05.34.23:564][  0]LogConfig: Setting CVar [[r.AmbientOcclusionRadiusScale:1.0]]
[2020.12.31-05.34.23:564][  0]LogConfig: Setting CVar [[r.DepthOfFieldQuality:2]]
[2020.12.31-05.34.23:565][  0]LogConfig: Setting CVar [[r.RenderTargetPoolMin:400]]
[2020.12.31-05.34.23:565][  0]LogConfig: Setting CVar [[r.LensFlareQuality:2]]
[2020.12.31-05.34.23:565][  0]LogConfig: Setting CVar [[r.SceneColorFringeQuality:1]]
[2020.12.31-05.34.23:565][  0]LogConfig: Setting CVar [[r.EyeAdaptationQuality:2]]
[2020.12.31-05.34.23:565][  0]LogConfig: Setting CVar [[r.BloomQuality:5]]
[2020.12.31-05.34.23:565][  0]LogConfig: Setting CVar [[r.FastBlurThreshold:100]]
[2020.12.31-05.34.23:568][  0]LogConfig: Setting CVar [[r.Upscale.Quality:3]]
[2020.12.31-05.34.23:568][  0]LogConfig: Setting CVar [[r.Tonemapper.GrainQuantization:1]]
[2020.12.31-05.34.23:568][  0]LogConfig: Setting CVar [[r.LightShaftQuality:1]]
[2020.12.31-05.34.23:568][  0]LogConfig: Setting CVar [[r.Filter.SizeScale:1]]
[2020.12.31-05.34.23:569][  0]LogConfig: Setting CVar [[r.Tonemapper.Quality:5]]
[2020.12.31-05.34.23:569][  0]LogConfig: Setting CVar [[r.DOF.Gather.AccumulatorQuality:1        ; higher gathering accumulator quality]]
[2020.12.31-05.34.23:569][  0]LogConfig: Setting CVar [[r.DOF.Gather.PostfilterMethod:1          ; Median3x3 postfilering method]]
[2020.12.31-05.34.23:569][  0]LogConfig: Setting CVar [[r.DOF.Gather.EnableBokehSettings:0       ; no bokeh simulation when gathering]]
[2020.12.31-05.34.23:570][  0]LogConfig: Setting CVar [[r.DOF.Gather.RingCount:4                 ; medium number of samples when gathering]]
[2020.12.31-05.34.23:570][  0]LogConfig: Setting CVar [[r.DOF.Scatter.ForegroundCompositing:1    ; additive foreground scattering]]
[2020.12.31-05.34.23:570][  0]LogConfig: Setting CVar [[r.DOF.Scatter.BackgroundCompositing:2    ; additive background scattering]]
[2020.12.31-05.34.23:570][  0]LogConfig: Setting CVar [[r.DOF.Scatter.EnableBokehSettings:1      ; bokeh simulation when scattering]]
[2020.12.31-05.34.23:571][  0]LogConfig: Setting CVar [[r.DOF.Scatter.MaxSpriteRatio:0.1         ; only a maximum of 10% of scattered bokeh]]
[2020.12.31-05.34.23:571][  0]LogConfig: Setting CVar [[r.DOF.Recombine.Quality:1                ; cheap slight out of focus]]
[2020.12.31-05.34.23:572][  0]LogConfig: Setting CVar [[r.DOF.Recombine.EnableBokehSettings:0    ; no bokeh simulation on slight out of focus]]
[2020.12.31-05.34.23:572][  0]LogConfig: Setting CVar [[r.DOF.TemporalAAQuality:1                ; more stable temporal accumulation]]
[2020.12.31-05.34.23:572][  0]LogConfig: Setting CVar [[r.DOF.Kernel.MaxForegroundRadius:0.025]]
[2020.12.31-05.34.23:573][  0]LogConfig: Setting CVar [[r.DOF.Kernel.MaxBackgroundRadius:0.025]]
[2020.12.31-05.34.23:573][  0]LogConfig: Applying CVar settings from Section [TextureQuality@3] File [C:/Users/Angelica .DESKTOP-RM5JOAJ/Documents/Learning Multiplayer/Puzzles/Puzzles/Saved/Config/Windows/Scalability.ini]
[2020.12.31-05.34.23:573][  0]LogConfig: Setting CVar [[r.Streaming.MipBias:0]]
[2020.12.31-05.34.23:573][  0]LogConfig: Setting CVar [[r.Streaming.AmortizeCPUToGPUCopy:0]]
[2020.12.31-05.34.23:574][  0]LogConfig: Setting CVar [[r.Streaming.MaxNumTexturesToStreamPerFrame:0]]
[2020.12.31-05.34.23:574][  0]LogConfig: Setting CVar [[r.Streaming.Boost:1]]
[2020.12.31-05.34.23:575][  0]LogConfig: Setting CVar [[r.MaxAnisotropy:8]]
[2020.12.31-05.34.23:575][  0]LogConfig: Setting CVar [[r.VT.MaxAnisotropy:8]]
[2020.12.31-05.34.23:575][  0]LogConfig: Setting CVar [[r.Streaming.LimitPoolSizeToVRAM:0]]
[2020.12.31-05.34.23:575][  0]LogConfig: Setting CVar [[r.Streaming.PoolSize:1000]]
[2020.12.31-05.34.23:575][  0]LogConfig: Setting CVar [[r.Streaming.MaxEffectiveScreenSize:0]]
[2020.12.31-05.34.23:576][  0]LogConfig: Applying CVar settings from Section [EffectsQuality@3] File [C:/Users/Angelica .DESKTOP-RM5JOAJ/Documents/Learning Multiplayer/Puzzles/Puzzles/Saved/Config/Windows/Scalability.ini]
[2020.12.31-05.34.23:577][  0]LogConfig: Setting CVar [[r.TranslucencyLightingVolumeDim:64]]
[2020.12.31-05.34.23:577][  0]LogConfig: Setting CVar [[r.RefractionQuality:2]]
[2020.12.31-05.34.23:578][  0]LogConfig: Setting CVar [[r.SSR.Quality:3]]
[2020.12.31-05.34.23:578][  0]LogConfig: Setting CVar [[r.SSR.HalfResSceneColor:0]]
[2020.12.31-05.34.23:578][  0]LogConfig: Setting CVar [[r.SceneColorFormat:4]]
[2020.12.31-05.34.23:578][  0]LogConfig: Setting CVar [[r.DetailMode:2]]
[2020.12.31-05.34.23:578][  0]LogConfig: Setting CVar [[r.TranslucencyVolumeBlur:1]]
[2020.12.31-05.34.23:579][  0]LogConfig: Setting CVar [[r.MaterialQualityLevel:1 ; High quality]]
[2020.12.31-05.34.23:579][  0]LogConfig: Setting CVar [[r.SSS.Scale:1]]
[2020.12.31-05.34.23:579][  0]LogConfig: Setting CVar [[r.SSS.SampleSet:2]]
[2020.12.31-05.34.23:579][  0]LogConfig: Setting CVar [[r.SSS.Quality:1]]
[2020.12.31-05.34.23:579][  0]LogConfig: Setting CVar [[r.SSS.HalfRes:0]]
[2020.12.31-05.34.23:579][  0]LogConfig: Setting CVar [[r.SSGI.Quality:3]]
[2020.12.31-05.34.23:580][  0]LogConfig: Setting CVar [[r.EmitterSpawnRateScale:1.0]]
[2020.12.31-05.34.23:580][  0]LogConfig: Setting CVar [[r.ParticleLightQuality:2]]
[2020.12.31-05.34.23:580][  0]LogConfig: Setting CVar [[r.SkyAtmosphere.AerialPerspectiveLUT.FastApplyOnOpaque:1 ; Always have FastSkyLUT 1 in this case to avoid wrong sky]]
[2020.12.31-05.34.23:580][  0]LogConfig: Setting CVar [[r.SkyAtmosphere.AerialPerspectiveLUT.SampleCountPerSlice:1]]
[2020.12.31-05.34.23:580][  0]LogConfig: Setting CVar [[r.SkyAtmosphere.AerialPerspectiveLUT.DepthResolution:16.0]]
[2020.12.31-05.34.23:580][  0]LogConfig: Setting CVar [[r.SkyAtmosphere.FastSkyLUT:1]]
[2020.12.31-05.34.23:581][  0]LogConfig: Setting CVar [[r.SkyAtmosphere.FastSkyLUT.SampleCountMin:4.0]]
[2020.12.31-05.34.23:581][  0]LogConfig: Setting CVar [[r.SkyAtmosphere.FastSkyLUT.SampleCountMax:32.0]]
[2020.12.31-05.34.23:581][  0]LogConfig: Setting CVar [[r.SkyAtmosphere.SampleCountMin:4.0]]
[2020.12.31-05.34.23:581][  0]LogConfig: Setting CVar [[r.SkyAtmosphere.SampleCountMax:32.0]]
[2020.12.31-05.34.23:581][  0]LogConfig: Setting CVar [[r.SkyAtmosphere.TransmittanceLUT.UseSmallFormat:0]]
[2020.12.31-05.34.23:581][  0]LogConfig: Setting CVar [[r.SkyAtmosphere.TransmittanceLUT.SampleCount:10.0]]
[2020.12.31-05.34.23:582][  0]LogConfig: Setting CVar [[r.SkyAtmosphere.MultiScatteringLUT.SampleCount:15.0]]
[2020.12.31-05.34.23:582][  0]LogConfig: Applying CVar settings from Section [FoliageQuality@3] File [C:/Users/Angelica .DESKTOP-RM5JOAJ/Documents/Learning Multiplayer/Puzzles/Puzzles/Saved/Config/Windows/Scalability.ini]
[2020.12.31-05.34.23:582][  0]LogConfig: Setting CVar [[foliage.DensityScale:1.0]]
[2020.12.31-05.34.23:582][  0]LogConfig: Setting CVar [[grass.DensityScale:1.0]]
[2020.12.31-05.34.23:582][  0]LogConfig: Applying CVar settings from Section [ShadingQuality@3] File [C:/Users/Angelica .DESKTOP-RM5JOAJ/Documents/Learning Multiplayer/Puzzles/Puzzles/Saved/Config/Windows/Scalability.ini]
[2020.12.31-05.34.23:582][  0]LogConfig: Setting CVar [[r.HairStrands.SkyLighting.SampleCount:16]]
[2020.12.31-05.34.23:583][  0]LogConfig: Setting CVar [[r.HairStrands.SkyLighting.JitterIntegration:0]]
[2020.12.31-05.34.23:583][  0]LogConfig: Setting CVar [[r.HairStrands.SkyAO.SampleCount:16]]
[2020.12.31-05.34.23:583][  0]LogConfig: Setting CVar [[r.HairStrands.DeepShadow.SuperSampling:0]]
[2020.12.31-05.34.23:583][  0]LogConfig: Setting CVar [[r.HairStrands.VisibilityPPLL:0]]
[2020.12.31-05.34.23:584][  0]LogConfig: Setting CVar [[r.HairStrands.RasterizationScale:0.5]]
[2020.12.31-05.34.23:584][  0]LogConfig: Setting CVar [[r.HairStrands.VelocityRasterizationScale:1]]
[2020.12.31-05.34.23:584][  0]LogConfig: Applying CVar settings from Section [Startup] File [../../../Engine/Config/ConsoleVariables.ini]
[2020.12.31-05.34.23:606][  0]LogConfig: Setting CVar [[net.UseAdaptiveNetUpdateFrequency:0]]
[2020.12.31-05.34.23:606][  0]LogConfig: Setting CVar [[p.chaos.AllowCreatePhysxBodies:1]]
[2020.12.31-05.34.23:607][  0]LogConfig: Setting CVar [[fx.SkipVectorVMBackendOptimizations:1]]
[2020.12.31-05.34.23:607][  0]LogConfig: Applying CVar settings from Section [ConsoleVariables] File [C:/Users/Angelica .DESKTOP-RM5JOAJ/Documents/Learning Multiplayer/Puzzles/Puzzles/Saved/Config/Windows/Engine.ini]
[2020.12.31-05.34.23:609][  0]LogInit: Computer: SKETCH-PC
[2020.12.31-05.34.23:609][  0]LogInit: User: Angelica
[2020.12.31-05.34.23:609][  0]LogInit: CPU Page size=4096, Cores=2
[2020.12.31-05.34.23:610][  0]LogInit: High frequency timer resolution =10.000000 MHz
[2020.12.31-05.34.23:612][  0]LogMemory: Memory total: Physical=15.9GB (16GB approx)
[2020.12.31-05.34.23:612][  0]LogMemory: Platform Memory Stats for Windows
[2020.12.31-05.34.23:613][  0]LogMemory: Process Physical Memory: 114.11 MB used, 114.12 MB peak
[2020.12.31-05.34.23:613][  0]LogMemory: Process Virtual Memory: 97.33 MB used, 97.33 MB peak
[2020.12.31-05.34.23:613][  0]LogMemory: Physical Memory: 10671.17 MB used,  5591.38 MB free, 16262.55 MB total
[2020.12.31-05.34.23:613][  0]LogMemory: Virtual Memory: 5124.82 MB used,  134212600.00 MB free, 134217728.00 MB total
[2020.12.31-05.34.23:661][  0]LogWindows: WindowsPlatformFeatures enabled
[2020.12.31-05.34.23:921][  0]LogInit: Physics initialised using underlying interface: PhysX
[2020.12.31-05.34.23:922][  0]LogInit: Using OS detected language (en-US).
[2020.12.31-05.34.23:922][  0]LogInit: Using OS detected locale (en-US).
[2020.12.31-05.34.23:951][  0]LogTextLocalizationManager: No specific localization for 'en-US' exists, so the 'en' localization will be used.
[2020.12.31-05.34.26:090][  0]LogSlate: New Slate User Created.  User Index 0, Is Virtual User: 0
[2020.12.31-05.34.26:090][  0]LogSlate: Slate User Registered.  User Index 0, Is Virtual User: 0
[2020.12.31-05.34.26:164][  0]LogHMD: Failed to initialize OpenVR with code 110
[2020.12.31-05.34.26:164][  0]LogD3D11RHI: D3D11 min allowed feature level: 11_0
[2020.12.31-05.34.26:164][  0]LogD3D11RHI: D3D11 max allowed feature level: 11_0
[2020.12.31-05.34.26:164][  0]LogD3D11RHI: D3D11 adapters:
[2020.12.31-05.34.26:816][  0]LogD3D11RHI:    0. 'Intel(R) HD Graphics 620' (Feature Level 11_0)
[2020.12.31-05.34.26:817][  0]LogD3D11RHI:       128/0/8131 MB DedicatedVideo/DedicatedSystem/SharedSystem, Outputs:2, VendorId:0x8086
[2020.12.31-05.34.26:828][  0]LogD3D11RHI:    1. 'Microsoft Basic Render Driver' (Feature Level 11_0)
[2020.12.31-05.34.26:829][  0]LogD3D11RHI:       0/0/8131 MB DedicatedVideo/DedicatedSystem/SharedSystem, Outputs:0, VendorId:0x1414
[2020.12.31-05.34.26:839][  0]LogD3D11RHI:    2. 'Microsoft Basic Render Driver' (Feature Level 11_0)
[2020.12.31-05.34.26:839][  0]LogD3D11RHI:       0/0/8131 MB DedicatedVideo/DedicatedSystem/SharedSystem, Outputs:0, VendorId:0x1414
[2020.12.31-05.34.26:849][  0]LogD3D11RHI:    3. 'Microsoft Basic Render Driver' (Feature Level 11_0)
[2020.12.31-05.34.26:849][  0]LogD3D11RHI:       0/0/8131 MB DedicatedVideo/DedicatedSystem/SharedSystem, Outputs:0, VendorId:0x1414
[2020.12.31-05.34.26:861][  0]LogD3D11RHI:    4. 'Microsoft Basic Render Driver' (Feature Level 11_0)
[2020.12.31-05.34.26:861][  0]LogD3D11RHI:       0/0/8131 MB DedicatedVideo/DedicatedSystem/SharedSystem, Outputs:0, VendorId:0x1414
[2020.12.31-05.34.26:861][  0]LogD3D11RHI: Chosen D3D11 Adapter: 0
[2020.12.31-05.34.26:882][  0]LogD3D11RHI: Creating new Direct3DDevice
[2020.12.31-05.34.26:883][  0]LogD3D11RHI:     GPU DeviceId: 0x5916 (for the marketing name, search the web for "GPU Device Id")
[2020.12.31-05.34.26:883][  0]LogWindows: EnumDisplayDevices:
[2020.12.31-05.34.26:883][  0]LogWindows:    0. 'Intel(R) HD Graphics 620' (P:0 D:1)
[2020.12.31-05.34.26:885][  0]LogWindows:    1. 'Intel(R) HD Graphics 620' (P:0 D:0)
[2020.12.31-05.34.26:886][  0]LogWindows:    2. 'Intel(R) HD Graphics 620' (P:0 D:0)
[2020.12.31-05.34.26:887][  0]LogWindows:    3. 'MS Idd Device' (P:0 D:0)
[2020.12.31-05.34.26:888][  0]LogWindows:    4. 'MS Idd Device' (P:0 D:0)
[2020.12.31-05.34.26:888][  0]LogWindows:    5. 'MS Idd Device' (P:1 D:1)
[2020.12.31-05.34.26:889][  0]LogWindows: DebugString: GetVideoDriverDetailsInvalid PrimaryIsNotTheChoosenAdapter GetVideoDriverDetailsInvalid PrimaryIsNotTheChoosenAdapter GetVideoDriverDetailsInvalid PrimaryIsNotTheChoosenAdapter FoundDriverCount:3 
[2020.12.31-05.34.26:889][  0]LogD3D11RHI:     Adapter Name: Intel(R) HD Graphics 620
[2020.12.31-05.34.26:889][  0]LogD3D11RHI:   Driver Version: 24.20.100.6344 (internal:24.20.100.6344, unified:24.20.100.6344)
[2020.12.31-05.34.26:889][  0]LogD3D11RHI:      Driver Date: 11-10-2018
[2020.12.31-05.34.26:889][  0]LogRHI: Texture pool is 1523 MB (70% of 2176 MB)
[2020.12.31-05.34.27:011][  0]LogD3D11RHI: [IntelMetricsDiscovery] Failed to initialize context. Result=00000002
[2020.12.31-05.34.27:466][  0]LogD3D11RHI: RHI does not have support for 64 bit atomics
[2020.12.31-05.34.27:466][  0]LogD3D11RHI: Async texture creation enabled
[2020.12.31-05.34.27:466][  0]LogD3D11RHI: Array index from any shader is supported
[2020.12.31-05.34.27:575][  0]LogD3D11RHI: GPU Timing Frequency: 12.000048 (Debug: 2 0)
[2020.12.31-05.34.33:117][  0]LogTargetPlatformManager: Display: Loaded TargetPlatform 'WindowsNoEditor'
[2020.12.31-05.34.33:124][  0]LogTargetPlatformManager: Display: Loaded TargetPlatform 'Windows'
[2020.12.31-05.34.33:145][  0]LogTargetPlatformManager: Display: Loaded TargetPlatform 'WindowsClient'
[2020.12.31-05.34.33:166][  0]LogTargetPlatformManager: Display: Loaded TargetPlatform 'WindowsServer'
[2020.12.31-05.34.33:166][  0]LogTargetPlatformManager: Display: Building Assets For Windows
[2020.12.31-05.34.33:175][  0]LogAudioDebug: Display: Lib vorbis DLL was dynamically loaded.
[2020.12.31-05.34.33:255][  0]LogShaderCompilers: Guid format shader working directory is -31 characters bigger than the processId version (../../../../../../Users/Angelica .DESKTOP-RM5JOAJ/Documents/Learning Multiplayer/Puzzles/Puzzles/Intermediate/Shaders/WorkingDirectory/17520/).
[2020.12.31-05.34.33:256][  0]LogShaderCompilers: Cleaned the shader compiler working directory 'C:/Users/Angelica .DESKTOP-RM5JOAJ/AppData/Local/Temp/UnrealShaderWorkingDir/A325CF9A427A5254ED7C94A7B10E6913/'.
[2020.12.31-05.34.33:263][  0]LogXGEController: Cannot use XGE Controller as Incredibuild is not installed on this machine.
[2020.12.31-05.34.33:264][  0]LogShaderCompilers: Cannot use XGE Shader Compiler as Incredibuild is not installed on this machine.
[2020.12.31-05.34.33:264][  0]LogShaderCompilers: Display: Using Local Shader Compiler.
[2020.12.31-05.34.36:231][  0]LogDerivedDataCache: Display: Max Cache Size: 512 MB
[2020.12.31-05.34.36:350][  0]LogDerivedDataCache: Loaded boot cache 0.12s 75MB C:/Users/Angelica .DESKTOP-RM5JOAJ/AppData/Local/UnrealEngine/4.25/DerivedDataCache/Boot.ddc.
[2020.12.31-05.34.36:351][  0]LogDerivedDataCache: Display: Loaded Boot cache: C:/Users/Angelica .DESKTOP-RM5JOAJ/AppData/Local/UnrealEngine/4.25/DerivedDataCache/Boot.ddc
[2020.12.31-05.34.36:351][  0]LogDerivedDataCache: FDerivedDataBackendGraph:  Pak pak cache file ../../../../../../Users/Angelica .DESKTOP-RM5JOAJ/Documents/Learning Multiplayer/Puzzles/Puzzles/DerivedDataCache/DDC.ddp not found, will not use a pak cache.
[2020.12.31-05.34.36:351][  0]LogDerivedDataCache: Unable to find inner node Pak for hierarchical cache Hierarchy.
[2020.12.31-05.34.36:351][  0]LogDerivedDataCache: FDerivedDataBackendGraph:  CompressedPak pak cache file ../../../../../../Users/Angelica .DESKTOP-RM5JOAJ/Documents/Learning Multiplayer/Puzzles/Puzzles/DerivedDataCache/Compressed.ddp not found, will not use a pak cache.
[2020.12.31-05.34.36:351][  0]LogDerivedDataCache: Unable to find inner node CompressedPak for hierarchical cache Hierarchy.
[2020.12.31-05.34.36:374][  0]LogDerivedDataCache: Display: Pak cache opened for reading ../../../Engine/DerivedDataCache/Compressed.ddp.
[2020.12.31-05.34.36:375][  0]LogDerivedDataCache: FDerivedDataBackendGraph:  EnterprisePak pak cache file ../../../Enterprise/DerivedDataCache/Compressed.ddp not found, will not use a pak cache.
[2020.12.31-05.34.36:375][  0]LogDerivedDataCache: Unable to find inner node EnterprisePak for hierarchical cache Hierarchy.
[2020.12.31-05.34.36:384][  0]LogDerivedDataCache: Using Local data cache path C:/Users/Angelica .DESKTOP-RM5JOAJ/AppData/Local/UnrealEngine/Common/DerivedDataCache: Writable
[2020.12.31-05.34.36:384][  0]LogDerivedDataCache: Shared data cache path not found in *engine.ini, will not use an Shared cache.
[2020.12.31-05.34.36:384][  0]LogDerivedDataCache: Unable to find inner node Shared for hierarchical cache Hierarchy.
[2020.12.31-05.34.36:512][  0]LogSlate: Using FreeType 2.10.0
[2020.12.31-05.34.36:513][  0]LogSlate: SlateFontServices - WITH_FREETYPE: 1, WITH_HARFBUZZ: 1
[2020.12.31-05.34.36:886][  0]LogInit: Using OS detected language (en-US).
[2020.12.31-05.34.36:886][  0]LogInit: Using OS detected locale (en-US).
[2020.12.31-05.34.36:887][  0]LogTextLocalizationManager: No localization for 'en-US' exists, so 'en' will be used for the language.
[2020.12.31-05.34.36:887][  0]LogTextLocalizationManager: No localization for 'en-US' exists, so 'en' will be used for the locale.
[2020.12.31-05.34.36:887][  0]LogSlate: FontCache flush requested. Reason: Culture for localization was changed
[2020.12.31-05.34.36:887][  0]LogSlate: FontCache flush requested. Reason: Culture for localization was changed
[2020.12.31-05.34.36:889][  0]LogTextLocalizationManager: Compacting localization data took   0.01ms
[2020.12.31-05.34.36:897][  0]LogAssetRegistry: FAssetRegistry took 0.0050 seconds to start up
[2020.12.31-05.34.37:425][  0]LogPackageLocalizationCache: Processed 19 localized package path(s) for 1 prioritized culture(s) in 0.002343 seconds
[2020.12.31-05.34.37:582][  0]LogInit: Selected Device Profile: [Windows]
[2020.12.31-05.34.37:873][  0]LogMeshReduction: Using QuadricMeshReduction for automatic static mesh reduction
[2020.12.31-05.34.37:873][  0]LogMeshReduction: Using SimplygonMeshReduction for automatic skeletal mesh reduction
[2020.12.31-05.34.37:873][  0]LogMeshReduction: Using ProxyLODMeshReduction for automatic mesh merging
[2020.12.31-05.34.37:873][  0]LogMeshReduction: No distributed automatic mesh merging module available
[2020.12.31-05.34.37:873][  0]LogMeshMerging: No distributed automatic mesh merging module available
[2020.12.31-05.34.37:906][  0]LogNetVersion: Puzzles 1.0.0, NetCL: 13144385, EngineNetVer: 14, GameNetVer: 0 (Checksum: 1097821826)
[2020.12.31-05.34.38:696][  0]LogAISub: UAISubsystem::UAISubsystem AISubsystem (00000144F8E04A40), frame # 0
[2020.12.31-05.34.38:696][  0]LogAISub: UAISubsystem::UAISubsystem AIPerceptionSystem (00000144F9D3BC40), frame # 0
[2020.12.31-05.34.38:701][  0]LogAISub: UAISubsystem::UAISubsystem EnvQueryManager (00000144F9D47C00), frame # 0
[2020.12.31-05.34.38:958][  0]LogCollectionManager: Loaded 0 collections in 0.005335 seconds
[2020.12.31-05.34.38:972][  0]LogFileCache: Scanning file cache for directory 'C:/Users/Angelica .DESKTOP-RM5JOAJ/Documents/Learning Multiplayer/Puzzles/Puzzles/Saved/Collections/' took 0.00s
[2020.12.31-05.34.38:972][  0]LogFileCache: Scanning file cache for directory 'C:/Users/Angelica .DESKTOP-RM5JOAJ/Documents/Learning Multiplayer/Puzzles/Puzzles/Content/Developers/Angelica/Collections/' took 0.00s
[2020.12.31-05.34.38:972][  0]LogCollectionManager: Fixed up redirectors for 0 collections in 0.000007 seconds (updated 0 objects)
[2020.12.31-05.34.39:070][  0]LogFileCache: Scanning file cache for directory 'C:/Users/Angelica .DESKTOP-RM5JOAJ/Documents/Learning Multiplayer/Puzzles/Puzzles/Content/Collections/' took 0.00s
[2020.12.31-05.34.39:070][  0]LogMoviePlayer: Initializing movie player
[2020.12.31-05.34.39:344][  0]LogTcpMessaging: Initializing TcpMessaging bridge
[2020.12.31-05.34.39:349][  0]LogUdpMessaging: Initializing bridge on interface 0.0.0.0:0 to multicast group 230.0.0.1:6666.
[2020.12.31-05.34.39:401][  0]LogTemp: Warning: Game Instance
[2020.12.31-05.34.39:426][  0]SourceControl: Source control is disabled
[2020.12.31-05.34.39:426][  0]SourceControl: Source control is disabled
[2020.12.31-05.34.39:435][  0]SourceControl: Source control is disabled
[2020.12.31-05.34.39:608][  0]LogAndroidPermission: UAndroidPermissionCallbackProxy::GetInstance
[2020.12.31-05.34.39:628][  0]LogAudioCaptureCore: Display: No Audio Capture implementations found. Audio input will be silent.
[2020.12.31-05.34.39:628][  0]LogAudioCaptureCore: Display: No Audio Capture implementations found. Audio input will be silent.
[2020.12.31-05.34.39:732][  0]LogOcInput: OculusInput pre-init called
[2020.12.31-05.34.39:767][  0]LogUObjectArray: 19087 objects as part of root set at end of initial load.
[2020.12.31-05.34.39:767][  0]LogUObjectAllocator: 5035552 out of 0 bytes used by permanent object pool.
[2020.12.31-05.34.39:767][  0]LogUObjectArray: CloseDisregardForGC: 0/0 objects in disregard for GC pool
[2020.12.31-05.34.39:897][  0]LogEngine: Initializing Engine...
[2020.12.31-05.34.39:902][  0]LogHMD: Failed to initialize OpenVR with code 110
[2020.12.31-05.34.39:902][  0]LogMagicLeap: Warning: VR disabled because ZI is not enabled.  To enable, in the editor, Edit -> Project Settings -> Plugins -> Magic Leap Plugin -> Enable Zero Iteration
[2020.12.31-05.34.39:905][  0]LogStats: UGameplayTagsManager::InitializeManager -  0.000 s
[2020.12.31-05.34.40:167][  0]LogInit: Initializing FReadOnlyCVARCache
[2020.12.31-05.34.40:179][  0]LogAudioMixer: Display: Audio Mixer Platform Settings:
[2020.12.31-05.34.40:179][  0]LogAudioMixer: Display: 	Sample Rate:						  48000
[2020.12.31-05.34.40:179][  0]LogAudioMixer: Display: 	Callback Buffer Frame Size Requested: 1024
[2020.12.31-05.34.40:179][  0]LogAudioMixer: Display: 	Callback Buffer Frame Size To Use:	  1024
[2020.12.31-05.34.40:179][  0]LogAudioMixer: Display: 	Number of buffers to queue:			  2
[2020.12.31-05.34.40:179][  0]LogAudioMixer: Display: 	Max Channels (voices):				  32
[2020.12.31-05.34.40:179][  0]LogAudioMixer: Display: 	Number of Async Source Workers:		  0
[2020.12.31-05.34.40:179][  0]LogAudio: Display: AudioDevice MaxSources: 32
[2020.12.31-05.34.40:180][  0]LogAudio: Display: Using built-in audio occlusion.
[2020.12.31-05.34.40:181][  0]LogAudioMixer: Display: Initializing audio mixer.
[2020.12.31-05.34.40:268][  0]LogAudioMixer: Display: 0: FrontLeft
[2020.12.31-05.34.40:268][  0]LogAudioMixer: Display: 1: FrontRight
[2020.12.31-05.34.40:405][  0]LogAudioMixer: Display: Using Audio Device Speaker/Headphone (Realtek High Definition Audio(SST))
[2020.12.31-05.34.40:413][  0]LogAudioMixer: Display: Initializing Sound Submixes...
[2020.12.31-05.34.40:416][  0]LogAudioMixer: Display: Creating Master Submix 'MasterSubmixDefault'
[2020.12.31-05.34.40:417][  0]LogAudioMixer: Display: Creating Master Submix 'MasterReverbSubmixDefault'
[2020.12.31-05.34.40:419][  0]LogAudioMixer: Display: Creating Master Submix 'MasterEQSubmixDefault'
[2020.12.31-05.34.40:433][  0]LogInit: FAudioDevice initialized.
[2020.12.31-05.34.40:445][  0]LogNetVersion: Set ProjectVersion to 1.0.0.0. Version Checksum will be recalculated on next use.
[2020.12.31-05.34.40:453][  0]LogInit: Texture streaming: Enabled
[2020.12.31-05.34.40:618][  0]LogTemp: Warning: Game Instance
[2020.12.31-05.34.40:625][  0]LogTemp: Warning: Game Init
[2020.12.31-05.34.40:626][  0]LogSlate: Updating window title bar state: overlay mode, drag disabled, window buttons hidden, title bar hidden
[2020.12.31-05.34.40:629][  0]LogInit: Display: Game Engine Initialized.
[2020.12.31-05.34.40:630][  0]LogNiagaraEditor: Warning: GEditor isn't valid! Particle reset commands will not work for Niagara components!
[2020.12.31-05.34.40:665][  0]LogInit: Display: Starting Game.
[2020.12.31-05.34.40:665][  0]LogNet: Browse: 127.0.0.1:17777/Game/Main?Name=Player
[2020.12.31-05.34.40:666][  0]LogInit: WinSock: Socket queue. Rx: 32768 (config 32768) Tx: 32768 (config 32768)
[2020.12.31-05.34.40:666][  0]LogNet: Created socket for bind address: 0.0.0.0 on port 0
[2020.12.31-05.34.40:666][  0]PacketHandlerLog: Loaded PacketHandler component: Engine.EngineHandlerComponentFactory (StatelessConnectHandlerComponent)
[2020.12.31-05.34.40:667][  0]LogNet: Game client on port 17777, rate 10000
[2020.12.31-05.34.40:779][  0]LogLoad: (Engine Initialization) Total time: 43.20 seconds
[2020.12.31-05.34.40:779][  0]LogLoad: (Engine Initialization) Total Blueprint compile time: 0.00 seconds
[2020.12.31-05.34.40:796][  0]LogContentStreaming: Texture pool size now 1000 MB
[2020.12.31-05.34.40:810][  0]LogSlate: InvalidateAllWidgets triggered.  All widgets were invalidated
[2020.12.31-05.34.41:300][  2]LogAudio: Display: Waited 35.084301 ms for audio thread.
[2020.12.31-05.34.41:336][  2]LogAudio: Display: Waited 70.486595 ms for audio thread.
[2020.12.31-05.34.41:371][  2]LogAudio: Display: Waited 106.222900 ms for audio thread.
[2020.12.31-05.34.41:374][  2]LogAudio: Display: Waited 109.025703 ms for audio thread.
[2020.12.31-05.34.41:452][  3]LogAudio: Display: Waited 73.269302 ms for audio thread.
[2020.12.31-05.34.41:490][  3]LogAudio: Display: Waited 112.260696 ms for audio thread.
[2020.12.31-05.34.41:522][  3]LogAudio: Display: Waited 144.273499 ms for audio thread.
[2020.12.31-05.34.41:577][  5]LogAudio: Display: Waited 46.294601 ms for audio thread.
[2020.12.31-05.34.42:689][412]LogAudio: Display: Waited 35.882599 ms for audio thread.
[2020.12.31-05.34.42:710][412]LogAudio: Display: Waited 57.415897 ms for audio thread.
[2020.12.31-05.34.43:161][417]LogAudio: Display: Waited 35.352402 ms for audio thread.
[2020.12.31-05.34.43:163][417]LogAudio: Display: Waited 37.824200 ms for audio thread.
[2020.12.31-05.34.43:806][687]LogAudio: Display: Waited 42.512802 ms for audio thread.
[2020.12.31-05.34.43:813][687]LogAudio: Display: Waited 49.421703 ms for audio thread.
[2020.12.31-05.34.43:901][694]LogAudio: Display: Waited 35.451302 ms for audio thread.
[2020.12.31-05.34.43:937][694]LogAudio: Display: Waited 71.332199 ms for audio thread.
[2020.12.31-05.34.43:972][694]LogAudio: Display: Waited 107.214600 ms for audio thread.
[2020.12.31-05.34.44:008][694]LogAudio: Display: Waited 143.258606 ms for audio thread.
[2020.12.31-05.34.44:047][694]LogAudio: Display: Waited 182.501999 ms for audio thread.
[2020.12.31-05.34.44:083][694]LogAudio: Display: Waited 217.953903 ms for audio thread.
[2020.12.31-05.34.44:119][694]LogAudio: Display: Waited 253.922699 ms for audio thread.
[2020.12.31-05.34.44:135][694]LogAudio: Display: Waited 270.349487 ms for audio thread.
[2020.12.31-05.34.44:642][897]LogAudio: Display: Waited 35.473103 ms for audio thread.
[2020.12.31-05.34.44:675][897]LogAudio: Display: Waited 68.572502 ms for audio thread.
[2020.12.31-05.34.44:715][898]LogAudio: Display: Waited 35.777599 ms for audio thread.
[2020.12.31-05.34.44:748][898]LogAudio: Display: Waited 68.760605 ms for audio thread.
[2020.12.31-05.34.44:786][899]LogAudio: Display: Waited 35.602303 ms for audio thread.
[2020.12.31-05.34.44:796][899]LogAudio: Display: Waited 45.131500 ms for audio thread.
[2020.12.31-05.34.45:141][ 17]LogAudio: Display: Waited 35.697300 ms for audio thread.
[2020.12.31-05.34.45:155][ 17]LogAudio: Display: Waited 50.560600 ms for audio thread.
[2020.12.31-05.34.45:204][ 21]LogAudio: Display: Waited 35.363300 ms for audio thread.
[2020.12.31-05.34.45:226][ 21]LogAudio: Display: Waited 57.689999 ms for audio thread.
[2020.12.31-05.34.47:194][849]LogAudio: Display: Waited 35.753700 ms for audio thread.
[2020.12.31-05.34.47:230][849]LogAudio: Display: Waited 71.662598 ms for audio thread.
[2020.12.31-05.34.47:266][849]LogAudio: Display: Waited 107.618896 ms for audio thread.
[2020.12.31-05.34.47:302][849]LogAudio: Display: Waited 143.452606 ms for audio thread.
[2020.12.31-05.34.47:338][849]LogAudio: Display: Waited 179.463806 ms for audio thread.
[2020.12.31-05.34.47:374][849]LogAudio: Display: Waited 215.420792 ms for audio thread.
[2020.12.31-05.34.47:410][849]LogAudio: Display: Waited 251.724899 ms for audio thread.
[2020.12.31-05.34.47:446][849]LogAudio: Display: Waited 287.060699 ms for audio thread.
[2020.12.31-05.34.47:482][849]LogAudio: Display: Waited 322.969116 ms for audio thread.
[2020.12.31-05.34.47:518][849]LogAudio: Display: Waited 359.089417 ms for audio thread.
[2020.12.31-05.34.47:553][849]LogAudio: Display: Waited 394.765900 ms for audio thread.
[2020.12.31-05.34.47:589][849]LogAudio: Display: Waited 431.175293 ms for audio thread.
[2020.12.31-05.34.47:625][849]LogAudio: Display: Waited 466.569977 ms for audio thread.
[2020.12.31-05.34.47:646][849]LogAudio: Display: Waited 487.300293 ms for audio thread.
[2020.12.31-05.34.52:919][293]LogAudio: Display: Waited 35.091698 ms for audio thread.
[2020.12.31-05.34.52:928][293]LogAudio: Display: Waited 44.732101 ms for audio thread.
[2020.12.31-05.34.53:173][371]LogAudio: Display: Waited 35.380901 ms for audio thread.
[2020.12.31-05.34.53:184][371]LogAudio: Display: Waited 46.354301 ms for audio thread.
[2020.12.31-05.34.53:868][700]LogAudio: Display: Waited 35.847198 ms for audio thread.
[2020.12.31-05.34.53:881][700]LogAudio: Display: Waited 49.331501 ms for audio thread.
[2020.12.31-05.34.53:954][701]LogAudio: Display: Waited 71.098999 ms for audio thread.
[2020.12.31-05.34.53:989][701]LogAudio: Display: Waited 106.622398 ms for audio thread.
[2020.12.31-05.34.53:991][701]LogAudio: Display: Waited 109.040901 ms for audio thread.
[2020.12.31-05.34.54:780][999]LogAudio: Display: Waited 70.307701 ms for audio thread.
[2020.12.31-05.34.54:816][999]LogAudio: Display: Waited 106.430000 ms for audio thread.
[2020.12.31-05.34.54:853][999]LogAudio: Display: Waited 144.094711 ms for audio thread.
[2020.12.31-05.34.54:870][999]LogAudio: Display: Waited 160.796997 ms for audio thread.
[2020.12.31-05.34.54:965][  3]LogAudio: Display: Waited 35.438103 ms for audio thread.
[2020.12.31-05.34.55:001][  3]LogAudio: Display: Waited 71.303703 ms for audio thread.
[2020.12.31-05.34.55:037][  3]LogAudio: Display: Waited 107.189003 ms for audio thread.
[2020.12.31-05.34.55:046][  3]LogAudio: Display: Waited 116.565598 ms for audio thread.
[2020.12.31-05.34.55:904][381]LogAudio: Display: Waited 35.525600 ms for audio thread.
[2020.12.31-05.34.55:914][381]LogAudio: Display: Waited 44.740200 ms for audio thread.
[2020.12.31-05.34.55:955][382]LogAudio: Display: Waited 35.959698 ms for audio thread.
[2020.12.31-05.34.55:976][382]LogAudio: Display: Waited 57.203800 ms for audio thread.
[2020.12.31-05.34.56:034][384]LogAudio: Display: Waited 35.621899 ms for audio thread.
[2020.12.31-05.34.56:062][384]LogAudio: Display: Waited 64.323502 ms for audio thread.
[2020.12.31-05.34.56:148][389]LogAudio: Display: Waited 51.590900 ms for audio thread.
[2020.12.31-05.34.56:224][392]LogAudio: Display: Waited 35.361500 ms for audio thread.
[2020.12.31-05.34.56:233][392]LogAudio: Display: Waited 44.813900 ms for audio thread.
[2020.12.31-05.34.57:135][669]LogAudio: Display: Waited 39.181702 ms for audio thread.
[2020.12.31-05.34.58:104][983]LogAudio: Display: Waited 37.073299 ms for audio thread.
[2020.12.31-05.34.58:106][983]LogAudio: Display: Waited 39.420898 ms for audio thread.
[2020.12.31-05.34.58:998][182]LogAudio: Display: Waited 35.203300 ms for audio thread.
[2020.12.31-05.34.59:007][182]LogAudio: Display: Waited 44.463898 ms for audio thread.
[2020.12.31-05.35.00:246][578]LogAudio: Display: Waited 35.545700 ms for audio thread.
[2020.12.31-05.35.00:263][578]LogAudio: Display: Waited 53.421898 ms for audio thread.
[2020.12.31-05.35.00:793][658]LogNet: Warning: UNetConnection::Tick: Connection TIMED OUT. Closing connection.. Elapsed: 20.01, Real: 20.01, Good: 20.01, DriverTime: 20.01, Threshold: 20.00, [UNetConnection] RemoteAddr: 127.0.0.1:17777, Name: IpConnection_0, Driver: PendingNetDriver IpNetDriver_0, IsServer: NO, PC: NULL, Owner: NULL, UniqueId: INVALID
[2020.12.31-05.35.00:797][658]LogNet: Error: UEngine::BroadcastNetworkFailure: FailureType = ConnectionTimeout, ErrorString = UNetConnection::Tick: Connection TIMED OUT. Closing connection.. Elapsed: 20.01, Real: 20.01, Good: 20.01, DriverTime: 20.01, Threshold: 20.00, [UNetConnection] RemoteAddr: 127.0.0.1:17777, Name: IpConnection_0, Driver: PendingNetDriver IpNetDriver_0, IsServer: NO, PC: NULL, Owner: NULL, UniqueId: INVALID, Driver = PendingNetDriver IpNetDriver_0
[2020.12.31-05.35.00:797][658]LogNet: Warning: Network Failure: PendingNetDriver[ConnectionTimeout]: UNetConnection::Tick: Connection TIMED OUT. Closing connection.. Elapsed: 20.01, Real: 20.01, Good: 20.01, DriverTime: 20.01, Threshold: 20.00, [UNetConnection] RemoteAddr: 127.0.0.1:17777, Name: IpConnection_0, Driver: PendingNetDriver IpNetDriver_0, IsServer: NO, PC: NULL, Owner: NULL, UniqueId: INVALID
[2020.12.31-05.35.00:798][658]LogNet: NetworkFailure: ConnectionTimeout, Error: 'UNetConnection::Tick: Connection TIMED OUT. Closing connection.. Elapsed: 20.01, Real: 20.01, Good: 20.01, DriverTime: 20.01, Threshold: 20.00, [UNetConnection] RemoteAddr: 127.0.0.1:17777, Name: IpConnection_0, Driver: PendingNetDriver IpNetDriver_0, IsServer: NO, PC: NULL, Owner: NULL, UniqueId: INVALID'
[2020.12.31-05.35.00:798][658]LogNet: UNetConnection::Close: [UNetConnection] RemoteAddr: 127.0.0.1:17777, Name: IpConnection_0, Driver: PendingNetDriver IpNetDriver_0, IsServer: NO, PC: NULL, Owner: NULL, UniqueId: INVALID, Channels: 2, Time: 2020.12.31-05.35.00
[2020.12.31-05.35.00:798][658]LogNet: UChannel::Close: Sending CloseBunch. ChIndex == 0. Name: [UChannel] ChIndex: 0, Closing: 0 [UNetConnection] RemoteAddr: 127.0.0.1:17777, Name: IpConnection_0, Driver: PendingNetDriver IpNetDriver_0, IsServer: NO, PC: NULL, Owner: NULL, UniqueId: INVALID
[2020.12.31-05.35.00:807][659]LogNet: Error: UEngine::BroadcastNetworkFailure: FailureType = PendingConnectionFailure, ErrorString = Your connection to the host has been lost., Driver = PendingNetDriver IpNetDriver_0
[2020.12.31-05.35.00:807][659]LogNet: DestroyNamedNetDriver IpNetDriver_0 [PendingNetDriver]
[2020.12.31-05.35.00:808][659]LogExit: PendingNetDriver IpNetDriver_0 shut down
[2020.12.31-05.35.01:172][694]LogAudio: Display: Waited 45.256599 ms for audio thread.
[2020.12.31-05.35.01:176][694]LogAudio: Display: Waited 49.856499 ms for audio thread.
[2020.12.31-05.35.02:935][327]LogAudio: Display: Waited 35.273399 ms for audio thread.
[2020.12.31-05.35.02:971][327]LogAudio: Display: Waited 71.437599 ms for audio thread.
[2020.12.31-05.35.03:006][327]LogAudio: Display: Waited 106.287598 ms for audio thread.
[2020.12.31-05.35.03:042][327]LogAudio: Display: Waited 142.140594 ms for audio thread.
[2020.12.31-05.35.03:044][327]LogAudio: Display: Waited 144.887100 ms for audio thread.
[2020.12.31-05.35.04:624][155]LogAudio: Display: Waited 35.344299 ms for audio thread.
[2020.12.31-05.35.04:626][155]LogAudio: Display: Waited 37.799999 ms for audio thread.
[2020.12.31-05.35.44:567][340]LogSlate: Window 'Puzzles (64-bit Development PCD3D_SM5) ' being destroyed
[2020.12.31-05.35.44:570][340]LogWindowsTextInputMethodSystem: Display: IME system now deactivated.
[2020.12.31-05.35.44:576][340]LogSlate: Updating window title bar state: overlay mode, drag disabled, window buttons hidden, title bar hidden
[2020.12.31-05.35.44:576][340]LogEngine: All Windows Closed
[2020.12.31-05.35.44:576][340]LogWindows: FPlatformMisc::RequestExit(0)
[2020.12.31-05.35.44:576][340]LogCore: Engine exit requested (reason: Win RequestExit)
[2020.12.31-05.35.44:577][341]LogCore: Engine exit requested (reason: EngineExit() was called; note: exit was already requested)
[2020.12.31-05.35.44:615][341]LogAudio: Display: Waited 38.791000 ms for audio thread.
[2020.12.31-05.35.44:631][341]LogAudio: Display: Shutting down audio device while 2 references to it are still alive. For more information, compile with INSTRUMENT_AUDIODEVICE_HANDLES.
[2020.12.31-05.35.44:694][341]LogInit: Display: PreExit Game.
[2020.12.31-05.35.45:056][341]LogWorld: BeginTearingDown for /Temp/Untitled_0
[2020.12.31-05.35.45:056][341]LogWorld: UWorld::CleanupWorld for Untitled, bSessionEnded=true, bCleanupResources=true
[2020.12.31-05.35.45:056][341]LogSlate: InvalidateAllWidgets triggered.  All widgets were invalidated
