Log file open, 12/31/20 00:34:20
LogInit: Display: Running engine for game: Puzzles
LogPlatformFile: Not using cached read wrapper
LogTaskGraph: Started task graph with 5 named threads and 11 total threads with 3 sets of task threads.
LogStats: Stats thread started at 6.141968
LogD3D11RHI: Loaded GFSDK_Aftermath_Lib.x64.dll
LogICUInternationalization: ICU TimeZone Detection - Raw Offset: -5:00, Platform Override: ''
LogPluginManager: Mounting plugin Paper2D
LogPluginManager: Mounting plugin AISupport
LogPluginManager: Mounting plugin LightPropagationVolume
LogPluginManager: Mounting plugin CameraShakePreviewer
LogPluginManager: Mounting plugin ActorLayerUtilities
LogPluginManager: Mounting plugin AnimationSharing
LogPluginManager: Mounting plugin CLionSourceCodeAccess
LogPluginManager: Mounting plugin CodeLiteSourceCodeAccess
LogPluginManager: Mounting plugin GitSourceControl
LogPluginManager: Mounting plugin KDevelopSourceCodeAccess
LogPluginManager: Mounting plugin NullSourceCodeAccess
LogPluginManager: Mounting plugin PerforceSourceControl
LogPluginManager: Mounting plugin PlasticSourceControl
LogPluginManager: Mounting plugin RiderSourceCodeAccess
LogPluginManager: Mounting plugin SubversionSourceControl
LogPluginManager: Mounting plugin UObjectPlugin
LogPluginManager: Mounting plugin VisualStudioCodeSourceCodeAccess
LogPluginManager: Mounting plugin VisualStudioSourceCodeAccess
LogPluginManager: Mounting plugin XCodeSourceCodeAccess
LogPluginManager: Mounting plugin AssetManagerEditor
LogPluginManager: Mounting plugin CryptoKeys
LogPluginManager: Mounting plugin CurveEditorTools
LogPluginManager: Mounting plugin DataValidation
LogPluginManager: Mounting plugin EditorScriptingUtilities
LogPluginManager: Mounting plugin FacialAnimation
LogPluginManager: Mounting plugin GameplayTagsEditor
LogPluginManager: Mounting plugin GeometryMode
LogPluginManager: Mounting plugin MacGraphicsSwitching
LogPluginManager: Mounting plugin MaterialAnalyzer
LogPluginManager: Mounting plugin MobileLauncherProfileWizard
LogPluginManager: Mounting plugin PluginBrowser
LogPluginManager: Mounting plugin SpeedTreeImporter
LogPluginManager: Mounting plugin DatasmithContent
LogPluginManager: Mounting plugin VariantManagerContent
LogPluginManager: Mounting plugin AlembicImporter
LogPluginManager: Mounting plugin AutomationUtils
LogPluginManager: Mounting plugin BackChannel
LogPluginManager: Mounting plugin ChaosCloth
LogPluginManager: Mounting plugin ChaosClothEditor
LogPluginManager: Mounting plugin ChaosEditor
LogPluginManager: Mounting plugin ChaosNiagara
LogPluginManager: Mounting plugin ChaosSolverPlugin
LogPluginManager: Mounting plugin CharacterAI
LogPluginManager: Mounting plugin GeometryCache
LogPluginManager: Mounting plugin GeometryCollectionPlugin
LogPluginManager: Mounting plugin GeometryProcessing
LogPluginManager: Mounting plugin PlanarCut
LogPluginManager: Mounting plugin PlatformCrypto
LogPluginManager: Mounting plugin ProxyLODPlugin
LogPluginManager: Mounting plugin SkeletalReduction
LogPluginManager: Mounting plugin Niagara
LogPluginManager: Mounting plugin MagicLeap
LogPluginManager: Mounting plugin MagicLeapLightEstimation
LogPluginManager: Mounting plugin MagicLeapMedia
LogPluginManager: Mounting plugin MagicLeapPassableWorld
LogPluginManager: Mounting plugin MLSDK
LogPluginManager: Mounting plugin AndroidMedia
LogPluginManager: Mounting plugin AvfMedia
LogPluginManager: Mounting plugin ImgMedia
LogPluginManager: Mounting plugin MediaCompositing
LogPluginManager: Mounting plugin MediaPlayerEditor
LogPluginManager: Mounting plugin WebMMedia
LogPluginManager: Mounting plugin WmfMedia
LogPluginManager: Mounting plugin MeshPainting
LogPluginManager: Mounting plugin TcpMessaging
LogPluginManager: Mounting plugin UdpMessaging
LogPluginManager: Mounting plugin ActorSequence
LogPluginManager: Mounting plugin LevelSequenceEditor
LogPluginManager: Mounting plugin MatineeToLevelSequence
LogPluginManager: Mounting plugin MovieRenderPipeline
LogPluginManager: Mounting plugin TemplateSequence
LogPluginManager: Mounting plugin NetcodeUnitTest
LogPluginManager: Mounting plugin NUTUnrealEngine4
LogPluginManager: Mounting plugin OnlineSubsystemGooglePlay
LogPluginManager: Mounting plugin OnlineSubsystemIOS
LogPluginManager: Mounting plugin OnlineSubsystem
LogPluginManager: Mounting plugin OnlineSubsystemNull
LogPluginManager: Mounting plugin OnlineSubsystemUtils
LogPluginManager: Mounting plugin LauncherChunkInstaller
LogPluginManager: Mounting plugin AndroidDeviceProfileSelector
LogPluginManager: Mounting plugin AndroidMoviePlayer
LogPluginManager: Mounting plugin AndroidPermission
LogPluginManager: Mounting plugin AppleImageUtils
LogPluginManager: Mounting plugin AppleMoviePlayer
LogPluginManager: Mounting plugin ArchVisCharacter
LogPluginManager: Mounting plugin AssetTags
LogPluginManager: Mounting plugin AudioCapture
LogPluginManager: Mounting plugin CableComponent
LogPluginManager: Mounting plugin CustomMeshComponent
LogPluginManager: Mounting plugin EditableMesh
LogPluginManager: Mounting plugin ExampleDeviceProfileSelector
LogPluginManager: Mounting plugin GoogleCloudMessaging
LogPluginManager: Mounting plugin GooglePAD
LogPluginManager: Mounting plugin IOSDeviceProfileSelector
LogPluginManager: Mounting plugin LinuxDeviceProfileSelector
LogPluginManager: Mounting plugin LocationServicesBPLibrary
LogPluginManager: Mounting plugin MobilePatchingUtils
LogPluginManager: Mounting plugin OculusVR
LogPluginManager: Mounting plugin PhysXVehicles
LogPluginManager: Mounting plugin PostSplashScreen
LogPluginManager: Mounting plugin ProceduralMeshComponent
LogPluginManager: Mounting plugin RuntimePhysXCooking
LogPluginManager: Mounting plugin SignificanceManager
LogPluginManager: Mounting plugin SoundFields
LogPluginManager: Mounting plugin SteamVR
LogPluginManager: Mounting plugin Synthesis
LogPluginManager: Mounting plugin WebMMoviePlayer
LogPluginManager: Mounting plugin WindowsMoviePlayer
LogPluginManager: Mounting plugin ScreenshotTools
LogInit: Using libcurl 7.55.1-DEV
LogInit:  - built for x86_64-pc-win32
LogInit:  - supports SSL with OpenSSL/1.1.1
LogInit:  - supports HTTP deflate (compression) using libz 1.2.8
LogInit:  - other features:
LogInit:      CURL_VERSION_SSL
LogInit:      CURL_VERSION_LIBZ
LogInit:      CURL_VERSION_IPV6
LogInit:      CURL_VERSION_ASYNCHDNS
LogInit:      CURL_VERSION_LARGEFILE
LogInit:      CURL_VERSION_IDN
LogInit:  CurlRequestOptions (configurable via config and command line):
LogInit:  - bVerifyPeer = true  - Libcurl will verify peer certificate
LogInit:  - bUseHttpProxy = false  - Libcurl will NOT use HTTP proxy
LogInit:  - bDontReuseConnections = false  - Libcurl will reuse connections
LogInit:  - MaxHostConnections = 16  - Libcurl will limit the number of connections to a host
LogInit:  - LocalHostAddr = Default
LogInit:  - BufferSize = 65536
LogOnline: OSS: Creating online subsystem instance for: NULL
LogInit: WinSock: version 1.1 (2.2), MaxSocks=32767, MaxUdp=65467
LogOnline: OSS: TryLoadSubsystemAndSetDefault: Loaded subsystem for module [NULL]
LogInit: Build: ++UE4+Release-4.25-CL-14469661
LogInit: Engine Version: 4.25.4-14469661+++UE4+Release-4.25
LogInit: Compatible Engine Version: 4.25.0-13144385+++UE4+Release-4.25
LogInit: Net CL: 13144385
LogInit: OS: Windows 10 (Release 1909) (), CPU: Intel(R) Core(TM) i7-7500U CPU @ 2.70GHz, GPU: Intel(R) HD Graphics 620
LogInit: Compiled (64-bit): Oct 11 2020 08:10:49
LogInit: Compiled with Visual C++: 19.24.28315.00
LogInit: Build Configuration: Development
LogInit: Branch Name: ++UE4+Release-4.25
LogInit: Command Line:  127.0.0.1:17777 -game -PIEVIACONSOLE -Multiprocess "GameUserSettingsINI=C:/Users/Angelica .DESKTOP-RM5JOAJ/Documents/Learning Multiplayer/Puzzles/Puzzles/Saved/Config/Windows/PIEGameUserSettings1.ini" -MultiprocessSaveConfig -MultiprocessOSS -messaging -SessionName="Play in Standalone Game" -windowed -ResX=1280 -ResY=720
LogInit: Base Directory: C:/Program Files/Epic Games/UE_4.25/Engine/Binaries/Win64/
LogInit: Allocator: TBB
LogInit: Installed Engine Build: 1
LogDevObjectVersion: Number of dev versions registered: 26
LogDevObjectVersion:   Dev-Blueprints (B0D832E4-1F89-4F0D-ACCF-7EB736FD4AA2): 10
LogDevObjectVersion:   Dev-Build (E1C64328-A22C-4D53-A36C-8E866417BD8C): 0
LogDevObjectVersion:   Dev-Core (375EC13C-06E4-48FB-B500-84F0262A717E): 4
LogDevObjectVersion:   Dev-Editor (E4B068ED-F494-42E9-A231-DA0B2E46BB41): 38
LogDevObjectVersion:   Dev-Framework (CFFC743F-43B0-4480-9391-14DF171D2073): 37
LogDevObjectVersion:   Dev-Mobile (B02B49B5-BB20-44E9-A304-32B752E40360): 2
LogDevObjectVersion:   Dev-Networking (A4E4105C-59A1-49B5-A7C5-40C4547EDFEE): 0
LogDevObjectVersion:   Dev-Online (39C831C9-5AE6-47DC-9A44-9C173E1C8E7C): 0
LogDevObjectVersion:   Dev-Physics (78F01B33-EBEA-4F98-B9B4-84EACCB95AA2): 4
LogDevObjectVersion:   Dev-Platform (6631380F-2D4D-43E0-8009-CF276956A95A): 0
LogDevObjectVersion:   Dev-Rendering (12F88B9F-8875-4AFC-A67C-D90C383ABD29): 43
LogDevObjectVersion:   Dev-Sequencer (7B5AE74C-D270-4C10-A958-57980B212A5A): 12
LogDevObjectVersion:   Dev-VR (D7296918-1DD6-4BDD-9DE2-64A83CC13884): 3
LogDevObjectVersion:   Dev-LoadTimes (C2A15278-BFE7-4AFE-6C17-90FF531DF755): 1
LogDevObjectVersion:   Private-Geometry (6EACA3D4-40EC-4CC1-B786-8BED09428FC5): 3
LogDevObjectVersion:   Dev-AnimPhys (29E575DD-E0A3-4627-9D10-D276232CDCEA): 17
LogDevObjectVersion:   Dev-Anim (AF43A65D-7FD3-4947-9873-3E8ED9C1BB05): 7
LogDevObjectVersion:   Dev-ReflectionCapture (6B266CEC-1EC7-4B8F-A30B-E4D90942FC07): 1
LogDevObjectVersion:   Dev-Automation (0DF73D61-A23F-47EA-B727-89E90C41499A): 1
LogDevObjectVersion:   FortniteMain (601D1886-AC64-4F84-AA16-D3DE0DEAC7D6): 31
LogDevObjectVersion:   Dev-Enterprise (9DFFBCD6-494F-0158-E221-12823C92A888): 10
LogDevObjectVersion:   Dev-Niagara (F2AED0AC-9AFE-416F-8664-AA7FFA26D6FC): 1
LogDevObjectVersion:   Dev-Destruction (174F1F0B-B4C6-45A5-B13F-2EE8D0FB917D): 10
LogDevObjectVersion:   Dev-Physics-Ext (35F94A83-E258-406C-A318-09F59610247C): 37
LogDevObjectVersion:   Dev-PhysicsMaterial-Chaos (B68FC16E-8B1B-42E2-B453-215C058844FE): 1
LogDevObjectVersion:   Dev-CineCamera (B2E18506-4273-CFC2-A54E-F4BB758BBA07): 1
LogInit: Presizing for max 25165824 objects, including 0 objects not considered by GC, pre-allocating 0 bytes for permanent pool.
LogConfig: Applying CVar settings from Section [/Script/Engine.StreamingSettings] File [C:/Users/Angelica .DESKTOP-RM5JOAJ/Documents/Learning Multiplayer/Puzzles/Puzzles/Saved/Config/Windows/Engine.ini]
LogConfig: Setting CVar [[s.MinBulkDataSizeForAsyncLoading:131072]]
LogConfig: Setting CVar [[s.AsyncLoadingThreadEnabled:0]]
LogConfig: Setting CVar [[s.EventDrivenLoaderEnabled:1]]
LogConfig: Setting CVar [[s.WarnIfTimeLimitExceeded:0]]
LogConfig: Setting CVar [[s.TimeLimitExceededMultiplier:1.5]]
LogConfig: Setting CVar [[s.TimeLimitExceededMinTime:0.005]]
LogConfig: Setting CVar [[s.UseBackgroundLevelStreaming:1]]
LogConfig: Setting CVar [[s.PriorityAsyncLoadingExtraTime:15.0]]
LogConfig: Setting CVar [[s.LevelStreamingActorsUpdateTimeLimit:5.0]]
LogConfig: Setting CVar [[s.PriorityLevelStreamingActorsUpdateExtraTime:5.0]]
LogConfig: Setting CVar [[s.LevelStreamingComponentsRegistrationGranularity:10]]
LogConfig: Setting CVar [[s.UnregisterComponentsTimeLimit:1.0]]
LogConfig: Setting CVar [[s.LevelStreamingComponentsUnregistrationGranularity:5]]
LogConfig: Setting CVar [[s.FlushStreamingOnExit:1]]
LogInit: Object subsystem initialized
LogConfig: Setting CVar [[con.DebugEarlyDefault:1]]
LogConfig: Setting CVar [[r.setres:1280x720]]
[2020.12.31-05.34.26:512][  0]LogConfig: Setting CVar [[con.DebugEarlyDefault:1]]
[2020.12.31-05.34.26:512][  0]LogConfig: Setting CVar [[r.setres:1280x720]]
[2020.12.31-05.34.26:512][  0]LogConfig: Applying CVar settings from Section [/Script/Engine.RendererSettings] File [C:/Users/Angelica .DESKTOP-RM5JOAJ/Documents/Learning Multiplayer/Puzzles/Puzzles/Saved/Config/Windows/Engine.ini]
[2020.12.31-05.34.26:512][  0]LogConfig: Setting CVar [[r.GPUCrashDebugging:0]]
[2020.12.31-05.34.26:512][  0]LogConfig: Applying CVar settings from Section [/Script/Engine.RendererOverrideSettings] File [C:/Users/Angelica .DESKTOP-RM5JOAJ/Documents/Learning Multiplayer/Puzzles/Puzzles/Saved/Config/Windows/Engine.ini]
[2020.12.31-05.34.26:512][  0]LogConfig: Applying CVar settings from Section [/Script/Engine.StreamingSettings] File [C:/Users/Angelica .DESKTOP-RM5JOAJ/Documents/Learning Multiplayer/Puzzles/Puzzles/Saved/Config/Windows/Engine.ini]
[2020.12.31-05.34.26:512][  0]LogConfig: Setting CVar [[s.MinBulkDataSizeForAsyncLoading:131072]]
[2020.12.31-05.34.26:512][  0]LogConfig: Setting CVar [[s.AsyncLoadingThreadEnabled:0]]
[2020.12.31-05.34.26:513][  0]LogConfig: Setting CVar [[s.EventDrivenLoaderEnabled:1]]
[2020.12.31-05.34.26:513][  0]LogConfig: Setting CVar [[s.WarnIfTimeLimitExceeded:0]]
[2020.12.31-05.34.26:513][  0]LogConfig: Setting CVar [[s.TimeLimitExceededMultiplier:1.5]]
[2020.12.31-05.34.26:513][  0]LogConfig: Setting CVar [[s.TimeLimitExceededMinTime:0.005]]
[2020.12.31-05.34.26:513][  0]LogConfig: Setting CVar [[s.UseBackgroundLevelStreaming:1]]
[2020.12.31-05.34.26:513][  0]LogConfig: Setting CVar [[s.PriorityAsyncLoadingExtraTime:15.0]]
[2020.12.31-05.34.26:513][  0]LogConfig: Setting CVar [[s.LevelStreamingActorsUpdateTimeLimit:5.0]]
[2020.12.31-05.34.26:513][  0]LogConfig: Setting CVar [[s.PriorityLevelStreamingActorsUpdateExtraTime:5.0]]
[2020.12.31-05.34.26:513][  0]LogConfig: Setting CVar [[s.LevelStreamingComponentsRegistrationGranularity:10]]
[2020.12.31-05.34.26:513][  0]LogConfig: Setting CVar [[s.UnregisterComponentsTimeLimit:1.0]]
[2020.12.31-05.34.26:513][  0]LogConfig: Setting CVar [[s.LevelStreamingComponentsUnregistrationGranularity:5]]
[2020.12.31-05.34.26:513][  0]LogConfig: Setting CVar [[s.FlushStreamingOnExit:1]]
[2020.12.31-05.34.26:514][  0]LogConfig: Applying CVar settings from Section [/Script/Engine.GarbageCollectionSettings] File [C:/Users/Angelica .DESKTOP-RM5JOAJ/Documents/Learning Multiplayer/Puzzles/Puzzles/Saved/Config/Windows/Engine.ini]
[2020.12.31-05.34.26:514][  0]LogConfig: Setting CVar [[gc.MaxObjectsNotConsideredByGC:1]]
[2020.12.31-05.34.26:514][  0]LogConfig: Setting CVar [[gc.SizeOfPermanentObjectPool:0]]
[2020.12.31-05.34.26:514][  0]LogConfig: Setting CVar [[gc.FlushStreamingOnGC:0]]
[2020.12.31-05.34.26:514][  0]LogConfig: Setting CVar [[gc.NumRetriesBeforeForcingGC:10]]
[2020.12.31-05.34.26:514][  0]LogConfig: Setting CVar [[gc.AllowParallelGC:1]]
[2020.12.31-05.34.26:514][  0]LogConfig: Setting CVar [[gc.TimeBetweenPurgingPendingKillObjects:61.1]]
[2020.12.31-05.34.26:514][  0]LogConfig: Setting CVar [[gc.MaxObjectsInEditor:25165824]]
[2020.12.31-05.34.26:514][  0]LogConfig: Setting CVar [[gc.IncrementalBeginDestroyEnabled:1]]
[2020.12.31-05.34.26:514][  0]LogConfig: Setting CVar [[gc.CreateGCClusters:1]]
[2020.12.31-05.34.26:514][  0]LogConfig: Setting CVar [[gc.MinGCClusterSize:5]]
[2020.12.31-05.34.26:514][  0]LogConfig: Setting CVar [[gc.ActorClusteringEnabled:0]]
[2020.12.31-05.34.26:514][  0]LogConfig: Setting CVar [[gc.BlueprintClusteringEnabled:0]]
[2020.12.31-05.34.26:514][  0]LogConfig: Setting CVar [[gc.UseDisregardForGCOnDedicatedServers:0]]
[2020.12.31-05.34.26:514][  0]LogConfig: Applying CVar settings from Section [/Script/Engine.NetworkSettings] File [C:/Users/Angelica .DESKTOP-RM5JOAJ/Documents/Learning Multiplayer/Puzzles/Puzzles/Saved/Config/Windows/Engine.ini]
[2020.12.31-05.34.26:514][  0]LogConfig: Applying CVar settings from Section [/Script/UnrealEd.CookerSettings] File [C:/Users/Angelica .DESKTOP-RM5JOAJ/Documents/Learning Multiplayer/Puzzles/Puzzles/Saved/Config/Windows/Engine.ini]
[2020.12.31-05.34.26:528][  0]LogConfig: Applying CVar settings from Section [ViewDistanceQuality@3] File [C:/Users/Angelica .DESKTOP-RM5JOAJ/Documents/Learning Multiplayer/Puzzles/Puzzles/Saved/Config/Windows/Scalability.ini]
[2020.12.31-05.34.26:528][  0]LogConfig: Setting CVar [[r.SkeletalMeshLODBias:0]]
[2020.12.31-05.34.26:528][  0]LogConfig: Setting CVar [[r.ViewDistanceScale:1.0]]
[2020.12.31-05.34.26:528][  0]LogConfig: Applying CVar settings from Section [AntiAliasingQuality@3] File [C:/Users/Angelica .DESKTOP-RM5JOAJ/Documents/Learning Multiplayer/Puzzles/Puzzles/Saved/Config/Windows/Scalability.ini]
[2020.12.31-05.34.26:528][  0]LogConfig: Setting CVar [[r.PostProcessAAQuality:4]]
[2020.12.31-05.34.26:529][  0]LogConfig: Applying CVar settings from Section [ShadowQuality@3] File [C:/Users/Angelica .DESKTOP-RM5JOAJ/Documents/Learning Multiplayer/Puzzles/Puzzles/Saved/Config/Windows/Scalability.ini]
[2020.12.31-05.34.26:529][  0]LogConfig: Setting CVar [[r.LightFunctionQuality:1]]
[2020.12.31-05.34.26:529][  0]LogConfig: Setting CVar [[r.ShadowQuality:5]]
[2020.12.31-05.34.26:529][  0]LogConfig: Setting CVar [[r.Shadow.CSM.MaxCascades:10]]
[2020.12.31-05.34.26:529][  0]LogConfig: Setting CVar [[r.Shadow.MaxResolution:2048]]
[2020.12.31-05.34.26:529][  0]LogConfig: Setting CVar [[r.Shadow.MaxCSMResolution:2048]]
[2020.12.31-05.34.26:529][  0]LogConfig: Setting CVar [[r.Shadow.RadiusThreshold:0.01]]
[2020.12.31-05.34.26:529][  0]LogConfig: Setting CVar [[r.Shadow.DistanceScale:1.0]]
[2020.12.31-05.34.26:529][  0]LogConfig: Setting CVar [[r.Shadow.CSM.TransitionScale:1.0]]
[2020.12.31-05.34.26:529][  0]LogConfig: Setting CVar [[r.Shadow.PreShadowResolutionFactor:1.0]]
[2020.12.31-05.34.26:529][  0]LogConfig: Setting CVar [[r.DistanceFieldShadowing:1]]
[2020.12.31-05.34.26:529][  0]LogConfig: Setting CVar [[r.DistanceFieldAO:1]]
[2020.12.31-05.34.26:529][  0]LogConfig: Setting CVar [[r.AOQuality:2]]
[2020.12.31-05.34.26:530][  0]LogConfig: Setting CVar [[r.VolumetricFog:1]]
[2020.12.31-05.34.26:530][  0]LogConfig: Setting CVar [[r.VolumetricFog.GridPixelSize:8]]
[2020.12.31-05.34.26:530][  0]LogConfig: Setting CVar [[r.VolumetricFog.GridSizeZ:128]]
[2020.12.31-05.34.26:530][  0]LogConfig: Setting CVar [[r.VolumetricFog.HistoryMissSupersampleCount:4]]
[2020.12.31-05.34.26:530][  0]LogConfig: Setting CVar [[r.LightMaxDrawDistanceScale:1]]
[2020.12.31-05.34.26:530][  0]LogConfig: Setting CVar [[r.CapsuleShadows:1]]
[2020.12.31-05.34.26:530][  0]LogConfig: Applying CVar settings from Section [PostProcessQuality@3] File [C:/Users/Angelica .DESKTOP-RM5JOAJ/Documents/Learning Multiplayer/Puzzles/Puzzles/Saved/Config/Windows/Scalability.ini]
[2020.12.31-05.34.26:530][  0]LogConfig: Setting CVar [[r.MotionBlurQuality:4]]
[2020.12.31-05.34.26:530][  0]LogConfig: Setting CVar [[r.AmbientOcclusionMipLevelFactor:0.4]]
[2020.12.31-05.34.26:530][  0]LogConfig: Setting CVar [[r.AmbientOcclusionMaxQuality:100]]
[2020.12.31-05.34.26:530][  0]LogConfig: Setting CVar [[r.AmbientOcclusionLevels:-1]]
[2020.12.31-05.34.26:530][  0]LogConfig: Setting CVar [[r.AmbientOcclusionRadiusScale:1.0]]
[2020.12.31-05.34.26:530][  0]LogConfig: Setting CVar [[r.DepthOfFieldQuality:2]]
[2020.12.31-05.34.26:530][  0]LogConfig: Setting CVar [[r.RenderTargetPoolMin:400]]
[2020.12.31-05.34.26:530][  0]LogConfig: Setting CVar [[r.LensFlareQuality:2]]
[2020.12.31-05.34.26:530][  0]LogConfig: Setting CVar [[r.SceneColorFringeQuality:1]]
[2020.12.31-05.34.26:530][  0]LogConfig: Setting CVar [[r.EyeAdaptationQuality:2]]
[2020.12.31-05.34.26:531][  0]LogConfig: Setting CVar [[r.BloomQuality:5]]
[2020.12.31-05.34.26:531][  0]LogConfig: Setting CVar [[r.FastBlurThreshold:100]]
[2020.12.31-05.34.26:531][  0]LogConfig: Setting CVar [[r.Upscale.Quality:3]]
[2020.12.31-05.34.26:531][  0]LogConfig: Setting CVar [[r.Tonemapper.GrainQuantization:1]]
[2020.12.31-05.34.26:531][  0]LogConfig: Setting CVar [[r.LightShaftQuality:1]]
[2020.12.31-05.34.26:531][  0]LogConfig: Setting CVar [[r.Filter.SizeScale:1]]
[2020.12.31-05.34.26:531][  0]LogConfig: Setting CVar [[r.Tonemapper.Quality:5]]
[2020.12.31-05.34.26:531][  0]LogConfig: Setting CVar [[r.DOF.Gather.AccumulatorQuality:1        ; higher gathering accumulator quality]]
[2020.12.31-05.34.26:531][  0]LogConfig: Setting CVar [[r.DOF.Gather.PostfilterMethod:1          ; Median3x3 postfilering method]]
[2020.12.31-05.34.26:531][  0]LogConfig: Setting CVar [[r.DOF.Gather.EnableBokehSettings:0       ; no bokeh simulation when gathering]]
[2020.12.31-05.34.26:531][  0]LogConfig: Setting CVar [[r.DOF.Gather.RingCount:4                 ; medium number of samples when gathering]]
[2020.12.31-05.34.26:531][  0]LogConfig: Setting CVar [[r.DOF.Scatter.ForegroundCompositing:1    ; additive foreground scattering]]
[2020.12.31-05.34.26:531][  0]LogConfig: Setting CVar [[r.DOF.Scatter.BackgroundCompositing:2    ; additive background scattering]]
[2020.12.31-05.34.26:531][  0]LogConfig: Setting CVar [[r.DOF.Scatter.EnableBokehSettings:1      ; bokeh simulation when scattering]]
[2020.12.31-05.34.26:531][  0]LogConfig: Setting CVar [[r.DOF.Scatter.MaxSpriteRatio:0.1         ; only a maximum of 10% of scattered bokeh]]
[2020.12.31-05.34.26:532][  0]LogConfig: Setting CVar [[r.DOF.Recombine.Quality:1                ; cheap slight out of focus]]
[2020.12.31-05.34.26:532][  0]LogConfig: Setting CVar [[r.DOF.Recombine.EnableBokehSettings:0    ; no bokeh simulation on slight out of focus]]
[2020.12.31-05.34.26:532][  0]LogConfig: Setting CVar [[r.DOF.TemporalAAQuality:1                ; more stable temporal accumulation]]
[2020.12.31-05.34.26:532][  0]LogConfig: Setting CVar [[r.DOF.Kernel.MaxForegroundRadius:0.025]]
[2020.12.31-05.34.26:532][  0]LogConfig: Setting CVar [[r.DOF.Kernel.MaxBackgroundRadius:0.025]]
[2020.12.31-05.34.26:532][  0]LogConfig: Applying CVar settings from Section [TextureQuality@3] File [C:/Users/Angelica .DESKTOP-RM5JOAJ/Documents/Learning Multiplayer/Puzzles/Puzzles/Saved/Config/Windows/Scalability.ini]
[2020.12.31-05.34.26:532][  0]LogConfig: Setting CVar [[r.Streaming.MipBias:0]]
[2020.12.31-05.34.26:532][  0]LogConfig: Setting CVar [[r.Streaming.AmortizeCPUToGPUCopy:0]]
[2020.12.31-05.34.26:532][  0]LogConfig: Setting CVar [[r.Streaming.MaxNumTexturesToStreamPerFrame:0]]
[2020.12.31-05.34.26:532][  0]LogConfig: Setting CVar [[r.Streaming.Boost:1]]
[2020.12.31-05.34.26:532][  0]LogConfig: Setting CVar [[r.MaxAnisotropy:8]]
[2020.12.31-05.34.26:532][  0]LogConfig: Setting CVar [[r.VT.MaxAnisotropy:8]]
[2020.12.31-05.34.26:532][  0]LogConfig: Setting CVar [[r.Streaming.LimitPoolSizeToVRAM:0]]
[2020.12.31-05.34.26:532][  0]LogConfig: Setting CVar [[r.Streaming.PoolSize:1000]]
[2020.12.31-05.34.26:532][  0]LogConfig: Setting CVar [[r.Streaming.MaxEffectiveScreenSize:0]]
[2020.12.31-05.34.26:533][  0]LogConfig: Applying CVar settings from Section [EffectsQuality@3] File [C:/Users/Angelica .DESKTOP-RM5JOAJ/Documents/Learning Multiplayer/Puzzles/Puzzles/Saved/Config/Windows/Scalability.ini]
[2020.12.31-05.34.26:533][  0]LogConfig: Setting CVar [[r.TranslucencyLightingVolumeDim:64]]
[2020.12.31-05.34.26:533][  0]LogConfig: Setting CVar [[r.RefractionQuality:2]]
[2020.12.31-05.34.26:533][  0]LogConfig: Setting CVar [[r.SSR.Quality:3]]
[2020.12.31-05.34.26:533][  0]LogConfig: Setting CVar [[r.SSR.HalfResSceneColor:0]]
[2020.12.31-05.34.26:533][  0]LogConfig: Setting CVar [[r.SceneColorFormat:4]]
[2020.12.31-05.34.26:533][  0]LogConfig: Setting CVar [[r.DetailMode:2]]
[2020.12.31-05.34.26:533][  0]LogConfig: Setting CVar [[r.TranslucencyVolumeBlur:1]]
[2020.12.31-05.34.26:533][  0]LogConfig: Setting CVar [[r.MaterialQualityLevel:1 ; High quality]]
[2020.12.31-05.34.26:533][  0]LogConfig: Setting CVar [[r.SSS.Scale:1]]
[2020.12.31-05.34.26:533][  0]LogConfig: Setting CVar [[r.SSS.SampleSet:2]]
[2020.12.31-05.34.26:533][  0]LogConfig: Setting CVar [[r.SSS.Quality:1]]
[2020.12.31-05.34.26:533][  0]LogConfig: Setting CVar [[r.SSS.HalfRes:0]]
[2020.12.31-05.34.26:533][  0]LogConfig: Setting CVar [[r.SSGI.Quality:3]]
[2020.12.31-05.34.26:533][  0]LogConfig: Setting CVar [[r.EmitterSpawnRateScale:1.0]]
[2020.12.31-05.34.26:534][  0]LogConfig: Setting CVar [[r.ParticleLightQuality:2]]
[2020.12.31-05.34.26:534][  0]LogConfig: Setting CVar [[r.SkyAtmosphere.AerialPerspectiveLUT.FastApplyOnOpaque:1 ; Always have FastSkyLUT 1 in this case to avoid wrong sky]]
[2020.12.31-05.34.26:534][  0]LogConfig: Setting CVar [[r.SkyAtmosphere.AerialPerspectiveLUT.SampleCountPerSlice:1]]
[2020.12.31-05.34.26:534][  0]LogConfig: Setting CVar [[r.SkyAtmosphere.AerialPerspectiveLUT.DepthResolution:16.0]]
[2020.12.31-05.34.26:534][  0]LogConfig: Setting CVar [[r.SkyAtmosphere.FastSkyLUT:1]]
[2020.12.31-05.34.26:534][  0]LogConfig: Setting CVar [[r.SkyAtmosphere.FastSkyLUT.SampleCountMin:4.0]]
[2020.12.31-05.34.26:534][  0]LogConfig: Setting CVar [[r.SkyAtmosphere.FastSkyLUT.SampleCountMax:32.0]]
[2020.12.31-05.34.26:534][  0]LogConfig: Setting CVar [[r.SkyAtmosphere.SampleCountMin:4.0]]
[2020.12.31-05.34.26:534][  0]LogConfig: Setting CVar [[r.SkyAtmosphere.SampleCountMax:32.0]]
[2020.12.31-05.34.26:534][  0]LogConfig: Setting CVar [[r.SkyAtmosphere.TransmittanceLUT.UseSmallFormat:0]]
[2020.12.31-05.34.26:534][  0]LogConfig: Setting CVar [[r.SkyAtmosphere.TransmittanceLUT.SampleCount:10.0]]
[2020.12.31-05.34.26:534][  0]LogConfig: Setting CVar [[r.SkyAtmosphere.MultiScatteringLUT.SampleCount:15.0]]
[2020.12.31-05.34.26:534][  0]LogConfig: Applying CVar settings from Section [FoliageQuality@3] File [C:/Users/Angelica .DESKTOP-RM5JOAJ/Documents/Learning Multiplayer/Puzzles/Puzzles/Saved/Config/Windows/Scalability.ini]
[2020.12.31-05.34.26:534][  0]LogConfig: Setting CVar [[foliage.DensityScale:1.0]]
[2020.12.31-05.34.26:534][  0]LogConfig: Setting CVar [[grass.DensityScale:1.0]]
[2020.12.31-05.34.26:534][  0]LogConfig: Applying CVar settings from Section [ShadingQuality@3] File [C:/Users/Angelica .DESKTOP-RM5JOAJ/Documents/Learning Multiplayer/Puzzles/Puzzles/Saved/Config/Windows/Scalability.ini]
[2020.12.31-05.34.26:535][  0]LogConfig: Setting CVar [[r.HairStrands.SkyLighting.SampleCount:16]]
[2020.12.31-05.34.26:535][  0]LogConfig: Setting CVar [[r.HairStrands.SkyLighting.JitterIntegration:0]]
[2020.12.31-05.34.26:535][  0]LogConfig: Setting CVar [[r.HairStrands.SkyAO.SampleCount:16]]
[2020.12.31-05.34.26:535][  0]LogConfig: Setting CVar [[r.HairStrands.DeepShadow.SuperSampling:0]]
[2020.12.31-05.34.26:535][  0]LogConfig: Setting CVar [[r.HairStrands.VisibilityPPLL:0]]
[2020.12.31-05.34.26:535][  0]LogConfig: Setting CVar [[r.HairStrands.RasterizationScale:0.5]]
[2020.12.31-05.34.26:535][  0]LogConfig: Setting CVar [[r.HairStrands.VelocityRasterizationScale:1]]
[2020.12.31-05.34.26:535][  0]LogInit: Selected Device Profile: [Windows]
[2020.12.31-05.34.26:535][  0]LogInit: Applying CVar settings loaded from the selected device profile: [Windows]
[2020.12.31-05.34.26:535][  0]LogHAL: Display: Platform has ~ 16 GB [17052516352 / 17179869184 / 16], which maps to Larger [LargestMinGB=32, LargerMinGB=12, DefaultMinGB=8, SmallerMinGB=6, SmallestMinGB=0)
[2020.12.31-05.34.26:535][  0]LogInit: Going up to parent DeviceProfile []
[2020.12.31-05.34.26:536][  0]LogConfig: Applying CVar settings from Section [ViewDistanceQuality@3] File [C:/Users/Angelica .DESKTOP-RM5JOAJ/Documents/Learning Multiplayer/Puzzles/Puzzles/Saved/Config/Windows/Scalability.ini]
[2020.12.31-05.34.26:536][  0]LogConfig: Setting CVar [[r.SkeletalMeshLODBias:0]]
[2020.12.31-05.34.26:536][  0]LogConfig: Setting CVar [[r.ViewDistanceScale:1.0]]
[2020.12.31-05.34.26:536][  0]LogConfig: Applying CVar settings from Section [AntiAliasingQuality@3] File [C:/Users/Angelica .DESKTOP-RM5JOAJ/Documents/Learning Multiplayer/Puzzles/Puzzles/Saved/Config/Windows/Scalability.ini]
[2020.12.31-05.34.26:536][  0]LogConfig: Setting CVar [[r.PostProcessAAQuality:4]]
[2020.12.31-05.34.26:536][  0]LogConfig: Applying CVar settings from Section [ShadowQuality@3] File [C:/Users/Angelica .DESKTOP-RM5JOAJ/Documents/Learning Multiplayer/Puzzles/Puzzles/Saved/Config/Windows/Scalability.ini]
[2020.12.31-05.34.26:536][  0]LogConfig: Setting CVar [[r.LightFunctionQuality:1]]
[2020.12.31-05.34.26:536][  0]LogConfig: Setting CVar [[r.ShadowQuality:5]]
[2020.12.31-05.34.26:536][  0]LogConfig: Setting CVar [[r.Shadow.CSM.MaxCascades:10]]
[2020.12.31-05.34.26:536][  0]LogConfig: Setting CVar [[r.Shadow.MaxResolution:2048]]
[2020.12.31-05.34.26:536][  0]LogConfig: Setting CVar [[r.Shadow.MaxCSMResolution:2048]]
[2020.12.31-05.34.26:536][  0]LogConfig: Setting CVar [[r.Shadow.RadiusThreshold:0.01]]
[2020.12.31-05.34.26:536][  0]LogConfig: Setting CVar [[r.Shadow.DistanceScale:1.0]]
[2020.12.31-05.34.26:536][  0]LogConfig: Setting CVar [[r.Shadow.CSM.TransitionScale:1.0]]
[2020.12.31-05.34.26:536][  0]LogConfig: Setting CVar [[r.Shadow.PreShadowResolutionFactor:1.0]]
[2020.12.31-05.34.26:536][  0]LogConfig: Setting CVar [[r.DistanceFieldShadowing:1]]
[2020.12.31-05.34.26:537][  0]LogConfig: Setting CVar [[r.DistanceFieldAO:1]]
[2020.12.31-05.34.26:537][  0]LogConfig: Setting CVar [[r.AOQuality:2]]
[2020.12.31-05.34.26:537][  0]LogConfig: Setting CVar [[r.VolumetricFog:1]]
[2020.12.31-05.34.26:537][  0]LogConfig: Setting CVar [[r.VolumetricFog.GridPixelSize:8]]
[2020.12.31-05.34.26:537][  0]LogConfig: Setting CVar [[r.VolumetricFog.GridSizeZ:128]]
[2020.12.31-05.34.26:537][  0]LogConfig: Setting CVar [[r.VolumetricFog.HistoryMissSupersampleCount:4]]
[2020.12.31-05.34.26:537][  0]LogConfig: Setting CVar [[r.LightMaxDrawDistanceScale:1]]
[2020.12.31-05.34.26:537][  0]LogConfig: Setting CVar [[r.CapsuleShadows:1]]
[2020.12.31-05.34.26:537][  0]LogConfig: Applying CVar settings from Section [PostProcessQuality@3] File [C:/Users/Angelica .DESKTOP-RM5JOAJ/Documents/Learning Multiplayer/Puzzles/Puzzles/Saved/Config/Windows/Scalability.ini]
[2020.12.31-05.34.26:537][  0]LogConfig: Setting CVar [[r.MotionBlurQuality:4]]
[2020.12.31-05.34.26:537][  0]LogConfig: Setting CVar [[r.AmbientOcclusionMipLevelFactor:0.4]]
[2020.12.31-05.34.26:537][  0]LogConfig: Setting CVar [[r.AmbientOcclusionMaxQuality:100]]
[2020.12.31-05.34.26:537][  0]LogConfig: Setting CVar [[r.AmbientOcclusionLevels:-1]]
[2020.12.31-05.34.26:537][  0]LogConfig: Setting CVar [[r.AmbientOcclusionRadiusScale:1.0]]
[2020.12.31-05.34.26:537][  0]LogConfig: Setting CVar [[r.DepthOfFieldQuality:2]]
[2020.12.31-05.34.26:537][  0]LogConfig: Setting CVar [[r.RenderTargetPoolMin:400]]
[2020.12.31-05.34.26:537][  0]LogConfig: Setting CVar [[r.LensFlareQuality:2]]
[2020.12.31-05.34.26:537][  0]LogConfig: Setting CVar [[r.SceneColorFringeQuality:1]]
[2020.12.31-05.34.26:537][  0]LogConfig: Setting CVar [[r.EyeAdaptationQuality:2]]
[2020.12.31-05.34.26:538][  0]LogConfig: Setting CVar [[r.BloomQuality:5]]
[2020.12.31-05.34.26:538][  0]LogConfig: Setting CVar [[r.FastBlurThreshold:100]]
[2020.12.31-05.34.26:538][  0]LogConfig: Setting CVar [[r.Upscale.Quality:3]]
[2020.12.31-05.34.26:538][  0]LogConfig: Setting CVar [[r.Tonemapper.GrainQuantization:1]]
[2020.12.31-05.34.26:538][  0]LogConfig: Setting CVar [[r.LightShaftQuality:1]]
[2020.12.31-05.34.26:538][  0]LogConfig: Setting CVar [[r.Filter.SizeScale:1]]
[2020.12.31-05.34.26:538][  0]LogConfig: Setting CVar [[r.Tonemapper.Quality:5]]
[2020.12.31-05.34.26:538][  0]LogConfig: Setting CVar [[r.DOF.Gather.AccumulatorQuality:1        ; higher gathering accumulator quality]]
[2020.12.31-05.34.26:538][  0]LogConfig: Setting CVar [[r.DOF.Gather.PostfilterMethod:1          ; Median3x3 postfilering method]]
[2020.12.31-05.34.26:538][  0]LogConfig: Setting CVar [[r.DOF.Gather.EnableBokehSettings:0       ; no bokeh simulation when gathering]]
[2020.12.31-05.34.26:538][  0]LogConfig: Setting CVar [[r.DOF.Gather.RingCount:4                 ; medium number of samples when gathering]]
[2020.12.31-05.34.26:538][  0]LogConfig: Setting CVar [[r.DOF.Scatter.ForegroundCompositing:1    ; additive foreground scattering]]
[2020.12.31-05.34.26:538][  0]LogConfig: Setting CVar [[r.DOF.Scatter.BackgroundCompositing:2    ; additive background scattering]]
[2020.12.31-05.34.26:538][  0]LogConfig: Setting CVar [[r.DOF.Scatter.EnableBokehSettings:1      ; bokeh simulation when scattering]]
[2020.12.31-05.34.26:538][  0]LogConfig: Setting CVar [[r.DOF.Scatter.MaxSpriteRatio:0.1         ; only a maximum of 10% of scattered bokeh]]
[2020.12.31-05.34.26:538][  0]LogConfig: Setting CVar [[r.DOF.Recombine.Quality:1                ; cheap slight out of focus]]
[2020.12.31-05.34.26:538][  0]LogConfig: Setting CVar [[r.DOF.Recombine.EnableBokehSettings:0    ; no bokeh simulation on slight out of focus]]
[2020.12.31-05.34.26:539][  0]LogConfig: Setting CVar [[r.DOF.TemporalAAQuality:1                ; more stable temporal accumulation]]
[2020.12.31-05.34.26:539][  0]LogConfig: Setting CVar [[r.DOF.Kernel.MaxForegroundRadius:0.025]]
[2020.12.31-05.34.26:539][  0]LogConfig: Setting CVar [[r.DOF.Kernel.MaxBackgroundRadius:0.025]]
[2020.12.31-05.34.26:539][  0]LogConfig: Applying CVar settings from Section [TextureQuality@3] File [C:/Users/Angelica .DESKTOP-RM5JOAJ/Documents/Learning Multiplayer/Puzzles/Puzzles/Saved/Config/Windows/Scalability.ini]
[2020.12.31-05.34.26:539][  0]LogConfig: Setting CVar [[r.Streaming.MipBias:0]]
[2020.12.31-05.34.26:539][  0]LogConfig: Setting CVar [[r.Streaming.AmortizeCPUToGPUCopy:0]]
[2020.12.31-05.34.26:539][  0]LogConfig: Setting CVar [[r.Streaming.MaxNumTexturesToStreamPerFrame:0]]
[2020.12.31-05.34.26:539][  0]LogConfig: Setting CVar [[r.Streaming.Boost:1]]
[2020.12.31-05.34.26:539][  0]LogConfig: Setting CVar [[r.MaxAnisotropy:8]]
[2020.12.31-05.34.26:539][  0]LogConfig: Setting CVar [[r.VT.MaxAnisotropy:8]]
[2020.12.31-05.34.26:539][  0]LogConfig: Setting CVar [[r.Streaming.LimitPoolSizeToVRAM:0]]
[2020.12.31-05.34.26:539][  0]LogConfig: Setting CVar [[r.Streaming.PoolSize:1000]]
[2020.12.31-05.34.26:539][  0]LogConfig: Setting CVar [[r.Streaming.MaxEffectiveScreenSize:0]]
[2020.12.31-05.34.26:539][  0]LogConfig: Applying CVar settings from Section [EffectsQuality@3] File [C:/Users/Angelica .DESKTOP-RM5JOAJ/Documents/Learning Multiplayer/Puzzles/Puzzles/Saved/Config/Windows/Scalability.ini]
[2020.12.31-05.34.26:540][  0]LogConfig: Setting CVar [[r.TranslucencyLightingVolumeDim:64]]
[2020.12.31-05.34.26:540][  0]LogConfig: Setting CVar [[r.RefractionQuality:2]]
[2020.12.31-05.34.26:540][  0]LogConfig: Setting CVar [[r.SSR.Quality:3]]
[2020.12.31-05.34.26:540][  0]LogConfig: Setting CVar [[r.SSR.HalfResSceneColor:0]]
[2020.12.31-05.34.26:540][  0]LogConfig: Setting CVar [[r.SceneColorFormat:4]]
[2020.12.31-05.34.26:540][  0]LogConfig: Setting CVar [[r.DetailMode:2]]
[2020.12.31-05.34.26:540][  0]LogConfig: Setting CVar [[r.TranslucencyVolumeBlur:1]]
[2020.12.31-05.34.26:540][  0]LogConfig: Setting CVar [[r.MaterialQualityLevel:1 ; High quality]]
[2020.12.31-05.34.26:540][  0]LogConfig: Setting CVar [[r.SSS.Scale:1]]
[2020.12.31-05.34.26:540][  0]LogConfig: Setting CVar [[r.SSS.SampleSet:2]]
[2020.12.31-05.34.26:540][  0]LogConfig: Setting CVar [[r.SSS.Quality:1]]
[2020.12.31-05.34.26:540][  0]LogConfig: Setting CVar [[r.SSS.HalfRes:0]]
[2020.12.31-05.34.26:540][  0]LogConfig: Setting CVar [[r.SSGI.Quality:3]]
[2020.12.31-05.34.26:540][  0]LogConfig: Setting CVar [[r.EmitterSpawnRateScale:1.0]]
[2020.12.31-05.34.26:540][  0]LogConfig: Setting CVar [[r.ParticleLightQuality:2]]
[2020.12.31-05.34.26:540][  0]LogConfig: Setting CVar [[r.SkyAtmosphere.AerialPerspectiveLUT.FastApplyOnOpaque:1 ; Always have FastSkyLUT 1 in this case to avoid wrong sky]]
[2020.12.31-05.34.26:540][  0]LogConfig: Setting CVar [[r.SkyAtmosphere.AerialPerspectiveLUT.SampleCountPerSlice:1]]
[2020.12.31-05.34.26:540][  0]LogConfig: Setting CVar [[r.SkyAtmosphere.AerialPerspectiveLUT.DepthResolution:16.0]]
[2020.12.31-05.34.26:541][  0]LogConfig: Setting CVar [[r.SkyAtmosphere.FastSkyLUT:1]]
[2020.12.31-05.34.26:541][  0]LogConfig: Setting CVar [[r.SkyAtmosphere.FastSkyLUT.SampleCountMin:4.0]]
[2020.12.31-05.34.26:541][  0]LogConfig: Setting CVar [[r.SkyAtmosphere.FastSkyLUT.SampleCountMax:32.0]]
[2020.12.31-05.34.26:541][  0]LogConfig: Setting CVar [[r.SkyAtmosphere.SampleCountMin:4.0]]
[2020.12.31-05.34.26:541][  0]LogConfig: Setting CVar [[r.SkyAtmosphere.SampleCountMax:32.0]]
[2020.12.31-05.34.26:541][  0]LogConfig: Setting CVar [[r.SkyAtmosphere.TransmittanceLUT.UseSmallFormat:0]]
[2020.12.31-05.34.26:541][  0]LogConfig: Setting CVar [[r.SkyAtmosphere.TransmittanceLUT.SampleCount:10.0]]
[2020.12.31-05.34.26:541][  0]LogConfig: Setting CVar [[r.SkyAtmosphere.MultiScatteringLUT.SampleCount:15.0]]
[2020.12.31-05.34.26:541][  0]LogConfig: Applying CVar settings from Section [FoliageQuality@3] File [C:/Users/Angelica .DESKTOP-RM5JOAJ/Documents/Learning Multiplayer/Puzzles/Puzzles/Saved/Config/Windows/Scalability.ini]
[2020.12.31-05.34.26:541][  0]LogConfig: Setting CVar [[foliage.DensityScale:1.0]]
[2020.12.31-05.34.26:541][  0]LogConfig: Setting CVar [[grass.DensityScale:1.0]]
[2020.12.31-05.34.26:541][  0]LogConfig: Applying CVar settings from Section [ShadingQuality@3] File [C:/Users/Angelica .DESKTOP-RM5JOAJ/Documents/Learning Multiplayer/Puzzles/Puzzles/Saved/Config/Windows/Scalability.ini]
[2020.12.31-05.34.26:541][  0]LogConfig: Setting CVar [[r.HairStrands.SkyLighting.SampleCount:16]]
[2020.12.31-05.34.26:541][  0]LogConfig: Setting CVar [[r.HairStrands.SkyLighting.JitterIntegration:0]]
[2020.12.31-05.34.26:542][  0]LogConfig: Setting CVar [[r.HairStrands.SkyAO.SampleCount:16]]
[2020.12.31-05.34.26:542][  0]LogConfig: Setting CVar [[r.HairStrands.DeepShadow.SuperSampling:0]]
[2020.12.31-05.34.26:542][  0]LogConfig: Setting CVar [[r.HairStrands.VisibilityPPLL:0]]
[2020.12.31-05.34.26:542][  0]LogConfig: Setting CVar [[r.HairStrands.RasterizationScale:0.5]]
[2020.12.31-05.34.26:542][  0]LogConfig: Setting CVar [[r.HairStrands.VelocityRasterizationScale:1]]
[2020.12.31-05.34.26:542][  0]LogConfig: Applying CVar settings from Section [Startup] File [../../../Engine/Config/ConsoleVariables.ini]
[2020.12.31-05.34.26:543][  0]LogConfig: Setting CVar [[net.UseAdaptiveNetUpdateFrequency:0]]
[2020.12.31-05.34.26:543][  0]LogConfig: Setting CVar [[p.chaos.AllowCreatePhysxBodies:1]]
[2020.12.31-05.34.26:543][  0]LogConfig: Setting CVar [[fx.SkipVectorVMBackendOptimizations:1]]
[2020.12.31-05.34.26:543][  0]LogConfig: Applying CVar settings from Section [ConsoleVariables] File [C:/Users/Angelica .DESKTOP-RM5JOAJ/Documents/Learning Multiplayer/Puzzles/Puzzles/Saved/Config/Windows/Engine.ini]
[2020.12.31-05.34.26:543][  0]LogInit: Computer: SKETCH-PC
[2020.12.31-05.34.26:543][  0]LogInit: User: Angelica
[2020.12.31-05.34.26:543][  0]LogInit: CPU Page size=4096, Cores=2
[2020.12.31-05.34.26:544][  0]LogInit: High frequency timer resolution =10.000000 MHz
[2020.12.31-05.34.26:544][  0]LogMemory: Memory total: Physical=15.9GB (16GB approx)
[2020.12.31-05.34.26:544][  0]LogMemory: Platform Memory Stats for Windows
[2020.12.31-05.34.26:544][  0]LogMemory: Process Physical Memory: 114.11 MB used, 114.11 MB peak
[2020.12.31-05.34.26:544][  0]LogMemory: Process Virtual Memory: 97.34 MB used, 97.34 MB peak
[2020.12.31-05.34.26:544][  0]LogMemory: Physical Memory: 10899.40 MB used,  5363.14 MB free, 16262.55 MB total
[2020.12.31-05.34.26:544][  0]LogMemory: Virtual Memory: 5124.82 MB used,  134212600.00 MB free, 134217728.00 MB total
[2020.12.31-05.34.26:564][  0]LogWindows: WindowsPlatformFeatures enabled
[2020.12.31-05.34.26:673][  0]LogInit: Physics initialised using underlying interface: PhysX
[2020.12.31-05.34.26:675][  0]LogInit: Using OS detected language (en-US).
[2020.12.31-05.34.26:675][  0]LogInit: Using OS detected locale (en-US).
[2020.12.31-05.34.26:694][  0]LogTextLocalizationManager: No specific localization for 'en-US' exists, so the 'en' localization will be used.
[2020.12.31-05.34.27:678][  0]LogSlate: New Slate User Created.  User Index 0, Is Virtual User: 0
[2020.12.31-05.34.27:678][  0]LogSlate: Slate User Registered.  User Index 0, Is Virtual User: 0
[2020.12.31-05.34.27:714][  0]LogHMD: Failed to initialize OpenVR with code 110
[2020.12.31-05.34.27:714][  0]LogD3D11RHI: D3D11 min allowed feature level: 11_0
[2020.12.31-05.34.27:714][  0]LogD3D11RHI: D3D11 max allowed feature level: 11_0
[2020.12.31-05.34.27:714][  0]LogD3D11RHI: D3D11 adapters:
[2020.12.31-05.34.28:469][  0]LogD3D11RHI:    0. 'Intel(R) HD Graphics 620' (Feature Level 11_0)
[2020.12.31-05.34.28:469][  0]LogD3D11RHI:       128/0/8131 MB DedicatedVideo/DedicatedSystem/SharedSystem, Outputs:2, VendorId:0x8086
[2020.12.31-05.34.28:485][  0]LogD3D11RHI:    1. 'Microsoft Basic Render Driver' (Feature Level 11_0)
[2020.12.31-05.34.28:485][  0]LogD3D11RHI:       0/0/8131 MB DedicatedVideo/DedicatedSystem/SharedSystem, Outputs:0, VendorId:0x1414
[2020.12.31-05.34.28:505][  0]LogD3D11RHI:    2. 'Microsoft Basic Render Driver' (Feature Level 11_0)
[2020.12.31-05.34.28:505][  0]LogD3D11RHI:       0/0/8131 MB DedicatedVideo/DedicatedSystem/SharedSystem, Outputs:0, VendorId:0x1414
[2020.12.31-05.34.28:538][  0]LogD3D11RHI:    3. 'Microsoft Basic Render Driver' (Feature Level 11_0)
[2020.12.31-05.34.28:538][  0]LogD3D11RHI:       0/0/8131 MB DedicatedVideo/DedicatedSystem/SharedSystem, Outputs:0, VendorId:0x1414
[2020.12.31-05.34.28:548][  0]LogD3D11RHI:    4. 'Microsoft Basic Render Driver' (Feature Level 11_0)
[2020.12.31-05.34.28:548][  0]LogD3D11RHI:       0/0/8131 MB DedicatedVideo/DedicatedSystem/SharedSystem, Outputs:0, VendorId:0x1414
[2020.12.31-05.34.28:548][  0]LogD3D11RHI: Chosen D3D11 Adapter: 0
[2020.12.31-05.34.28:567][  0]LogD3D11RHI: Creating new Direct3DDevice
[2020.12.31-05.34.28:568][  0]LogD3D11RHI:     GPU DeviceId: 0x5916 (for the marketing name, search the web for "GPU Device Id")
[2020.12.31-05.34.28:568][  0]LogWindows: EnumDisplayDevices:
[2020.12.31-05.34.28:568][  0]LogWindows:    0. 'Intel(R) HD Graphics 620' (P:0 D:1)
[2020.12.31-05.34.28:569][  0]LogWindows:    1. 'Intel(R) HD Graphics 620' (P:0 D:0)
[2020.12.31-05.34.28:570][  0]LogWindows:    2. 'Intel(R) HD Graphics 620' (P:0 D:0)
[2020.12.31-05.34.28:571][  0]LogWindows:    3. 'MS Idd Device' (P:0 D:0)
[2020.12.31-05.34.28:572][  0]LogWindows:    4. 'MS Idd Device' (P:0 D:0)
[2020.12.31-05.34.28:572][  0]LogWindows:    5. 'MS Idd Device' (P:1 D:1)
[2020.12.31-05.34.28:573][  0]LogWindows: DebugString: GetVideoDriverDetailsInvalid PrimaryIsNotTheChoosenAdapter GetVideoDriverDetailsInvalid PrimaryIsNotTheChoosenAdapter GetVideoDriverDetailsInvalid PrimaryIsNotTheChoosenAdapter FoundDriverCount:3 
[2020.12.31-05.34.28:573][  0]LogD3D11RHI:     Adapter Name: Intel(R) HD Graphics 620
[2020.12.31-05.34.28:573][  0]LogD3D11RHI:   Driver Version: 24.20.100.6344 (internal:24.20.100.6344, unified:24.20.100.6344)
[2020.12.31-05.34.28:573][  0]LogD3D11RHI:      Driver Date: 11-10-2018
[2020.12.31-05.34.28:573][  0]LogRHI: Texture pool is 1523 MB (70% of 2176 MB)
[2020.12.31-05.34.28:583][  0]LogD3D11RHI: [IntelMetricsDiscovery] Failed to initialize context. Result=00000002
[2020.12.31-05.34.29:001][  0]LogD3D11RHI: RHI does not have support for 64 bit atomics
[2020.12.31-05.34.29:001][  0]LogD3D11RHI: Async texture creation enabled
[2020.12.31-05.34.29:001][  0]LogD3D11RHI: Array index from any shader is supported
[2020.12.31-05.34.29:035][  0]LogD3D11RHI: GPU Timing Frequency: 12.000048 (Debug: 2 0)
[2020.12.31-05.34.34:642][  0]LogTargetPlatformManager: Display: Loaded TargetPlatform 'WindowsNoEditor'
[2020.12.31-05.34.34:650][  0]LogTargetPlatformManager: Display: Loaded TargetPlatform 'Windows'
[2020.12.31-05.34.34:674][  0]LogTargetPlatformManager: Display: Loaded TargetPlatform 'WindowsClient'
[2020.12.31-05.34.34:697][  0]LogTargetPlatformManager: Display: Loaded TargetPlatform 'WindowsServer'
[2020.12.31-05.34.34:697][  0]LogTargetPlatformManager: Display: Building Assets For Windows
[2020.12.31-05.34.34:707][  0]LogAudioDebug: Display: Lib vorbis DLL was dynamically loaded.
[2020.12.31-05.34.34:817][  0]LogShaderCompilers: Guid format shader working directory is -31 characters bigger than the processId version (../../../../../../Users/Angelica .DESKTOP-RM5JOAJ/Documents/Learning Multiplayer/Puzzles/Puzzles/Intermediate/Shaders/WorkingDirectory/17528/).
[2020.12.31-05.34.34:817][  0]LogShaderCompilers: Cleaned the shader compiler working directory 'C:/Users/Angelica .DESKTOP-RM5JOAJ/AppData/Local/Temp/UnrealShaderWorkingDir/15E26CB9428B111109883BBE98E0EA2C/'.
[2020.12.31-05.34.34:821][  0]LogXGEController: Cannot use XGE Controller as Incredibuild is not installed on this machine.
[2020.12.31-05.34.34:822][  0]LogShaderCompilers: Cannot use XGE Shader Compiler as Incredibuild is not installed on this machine.
[2020.12.31-05.34.34:822][  0]LogShaderCompilers: Display: Using Local Shader Compiler.
[2020.12.31-05.34.37:215][  0]LogDerivedDataCache: Display: Max Cache Size: 512 MB
[2020.12.31-05.34.37:330][  0]LogDerivedDataCache: Loaded boot cache 0.12s 75MB C:/Users/Angelica .DESKTOP-RM5JOAJ/AppData/Local/UnrealEngine/4.25/DerivedDataCache/Boot.ddc.
[2020.12.31-05.34.37:330][  0]LogDerivedDataCache: Display: Loaded Boot cache: C:/Users/Angelica .DESKTOP-RM5JOAJ/AppData/Local/UnrealEngine/4.25/DerivedDataCache/Boot.ddc
[2020.12.31-05.34.37:330][  0]LogDerivedDataCache: FDerivedDataBackendGraph:  Pak pak cache file ../../../../../../Users/Angelica .DESKTOP-RM5JOAJ/Documents/Learning Multiplayer/Puzzles/Puzzles/DerivedDataCache/DDC.ddp not found, will not use a pak cache.
[2020.12.31-05.34.37:330][  0]LogDerivedDataCache: Unable to find inner node Pak for hierarchical cache Hierarchy.
[2020.12.31-05.34.37:330][  0]LogDerivedDataCache: FDerivedDataBackendGraph:  CompressedPak pak cache file ../../../../../../Users/Angelica .DESKTOP-RM5JOAJ/Documents/Learning Multiplayer/Puzzles/Puzzles/DerivedDataCache/Compressed.ddp not found, will not use a pak cache.
[2020.12.31-05.34.37:330][  0]LogDerivedDataCache: Unable to find inner node CompressedPak for hierarchical cache Hierarchy.
[2020.12.31-05.34.37:353][  0]LogDerivedDataCache: Display: Pak cache opened for reading ../../../Engine/DerivedDataCache/Compressed.ddp.
[2020.12.31-05.34.37:353][  0]LogDerivedDataCache: FDerivedDataBackendGraph:  EnterprisePak pak cache file ../../../Enterprise/DerivedDataCache/Compressed.ddp not found, will not use a pak cache.
[2020.12.31-05.34.37:353][  0]LogDerivedDataCache: Unable to find inner node EnterprisePak for hierarchical cache Hierarchy.
[2020.12.31-05.34.37:372][  0]LogDerivedDataCache: Using Local data cache path C:/Users/Angelica .DESKTOP-RM5JOAJ/AppData/Local/UnrealEngine/Common/DerivedDataCache: Writable
[2020.12.31-05.34.37:372][  0]LogDerivedDataCache: Shared data cache path not found in *engine.ini, will not use an Shared cache.
[2020.12.31-05.34.37:372][  0]LogDerivedDataCache: Unable to find inner node Shared for hierarchical cache Hierarchy.
[2020.12.31-05.34.37:492][  0]LogSlate: Using FreeType 2.10.0
[2020.12.31-05.34.37:493][  0]LogSlate: SlateFontServices - WITH_FREETYPE: 1, WITH_HARFBUZZ: 1
[2020.12.31-05.34.37:832][  0]LogInit: Using OS detected language (en-US).
[2020.12.31-05.34.37:832][  0]LogInit: Using OS detected locale (en-US).
[2020.12.31-05.34.37:832][  0]LogTextLocalizationManager: No localization for 'en-US' exists, so 'en' will be used for the language.
[2020.12.31-05.34.37:832][  0]LogTextLocalizationManager: No localization for 'en-US' exists, so 'en' will be used for the locale.
[2020.12.31-05.34.37:832][  0]LogSlate: FontCache flush requested. Reason: Culture for localization was changed
[2020.12.31-05.34.37:832][  0]LogSlate: FontCache flush requested. Reason: Culture for localization was changed
[2020.12.31-05.34.37:835][  0]LogTextLocalizationManager: Compacting localization data took   0.01ms
[2020.12.31-05.34.37:842][  0]LogAssetRegistry: FAssetRegistry took 0.0042 seconds to start up
[2020.12.31-05.34.38:409][  0]LogPackageLocalizationCache: Processed 19 localized package path(s) for 1 prioritized culture(s) in 0.006206 seconds
[2020.12.31-05.34.38:653][  0]LogInit: Selected Device Profile: [Windows]
[2020.12.31-05.34.38:993][  0]LogMeshReduction: Using QuadricMeshReduction for automatic static mesh reduction
[2020.12.31-05.34.38:993][  0]LogMeshReduction: Using SimplygonMeshReduction for automatic skeletal mesh reduction
[2020.12.31-05.34.38:993][  0]LogMeshReduction: Using ProxyLODMeshReduction for automatic mesh merging
[2020.12.31-05.34.38:993][  0]LogMeshReduction: No distributed automatic mesh merging module available
[2020.12.31-05.34.38:993][  0]LogMeshMerging: No distributed automatic mesh merging module available
[2020.12.31-05.34.39:034][  0]LogNetVersion: Puzzles 1.0.0, NetCL: 13144385, EngineNetVer: 14, GameNetVer: 0 (Checksum: 1097821826)
[2020.12.31-05.34.39:904][  0]LogAISub: UAISubsystem::UAISubsystem AISubsystem (0000027C1E3ECA00), frame # 0
[2020.12.31-05.34.39:904][  0]LogAISub: UAISubsystem::UAISubsystem AIPerceptionSystem (0000027C1F323C40), frame # 0
[2020.12.31-05.34.39:907][  0]LogAISub: UAISubsystem::UAISubsystem EnvQueryManager (0000027C1F32FC00), frame # 0
[2020.12.31-05.34.40:118][  0]LogCollectionManager: Loaded 0 collections in 0.005216 seconds
[2020.12.31-05.34.40:138][  0]LogFileCache: Scanning file cache for directory 'C:/Users/Angelica .DESKTOP-RM5JOAJ/Documents/Learning Multiplayer/Puzzles/Puzzles/Saved/Collections/' took 0.01s
[2020.12.31-05.34.40:138][  0]LogFileCache: Scanning file cache for directory 'C:/Users/Angelica .DESKTOP-RM5JOAJ/Documents/Learning Multiplayer/Puzzles/Puzzles/Content/Developers/Angelica/Collections/' took 0.00s
[2020.12.31-05.34.40:138][  0]LogCollectionManager: Fixed up redirectors for 0 collections in 0.000007 seconds (updated 0 objects)
[2020.12.31-05.34.40:231][  0]LogFileCache: Scanning file cache for directory 'C:/Users/Angelica .DESKTOP-RM5JOAJ/Documents/Learning Multiplayer/Puzzles/Puzzles/Content/Collections/' took 0.01s
[2020.12.31-05.34.40:231][  0]LogMoviePlayer: Initializing movie player
[2020.12.31-05.34.40:516][  0]LogTcpMessaging: Initializing TcpMessaging bridge
[2020.12.31-05.34.40:525][  0]LogUdpMessaging: Initializing bridge on interface 0.0.0.0:0 to multicast group 230.0.0.1:6666.
[2020.12.31-05.34.40:596][  0]LogTemp: Warning: Game Instance
[2020.12.31-05.34.40:618][  0]SourceControl: Source control is disabled
[2020.12.31-05.34.40:619][  0]SourceControl: Source control is disabled
[2020.12.31-05.34.40:631][  0]SourceControl: Source control is disabled
[2020.12.31-05.34.40:875][  0]LogAndroidPermission: UAndroidPermissionCallbackProxy::GetInstance
[2020.12.31-05.34.40:894][  0]LogAudioCaptureCore: Display: No Audio Capture implementations found. Audio input will be silent.
[2020.12.31-05.34.40:894][  0]LogAudioCaptureCore: Display: No Audio Capture implementations found. Audio input will be silent.
[2020.12.31-05.34.40:995][  0]LogOcInput: OculusInput pre-init called
[2020.12.31-05.34.41:036][  0]LogUObjectArray: 19087 objects as part of root set at end of initial load.
[2020.12.31-05.34.41:036][  0]LogUObjectAllocator: 5035552 out of 0 bytes used by permanent object pool.
[2020.12.31-05.34.41:036][  0]LogUObjectArray: CloseDisregardForGC: 0/0 objects in disregard for GC pool
[2020.12.31-05.34.41:241][  0]LogEngine: Initializing Engine...
[2020.12.31-05.34.41:284][  0]LogHMD: Failed to initialize OpenVR with code 110
[2020.12.31-05.34.41:284][  0]LogMagicLeap: Warning: VR disabled because ZI is not enabled.  To enable, in the editor, Edit -> Project Settings -> Plugins -> Magic Leap Plugin -> Enable Zero Iteration
[2020.12.31-05.34.41:395][  0]LogStats: UGameplayTagsManager::InitializeManager -  0.002 s
[2020.12.31-05.34.41:884][  0]LogInit: Initializing FReadOnlyCVARCache
[2020.12.31-05.34.41:890][  0]LogAudioMixer: Display: Audio Mixer Platform Settings:
[2020.12.31-05.34.41:890][  0]LogAudioMixer: Display: 	Sample Rate:						  48000
[2020.12.31-05.34.41:890][  0]LogAudioMixer: Display: 	Callback Buffer Frame Size Requested: 1024
[2020.12.31-05.34.41:890][  0]LogAudioMixer: Display: 	Callback Buffer Frame Size To Use:	  1024
[2020.12.31-05.34.41:890][  0]LogAudioMixer: Display: 	Number of buffers to queue:			  2
[2020.12.31-05.34.41:890][  0]LogAudioMixer: Display: 	Max Channels (voices):				  32
[2020.12.31-05.34.41:890][  0]LogAudioMixer: Display: 	Number of Async Source Workers:		  0
[2020.12.31-05.34.41:890][  0]LogAudio: Display: AudioDevice MaxSources: 32
[2020.12.31-05.34.41:891][  0]LogAudio: Display: Using built-in audio occlusion.
[2020.12.31-05.34.41:892][  0]LogAudioMixer: Display: Initializing audio mixer.
[2020.12.31-05.34.42:013][  0]LogAudioMixer: Display: 0: FrontLeft
[2020.12.31-05.34.42:013][  0]LogAudioMixer: Display: 1: FrontRight
[2020.12.31-05.34.42:159][  0]LogAudioMixer: Display: Using Audio Device Speaker/Headphone (Realtek High Definition Audio(SST))
[2020.12.31-05.34.42:170][  0]LogAudioMixer: Display: Initializing Sound Submixes...
[2020.12.31-05.34.42:177][  0]LogAudioMixer: Display: Creating Master Submix 'MasterSubmixDefault'
[2020.12.31-05.34.42:177][  0]LogAudioMixer: Display: Creating Master Submix 'MasterReverbSubmixDefault'
[2020.12.31-05.34.42:180][  0]LogAudioMixer: Display: Creating Master Submix 'MasterEQSubmixDefault'
[2020.12.31-05.34.42:183][  0]LogInit: FAudioDevice initialized.
[2020.12.31-05.34.42:245][  0]LogNetVersion: Set ProjectVersion to 1.0.0.0. Version Checksum will be recalculated on next use.
[2020.12.31-05.34.42:257][  0]LogInit: Texture streaming: Enabled
[2020.12.31-05.34.42:484][  0]LogTemp: Warning: Game Instance
[2020.12.31-05.34.42:491][  0]LogTemp: Warning: Game Init
[2020.12.31-05.34.42:493][  0]LogSlate: Updating window title bar state: overlay mode, drag disabled, window buttons hidden, title bar hidden
[2020.12.31-05.34.42:498][  0]LogInit: Display: Game Engine Initialized.
[2020.12.31-05.34.42:499][  0]LogNiagaraEditor: Warning: GEditor isn't valid! Particle reset commands will not work for Niagara components!
[2020.12.31-05.34.42:551][  0]LogInit: Display: Starting Game.
[2020.12.31-05.34.42:551][  0]LogNet: Browse: 127.0.0.1:17777/Game/Main?Name=Player
[2020.12.31-05.34.42:553][  0]LogInit: WinSock: Socket queue. Rx: 32768 (config 32768) Tx: 32768 (config 32768)
[2020.12.31-05.34.42:553][  0]LogNet: Created socket for bind address: 0.0.0.0 on port 0
[2020.12.31-05.34.42:554][  0]PacketHandlerLog: Loaded PacketHandler component: Engine.EngineHandlerComponentFactory (StatelessConnectHandlerComponent)
[2020.12.31-05.34.42:554][  0]LogNet: Game client on port 17777, rate 10000
[2020.12.31-05.34.42:653][  0]LogLoad: (Engine Initialization) Total time: 44.58 seconds
[2020.12.31-05.34.42:653][  0]LogLoad: (Engine Initialization) Total Blueprint compile time: 0.00 seconds
[2020.12.31-05.34.42:673][  0]LogContentStreaming: Texture pool size now 1000 MB
[2020.12.31-05.34.42:682][  0]LogSlate: InvalidateAllWidgets triggered.  All widgets were invalidated
[2020.12.31-05.34.43:821][177]LogAudio: Display: Waited 35.183502 ms for audio thread.
[2020.12.31-05.34.43:821][177]LogAudio: Display: Waited 35.999500 ms for audio thread.
[2020.12.31-05.34.44:152][279]LogAudio: Display: Waited 35.631798 ms for audio thread.
[2020.12.31-05.34.44:188][279]LogAudio: Display: Waited 71.743401 ms for audio thread.
[2020.12.31-05.34.44:224][279]LogAudio: Display: Waited 108.159897 ms for audio thread.
[2020.12.31-05.34.44:261][279]LogAudio: Display: Waited 144.426407 ms for audio thread.
[2020.12.31-05.34.44:297][279]LogAudio: Display: Waited 180.381500 ms for audio thread.
[2020.12.31-05.34.44:333][279]LogAudio: Display: Waited 216.268799 ms for audio thread.
[2020.12.31-05.34.44:369][279]LogAudio: Display: Waited 252.232605 ms for audio thread.
[2020.12.31-05.34.44:405][279]LogAudio: Display: Waited 288.184204 ms for audio thread.
[2020.12.31-05.34.44:441][279]LogAudio: Display: Waited 324.563293 ms for audio thread.
[2020.12.31-05.34.44:476][279]LogAudio: Display: Waited 359.940796 ms for audio thread.
[2020.12.31-05.34.44:512][279]LogAudio: Display: Waited 395.873016 ms for audio thread.
[2020.12.31-05.34.44:548][279]LogAudio: Display: Waited 431.742493 ms for audio thread.
[2020.12.31-05.34.44:584][279]LogAudio: Display: Waited 467.368317 ms for audio thread.
[2020.12.31-05.34.44:619][279]LogAudio: Display: Waited 502.821930 ms for audio thread.
[2020.12.31-05.34.44:655][279]LogAudio: Display: Waited 539.067383 ms for audio thread.
[2020.12.31-05.34.44:692][279]LogAudio: Display: Waited 574.965149 ms for audio thread.
[2020.12.31-05.34.44:728][279]LogAudio: Display: Waited 611.352112 ms for audio thread.
[2020.12.31-05.34.44:764][279]LogAudio: Display: Waited 647.131958 ms for audio thread.
[2020.12.31-05.34.44:799][279]LogAudio: Display: Waited 682.198975 ms for audio thread.
[2020.12.31-05.34.44:835][279]LogAudio: Display: Waited 718.280945 ms for audio thread.
[2020.12.31-05.34.44:870][279]LogAudio: Display: Waited 753.630249 ms for audio thread.
[2020.12.31-05.34.44:906][279]LogAudio: Display: Waited 789.005554 ms for audio thread.
[2020.12.31-05.34.44:941][279]LogAudio: Display: Waited 824.927368 ms for audio thread.
[2020.12.31-05.34.44:977][279]LogAudio: Display: Waited 861.075562 ms for audio thread.
[2020.12.31-05.34.45:013][279]LogAudio: Display: Waited 896.836426 ms for audio thread.
[2020.12.31-05.34.45:049][279]LogAudio: Display: Waited 932.289612 ms for audio thread.
[2020.12.31-05.34.45:058][279]LogAudio: Display: Waited 941.688782 ms for audio thread.
[2020.12.31-05.34.46:777][ 37]LogAudio: Display: Waited 71.037796 ms for audio thread.
[2020.12.31-05.34.46:789][ 37]LogAudio: Display: Waited 83.403107 ms for audio thread.
[2020.12.31-05.34.47:689][352]LogAudio: Display: Waited 70.791298 ms for audio thread.
[2020.12.31-05.34.47:725][352]LogAudio: Display: Waited 106.614594 ms for audio thread.
[2020.12.31-05.34.47:762][352]LogAudio: Display: Waited 145.239395 ms for audio thread.
[2020.12.31-05.34.47:798][352]LogAudio: Display: Waited 180.520798 ms for audio thread.
[2020.12.31-05.34.47:826][352]LogAudio: Display: Waited 209.106400 ms for audio thread.
[2020.12.31-05.34.52:937][767]LogAudio: Display: Waited 35.334301 ms for audio thread.
[2020.12.31-05.34.52:938][767]LogAudio: Display: Waited 36.752499 ms for audio thread.
[2020.12.31-05.34.55:596][809]LogAudio: Display: Waited 35.033901 ms for audio thread.
[2020.12.31-05.34.55:615][809]LogAudio: Display: Waited 54.740997 ms for audio thread.
[2020.12.31-05.34.55:901][940]LogAudio: Display: Waited 36.496098 ms for audio thread.
[2020.12.31-05.34.55:902][940]LogAudio: Display: Waited 37.424500 ms for audio thread.
[2020.12.31-05.34.55:963][944]LogAudio: Display: Waited 35.457203 ms for audio thread.
[2020.12.31-05.34.55:986][944]LogAudio: Display: Waited 58.618401 ms for audio thread.
[2020.12.31-05.34.56:025][945]LogAudio: Display: Waited 35.631798 ms for audio thread.
[2020.12.31-05.34.56:059][945]LogAudio: Display: Waited 70.401497 ms for audio thread.
[2020.12.31-05.34.56:153][948]LogAudio: Display: Waited 54.481400 ms for audio thread.
[2020.12.31-05.34.56:191][949]LogAudio: Display: Waited 35.297798 ms for audio thread.
[2020.12.31-05.34.56:223][949]LogAudio: Display: Waited 67.203903 ms for audio thread.
[2020.12.31-05.34.57:094][201]LogAudio: Display: Waited 47.635101 ms for audio thread.
[2020.12.31-05.34.57:140][202]LogAudio: Display: Waited 43.892303 ms for audio thread.
[2020.12.31-05.34.58:192][566]LogAudio: Display: Waited 37.702999 ms for audio thread.
[2020.12.31-05.34.58:195][566]LogAudio: Display: Waited 41.055099 ms for audio thread.
[2020.12.31-05.34.59:207][797]LogAudio: Display: Waited 69.989998 ms for audio thread.
[2020.12.31-05.34.59:243][797]LogAudio: Display: Waited 105.576698 ms for audio thread.
[2020.12.31-05.34.59:279][797]LogAudio: Display: Waited 141.478699 ms for audio thread.
[2020.12.31-05.34.59:314][797]LogAudio: Display: Waited 177.143692 ms for audio thread.
[2020.12.31-05.34.59:350][797]LogAudio: Display: Waited 212.478699 ms for audio thread.
[2020.12.31-05.34.59:365][797]LogAudio: Display: Waited 228.662003 ms for audio thread.
[2020.12.31-05.35.00:048][134]LogAudio: Display: Waited 50.708202 ms for audio thread.
[2020.12.31-05.35.01:167][323]LogAudio: Display: Waited 51.750599 ms for audio thread.
[2020.12.31-05.35.01:185][323]LogAudio: Display: Waited 70.080902 ms for audio thread.
[2020.12.31-05.35.02:665][867]LogNet: Warning: UNetConnection::Tick: Connection TIMED OUT. Closing connection.. Elapsed: 20.01, Real: 20.00, Good: 20.00, DriverTime: 20.01, Threshold: 20.00, [UNetConnection] RemoteAddr: 127.0.0.1:17777, Name: IpConnection_0, Driver: PendingNetDriver IpNetDriver_0, IsServer: NO, PC: NULL, Owner: NULL, UniqueId: INVALID
[2020.12.31-05.35.02:665][867]LogNet: Error: UEngine::BroadcastNetworkFailure: FailureType = ConnectionTimeout, ErrorString = UNetConnection::Tick: Connection TIMED OUT. Closing connection.. Elapsed: 20.01, Real: 20.00, Good: 20.00, DriverTime: 20.01, Threshold: 20.00, [UNetConnection] RemoteAddr: 127.0.0.1:17777, Name: IpConnection_0, Driver: PendingNetDriver IpNetDriver_0, IsServer: NO, PC: NULL, Owner: NULL, UniqueId: INVALID, Driver = PendingNetDriver IpNetDriver_0
[2020.12.31-05.35.02:665][867]LogNet: Warning: Network Failure: PendingNetDriver[ConnectionTimeout]: UNetConnection::Tick: Connection TIMED OUT. Closing connection.. Elapsed: 20.01, Real: 20.00, Good: 20.00, DriverTime: 20.01, Threshold: 20.00, [UNetConnection] RemoteAddr: 127.0.0.1:17777, Name: IpConnection_0, Driver: PendingNetDriver IpNetDriver_0, IsServer: NO, PC: NULL, Owner: NULL, UniqueId: INVALID
[2020.12.31-05.35.02:665][867]LogNet: NetworkFailure: ConnectionTimeout, Error: 'UNetConnection::Tick: Connection TIMED OUT. Closing connection.. Elapsed: 20.01, Real: 20.00, Good: 20.00, DriverTime: 20.01, Threshold: 20.00, [UNetConnection] RemoteAddr: 127.0.0.1:17777, Name: IpConnection_0, Driver: PendingNetDriver IpNetDriver_0, IsServer: NO, PC: NULL, Owner: NULL, UniqueId: INVALID'
[2020.12.31-05.35.02:665][867]LogNet: UNetConnection::Close: [UNetConnection] RemoteAddr: 127.0.0.1:17777, Name: IpConnection_0, Driver: PendingNetDriver IpNetDriver_0, IsServer: NO, PC: NULL, Owner: NULL, UniqueId: INVALID, Channels: 2, Time: 2020.12.31-05.35.02
[2020.12.31-05.35.02:666][867]LogNet: UChannel::Close: Sending CloseBunch. ChIndex == 0. Name: [UChannel] ChIndex: 0, Closing: 0 [UNetConnection] RemoteAddr: 127.0.0.1:17777, Name: IpConnection_0, Driver: PendingNetDriver IpNetDriver_0, IsServer: NO, PC: NULL, Owner: NULL, UniqueId: INVALID
[2020.12.31-05.35.02:668][868]LogNet: Error: UEngine::BroadcastNetworkFailure: FailureType = PendingConnectionFailure, ErrorString = Your connection to the host has been lost., Driver = PendingNetDriver IpNetDriver_0
[2020.12.31-05.35.02:668][868]LogNet: DestroyNamedNetDriver IpNetDriver_0 [PendingNetDriver]
[2020.12.31-05.35.02:669][868]LogExit: PendingNetDriver IpNetDriver_0 shut down
[2020.12.31-05.35.03:017][968]LogAudio: Display: Waited 70.506699 ms for audio thread.
[2020.12.31-05.35.03:053][968]LogAudio: Display: Waited 106.408905 ms for audio thread.
[2020.12.31-05.35.03:087][968]LogAudio: Display: Waited 140.719589 ms for audio thread.
[2020.12.31-05.35.03:141][974]LogAudio: Display: Waited 35.180901 ms for audio thread.
[2020.12.31-05.35.03:176][974]LogAudio: Display: Waited 71.155396 ms for audio thread.
[2020.12.31-05.35.03:212][974]LogAudio: Display: Waited 107.169098 ms for audio thread.
[2020.12.31-05.35.03:248][974]LogAudio: Display: Waited 143.162094 ms for audio thread.
[2020.12.31-05.35.03:284][974]LogAudio: Display: Waited 179.157303 ms for audio thread.
[2020.12.31-05.35.03:294][974]LogAudio: Display: Waited 189.140091 ms for audio thread.
[2020.12.31-05.35.03:331][975]LogAudio: Display: Waited 35.562298 ms for audio thread.
[2020.12.31-05.35.03:340][975]LogAudio: Display: Waited 45.446602 ms for audio thread.
[2020.12.31-05.35.03:391][980]LogAudio: Display: Waited 35.849003 ms for audio thread.
[2020.12.31-05.35.03:404][980]LogAudio: Display: Waited 49.715000 ms for audio thread.
[2020.12.31-05.35.03:452][983]LogAudio: Display: Waited 35.415600 ms for audio thread.
[2020.12.31-05.35.03:464][983]LogAudio: Display: Waited 48.204102 ms for audio thread.
[2020.12.31-05.35.09:274][739]LogAudio: Display: Waited 35.905998 ms for audio thread.
[2020.12.31-05.35.09:278][739]LogAudio: Display: Waited 40.031998 ms for audio thread.
[2020.12.31-05.35.09:371][741]LogAudio: Display: Waited 37.643997 ms for audio thread.
[2020.12.31-05.35.09:373][741]LogAudio: Display: Waited 40.125000 ms for audio thread.
[2020.12.31-05.35.18:507][957]LogAudio: Display: Waited 45.721901 ms for audio thread.
[2020.12.31-05.35.18:969][ 81]LogAudio: Display: Waited 35.742699 ms for audio thread.
[2020.12.31-05.35.18:983][ 81]LogAudio: Display: Waited 49.650700 ms for audio thread.
[2020.12.31-05.35.19:031][ 83]LogAudio: Display: Waited 36.380299 ms for audio thread.
[2020.12.31-05.35.19:036][ 83]LogAudio: Display: Waited 40.862602 ms for audio thread.
[2020.12.31-05.35.29:966][173]LogAudio: Display: Waited 35.114098 ms for audio thread.
[2020.12.31-05.35.29:969][173]LogAudio: Display: Waited 38.615303 ms for audio thread.
[2020.12.31-05.35.42:216][415]LogSlate: Window 'Puzzles (64-bit Development PCD3D_SM5) ' being destroyed
[2020.12.31-05.35.42:222][415]LogWindowsTextInputMethodSystem: Display: IME system now deactivated.
[2020.12.31-05.35.42:232][415]LogSlate: Updating window title bar state: overlay mode, drag disabled, window buttons hidden, title bar hidden
[2020.12.31-05.35.42:232][415]LogEngine: All Windows Closed
[2020.12.31-05.35.42:232][415]LogWindows: FPlatformMisc::RequestExit(0)
[2020.12.31-05.35.42:232][415]LogCore: Engine exit requested (reason: Win RequestExit)
[2020.12.31-05.35.42:234][416]LogCore: Engine exit requested (reason: EngineExit() was called; note: exit was already requested)
[2020.12.31-05.35.42:255][416]LogAudio: Display: Shutting down audio device while 2 references to it are still alive. For more information, compile with INSTRUMENT_AUDIODEVICE_HANDLES.
[2020.12.31-05.35.42:324][416]LogInit: Display: PreExit Game.
[2020.12.31-05.35.42:565][416]LogWorld: BeginTearingDown for /Temp/Untitled_0
[2020.12.31-05.35.42:565][416]LogWorld: UWorld::CleanupWorld for Untitled, bSessionEnded=true, bCleanupResources=true
[2020.12.31-05.35.42:565][416]LogSlate: InvalidateAllWidgets triggered.  All widgets were invalidated
[2020.12.31-05.35.43:495][416]LogExit: Preparing to exit.
[2020.12.31-05.35.43:608][416]LogMoviePlayer: Shutting down movie player
[2020.12.31-05.35.43:764][416]LogSlate: Updating window title bar state: overlay mode, drag disabled, window buttons hidden, title bar hidden
[2020.12.31-05.35.43:764][416]LogNet: UChannel::CleanUp: ChIndex == 0. Closing connection. [UChannel] ChIndex: 0, Closing: 0 [UNetConnection] RemoteAddr: 127.0.0.1:17777, Name: None, Driver: PendingNetDriver None, IsServer: NO, PC: NULL, Owner: NULL, UniqueId: INVALID
[2020.12.31-05.35.43:766][416]LogDemo: Cleaned up 0 splitscreen connections with owner deletion
[2020.12.31-05.35.43:777][416]LogExit: Game engine shut down
[2020.12.31-05.35.43:814][416]LogAISub: UAISubsystem::~UAISubsystem AISubsystem (0000027C1E3ECA00), frame # 18416
[2020.12.31-05.35.43:815][416]LogAISub: UAISubsystem::~UAISubsystem AIPerceptionSystem (0000027C1F323C40), frame # 18416
[2020.12.31-05.35.43:815][416]LogAISub: UAISubsystem::~UAISubsystem EnvQueryManager (0000027C1F32FC00), frame # 18416
[2020.12.31-05.35.43:890][416]LogExit: Object subsystem successfully closed.
[2020.12.31-05.35.43:927][416]LogShaderCompilers: Display: Shaders left to compile 0
[2020.12.31-05.35.44:045][416]LogModuleManager: Shutting down and abandoning module SequenceRecorderSections (494)
[2020.12.31-05.35.44:045][416]LogModuleManager: Shutting down and abandoning module SequenceRecorder (492)
[2020.12.31-05.35.44:045][416]LogModuleManager: Shutting down and abandoning module AutomationController (490)
[2020.12.31-05.35.44:046][416]LogModuleManager: Shutting down and abandoning module AutomationWorker (488)
[2020.12.31-05.35.44:046][416]LogModuleManager: Shutting down and abandoning module OculusMR (486)
[2020.12.31-05.35.44:046][416]LogModuleManager: Shutting down and abandoning module WmfMediaFactory (484)
[2020.12.31-05.35.44:046][416]LogModuleManager: Shutting down and abandoning module WebMMediaFactory (482)
[2020.12.31-05.35.44:046][416]LogModuleManager: Shutting down and abandoning module WebMMedia (480)
[2020.12.31-05.35.44:046][416]LogModuleManager: Shutting down and abandoning module OpenExrWrapper (478)
[2020.12.31-05.35.44:046][416]LogModuleManager: Shutting down and abandoning module ImgMediaFactory (476)
[2020.12.31-05.35.44:046][416]LogModuleManager: Shutting down and abandoning module AvfMediaFactory (474)
[2020.12.31-05.35.44:046][416]LogModuleManager: Shutting down and abandoning module MagicLeapMediaCodecFactory (472)
[2020.12.31-05.35.44:046][416]LogModuleManager: Shutting down and abandoning module MagicLeapMediaFactory (470)
[2020.12.31-05.35.44:046][416]LogModuleManager: Shutting down and abandoning module PlanarCut (468)
[2020.12.31-05.35.44:046][416]LogModuleManager: Shutting down and abandoning module CharacterAI (466)
[2020.12.31-05.35.44:046][416]LogModuleManager: Shutting down and abandoning module SessionServices (464)
[2020.12.31-05.35.44:046][416]LogModuleManager: Shutting down and abandoning module MovieSceneCapture (462)
[2020.12.31-05.35.44:046][416]LogModuleManager: Shutting down and abandoning module LiveCoding (460)
[2020.12.31-05.35.44:047][416]LogModuleManager: Shutting down and abandoning module LevelSequence (458)
[2020.12.31-05.35.44:047][416]LogModuleManager: Shutting down and abandoning module MovieSceneTracks (456)
[2020.12.31-05.35.44:047][416]LogModuleManager: Shutting down and abandoning module MovieScene (454)
[2020.12.31-05.35.44:047][416]LogModuleManager: Shutting down and abandoning module StreamingPauseRendering (452)
[2020.12.31-05.35.44:047][416]LogModuleManager: Shutting down and abandoning module PortalServices (450)
[2020.12.31-05.35.44:047][416]LogModuleManager: Shutting down and abandoning module PortalRpc (448)
[2020.12.31-05.35.44:047][416]LogModuleManager: Shutting down and abandoning module MessagingRpc (446)
[2020.12.31-05.35.44:047][416]LogModuleManager: Shutting down and abandoning module AudioMixerXAudio2 (444)
[2020.12.31-05.35.44:047][416]LogModuleManager: Shutting down and abandoning module AudioMixerCore (443)
[2020.12.31-05.35.44:047][416]LogModuleManager: Shutting down and abandoning module ProfilerService (440)
[2020.12.31-05.35.44:208][416]LogModuleManager: Shutting down and abandoning module TaskGraph (438)
[2020.12.31-05.35.44:208][416]LogModuleManager: Shutting down and abandoning module Synthesis (436)
[2020.12.31-05.35.44:208][416]LogModuleManager: Shutting down and abandoning module ProceduralMeshComponent (434)
[2020.12.31-05.35.44:209][416]LogModuleManager: Shutting down and abandoning module OculusInput (432)
[2020.12.31-05.35.44:209][416]LogModuleManager: Shutting down and abandoning module MobilePatchingUtils (430)
[2020.12.31-05.35.44:209][416]LogModuleManager: Shutting down and abandoning module GooglePAD (428)
[2020.12.31-05.35.44:209][416]LogModuleManager: Shutting down and abandoning module EditableMesh (426)
[2020.12.31-05.35.44:209][416]LogModuleManager: Shutting down and abandoning module CustomMeshComponent (424)
[2020.12.31-05.35.44:209][416]LogModuleManager: Shutting down and abandoning module CableComponent (422)
[2020.12.31-05.35.44:209][416]LogModuleManager: Shutting down and abandoning module AudioCapture (420)
[2020.12.31-05.35.44:209][416]LogModuleManager: Shutting down and abandoning module AudioCaptureRtAudio (419)
[2020.12.31-05.35.44:209][416]LogModuleManager: Shutting down and abandoning module AssetTags (416)
[2020.12.31-05.35.44:209][416]LogModuleManager: Shutting down and abandoning module ArchVisCharacter (414)
[2020.12.31-05.35.44:209][416]LogModuleManager: Shutting down and abandoning module AppleImageUtilsBlueprintSupport (412)
[2020.12.31-05.35.44:209][416]LogModuleManager: Shutting down and abandoning module AppleImageUtils (410)
[2020.12.31-05.35.44:209][416]LogModuleManager: Shutting down and abandoning module AndroidPermission (408)
[2020.12.31-05.35.44:209][416]LogModuleManager: Shutting down and abandoning module NUTUnrealEngine4 (406)
[2020.12.31-05.35.44:209][416]LogModuleManager: Shutting down and abandoning module NetcodeUnitTest (404)
[2020.12.31-05.35.44:209][416]LogModuleManager: Shutting down and abandoning module TemplateSequence (402)
[2020.12.31-05.35.44:209][416]LogModuleManager: Shutting down and abandoning module MovieRenderPipelineRenderPasses (400)
[2020.12.31-05.35.44:209][416]LogModuleManager: Shutting down and abandoning module MovieRenderPipelineSettings (398)
[2020.12.31-05.35.44:210][416]LogModuleManager: Shutting down and abandoning module MovieRenderPipelineCore (396)
[2020.12.31-05.35.44:210][416]LogModuleManager: Shutting down and abandoning module ImageWriteQueue (395)
[2020.12.31-05.35.44:213][416]LogModuleManager: Shutting down and abandoning module MediaCompositing (392)
[2020.12.31-05.35.44:213][416]LogModuleManager: Shutting down and abandoning module ImgMedia (390)
[2020.12.31-05.35.44:213][416]LogModuleManager: Shutting down and abandoning module MagicLeapSharedWorld (388)
[2020.12.31-05.35.44:213][416]LogModuleManager: Shutting down and abandoning module MagicLeapLightEstimation (386)
[2020.12.31-05.35.44:213][416]LogModuleManager: Shutting down and abandoning module MagicLeapHelperVulkan (384)
[2020.12.31-05.35.44:213][416]LogModuleManager: Shutting down and abandoning module MagicLeapHelperOpenGL (382)
[2020.12.31-05.35.44:213][416]LogModuleManager: Shutting down and abandoning module MagicLeapAudio (380)
[2020.12.31-05.35.44:213][416]LogModuleManager: Shutting down and abandoning module MeshSolverUtilities (378)
[2020.12.31-05.35.44:213][416]LogModuleManager: Shutting down and abandoning module MeshConversion (376)
[2020.12.31-05.35.44:213][416]LogModuleManager: Shutting down and abandoning module DynamicMesh (374)
[2020.12.31-05.35.44:213][416]LogModuleManager: Shutting down and abandoning module GeometryAlgorithms (372)
[2020.12.31-05.35.44:214][416]LogModuleManager: Shutting down and abandoning module GeometricObjects (370)
[2020.12.31-05.35.44:214][416]LogModuleManager: Shutting down and abandoning module GeometryCollectionTracks (368)
[2020.12.31-05.35.44:214][416]LogModuleManager: Shutting down and abandoning module GeometryCollectionSequencer (367)
[2020.12.31-05.35.44:214][416]LogModuleManager: Shutting down and abandoning module GeometryCacheTracks (364)
[2020.12.31-05.35.44:214][416]LogModuleManager: Shutting down and abandoning module GeometryCacheSequencer (363)
[2020.12.31-05.35.44:214][416]LogModuleManager: Shutting down and abandoning module GeometryCache (360)
[2020.12.31-05.35.44:214][416]LogModuleManager: Shutting down and abandoning module GeometryCacheEd (359)
[2020.12.31-05.35.44:214][416]LogModuleManager: Shutting down and abandoning module ChaosNiagara (356)
[2020.12.31-05.35.44:214][416]LogModuleManager: Shutting down and abandoning module ChaosCloth (354)
[2020.12.31-05.35.44:214][416]LogModuleManager: Shutting down and abandoning module BackChannel (352)
[2020.12.31-05.35.44:214][416]LogModuleManager: Shutting down and abandoning module AutomationUtils (350)
[2020.12.31-05.35.44:214][416]LogModuleManager: Shutting down and abandoning module VisualStudioSourceCodeAccess (348)
[2020.12.31-05.35.44:214][416]LogModuleManager: Shutting down and abandoning module HotReload (347)
[2020.12.31-05.35.44:215][416]LogModuleManager: Shutting down and abandoning module VisualStudioCodeSourceCodeAccess (344)
[2020.12.31-05.35.44:215][416]LogModuleManager: Shutting down and abandoning module UObjectPlugin (342)
[2020.12.31-05.35.44:215][416]LogModuleManager: Shutting down and abandoning module SubversionSourceControl (340)
[2020.12.31-05.35.44:215][416]LogModuleManager: Shutting down and abandoning module RiderSourceCodeAccess (338)
[2020.12.31-05.35.44:215][416]LogModuleManager: Shutting down and abandoning module PerforceSourceControl (336)
[2020.12.31-05.35.44:215][416]LogModuleManager: Shutting down and abandoning module SourceControl (335)
[2020.12.31-05.35.44:216][416]LogModuleManager: Shutting down and abandoning module CLionSourceCodeAccess (332)
[2020.12.31-05.35.44:216][416]LogModuleManager: Shutting down and abandoning module ActorLayerUtilities (330)
[2020.12.31-05.35.44:216][416]LogModuleManager: Shutting down and abandoning module Puzzles (328)
[2020.12.31-05.35.44:216][416]LogModuleManager: Shutting down and abandoning module SoundFields (326)
[2020.12.31-05.35.44:216][416]LogModuleManager: Shutting down and abandoning module SignificanceManager (324)
[2020.12.31-05.35.44:216][416]LogModuleManager: Shutting down and abandoning module RuntimePhysXCooking (322)
[2020.12.31-05.35.44:216][416]LogModuleManager: Shutting down and abandoning module PhysXVehiclesEditor (320)
[2020.12.31-05.35.44:216][416]LogModuleManager: Shutting down and abandoning module LocationServicesBPLibrary (316)
[2020.12.31-05.35.44:216][416]LogModuleManager: Shutting down and abandoning module ActorSequence (314)
[2020.12.31-05.35.44:216][416]LogModuleManager: Shutting down and abandoning module UdpMessaging (312)
[2020.12.31-05.35.44:317][416]LogModuleManager: Shutting down and abandoning module TcpMessaging (310)
[2020.12.31-05.35.44:573][416]LogModuleManager: Shutting down and abandoning module MagicLeapARPin (308)
[2020.12.31-05.35.44:574][416]LogModuleManager: Shutting down and abandoning module MagicLeapHandMeshing (306)
[2020.12.31-05.35.44:574][416]LogModuleManager: Shutting down and abandoning module MagicLeapSecureStorage (304)
[2020.12.31-05.35.44:574][416]LogModuleManager: Shutting down and abandoning module MagicLeapPrivileges (302)
[2020.12.31-05.35.44:575][416]LogModuleManager: Shutting down and abandoning module MagicLeapPlanes (300)
[2020.12.31-05.35.44:576][416]LogMagicLeapPlanes: Planes tracker already destroyed.
[2020.12.31-05.35.44:576][416]LogModuleManager: Shutting down and abandoning module MagicLeapImageTracker (298)
[2020.12.31-05.35.44:576][416]LogModuleManager: Shutting down and abandoning module MagicLeapIdentity (296)
[2020.12.31-05.35.44:576][416]LogModuleManager: Shutting down and abandoning module MagicLeapHandTracking (294)
[2020.12.31-05.35.44:576][416]LogModuleManager: Shutting down and abandoning module MagicLeapEyeTracker (292)
[2020.12.31-05.35.44:576][416]LogModuleManager: Shutting down and abandoning module MagicLeapController (290)
[2020.12.31-05.35.44:576][416]LogSlate: Slate User Destroyed.  User Index 0, Is Virtual User: 0
[2020.12.31-05.35.44:577][416]LogModuleManager: Shutting down and abandoning module MagicLeapARPinImpl (288)
[2020.12.31-05.35.44:577][416]LogModuleManager: Shutting down and abandoning module MagicLeapAR (286)
[2020.12.31-05.35.44:577][416]LogModuleManager: Shutting down and abandoning module AugmentedReality (285)
[2020.12.31-05.35.44:577][416]LogModuleManager: Shutting down and abandoning module NiagaraAnimNotifies (282)
[2020.12.31-05.35.44:577][416]LogModuleManager: Shutting down and abandoning module Niagara (280)
[2020.12.31-05.35.44:577][416]LogModuleManager: Shutting down and abandoning module SignalProcessing (279)
[2020.12.31-05.35.44:577][416]LogModuleManager: Shutting down and abandoning module NiagaraEditor (277)
[2020.12.31-05.35.44:578][416]LogModuleManager: Shutting down and abandoning module NiagaraCore (274)
[2020.12.31-05.35.44:578][416]LogModuleManager: Shutting down and abandoning module GameplayTagsEditor (272)
[2020.12.31-05.35.44:578][416]LogModuleManager: Shutting down and abandoning module FacialAnimation (270)
[2020.12.31-05.35.44:579][416]LogModuleManager: Shutting down and abandoning module AssetManagerEditor (268)
[2020.12.31-05.35.44:579][416]LogModuleManager: Shutting down and abandoning module TreeMap (267)
[2020.12.31-05.35.44:579][416]LogModuleManager: Shutting down and abandoning module AnimationSharing (264)
[2020.12.31-05.35.44:579][416]LogModuleManager: Shutting down and abandoning module LightPropagationVolumeRuntime (262)
[2020.12.31-05.35.44:581][416]LogModuleManager: Shutting down and abandoning module Paper2D (260)
[2020.12.31-05.35.44:581][416]LogModuleManager: Shutting down and abandoning module WindowsMoviePlayer (258)
[2020.12.31-05.35.44:582][416]LogModuleManager: Shutting down and abandoning module WebMMoviePlayer (256)
[2020.12.31-05.35.44:582][416]LogModuleManager: Shutting down and abandoning module NetworkReplayStreaming (254)
[2020.12.31-05.35.44:582][416]LogModuleManager: Shutting down and abandoning module PacketHandler (252)
[2020.12.31-05.35.44:582][416]LogModuleManager: Shutting down and abandoning module ClothingSystemEditor (250)
[2020.12.31-05.35.44:583][416]LogModuleManager: Shutting down and abandoning module ClothingSystemRuntimeNv (248)
[2020.12.31-05.35.44:583][416]LogModuleManager: Shutting down and abandoning module MediaAssets (246)
[2020.12.31-05.35.44:583][416]LogModuleManager: Shutting down and abandoning module Overlay (244)
[2020.12.31-05.35.44:583][416]LogModuleManager: Shutting down and abandoning module OverlayEditor (243)
[2020.12.31-05.35.44:583][416]LogModuleManager: Shutting down and abandoning module VREditor (240)
[2020.12.31-05.35.44:583][416]LogModuleManager: Shutting down and abandoning module StringTableEditor (238)
[2020.12.31-05.35.44:583][416]LogModuleManager: Shutting down and abandoning module GameplayTasksEditor (236)
[2020.12.31-05.35.44:583][416]LogModuleManager: Shutting down and abandoning module BehaviorTreeEditor (234)
[2020.12.31-05.35.44:583][416]LogModuleManager: Shutting down and abandoning module FunctionalTesting (232)
[2020.12.31-05.35.44:583][416]LogModuleManager: Shutting down and abandoning module CollisionAnalyzer (230)
[2020.12.31-05.35.44:583][416]LogModuleManager: Shutting down and abandoning module UMG (228)
[2020.12.31-05.35.44:583][416]LogModuleManager: Shutting down and abandoning module UMGEditor (227)
[2020.12.31-05.35.44:584][416]LogModuleManager: Shutting down and abandoning module Sequencer (226)
[2020.12.31-05.35.44:587][416]LogModuleManager: Shutting down and abandoning module MessageLog (223)
[2020.12.31-05.35.44:587][416]LogModuleManager: Shutting down and abandoning module MaterialEditor (221)
[2020.12.31-05.35.44:588][416]LogModuleManager: Shutting down and abandoning module ContentBrowser (220)
[2020.12.31-05.35.44:589][416]LogModuleManager: Shutting down and abandoning module WorkspaceMenuStructure (219)
[2020.12.31-05.35.44:589][416]LogModuleManager: Shutting down and abandoning module CollectionManager (217)
[2020.12.31-05.35.44:590][416]LogModuleManager: Shutting down and abandoning module DirectoryWatcher (216)
[2020.12.31-05.35.44:590][416]LogModuleManager: Shutting down and abandoning module SlateReflector (208)
[2020.12.31-05.35.44:590][416]LogModuleManager: Shutting down and abandoning module Slate (206)
[2020.12.31-05.35.44:590][416]LogModuleManager: Shutting down and abandoning module SlateCore (204)
[2020.12.31-05.35.44:591][416]LogModuleManager: Shutting down and abandoning module LandscapeEditorUtilities (202)
[2020.12.31-05.35.44:591][416]LogModuleManager: Shutting down and abandoning module EditorStyle (200)
[2020.12.31-05.35.44:599][416]LogModuleManager: Shutting down and abandoning module UnrealEd (198)
[2020.12.31-05.35.44:599][416]LogModuleManager: Shutting down and abandoning module MRMesh (196)
[2020.12.31-05.35.44:599][416]LogModuleManager: Shutting down and abandoning module Messaging (194)
[2020.12.31-05.35.44:600][416]LogModuleManager: Shutting down and abandoning module SourceCodeAccess (192)
[2020.12.31-05.35.44:600][416]LogModuleManager: Shutting down and abandoning module HeadMountedDisplay (190)
[2020.12.31-05.35.44:600][416]LogModuleManager: Shutting down and abandoning module XAudio2 (188)
[2020.12.31-05.35.44:600][416]LogModuleManager: Shutting down and abandoning module Networking (186)
[2020.12.31-05.35.44:600][416]LogModuleManager: Shutting down and abandoning module Core (184)
[2020.12.31-05.35.44:600][416]LogModuleManager: Shutting down and abandoning module MovieSceneTools (182)
[2020.12.31-05.35.44:600][416]LogModuleManager: Shutting down and abandoning module KismetCompiler (180)
[2020.12.31-05.35.44:600][416]LogModuleManager: Shutting down and abandoning module MeshBuilder (178)
[2020.12.31-05.35.44:600][416]LogModuleManager: Shutting down and abandoning module MeshUtilities (176)
[2020.12.31-05.35.44:601][416]LogModuleManager: Shutting down and abandoning module MeshMergeUtilities (175)
[2020.12.31-05.35.44:601][416]LogModuleManager: Shutting down and abandoning module MeshReductionInterface (174)
[2020.12.31-05.35.44:601][416]LogModuleManager: Shutting down and abandoning module MeshBoneReduction (173)
[2020.12.31-05.35.44:601][416]LogModuleManager: Shutting down and abandoning module SkeletalMeshReduction (171)
[2020.12.31-05.35.44:601][416]LogModuleManager: Shutting down and abandoning module ProxyLODMeshReduction (169)
[2020.12.31-05.35.44:601][416]LogModuleManager: Shutting down and abandoning module QuadricMeshReduction (167)
[2020.12.31-05.35.44:601][416]LogModuleManager: Shutting down and abandoning module MaterialBaking (163)
[2020.12.31-05.35.44:601][416]LogModuleManager: Shutting down and abandoning module NullInstallBundleManager (158)
[2020.12.31-05.35.44:601][416]LogModuleManager: Shutting down and abandoning module PIEPreviewDeviceProfileSelector (156)
[2020.12.31-05.35.44:601][416]LogModuleManager: Shutting down and abandoning module DerivedDataCache (154)
[2020.12.31-05.35.44:601][416]LogModuleManager: Shutting down and abandoning module XGEController (152)
[2020.12.31-05.35.44:601][416]LogModuleManager: Shutting down and abandoning module TargetPlatform (150)
[2020.12.31-05.35.44:601][416]LogModuleManager: Shutting down and abandoning module VulkanShaderFormat (149)
[2020.12.31-05.35.44:601][416]LogModuleManager: Shutting down and abandoning module ShaderFormatVectorVM (147)
[2020.12.31-05.35.44:602][416]LogModuleManager: Shutting down and abandoning module ShaderFormatOpenGL (145)
[2020.12.31-05.35.44:602][416]LogModuleManager: Shutting down and abandoning module ShaderFormatD3D (143)
[2020.12.31-05.35.44:602][416]LogModuleManager: Shutting down and abandoning module MetalShaderFormat (141)
[2020.12.31-05.35.44:602][416]LogModuleManager: Shutting down and abandoning module TextureFormatUncompressed (139)
[2020.12.31-05.35.44:602][416]LogModuleManager: Shutting down and abandoning module TextureFormatPVR (137)
[2020.12.31-05.35.44:602][416]LogModuleManager: Shutting down and abandoning module TextureFormatDXT (135)
[2020.12.31-05.35.44:602][416]LogModuleManager: Shutting down and abandoning module TextureFormatIntelISPCTexComp (133)
[2020.12.31-05.35.44:602][416]LogModuleManager: Shutting down and abandoning module TextureFormatASTC (131)
[2020.12.31-05.35.44:602][416]LogModuleManager: Shutting down and abandoning module ImageWrapper (130)
[2020.12.31-05.35.44:603][416]LogModuleManager: Shutting down and abandoning module TextureFormatAndroid (127)
[2020.12.31-05.35.44:603][416]LogModuleManager: Shutting down and abandoning module AudioFormatOpus (125)
[2020.12.31-05.35.44:603][416]LogModuleManager: Shutting down and abandoning module AudioFormatOgg (123)
[2020.12.31-05.35.44:603][416]LogModuleManager: Shutting down and abandoning module AudioFormatADPCM (121)
[2020.12.31-05.35.44:603][416]LogModuleManager: Shutting down and abandoning module WindowsServerTargetPlatform (119)
[2020.12.31-05.35.44:603][416]LogModuleManager: Shutting down and abandoning module WindowsClientTargetPlatform (117)
[2020.12.31-05.35.44:603][416]LogModuleManager: Shutting down and abandoning module WindowsTargetPlatform (115)
[2020.12.31-05.35.44:603][416]LogModuleManager: Shutting down and abandoning module WindowsNoEditorTargetPlatform (113)
[2020.12.31-05.35.44:603][416]LogModuleManager: Shutting down and abandoning module InputCore (110)
[2020.12.31-05.35.44:603][416]LogModuleManager: Shutting down and abandoning module Settings (108)
[2020.12.31-05.35.44:603][416]LogModuleManager: Shutting down and abandoning module PhysXCooking (106)
[2020.12.31-05.35.44:603][416]LogModuleManager: Shutting down and abandoning module ChaosSolvers (104)
[2020.12.31-05.35.44:603][416]LogModuleManager: Shutting down and abandoning module FieldSystemEngine (103)
[2020.12.31-05.35.44:604][416]LogModuleManager: Shutting down and abandoning module Chaos (100)
[2020.12.31-05.35.44:604][416]LogModuleManager: Shutting down and abandoning module WindowsPlatformFeatures (98)
[2020.12.31-05.35.44:604][416]LogModuleManager: Shutting down and abandoning module GameplayMediaEncoder (97)
[2020.12.31-05.35.44:604][416]LogModuleManager: Shutting down and abandoning module AVEncoder (96)
[2020.12.31-05.35.44:604][416]LogModuleManager: Shutting down and abandoning module SteamVRInputDevice (92)
[2020.12.31-05.35.44:604][416]LogModuleManager: Shutting down and abandoning module SteamVRInput (90)
[2020.12.31-05.35.44:604][416]LogModuleManager: Shutting down and abandoning module SteamVR (88)
[2020.12.31-05.35.44:604][416]LogHMD: Freeing OpenVRDLLHandle.
[2020.12.31-05.35.44:604][416]LogModuleManager: Shutting down and abandoning module OculusHMD (86)
[2020.12.31-05.35.44:604][416]LogModuleManager: Shutting down and abandoning module ExampleDeviceProfileSelector (84)
[2020.12.31-05.35.44:604][416]LogModuleManager: Shutting down and abandoning module LauncherChunkInstaller (82)
[2020.12.31-05.35.44:604][416]LogModuleManager: Shutting down and abandoning module OnlineBlueprintSupport (80)
[2020.12.31-05.35.44:604][416]LogModuleManager: Shutting down and abandoning module OnlineSubsystem (76)
[2020.12.31-05.35.44:606][416]LogModuleManager: Shutting down and abandoning module XMPP (71)
[2020.12.31-05.35.44:606][416]LogModuleManager: Shutting down and abandoning module WebSockets (70)
[2020.12.31-05.35.44:640][416]LogModuleManager: Shutting down and abandoning module HTTP (67)
[2020.12.31-05.35.44:667][416]LogModuleManager: Shutting down and abandoning module SSL (66)
[2020.12.31-05.35.44:673][416]LogModuleManager: Shutting down and abandoning module WmfMedia (62)
[2020.12.31-05.35.44:694][416]LogModuleManager: Shutting down and abandoning module Media (61)
[2020.12.31-05.35.44:695][416]LogModuleManager: Shutting down and abandoning module MagicLeap (58)
[2020.12.31-05.35.44:695][416]LogModuleManager: Shutting down and abandoning module NiagaraVertexFactories (56)
[2020.12.31-05.35.44:695][416]LogModuleManager: Shutting down and abandoning module NiagaraShader (54)
[2020.12.31-05.35.44:695][416]LogModuleManager: Shutting down and abandoning module VariantManagerContent (52)
[2020.12.31-05.35.44:695][416]LogModuleManager: Shutting down and abandoning module DatasmithContent (50)
[2020.12.31-05.35.44:697][416]LogModuleManager: Shutting down and abandoning module AISupportModule (48)
[2020.12.31-05.35.44:697][416]LogModuleManager: Shutting down and abandoning module DesktopPlatform (46)
[2020.12.31-05.35.44:697][416]LogModuleManager: Shutting down and abandoning module PlatformCryptoOpenSSL (44)
[2020.12.31-05.35.44:697][416]LogModuleManager: Shutting down and abandoning module PlatformCryptoTypes (42)
[2020.12.31-05.35.44:697][416]LogModuleManager: Shutting down and abandoning module PlatformCrypto (40)
[2020.12.31-05.35.44:697][416]LogModuleManager: Shutting down and abandoning module AnimationModifiers (38)
[2020.12.31-05.35.44:697][416]LogModuleManager: Shutting down and abandoning module PropertyEditor (37)
[2020.12.31-05.35.44:697][416]LogModuleManager: Shutting down and abandoning module AudioEditor (34)
[2020.12.31-05.35.44:697][416]LogModuleManager: Shutting down and abandoning module TextureCompressor (32)
[2020.12.31-05.35.44:698][416]LogModuleManager: Shutting down and abandoning module RenderCore (30)
[2020.12.31-05.35.44:698][416]LogModuleManager: Shutting down and abandoning module Landscape (28)
[2020.12.31-05.35.44:698][416]LogModuleManager: Shutting down and abandoning module SlateRHIRenderer (26)
[2020.12.31-05.35.44:698][416]LogModuleManager: Shutting down and abandoning module OpenGLDrv (24)
[2020.12.31-05.35.44:698][416]LogModuleManager: Shutting down and abandoning module D3D11RHI (22)
[2020.12.31-05.35.44:698][416]LogModuleManager: Shutting down and abandoning module AnimGraphRuntime (20)
[2020.12.31-05.35.44:698][416]LogModuleManager: Shutting down and abandoning module Renderer (18)
[2020.12.31-05.35.44:698][416]LogModuleManager: Shutting down and abandoning module Engine (16)
[2020.12.31-05.35.44:698][416]LogModuleManager: Shutting down and abandoning module CoreUObject (14)
[2020.12.31-05.35.44:698][416]LogModuleManager: Shutting down and abandoning module NetworkFile (12)
[2020.12.31-05.35.44:698][416]LogModuleManager: Shutting down and abandoning module CookedIterativeFile (10)
[2020.12.31-05.35.44:698][416]LogModuleManager: Shutting down and abandoning module StreamingFile (8)
[2020.12.31-05.35.44:698][416]LogModuleManager: Shutting down and abandoning module SandboxFile (6)
[2020.12.31-05.35.44:698][416]LogModuleManager: Shutting down and abandoning module PakFile (4)
[2020.12.31-05.35.44:698][416]LogModuleManager: Shutting down and abandoning module RSA (3)
[2020.12.31-05.35.44:867][416]LogContentStreaming: Display: There are 1 unreleased StreamingManagers
[2020.12.31-05.35.44:872][416]LogD3D11RHI: Shutdown
[2020.12.31-05.35.44:872][416]LogD3D11RHI: CleanupD3DDevice
[2020.12.31-05.35.44:891][416]LogExit: Exiting.
[2020.12.31-05.35.44:900][416]Log file closed, 12/31/20 00:35:44
