Log file open, 01/15/22 15:36:28
LogWindows: Failed to load 'aqProf.dll' (GetLastError=126)
LogWindows: File 'aqProf.dll' does not exist
LogWindows: Failed to load 'VtuneApi.dll' (GetLastError=126)
LogWindows: File 'VtuneApi.dll' does not exist
LogWindows: Failed to load 'VtuneApi32e.dll' (GetLastError=126)
LogWindows: File 'VtuneApi32e.dll' does not exist
LogConsoleResponse: Display: Failed to find resolution value strings in scalability ini. Falling back to default.
LogConsoleResponse: Display: Failed to find resolution value strings in scalability ini. Falling back to default.
LogInit: Display: Running engine for game: Puzzles
LogPlatformFile: Not using cached read wrapper
LogTaskGraph: Started task graph with 5 named threads and 47 total threads with 3 sets of task threads.
LogStats: Stats thread started at 0.183383
LogICUInternationalization: ICU TimeZone Detection - Raw Offset: -5:00, Platform Override: ''
LogInit: Display: Loading text-based GConfig....
LogPluginManager: Mounting plugin MeshPainting
LogPluginManager: Mounting plugin XGEController
LogPluginManager: Mounting plugin Paper2D
LogPluginManager: Mounting plugin LiveLink
LogPluginManager: Mounting plugin AISupport
LogPluginManager: Mounting plugin EnvironmentQueryEditor
LogPluginManager: Mounting plugin AnimationSharing
LogPluginManager: Mounting plugin OodleNetwork
LogPluginManager: Mounting plugin GameplayCameras
LogPluginManager: Mounting plugin OodleData
LogPluginManager: Mounting plugin Niagara
LogPluginManager: Mounting plugin LightPropagationVolume
LogPluginManager: Mounting plugin CameraShakePreviewer
LogPluginManager: Mounting plugin DatasmithContent
LogPluginManager: Mounting plugin LuminPlatformFeatures
LogPluginManager: Mounting plugin MagicLeap
LogPluginManager: Mounting plugin VariantManagerContent
LogPluginManager: Mounting plugin MagicLeapMedia
LogPluginManager: Mounting plugin MagicLeapLightEstimation
LogPluginManager: Mounting plugin MLSDK
LogPluginManager: Mounting plugin MagicLeapPassableWorld
LogPluginManager: Mounting plugin DarkerNodes
LogPluginManager: Mounting plugin AlembicImporter
LogPluginManager: Mounting plugin BackChannel
LogPluginManager: Mounting plugin AutomationUtils
LogPluginManager: Mounting plugin ChaosCloth
LogPluginManager: Mounting plugin ChaosClothEditor
LogPluginManager: Mounting plugin ChaosEditor
LogPluginManager: Mounting plugin ChaosSolverPlugin
LogPluginManager: Mounting plugin ChaosNiagara
LogPluginManager: Mounting plugin CharacterAI
LogPluginManager: Mounting plugin GeometryCollectionPlugin
LogPluginManager: Mounting plugin GeometryCache
LogPluginManager: Mounting plugin GeometryProcessing
LogPluginManager: Mounting plugin MotoSynth
LogPluginManager: Mounting plugin OpenImageDenoise
LogPluginManager: Mounting plugin PlanarCut
LogPluginManager: Mounting plugin PlatformCrypto
LogPluginManager: Mounting plugin ProxyLODPlugin
LogPluginManager: Mounting plugin PythonScriptPlugin
LogPluginManager: Mounting plugin SkeletalReduction
LogPluginManager: Mounting plugin AndroidMedia
LogPluginManager: Mounting plugin AvfMedia
LogPluginManager: Mounting plugin ImgMedia
LogPluginManager: Mounting plugin MediaCompositing
LogPluginManager: Mounting plugin MediaPlayerEditor
LogPluginManager: Mounting plugin WmfMedia
LogPluginManager: Mounting plugin WebMMedia
LogPluginManager: Mounting plugin TcpMessaging
LogPluginManager: Mounting plugin UdpMessaging
LogPluginManager: Mounting plugin ActorSequence
LogPluginManager: Mounting plugin MatineeToLevelSequence
LogPluginManager: Mounting plugin LevelSequenceEditor
LogPluginManager: Mounting plugin OnlineSubsystem
LogPluginManager: Mounting plugin TemplateSequence
LogPluginManager: Mounting plugin OnlineSubsystemNull
LogPluginManager: Mounting plugin OnlineSubsystemUtils
LogPluginManager: Mounting plugin ActorLayerUtilities
LogPluginManager: Mounting plugin AndroidDeviceProfileSelector
LogPluginManager: Mounting plugin AndroidPermission
LogPluginManager: Mounting plugin AndroidMoviePlayer
LogPluginManager: Mounting plugin AppleImageUtils
LogPluginManager: Mounting plugin AppleMoviePlayer
LogPluginManager: Mounting plugin AudioSynesthesia
LogPluginManager: Mounting plugin ArchVisCharacter
LogPluginManager: Mounting plugin AssetTags
LogPluginManager: Mounting plugin AudioCapture
LogPluginManager: Mounting plugin CustomMeshComponent
LogPluginManager: Mounting plugin ChunkDownloader
LogPluginManager: Mounting plugin CableComponent
LogPluginManager: Mounting plugin EditableMesh
LogPluginManager: Mounting plugin ExampleDeviceProfileSelector
LogPluginManager: Mounting plugin GoogleCloudMessaging
LogPluginManager: Mounting plugin GooglePAD
LogPluginManager: Mounting plugin LauncherChunkInstaller
LogPluginManager: Mounting plugin LinuxDeviceProfileSelector
LogPluginManager: Mounting plugin IOSDeviceProfileSelector
LogPluginManager: Mounting plugin LocationServicesBPLibrary
LogPluginManager: Mounting plugin MobilePatchingUtils
LogPluginManager: Mounting plugin OpenXR
LogPluginManager: Mounting plugin OpenXREyeTracker
LogPluginManager: Mounting plugin OpenXRHandTracking
LogPluginManager: Mounting plugin PhysXVehicles
LogPluginManager: Mounting plugin ScreenshotTools
LogPluginManager: Mounting plugin PostSplashScreen
LogPluginManager: Mounting plugin PropertyAccessEditor
LogPluginManager: Mounting plugin ProceduralMeshComponent
LogPluginManager: Mounting plugin SignificanceManager
LogPluginManager: Mounting plugin RuntimePhysXCooking
LogPluginManager: Mounting plugin SoundFields
LogPluginManager: Mounting plugin Synthesis
LogPluginManager: Mounting plugin WebMMoviePlayer
LogPluginManager: Mounting plugin WindowsMoviePlayer
LogPluginManager: Mounting plugin Takes
LogPluginManager: Mounting plugin CLionSourceCodeAccess
LogPluginManager: Mounting plugin GitSourceControl
LogPluginManager: Mounting plugin NullSourceCodeAccess
LogPluginManager: Mounting plugin KDevelopSourceCodeAccess
LogPluginManager: Mounting plugin CodeLiteSourceCodeAccess
LogPluginManager: Mounting plugin PerforceSourceControl
LogPluginManager: Mounting plugin PixWinPlugin
LogPluginManager: Mounting plugin PlasticSourceControl
LogPluginManager: Mounting plugin PluginUtils
LogPluginManager: Mounting plugin PropertyAccessNode
LogPluginManager: Mounting plugin TextureFormatOodle
LogPluginManager: Mounting plugin SubversionSourceControl
LogPluginManager: Mounting plugin RiderSourceCodeAccess
LogPluginManager: Mounting plugin UObjectPlugin
LogPluginManager: Mounting plugin VisualStudioCodeSourceCodeAccess
LogPluginManager: Mounting plugin XCodeSourceCodeAccess
LogPluginManager: Mounting plugin VisualStudioSourceCodeAccess
LogPluginManager: Mounting plugin AssetManagerEditor
LogPluginManager: Mounting plugin CryptoKeys
LogPluginManager: Mounting plugin CurveEditorTools
LogPluginManager: Mounting plugin DataValidation
LogPluginManager: Mounting plugin GameplayTagsEditor
LogPluginManager: Mounting plugin FacialAnimation
LogPluginManager: Mounting plugin MacGraphicsSwitching
LogPluginManager: Mounting plugin MaterialAnalyzer
LogPluginManager: Mounting plugin GeometryMode
LogPluginManager: Mounting plugin MobileLauncherProfileWizard
LogPluginManager: Mounting plugin PluginBrowser
LogPluginManager: Mounting plugin SpeedTreeImporter
LogPluginManager: Mounting plugin OnlineSubsystemGooglePlay
LogPluginManager: Mounting plugin OnlineSubsystemIOS
LogPluginManager: Mounting plugin OculusVR
LogPluginManager: Mounting plugin SteamVR
LogPluginManager: Mounting plugin ContentBrowserAssetDataSource
LogPluginManager: Mounting plugin ContentBrowserFileDataSource
LogPluginManager: Mounting plugin ContentBrowserClassDataSource
LogInit: Using libcurl 7.55.1-DEV
LogInit:  - built for x86_64-pc-win32
LogInit:  - supports SSL with OpenSSL/1.1.1
LogInit:  - supports HTTP deflate (compression) using libz 1.2.8
LogInit:  - other features:
LogInit:      CURL_VERSION_SSL
LogInit:      CURL_VERSION_LIBZ
LogInit:      CURL_VERSION_IPV6
LogInit:      CURL_VERSION_ASYNCHDNS
LogInit:      CURL_VERSION_LARGEFILE
LogInit:      CURL_VERSION_IDN
LogInit:  CurlRequestOptions (configurable via config and command line):
LogInit:  - bVerifyPeer = true  - Libcurl will verify peer certificate
LogInit:  - bUseHttpProxy = false  - Libcurl will NOT use HTTP proxy
LogInit:  - bDontReuseConnections = false  - Libcurl will reuse connections
LogInit:  - MaxHostConnections = 16  - Libcurl will limit the number of connections to a host
LogInit:  - LocalHostAddr = Default
LogInit:  - BufferSize = 65536
LogOnline: OSS: Creating online subsystem instance for: NULL
LogInit: WinSock: version 1.1 (2.2), MaxSocks=32767, MaxUdp=65467
LogOnline: OSS: TryLoadSubsystemAndSetDefault: Loaded subsystem for module [NULL]
PixWinPlugin: PIX capture plugin failed to initialize! Check that the process is launched from PIX.
LogOculusPluginWrapper: OculusPlugin initialized successfully
LogHMD: Failed initializing OVRPlugin 1.59.0
LogInit: Build: ++UE4+Release-4.27-CL-17735300
LogInit: Engine Version: 4.27.1-17735300+++UE4+Release-4.27
LogInit: Compatible Engine Version: 4.27.0-17155196+++UE4+Release-4.27
LogInit: Net CL: 17155196
LogInit: OS: Windows 10 (Release 2009) (), CPU: AMD Ryzen 9 5900HX with Radeon Graphics        , GPU: AMD Radeon(TM) Graphics
LogInit: Compiled (64-bit): Oct  6 2021 14:42:51
LogInit: Compiled with Visual C++: 19.24.28315.00
LogInit: Build Configuration: Development
LogInit: Branch Name: ++UE4+Release-4.27
LogInit: Command Line:  -game
LogInit: Base Directory: C:/Program Files/Epic Games/UE_4.27/Engine/Binaries/Win64/
LogInit: Allocator: TBB
LogInit: Installed Engine Build: 1
LogDevObjectVersion: Number of dev versions registered: 29
LogDevObjectVersion:   Dev-Blueprints (B0D832E4-1F89-4F0D-ACCF-7EB736FD4AA2): 10
LogDevObjectVersion:   Dev-Build (E1C64328-A22C-4D53-A36C-8E866417BD8C): 0
LogDevObjectVersion:   Dev-Core (375EC13C-06E4-48FB-B500-84F0262A717E): 4
LogDevObjectVersion:   Dev-Editor (E4B068ED-F494-42E9-A231-DA0B2E46BB41): 40
LogDevObjectVersion:   Dev-Framework (CFFC743F-43B0-4480-9391-14DF171D2073): 37
LogDevObjectVersion:   Dev-Mobile (B02B49B5-BB20-44E9-A304-32B752E40360): 3
LogDevObjectVersion:   Dev-Networking (A4E4105C-59A1-49B5-A7C5-40C4547EDFEE): 0
LogDevObjectVersion:   Dev-Online (39C831C9-5AE6-47DC-9A44-9C173E1C8E7C): 0
LogDevObjectVersion:   Dev-Physics (78F01B33-EBEA-4F98-B9B4-84EACCB95AA2): 14
LogDevObjectVersion:   Dev-Platform (6631380F-2D4D-43E0-8009-CF276956A95A): 0
LogDevObjectVersion:   Dev-Rendering (12F88B9F-8875-4AFC-A67C-D90C383ABD29): 45
LogDevObjectVersion:   Dev-Sequencer (7B5AE74C-D270-4C10-A958-57980B212A5A): 13
LogDevObjectVersion:   Dev-VR (D7296918-1DD6-4BDD-9DE2-64A83CC13884): 3
LogDevObjectVersion:   Dev-LoadTimes (C2A15278-BFE7-4AFE-6C17-90FF531DF755): 1
LogDevObjectVersion:   Private-Geometry (6EACA3D4-40EC-4CC1-B786-8BED09428FC5): 3
LogDevObjectVersion:   Dev-AnimPhys (29E575DD-E0A3-4627-9D10-D276232CDCEA): 17
LogDevObjectVersion:   Dev-Anim (AF43A65D-7FD3-4947-9873-3E8ED9C1BB05): 15
LogDevObjectVersion:   Dev-ReflectionCapture (6B266CEC-1EC7-4B8F-A30B-E4D90942FC07): 1
LogDevObjectVersion:   Dev-Automation (0DF73D61-A23F-47EA-B727-89E90C41499A): 1
LogDevObjectVersion:   FortniteMain (601D1886-AC64-4F84-AA16-D3DE0DEAC7D6): 47
LogDevObjectVersion:   FortniteRelease (E7086368-6B23-4C58-8439-1B7016265E91): 1
LogDevObjectVersion:   Dev-Enterprise (9DFFBCD6-494F-0158-E221-12823C92A888): 10
LogDevObjectVersion:   Dev-Niagara (F2AED0AC-9AFE-416F-8664-AA7FFA26D6FC): 1
LogDevObjectVersion:   Dev-Destruction (174F1F0B-B4C6-45A5-B13F-2EE8D0FB917D): 10
LogDevObjectVersion:   Dev-Physics-Ext (35F94A83-E258-406C-A318-09F59610247C): 41
LogDevObjectVersion:   Dev-PhysicsMaterial-Chaos (B68FC16E-8B1B-42E2-B453-215C058844FE): 1
LogDevObjectVersion:   Dev-CineCamera (B2E18506-4273-CFC2-A54E-F4BB758BBA07): 1
LogDevObjectVersion:   Dev-VirtualProduction (64F58936-FD1B-42BA-BA96-7289D5D0FA4E): 1
LogDevObjectVersion:   Dev-MediaFramework (6F0ED827-A609-4895-9C91-998D90180EA4): 2
LogInit: Presizing for max 25165824 objects, including 0 objects not considered by GC, pre-allocating 0 bytes for permanent pool.
LogConfig: Applying CVar settings from Section [/Script/Engine.StreamingSettings] File [F:/PORTFOLIO/Learning Multiplayer/Puzzles/Puzzles/Saved/Config/Windows/Engine.ini]
LogConfig: Setting CVar [[s.MinBulkDataSizeForAsyncLoading:131072]]
LogConfig: Setting CVar [[s.AsyncLoadingThreadEnabled:0]]
LogConfig: Setting CVar [[s.EventDrivenLoaderEnabled:1]]
LogConfig: Setting CVar [[s.WarnIfTimeLimitExceeded:0]]
LogConfig: Setting CVar [[s.TimeLimitExceededMultiplier:1.5]]
LogConfig: Setting CVar [[s.TimeLimitExceededMinTime:0.005]]
LogConfig: Setting CVar [[s.UseBackgroundLevelStreaming:1]]
LogConfig: Setting CVar [[s.PriorityAsyncLoadingExtraTime:15.0]]
LogConfig: Setting CVar [[s.LevelStreamingActorsUpdateTimeLimit:5.0]]
LogConfig: Setting CVar [[s.PriorityLevelStreamingActorsUpdateExtraTime:5.0]]
LogConfig: Setting CVar [[s.LevelStreamingComponentsRegistrationGranularity:10]]
LogConfig: Setting CVar [[s.UnregisterComponentsTimeLimit:1.0]]
LogConfig: Setting CVar [[s.LevelStreamingComponentsUnregistrationGranularity:5]]
LogConfig: Setting CVar [[s.FlushStreamingOnExit:1]]
LogInit: Object subsystem initialized
LogConfig: Setting CVar [[con.DebugEarlyDefault:1]]
LogConfig: Setting CVar [[r.setres:1280x720]]
[2022.01.15-20.36.30:293][  0]LogConfig: Setting CVar [[con.DebugEarlyDefault:1]]
[2022.01.15-20.36.30:293][  0]LogConfig: Setting CVar [[r.setres:1280x720]]
[2022.01.15-20.36.30:293][  0]LogConfig: Applying CVar settings from Section [/Script/Engine.RendererSettings] File [F:/PORTFOLIO/Learning Multiplayer/Puzzles/Puzzles/Saved/Config/Windows/Engine.ini]
[2022.01.15-20.36.30:293][  0]LogConfig: Setting CVar [[r.GPUCrashDebugging:0]]
[2022.01.15-20.36.30:293][  0]LogConfig: Applying CVar settings from Section [/Script/Engine.RendererOverrideSettings] File [F:/PORTFOLIO/Learning Multiplayer/Puzzles/Puzzles/Saved/Config/Windows/Engine.ini]
[2022.01.15-20.36.30:293][  0]LogConfig: Applying CVar settings from Section [/Script/Engine.StreamingSettings] File [F:/PORTFOLIO/Learning Multiplayer/Puzzles/Puzzles/Saved/Config/Windows/Engine.ini]
[2022.01.15-20.36.30:293][  0]LogConfig: Setting CVar [[s.MinBulkDataSizeForAsyncLoading:131072]]
[2022.01.15-20.36.30:293][  0]LogConfig: Setting CVar [[s.AsyncLoadingThreadEnabled:0]]
[2022.01.15-20.36.30:293][  0]LogConfig: Setting CVar [[s.EventDrivenLoaderEnabled:1]]
[2022.01.15-20.36.30:293][  0]LogConfig: Setting CVar [[s.WarnIfTimeLimitExceeded:0]]
[2022.01.15-20.36.30:293][  0]LogConfig: Setting CVar [[s.TimeLimitExceededMultiplier:1.5]]
[2022.01.15-20.36.30:293][  0]LogConfig: Setting CVar [[s.TimeLimitExceededMinTime:0.005]]
[2022.01.15-20.36.30:293][  0]LogConfig: Setting CVar [[s.UseBackgroundLevelStreaming:1]]
[2022.01.15-20.36.30:293][  0]LogConfig: Setting CVar [[s.PriorityAsyncLoadingExtraTime:15.0]]
[2022.01.15-20.36.30:293][  0]LogConfig: Setting CVar [[s.LevelStreamingActorsUpdateTimeLimit:5.0]]
[2022.01.15-20.36.30:293][  0]LogConfig: Setting CVar [[s.PriorityLevelStreamingActorsUpdateExtraTime:5.0]]
[2022.01.15-20.36.30:293][  0]LogConfig: Setting CVar [[s.LevelStreamingComponentsRegistrationGranularity:10]]
[2022.01.15-20.36.30:293][  0]LogConfig: Setting CVar [[s.UnregisterComponentsTimeLimit:1.0]]
[2022.01.15-20.36.30:293][  0]LogConfig: Setting CVar [[s.LevelStreamingComponentsUnregistrationGranularity:5]]
[2022.01.15-20.36.30:293][  0]LogConfig: Setting CVar [[s.FlushStreamingOnExit:1]]
[2022.01.15-20.36.30:293][  0]LogConfig: Applying CVar settings from Section [/Script/Engine.GarbageCollectionSettings] File [F:/PORTFOLIO/Learning Multiplayer/Puzzles/Puzzles/Saved/Config/Windows/Engine.ini]
[2022.01.15-20.36.30:293][  0]LogConfig: Setting CVar [[gc.MaxObjectsNotConsideredByGC:1]]
[2022.01.15-20.36.30:293][  0]LogConfig: Setting CVar [[gc.SizeOfPermanentObjectPool:0]]
[2022.01.15-20.36.30:293][  0]LogConfig: Setting CVar [[gc.FlushStreamingOnGC:0]]
[2022.01.15-20.36.30:293][  0]LogConfig: Setting CVar [[gc.NumRetriesBeforeForcingGC:10]]
[2022.01.15-20.36.30:293][  0]LogConfig: Setting CVar [[gc.AllowParallelGC:1]]
[2022.01.15-20.36.30:293][  0]LogConfig: Setting CVar [[gc.TimeBetweenPurgingPendingKillObjects:61.1]]
[2022.01.15-20.36.30:293][  0]LogConfig: Setting CVar [[gc.MaxObjectsInEditor:25165824]]
[2022.01.15-20.36.30:293][  0]LogConfig: Setting CVar [[gc.IncrementalBeginDestroyEnabled:1]]
[2022.01.15-20.36.30:293][  0]LogConfig: Setting CVar [[gc.CreateGCClusters:1]]
[2022.01.15-20.36.30:293][  0]LogConfig: Setting CVar [[gc.MinGCClusterSize:5]]
[2022.01.15-20.36.30:293][  0]LogConfig: Setting CVar [[gc.ActorClusteringEnabled:0]]
[2022.01.15-20.36.30:293][  0]LogConfig: Setting CVar [[gc.BlueprintClusteringEnabled:0]]
[2022.01.15-20.36.30:293][  0]LogConfig: Setting CVar [[gc.UseDisregardForGCOnDedicatedServers:0]]
[2022.01.15-20.36.30:293][  0]LogConfig: Setting CVar [[gc.MultithreadedDestructionEnabled:1]]
[2022.01.15-20.36.30:293][  0]LogConfig: Applying CVar settings from Section [/Script/Engine.NetworkSettings] File [F:/PORTFOLIO/Learning Multiplayer/Puzzles/Puzzles/Saved/Config/Windows/Engine.ini]
[2022.01.15-20.36.30:293][  0]LogConfig: Applying CVar settings from Section [/Script/UnrealEd.CookerSettings] File [F:/PORTFOLIO/Learning Multiplayer/Puzzles/Puzzles/Saved/Config/Windows/Engine.ini]
[2022.01.15-20.36.30:307][  0]LogConfig: Applying CVar settings from Section [ViewDistanceQuality@3] File [F:/PORTFOLIO/Learning Multiplayer/Puzzles/Puzzles/Saved/Config/Windows/Scalability.ini]
[2022.01.15-20.36.30:307][  0]LogConfig: Setting CVar [[r.SkeletalMeshLODBias:0]]
[2022.01.15-20.36.30:307][  0]LogConfig: Setting CVar [[r.ViewDistanceScale:1.0]]
[2022.01.15-20.36.30:307][  0]LogConfig: Applying CVar settings from Section [AntiAliasingQuality@3] File [F:/PORTFOLIO/Learning Multiplayer/Puzzles/Puzzles/Saved/Config/Windows/Scalability.ini]
[2022.01.15-20.36.30:307][  0]LogConfig: Setting CVar [[r.PostProcessAAQuality:4]]
[2022.01.15-20.36.30:307][  0]LogConfig: Applying CVar settings from Section [ShadowQuality@3] File [F:/PORTFOLIO/Learning Multiplayer/Puzzles/Puzzles/Saved/Config/Windows/Scalability.ini]
[2022.01.15-20.36.30:307][  0]LogConfig: Setting CVar [[r.LightFunctionQuality:1]]
[2022.01.15-20.36.30:307][  0]LogConfig: Setting CVar [[r.ShadowQuality:5]]
[2022.01.15-20.36.30:307][  0]LogConfig: Setting CVar [[r.Shadow.CSM.MaxCascades:10]]
[2022.01.15-20.36.30:307][  0]LogConfig: Setting CVar [[r.Shadow.MaxResolution:2048]]
[2022.01.15-20.36.30:307][  0]LogConfig: Setting CVar [[r.Shadow.MaxCSMResolution:2048]]
[2022.01.15-20.36.30:307][  0]LogConfig: Setting CVar [[r.Shadow.RadiusThreshold:0.01]]
[2022.01.15-20.36.30:307][  0]LogConfig: Setting CVar [[r.Shadow.DistanceScale:1.0]]
[2022.01.15-20.36.30:307][  0]LogConfig: Setting CVar [[r.Shadow.CSM.TransitionScale:1.0]]
[2022.01.15-20.36.30:307][  0]LogConfig: Setting CVar [[r.Shadow.PreShadowResolutionFactor:1.0]]
[2022.01.15-20.36.30:307][  0]LogConfig: Setting CVar [[r.DistanceFieldShadowing:1]]
[2022.01.15-20.36.30:307][  0]LogConfig: Setting CVar [[r.DistanceFieldAO:1]]
[2022.01.15-20.36.30:307][  0]LogConfig: Setting CVar [[r.AOQuality:2]]
[2022.01.15-20.36.30:307][  0]LogConfig: Setting CVar [[r.VolumetricFog:1]]
[2022.01.15-20.36.30:307][  0]LogConfig: Setting CVar [[r.VolumetricFog.GridPixelSize:8]]
[2022.01.15-20.36.30:307][  0]LogConfig: Setting CVar [[r.VolumetricFog.GridSizeZ:128]]
[2022.01.15-20.36.30:307][  0]LogConfig: Setting CVar [[r.VolumetricFog.HistoryMissSupersampleCount:4]]
[2022.01.15-20.36.30:307][  0]LogConfig: Setting CVar [[r.LightMaxDrawDistanceScale:1]]
[2022.01.15-20.36.30:307][  0]LogConfig: Setting CVar [[r.CapsuleShadows:1]]
[2022.01.15-20.36.30:307][  0]LogConfig: Applying CVar settings from Section [PostProcessQuality@3] File [F:/PORTFOLIO/Learning Multiplayer/Puzzles/Puzzles/Saved/Config/Windows/Scalability.ini]
[2022.01.15-20.36.30:307][  0]LogConfig: Setting CVar [[r.MotionBlurQuality:4]]
[2022.01.15-20.36.30:307][  0]LogConfig: Setting CVar [[r.AmbientOcclusionMipLevelFactor:0.4]]
[2022.01.15-20.36.30:307][  0]LogConfig: Setting CVar [[r.AmbientOcclusionMaxQuality:100]]
[2022.01.15-20.36.30:307][  0]LogConfig: Setting CVar [[r.AmbientOcclusionLevels:-1]]
[2022.01.15-20.36.30:307][  0]LogConfig: Setting CVar [[r.AmbientOcclusionRadiusScale:1.0]]
[2022.01.15-20.36.30:307][  0]LogConfig: Setting CVar [[r.DepthOfFieldQuality:2]]
[2022.01.15-20.36.30:307][  0]LogConfig: Setting CVar [[r.RenderTargetPoolMin:400]]
[2022.01.15-20.36.30:307][  0]LogConfig: Setting CVar [[r.LensFlareQuality:2]]
[2022.01.15-20.36.30:307][  0]LogConfig: Setting CVar [[r.SceneColorFringeQuality:1]]
[2022.01.15-20.36.30:307][  0]LogConfig: Setting CVar [[r.EyeAdaptationQuality:2]]
[2022.01.15-20.36.30:307][  0]LogConfig: Setting CVar [[r.BloomQuality:5]]
[2022.01.15-20.36.30:307][  0]LogConfig: Setting CVar [[r.FastBlurThreshold:100]]
[2022.01.15-20.36.30:307][  0]LogConfig: Setting CVar [[r.Upscale.Quality:3]]
[2022.01.15-20.36.30:307][  0]LogConfig: Setting CVar [[r.Tonemapper.GrainQuantization:1]]
[2022.01.15-20.36.30:307][  0]LogConfig: Setting CVar [[r.LightShaftQuality:1]]
[2022.01.15-20.36.30:307][  0]LogConfig: Setting CVar [[r.Filter.SizeScale:1]]
[2022.01.15-20.36.30:307][  0]LogConfig: Setting CVar [[r.Tonemapper.Quality:5]]
[2022.01.15-20.36.30:307][  0]LogConfig: Setting CVar [[r.DOF.Gather.AccumulatorQuality:1        ; higher gathering accumulator quality]]
[2022.01.15-20.36.30:307][  0]LogConfig: Setting CVar [[r.DOF.Gather.PostfilterMethod:1          ; Median3x3 postfilering method]]
[2022.01.15-20.36.30:307][  0]LogConfig: Setting CVar [[r.DOF.Gather.EnableBokehSettings:0       ; no bokeh simulation when gathering]]
[2022.01.15-20.36.30:307][  0]LogConfig: Setting CVar [[r.DOF.Gather.RingCount:4                 ; medium number of samples when gathering]]
[2022.01.15-20.36.30:307][  0]LogConfig: Setting CVar [[r.DOF.Scatter.ForegroundCompositing:1    ; additive foreground scattering]]
[2022.01.15-20.36.30:307][  0]LogConfig: Setting CVar [[r.DOF.Scatter.BackgroundCompositing:2    ; additive background scattering]]
[2022.01.15-20.36.30:307][  0]LogConfig: Setting CVar [[r.DOF.Scatter.EnableBokehSettings:1      ; bokeh simulation when scattering]]
[2022.01.15-20.36.30:307][  0]LogConfig: Setting CVar [[r.DOF.Scatter.MaxSpriteRatio:0.1         ; only a maximum of 10% of scattered bokeh]]
[2022.01.15-20.36.30:307][  0]LogConfig: Setting CVar [[r.DOF.Recombine.Quality:1                ; cheap slight out of focus]]
[2022.01.15-20.36.30:307][  0]LogConfig: Setting CVar [[r.DOF.Recombine.EnableBokehSettings:0    ; no bokeh simulation on slight out of focus]]
[2022.01.15-20.36.30:307][  0]LogConfig: Setting CVar [[r.DOF.TemporalAAQuality:1                ; more stable temporal accumulation]]
[2022.01.15-20.36.30:307][  0]LogConfig: Setting CVar [[r.DOF.Kernel.MaxForegroundRadius:0.025]]
[2022.01.15-20.36.30:307][  0]LogConfig: Setting CVar [[r.DOF.Kernel.MaxBackgroundRadius:0.025]]
[2022.01.15-20.36.30:307][  0]LogConfig: Applying CVar settings from Section [TextureQuality@3] File [F:/PORTFOLIO/Learning Multiplayer/Puzzles/Puzzles/Saved/Config/Windows/Scalability.ini]
[2022.01.15-20.36.30:307][  0]LogConfig: Setting CVar [[r.Streaming.MipBias:0]]
[2022.01.15-20.36.30:307][  0]LogConfig: Setting CVar [[r.Streaming.AmortizeCPUToGPUCopy:0]]
[2022.01.15-20.36.30:307][  0]LogConfig: Setting CVar [[r.Streaming.MaxNumTexturesToStreamPerFrame:0]]
[2022.01.15-20.36.30:307][  0]LogConfig: Setting CVar [[r.Streaming.Boost:1]]
[2022.01.15-20.36.30:307][  0]LogConfig: Setting CVar [[r.MaxAnisotropy:8]]
[2022.01.15-20.36.30:307][  0]LogConfig: Setting CVar [[r.VT.MaxAnisotropy:8]]
[2022.01.15-20.36.30:307][  0]LogConfig: Setting CVar [[r.Streaming.LimitPoolSizeToVRAM:0]]
[2022.01.15-20.36.30:308][  0]LogConfig: Setting CVar [[r.Streaming.PoolSize:1000]]
[2022.01.15-20.36.30:308][  0]LogConfig: Setting CVar [[r.Streaming.MaxEffectiveScreenSize:0]]
[2022.01.15-20.36.30:308][  0]LogConfig: Applying CVar settings from Section [EffectsQuality@3] File [F:/PORTFOLIO/Learning Multiplayer/Puzzles/Puzzles/Saved/Config/Windows/Scalability.ini]
[2022.01.15-20.36.30:308][  0]LogConfig: Setting CVar [[r.TranslucencyLightingVolumeDim:64]]
[2022.01.15-20.36.30:308][  0]LogConfig: Setting CVar [[r.RefractionQuality:2]]
[2022.01.15-20.36.30:308][  0]LogConfig: Setting CVar [[r.SSR.Quality:3]]
[2022.01.15-20.36.30:308][  0]LogConfig: Setting CVar [[r.SSR.HalfResSceneColor:0]]
[2022.01.15-20.36.30:308][  0]LogConfig: Setting CVar [[r.SceneColorFormat:4]]
[2022.01.15-20.36.30:308][  0]LogConfig: Setting CVar [[r.DetailMode:2]]
[2022.01.15-20.36.30:308][  0]LogConfig: Setting CVar [[r.TranslucencyVolumeBlur:1]]
[2022.01.15-20.36.30:308][  0]LogConfig: Setting CVar [[r.MaterialQualityLevel:1 ; High quality]]
[2022.01.15-20.36.30:308][  0]LogConfig: Setting CVar [[r.AnisotropicMaterials:1]]
[2022.01.15-20.36.30:308][  0]LogConfig: Setting CVar [[r.SSS.Scale:1]]
[2022.01.15-20.36.30:308][  0]LogConfig: Setting CVar [[r.SSS.SampleSet:2]]
[2022.01.15-20.36.30:308][  0]LogConfig: Setting CVar [[r.SSS.Quality:1]]
[2022.01.15-20.36.30:308][  0]LogConfig: Setting CVar [[r.SSS.HalfRes:0]]
[2022.01.15-20.36.30:308][  0]LogConfig: Setting CVar [[r.SSGI.Quality:3]]
[2022.01.15-20.36.30:308][  0]LogConfig: Setting CVar [[r.EmitterSpawnRateScale:1.0]]
[2022.01.15-20.36.30:308][  0]LogConfig: Setting CVar [[r.ParticleLightQuality:2]]
[2022.01.15-20.36.30:308][  0]LogConfig: Setting CVar [[r.SkyAtmosphere.AerialPerspectiveLUT.FastApplyOnOpaque:1 ; Always have FastSkyLUT 1 in this case to avoid wrong sky]]
[2022.01.15-20.36.30:308][  0]LogConfig: Setting CVar [[r.SkyAtmosphere.AerialPerspectiveLUT.SampleCountMaxPerSlice:4]]
[2022.01.15-20.36.30:308][  0]LogConfig: Setting CVar [[r.SkyAtmosphere.AerialPerspectiveLUT.DepthResolution:16.0]]
[2022.01.15-20.36.30:308][  0]LogConfig: Setting CVar [[r.SkyAtmosphere.FastSkyLUT:1]]
[2022.01.15-20.36.30:308][  0]LogConfig: Setting CVar [[r.SkyAtmosphere.FastSkyLUT.SampleCountMin:4.0]]
[2022.01.15-20.36.30:308][  0]LogConfig: Setting CVar [[r.SkyAtmosphere.FastSkyLUT.SampleCountMax:128.0]]
[2022.01.15-20.36.30:308][  0]LogConfig: Setting CVar [[r.SkyAtmosphere.SampleCountMin:4.0]]
[2022.01.15-20.36.30:308][  0]LogConfig: Setting CVar [[r.SkyAtmosphere.SampleCountMax:128.0]]
[2022.01.15-20.36.30:308][  0]LogConfig: Setting CVar [[r.SkyAtmosphere.TransmittanceLUT.UseSmallFormat:0]]
[2022.01.15-20.36.30:308][  0]LogConfig: Setting CVar [[r.SkyAtmosphere.TransmittanceLUT.SampleCount:10.0]]
[2022.01.15-20.36.30:308][  0]LogConfig: Setting CVar [[r.SkyAtmosphere.MultiScatteringLUT.SampleCount:15.0]]
[2022.01.15-20.36.30:308][  0]LogConfig: Setting CVar [[r.SkyLight.RealTimeReflectionCapture:1]]
[2022.01.15-20.36.30:308][  0]LogConfig: Applying CVar settings from Section [FoliageQuality@3] File [F:/PORTFOLIO/Learning Multiplayer/Puzzles/Puzzles/Saved/Config/Windows/Scalability.ini]
[2022.01.15-20.36.30:308][  0]LogConfig: Setting CVar [[foliage.DensityScale:1.0]]
[2022.01.15-20.36.30:308][  0]LogConfig: Setting CVar [[grass.DensityScale:1.0]]
[2022.01.15-20.36.30:308][  0]LogConfig: Applying CVar settings from Section [ShadingQuality@3] File [F:/PORTFOLIO/Learning Multiplayer/Puzzles/Puzzles/Saved/Config/Windows/Scalability.ini]
[2022.01.15-20.36.30:308][  0]LogConfig: Setting CVar [[r.HairStrands.SkyLighting.IntegrationType:2]]
[2022.01.15-20.36.30:308][  0]LogConfig: Setting CVar [[r.HairStrands.SkyAO.SampleCount:4]]
[2022.01.15-20.36.30:308][  0]LogConfig: Setting CVar [[r.HairStrands.Visibility.MSAA.SamplePerPixel:4]]
[2022.01.15-20.36.30:308][  0]LogInit: Selected Device Profile: [Windows]
[2022.01.15-20.36.30:308][  0]LogInit: Applying CVar settings loaded from the selected device profile: [Windows]
[2022.01.15-20.36.30:308][  0]LogHAL: Display: Platform has ~ 16 GB [16540856320 / 17179869184 / 16], which maps to Larger [LargestMinGB=32, LargerMinGB=12, DefaultMinGB=8, SmallerMinGB=6, SmallestMinGB=0)
[2022.01.15-20.36.30:308][  0]LogInit: Going up to parent DeviceProfile []
[2022.01.15-20.36.30:308][  0]LogConfig: Applying CVar settings from Section [ViewDistanceQuality@3] File [F:/PORTFOLIO/Learning Multiplayer/Puzzles/Puzzles/Saved/Config/Windows/Scalability.ini]
[2022.01.15-20.36.30:308][  0]LogConfig: Setting CVar [[r.SkeletalMeshLODBias:0]]
[2022.01.15-20.36.30:308][  0]LogConfig: Setting CVar [[r.ViewDistanceScale:1.0]]
[2022.01.15-20.36.30:308][  0]LogConfig: Applying CVar settings from Section [AntiAliasingQuality@3] File [F:/PORTFOLIO/Learning Multiplayer/Puzzles/Puzzles/Saved/Config/Windows/Scalability.ini]
[2022.01.15-20.36.30:308][  0]LogConfig: Setting CVar [[r.PostProcessAAQuality:4]]
[2022.01.15-20.36.30:308][  0]LogConfig: Applying CVar settings from Section [ShadowQuality@3] File [F:/PORTFOLIO/Learning Multiplayer/Puzzles/Puzzles/Saved/Config/Windows/Scalability.ini]
[2022.01.15-20.36.30:308][  0]LogConfig: Setting CVar [[r.LightFunctionQuality:1]]
[2022.01.15-20.36.30:308][  0]LogConfig: Setting CVar [[r.ShadowQuality:5]]
[2022.01.15-20.36.30:308][  0]LogConfig: Setting CVar [[r.Shadow.CSM.MaxCascades:10]]
[2022.01.15-20.36.30:308][  0]LogConfig: Setting CVar [[r.Shadow.MaxResolution:2048]]
[2022.01.15-20.36.30:308][  0]LogConfig: Setting CVar [[r.Shadow.MaxCSMResolution:2048]]
[2022.01.15-20.36.30:308][  0]LogConfig: Setting CVar [[r.Shadow.RadiusThreshold:0.01]]
[2022.01.15-20.36.30:308][  0]LogConfig: Setting CVar [[r.Shadow.DistanceScale:1.0]]
[2022.01.15-20.36.30:308][  0]LogConfig: Setting CVar [[r.Shadow.CSM.TransitionScale:1.0]]
[2022.01.15-20.36.30:308][  0]LogConfig: Setting CVar [[r.Shadow.PreShadowResolutionFactor:1.0]]
[2022.01.15-20.36.30:308][  0]LogConfig: Setting CVar [[r.DistanceFieldShadowing:1]]
[2022.01.15-20.36.30:308][  0]LogConfig: Setting CVar [[r.DistanceFieldAO:1]]
[2022.01.15-20.36.30:308][  0]LogConfig: Setting CVar [[r.AOQuality:2]]
[2022.01.15-20.36.30:308][  0]LogConfig: Setting CVar [[r.VolumetricFog:1]]
[2022.01.15-20.36.30:308][  0]LogConfig: Setting CVar [[r.VolumetricFog.GridPixelSize:8]]
[2022.01.15-20.36.30:308][  0]LogConfig: Setting CVar [[r.VolumetricFog.GridSizeZ:128]]
[2022.01.15-20.36.30:308][  0]LogConfig: Setting CVar [[r.VolumetricFog.HistoryMissSupersampleCount:4]]
[2022.01.15-20.36.30:308][  0]LogConfig: Setting CVar [[r.LightMaxDrawDistanceScale:1]]
[2022.01.15-20.36.30:308][  0]LogConfig: Setting CVar [[r.CapsuleShadows:1]]
[2022.01.15-20.36.30:308][  0]LogConfig: Applying CVar settings from Section [PostProcessQuality@3] File [F:/PORTFOLIO/Learning Multiplayer/Puzzles/Puzzles/Saved/Config/Windows/Scalability.ini]
[2022.01.15-20.36.30:308][  0]LogConfig: Setting CVar [[r.MotionBlurQuality:4]]
[2022.01.15-20.36.30:308][  0]LogConfig: Setting CVar [[r.AmbientOcclusionMipLevelFactor:0.4]]
[2022.01.15-20.36.30:308][  0]LogConfig: Setting CVar [[r.AmbientOcclusionMaxQuality:100]]
[2022.01.15-20.36.30:308][  0]LogConfig: Setting CVar [[r.AmbientOcclusionLevels:-1]]
[2022.01.15-20.36.30:308][  0]LogConfig: Setting CVar [[r.AmbientOcclusionRadiusScale:1.0]]
[2022.01.15-20.36.30:308][  0]LogConfig: Setting CVar [[r.DepthOfFieldQuality:2]]
[2022.01.15-20.36.30:308][  0]LogConfig: Setting CVar [[r.RenderTargetPoolMin:400]]
[2022.01.15-20.36.30:308][  0]LogConfig: Setting CVar [[r.LensFlareQuality:2]]
[2022.01.15-20.36.30:308][  0]LogConfig: Setting CVar [[r.SceneColorFringeQuality:1]]
[2022.01.15-20.36.30:308][  0]LogConfig: Setting CVar [[r.EyeAdaptationQuality:2]]
[2022.01.15-20.36.30:308][  0]LogConfig: Setting CVar [[r.BloomQuality:5]]
[2022.01.15-20.36.30:308][  0]LogConfig: Setting CVar [[r.FastBlurThreshold:100]]
[2022.01.15-20.36.30:308][  0]LogConfig: Setting CVar [[r.Upscale.Quality:3]]
[2022.01.15-20.36.30:308][  0]LogConfig: Setting CVar [[r.Tonemapper.GrainQuantization:1]]
[2022.01.15-20.36.30:308][  0]LogConfig: Setting CVar [[r.LightShaftQuality:1]]
[2022.01.15-20.36.30:308][  0]LogConfig: Setting CVar [[r.Filter.SizeScale:1]]
[2022.01.15-20.36.30:308][  0]LogConfig: Setting CVar [[r.Tonemapper.Quality:5]]
[2022.01.15-20.36.30:308][  0]LogConfig: Setting CVar [[r.DOF.Gather.AccumulatorQuality:1        ; higher gathering accumulator quality]]
[2022.01.15-20.36.30:308][  0]LogConfig: Setting CVar [[r.DOF.Gather.PostfilterMethod:1          ; Median3x3 postfilering method]]
[2022.01.15-20.36.30:308][  0]LogConfig: Setting CVar [[r.DOF.Gather.EnableBokehSettings:0       ; no bokeh simulation when gathering]]
[2022.01.15-20.36.30:308][  0]LogConfig: Setting CVar [[r.DOF.Gather.RingCount:4                 ; medium number of samples when gathering]]
[2022.01.15-20.36.30:308][  0]LogConfig: Setting CVar [[r.DOF.Scatter.ForegroundCompositing:1    ; additive foreground scattering]]
[2022.01.15-20.36.30:308][  0]LogConfig: Setting CVar [[r.DOF.Scatter.BackgroundCompositing:2    ; additive background scattering]]
[2022.01.15-20.36.30:308][  0]LogConfig: Setting CVar [[r.DOF.Scatter.EnableBokehSettings:1      ; bokeh simulation when scattering]]
[2022.01.15-20.36.30:308][  0]LogConfig: Setting CVar [[r.DOF.Scatter.MaxSpriteRatio:0.1         ; only a maximum of 10% of scattered bokeh]]
[2022.01.15-20.36.30:308][  0]LogConfig: Setting CVar [[r.DOF.Recombine.Quality:1                ; cheap slight out of focus]]
[2022.01.15-20.36.30:308][  0]LogConfig: Setting CVar [[r.DOF.Recombine.EnableBokehSettings:0    ; no bokeh simulation on slight out of focus]]
[2022.01.15-20.36.30:308][  0]LogConfig: Setting CVar [[r.DOF.TemporalAAQuality:1                ; more stable temporal accumulation]]
[2022.01.15-20.36.30:308][  0]LogConfig: Setting CVar [[r.DOF.Kernel.MaxForegroundRadius:0.025]]
[2022.01.15-20.36.30:308][  0]LogConfig: Setting CVar [[r.DOF.Kernel.MaxBackgroundRadius:0.025]]
[2022.01.15-20.36.30:308][  0]LogConfig: Applying CVar settings from Section [TextureQuality@3] File [F:/PORTFOLIO/Learning Multiplayer/Puzzles/Puzzles/Saved/Config/Windows/Scalability.ini]
[2022.01.15-20.36.30:308][  0]LogConfig: Setting CVar [[r.Streaming.MipBias:0]]
[2022.01.15-20.36.30:308][  0]LogConfig: Setting CVar [[r.Streaming.AmortizeCPUToGPUCopy:0]]
[2022.01.15-20.36.30:308][  0]LogConfig: Setting CVar [[r.Streaming.MaxNumTexturesToStreamPerFrame:0]]
[2022.01.15-20.36.30:308][  0]LogConfig: Setting CVar [[r.Streaming.Boost:1]]
[2022.01.15-20.36.30:308][  0]LogConfig: Setting CVar [[r.MaxAnisotropy:8]]
[2022.01.15-20.36.30:308][  0]LogConfig: Setting CVar [[r.VT.MaxAnisotropy:8]]
[2022.01.15-20.36.30:308][  0]LogConfig: Setting CVar [[r.Streaming.LimitPoolSizeToVRAM:0]]
[2022.01.15-20.36.30:308][  0]LogConfig: Setting CVar [[r.Streaming.PoolSize:1000]]
[2022.01.15-20.36.30:308][  0]LogConfig: Setting CVar [[r.Streaming.MaxEffectiveScreenSize:0]]
[2022.01.15-20.36.30:308][  0]LogConfig: Applying CVar settings from Section [EffectsQuality@3] File [F:/PORTFOLIO/Learning Multiplayer/Puzzles/Puzzles/Saved/Config/Windows/Scalability.ini]
[2022.01.15-20.36.30:308][  0]LogConfig: Setting CVar [[r.TranslucencyLightingVolumeDim:64]]
[2022.01.15-20.36.30:308][  0]LogConfig: Setting CVar [[r.RefractionQuality:2]]
[2022.01.15-20.36.30:308][  0]LogConfig: Setting CVar [[r.SSR.Quality:3]]
[2022.01.15-20.36.30:308][  0]LogConfig: Setting CVar [[r.SSR.HalfResSceneColor:0]]
[2022.01.15-20.36.30:308][  0]LogConfig: Setting CVar [[r.SceneColorFormat:4]]
[2022.01.15-20.36.30:308][  0]LogConfig: Setting CVar [[r.DetailMode:2]]
[2022.01.15-20.36.30:308][  0]LogConfig: Setting CVar [[r.TranslucencyVolumeBlur:1]]
[2022.01.15-20.36.30:308][  0]LogConfig: Setting CVar [[r.MaterialQualityLevel:1 ; High quality]]
[2022.01.15-20.36.30:308][  0]LogConfig: Setting CVar [[r.AnisotropicMaterials:1]]
[2022.01.15-20.36.30:308][  0]LogConfig: Setting CVar [[r.SSS.Scale:1]]
[2022.01.15-20.36.30:308][  0]LogConfig: Setting CVar [[r.SSS.SampleSet:2]]
[2022.01.15-20.36.30:308][  0]LogConfig: Setting CVar [[r.SSS.Quality:1]]
[2022.01.15-20.36.30:308][  0]LogConfig: Setting CVar [[r.SSS.HalfRes:0]]
[2022.01.15-20.36.30:308][  0]LogConfig: Setting CVar [[r.SSGI.Quality:3]]
[2022.01.15-20.36.30:308][  0]LogConfig: Setting CVar [[r.EmitterSpawnRateScale:1.0]]
[2022.01.15-20.36.30:308][  0]LogConfig: Setting CVar [[r.ParticleLightQuality:2]]
[2022.01.15-20.36.30:308][  0]LogConfig: Setting CVar [[r.SkyAtmosphere.AerialPerspectiveLUT.FastApplyOnOpaque:1 ; Always have FastSkyLUT 1 in this case to avoid wrong sky]]
[2022.01.15-20.36.30:308][  0]LogConfig: Setting CVar [[r.SkyAtmosphere.AerialPerspectiveLUT.SampleCountMaxPerSlice:4]]
[2022.01.15-20.36.30:308][  0]LogConfig: Setting CVar [[r.SkyAtmosphere.AerialPerspectiveLUT.DepthResolution:16.0]]
[2022.01.15-20.36.30:308][  0]LogConfig: Setting CVar [[r.SkyAtmosphere.FastSkyLUT:1]]
[2022.01.15-20.36.30:308][  0]LogConfig: Setting CVar [[r.SkyAtmosphere.FastSkyLUT.SampleCountMin:4.0]]
[2022.01.15-20.36.30:308][  0]LogConfig: Setting CVar [[r.SkyAtmosphere.FastSkyLUT.SampleCountMax:128.0]]
[2022.01.15-20.36.30:308][  0]LogConfig: Setting CVar [[r.SkyAtmosphere.SampleCountMin:4.0]]
[2022.01.15-20.36.30:308][  0]LogConfig: Setting CVar [[r.SkyAtmosphere.SampleCountMax:128.0]]
[2022.01.15-20.36.30:308][  0]LogConfig: Setting CVar [[r.SkyAtmosphere.TransmittanceLUT.UseSmallFormat:0]]
[2022.01.15-20.36.30:308][  0]LogConfig: Setting CVar [[r.SkyAtmosphere.TransmittanceLUT.SampleCount:10.0]]
[2022.01.15-20.36.30:308][  0]LogConfig: Setting CVar [[r.SkyAtmosphere.MultiScatteringLUT.SampleCount:15.0]]
[2022.01.15-20.36.30:308][  0]LogConfig: Setting CVar [[r.SkyLight.RealTimeReflectionCapture:1]]
[2022.01.15-20.36.30:308][  0]LogConfig: Applying CVar settings from Section [FoliageQuality@3] File [F:/PORTFOLIO/Learning Multiplayer/Puzzles/Puzzles/Saved/Config/Windows/Scalability.ini]
[2022.01.15-20.36.30:308][  0]LogConfig: Setting CVar [[foliage.DensityScale:1.0]]
[2022.01.15-20.36.30:308][  0]LogConfig: Setting CVar [[grass.DensityScale:1.0]]
[2022.01.15-20.36.30:308][  0]LogConfig: Applying CVar settings from Section [ShadingQuality@3] File [F:/PORTFOLIO/Learning Multiplayer/Puzzles/Puzzles/Saved/Config/Windows/Scalability.ini]
[2022.01.15-20.36.30:308][  0]LogConfig: Setting CVar [[r.HairStrands.SkyLighting.IntegrationType:2]]
[2022.01.15-20.36.30:308][  0]LogConfig: Setting CVar [[r.HairStrands.SkyAO.SampleCount:4]]
[2022.01.15-20.36.30:308][  0]LogConfig: Setting CVar [[r.HairStrands.Visibility.MSAA.SamplePerPixel:4]]
[2022.01.15-20.36.30:308][  0]LogConfig: Applying CVar settings from Section [Startup] File [../../../Engine/Config/ConsoleVariables.ini]
[2022.01.15-20.36.30:308][  0]LogConfig: Setting CVar [[net.UseAdaptiveNetUpdateFrequency:0]]
[2022.01.15-20.36.30:308][  0]LogConfig: Setting CVar [[p.chaos.AllowCreatePhysxBodies:1]]
[2022.01.15-20.36.30:308][  0]LogConfig: Setting CVar [[fx.SkipVectorVMBackendOptimizations:1]]
[2022.01.15-20.36.30:308][  0]LogConfig: Applying CVar settings from Section [ConsoleVariables] File [F:/PORTFOLIO/Learning Multiplayer/Puzzles/Puzzles/Saved/Config/Windows/Engine.ini]
[2022.01.15-20.36.30:308][  0]LogConfig: Applying CVar settings from Section [ConsoleVariables] File [F:/PORTFOLIO/Learning Multiplayer/Puzzles/Puzzles/Saved/Config/Windows/Editor.ini]
[2022.01.15-20.36.30:308][  0]LogInit: Computer: LAPTOP-PO0VBTLK
[2022.01.15-20.36.30:308][  0]LogInit: User: sketc
[2022.01.15-20.36.30:308][  0]LogInit: CPU Page size=4096, Cores=8
[2022.01.15-20.36.30:308][  0]LogInit: High frequency timer resolution =10.000000 MHz
[2022.01.15-20.36.30:308][  0]LogMemory: Memory total: Physical=15.4GB (16GB approx)
[2022.01.15-20.36.30:308][  0]LogMemory: Platform Memory Stats for Windows
[2022.01.15-20.36.30:308][  0]LogMemory: Process Physical Memory: 150.24 MB used, 150.24 MB peak
[2022.01.15-20.36.30:308][  0]LogMemory: Process Virtual Memory: 131.22 MB used, 131.22 MB peak
[2022.01.15-20.36.30:308][  0]LogMemory: Physical Memory: 11457.89 MB used,  4316.70 MB free, 15774.59 MB total
[2022.01.15-20.36.30:308][  0]LogMemory: Virtual Memory: 134211400.00 MB used,  6329.93 MB free, 134217728.00 MB total
[2022.01.15-20.36.30:312][  0]LogWindows: WindowsPlatformFeatures enabled
[2022.01.15-20.36.30:341][  0]LogInit: Physics initialised using underlying interface: PhysX
[2022.01.15-20.36.30:341][  0]LogInit: Using OS detected language (en-US).
[2022.01.15-20.36.30:341][  0]LogInit: Using OS detected locale (en-US).
[2022.01.15-20.36.30:343][  0]LogTextLocalizationManager: No specific localization for 'en-US' exists, so the 'en' localization will be used.
[2022.01.15-20.36.30:497][  0]LogWindowsTextInputMethodSystem: Display: IME system deactivated.
[2022.01.15-20.36.30:523][  0]LogSlate: New Slate User Created.  User Index 0, Is Virtual User: 0
[2022.01.15-20.36.30:523][  0]LogSlate: Slate User Registered.  User Index 0, Is Virtual User: 0
[2022.01.15-20.36.30:536][  0]LogD3D11RHI: Loaded GFSDK_Aftermath_Lib.x64.dll
[2022.01.15-20.36.30:539][  0]LogHMD: Failed to initialize OpenVR with code 110
[2022.01.15-20.36.30:539][  0]LogD3D11RHI: D3D11 min allowed feature level: 11_0
[2022.01.15-20.36.30:539][  0]LogD3D11RHI: D3D11 max allowed feature level: 11_0
[2022.01.15-20.36.30:539][  0]LogD3D11RHI: D3D11 adapters:
[2022.01.15-20.36.30:613][  0]LogD3D11RHI:    0. 'NVIDIA GeForce RTX 3060 Laptop GPU' (Feature Level 11_0)
[2022.01.15-20.36.30:613][  0]LogD3D11RHI:       6023/0/7887 MB DedicatedVideo/DedicatedSystem/SharedSystem, Outputs:1, VendorId:0x10de
[2022.01.15-20.36.30:645][  0]LogD3D11RHI:    1. 'AMD Radeon(TM) Graphics' (Feature Level 11_0)
[2022.01.15-20.36.30:645][  0]LogD3D11RHI:       496/0/7887 MB DedicatedVideo/DedicatedSystem/SharedSystem, Outputs:1, VendorId:0x1002
[2022.01.15-20.36.30:647][  0]LogD3D11RHI:    2. 'Microsoft Basic Render Driver' (Feature Level 11_0)
[2022.01.15-20.36.30:647][  0]LogD3D11RHI:       0/0/7887 MB DedicatedVideo/DedicatedSystem/SharedSystem, Outputs:0, VendorId:0x1414
[2022.01.15-20.36.30:647][  0]LogD3D11RHI: Chosen D3D11 Adapter:
[2022.01.15-20.36.30:647][  0]LogD3D11RHI:     Description : NVIDIA GeForce RTX 3060 Laptop GPU
[2022.01.15-20.36.30:647][  0]LogD3D11RHI:     VendorId    : 10de
[2022.01.15-20.36.30:647][  0]LogD3D11RHI:     DeviceId    : 2520
[2022.01.15-20.36.30:647][  0]LogD3D11RHI:     SubSysId    : 20141a58
[2022.01.15-20.36.30:647][  0]LogD3D11RHI:     Revision    : 00a1
[2022.01.15-20.36.30:647][  0]LogD3D11RHI:     DedicatedVideoMemory : 6315573248 bytes
[2022.01.15-20.36.30:647][  0]LogD3D11RHI:     DedicatedSystemMemory : 0 bytes
[2022.01.15-20.36.30:647][  0]LogD3D11RHI:     SharedSystemMemory : 8270428160 bytes
[2022.01.15-20.36.30:647][  0]LogD3D11RHI:     AdapterLuid : 0 61945
[2022.01.15-20.36.30:655][  0]LogD3D11RHI: Creating new Direct3DDevice
[2022.01.15-20.36.30:655][  0]LogD3D11RHI:     GPU DeviceId: 0x2520 (for the marketing name, search the web for "GPU Device Id")
[2022.01.15-20.36.30:655][  0]LogWindows: EnumDisplayDevices:
[2022.01.15-20.36.30:655][  0]LogWindows:    0. 'AMD Radeon(TM) Graphics' (P:0 D:1)
[2022.01.15-20.36.30:655][  0]LogWindows:    1. 'AMD Radeon(TM) Graphics' (P:0 D:0)
[2022.01.15-20.36.30:656][  0]LogWindows:    2. 'AMD Radeon(TM) Graphics' (P:0 D:0)
[2022.01.15-20.36.30:656][  0]LogWindows:    3. 'NVIDIA GeForce RTX 3060 Laptop GPU' (P:1 D:1)
[2022.01.15-20.36.30:656][  0]LogWindows:    4. 'NVIDIA GeForce RTX 3060 Laptop GPU' (P:0 D:0)
[2022.01.15-20.36.30:656][  0]LogWindows:    5. 'NVIDIA GeForce RTX 3060 Laptop GPU' (P:0 D:0)
[2022.01.15-20.36.30:656][  0]LogWindows:    6. 'NVIDIA GeForce RTX 3060 Laptop GPU' (P:0 D:0)
[2022.01.15-20.36.30:656][  0]LogWindows: DebugString: PrimaryIsNotTheChoosenAdapter PrimaryIsNotTheChoosenAdapter PrimaryIsNotTheChoosenAdapter FoundDriverCount:4 
[2022.01.15-20.36.30:656][  0]LogD3D11RHI:     Adapter Name: NVIDIA GeForce RTX 3060 Laptop GPU
[2022.01.15-20.36.30:656][  0]LogD3D11RHI:   Driver Version: 497.09 (internal:30.0.14.9709, unified:497.09)
[2022.01.15-20.36.30:656][  0]LogD3D11RHI:      Driver Date: 11-26-2021
[2022.01.15-20.36.30:656][  0]LogRHI: Texture pool is 4216 MB (70% of 6023 MB)
[2022.01.15-20.36.30:656][  0]LogD3D11RHI: Creating D3DDevice using adapter:
[2022.01.15-20.36.30:656][  0]LogD3D11RHI:     Description : NVIDIA GeForce RTX 3060 Laptop GPU
[2022.01.15-20.36.30:656][  0]LogD3D11RHI:     VendorId    : 10de
[2022.01.15-20.36.30:656][  0]LogD3D11RHI:     DeviceId    : 2520
[2022.01.15-20.36.30:656][  0]LogD3D11RHI:     SubSysId    : 20141a58
[2022.01.15-20.36.30:656][  0]LogD3D11RHI:     Revision    : 00a1
[2022.01.15-20.36.30:656][  0]LogD3D11RHI:     DedicatedVideoMemory : 6315573248 bytes
[2022.01.15-20.36.30:656][  0]LogD3D11RHI:     DedicatedSystemMemory : 0 bytes
[2022.01.15-20.36.30:656][  0]LogD3D11RHI:     SharedSystemMemory : 8270428160 bytes
[2022.01.15-20.36.30:656][  0]LogD3D11RHI:     AdapterLuid : 0 61945
[2022.01.15-20.36.30:698][  0]LogD3D11RHI: RHI has support for 64 bit atomics
[2022.01.15-20.36.30:698][  0]LogD3D11RHI: Async texture creation enabled
[2022.01.15-20.36.30:698][  0]LogD3D11RHI: Array index from any shader is supported
[2022.01.15-20.36.30:726][  0]LogD3D11RHI: GPU Timing Frequency: 1000.000000 (Debug: 2 2)
[2022.01.15-20.36.30:736][  0]LogRHI: GeForceNow SDK initialized: 1
[2022.01.15-20.36.30:938][  0]LogTargetPlatformManager: Display: Loaded TargetPlatform 'WindowsNoEditor'
[2022.01.15-20.36.30:941][  0]LogTargetPlatformManager: Display: Loaded TargetPlatform 'Windows'
[2022.01.15-20.36.30:945][  0]LogTargetPlatformManager: Display: Loaded TargetPlatform 'WindowsClient'
[2022.01.15-20.36.30:948][  0]LogTargetPlatformManager: Display: Loaded TargetPlatform 'WindowsServer'
[2022.01.15-20.36.30:948][  0]LogTargetPlatformManager: Display: Building Assets For Windows
[2022.01.15-20.36.30:954][  0]LogAudioDebug: Display: Lib vorbis DLL was dynamically loaded.
[2022.01.15-20.36.30:978][  0]LogTextureFormatOodle: Display: Oodle Texture 2.9.0 init RDO Off
[2022.01.15-20.36.31:001][  0]LogRendererCore: Ray tracing is disabled. Reason: r.RayTracing=0.
[2022.01.15-20.36.31:001][  0]LogShaderCompilers: Guid format shader working directory is -4 characters bigger than the processId version (F:/PORTFOLIO/Learning Multiplayer/Puzzles/Puzzles/Intermediate/Shaders/WorkingDirectory/26016/).
[2022.01.15-20.36.31:001][  0]LogShaderCompilers: Cleaned the shader compiler working directory 'C:/Users/sketc/AppData/Local/Temp/UnrealShaderWorkingDir/874CF7E7431A0A3B7737F3A765747988/'.
[2022.01.15-20.36.31:001][  0]LogXGEController: Cannot use XGE Controller as Incredibuild is not installed on this machine.
[2022.01.15-20.36.31:001][  0]LogShaderCompilers: Cannot use XGE Shader Compiler as Incredibuild is not installed on this machine.
[2022.01.15-20.36.31:001][  0]LogShaderCompilers: Display: Using Local Shader Compiler.
[2022.01.15-20.36.31:552][  0]LogDerivedDataCache: Display: Max Cache Size: 512 MB
[2022.01.15-20.36.31:591][  0]LogDerivedDataCache: Loaded boot cache 0.04s 100MB C:/Users/sketc/AppData/Local/UnrealEngine/4.27/DerivedDataCache/Boot.ddc.
[2022.01.15-20.36.31:591][  0]LogDerivedDataCache: Display: Loaded Boot cache: C:/Users/sketc/AppData/Local/UnrealEngine/4.27/DerivedDataCache/Boot.ddc
[2022.01.15-20.36.31:591][  0]LogDerivedDataCache: FDerivedDataBackendGraph:  Pak pak cache file F:/PORTFOLIO/Learning Multiplayer/Puzzles/Puzzles/DerivedDataCache/DDC.ddp not found, will not use a pak cache.
[2022.01.15-20.36.31:591][  0]LogDerivedDataCache: Unable to find inner node Pak for hierarchical cache Hierarchy.
[2022.01.15-20.36.31:591][  0]LogDerivedDataCache: FDerivedDataBackendGraph:  CompressedPak pak cache file F:/PORTFOLIO/Learning Multiplayer/Puzzles/Puzzles/DerivedDataCache/Compressed.ddp not found, will not use a pak cache.
[2022.01.15-20.36.31:591][  0]LogDerivedDataCache: Unable to find inner node CompressedPak for hierarchical cache Hierarchy.
[2022.01.15-20.36.31:606][  0]LogDerivedDataCache: Display: Pak cache opened for reading ../../../Engine/DerivedDataCache/Compressed.ddp.
[2022.01.15-20.36.31:606][  0]LogDerivedDataCache: FDerivedDataBackendGraph:  EnterprisePak pak cache file ../../../Enterprise/DerivedDataCache/Compressed.ddp not found, will not use a pak cache.
[2022.01.15-20.36.31:606][  0]LogDerivedDataCache: Unable to find inner node EnterprisePak for hierarchical cache Hierarchy.
[2022.01.15-20.36.31:619][  0]LogDerivedDataCache: Speed tests for C:/Users/sketc/AppData/Local/UnrealEngine/Common/DerivedDataCache took 0.01 seconds
[2022.01.15-20.36.31:619][  0]LogDerivedDataCache: Display: Performance to C:/Users/sketc/AppData/Local/UnrealEngine/Common/DerivedDataCache: Latency=0.02ms. RandomReadSpeed=1555.96MBs, RandomWriteSpeed=73.34MBs. Assigned SpeedClass 'Local'
[2022.01.15-20.36.31:620][  0]LogDerivedDataCache: Using Local data cache path C:/Users/sketc/AppData/Local/UnrealEngine/Common/DerivedDataCache: Writable
[2022.01.15-20.36.31:620][  0]LogDerivedDataCache: Shared data cache path not found in *engine.ini, will not use an Shared cache.
[2022.01.15-20.36.31:620][  0]LogDerivedDataCache: Unable to find inner node Shared for hierarchical cache Hierarchy.
[2022.01.15-20.36.31:649][  0]LogSlate: Using FreeType 2.10.0
[2022.01.15-20.36.31:649][  0]LogSlate: SlateFontServices - WITH_FREETYPE: 1, WITH_HARFBUZZ: 1
[2022.01.15-20.36.31:701][  0]LogInit: Using OS detected language (en-US).
[2022.01.15-20.36.31:701][  0]LogInit: Using OS detected locale (en-US).
[2022.01.15-20.36.31:701][  0]LogTextLocalizationManager: No localization for 'en-US' exists, so 'en' will be used for the language.
[2022.01.15-20.36.31:701][  0]LogTextLocalizationManager: No localization for 'en-US' exists, so 'en' will be used for the locale.
[2022.01.15-20.36.31:701][  0]LogSlate: FontCache flush requested. Reason: Culture for localization was changed
[2022.01.15-20.36.31:701][  0]LogSlate: FontCache flush requested. Reason: Culture for localization was changed
[2022.01.15-20.36.31:704][  0]LogTextLocalizationManager: Compacting localization data took   0.00ms
[2022.01.15-20.36.31:704][  0]LogAssetRegistry: FAssetRegistry took 0.0015 seconds to start up
[2022.01.15-20.36.32:301][  0]LogPackageLocalizationCache: Processed 28 localized package path(s) for 1 prioritized culture(s) in 0.465270 seconds
[2022.01.15-20.36.32:347][  0]LogInit: Selected Device Profile: [Windows]
[2022.01.15-20.36.32:347][  0]LogInit: Active device profile: [0000026E9C1BEE00][0000026E92D2AD80 49] Windows
[2022.01.15-20.36.32:347][  0]LogInit: Profiles: [0000026E9C1BEE00][0000026E92D2AD80 49] Windows, [0000026E9C15AC00][0000026E92D32F00 49] WindowsNoEditor, [0000026E9C1BD100][0000026E94107080 49] WindowsServer, [0000026E9C15AE00][0000026E9410B200 49] WindowsClient, [0000026E9C1BCF00][0000026E92D2F340 49] IOS, [0000026E9C13FF00][0000026E9410F480 49] iPadAir, [0000026E9C158700][0000026EFC4C75C0 49] iPadAir2, [0000026E9C0FC800][0000026EFC4D3840 49] IPadPro, [0000026E9C0FC900][0000026EFC4CB880 49] iPadAir3, [0000026E9C13C200][0000026EFC4D7A00 49] iPadAir4, [0000026E9C0FD800][0000026EFC4DBB80 49] iPadMini2, [0000026E9C13D100][0000026EFC4DE180 49] iPadMini3, [0000026E9C0FE500][0000026EFC4E2300 49] iPadMini4, [0000026E9C13F700][0000026EFC4E6480 49] iPadMini5, [0000026E9C1BC900][0000026EFC4EE740 49] iPhone6, [0000026E9C1BDC00][0000026EFC4EA780 49] iPodTouch6, [0000026E9C15AD00][0000026E94112A40 49] iPhone7, [0000026E9C15BB00][0000026EFC4F2A80 49] iPodTouch7, [0000026E9C0FCA00][0000026E94116C00 49] iPhone5S, [0000026E9C159700][0000026E9411AD80 49] iPhone6Plus, [0000026E9C0FC700][0000026E9411EF00 49] iPhone6S, [0000026E9C159300][0000026E94123080 49] iPhone6SPlus, [0000026E9C1BF800][0000026E94127200 49] iPhone7Plus, [0000026E9C159100][0000026E9412B380 49] iPhoneSE, [0000026E9C1BE400][0000026EFC4CF4C0 49] iPhone8, [0000026E9C15AB00][0000026E9412F600 49] iPhone8Plus, [0000026E9C1BF600][0000026E94133740 49] iPhoneX, [0000026E9C15A100][0000026E94137880 49] iPhoneXS, [0000026E9C1BD800][0000026E9413FA00 49] iPhoneXSMax, [0000026E9C159A00][0000026E94143B80 49] iPhoneXR, [0000026E9C1BF100][0000026E94146180 49] iPhone11, [0000026E9C15B600][0000026E9414A300 49] iPhone11Pro, [0000026E9C1BDD00][0000026E9414E480 49] iPhone11ProMax, [0000026E9C158C00][0000026E984F4600 49] iPhoneSE2, [0000026E9C1BF900][0000026E984F8780 49] iPhone12Mini, [0000026E9C15A000][0000026E984FC900 49] iPhone12, [0000026E9C1BCA00][0000026E98500A80 49] iPhone12Pro, [0000026E9C158900][0000026E98504C00 49] iPhone12ProMax, [0000026E9C1BD500][0000026E98508D80 49] iPadPro105, [0000026E9C158500][0000026E9850CF00 49] iPadPro129, [0000026E9C1BD300][0000026E98511080 49] iPadPro97, [0000026E9C15A600][0000026E98515200 49] iPadPro2_129, [0000026E9C1BEC00][0000026E98519380 49] iPad5, [0000026E9C15A200][0000026E9851D500 49] iPad6, [0000026E9C1BC200][0000026E98521680 49] iPad7, [0000026E9C158600][0000026E9413B7C0 49] iPad8, [0000026E9C1BCD00][0000026E98525900 49] iPadPro11, [0000026E9C159400][0000026E98529A40 49] iPadPro2_11, [0000026E9C1BF700][0000026E98531BC0 49] iPadPro3_129, [0000026E9C159B00][0000026E985341C0 49] iPadPro4_129, [0000026E9C1BE200][0000026E98538340 49] AppleTV, [0000026E9C15B700][0000026E9853C4C0 49] AppleTV4K, [0000026E9C1BDB00][0000026E98540640 49] TVOS, [0000026E9C159D00][0000026E985447C0 49] Mac, [0000026E9C1BE300][0000026E98548940 49] MacClient, [0000026E9C158B00][0000026E9854CAC0 49] MacNoEditor, [0000026E9C1BDF00][0000026E98550C40 49] MacServer, [0000026E9C159900][0000026E98554DC0 49] Linux, [0000026E9C1BE900][0000026E98558F40 49] LinuxAArch64, [0000026E9C15B500][0000026E9855D0C0 49] LinuxNoEditor, [0000026E9C1BD000][0000026E98561240 49] LinuxAArch64NoEditor, [0000026E9C15BC00][0000026E985653C0 49] LinuxClient, [0000026E9C1BDA00][0000026E98569540 49] LinuxAArch64Client, [0000026E9C159C00][0000026E9856D6C0 49] LinuxServer, [0000026E9C1BE800][0000026E98571840 49] LinuxAArch64Server, [0000026E9C13E500][0000026E9852D980 49] Android, [0000026E9C0FFE00][0000026E98575AC0 49] Android_Low, [0000026E9C13F300][0000026E98579C00 49] Android_Mid, [0000026E9C0FD700][0000026E9857C1C0 49] Android_High, [0000026E9C13F600][0000026E949D6340 49] Android_Default, [0000026E9C0FE800][0000026E949DA4C0 49] Android_Adreno4xx, [0000026E9C13CD00][0000026E949DE640 49] Android_Adreno5xx_Low, [0000026E9C0FE400][0000026E949E27C0 49] Android_Adreno5xx, [0000026E9C13E000][0000026E949E6940 49] Android_Adreno6xx, [0000026E9C0FD600][0000026E949EAAC0 49] Android_Adreno6xx_Vulkan, [0000026E9C13DA00][0000026E949EEC40 49] Android_Mali_T6xx, [0000026E9C0FFF00][0000026E949F2DC0 49] Android_Mali_T7xx, [0000026E9C13C500][0000026E949F6F40 49] Android_Mali_T8xx, [0000026E9C0FDD00][0000026E949FB0C0 49] Android_Mali_G71, [0000026E9C13EC00][0000026E949FF240 49] Android_Mali_G72, [0000026E9C0FFA00][0000026E94A033C0 49] Android_Mali_G72_Vulkan, [0000026E9C13C100][0000026E94A07540 49] Android_Mali_G76, [0000026E9C0FF900][0000026E94A0B6C0 49] Android_Mali_G76_Vulkan, [0000026E9C13D800][0000026E94A0F840 49] Android_Mali_G77, [0000026E9C0FD200][0000026E94A139C0 49] Android_Mali_G77_Vulkan, [0000026E9C13F200][0000026E949D3B00 49] Android_Mali_G78, [0000026E9C0FDA00][0000026E94A160C0 49] Android_Mali_G78_Vulkan, [0000026E9C13E300][0000026E94A1A200 49] Android_Mali_G710, [0000026E9C0FEA00][0000026E94A1E340 49] Android_Mali_G710_Vulkan, [0000026E9C13FB00][0000026E94A264C0 49] Android_Vulkan_SM5, [0000026E9C0FC400][0000026E94A2A640 49] Android_PowerVR_G6xxx, [0000026E9C13C300][0000026E94A2E7C0 49] Android_PowerVR_GT7xxx, [0000026E9C0FD100][0000026E94A32940 49] Android_PowerVR_GE8xxx, [0000026E9C13DF00][0000026E94A36AC0 49] Android_PowerVR_GM9xxx, [0000026E9C0FF200][0000026E94A3AC40 49] Android_PowerVR_GM9xxx_Vulkan, [0000026E9C13CE00][0000026E94A3EDC0 49] Android_TegraK1, [0000026E9C0FDE00][0000026E94A42F40 49] Android_Unknown_Vulkan, [0000026E9C13D900][0000026E94A470C0 49] Lumin, [0000026E9C0FCC00][0000026E94A4B240 49] Lumin_Desktop, [0000026E9C1BE000][0000026E94A4F3C0 49] HoloLens, 
[2022.01.15-20.36.32:387][  0]LogMeshReduction: Using QuadricMeshReduction for automatic static mesh reduction
[2022.01.15-20.36.32:387][  0]LogMeshReduction: Using SimplygonMeshReduction for automatic skeletal mesh reduction
[2022.01.15-20.36.32:387][  0]LogMeshReduction: Using ProxyLODMeshReduction for automatic mesh merging
[2022.01.15-20.36.32:387][  0]LogMeshReduction: No distributed automatic mesh merging module available
[2022.01.15-20.36.32:387][  0]LogMeshMerging: No distributed automatic mesh merging module available
[2022.01.15-20.36.32:480][  0]LogNetVersion: Puzzles 1.0.0, NetCL: 17155196, EngineNetVer: 17, GameNetVer: 0 (Checksum: 3010603128)
[2022.01.15-20.36.32:697][  0]LogTexture: Default maximum texture size for cubemaps generated from long-lat sources has been changed from 512 to unlimited. In order to preserve old behaiour for '/Engine/MapTemplates/Sky/DaylightAmbientCubemap.DaylightAmbientCubemap', its maximum texture size has been explicitly set to 512.
[2022.01.15-20.36.32:737][  0]LogHMD: PokeAHoleMaterial loaded successfully
[2022.01.15-20.36.32:815][  0]LogMoviePlayer: Initializing movie player
[2022.01.15-20.36.32:905][  0]LogNiagaraDebuggerClient: Niagara Debugger Client Initialized | Session: 99EB55D34AF9481C1D2A28A59D5AA85F | Instance: 689196F141EC3BBE436A61A8CB276094 (LAPTOP-PO0VBTLK-26016).
[2022.01.15-20.36.32:920][  0]LogCollectionManager: Loaded 0 collections in 0.001331 seconds
[2022.01.15-20.36.32:922][  0]LogFileCache: Scanning file cache for directory 'F:/PORTFOLIO/Learning Multiplayer/Puzzles/Puzzles/Saved/Collections/' took 0.00s
[2022.01.15-20.36.32:922][  0]LogFileCache: Scanning file cache for directory 'F:/PORTFOLIO/Learning Multiplayer/Puzzles/Puzzles/Content/Developers/sketc/Collections/' took 0.00s
[2022.01.15-20.36.32:922][  0]LogCollectionManager: Fixed up redirectors for 0 collections in 0.000002 seconds (updated 0 objects)
[2022.01.15-20.36.32:994][  0]LogFileCache: Scanning file cache for directory 'F:/PORTFOLIO/Learning Multiplayer/Puzzles/Puzzles/Content/Collections/' took 0.00s
[2022.01.15-20.36.32:994][  0]LogImageWrapper: Warning: PNG Warning: Duplicate iCCP chunk
[2022.01.15-20.36.32:994][  0]LogImageWrapper: Warning: PNG Warning: Duplicate iCCP chunk
[2022.01.15-20.36.32:994][  0]LogPython: Using Python 3.7.7
[2022.01.15-20.36.33:481][  0]LogOpenImageDenoise: OIDN starting up
[2022.01.15-20.36.33:497][  0]LogAndroidPermission: UAndroidPermissionCallbackProxy::GetInstance
[2022.01.15-20.36.33:512][  0]LogAudioCaptureCore: Display: No Audio Capture implementations found. Audio input will be silent.
[2022.01.15-20.36.33:513][  0]LogAudioCaptureCore: Display: No Audio Capture implementations found. Audio input will be silent.
[2022.01.15-20.36.33:559][  0]SourceControl: Source control is disabled
[2022.01.15-20.36.33:559][  0]SourceControl: Source control is disabled
[2022.01.15-20.36.33:561][  0]SourceControl: Source control is disabled
[2022.01.15-20.36.33:566][  0]LogUProjectInfo: Found projects:
[2022.01.15-20.36.33:584][  0]LogOcInput: OculusInput pre-init called
[2022.01.15-20.36.33:592][  0]LogUObjectArray: 22565 objects as part of root set at end of initial load.
[2022.01.15-20.36.33:592][  0]LogUObjectAllocator: 6212112 out of 0 bytes used by permanent object pool.
[2022.01.15-20.36.33:592][  0]LogUObjectArray: CloseDisregardForGC: 0/0 objects in disregard for GC pool
[2022.01.15-20.36.33:631][  0]LogEngine: Initializing Engine...
[2022.01.15-20.36.33:645][  0]LogHMD: Optional extension XR_VARJO_quad_views is not available
[2022.01.15-20.36.33:645][  0]LogHMD: Warning: Required extension XR_EXT_eye_gaze_interaction is not available
[2022.01.15-20.36.33:645][  0]LogHMD: Could not enable all required OpenXR extensions for OpenXREyeTracker on current system. This plugin will be loaded but ignored, but will be enabled on a target platform that supports the required extension.
[2022.01.15-20.36.34:148][  0]LogHMD: Failed to get an OpenXR system, result is XR_ERROR_FORM_FACTOR_UNAVAILABLE. Please check that your runtime supports VR headsets.
[2022.01.15-20.36.34:148][  0]LogHMD: Failed to initialize OpenVR with code 110
[2022.01.15-20.36.34:148][  0]LogMagicLeap: Warning: VR disabled because ZI is not enabled.  To enable, in the editor, Edit -> Project Settings -> Plugins -> Magic Leap Plugin -> Enable Zero Iteration
[2022.01.15-20.36.34:149][  0]LogStats: UGameplayTagsManager::InitializeManager -  0.000 s
[2022.01.15-20.36.34:217][  0]LogInit: Initializing FReadOnlyCVARCache
[2022.01.15-20.36.34:217][  0]LogAudio: Display: Initializing Audio Device Manager...
[2022.01.15-20.36.34:219][  0]LogAudio: Display: Loading Default Audio Settings Objects...
[2022.01.15-20.36.34:220][  0]LogAudio: Display: No default SoundConcurrencyObject specified (or failed to load).
[2022.01.15-20.36.34:220][  0]LogAudio: Display: Audio Device Manager Initialized
[2022.01.15-20.36.34:220][  0]LogAudio: Display: Creating Audio Device:                 Id: 1, Scope: Shared, Realtime: True
[2022.01.15-20.36.34:221][  0]LogAudioMixer: Display: Audio Mixer Platform Settings:
[2022.01.15-20.36.34:221][  0]LogAudioMixer: Display: 	Sample Rate:						  48000
[2022.01.15-20.36.34:221][  0]LogAudioMixer: Display: 	Callback Buffer Frame Size Requested: 1024
[2022.01.15-20.36.34:221][  0]LogAudioMixer: Display: 	Callback Buffer Frame Size To Use:	  1024
[2022.01.15-20.36.34:221][  0]LogAudioMixer: Display: 	Number of buffers to queue:			  2
[2022.01.15-20.36.34:221][  0]LogAudioMixer: Display: 	Max Channels (voices):				  32
[2022.01.15-20.36.34:221][  0]LogAudioMixer: Display: 	Number of Async Source Workers:		  0
[2022.01.15-20.36.34:221][  0]LogAudio: Display: AudioDevice MaxSources: 32
[2022.01.15-20.36.34:221][  0]LogAudio: Display: Audio Spatialization Plugin: None (built-in).
[2022.01.15-20.36.34:221][  0]LogAudio: Display: Audio Reverb Plugin: None (built-in).
[2022.01.15-20.36.34:221][  0]LogAudio: Display: Audio Occlusion Plugin: None (built-in).
[2022.01.15-20.36.34:221][  0]LogAudioMixer: Display: Initializing audio mixer.
[2022.01.15-20.36.34:231][  0]LogAudioMixer: Display: 0: FrontLeft
[2022.01.15-20.36.34:231][  0]LogAudioMixer: Display: 1: FrontRight
[2022.01.15-20.36.34:243][  0]LogAudioMixer: Display: Using Audio Device Speakers (JBL Flip 4)
[2022.01.15-20.36.34:246][  0]LogAudioMixer: Display: Initializing Sound Submixes...
[2022.01.15-20.36.34:248][  0]LogAudioMixer: Display: Creating Master Submix 'MasterSubmixDefault'
[2022.01.15-20.36.34:248][  0]LogAudioMixer: Display: Creating Master Submix 'MasterReverbSubmixDefault'
[2022.01.15-20.36.34:249][  0]LogAudioMixer: Display: Creating Master Submix 'MasterEQSubmixDefault'
[2022.01.15-20.36.34:249][  0]LogAudioMixer: FMixerPlatformXAudio2::StartAudioStream() called
[2022.01.15-20.36.34:249][  0]LogAudioMixer: Display: Output buffers initialized: Frames=1024, Channels=2, Samples=2048
[2022.01.15-20.36.34:250][  0]LogAudioMixer: Display: Starting AudioMixerPlatformInterface::RunInternal()
[2022.01.15-20.36.34:250][  0]LogAudioMixer: Display: FMixerPlatformXAudio2::SubmitBuffer() called for the first time
[2022.01.15-20.36.34:250][  0]LogInit: FAudioDevice initialized.
[2022.01.15-20.36.34:251][  0]LogNetVersion: Set ProjectVersion to 1.0.0.0. Version Checksum will be recalculated on next use.
[2022.01.15-20.36.34:303][  0]LogDerivedDataCache: Saved boot cache 0.05s 86MB C:/Users/sketc/AppData/Local/UnrealEngine/4.27/DerivedDataCache/Boot.ddc.
[2022.01.15-20.36.34:303][  0]LogInit: Texture streaming: Enabled
[2022.01.15-20.36.34:349][  0]LogTemp: Warning: Found class: WBP_MainMenu_C
[2022.01.15-20.36.34:350][  0]LogAudio: Display: Audio Device (ID: 1) registered with world 'Untitled'.
[2022.01.15-20.36.34:350][  0]LogSlate: Updating window title bar state: overlay mode, drag disabled, window buttons hidden, title bar hidden
[2022.01.15-20.36.34:350][  0]LogInit: Display: Game Engine Initialized.
[2022.01.15-20.36.34:351][  0]LogNiagaraEditor: GEditor isn't valid! Particle reset commands will not work for Niagara components!
[2022.01.15-20.36.34:439][  0]LogImageWrapper: Warning: PNG Warning: Duplicate iCCP chunk
[2022.01.15-20.36.34:439][  0]LogImageWrapper: Warning: PNG Warning: Duplicate iCCP chunk
[2022.01.15-20.36.34:439][  0]LogInit: Display: Starting Game.
[2022.01.15-20.36.34:439][  0]LogNet: Browse: /Game/Maps/Menu?Name=Player
[2022.01.15-20.36.34:439][  0]LogLoad: LoadMap: /Game/Maps/Menu?Name=Player
[2022.01.15-20.36.34:439][  0]LogWorld: BeginTearingDown for /Temp/Untitled_0
[2022.01.15-20.36.34:440][  0]LogWorld: UWorld::CleanupWorld for Untitled, bSessionEnded=true, bCleanupResources=true
[2022.01.15-20.36.34:440][  0]LogSlate: InvalidateAllWidgets triggered.  All widgets were invalidated
[2022.01.15-20.36.34:443][  0]LogAudio: Display: Audio Device unregistered from world 'None'.
[2022.01.15-20.36.34:446][  0]LogUObjectHash: Compacting FUObjectHashTables data took   0.68ms
[2022.01.15-20.36.34:449][  0]LogAudio: Display: Audio Device (ID: 1) registered with world 'Menu'.
[2022.01.15-20.36.34:455][  0]LogAIModule: Creating AISystem for world Menu
[2022.01.15-20.36.34:584][  0]LogLoad: Game class is 'BP_PuzzlesGameMode_C'
[2022.01.15-20.36.34:585][  0]LogWorld: Bringing World /Game/Maps/Menu.Menu up for play (max tick rate 0) at 2022.01.15-15.36.34
[2022.01.15-20.36.34:585][  0]LogWorld: Bringing up level for play took: 0.000470
[2022.01.15-20.36.34:586][  0]LogGameMode: FindPlayerStart: PATHS NOT DEFINED or NO PLAYERSTART with positive rating
[2022.01.15-20.36.34:589][  0]LogPlayerController: Error: InputMode:UIOnly - Attempting to focus Non-Focusable widget SObjectWidget [Widget.cpp(799)]!
[2022.01.15-20.36.34:589][  0]LogViewport: Display: Viewport MouseLockMode Changed, LockOnCapture -> DoNotLock
[2022.01.15-20.36.34:589][  0]LogViewport: Display: Viewport MouseCaptureMode Changed, CapturePermanently_IncludingInitialMouseDown -> NoCapture
[2022.01.15-20.36.34:589][  0]LogLoad: Took 0.149549 seconds to LoadMap(/Game/Maps/Menu)
[2022.01.15-20.36.34:638][  0]LogSlate: Took 0.000163 seconds to synchronously load lazily loaded font '../../../Engine/Content/Slate/Fonts/Roboto-Regular.ttf' (155K)
[2022.01.15-20.36.34:668][  0]LogRenderer: Reallocating scene render targets to support 1920x1080 Format 10 NumSamples 1 (Frame:1).
[2022.01.15-20.36.34:668][  0]LogInit: Display: Engine is initialized. Leaving FEngineLoop::Init()
[2022.01.15-20.36.34:668][  0]LogLoad: (Engine Initialization) Total time: 6.31 seconds
[2022.01.15-20.36.34:668][  0]LogLoad: (Engine Initialization) Total Blueprint compile time: 0.00 seconds
[2022.01.15-20.36.34:671][  0]LogContentStreaming: Texture pool size now 1000 MB
[2022.01.15-20.36.34:682][  0]LogSlate: InvalidateAllWidgets triggered.  All widgets were invalidated
[2022.01.15-20.36.34:694][  1]LogSlate: Took 0.000154 seconds to synchronously load lazily loaded font '../../../Engine/Content/Slate/Fonts/Roboto-Regular.ttf' (155K)
[2022.01.15-20.36.50:601][666]LogViewport: Display: Viewport MouseLockMode Changed, DoNotLock -> LockOnCapture
[2022.01.15-20.36.50:601][666]LogViewport: Display: Viewport MouseCaptureMode Changed, NoCapture -> CapturePermanently
[2022.01.15-20.36.50:601][666]LogNet: Browse: 192.168.50.213/Game/Maps/Menu
[2022.01.15-20.36.50:601][666]LogInit: WinSock: Socket queue. Rx: 32768 (config 32768) Tx: 32768 (config 32768)
[2022.01.15-20.36.50:601][666]LogNet: Created socket for bind address: 0.0.0.0 on port 0
[2022.01.15-20.36.50:602][666]PacketHandlerLog: Loaded PacketHandler component: Engine.EngineHandlerComponentFactory (StatelessConnectHandlerComponent)
[2022.01.15-20.36.50:602][666]LogNet: Game client on port 7777, rate 100000
[2022.01.15-20.36.51:621][ 53]LogHandshake: SendChallengeResponse. Timestamp: 12.706642, Cookie: 083040141223046194126089075239127002095081039181022032062027
[2022.01.15-20.36.51:639][ 60]LogNetVersion: Puzzles 1.0.0.0, NetCL: 17155196, EngineNetVer: 17, GameNetVer: 0 (Checksum: 3047157232)
[2022.01.15-20.36.51:639][ 60]LogNet: UPendingNetGame::SendInitialJoin: Sending hello. [UNetConnection] RemoteAddr: 192.168.50.213:7777, Name: IpConnection_0, Driver: PendingNetDriver IpNetDriver_0, IsServer: NO, PC: NULL, Owner: NULL, UniqueId: INVALID
[2022.01.15-20.36.51:676][ 74]LogNet: Welcomed by server (Level: /Game/Maps/Level_1, Game: /Game/Blueprints/BP_PuzzlesGameMode.BP_PuzzlesGameMode_C)
[2022.01.15-20.36.51:676][ 74]LogLoad: LoadMap: 192.168.50.213/Game/Maps/Level_1?game=/Game/Blueprints/BP_PuzzlesGameMode.BP_PuzzlesGameMode_C
[2022.01.15-20.36.51:676][ 74]LogWorld: BeginTearingDown for /Game/Maps/Menu
[2022.01.15-20.36.51:677][ 74]LogWorld: UWorld::CleanupWorld for Menu, bSessionEnded=true, bCleanupResources=true
[2022.01.15-20.36.51:677][ 74]LogSlate: InvalidateAllWidgets triggered.  All widgets were invalidated
[2022.01.15-20.36.51:712][ 74]LogAudio: Display: Audio Device unregistered from world 'None'.
[2022.01.15-20.36.51:716][ 74]LogUObjectHash: Compacting FUObjectHashTables data took   0.79ms
[2022.01.15-20.36.51:910][ 74]LogAudio: Display: Audio Device (ID: 1) registered with world 'Level_1'.
[2022.01.15-20.36.51:924][ 74]LogWorld: Bringing World /Game/Maps/Level_1.Level_1 up for play (max tick rate 0) at 2022.01.15-15.36.51
[2022.01.15-20.36.51:924][ 74]LogWorld: Bringing up level for play took: 0.011942
[2022.01.15-20.36.51:940][ 74]LogLoad: Took 0.263210 seconds to LoadMap(/Game/Maps/Level_1)
[2022.01.15-20.36.51:940][ 74]LogNavigation: Warning: NavData RegistrationFailed_DataPendingKill.
[2022.01.15-20.36.51:983][ 76]LogOnlineSession: Warning: OSS: No game present to join for session (GameSession)
[2022.01.15-20.36.51:983][ 76]LogOnlineSession: Warning: OSS: No game present to join for session (GameSession)
[2022.01.15-20.40.16:293][298]LogPlayerController: Error: InputMode:UIOnly - Attempting to focus Non-Focusable widget SObjectWidget [Widget.cpp(799)]!
[2022.01.15-20.40.16:293][298]LogViewport: Display: Viewport MouseLockMode Changed, LockOnCapture -> DoNotLock
[2022.01.15-20.40.16:293][298]LogViewport: Display: Viewport MouseCaptureMode Changed, CapturePermanently -> NoCapture
[2022.01.15-20.40.16:301][299]LogEngine: Server switch level: /Game/Maps/Lobby
[2022.01.15-20.40.16:301][299]LogNet: Browse: 192.168.50.213/Game/Maps/Lobby?game=/Game/Blueprints/BP_PuzzlesGameMode.BP_PuzzlesGameMode_C
[2022.01.15-20.40.16:301][299]LogNet: World NetDriver shutdown IpNetDriver_0 [GameNetDriver]
[2022.01.15-20.40.16:301][299]LogNet: DestroyNamedNetDriver IpNetDriver_0 [GameNetDriver]
[2022.01.15-20.40.16:301][299]LogNet: UNetConnection::Close: [UNetConnection] RemoteAddr: 192.168.50.213:7777, Name: IpConnection_0, Driver: GameNetDriver IpNetDriver_0, IsServer: NO, PC: PlayerController_1, Owner: PlayerController_1, UniqueId: NULL:LAPTOP-PO0VBTLK-F939B9E74244A1B1FDE71DA1A2AF86F8, Channels: 14, Time: 2022.01.15-20.40.16
[2022.01.15-20.40.16:301][299]LogNet: UChannel::Close: Sending CloseBunch. ChIndex == 0. Name: [UChannel] ChIndex: 0, Closing: 0 [UNetConnection] RemoteAddr: 192.168.50.213:7777, Name: IpConnection_0, Driver: GameNetDriver IpNetDriver_0, IsServer: NO, PC: PlayerController_1, Owner: PlayerController_1, UniqueId: NULL:LAPTOP-PO0VBTLK-F939B9E74244A1B1FDE71DA1A2AF86F8
[2022.01.15-20.40.16:301][299]LogExit: GameNetDriver IpNetDriver_0 shut down
[2022.01.15-20.40.16:302][299]LogInit: WinSock: Socket queue. Rx: 32768 (config 32768) Tx: 32768 (config 32768)
[2022.01.15-20.40.16:302][299]LogNet: Created socket for bind address: 0.0.0.0 on port 0
[2022.01.15-20.40.16:302][299]PacketHandlerLog: Loaded PacketHandler component: Engine.EngineHandlerComponentFactory (StatelessConnectHandlerComponent)
[2022.01.15-20.40.16:302][299]LogNet: Game client on port 7777, rate 100000
[2022.01.15-20.40.16:302][299]LogLoad: Warning: UEngine::TickWorldTravel failed to Handle server travel to URL: /Game/Maps/Lobby. Error: 
[2022.01.15-20.40.16:302][299]LogOutputDevice: Warning: 

Script Stack (0 frames):

[2022.01.15-20.40.16:302][299]LogWindows: Windows GetLastError: The operation completed successfully. (0)
[2022.01.15-20.40.18:439][299]LogWindows: Error: === Critical error: ===
[2022.01.15-20.40.18:440][299]LogWindows: Error: 
[2022.01.15-20.40.18:440][299]LogWindows: Error: Assertion failed: Ret != EBrowseReturnVal::Pending [File:D:/Build/++UE4/Sync/Engine/Source/Runtime/Engine/Private/UnrealEngine.cpp] [Line: 12630] 
[2022.01.15-20.40.18:440][299]LogWindows: Error: 
[2022.01.15-20.40.18:440][299]LogWindows: Error: 
[2022.01.15-20.40.18:440][299]LogWindows: Error: 
[2022.01.15-20.40.18:440][299]LogWindows: Error: [Callstack] 0x00007ffc89d1478c KERNELBASE.dll!UnknownFunction []
[2022.01.15-20.40.18:440][299]LogWindows: Error: [Callstack] 0x00007ffbf7e939c8 UE4Editor-Core.dll!UnknownFunction []
[2022.01.15-20.40.18:440][299]LogWindows: Error: [Callstack] 0x0000009b43578020 UnknownFunction []
[2022.01.15-20.40.18:440][299]LogWindows: Error: [Callstack] 0x0000000000000400 UnknownFunction []
[2022.01.15-20.40.18:440][299]LogWindows: Error: [Callstack] 0x000000000000004b UnknownFunction []
[2022.01.15-20.40.18:440][299]LogWindows: Error: [Callstack] 0x0000008000004000 UnknownFunction []
[2022.01.15-20.40.18:440][299]LogWindows: Error: 
[2022.01.15-20.40.18:668][299]LogExit: Executing StaticShutdownAfterError
[2022.01.15-20.40.18:670][299]LogWindows: FPlatformMisc::RequestExit(1)
[2022.01.15-20.40.18:670][299]LogWindows: FPlatformMisc::RequestExitWithStatus(1, 3)
[2022.01.15-20.40.18:670][299]LogCore: Engine exit requested (reason: Win RequestExit)
[2022.01.15-20.40.18:783][299]Log file closed, 01/15/22 15:40:18
