Log file open, 01/05/21 23:00:05
LogInit: Display: Running engine for game: Puzzles
LogPlatformFile: Not using cached read wrapper
LogTaskGraph: Started task graph with 5 named threads and 11 total threads with 3 sets of task threads.
LogStats: Stats thread started at 0.376454
LogD3D11RHI: Loaded GFSDK_Aftermath_Lib.x64.dll
LogICUInternationalization: ICU TimeZone Detection - Raw Offset: -5:00, Platform Override: ''
LogPluginManager: Mounting plugin Paper2D
LogPluginManager: Mounting plugin AISupport
LogPluginManager: Mounting plugin LightPropagationVolume
LogPluginManager: Mounting plugin CameraShakePreviewer
LogPluginManager: Mounting plugin ActorLayerUtilities
LogPluginManager: Mounting plugin AnimationSharing
LogPluginManager: Mounting plugin CLionSourceCodeAccess
LogPluginManager: Mounting plugin CodeLiteSourceCodeAccess
LogPluginManager: Mounting plugin GitSourceControl
LogPluginManager: Mounting plugin KDevelopSourceCodeAccess
LogPluginManager: Mounting plugin NullSourceCodeAccess
LogPluginManager: Mounting plugin PerforceSourceControl
LogPluginManager: Mounting plugin PlasticSourceControl
LogPluginManager: Mounting plugin RiderSourceCodeAccess
LogPluginManager: Mounting plugin SubversionSourceControl
LogPluginManager: Mounting plugin UObjectPlugin
LogPluginManager: Mounting plugin VisualStudioCodeSourceCodeAccess
LogPluginManager: Mounting plugin VisualStudioSourceCodeAccess
LogPluginManager: Mounting plugin XCodeSourceCodeAccess
LogPluginManager: Mounting plugin AssetManagerEditor
LogPluginManager: Mounting plugin CryptoKeys
LogPluginManager: Mounting plugin CurveEditorTools
LogPluginManager: Mounting plugin DataValidation
LogPluginManager: Mounting plugin EditorScriptingUtilities
LogPluginManager: Mounting plugin FacialAnimation
LogPluginManager: Mounting plugin GameplayTagsEditor
LogPluginManager: Mounting plugin GeometryMode
LogPluginManager: Mounting plugin MacGraphicsSwitching
LogPluginManager: Mounting plugin MaterialAnalyzer
LogPluginManager: Mounting plugin MobileLauncherProfileWizard
LogPluginManager: Mounting plugin PluginBrowser
LogPluginManager: Mounting plugin SpeedTreeImporter
LogPluginManager: Mounting plugin DatasmithContent
LogPluginManager: Mounting plugin VariantManagerContent
LogPluginManager: Mounting plugin AlembicImporter
LogPluginManager: Mounting plugin AutomationUtils
LogPluginManager: Mounting plugin BackChannel
LogPluginManager: Mounting plugin ChaosCloth
LogPluginManager: Mounting plugin ChaosClothEditor
LogPluginManager: Mounting plugin ChaosEditor
LogPluginManager: Mounting plugin ChaosNiagara
LogPluginManager: Mounting plugin ChaosSolverPlugin
LogPluginManager: Mounting plugin CharacterAI
LogPluginManager: Mounting plugin GeometryCache
LogPluginManager: Mounting plugin GeometryCollectionPlugin
LogPluginManager: Mounting plugin GeometryProcessing
LogPluginManager: Mounting plugin PlanarCut
LogPluginManager: Mounting plugin PlatformCrypto
LogPluginManager: Mounting plugin ProxyLODPlugin
LogPluginManager: Mounting plugin SkeletalReduction
LogPluginManager: Mounting plugin Niagara
LogPluginManager: Mounting plugin MagicLeap
LogPluginManager: Mounting plugin MagicLeapLightEstimation
LogPluginManager: Mounting plugin MagicLeapMedia
LogPluginManager: Mounting plugin MagicLeapPassableWorld
LogPluginManager: Mounting plugin MLSDK
LogPluginManager: Mounting plugin AndroidMedia
LogPluginManager: Mounting plugin AvfMedia
LogPluginManager: Mounting plugin ImgMedia
LogPluginManager: Mounting plugin MediaCompositing
LogPluginManager: Mounting plugin MediaPlayerEditor
LogPluginManager: Mounting plugin WebMMedia
LogPluginManager: Mounting plugin WmfMedia
LogPluginManager: Mounting plugin MeshPainting
LogPluginManager: Mounting plugin TcpMessaging
LogPluginManager: Mounting plugin UdpMessaging
LogPluginManager: Mounting plugin ActorSequence
LogPluginManager: Mounting plugin LevelSequenceEditor
LogPluginManager: Mounting plugin MatineeToLevelSequence
LogPluginManager: Mounting plugin MovieRenderPipeline
LogPluginManager: Mounting plugin TemplateSequence
LogPluginManager: Mounting plugin NetcodeUnitTest
LogPluginManager: Mounting plugin NUTUnrealEngine4
LogPluginManager: Mounting plugin OnlineSubsystemGooglePlay
LogPluginManager: Mounting plugin OnlineSubsystemIOS
LogPluginManager: Mounting plugin OnlineSubsystem
LogPluginManager: Mounting plugin OnlineSubsystemNull
LogPluginManager: Mounting plugin OnlineSubsystemUtils
LogPluginManager: Mounting plugin LauncherChunkInstaller
LogPluginManager: Mounting plugin AndroidDeviceProfileSelector
LogPluginManager: Mounting plugin AndroidMoviePlayer
LogPluginManager: Mounting plugin AndroidPermission
LogPluginManager: Mounting plugin AppleImageUtils
LogPluginManager: Mounting plugin AppleMoviePlayer
LogPluginManager: Mounting plugin ArchVisCharacter
LogPluginManager: Mounting plugin AssetTags
LogPluginManager: Mounting plugin AudioCapture
LogPluginManager: Mounting plugin CableComponent
LogPluginManager: Mounting plugin CustomMeshComponent
LogPluginManager: Mounting plugin EditableMesh
LogPluginManager: Mounting plugin ExampleDeviceProfileSelector
LogPluginManager: Mounting plugin GoogleCloudMessaging
LogPluginManager: Mounting plugin GooglePAD
LogPluginManager: Mounting plugin IOSDeviceProfileSelector
LogPluginManager: Mounting plugin LinuxDeviceProfileSelector
LogPluginManager: Mounting plugin LocationServicesBPLibrary
LogPluginManager: Mounting plugin MobilePatchingUtils
LogPluginManager: Mounting plugin OculusVR
LogPluginManager: Mounting plugin PhysXVehicles
LogPluginManager: Mounting plugin PostSplashScreen
LogPluginManager: Mounting plugin ProceduralMeshComponent
LogPluginManager: Mounting plugin RuntimePhysXCooking
LogPluginManager: Mounting plugin SignificanceManager
LogPluginManager: Mounting plugin SoundFields
LogPluginManager: Mounting plugin SteamVR
LogPluginManager: Mounting plugin Synthesis
LogPluginManager: Mounting plugin WebMMoviePlayer
LogPluginManager: Mounting plugin WindowsMoviePlayer
LogPluginManager: Mounting plugin ScreenshotTools
LogInit: Using libcurl 7.55.1-DEV
LogInit:  - built for x86_64-pc-win32
LogInit:  - supports SSL with OpenSSL/1.1.1
LogInit:  - supports HTTP deflate (compression) using libz 1.2.8
LogInit:  - other features:
LogInit:      CURL_VERSION_SSL
LogInit:      CURL_VERSION_LIBZ
LogInit:      CURL_VERSION_IPV6
LogInit:      CURL_VERSION_ASYNCHDNS
LogInit:      CURL_VERSION_LARGEFILE
LogInit:      CURL_VERSION_IDN
LogInit:  CurlRequestOptions (configurable via config and command line):
LogInit:  - bVerifyPeer = true  - Libcurl will verify peer certificate
LogInit:  - bUseHttpProxy = false  - Libcurl will NOT use HTTP proxy
LogInit:  - bDontReuseConnections = false  - Libcurl will reuse connections
LogInit:  - MaxHostConnections = 16  - Libcurl will limit the number of connections to a host
LogInit:  - LocalHostAddr = Default
LogInit:  - BufferSize = 65536
LogOnline: OSS: Creating online subsystem instance for: NULL
LogInit: WinSock: version 1.1 (2.2), MaxSocks=32767, MaxUdp=65467
LogOnline: OSS: TryLoadSubsystemAndSetDefault: Loaded subsystem for module [NULL]
LogInit: Build: ++UE4+Release-4.25-CL-14469661
LogInit: Engine Version: 4.25.4-14469661+++UE4+Release-4.25
LogInit: Compatible Engine Version: 4.25.0-13144385+++UE4+Release-4.25
LogInit: Net CL: 13144385
LogInit: OS: Windows 10 (Release 1909) (), CPU: Intel(R) Core(TM) i7-7500U CPU @ 2.70GHz, GPU: Intel(R) HD Graphics 620
LogInit: Compiled (64-bit): Oct 11 2020 08:10:49
LogInit: Compiled with Visual C++: 19.24.28315.00
LogInit: Build Configuration: Development
LogInit: Branch Name: ++UE4+Release-4.25
LogInit: Command Line: -log -game
LogInit: Base Directory: C:/Program Files/Epic Games/UE_4.25/Engine/Binaries/Win64/
LogInit: Allocator: TBB
LogInit: Installed Engine Build: 1
LogDevObjectVersion: Number of dev versions registered: 26
LogDevObjectVersion:   Dev-Blueprints (B0D832E4-1F89-4F0D-ACCF-7EB736FD4AA2): 10
LogDevObjectVersion:   Dev-Build (E1C64328-A22C-4D53-A36C-8E866417BD8C): 0
LogDevObjectVersion:   Dev-Core (375EC13C-06E4-48FB-B500-84F0262A717E): 4
LogDevObjectVersion:   Dev-Editor (E4B068ED-F494-42E9-A231-DA0B2E46BB41): 38
LogDevObjectVersion:   Dev-Framework (CFFC743F-43B0-4480-9391-14DF171D2073): 37
LogDevObjectVersion:   Dev-Mobile (B02B49B5-BB20-44E9-A304-32B752E40360): 2
LogDevObjectVersion:   Dev-Networking (A4E4105C-59A1-49B5-A7C5-40C4547EDFEE): 0
LogDevObjectVersion:   Dev-Online (39C831C9-5AE6-47DC-9A44-9C173E1C8E7C): 0
LogDevObjectVersion:   Dev-Physics (78F01B33-EBEA-4F98-B9B4-84EACCB95AA2): 4
LogDevObjectVersion:   Dev-Platform (6631380F-2D4D-43E0-8009-CF276956A95A): 0
LogDevObjectVersion:   Dev-Rendering (12F88B9F-8875-4AFC-A67C-D90C383ABD29): 43
LogDevObjectVersion:   Dev-Sequencer (7B5AE74C-D270-4C10-A958-57980B212A5A): 12
LogDevObjectVersion:   Dev-VR (D7296918-1DD6-4BDD-9DE2-64A83CC13884): 3
LogDevObjectVersion:   Dev-LoadTimes (C2A15278-BFE7-4AFE-6C17-90FF531DF755): 1
LogDevObjectVersion:   Private-Geometry (6EACA3D4-40EC-4CC1-B786-8BED09428FC5): 3
LogDevObjectVersion:   Dev-AnimPhys (29E575DD-E0A3-4627-9D10-D276232CDCEA): 17
LogDevObjectVersion:   Dev-Anim (AF43A65D-7FD3-4947-9873-3E8ED9C1BB05): 7
LogDevObjectVersion:   Dev-ReflectionCapture (6B266CEC-1EC7-4B8F-A30B-E4D90942FC07): 1
LogDevObjectVersion:   Dev-Automation (0DF73D61-A23F-47EA-B727-89E90C41499A): 1
LogDevObjectVersion:   FortniteMain (601D1886-AC64-4F84-AA16-D3DE0DEAC7D6): 31
LogDevObjectVersion:   Dev-Enterprise (9DFFBCD6-494F-0158-E221-12823C92A888): 10
LogDevObjectVersion:   Dev-Niagara (F2AED0AC-9AFE-416F-8664-AA7FFA26D6FC): 1
LogDevObjectVersion:   Dev-Destruction (174F1F0B-B4C6-45A5-B13F-2EE8D0FB917D): 10
LogDevObjectVersion:   Dev-Physics-Ext (35F94A83-E258-406C-A318-09F59610247C): 37
LogDevObjectVersion:   Dev-PhysicsMaterial-Chaos (B68FC16E-8B1B-42E2-B453-215C058844FE): 1
LogDevObjectVersion:   Dev-CineCamera (B2E18506-4273-CFC2-A54E-F4BB758BBA07): 1
LogInit: Presizing for max 25165824 objects, including 0 objects not considered by GC, pre-allocating 0 bytes for permanent pool.
LogConfig: Applying CVar settings from Section [/Script/Engine.StreamingSettings] File [C:/Users/Angelica .DESKTOP-RM5JOAJ/Documents/Learning Multiplayer/Puzzles/Puzzles/Saved/Config/Windows/Engine.ini]
LogConfig: Setting CVar [[s.MinBulkDataSizeForAsyncLoading:131072]]
LogConfig: Setting CVar [[s.AsyncLoadingThreadEnabled:0]]
LogConfig: Setting CVar [[s.EventDrivenLoaderEnabled:1]]
LogConfig: Setting CVar [[s.WarnIfTimeLimitExceeded:0]]
LogConfig: Setting CVar [[s.TimeLimitExceededMultiplier:1.5]]
LogConfig: Setting CVar [[s.TimeLimitExceededMinTime:0.005]]
LogConfig: Setting CVar [[s.UseBackgroundLevelStreaming:1]]
LogConfig: Setting CVar [[s.PriorityAsyncLoadingExtraTime:15.0]]
LogConfig: Setting CVar [[s.LevelStreamingActorsUpdateTimeLimit:5.0]]
LogConfig: Setting CVar [[s.PriorityLevelStreamingActorsUpdateExtraTime:5.0]]
LogConfig: Setting CVar [[s.LevelStreamingComponentsRegistrationGranularity:10]]
LogConfig: Setting CVar [[s.UnregisterComponentsTimeLimit:1.0]]
LogConfig: Setting CVar [[s.LevelStreamingComponentsUnregistrationGranularity:5]]
LogConfig: Setting CVar [[s.FlushStreamingOnExit:1]]
LogInit: Object subsystem initialized
LogConfig: Setting CVar [[con.DebugEarlyDefault:1]]
LogConfig: Setting CVar [[r.setres:1280x720]]
[2021.01.06-04.00.06:438][  0]LogConfig: Setting CVar [[con.DebugEarlyDefault:1]]
[2021.01.06-04.00.06:438][  0]LogConfig: Setting CVar [[r.setres:1280x720]]
[2021.01.06-04.00.06:440][  0]LogConfig: Applying CVar settings from Section [/Script/Engine.RendererSettings] File [C:/Users/Angelica .DESKTOP-RM5JOAJ/Documents/Learning Multiplayer/Puzzles/Puzzles/Saved/Config/Windows/Engine.ini]
[2021.01.06-04.00.06:441][  0]LogConfig: Setting CVar [[r.GPUCrashDebugging:0]]
[2021.01.06-04.00.06:442][  0]LogConfig: Applying CVar settings from Section [/Script/Engine.RendererOverrideSettings] File [C:/Users/Angelica .DESKTOP-RM5JOAJ/Documents/Learning Multiplayer/Puzzles/Puzzles/Saved/Config/Windows/Engine.ini]
[2021.01.06-04.00.06:443][  0]LogConfig: Applying CVar settings from Section [/Script/Engine.StreamingSettings] File [C:/Users/Angelica .DESKTOP-RM5JOAJ/Documents/Learning Multiplayer/Puzzles/Puzzles/Saved/Config/Windows/Engine.ini]
[2021.01.06-04.00.06:444][  0]LogConfig: Setting CVar [[s.MinBulkDataSizeForAsyncLoading:131072]]
[2021.01.06-04.00.06:445][  0]LogConfig: Setting CVar [[s.AsyncLoadingThreadEnabled:0]]
[2021.01.06-04.00.06:445][  0]LogConfig: Setting CVar [[s.EventDrivenLoaderEnabled:1]]
[2021.01.06-04.00.06:446][  0]LogConfig: Setting CVar [[s.WarnIfTimeLimitExceeded:0]]
[2021.01.06-04.00.06:450][  0]LogConfig: Setting CVar [[s.TimeLimitExceededMultiplier:1.5]]
[2021.01.06-04.00.06:451][  0]LogConfig: Setting CVar [[s.TimeLimitExceededMinTime:0.005]]
[2021.01.06-04.00.06:452][  0]LogConfig: Setting CVar [[s.UseBackgroundLevelStreaming:1]]
[2021.01.06-04.00.06:453][  0]LogConfig: Setting CVar [[s.PriorityAsyncLoadingExtraTime:15.0]]
[2021.01.06-04.00.06:453][  0]LogConfig: Setting CVar [[s.LevelStreamingActorsUpdateTimeLimit:5.0]]
[2021.01.06-04.00.06:455][  0]LogConfig: Setting CVar [[s.PriorityLevelStreamingActorsUpdateExtraTime:5.0]]
[2021.01.06-04.00.06:456][  0]LogConfig: Setting CVar [[s.LevelStreamingComponentsRegistrationGranularity:10]]
[2021.01.06-04.00.06:458][  0]LogConfig: Setting CVar [[s.UnregisterComponentsTimeLimit:1.0]]
[2021.01.06-04.00.06:461][  0]LogConfig: Setting CVar [[s.LevelStreamingComponentsUnregistrationGranularity:5]]
[2021.01.06-04.00.06:462][  0]LogConfig: Setting CVar [[s.FlushStreamingOnExit:1]]
[2021.01.06-04.00.06:463][  0]LogConfig: Applying CVar settings from Section [/Script/Engine.GarbageCollectionSettings] File [C:/Users/Angelica .DESKTOP-RM5JOAJ/Documents/Learning Multiplayer/Puzzles/Puzzles/Saved/Config/Windows/Engine.ini]
[2021.01.06-04.00.06:464][  0]LogConfig: Setting CVar [[gc.MaxObjectsNotConsideredByGC:1]]
[2021.01.06-04.00.06:464][  0]LogConfig: Setting CVar [[gc.SizeOfPermanentObjectPool:0]]
[2021.01.06-04.00.06:465][  0]LogConfig: Setting CVar [[gc.FlushStreamingOnGC:0]]
[2021.01.06-04.00.06:466][  0]LogConfig: Setting CVar [[gc.NumRetriesBeforeForcingGC:10]]
[2021.01.06-04.00.06:466][  0]LogConfig: Setting CVar [[gc.AllowParallelGC:1]]
[2021.01.06-04.00.06:467][  0]LogConfig: Setting CVar [[gc.TimeBetweenPurgingPendingKillObjects:61.1]]
[2021.01.06-04.00.06:469][  0]LogConfig: Setting CVar [[gc.MaxObjectsInEditor:25165824]]
[2021.01.06-04.00.06:471][  0]LogConfig: Setting CVar [[gc.IncrementalBeginDestroyEnabled:1]]
[2021.01.06-04.00.06:477][  0]LogConfig: Setting CVar [[gc.CreateGCClusters:1]]
[2021.01.06-04.00.06:477][  0]LogConfig: Setting CVar [[gc.MinGCClusterSize:5]]
[2021.01.06-04.00.06:478][  0]LogConfig: Setting CVar [[gc.ActorClusteringEnabled:0]]
[2021.01.06-04.00.06:479][  0]LogConfig: Setting CVar [[gc.BlueprintClusteringEnabled:0]]
[2021.01.06-04.00.06:480][  0]LogConfig: Setting CVar [[gc.UseDisregardForGCOnDedicatedServers:0]]
[2021.01.06-04.00.06:480][  0]LogConfig: Applying CVar settings from Section [/Script/Engine.NetworkSettings] File [C:/Users/Angelica .DESKTOP-RM5JOAJ/Documents/Learning Multiplayer/Puzzles/Puzzles/Saved/Config/Windows/Engine.ini]
[2021.01.06-04.00.06:481][  0]LogConfig: Applying CVar settings from Section [/Script/UnrealEd.CookerSettings] File [C:/Users/Angelica .DESKTOP-RM5JOAJ/Documents/Learning Multiplayer/Puzzles/Puzzles/Saved/Config/Windows/Engine.ini]
[2021.01.06-04.00.06:488][  0]LogConfig: Applying CVar settings from Section [ViewDistanceQuality@3] File [C:/Users/Angelica .DESKTOP-RM5JOAJ/Documents/Learning Multiplayer/Puzzles/Puzzles/Saved/Config/Windows/Scalability.ini]
[2021.01.06-04.00.06:489][  0]LogConfig: Setting CVar [[r.SkeletalMeshLODBias:0]]
[2021.01.06-04.00.06:491][  0]LogConfig: Setting CVar [[r.ViewDistanceScale:1.0]]
[2021.01.06-04.00.06:492][  0]LogConfig: Applying CVar settings from Section [AntiAliasingQuality@3] File [C:/Users/Angelica .DESKTOP-RM5JOAJ/Documents/Learning Multiplayer/Puzzles/Puzzles/Saved/Config/Windows/Scalability.ini]
[2021.01.06-04.00.06:493][  0]LogConfig: Setting CVar [[r.PostProcessAAQuality:4]]
[2021.01.06-04.00.06:494][  0]LogConfig: Applying CVar settings from Section [ShadowQuality@3] File [C:/Users/Angelica .DESKTOP-RM5JOAJ/Documents/Learning Multiplayer/Puzzles/Puzzles/Saved/Config/Windows/Scalability.ini]
[2021.01.06-04.00.06:495][  0]LogConfig: Setting CVar [[r.LightFunctionQuality:1]]
[2021.01.06-04.00.06:496][  0]LogConfig: Setting CVar [[r.ShadowQuality:5]]
[2021.01.06-04.00.06:496][  0]LogConfig: Setting CVar [[r.Shadow.CSM.MaxCascades:10]]
[2021.01.06-04.00.06:497][  0]LogConfig: Setting CVar [[r.Shadow.MaxResolution:2048]]
[2021.01.06-04.00.06:498][  0]LogConfig: Setting CVar [[r.Shadow.MaxCSMResolution:2048]]
[2021.01.06-04.00.06:502][  0]LogConfig: Setting CVar [[r.Shadow.RadiusThreshold:0.01]]
[2021.01.06-04.00.06:503][  0]LogConfig: Setting CVar [[r.Shadow.DistanceScale:1.0]]
[2021.01.06-04.00.06:504][  0]LogConfig: Setting CVar [[r.Shadow.CSM.TransitionScale:1.0]]
[2021.01.06-04.00.06:504][  0]LogConfig: Setting CVar [[r.Shadow.PreShadowResolutionFactor:1.0]]
[2021.01.06-04.00.06:505][  0]LogConfig: Setting CVar [[r.DistanceFieldShadowing:1]]
[2021.01.06-04.00.06:506][  0]LogConfig: Setting CVar [[r.DistanceFieldAO:1]]
[2021.01.06-04.00.06:508][  0]LogConfig: Setting CVar [[r.AOQuality:2]]
[2021.01.06-04.00.06:509][  0]LogConfig: Setting CVar [[r.VolumetricFog:1]]
[2021.01.06-04.00.06:509][  0]LogConfig: Setting CVar [[r.VolumetricFog.GridPixelSize:8]]
[2021.01.06-04.00.06:510][  0]LogConfig: Setting CVar [[r.VolumetricFog.GridSizeZ:128]]
[2021.01.06-04.00.06:511][  0]LogConfig: Setting CVar [[r.VolumetricFog.HistoryMissSupersampleCount:4]]
[2021.01.06-04.00.06:514][  0]LogConfig: Setting CVar [[r.LightMaxDrawDistanceScale:1]]
[2021.01.06-04.00.06:515][  0]LogConfig: Setting CVar [[r.CapsuleShadows:1]]
[2021.01.06-04.00.06:516][  0]LogConfig: Applying CVar settings from Section [PostProcessQuality@3] File [C:/Users/Angelica .DESKTOP-RM5JOAJ/Documents/Learning Multiplayer/Puzzles/Puzzles/Saved/Config/Windows/Scalability.ini]
[2021.01.06-04.00.06:517][  0]LogConfig: Setting CVar [[r.MotionBlurQuality:4]]
[2021.01.06-04.00.06:517][  0]LogConfig: Setting CVar [[r.AmbientOcclusionMipLevelFactor:0.4]]
[2021.01.06-04.00.06:519][  0]LogConfig: Setting CVar [[r.AmbientOcclusionMaxQuality:100]]
[2021.01.06-04.00.06:520][  0]LogConfig: Setting CVar [[r.AmbientOcclusionLevels:-1]]
[2021.01.06-04.00.06:520][  0]LogConfig: Setting CVar [[r.AmbientOcclusionRadiusScale:1.0]]
[2021.01.06-04.00.06:521][  0]LogConfig: Setting CVar [[r.DepthOfFieldQuality:2]]
[2021.01.06-04.00.06:522][  0]LogConfig: Setting CVar [[r.RenderTargetPoolMin:400]]
[2021.01.06-04.00.06:523][  0]LogConfig: Setting CVar [[r.LensFlareQuality:2]]
[2021.01.06-04.00.06:527][  0]LogConfig: Setting CVar [[r.SceneColorFringeQuality:1]]
[2021.01.06-04.00.06:528][  0]LogConfig: Setting CVar [[r.EyeAdaptationQuality:2]]
[2021.01.06-04.00.06:529][  0]LogConfig: Setting CVar [[r.BloomQuality:5]]
[2021.01.06-04.00.06:529][  0]LogConfig: Setting CVar [[r.FastBlurThreshold:100]]
[2021.01.06-04.00.06:530][  0]LogConfig: Setting CVar [[r.Upscale.Quality:3]]
[2021.01.06-04.00.06:531][  0]LogConfig: Setting CVar [[r.Tonemapper.GrainQuantization:1]]
[2021.01.06-04.00.06:532][  0]LogConfig: Setting CVar [[r.LightShaftQuality:1]]
[2021.01.06-04.00.06:532][  0]LogConfig: Setting CVar [[r.Filter.SizeScale:1]]
[2021.01.06-04.00.06:533][  0]LogConfig: Setting CVar [[r.Tonemapper.Quality:5]]
[2021.01.06-04.00.06:534][  0]LogConfig: Setting CVar [[r.DOF.Gather.AccumulatorQuality:1        ; higher gathering accumulator quality]]
[2021.01.06-04.00.06:535][  0]LogConfig: Setting CVar [[r.DOF.Gather.PostfilterMethod:1          ; Median3x3 postfilering method]]
[2021.01.06-04.00.06:539][  0]LogConfig: Setting CVar [[r.DOF.Gather.EnableBokehSettings:0       ; no bokeh simulation when gathering]]
[2021.01.06-04.00.06:540][  0]LogConfig: Setting CVar [[r.DOF.Gather.RingCount:4                 ; medium number of samples when gathering]]
[2021.01.06-04.00.06:541][  0]LogConfig: Setting CVar [[r.DOF.Scatter.ForegroundCompositing:1    ; additive foreground scattering]]
[2021.01.06-04.00.06:541][  0]LogConfig: Setting CVar [[r.DOF.Scatter.BackgroundCompositing:2    ; additive background scattering]]
[2021.01.06-04.00.06:542][  0]LogConfig: Setting CVar [[r.DOF.Scatter.EnableBokehSettings:1      ; bokeh simulation when scattering]]
[2021.01.06-04.00.06:543][  0]LogConfig: Setting CVar [[r.DOF.Scatter.MaxSpriteRatio:0.1         ; only a maximum of 10% of scattered bokeh]]
[2021.01.06-04.00.06:544][  0]LogConfig: Setting CVar [[r.DOF.Recombine.Quality:1                ; cheap slight out of focus]]
[2021.01.06-04.00.06:544][  0]LogConfig: Setting CVar [[r.DOF.Recombine.EnableBokehSettings:0    ; no bokeh simulation on slight out of focus]]
[2021.01.06-04.00.06:545][  0]LogConfig: Setting CVar [[r.DOF.TemporalAAQuality:1                ; more stable temporal accumulation]]
[2021.01.06-04.00.06:546][  0]LogConfig: Setting CVar [[r.DOF.Kernel.MaxForegroundRadius:0.025]]
[2021.01.06-04.00.06:546][  0]LogConfig: Setting CVar [[r.DOF.Kernel.MaxBackgroundRadius:0.025]]
[2021.01.06-04.00.06:547][  0]LogConfig: Applying CVar settings from Section [TextureQuality@3] File [C:/Users/Angelica .DESKTOP-RM5JOAJ/Documents/Learning Multiplayer/Puzzles/Puzzles/Saved/Config/Windows/Scalability.ini]
[2021.01.06-04.00.06:551][  0]LogConfig: Setting CVar [[r.Streaming.MipBias:0]]
[2021.01.06-04.00.06:552][  0]LogConfig: Setting CVar [[r.Streaming.AmortizeCPUToGPUCopy:0]]
[2021.01.06-04.00.06:553][  0]LogConfig: Setting CVar [[r.Streaming.MaxNumTexturesToStreamPerFrame:0]]
[2021.01.06-04.00.06:553][  0]LogConfig: Setting CVar [[r.Streaming.Boost:1]]
[2021.01.06-04.00.06:554][  0]LogConfig: Setting CVar [[r.MaxAnisotropy:8]]
[2021.01.06-04.00.06:555][  0]LogConfig: Setting CVar [[r.VT.MaxAnisotropy:8]]
[2021.01.06-04.00.06:558][  0]LogConfig: Setting CVar [[r.Streaming.LimitPoolSizeToVRAM:0]]
[2021.01.06-04.00.06:559][  0]LogConfig: Setting CVar [[r.Streaming.PoolSize:1000]]
[2021.01.06-04.00.06:562][  0]LogConfig: Setting CVar [[r.Streaming.MaxEffectiveScreenSize:0]]
[2021.01.06-04.00.06:563][  0]LogConfig: Applying CVar settings from Section [EffectsQuality@3] File [C:/Users/Angelica .DESKTOP-RM5JOAJ/Documents/Learning Multiplayer/Puzzles/Puzzles/Saved/Config/Windows/Scalability.ini]
[2021.01.06-04.00.06:564][  0]LogConfig: Setting CVar [[r.TranslucencyLightingVolumeDim:64]]
[2021.01.06-04.00.06:564][  0]LogConfig: Setting CVar [[r.RefractionQuality:2]]
[2021.01.06-04.00.06:565][  0]LogConfig: Setting CVar [[r.SSR.Quality:3]]
[2021.01.06-04.00.06:566][  0]LogConfig: Setting CVar [[r.SSR.HalfResSceneColor:0]]
[2021.01.06-04.00.06:566][  0]LogConfig: Setting CVar [[r.SceneColorFormat:4]]
[2021.01.06-04.00.06:567][  0]LogConfig: Setting CVar [[r.DetailMode:2]]
[2021.01.06-04.00.06:568][  0]LogConfig: Setting CVar [[r.TranslucencyVolumeBlur:1]]
[2021.01.06-04.00.06:569][  0]LogConfig: Setting CVar [[r.MaterialQualityLevel:1 ; High quality]]
[2021.01.06-04.00.06:569][  0]LogConfig: Setting CVar [[r.SSS.Scale:1]]
[2021.01.06-04.00.06:570][  0]LogConfig: Setting CVar [[r.SSS.SampleSet:2]]
[2021.01.06-04.00.06:575][  0]LogConfig: Setting CVar [[r.SSS.Quality:1]]
[2021.01.06-04.00.06:576][  0]LogConfig: Setting CVar [[r.SSS.HalfRes:0]]
[2021.01.06-04.00.06:577][  0]LogConfig: Setting CVar [[r.SSGI.Quality:3]]
[2021.01.06-04.00.06:578][  0]LogConfig: Setting CVar [[r.EmitterSpawnRateScale:1.0]]
[2021.01.06-04.00.06:578][  0]LogConfig: Setting CVar [[r.ParticleLightQuality:2]]
[2021.01.06-04.00.06:579][  0]LogConfig: Setting CVar [[r.SkyAtmosphere.AerialPerspectiveLUT.FastApplyOnOpaque:1 ; Always have FastSkyLUT 1 in this case to avoid wrong sky]]
[2021.01.06-04.00.06:580][  0]LogConfig: Setting CVar [[r.SkyAtmosphere.AerialPerspectiveLUT.SampleCountPerSlice:1]]
[2021.01.06-04.00.06:581][  0]LogConfig: Setting CVar [[r.SkyAtmosphere.AerialPerspectiveLUT.DepthResolution:16.0]]
[2021.01.06-04.00.06:582][  0]LogConfig: Setting CVar [[r.SkyAtmosphere.FastSkyLUT:1]]
[2021.01.06-04.00.06:582][  0]LogConfig: Setting CVar [[r.SkyAtmosphere.FastSkyLUT.SampleCountMin:4.0]]
[2021.01.06-04.00.06:583][  0]LogConfig: Setting CVar [[r.SkyAtmosphere.FastSkyLUT.SampleCountMax:32.0]]
[2021.01.06-04.00.06:588][  0]LogConfig: Setting CVar [[r.SkyAtmosphere.SampleCountMin:4.0]]
[2021.01.06-04.00.06:589][  0]LogConfig: Setting CVar [[r.SkyAtmosphere.SampleCountMax:32.0]]
[2021.01.06-04.00.06:590][  0]LogConfig: Setting CVar [[r.SkyAtmosphere.TransmittanceLUT.UseSmallFormat:0]]
[2021.01.06-04.00.06:591][  0]LogConfig: Setting CVar [[r.SkyAtmosphere.TransmittanceLUT.SampleCount:10.0]]
[2021.01.06-04.00.06:591][  0]LogConfig: Setting CVar [[r.SkyAtmosphere.MultiScatteringLUT.SampleCount:15.0]]
[2021.01.06-04.00.06:592][  0]LogConfig: Applying CVar settings from Section [FoliageQuality@3] File [C:/Users/Angelica .DESKTOP-RM5JOAJ/Documents/Learning Multiplayer/Puzzles/Puzzles/Saved/Config/Windows/Scalability.ini]
[2021.01.06-04.00.06:593][  0]LogConfig: Setting CVar [[foliage.DensityScale:1.0]]
[2021.01.06-04.00.06:593][  0]LogConfig: Setting CVar [[grass.DensityScale:1.0]]
[2021.01.06-04.00.06:594][  0]LogConfig: Applying CVar settings from Section [ShadingQuality@3] File [C:/Users/Angelica .DESKTOP-RM5JOAJ/Documents/Learning Multiplayer/Puzzles/Puzzles/Saved/Config/Windows/Scalability.ini]
[2021.01.06-04.00.06:595][  0]LogConfig: Setting CVar [[r.HairStrands.SkyLighting.SampleCount:16]]
[2021.01.06-04.00.06:595][  0]LogConfig: Setting CVar [[r.HairStrands.SkyLighting.JitterIntegration:0]]
[2021.01.06-04.00.06:600][  0]LogConfig: Setting CVar [[r.HairStrands.SkyAO.SampleCount:16]]
[2021.01.06-04.00.06:601][  0]LogConfig: Setting CVar [[r.HairStrands.DeepShadow.SuperSampling:0]]
[2021.01.06-04.00.06:603][  0]LogConfig: Setting CVar [[r.HairStrands.VisibilityPPLL:0]]
[2021.01.06-04.00.06:604][  0]LogConfig: Setting CVar [[r.HairStrands.RasterizationScale:0.5]]
[2021.01.06-04.00.06:605][  0]LogConfig: Setting CVar [[r.HairStrands.VelocityRasterizationScale:1]]
[2021.01.06-04.00.06:607][  0]LogInit: Selected Device Profile: [Windows]
[2021.01.06-04.00.06:608][  0]LogInit: Applying CVar settings loaded from the selected device profile: [Windows]
[2021.01.06-04.00.06:609][  0]LogHAL: Display: Platform has ~ 16 GB [17052516352 / 17179869184 / 16], which maps to Larger [LargestMinGB=32, LargerMinGB=12, DefaultMinGB=8, SmallerMinGB=6, SmallestMinGB=0)
[2021.01.06-04.00.06:612][  0]LogInit: Going up to parent DeviceProfile []
[2021.01.06-04.00.06:613][  0]LogConfig: Applying CVar settings from Section [ViewDistanceQuality@3] File [C:/Users/Angelica .DESKTOP-RM5JOAJ/Documents/Learning Multiplayer/Puzzles/Puzzles/Saved/Config/Windows/Scalability.ini]
[2021.01.06-04.00.06:614][  0]LogConfig: Setting CVar [[r.SkeletalMeshLODBias:0]]
[2021.01.06-04.00.06:615][  0]LogConfig: Setting CVar [[r.ViewDistanceScale:1.0]]
[2021.01.06-04.00.06:616][  0]LogConfig: Applying CVar settings from Section [AntiAliasingQuality@3] File [C:/Users/Angelica .DESKTOP-RM5JOAJ/Documents/Learning Multiplayer/Puzzles/Puzzles/Saved/Config/Windows/Scalability.ini]
[2021.01.06-04.00.06:617][  0]LogConfig: Setting CVar [[r.PostProcessAAQuality:4]]
[2021.01.06-04.00.06:625][  0]LogConfig: Applying CVar settings from Section [ShadowQuality@3] File [C:/Users/Angelica .DESKTOP-RM5JOAJ/Documents/Learning Multiplayer/Puzzles/Puzzles/Saved/Config/Windows/Scalability.ini]
[2021.01.06-04.00.06:626][  0]LogConfig: Setting CVar [[r.LightFunctionQuality:1]]
[2021.01.06-04.00.06:627][  0]LogConfig: Setting CVar [[r.ShadowQuality:5]]
[2021.01.06-04.00.06:628][  0]LogConfig: Setting CVar [[r.Shadow.CSM.MaxCascades:10]]
[2021.01.06-04.00.06:629][  0]LogConfig: Setting CVar [[r.Shadow.MaxResolution:2048]]
[2021.01.06-04.00.06:630][  0]LogConfig: Setting CVar [[r.Shadow.MaxCSMResolution:2048]]
[2021.01.06-04.00.06:631][  0]LogConfig: Setting CVar [[r.Shadow.RadiusThreshold:0.01]]
[2021.01.06-04.00.06:631][  0]LogConfig: Setting CVar [[r.Shadow.DistanceScale:1.0]]
[2021.01.06-04.00.06:632][  0]LogConfig: Setting CVar [[r.Shadow.CSM.TransitionScale:1.0]]
[2021.01.06-04.00.06:633][  0]LogConfig: Setting CVar [[r.Shadow.PreShadowResolutionFactor:1.0]]
[2021.01.06-04.00.06:638][  0]LogConfig: Setting CVar [[r.DistanceFieldShadowing:1]]
[2021.01.06-04.00.06:638][  0]LogConfig: Setting CVar [[r.DistanceFieldAO:1]]
[2021.01.06-04.00.06:639][  0]LogConfig: Setting CVar [[r.AOQuality:2]]
[2021.01.06-04.00.06:640][  0]LogConfig: Setting CVar [[r.VolumetricFog:1]]
[2021.01.06-04.00.06:642][  0]LogConfig: Setting CVar [[r.VolumetricFog.GridPixelSize:8]]
[2021.01.06-04.00.06:643][  0]LogConfig: Setting CVar [[r.VolumetricFog.GridSizeZ:128]]
[2021.01.06-04.00.06:644][  0]LogConfig: Setting CVar [[r.VolumetricFog.HistoryMissSupersampleCount:4]]
[2021.01.06-04.00.06:645][  0]LogConfig: Setting CVar [[r.LightMaxDrawDistanceScale:1]]
[2021.01.06-04.00.06:649][  0]LogConfig: Setting CVar [[r.CapsuleShadows:1]]
[2021.01.06-04.00.06:650][  0]LogConfig: Applying CVar settings from Section [PostProcessQuality@3] File [C:/Users/Angelica .DESKTOP-RM5JOAJ/Documents/Learning Multiplayer/Puzzles/Puzzles/Saved/Config/Windows/Scalability.ini]
[2021.01.06-04.00.06:651][  0]LogConfig: Setting CVar [[r.MotionBlurQuality:4]]
[2021.01.06-04.00.06:651][  0]LogConfig: Setting CVar [[r.AmbientOcclusionMipLevelFactor:0.4]]
[2021.01.06-04.00.06:652][  0]LogConfig: Setting CVar [[r.AmbientOcclusionMaxQuality:100]]
[2021.01.06-04.00.06:653][  0]LogConfig: Setting CVar [[r.AmbientOcclusionLevels:-1]]
[2021.01.06-04.00.06:654][  0]LogConfig: Setting CVar [[r.AmbientOcclusionRadiusScale:1.0]]
[2021.01.06-04.00.06:654][  0]LogConfig: Setting CVar [[r.DepthOfFieldQuality:2]]
[2021.01.06-04.00.06:655][  0]LogConfig: Setting CVar [[r.RenderTargetPoolMin:400]]
[2021.01.06-04.00.06:656][  0]LogConfig: Setting CVar [[r.LensFlareQuality:2]]
[2021.01.06-04.00.06:657][  0]LogConfig: Setting CVar [[r.SceneColorFringeQuality:1]]
[2021.01.06-04.00.06:661][  0]LogConfig: Setting CVar [[r.EyeAdaptationQuality:2]]
[2021.01.06-04.00.06:662][  0]LogConfig: Setting CVar [[r.BloomQuality:5]]
[2021.01.06-04.00.06:663][  0]LogConfig: Setting CVar [[r.FastBlurThreshold:100]]
[2021.01.06-04.00.06:663][  0]LogConfig: Setting CVar [[r.Upscale.Quality:3]]
[2021.01.06-04.00.06:664][  0]LogConfig: Setting CVar [[r.Tonemapper.GrainQuantization:1]]
[2021.01.06-04.00.06:665][  0]LogConfig: Setting CVar [[r.LightShaftQuality:1]]
[2021.01.06-04.00.06:666][  0]LogConfig: Setting CVar [[r.Filter.SizeScale:1]]
[2021.01.06-04.00.06:667][  0]LogConfig: Setting CVar [[r.Tonemapper.Quality:5]]
[2021.01.06-04.00.06:668][  0]LogConfig: Setting CVar [[r.DOF.Gather.AccumulatorQuality:1        ; higher gathering accumulator quality]]
[2021.01.06-04.00.06:670][  0]LogConfig: Setting CVar [[r.DOF.Gather.PostfilterMethod:1          ; Median3x3 postfilering method]]
[2021.01.06-04.00.06:674][  0]LogConfig: Setting CVar [[r.DOF.Gather.EnableBokehSettings:0       ; no bokeh simulation when gathering]]
[2021.01.06-04.00.06:675][  0]LogConfig: Setting CVar [[r.DOF.Gather.RingCount:4                 ; medium number of samples when gathering]]
[2021.01.06-04.00.06:676][  0]LogConfig: Setting CVar [[r.DOF.Scatter.ForegroundCompositing:1    ; additive foreground scattering]]
[2021.01.06-04.00.06:677][  0]LogConfig: Setting CVar [[r.DOF.Scatter.BackgroundCompositing:2    ; additive background scattering]]
[2021.01.06-04.00.06:677][  0]LogConfig: Setting CVar [[r.DOF.Scatter.EnableBokehSettings:1      ; bokeh simulation when scattering]]
[2021.01.06-04.00.06:678][  0]LogConfig: Setting CVar [[r.DOF.Scatter.MaxSpriteRatio:0.1         ; only a maximum of 10% of scattered bokeh]]
[2021.01.06-04.00.06:679][  0]LogConfig: Setting CVar [[r.DOF.Recombine.Quality:1                ; cheap slight out of focus]]
[2021.01.06-04.00.06:680][  0]LogConfig: Setting CVar [[r.DOF.Recombine.EnableBokehSettings:0    ; no bokeh simulation on slight out of focus]]
[2021.01.06-04.00.06:682][  0]LogConfig: Setting CVar [[r.DOF.TemporalAAQuality:1                ; more stable temporal accumulation]]
[2021.01.06-04.00.06:683][  0]LogConfig: Setting CVar [[r.DOF.Kernel.MaxForegroundRadius:0.025]]
[2021.01.06-04.00.06:686][  0]LogConfig: Setting CVar [[r.DOF.Kernel.MaxBackgroundRadius:0.025]]
[2021.01.06-04.00.06:687][  0]LogConfig: Applying CVar settings from Section [TextureQuality@3] File [C:/Users/Angelica .DESKTOP-RM5JOAJ/Documents/Learning Multiplayer/Puzzles/Puzzles/Saved/Config/Windows/Scalability.ini]
[2021.01.06-04.00.06:690][  0]LogConfig: Setting CVar [[r.Streaming.MipBias:0]]
[2021.01.06-04.00.06:692][  0]LogConfig: Setting CVar [[r.Streaming.AmortizeCPUToGPUCopy:0]]
[2021.01.06-04.00.06:692][  0]LogConfig: Setting CVar [[r.Streaming.MaxNumTexturesToStreamPerFrame:0]]
[2021.01.06-04.00.06:694][  0]LogConfig: Setting CVar [[r.Streaming.Boost:1]]
[2021.01.06-04.00.06:697][  0]LogConfig: Setting CVar [[r.MaxAnisotropy:8]]
[2021.01.06-04.00.06:698][  0]LogConfig: Setting CVar [[r.VT.MaxAnisotropy:8]]
[2021.01.06-04.00.06:700][  0]LogConfig: Setting CVar [[r.Streaming.LimitPoolSizeToVRAM:0]]
[2021.01.06-04.00.06:700][  0]LogConfig: Setting CVar [[r.Streaming.PoolSize:1000]]
[2021.01.06-04.00.06:701][  0]LogConfig: Setting CVar [[r.Streaming.MaxEffectiveScreenSize:0]]
[2021.01.06-04.00.06:703][  0]LogConfig: Applying CVar settings from Section [EffectsQuality@3] File [C:/Users/Angelica .DESKTOP-RM5JOAJ/Documents/Learning Multiplayer/Puzzles/Puzzles/Saved/Config/Windows/Scalability.ini]
[2021.01.06-04.00.06:704][  0]LogConfig: Setting CVar [[r.TranslucencyLightingVolumeDim:64]]
[2021.01.06-04.00.06:705][  0]LogConfig: Setting CVar [[r.RefractionQuality:2]]
[2021.01.06-04.00.06:706][  0]LogConfig: Setting CVar [[r.SSR.Quality:3]]
[2021.01.06-04.00.06:710][  0]LogConfig: Setting CVar [[r.SSR.HalfResSceneColor:0]]
[2021.01.06-04.00.06:711][  0]LogConfig: Setting CVar [[r.SceneColorFormat:4]]
[2021.01.06-04.00.06:711][  0]LogConfig: Setting CVar [[r.DetailMode:2]]
[2021.01.06-04.00.06:712][  0]LogConfig: Setting CVar [[r.TranslucencyVolumeBlur:1]]
[2021.01.06-04.00.06:713][  0]LogConfig: Setting CVar [[r.MaterialQualityLevel:1 ; High quality]]
[2021.01.06-04.00.06:713][  0]LogConfig: Setting CVar [[r.SSS.Scale:1]]
[2021.01.06-04.00.06:714][  0]LogConfig: Setting CVar [[r.SSS.SampleSet:2]]
[2021.01.06-04.00.06:715][  0]LogConfig: Setting CVar [[r.SSS.Quality:1]]
[2021.01.06-04.00.06:716][  0]LogConfig: Setting CVar [[r.SSS.HalfRes:0]]
[2021.01.06-04.00.06:716][  0]LogConfig: Setting CVar [[r.SSGI.Quality:3]]
[2021.01.06-04.00.06:717][  0]LogConfig: Setting CVar [[r.EmitterSpawnRateScale:1.0]]
[2021.01.06-04.00.06:718][  0]LogConfig: Setting CVar [[r.ParticleLightQuality:2]]
[2021.01.06-04.00.06:723][  0]LogConfig: Setting CVar [[r.SkyAtmosphere.AerialPerspectiveLUT.FastApplyOnOpaque:1 ; Always have FastSkyLUT 1 in this case to avoid wrong sky]]
[2021.01.06-04.00.06:724][  0]LogConfig: Setting CVar [[r.SkyAtmosphere.AerialPerspectiveLUT.SampleCountPerSlice:1]]
[2021.01.06-04.00.06:725][  0]LogConfig: Setting CVar [[r.SkyAtmosphere.AerialPerspectiveLUT.DepthResolution:16.0]]
[2021.01.06-04.00.06:726][  0]LogConfig: Setting CVar [[r.SkyAtmosphere.FastSkyLUT:1]]
[2021.01.06-04.00.06:726][  0]LogConfig: Setting CVar [[r.SkyAtmosphere.FastSkyLUT.SampleCountMin:4.0]]
[2021.01.06-04.00.06:727][  0]LogConfig: Setting CVar [[r.SkyAtmosphere.FastSkyLUT.SampleCountMax:32.0]]
[2021.01.06-04.00.06:728][  0]LogConfig: Setting CVar [[r.SkyAtmosphere.SampleCountMin:4.0]]
[2021.01.06-04.00.06:729][  0]LogConfig: Setting CVar [[r.SkyAtmosphere.SampleCountMax:32.0]]
[2021.01.06-04.00.06:729][  0]LogConfig: Setting CVar [[r.SkyAtmosphere.TransmittanceLUT.UseSmallFormat:0]]
[2021.01.06-04.00.06:730][  0]LogConfig: Setting CVar [[r.SkyAtmosphere.TransmittanceLUT.SampleCount:10.0]]
[2021.01.06-04.00.06:731][  0]LogConfig: Setting CVar [[r.SkyAtmosphere.MultiScatteringLUT.SampleCount:15.0]]
[2021.01.06-04.00.06:731][  0]LogConfig: Applying CVar settings from Section [FoliageQuality@3] File [C:/Users/Angelica .DESKTOP-RM5JOAJ/Documents/Learning Multiplayer/Puzzles/Puzzles/Saved/Config/Windows/Scalability.ini]
[2021.01.06-04.00.06:736][  0]LogConfig: Setting CVar [[foliage.DensityScale:1.0]]
[2021.01.06-04.00.06:736][  0]LogConfig: Setting CVar [[grass.DensityScale:1.0]]
[2021.01.06-04.00.06:741][  0]LogConfig: Applying CVar settings from Section [ShadingQuality@3] File [C:/Users/Angelica .DESKTOP-RM5JOAJ/Documents/Learning Multiplayer/Puzzles/Puzzles/Saved/Config/Windows/Scalability.ini]
[2021.01.06-04.00.06:742][  0]LogConfig: Setting CVar [[r.HairStrands.SkyLighting.SampleCount:16]]
[2021.01.06-04.00.06:743][  0]LogConfig: Setting CVar [[r.HairStrands.SkyLighting.JitterIntegration:0]]
[2021.01.06-04.00.06:743][  0]LogConfig: Setting CVar [[r.HairStrands.SkyAO.SampleCount:16]]
[2021.01.06-04.00.06:744][  0]LogConfig: Setting CVar [[r.HairStrands.DeepShadow.SuperSampling:0]]
[2021.01.06-04.00.06:749][  0]LogConfig: Setting CVar [[r.HairStrands.VisibilityPPLL:0]]
[2021.01.06-04.00.06:750][  0]LogConfig: Setting CVar [[r.HairStrands.RasterizationScale:0.5]]
[2021.01.06-04.00.06:750][  0]LogConfig: Setting CVar [[r.HairStrands.VelocityRasterizationScale:1]]
[2021.01.06-04.00.06:751][  0]LogConfig: Applying CVar settings from Section [Startup] File [../../../Engine/Config/ConsoleVariables.ini]
[2021.01.06-04.00.06:754][  0]LogConfig: Setting CVar [[net.UseAdaptiveNetUpdateFrequency:0]]
[2021.01.06-04.00.06:755][  0]LogConfig: Setting CVar [[p.chaos.AllowCreatePhysxBodies:1]]
[2021.01.06-04.00.06:756][  0]LogConfig: Setting CVar [[fx.SkipVectorVMBackendOptimizations:1]]
[2021.01.06-04.00.06:763][  0]LogConfig: Applying CVar settings from Section [ConsoleVariables] File [C:/Users/Angelica .DESKTOP-RM5JOAJ/Documents/Learning Multiplayer/Puzzles/Puzzles/Saved/Config/Windows/Engine.ini]
[2021.01.06-04.00.06:764][  0]LogInit: Computer: SKETCH-PC
[2021.01.06-04.00.06:764][  0]LogInit: User: Angelica
[2021.01.06-04.00.06:765][  0]LogInit: CPU Page size=4096, Cores=2
[2021.01.06-04.00.06:766][  0]LogInit: High frequency timer resolution =10.000000 MHz
[2021.01.06-04.00.06:767][  0]LogMemory: Memory total: Physical=15.9GB (16GB approx)
[2021.01.06-04.00.06:768][  0]LogMemory: Platform Memory Stats for Windows
[2021.01.06-04.00.06:768][  0]LogMemory: Process Physical Memory: 113.93 MB used, 113.93 MB peak
[2021.01.06-04.00.06:770][  0]LogMemory: Process Virtual Memory: 97.05 MB used, 97.05 MB peak
[2021.01.06-04.00.06:772][  0]LogMemory: Physical Memory: 6981.79 MB used,  9280.76 MB free, 16262.55 MB total
[2021.01.06-04.00.06:777][  0]LogMemory: Virtual Memory: 5124.82 MB used,  134212600.00 MB free, 134217728.00 MB total
[2021.01.06-04.00.06:788][  0]LogWindows: WindowsPlatformFeatures enabled
[2021.01.06-04.00.06:839][  0]LogInit: Physics initialised using underlying interface: PhysX
[2021.01.06-04.00.06:840][  0]LogInit: Using OS detected language (en-US).
[2021.01.06-04.00.06:842][  0]LogInit: Using OS detected locale (en-US).
[2021.01.06-04.00.06:851][  0]LogTextLocalizationManager: No specific localization for 'en-US' exists, so the 'en' localization will be used.
[2021.01.06-04.00.07:340][  0]LogSlate: New Slate User Created.  User Index 0, Is Virtual User: 0
[2021.01.06-04.00.07:341][  0]LogSlate: Slate User Registered.  User Index 0, Is Virtual User: 0
[2021.01.06-04.00.07:367][  0]LogHMD: Failed to initialize OpenVR with code 110
[2021.01.06-04.00.07:367][  0]LogD3D11RHI: D3D11 min allowed feature level: 11_0
[2021.01.06-04.00.07:369][  0]LogD3D11RHI: D3D11 max allowed feature level: 11_0
[2021.01.06-04.00.07:370][  0]LogD3D11RHI: D3D11 adapters:
[2021.01.06-04.00.07:674][  0]LogD3D11RHI:    0. 'Intel(R) HD Graphics 620' (Feature Level 11_0)
[2021.01.06-04.00.07:675][  0]LogD3D11RHI:       128/0/8131 MB DedicatedVideo/DedicatedSystem/SharedSystem, Outputs:2, VendorId:0x8086
[2021.01.06-04.00.07:683][  0]LogD3D11RHI:    1. 'Microsoft Basic Render Driver' (Feature Level 11_0)
[2021.01.06-04.00.07:683][  0]LogD3D11RHI:       0/0/8131 MB DedicatedVideo/DedicatedSystem/SharedSystem, Outputs:0, VendorId:0x1414
[2021.01.06-04.00.07:692][  0]LogD3D11RHI:    2. 'Microsoft Basic Render Driver' (Feature Level 11_0)
[2021.01.06-04.00.07:692][  0]LogD3D11RHI:       0/0/8131 MB DedicatedVideo/DedicatedSystem/SharedSystem, Outputs:0, VendorId:0x1414
[2021.01.06-04.00.07:700][  0]LogD3D11RHI:    3. 'Microsoft Basic Render Driver' (Feature Level 11_0)
[2021.01.06-04.00.07:701][  0]LogD3D11RHI:       0/0/8131 MB DedicatedVideo/DedicatedSystem/SharedSystem, Outputs:0, VendorId:0x1414
[2021.01.06-04.00.07:709][  0]LogD3D11RHI:    4. 'Microsoft Basic Render Driver' (Feature Level 11_0)
[2021.01.06-04.00.07:709][  0]LogD3D11RHI:       0/0/8131 MB DedicatedVideo/DedicatedSystem/SharedSystem, Outputs:0, VendorId:0x1414
[2021.01.06-04.00.07:710][  0]LogD3D11RHI: Chosen D3D11 Adapter: 0
[2021.01.06-04.00.07:724][  0]LogD3D11RHI: Creating new Direct3DDevice
[2021.01.06-04.00.07:724][  0]LogD3D11RHI:     GPU DeviceId: 0x5916 (for the marketing name, search the web for "GPU Device Id")
[2021.01.06-04.00.07:725][  0]LogWindows: EnumDisplayDevices:
[2021.01.06-04.00.07:727][  0]LogWindows:    0. 'Intel(R) HD Graphics 620' (P:0 D:1)
[2021.01.06-04.00.07:730][  0]LogWindows:    1. 'Intel(R) HD Graphics 620' (P:0 D:0)
[2021.01.06-04.00.07:731][  0]LogWindows:    2. 'Intel(R) HD Graphics 620' (P:0 D:0)
[2021.01.06-04.00.07:732][  0]LogWindows:    3. 'MS Idd Device' (P:0 D:0)
[2021.01.06-04.00.07:732][  0]LogWindows:    4. 'MS Idd Device' (P:0 D:0)
[2021.01.06-04.00.07:733][  0]LogWindows:    5. 'MS Idd Device' (P:1 D:1)
[2021.01.06-04.00.07:734][  0]LogWindows: DebugString: GetVideoDriverDetailsInvalid PrimaryIsNotTheChoosenAdapter GetVideoDriverDetailsInvalid PrimaryIsNotTheChoosenAdapter GetVideoDriverDetailsInvalid PrimaryIsNotTheChoosenAdapter FoundDriverCount:3 
[2021.01.06-04.00.07:734][  0]LogD3D11RHI:     Adapter Name: Intel(R) HD Graphics 620
[2021.01.06-04.00.07:735][  0]LogD3D11RHI:   Driver Version: 24.20.100.6344 (internal:24.20.100.6344, unified:24.20.100.6344)
[2021.01.06-04.00.07:736][  0]LogD3D11RHI:      Driver Date: 11-10-2018
[2021.01.06-04.00.07:737][  0]LogRHI: Texture pool is 1523 MB (70% of 2176 MB)
[2021.01.06-04.00.07:750][  0]LogD3D11RHI: [IntelMetricsDiscovery] Failed to initialize context. Result=00000002
[2021.01.06-04.00.08:032][  0]LogD3D11RHI: RHI does not have support for 64 bit atomics
[2021.01.06-04.00.08:033][  0]LogD3D11RHI: Async texture creation enabled
[2021.01.06-04.00.08:035][  0]LogD3D11RHI: Array index from any shader is supported
[2021.01.06-04.00.08:051][  0]LogD3D11RHI: GPU Timing Frequency: 12.000048 (Debug: 2 0)
[2021.01.06-04.00.08:693][  0]LogTargetPlatformManager: Display: Loaded TargetPlatform 'WindowsNoEditor'
[2021.01.06-04.00.08:699][  0]LogTargetPlatformManager: Display: Loaded TargetPlatform 'Windows'
[2021.01.06-04.00.08:717][  0]LogTargetPlatformManager: Display: Loaded TargetPlatform 'WindowsClient'
[2021.01.06-04.00.08:737][  0]LogTargetPlatformManager: Display: Loaded TargetPlatform 'WindowsServer'
[2021.01.06-04.00.08:737][  0]LogTargetPlatformManager: Display: Building Assets For Windows
[2021.01.06-04.00.08:748][  0]LogAudioDebug: Display: Lib vorbis DLL was dynamically loaded.
[2021.01.06-04.00.08:818][  0]LogShaderCompilers: Guid format shader working directory is -31 characters bigger than the processId version (../../../../../../Users/Angelica .DESKTOP-RM5JOAJ/Documents/Learning Multiplayer/Puzzles/Puzzles/Intermediate/Shaders/WorkingDirectory/16604/).
[2021.01.06-04.00.08:819][  0]LogShaderCompilers: Cleaned the shader compiler working directory 'C:/Users/Angelica .DESKTOP-RM5JOAJ/AppData/Local/Temp/UnrealShaderWorkingDir/344CFA9C4024B2586930B4B1EE5E7973/'.
[2021.01.06-04.00.08:822][  0]LogXGEController: Cannot use XGE Controller as Incredibuild is not installed on this machine.
[2021.01.06-04.00.08:822][  0]LogShaderCompilers: Cannot use XGE Shader Compiler as Incredibuild is not installed on this machine.
[2021.01.06-04.00.08:823][  0]LogShaderCompilers: Display: Using Local Shader Compiler.
[2021.01.06-04.00.10:803][  0]LogDerivedDataCache: Display: Max Cache Size: 512 MB
[2021.01.06-04.00.10:899][  0]LogDerivedDataCache: Loaded boot cache 0.09s 83MB C:/Users/Angelica .DESKTOP-RM5JOAJ/AppData/Local/UnrealEngine/4.25/DerivedDataCache/Boot.ddc.
[2021.01.06-04.00.10:899][  0]LogDerivedDataCache: Display: Loaded Boot cache: C:/Users/Angelica .DESKTOP-RM5JOAJ/AppData/Local/UnrealEngine/4.25/DerivedDataCache/Boot.ddc
[2021.01.06-04.00.10:902][  0]LogDerivedDataCache: FDerivedDataBackendGraph:  Pak pak cache file ../../../../../../Users/Angelica .DESKTOP-RM5JOAJ/Documents/Learning Multiplayer/Puzzles/Puzzles/DerivedDataCache/DDC.ddp not found, will not use a pak cache.
[2021.01.06-04.00.10:902][  0]LogDerivedDataCache: Unable to find inner node Pak for hierarchical cache Hierarchy.
[2021.01.06-04.00.10:903][  0]LogDerivedDataCache: FDerivedDataBackendGraph:  CompressedPak pak cache file ../../../../../../Users/Angelica .DESKTOP-RM5JOAJ/Documents/Learning Multiplayer/Puzzles/Puzzles/DerivedDataCache/Compressed.ddp not found, will not use a pak cache.
[2021.01.06-04.00.10:904][  0]LogDerivedDataCache: Unable to find inner node CompressedPak for hierarchical cache Hierarchy.
[2021.01.06-04.00.10:928][  0]LogDerivedDataCache: Display: Pak cache opened for reading ../../../Engine/DerivedDataCache/Compressed.ddp.
[2021.01.06-04.00.10:928][  0]LogDerivedDataCache: FDerivedDataBackendGraph:  EnterprisePak pak cache file ../../../Enterprise/DerivedDataCache/Compressed.ddp not found, will not use a pak cache.
[2021.01.06-04.00.10:930][  0]LogDerivedDataCache: Unable to find inner node EnterprisePak for hierarchical cache Hierarchy.
[2021.01.06-04.00.10:933][  0]LogDerivedDataCache: Using Local data cache path C:/Users/Angelica .DESKTOP-RM5JOAJ/AppData/Local/UnrealEngine/Common/DerivedDataCache: Writable
[2021.01.06-04.00.10:933][  0]LogDerivedDataCache: Shared data cache path not found in *engine.ini, will not use an Shared cache.
[2021.01.06-04.00.10:934][  0]LogDerivedDataCache: Unable to find inner node Shared for hierarchical cache Hierarchy.
[2021.01.06-04.00.11:055][  0]LogSlate: Using FreeType 2.10.0
[2021.01.06-04.00.11:058][  0]LogSlate: SlateFontServices - WITH_FREETYPE: 1, WITH_HARFBUZZ: 1
[2021.01.06-04.00.11:278][  0]LogInit: Using OS detected language (en-US).
[2021.01.06-04.00.11:279][  0]LogInit: Using OS detected locale (en-US).
[2021.01.06-04.00.11:282][  0]LogTextLocalizationManager: No localization for 'en-US' exists, so 'en' will be used for the language.
[2021.01.06-04.00.11:282][  0]LogTextLocalizationManager: No localization for 'en-US' exists, so 'en' will be used for the locale.
[2021.01.06-04.00.11:283][  0]LogSlate: FontCache flush requested. Reason: Culture for localization was changed
[2021.01.06-04.00.11:284][  0]LogSlate: FontCache flush requested. Reason: Culture for localization was changed
[2021.01.06-04.00.11:287][  0]LogTextLocalizationManager: Compacting localization data took   0.00ms
[2021.01.06-04.00.11:298][  0]LogAssetRegistry: FAssetRegistry took 0.0048 seconds to start up
[2021.01.06-04.00.11:860][  0]LogPackageLocalizationCache: Processed 19 localized package path(s) for 1 prioritized culture(s) in 0.090812 seconds
[2021.01.06-04.00.11:993][  0]LogInit: Selected Device Profile: [Windows]
[2021.01.06-04.00.12:253][  0]LogMeshReduction: Using QuadricMeshReduction for automatic static mesh reduction
[2021.01.06-04.00.12:261][  0]LogMeshReduction: Using SimplygonMeshReduction for automatic skeletal mesh reduction
[2021.01.06-04.00.12:263][  0]LogMeshReduction: Using ProxyLODMeshReduction for automatic mesh merging
[2021.01.06-04.00.12:264][  0]LogMeshReduction: No distributed automatic mesh merging module available
[2021.01.06-04.00.12:264][  0]LogMeshMerging: No distributed automatic mesh merging module available
[2021.01.06-04.00.12:296][  0]LogNetVersion: Puzzles 1.0.0, NetCL: 13144385, EngineNetVer: 14, GameNetVer: 0 (Checksum: 1097821826)
[2021.01.06-04.00.12:877][  0]LogAISub: UAISubsystem::UAISubsystem AISubsystem (0000025903709880), frame # 0
[2021.01.06-04.00.12:886][  0]LogAISub: UAISubsystem::UAISubsystem AIPerceptionSystem (000002590461BC40), frame # 0
[2021.01.06-04.00.12:894][  0]LogAISub: UAISubsystem::UAISubsystem EnvQueryManager (0000025904633200), frame # 0
[2021.01.06-04.00.13:068][  0]LogCollectionManager: Loaded 0 collections in 0.004060 seconds
[2021.01.06-04.00.13:076][  0]LogFileCache: Scanning file cache for directory 'C:/Users/Angelica .DESKTOP-RM5JOAJ/Documents/Learning Multiplayer/Puzzles/Puzzles/Saved/Collections/' took 0.00s
[2021.01.06-04.00.13:080][  0]LogFileCache: Scanning file cache for directory 'C:/Users/Angelica .DESKTOP-RM5JOAJ/Documents/Learning Multiplayer/Puzzles/Puzzles/Content/Developers/Angelica/Collections/' took 0.00s
[2021.01.06-04.00.13:083][  0]LogFileCache: Scanning file cache for directory 'C:/Users/Angelica .DESKTOP-RM5JOAJ/Documents/Learning Multiplayer/Puzzles/Puzzles/Content/Collections/' took 0.00s
[2021.01.06-04.00.13:084][  0]LogCollectionManager: Fixed up redirectors for 0 collections in 0.000007 seconds (updated 0 objects)
[2021.01.06-04.00.13:151][  0]LogMoviePlayer: Initializing movie player
[2021.01.06-04.00.13:489][  0]SourceControl: Source control is disabled
[2021.01.06-04.00.13:497][  0]SourceControl: Source control is disabled
[2021.01.06-04.00.13:505][  0]SourceControl: Source control is disabled
[2021.01.06-04.00.13:649][  0]LogAndroidPermission: UAndroidPermissionCallbackProxy::GetInstance
[2021.01.06-04.00.13:670][  0]LogAudioCaptureCore: Display: No Audio Capture implementations found. Audio input will be silent.
[2021.01.06-04.00.13:673][  0]LogAudioCaptureCore: Display: No Audio Capture implementations found. Audio input will be silent.
[2021.01.06-04.00.13:757][  0]LogOcInput: OculusInput pre-init called
[2021.01.06-04.00.13:788][  0]LogUObjectArray: 19493 objects as part of root set at end of initial load.
[2021.01.06-04.00.13:789][  0]LogUObjectAllocator: 5243296 out of 0 bytes used by permanent object pool.
[2021.01.06-04.00.13:791][  0]LogUObjectArray: CloseDisregardForGC: 0/0 objects in disregard for GC pool
[2021.01.06-04.00.13:883][  0]LogEngine: Initializing Engine...
[2021.01.06-04.00.13:887][  0]LogHMD: Failed to initialize OpenVR with code 110
[2021.01.06-04.00.13:887][  0]LogMagicLeap: Warning: VR disabled because ZI is not enabled.  To enable, in the editor, Edit -> Project Settings -> Plugins -> Magic Leap Plugin -> Enable Zero Iteration
[2021.01.06-04.00.13:891][  0]LogStats: UGameplayTagsManager::InitializeManager -  0.000 s
[2021.01.06-04.00.14:093][  0]LogInit: Initializing FReadOnlyCVARCache
[2021.01.06-04.00.14:101][  0]LogAudioMixer: Display: Audio Mixer Platform Settings:
[2021.01.06-04.00.14:104][  0]LogAudioMixer: Display: 	Sample Rate:						  48000
[2021.01.06-04.00.14:105][  0]LogAudioMixer: Display: 	Callback Buffer Frame Size Requested: 1024
[2021.01.06-04.00.14:106][  0]LogAudioMixer: Display: 	Callback Buffer Frame Size To Use:	  1024
[2021.01.06-04.00.14:107][  0]LogAudioMixer: Display: 	Number of buffers to queue:			  2
[2021.01.06-04.00.14:109][  0]LogAudioMixer: Display: 	Max Channels (voices):				  32
[2021.01.06-04.00.14:112][  0]LogAudioMixer: Display: 	Number of Async Source Workers:		  0
[2021.01.06-04.00.14:113][  0]LogAudio: Display: AudioDevice MaxSources: 32
[2021.01.06-04.00.14:115][  0]LogAudio: Display: Using built-in audio occlusion.
[2021.01.06-04.00.14:115][  0]LogAudioMixer: Display: Initializing audio mixer.
[2021.01.06-04.00.14:174][  0]LogAudioMixer: Display: 0: FrontLeft
[2021.01.06-04.00.14:174][  0]LogAudioMixer: Display: 1: FrontRight
[2021.01.06-04.00.14:918][  0]LogAudioMixer: Display: Using Audio Device Speaker/Headphone (Realtek High Definition Audio(SST))
[2021.01.06-04.00.14:925][  0]LogAudioMixer: Display: Initializing Sound Submixes...
[2021.01.06-04.00.14:928][  0]LogAudioMixer: Display: Creating Master Submix 'MasterSubmixDefault'
[2021.01.06-04.00.14:929][  0]LogAudioMixer: Display: Creating Master Submix 'MasterReverbSubmixDefault'
[2021.01.06-04.00.14:933][  0]LogAudioMixer: Display: Creating Master Submix 'MasterEQSubmixDefault'
[2021.01.06-04.00.14:934][  0]LogInit: FAudioDevice initialized.
[2021.01.06-04.00.14:937][  0]LogNetVersion: Set ProjectVersion to 1.0.0.0. Version Checksum will be recalculated on next use.
[2021.01.06-04.00.15:032][  0]LogDerivedDataCache: Saved boot cache 0.10s 83MB C:/Users/Angelica .DESKTOP-RM5JOAJ/AppData/Local/UnrealEngine/4.25/DerivedDataCache/Boot.ddc.
[2021.01.06-04.00.15:043][  0]LogInit: Texture streaming: Enabled
[2021.01.06-04.00.15:160][  0]LogTemp: Warning: Found class: WBP_MainMenu_C
[2021.01.06-04.00.15:171][  0]LogSlate: Updating window title bar state: overlay mode, drag disabled, window buttons hidden, title bar hidden
[2021.01.06-04.00.15:173][  0]LogInit: Display: Game Engine Initialized.
[2021.01.06-04.00.15:174][  0]LogNiagaraEditor: Warning: GEditor isn't valid! Particle reset commands will not work for Niagara components!
[2021.01.06-04.00.15:237][  0]LogInit: Display: Starting Game.
[2021.01.06-04.00.15:237][  0]LogNet: Browse: /Game/Maps/Menu?Name=Player
[2021.01.06-04.00.15:239][  0]LogLoad: LoadMap: /Game/Maps/Menu?Name=Player
[2021.01.06-04.00.15:240][  0]LogWorld: BeginTearingDown for /Temp/Untitled_0
[2021.01.06-04.00.15:243][  0]LogWorld: UWorld::CleanupWorld for Untitled, bSessionEnded=true, bCleanupResources=true
[2021.01.06-04.00.15:243][  0]LogSlate: InvalidateAllWidgets triggered.  All widgets were invalidated
[2021.01.06-04.00.15:259][  0]LogUObjectHash: Compacting FUObjectHashTables data took   1.02ms
[2021.01.06-04.00.15:285][  0]LogAIModule: Creating AISystem for world Menu
[2021.01.06-04.00.15:286][  0]LogAISub: UAISubsystem::UAISubsystem EnvQueryManager (0000025909644600), frame # 0
[2021.01.06-04.00.15:289][  0]LogAISub: UAISubsystem::UAISubsystem AIPerceptionSystem (000002590971EE80), frame # 0
[2021.01.06-04.00.15:417][  0]LogLoad: Game class is 'BP_PuzzlesGameMode_C'
[2021.01.06-04.00.15:419][  0]LogWorld: Bringing World /Game/Maps/Menu.Menu up for play (max tick rate 0) at 2021.01.05-23.00.15
[2021.01.06-04.00.15:420][  0]LogWorld: Bringing up level for play took: 0.001754
[2021.01.06-04.00.15:422][  0]LogGameMode: FindPlayerStart: PATHS NOT DEFINED or NO PLAYERSTART with positive rating
[2021.01.06-04.00.15:433][  0]LogPlayerController: Error: InputMode:UIOnly - Attempting to focus Non-Focusable widget SObjectWidget [Widget.cpp(799)]!
[2021.01.06-04.00.15:435][  0]LogLoad: Took 0.195713 seconds to LoadMap(/Game/Maps/Menu)
[2021.01.06-04.00.15:506][  0]LogRenderer: Reallocating scene render targets to support 1536x864 Format 10 NumSamples 1 (Frame:1).
[2021.01.06-04.00.15:516][  0]LogLoad: (Engine Initialization) Total time: 13.36 seconds
[2021.01.06-04.00.15:519][  0]LogLoad: (Engine Initialization) Total Blueprint compile time: 0.00 seconds
[2021.01.06-04.00.15:579][  0]LogContentStreaming: Texture pool size now 1000 MB
[2021.01.06-04.00.15:630][  0]LogSlate: InvalidateAllWidgets triggered.  All widgets were invalidated
[2021.01.06-04.00.17:922][ 38]LogAudioMixer: Display: Audio Buffer Underrun detected.
[2021.01.06-04.00.19:833][ 71]LogGameMode: ProcessServerTravel: /Game/Maps/Main?listen
[2021.01.06-04.00.19:904][ 71]LogEngine: Server switch level: /Game/Maps/Main?Name=Player?listen
[2021.01.06-04.00.19:918][ 71]LogNet: Browse: /Game/Maps/Main?Name=Player?listen
[2021.01.06-04.00.19:923][ 71]LogLoad: LoadMap: /Game/Maps/Main?Name=Player?listen
[2021.01.06-04.00.19:925][ 71]LogWorld: BeginTearingDown for /Game/Maps/Menu
[2021.01.06-04.00.19:928][ 71]LogSlate: Took 0.000702 seconds to synchronously load lazily loaded font '../../../Engine/Content/Slate/Fonts/Roboto-Regular.ttf' (155K)
[2021.01.06-04.00.19:936][ 71]LogWorld: UWorld::CleanupWorld for Menu, bSessionEnded=true, bCleanupResources=true
[2021.01.06-04.00.19:940][ 71]LogSlate: InvalidateAllWidgets triggered.  All widgets were invalidated
[2021.01.06-04.00.20:007][ 71]LogAISub: UAISubsystem::~UAISubsystem EnvQueryManager (0000025909644600), frame # 71
[2021.01.06-04.00.20:008][ 71]LogAISub: UAISubsystem::~UAISubsystem AIPerceptionSystem (000002590971EE80), frame # 71
[2021.01.06-04.00.20:021][ 71]LogUObjectHash: Compacting FUObjectHashTables data took   3.50ms
[2021.01.06-04.00.20:629][ 71]LogAIModule: Creating AISystem for world Main
[2021.01.06-04.00.20:629][ 71]LogAISub: UAISubsystem::UAISubsystem EnvQueryManager (0000025909646800), frame # 71
[2021.01.06-04.00.20:632][ 71]LogAISub: UAISubsystem::UAISubsystem AIPerceptionSystem (00000259061DEAC0), frame # 71
[2021.01.06-04.00.20:825][ 71]LogLoad: Game class is 'BP_PuzzlesGameMode_C'
[2021.01.06-04.00.20:827][ 71]LogNet: ReplicationDriverClass is null! Not using ReplicationDriver.
[2021.01.06-04.00.20:828][ 71]LogNetCore: DDoS detection status: detection enabled: 0 analytics enabled: 0
[2021.01.06-04.00.20:830][ 71]LogInit: WinSock: Socket queue. Rx: 131072 (config 131072) Tx: 131072 (config 131072)
[2021.01.06-04.00.20:830][ 71]LogNet: Created socket for bind address: 0.0.0.0 on port 7777
[2021.01.06-04.00.20:831][ 71]PacketHandlerLog: Loaded PacketHandler component: Engine.EngineHandlerComponentFactory (StatelessConnectHandlerComponent)
[2021.01.06-04.00.20:832][ 71]LogNet: GameNetDriver IpNetDriver_0 IpNetDriver listening on port 7777
[2021.01.06-04.00.20:917][ 71]LogWorld: Bringing World /Game/Maps/Main.Main up for play (max tick rate 0) at 2021.01.05-23.00.20
[2021.01.06-04.00.20:920][ 71]LogWorld: Bringing up level for play took: 0.086769
[2021.01.06-04.00.20:922][ 71]LogOnlineSession: Warning: OSS: No game present to join for session (GameSession)
[2021.01.06-04.00.20:948][ 71]LogLoad: Took 1.024501 seconds to LoadMap(/Game/Maps/Main)
[2021.01.06-04.00.29:586][180]LogTemp: Warning: FLOOR HIT
[2021.01.06-04.00.29:599][180]LogTemp: Warning: HEALTH HIT
[2021.01.06-04.00.29:602][180]LogTemp: Warning: ACTOR DIED
[2021.01.06-04.00.33:775][227]LogTemp: Warning: FLOOR HIT
[2021.01.06-04.00.33:782][227]LogTemp: Warning: HEALTH HIT
[2021.01.06-04.00.33:785][227]LogTemp: Warning: ACTOR DIED
[2021.01.06-04.00.33:790][227]LogTemp: Warning: FLOOR HIT
[2021.01.06-04.00.33:795][227]LogTemp: Warning: HEALTH HIT
[2021.01.06-04.00.33:798][227]LogTemp: Warning: ACTOR DIED
[2021.01.06-04.00.43:804][353]LogPlayerController: Error: InputMode:UIOnly - Attempting to focus Non-Focusable widget SObjectWidget [Widget.cpp(799)]!
[2021.01.06-04.00.47:624][401]LogPlayerController: Error: InputMode:UIOnly - Attempting to focus Non-Focusable widget SObjectWidget [Widget.cpp(799)]!
[2021.01.06-04.00.49:738][427]LogNet: Browse: /Game/Maps/Menu
[2021.01.06-04.00.49:740][427]LogLoad: LoadMap: /Game/Maps/Menu
[2021.01.06-04.00.49:744][427]LogWorld: BeginTearingDown for /Game/Maps/Main
[2021.01.06-04.00.49:748][427]LogNet: World NetDriver shutdown IpNetDriver_0 [GameNetDriver]
[2021.01.06-04.00.49:749][427]LogNet: DestroyNamedNetDriver IpNetDriver_0 [GameNetDriver]
[2021.01.06-04.00.49:752][427]LogExit: GameNetDriver IpNetDriver_0 shut down
[2021.01.06-04.00.49:763][427]LogWorld: UWorld::CleanupWorld for Main, bSessionEnded=true, bCleanupResources=true
[2021.01.06-04.00.49:782][427]LogSlate: InvalidateAllWidgets triggered.  All widgets were invalidated
[2021.01.06-04.00.49:975][427]LogAISub: UAISubsystem::~UAISubsystem EnvQueryManager (0000025909646800), frame # 427
[2021.01.06-04.00.49:976][427]LogAISub: UAISubsystem::~UAISubsystem AIPerceptionSystem (00000259061DEAC0), frame # 427
[2021.01.06-04.00.49:983][427]LogUObjectHash: Compacting FUObjectHashTables data took   2.02ms
[2021.01.06-04.00.50:004][427]LogAIModule: Creating AISystem for world Menu
[2021.01.06-04.00.50:005][427]LogAISub: UAISubsystem::UAISubsystem EnvQueryManager (000002592099C400), frame # 427
[2021.01.06-04.00.50:009][427]LogAISub: UAISubsystem::UAISubsystem AIPerceptionSystem (0000025921D7A200), frame # 427
[2021.01.06-04.00.50:274][427]LogLoad: Game class is 'BP_PuzzlesGameMode_C'
[2021.01.06-04.00.50:278][427]LogWorld: Bringing World /Game/Maps/Menu.Menu up for play (max tick rate 0) at 2021.01.05-23.00.50
[2021.01.06-04.00.50:279][427]LogWorld: Bringing up level for play took: 0.002622
[2021.01.06-04.00.50:281][427]LogGameMode: FindPlayerStart: PATHS NOT DEFINED or NO PLAYERSTART with positive rating
[2021.01.06-04.00.50:292][427]LogPlayerController: Error: InputMode:UIOnly - Attempting to focus Non-Focusable widget SObjectWidget [Widget.cpp(799)]!
[2021.01.06-04.00.50:294][427]LogLoad: Took 0.554859 seconds to LoadMap(/Game/Maps/Menu)
[2021.01.06-04.01.09:117][775]LogAudio: Display: Waited 40.057102 ms for audio thread.
[2021.01.06-04.01.13:663][826]LogSlate: Window 'Puzzles (64-bit Development PCD3D_SM5) ' being destroyed
[2021.01.06-04.01.13:672][826]LogWindowsTextInputMethodSystem: Display: IME system now deactivated.
[2021.01.06-04.01.13:689][827]LogSlate: Updating window title bar state: overlay mode, drag disabled, window buttons hidden, title bar hidden
[2021.01.06-04.01.13:704][827]LogEngine: All Windows Closed
[2021.01.06-04.01.13:713][827]LogWindows: FPlatformMisc::RequestExit(0)
[2021.01.06-04.01.13:714][827]LogCore: Engine exit requested (reason: Win RequestExit)
[2021.01.06-04.01.13:719][828]LogCore: Engine exit requested (reason: EngineExit() was called; note: exit was already requested)
[2021.01.06-04.01.13:733][828]LogAudio: Display: Shutting down audio device while 2 references to it are still alive. For more information, compile with INSTRUMENT_AUDIODEVICE_HANDLES.
[2021.01.06-04.01.13:815][828]LogInit: Display: PreExit Game.
[2021.01.06-04.01.14:267][828]LogWorld: BeginTearingDown for /Game/Maps/Menu
[2021.01.06-04.01.14:270][828]LogWorld: UWorld::CleanupWorld for Menu, bSessionEnded=true, bCleanupResources=true
[2021.01.06-04.01.14:281][828]LogSlate: InvalidateAllWidgets triggered.  All widgets were invalidated
[2021.01.06-04.01.15:031][828]LogExit: Preparing to exit.
[2021.01.06-04.01.15:031][828]LogMoviePlayer: Shutting down movie player
[2021.01.06-04.01.15:094][828]LogSlate: Updating window title bar state: overlay mode, drag disabled, window buttons hidden, title bar hidden
[2021.01.06-04.01.15:101][828]LogDemo: Cleaned up 0 splitscreen connections with owner deletion
[2021.01.06-04.01.15:116][828]LogExit: Game engine shut down
[2021.01.06-04.01.15:159][828]LogAISub: UAISubsystem::~UAISubsystem AISubsystem (0000025903709880), frame # 828
[2021.01.06-04.01.15:160][828]LogAISub: UAISubsystem::~UAISubsystem AIPerceptionSystem (000002590461BC40), frame # 828
[2021.01.06-04.01.15:165][828]LogAISub: UAISubsystem::~UAISubsystem EnvQueryManager (0000025904633200), frame # 828
[2021.01.06-04.01.15:192][828]LogAISub: UAISubsystem::~UAISubsystem AIPerceptionSystem (0000025921D7A200), frame # 828
[2021.01.06-04.01.15:192][828]LogAISub: UAISubsystem::~UAISubsystem EnvQueryManager (000002592099C400), frame # 828
[2021.01.06-04.01.15:268][828]LogExit: Object subsystem successfully closed.
[2021.01.06-04.01.15:301][828]LogShaderCompilers: Display: Shaders left to compile 0
[2021.01.06-04.01.15:430][828]LogModuleManager: Shutting down and abandoning module SequenceRecorderSections (504)
[2021.01.06-04.01.15:430][828]LogModuleManager: Shutting down and abandoning module SequenceRecorder (502)
[2021.01.06-04.01.15:433][828]LogModuleManager: Shutting down and abandoning module AutomationController (500)
[2021.01.06-04.01.15:434][828]LogModuleManager: Shutting down and abandoning module AutomationWorker (498)
[2021.01.06-04.01.15:435][828]LogModuleManager: Shutting down and abandoning module Voice (496)
[2021.01.06-04.01.15:436][828]LogModuleManager: Shutting down and abandoning module AIModule (494)
[2021.01.06-04.01.15:438][828]LogModuleManager: Shutting down and abandoning module GameplayDebugger (493)
[2021.01.06-04.01.15:439][828]LogModuleManager: Shutting down and abandoning module AITestSuite (491)
[2021.01.06-04.01.15:441][828]LogModuleManager: Shutting down and abandoning module NavigationSystem (489)
[2021.01.06-04.01.15:447][828]LogModuleManager: Shutting down and abandoning module OculusMR (486)
[2021.01.06-04.01.15:448][828]LogModuleManager: Shutting down and abandoning module WmfMediaFactory (484)
[2021.01.06-04.01.15:449][828]LogModuleManager: Shutting down and abandoning module WebMMediaFactory (482)
[2021.01.06-04.01.15:450][828]LogModuleManager: Shutting down and abandoning module WebMMedia (480)
[2021.01.06-04.01.15:451][828]LogModuleManager: Shutting down and abandoning module OpenExrWrapper (478)
[2021.01.06-04.01.15:452][828]LogModuleManager: Shutting down and abandoning module ImgMediaFactory (476)
[2021.01.06-04.01.15:453][828]LogModuleManager: Shutting down and abandoning module AvfMediaFactory (474)
[2021.01.06-04.01.15:454][828]LogModuleManager: Shutting down and abandoning module MagicLeapMediaCodecFactory (472)
[2021.01.06-04.01.15:455][828]LogModuleManager: Shutting down and abandoning module MagicLeapMediaFactory (470)
[2021.01.06-04.01.15:458][828]LogModuleManager: Shutting down and abandoning module PlanarCut (468)
[2021.01.06-04.01.15:466][828]LogModuleManager: Shutting down and abandoning module CharacterAI (466)
[2021.01.06-04.01.15:466][828]LogModuleManager: Shutting down and abandoning module SessionServices (464)
[2021.01.06-04.01.15:467][828]LogModuleManager: Shutting down and abandoning module MovieSceneCapture (462)
[2021.01.06-04.01.15:469][828]LogModuleManager: Shutting down and abandoning module LiveCoding (460)
[2021.01.06-04.01.15:470][828]LogModuleManager: Shutting down and abandoning module LevelSequence (458)
[2021.01.06-04.01.15:471][828]LogModuleManager: Shutting down and abandoning module MovieSceneTracks (456)
[2021.01.06-04.01.15:472][828]LogModuleManager: Shutting down and abandoning module MovieScene (454)
[2021.01.06-04.01.15:474][828]LogModuleManager: Shutting down and abandoning module StreamingPauseRendering (452)
[2021.01.06-04.01.15:477][828]LogModuleManager: Shutting down and abandoning module PortalServices (450)
[2021.01.06-04.01.15:482][828]LogModuleManager: Shutting down and abandoning module PortalRpc (448)
[2021.01.06-04.01.15:483][828]LogModuleManager: Shutting down and abandoning module MessagingRpc (446)
[2021.01.06-04.01.15:484][828]LogModuleManager: Shutting down and abandoning module AudioMixerXAudio2 (444)
[2021.01.06-04.01.15:486][828]LogModuleManager: Shutting down and abandoning module AudioMixerCore (443)
[2021.01.06-04.01.15:487][828]LogModuleManager: Shutting down and abandoning module ProfilerService (440)
[2021.01.06-04.01.15:657][828]LogModuleManager: Shutting down and abandoning module TaskGraph (438)
[2021.01.06-04.01.15:658][828]LogModuleManager: Shutting down and abandoning module Synthesis (436)
[2021.01.06-04.01.15:663][828]LogModuleManager: Shutting down and abandoning module ProceduralMeshComponent (434)
[2021.01.06-04.01.15:664][828]LogModuleManager: Shutting down and abandoning module OculusInput (432)
[2021.01.06-04.01.15:666][828]LogModuleManager: Shutting down and abandoning module MobilePatchingUtils (430)
[2021.01.06-04.01.15:668][828]LogModuleManager: Shutting down and abandoning module GooglePAD (428)
[2021.01.06-04.01.15:669][828]LogModuleManager: Shutting down and abandoning module EditableMesh (426)
[2021.01.06-04.01.15:675][828]LogModuleManager: Shutting down and abandoning module CustomMeshComponent (424)
[2021.01.06-04.01.15:676][828]LogModuleManager: Shutting down and abandoning module CableComponent (422)
[2021.01.06-04.01.15:680][828]LogModuleManager: Shutting down and abandoning module AudioCapture (420)
[2021.01.06-04.01.15:680][828]LogModuleManager: Shutting down and abandoning module AudioCaptureRtAudio (419)
[2021.01.06-04.01.15:682][828]LogModuleManager: Shutting down and abandoning module AssetTags (416)
[2021.01.06-04.01.15:686][828]LogModuleManager: Shutting down and abandoning module ArchVisCharacter (414)
[2021.01.06-04.01.15:687][828]LogModuleManager: Shutting down and abandoning module AppleImageUtilsBlueprintSupport (412)
[2021.01.06-04.01.15:688][828]LogModuleManager: Shutting down and abandoning module AppleImageUtils (410)
[2021.01.06-04.01.15:690][828]LogModuleManager: Shutting down and abandoning module AndroidPermission (408)
[2021.01.06-04.01.15:692][828]LogModuleManager: Shutting down and abandoning module NUTUnrealEngine4 (406)
[2021.01.06-04.01.15:694][828]LogModuleManager: Shutting down and abandoning module NetcodeUnitTest (404)
[2021.01.06-04.01.15:696][828]LogModuleManager: Shutting down and abandoning module TemplateSequence (402)
[2021.01.06-04.01.15:700][828]LogModuleManager: Shutting down and abandoning module MovieRenderPipelineRenderPasses (400)
[2021.01.06-04.01.15:701][828]LogModuleManager: Shutting down and abandoning module MovieRenderPipelineSettings (398)
[2021.01.06-04.01.15:702][828]LogModuleManager: Shutting down and abandoning module MovieRenderPipelineCore (396)
[2021.01.06-04.01.15:704][828]LogModuleManager: Shutting down and abandoning module ImageWriteQueue (395)
[2021.01.06-04.01.15:710][828]LogModuleManager: Shutting down and abandoning module MediaCompositing (392)
[2021.01.06-04.01.15:713][828]LogModuleManager: Shutting down and abandoning module ImgMedia (390)
[2021.01.06-04.01.15:714][828]LogModuleManager: Shutting down and abandoning module MagicLeapSharedWorld (388)
[2021.01.06-04.01.15:715][828]LogModuleManager: Shutting down and abandoning module MagicLeapLightEstimation (386)
[2021.01.06-04.01.15:716][828]LogModuleManager: Shutting down and abandoning module MagicLeapHelperVulkan (384)
[2021.01.06-04.01.15:717][828]LogModuleManager: Shutting down and abandoning module MagicLeapHelperOpenGL (382)
[2021.01.06-04.01.15:718][828]LogModuleManager: Shutting down and abandoning module MagicLeapAudio (380)
[2021.01.06-04.01.15:720][828]LogModuleManager: Shutting down and abandoning module MeshSolverUtilities (378)
[2021.01.06-04.01.15:721][828]LogModuleManager: Shutting down and abandoning module MeshConversion (376)
[2021.01.06-04.01.15:722][828]LogModuleManager: Shutting down and abandoning module DynamicMesh (374)
[2021.01.06-04.01.15:731][828]LogModuleManager: Shutting down and abandoning module GeometryAlgorithms (372)
[2021.01.06-04.01.15:732][828]LogModuleManager: Shutting down and abandoning module GeometricObjects (370)
[2021.01.06-04.01.15:733][828]LogModuleManager: Shutting down and abandoning module GeometryCollectionTracks (368)
[2021.01.06-04.01.15:733][828]LogModuleManager: Shutting down and abandoning module GeometryCollectionSequencer (367)
[2021.01.06-04.01.15:734][828]LogModuleManager: Shutting down and abandoning module GeometryCacheTracks (364)
[2021.01.06-04.01.15:736][828]LogModuleManager: Shutting down and abandoning module GeometryCacheSequencer (363)
[2021.01.06-04.01.15:737][828]LogModuleManager: Shutting down and abandoning module GeometryCache (360)
[2021.01.06-04.01.15:738][828]LogModuleManager: Shutting down and abandoning module GeometryCacheEd (359)
[2021.01.06-04.01.15:739][828]LogModuleManager: Shutting down and abandoning module ChaosNiagara (356)
[2021.01.06-04.01.15:747][828]LogModuleManager: Shutting down and abandoning module ChaosCloth (354)
[2021.01.06-04.01.15:748][828]LogModuleManager: Shutting down and abandoning module BackChannel (352)
[2021.01.06-04.01.15:749][828]LogModuleManager: Shutting down and abandoning module AutomationUtils (350)
[2021.01.06-04.01.15:750][828]LogModuleManager: Shutting down and abandoning module VisualStudioSourceCodeAccess (348)
[2021.01.06-04.01.15:751][828]LogModuleManager: Shutting down and abandoning module HotReload (347)
[2021.01.06-04.01.15:752][828]LogModuleManager: Shutting down and abandoning module VisualStudioCodeSourceCodeAccess (344)
[2021.01.06-04.01.15:753][828]LogModuleManager: Shutting down and abandoning module UObjectPlugin (342)
[2021.01.06-04.01.15:754][828]LogModuleManager: Shutting down and abandoning module SubversionSourceControl (340)
[2021.01.06-04.01.15:754][828]LogModuleManager: Shutting down and abandoning module RiderSourceCodeAccess (338)
[2021.01.06-04.01.15:756][828]LogModuleManager: Shutting down and abandoning module PerforceSourceControl (336)
[2021.01.06-04.01.15:758][828]LogModuleManager: Shutting down and abandoning module SourceControl (335)
[2021.01.06-04.01.15:765][828]LogModuleManager: Shutting down and abandoning module CLionSourceCodeAccess (332)
[2021.01.06-04.01.15:766][828]LogModuleManager: Shutting down and abandoning module ActorLayerUtilities (330)
[2021.01.06-04.01.15:767][828]LogModuleManager: Shutting down and abandoning module Puzzles (328)
[2021.01.06-04.01.15:768][828]LogModuleManager: Shutting down and abandoning module SoundFields (326)
[2021.01.06-04.01.15:769][828]LogModuleManager: Shutting down and abandoning module SignificanceManager (324)
[2021.01.06-04.01.15:770][828]LogModuleManager: Shutting down and abandoning module RuntimePhysXCooking (322)
[2021.01.06-04.01.15:771][828]LogModuleManager: Shutting down and abandoning module PhysXVehiclesEditor (320)
[2021.01.06-04.01.15:772][828]LogModuleManager: Shutting down and abandoning module LocationServicesBPLibrary (316)
[2021.01.06-04.01.15:774][828]LogModuleManager: Shutting down and abandoning module ActorSequence (314)
[2021.01.06-04.01.15:780][828]LogModuleManager: Shutting down and abandoning module UdpMessaging (312)
[2021.01.06-04.01.15:781][828]LogModuleManager: Shutting down and abandoning module TcpMessaging (310)
[2021.01.06-04.01.15:782][828]LogModuleManager: Shutting down and abandoning module MagicLeapARPin (308)
[2021.01.06-04.01.15:783][828]LogModuleManager: Shutting down and abandoning module MagicLeapHandMeshing (306)
[2021.01.06-04.01.15:784][828]LogModuleManager: Shutting down and abandoning module MagicLeapSecureStorage (304)
[2021.01.06-04.01.15:785][828]LogModuleManager: Shutting down and abandoning module MagicLeapPrivileges (302)
[2021.01.06-04.01.15:786][828]LogModuleManager: Shutting down and abandoning module MagicLeapPlanes (300)
[2021.01.06-04.01.15:787][828]LogMagicLeapPlanes: Planes tracker already destroyed.
[2021.01.06-04.01.15:788][828]LogModuleManager: Shutting down and abandoning module MagicLeapImageTracker (298)
[2021.01.06-04.01.15:789][828]LogModuleManager: Shutting down and abandoning module MagicLeapIdentity (296)
[2021.01.06-04.01.15:797][828]LogModuleManager: Shutting down and abandoning module MagicLeapHandTracking (294)
[2021.01.06-04.01.15:798][828]LogModuleManager: Shutting down and abandoning module MagicLeapEyeTracker (292)
[2021.01.06-04.01.15:799][828]LogModuleManager: Shutting down and abandoning module MagicLeapController (290)
[2021.01.06-04.01.15:800][828]LogSlate: Slate User Destroyed.  User Index 0, Is Virtual User: 0
[2021.01.06-04.01.15:801][828]LogModuleManager: Shutting down and abandoning module MagicLeapARPinImpl (288)
[2021.01.06-04.01.15:802][828]LogModuleManager: Shutting down and abandoning module MagicLeapAR (286)
[2021.01.06-04.01.15:803][828]LogModuleManager: Shutting down and abandoning module AugmentedReality (285)
[2021.01.06-04.01.15:804][828]LogModuleManager: Shutting down and abandoning module NiagaraAnimNotifies (282)
[2021.01.06-04.01.15:804][828]LogModuleManager: Shutting down and abandoning module Niagara (280)
[2021.01.06-04.01.15:807][828]LogModuleManager: Shutting down and abandoning module SignalProcessing (279)
[2021.01.06-04.01.15:814][828]LogModuleManager: Shutting down and abandoning module NiagaraEditor (277)
[2021.01.06-04.01.15:816][828]LogModuleManager: Shutting down and abandoning module NiagaraCore (274)
[2021.01.06-04.01.15:816][828]LogModuleManager: Shutting down and abandoning module GameplayTagsEditor (272)
[2021.01.06-04.01.15:817][828]LogModuleManager: Shutting down and abandoning module FacialAnimation (270)
[2021.01.06-04.01.15:818][828]LogModuleManager: Shutting down and abandoning module AssetManagerEditor (268)
[2021.01.06-04.01.15:820][828]LogModuleManager: Shutting down and abandoning module TreeMap (267)
[2021.01.06-04.01.15:820][828]LogModuleManager: Shutting down and abandoning module AnimationSharing (264)
[2021.01.06-04.01.15:821][828]LogModuleManager: Shutting down and abandoning module LightPropagationVolumeRuntime (262)
[2021.01.06-04.01.15:822][828]LogModuleManager: Shutting down and abandoning module Paper2D (260)
[2021.01.06-04.01.15:823][828]LogModuleManager: Shutting down and abandoning module WindowsMoviePlayer (258)
[2021.01.06-04.01.15:832][828]LogModuleManager: Shutting down and abandoning module WebMMoviePlayer (256)
[2021.01.06-04.01.15:832][828]LogModuleManager: Shutting down and abandoning module NetworkReplayStreaming (254)
[2021.01.06-04.01.15:833][828]LogModuleManager: Shutting down and abandoning module PacketHandler (252)
[2021.01.06-04.01.15:833][828]LogModuleManager: Shutting down and abandoning module ClothingSystemEditor (250)
[2021.01.06-04.01.15:834][828]LogModuleManager: Shutting down and abandoning module ClothingSystemRuntimeNv (248)
[2021.01.06-04.01.15:836][828]LogModuleManager: Shutting down and abandoning module MediaAssets (246)
[2021.01.06-04.01.15:836][828]LogModuleManager: Shutting down and abandoning module Overlay (244)
[2021.01.06-04.01.15:838][828]LogModuleManager: Shutting down and abandoning module OverlayEditor (243)
[2021.01.06-04.01.15:839][828]LogModuleManager: Shutting down and abandoning module VREditor (240)
[2021.01.06-04.01.15:847][828]LogModuleManager: Shutting down and abandoning module StringTableEditor (238)
[2021.01.06-04.01.15:848][828]LogModuleManager: Shutting down and abandoning module GameplayTasksEditor (236)
[2021.01.06-04.01.15:849][828]LogModuleManager: Shutting down and abandoning module BehaviorTreeEditor (234)
[2021.01.06-04.01.15:850][828]LogModuleManager: Shutting down and abandoning module FunctionalTesting (232)
[2021.01.06-04.01.15:851][828]LogModuleManager: Shutting down and abandoning module CollisionAnalyzer (230)
[2021.01.06-04.01.15:852][828]LogModuleManager: Shutting down and abandoning module UMG (228)
[2021.01.06-04.01.15:852][828]LogModuleManager: Shutting down and abandoning module UMGEditor (227)
[2021.01.06-04.01.15:853][828]LogModuleManager: Shutting down and abandoning module Sequencer (226)
[2021.01.06-04.01.15:854][828]LogModuleManager: Shutting down and abandoning module MessageLog (223)
[2021.01.06-04.01.15:855][828]LogModuleManager: Shutting down and abandoning module MaterialEditor (221)
[2021.01.06-04.01.15:858][828]LogModuleManager: Shutting down and abandoning module ContentBrowser (220)
[2021.01.06-04.01.15:864][828]LogModuleManager: Shutting down and abandoning module WorkspaceMenuStructure (219)
[2021.01.06-04.01.15:865][828]LogModuleManager: Shutting down and abandoning module CollectionManager (217)
[2021.01.06-04.01.15:866][828]LogModuleManager: Shutting down and abandoning module DirectoryWatcher (216)
[2021.01.06-04.01.15:866][828]LogModuleManager: Shutting down and abandoning module SlateReflector (208)
[2021.01.06-04.01.15:868][828]LogModuleManager: Shutting down and abandoning module Slate (206)
[2021.01.06-04.01.15:868][828]LogModuleManager: Shutting down and abandoning module SlateCore (204)
[2021.01.06-04.01.15:869][828]LogModuleManager: Shutting down and abandoning module LandscapeEditorUtilities (202)
[2021.01.06-04.01.15:870][828]LogModuleManager: Shutting down and abandoning module EditorStyle (200)
[2021.01.06-04.01.15:874][828]LogModuleManager: Shutting down and abandoning module UnrealEd (198)
[2021.01.06-04.01.15:878][828]LogModuleManager: Shutting down and abandoning module MRMesh (196)
[2021.01.06-04.01.15:879][828]LogModuleManager: Shutting down and abandoning module Messaging (194)
[2021.01.06-04.01.15:880][828]LogModuleManager: Shutting down and abandoning module SourceCodeAccess (192)
[2021.01.06-04.01.15:881][828]LogModuleManager: Shutting down and abandoning module HeadMountedDisplay (190)
[2021.01.06-04.01.15:882][828]LogModuleManager: Shutting down and abandoning module XAudio2 (188)
[2021.01.06-04.01.15:882][828]LogModuleManager: Shutting down and abandoning module Networking (186)
[2021.01.06-04.01.15:883][828]LogModuleManager: Shutting down and abandoning module Core (184)
[2021.01.06-04.01.15:884][828]LogModuleManager: Shutting down and abandoning module MovieSceneTools (182)
[2021.01.06-04.01.15:885][828]LogModuleManager: Shutting down and abandoning module KismetCompiler (180)
[2021.01.06-04.01.15:886][828]LogModuleManager: Shutting down and abandoning module MeshBuilder (178)
[2021.01.06-04.01.15:887][828]LogModuleManager: Shutting down and abandoning module MeshUtilities (176)
[2021.01.06-04.01.15:893][828]LogModuleManager: Shutting down and abandoning module MeshMergeUtilities (175)
[2021.01.06-04.01.15:894][828]LogModuleManager: Shutting down and abandoning module MeshReductionInterface (174)
[2021.01.06-04.01.15:895][828]LogModuleManager: Shutting down and abandoning module MeshBoneReduction (173)
[2021.01.06-04.01.15:897][828]LogModuleManager: Shutting down and abandoning module SkeletalMeshReduction (171)
[2021.01.06-04.01.15:898][828]LogModuleManager: Shutting down and abandoning module ProxyLODMeshReduction (169)
[2021.01.06-04.01.15:899][828]LogModuleManager: Shutting down and abandoning module QuadricMeshReduction (167)
[2021.01.06-04.01.15:899][828]LogModuleManager: Shutting down and abandoning module MaterialBaking (163)
[2021.01.06-04.01.15:900][828]LogModuleManager: Shutting down and abandoning module NullInstallBundleManager (158)
[2021.01.06-04.01.15:904][828]LogModuleManager: Shutting down and abandoning module PIEPreviewDeviceProfileSelector (156)
[2021.01.06-04.01.15:904][828]LogModuleManager: Shutting down and abandoning module DerivedDataCache (154)
[2021.01.06-04.01.15:906][828]LogModuleManager: Shutting down and abandoning module XGEController (152)
[2021.01.06-04.01.15:908][828]LogModuleManager: Shutting down and abandoning module TargetPlatform (150)
[2021.01.06-04.01.15:911][828]LogModuleManager: Shutting down and abandoning module VulkanShaderFormat (149)
[2021.01.06-04.01.15:914][828]LogModuleManager: Shutting down and abandoning module ShaderFormatVectorVM (147)
[2021.01.06-04.01.15:929][828]LogModuleManager: Shutting down and abandoning module ShaderFormatOpenGL (145)
[2021.01.06-04.01.15:937][828]LogModuleManager: Shutting down and abandoning module ShaderFormatD3D (143)
[2021.01.06-04.01.15:942][828]LogModuleManager: Shutting down and abandoning module MetalShaderFormat (141)
[2021.01.06-04.01.15:949][828]LogModuleManager: Shutting down and abandoning module TextureFormatUncompressed (139)
[2021.01.06-04.01.15:952][828]LogModuleManager: Shutting down and abandoning module TextureFormatPVR (137)
[2021.01.06-04.01.15:958][828]LogModuleManager: Shutting down and abandoning module TextureFormatDXT (135)
[2021.01.06-04.01.15:962][828]LogModuleManager: Shutting down and abandoning module TextureFormatIntelISPCTexComp (133)
[2021.01.06-04.01.15:963][828]LogModuleManager: Shutting down and abandoning module TextureFormatASTC (131)
[2021.01.06-04.01.15:964][828]LogModuleManager: Shutting down and abandoning module ImageWrapper (130)
[2021.01.06-04.01.15:975][828]LogModuleManager: Shutting down and abandoning module TextureFormatAndroid (127)
[2021.01.06-04.01.15:979][828]LogModuleManager: Shutting down and abandoning module AudioFormatOpus (125)
[2021.01.06-04.01.15:981][828]LogModuleManager: Shutting down and abandoning module AudioFormatOgg (123)
[2021.01.06-04.01.15:983][828]LogModuleManager: Shutting down and abandoning module AudioFormatADPCM (121)
[2021.01.06-04.01.15:997][828]LogModuleManager: Shutting down and abandoning module WindowsServerTargetPlatform (119)
[2021.01.06-04.01.16:005][828]LogModuleManager: Shutting down and abandoning module WindowsClientTargetPlatform (117)
[2021.01.06-04.01.16:006][828]LogModuleManager: Shutting down and abandoning module WindowsTargetPlatform (115)
[2021.01.06-04.01.16:012][828]LogModuleManager: Shutting down and abandoning module WindowsNoEditorTargetPlatform (113)
[2021.01.06-04.01.16:015][828]LogModuleManager: Shutting down and abandoning module InputCore (110)
[2021.01.06-04.01.16:017][828]LogModuleManager: Shutting down and abandoning module Settings (108)
[2021.01.06-04.01.16:019][828]LogModuleManager: Shutting down and abandoning module PhysXCooking (106)
[2021.01.06-04.01.16:031][828]LogModuleManager: Shutting down and abandoning module ChaosSolvers (104)
[2021.01.06-04.01.16:049][828]LogModuleManager: Shutting down and abandoning module FieldSystemEngine (103)
[2021.01.06-04.01.16:059][828]LogModuleManager: Shutting down and abandoning module Chaos (100)
[2021.01.06-04.01.16:063][828]LogModuleManager: Shutting down and abandoning module WindowsPlatformFeatures (98)
[2021.01.06-04.01.16:065][828]LogModuleManager: Shutting down and abandoning module GameplayMediaEncoder (97)
[2021.01.06-04.01.16:068][828]LogModuleManager: Shutting down and abandoning module AVEncoder (96)
[2021.01.06-04.01.16:082][828]LogModuleManager: Shutting down and abandoning module SteamVRInputDevice (92)
[2021.01.06-04.01.16:088][828]LogModuleManager: Shutting down and abandoning module SteamVRInput (90)
[2021.01.06-04.01.16:089][828]LogModuleManager: Shutting down and abandoning module SteamVR (88)
[2021.01.06-04.01.16:094][828]LogHMD: Freeing OpenVRDLLHandle.
[2021.01.06-04.01.16:099][828]LogModuleManager: Shutting down and abandoning module OculusHMD (86)
[2021.01.06-04.01.16:104][828]LogModuleManager: Shutting down and abandoning module ExampleDeviceProfileSelector (84)
[2021.01.06-04.01.16:108][828]LogModuleManager: Shutting down and abandoning module LauncherChunkInstaller (82)
[2021.01.06-04.01.16:133][828]LogModuleManager: Shutting down and abandoning module OnlineBlueprintSupport (80)
[2021.01.06-04.01.16:141][828]LogModuleManager: Shutting down and abandoning module OnlineSubsystem (76)
[2021.01.06-04.01.16:145][828]LogModuleManager: Shutting down and abandoning module XMPP (71)
[2021.01.06-04.01.16:148][828]LogModuleManager: Shutting down and abandoning module WebSockets (70)
[2021.01.06-04.01.16:169][828]LogModuleManager: Shutting down and abandoning module HTTP (67)
[2021.01.06-04.01.16:195][828]LogModuleManager: Shutting down and abandoning module SSL (66)
[2021.01.06-04.01.16:207][828]LogModuleManager: Shutting down and abandoning module WmfMedia (62)
[2021.01.06-04.01.16:330][828]LogModuleManager: Shutting down and abandoning module Media (61)
[2021.01.06-04.01.16:413][828]LogModuleManager: Shutting down and abandoning module MagicLeap (58)
[2021.01.06-04.01.16:464][828]LogModuleManager: Shutting down and abandoning module NiagaraVertexFactories (56)
[2021.01.06-04.01.16:467][828]LogModuleManager: Shutting down and abandoning module NiagaraShader (54)
[2021.01.06-04.01.16:545][828]LogModuleManager: Shutting down and abandoning module VariantManagerContent (52)
[2021.01.06-04.01.16:574][828]LogModuleManager: Shutting down and abandoning module DatasmithContent (50)
[2021.01.06-04.01.16:640][828]LogModuleManager: Shutting down and abandoning module AISupportModule (48)
[2021.01.06-04.01.16:794][828]LogModuleManager: Shutting down and abandoning module DesktopPlatform (46)
[2021.01.06-04.01.16:801][828]LogModuleManager: Shutting down and abandoning module PlatformCryptoOpenSSL (44)
[2021.01.06-04.01.16:804][828]LogModuleManager: Shutting down and abandoning module PlatformCryptoTypes (42)
[2021.01.06-04.01.16:811][828]LogModuleManager: Shutting down and abandoning module PlatformCrypto (40)
[2021.01.06-04.01.16:832][828]LogModuleManager: Shutting down and abandoning module AnimationModifiers (38)
[2021.01.06-04.01.16:845][828]LogModuleManager: Shutting down and abandoning module PropertyEditor (37)
[2021.01.06-04.01.16:849][828]LogModuleManager: Shutting down and abandoning module AudioEditor (34)
[2021.01.06-04.01.16:862][828]LogModuleManager: Shutting down and abandoning module TextureCompressor (32)
[2021.01.06-04.01.16:864][828]LogModuleManager: Shutting down and abandoning module RenderCore (30)
[2021.01.06-04.01.16:880][828]LogModuleManager: Shutting down and abandoning module Landscape (28)
[2021.01.06-04.01.16:884][828]LogModuleManager: Shutting down and abandoning module SlateRHIRenderer (26)
[2021.01.06-04.01.16:889][828]LogModuleManager: Shutting down and abandoning module OpenGLDrv (24)
[2021.01.06-04.01.16:897][828]LogModuleManager: Shutting down and abandoning module D3D11RHI (22)
[2021.01.06-04.01.16:899][828]LogModuleManager: Shutting down and abandoning module AnimGraphRuntime (20)
[2021.01.06-04.01.16:903][828]LogModuleManager: Shutting down and abandoning module Renderer (18)
[2021.01.06-04.01.16:907][828]LogModuleManager: Shutting down and abandoning module Engine (16)
[2021.01.06-04.01.16:942][828]LogModuleManager: Shutting down and abandoning module CoreUObject (14)
[2021.01.06-04.01.16:948][828]LogModuleManager: Shutting down and abandoning module NetworkFile (12)
[2021.01.06-04.01.16:958][828]LogModuleManager: Shutting down and abandoning module CookedIterativeFile (10)
[2021.01.06-04.01.16:973][828]LogModuleManager: Shutting down and abandoning module StreamingFile (8)
[2021.01.06-04.01.16:979][828]LogModuleManager: Shutting down and abandoning module SandboxFile (6)
[2021.01.06-04.01.17:000][828]LogModuleManager: Shutting down and abandoning module PakFile (4)
[2021.01.06-04.01.17:002][828]LogModuleManager: Shutting down and abandoning module RSA (3)
[2021.01.06-04.01.17:265][828]LogContentStreaming: Display: There are 1 unreleased StreamingManagers
[2021.01.06-04.01.17:278][828]LogD3D11RHI: Shutdown
[2021.01.06-04.01.17:279][828]LogD3D11RHI: CleanupD3DDevice
[2021.01.06-04.01.17:344][828]LogExit: Exiting.
[2021.01.06-04.01.17:361][828]Log file closed, 01/05/21 23:01:17
