Log file open, 12/31/20 00:56:25
LogInit: Display: Running engine for game: Puzzles
LogPlatformFile: Not using cached read wrapper
LogTaskGraph: Started task graph with 5 named threads and 11 total threads with 3 sets of task threads.
LogStats: Stats thread started at 2.858232
LogD3D11RHI: Loaded GFSDK_Aftermath_Lib.x64.dll
LogICUInternationalization: ICU TimeZone Detection - Raw Offset: -5:00, Platform Override: ''
LogPluginManager: Mounting plugin Paper2D
LogPluginManager: Mounting plugin AISupport
LogPluginManager: Mounting plugin LightPropagationVolume
LogPluginManager: Mounting plugin CameraShakePreviewer
LogPluginManager: Mounting plugin ActorLayerUtilities
LogPluginManager: Mounting plugin AnimationSharing
LogPluginManager: Mounting plugin CLionSourceCodeAccess
LogPluginManager: Mounting plugin CodeLiteSourceCodeAccess
LogPluginManager: Mounting plugin GitSourceControl
LogPluginManager: Mounting plugin KDevelopSourceCodeAccess
LogPluginManager: Mounting plugin NullSourceCodeAccess
LogPluginManager: Mounting plugin PerforceSourceControl
LogPluginManager: Mounting plugin PlasticSourceControl
LogPluginManager: Mounting plugin RiderSourceCodeAccess
LogPluginManager: Mounting plugin SubversionSourceControl
LogPluginManager: Mounting plugin UObjectPlugin
LogPluginManager: Mounting plugin VisualStudioCodeSourceCodeAccess
LogPluginManager: Mounting plugin VisualStudioSourceCodeAccess
LogPluginManager: Mounting plugin XCodeSourceCodeAccess
LogPluginManager: Mounting plugin AssetManagerEditor
LogPluginManager: Mounting plugin CryptoKeys
LogPluginManager: Mounting plugin CurveEditorTools
LogPluginManager: Mounting plugin DataValidation
LogPluginManager: Mounting plugin EditorScriptingUtilities
LogPluginManager: Mounting plugin FacialAnimation
LogPluginManager: Mounting plugin GameplayTagsEditor
LogPluginManager: Mounting plugin GeometryMode
LogPluginManager: Mounting plugin MacGraphicsSwitching
LogPluginManager: Mounting plugin MaterialAnalyzer
LogPluginManager: Mounting plugin MobileLauncherProfileWizard
LogPluginManager: Mounting plugin PluginBrowser
LogPluginManager: Mounting plugin SpeedTreeImporter
LogPluginManager: Mounting plugin DatasmithContent
LogPluginManager: Mounting plugin VariantManagerContent
LogPluginManager: Mounting plugin AlembicImporter
LogPluginManager: Mounting plugin AutomationUtils
LogPluginManager: Mounting plugin BackChannel
LogPluginManager: Mounting plugin ChaosCloth
LogPluginManager: Mounting plugin ChaosClothEditor
LogPluginManager: Mounting plugin ChaosEditor
LogPluginManager: Mounting plugin ChaosNiagara
LogPluginManager: Mounting plugin ChaosSolverPlugin
LogPluginManager: Mounting plugin CharacterAI
LogPluginManager: Mounting plugin GeometryCache
LogPluginManager: Mounting plugin GeometryCollectionPlugin
LogPluginManager: Mounting plugin GeometryProcessing
LogPluginManager: Mounting plugin PlanarCut
LogPluginManager: Mounting plugin PlatformCrypto
LogPluginManager: Mounting plugin ProxyLODPlugin
LogPluginManager: Mounting plugin SkeletalReduction
LogPluginManager: Mounting plugin Niagara
LogPluginManager: Mounting plugin MagicLeap
LogPluginManager: Mounting plugin MagicLeapLightEstimation
LogPluginManager: Mounting plugin MagicLeapMedia
LogPluginManager: Mounting plugin MagicLeapPassableWorld
LogPluginManager: Mounting plugin MLSDK
LogPluginManager: Mounting plugin AndroidMedia
LogPluginManager: Mounting plugin AvfMedia
LogPluginManager: Mounting plugin ImgMedia
LogPluginManager: Mounting plugin MediaCompositing
LogPluginManager: Mounting plugin MediaPlayerEditor
LogPluginManager: Mounting plugin WebMMedia
LogPluginManager: Mounting plugin WmfMedia
LogPluginManager: Mounting plugin MeshPainting
LogPluginManager: Mounting plugin TcpMessaging
LogPluginManager: Mounting plugin UdpMessaging
LogPluginManager: Mounting plugin ActorSequence
LogPluginManager: Mounting plugin LevelSequenceEditor
LogPluginManager: Mounting plugin MatineeToLevelSequence
LogPluginManager: Mounting plugin MovieRenderPipeline
LogPluginManager: Mounting plugin TemplateSequence
LogPluginManager: Mounting plugin NetcodeUnitTest
LogPluginManager: Mounting plugin NUTUnrealEngine4
LogPluginManager: Mounting plugin OnlineSubsystemGooglePlay
LogPluginManager: Mounting plugin OnlineSubsystemIOS
LogPluginManager: Mounting plugin OnlineSubsystem
LogPluginManager: Mounting plugin OnlineSubsystemNull
LogPluginManager: Mounting plugin OnlineSubsystemUtils
LogPluginManager: Mounting plugin LauncherChunkInstaller
LogPluginManager: Mounting plugin AndroidDeviceProfileSelector
LogPluginManager: Mounting plugin AndroidMoviePlayer
LogPluginManager: Mounting plugin AndroidPermission
LogPluginManager: Mounting plugin AppleImageUtils
LogPluginManager: Mounting plugin AppleMoviePlayer
LogPluginManager: Mounting plugin ArchVisCharacter
LogPluginManager: Mounting plugin AssetTags
LogPluginManager: Mounting plugin AudioCapture
LogPluginManager: Mounting plugin CableComponent
LogPluginManager: Mounting plugin CustomMeshComponent
LogPluginManager: Mounting plugin EditableMesh
LogPluginManager: Mounting plugin ExampleDeviceProfileSelector
LogPluginManager: Mounting plugin GoogleCloudMessaging
LogPluginManager: Mounting plugin GooglePAD
LogPluginManager: Mounting plugin IOSDeviceProfileSelector
LogPluginManager: Mounting plugin LinuxDeviceProfileSelector
LogPluginManager: Mounting plugin LocationServicesBPLibrary
LogPluginManager: Mounting plugin MobilePatchingUtils
LogPluginManager: Mounting plugin OculusVR
LogPluginManager: Mounting plugin PhysXVehicles
LogPluginManager: Mounting plugin PostSplashScreen
LogPluginManager: Mounting plugin ProceduralMeshComponent
LogPluginManager: Mounting plugin RuntimePhysXCooking
LogPluginManager: Mounting plugin SignificanceManager
LogPluginManager: Mounting plugin SoundFields
LogPluginManager: Mounting plugin SteamVR
LogPluginManager: Mounting plugin Synthesis
LogPluginManager: Mounting plugin WebMMoviePlayer
LogPluginManager: Mounting plugin WindowsMoviePlayer
LogPluginManager: Mounting plugin ScreenshotTools
LogInit: Using libcurl 7.55.1-DEV
LogInit:  - built for x86_64-pc-win32
LogInit:  - supports SSL with OpenSSL/1.1.1
LogInit:  - supports HTTP deflate (compression) using libz 1.2.8
LogInit:  - other features:
LogInit:      CURL_VERSION_SSL
LogInit:      CURL_VERSION_LIBZ
LogInit:      CURL_VERSION_IPV6
LogInit:      CURL_VERSION_ASYNCHDNS
LogInit:      CURL_VERSION_LARGEFILE
LogInit:      CURL_VERSION_IDN
LogInit:  CurlRequestOptions (configurable via config and command line):
LogInit:  - bVerifyPeer = true  - Libcurl will verify peer certificate
LogInit:  - bUseHttpProxy = false  - Libcurl will NOT use HTTP proxy
LogInit:  - bDontReuseConnections = false  - Libcurl will reuse connections
LogInit:  - MaxHostConnections = 16  - Libcurl will limit the number of connections to a host
LogInit:  - LocalHostAddr = Default
LogInit:  - BufferSize = 65536
LogOnline: OSS: Creating online subsystem instance for: NULL
LogInit: WinSock: version 1.1 (2.2), MaxSocks=32767, MaxUdp=65467
LogOnline: OSS: TryLoadSubsystemAndSetDefault: Loaded subsystem for module [NULL]
LogInit: Build: ++UE4+Release-4.25-CL-14469661
LogInit: Engine Version: 4.25.4-14469661+++UE4+Release-4.25
LogInit: Compatible Engine Version: 4.25.0-13144385+++UE4+Release-4.25
LogInit: Net CL: 13144385
LogInit: OS: Windows 10 (Release 1909) (), CPU: Intel(R) Core(TM) i7-7500U CPU @ 2.70GHz, GPU: Intel(R) HD Graphics 620
LogInit: Compiled (64-bit): Oct 11 2020 08:10:49
LogInit: Compiled with Visual C++: 19.24.28315.00
LogInit: Build Configuration: Development
LogInit: Branch Name: ++UE4+Release-4.25
LogInit: Command Line:  192.168.1.5 -game -log
LogInit: Base Directory: C:/Program Files/Epic Games/UE_4.25/Engine/Binaries/Win64/
LogInit: Allocator: TBB
LogInit: Installed Engine Build: 1
LogDevObjectVersion: Number of dev versions registered: 26
LogDevObjectVersion:   Dev-Blueprints (B0D832E4-1F89-4F0D-ACCF-7EB736FD4AA2): 10
LogDevObjectVersion:   Dev-Build (E1C64328-A22C-4D53-A36C-8E866417BD8C): 0
LogDevObjectVersion:   Dev-Core (375EC13C-06E4-48FB-B500-84F0262A717E): 4
LogDevObjectVersion:   Dev-Editor (E4B068ED-F494-42E9-A231-DA0B2E46BB41): 38
LogDevObjectVersion:   Dev-Framework (CFFC743F-43B0-4480-9391-14DF171D2073): 37
LogDevObjectVersion:   Dev-Mobile (B02B49B5-BB20-44E9-A304-32B752E40360): 2
LogDevObjectVersion:   Dev-Networking (A4E4105C-59A1-49B5-A7C5-40C4547EDFEE): 0
LogDevObjectVersion:   Dev-Online (39C831C9-5AE6-47DC-9A44-9C173E1C8E7C): 0
LogDevObjectVersion:   Dev-Physics (78F01B33-EBEA-4F98-B9B4-84EACCB95AA2): 4
LogDevObjectVersion:   Dev-Platform (6631380F-2D4D-43E0-8009-CF276956A95A): 0
LogDevObjectVersion:   Dev-Rendering (12F88B9F-8875-4AFC-A67C-D90C383ABD29): 43
LogDevObjectVersion:   Dev-Sequencer (7B5AE74C-D270-4C10-A958-57980B212A5A): 12
LogDevObjectVersion:   Dev-VR (D7296918-1DD6-4BDD-9DE2-64A83CC13884): 3
LogDevObjectVersion:   Dev-LoadTimes (C2A15278-BFE7-4AFE-6C17-90FF531DF755): 1
LogDevObjectVersion:   Private-Geometry (6EACA3D4-40EC-4CC1-B786-8BED09428FC5): 3
LogDevObjectVersion:   Dev-AnimPhys (29E575DD-E0A3-4627-9D10-D276232CDCEA): 17
LogDevObjectVersion:   Dev-Anim (AF43A65D-7FD3-4947-9873-3E8ED9C1BB05): 7
LogDevObjectVersion:   Dev-ReflectionCapture (6B266CEC-1EC7-4B8F-A30B-E4D90942FC07): 1
LogDevObjectVersion:   Dev-Automation (0DF73D61-A23F-47EA-B727-89E90C41499A): 1
LogDevObjectVersion:   FortniteMain (601D1886-AC64-4F84-AA16-D3DE0DEAC7D6): 31
LogDevObjectVersion:   Dev-Enterprise (9DFFBCD6-494F-0158-E221-12823C92A888): 10
LogDevObjectVersion:   Dev-Niagara (F2AED0AC-9AFE-416F-8664-AA7FFA26D6FC): 1
LogDevObjectVersion:   Dev-Destruction (174F1F0B-B4C6-45A5-B13F-2EE8D0FB917D): 10
LogDevObjectVersion:   Dev-Physics-Ext (35F94A83-E258-406C-A318-09F59610247C): 37
LogDevObjectVersion:   Dev-PhysicsMaterial-Chaos (B68FC16E-8B1B-42E2-B453-215C058844FE): 1
LogDevObjectVersion:   Dev-CineCamera (B2E18506-4273-CFC2-A54E-F4BB758BBA07): 1
LogInit: Presizing for max 25165824 objects, including 0 objects not considered by GC, pre-allocating 0 bytes for permanent pool.
LogConfig: Applying CVar settings from Section [/Script/Engine.StreamingSettings] File [C:/Users/Angelica .DESKTOP-RM5JOAJ/Documents/Learning Multiplayer/Puzzles/Puzzles/Saved/Config/Windows/Engine.ini]
LogConfig: Setting CVar [[s.MinBulkDataSizeForAsyncLoading:131072]]
LogConfig: Setting CVar [[s.AsyncLoadingThreadEnabled:0]]
LogConfig: Setting CVar [[s.EventDrivenLoaderEnabled:1]]
LogConfig: Setting CVar [[s.WarnIfTimeLimitExceeded:0]]
LogConfig: Setting CVar [[s.TimeLimitExceededMultiplier:1.5]]
LogConfig: Setting CVar [[s.TimeLimitExceededMinTime:0.005]]
LogConfig: Setting CVar [[s.UseBackgroundLevelStreaming:1]]
LogConfig: Setting CVar [[s.PriorityAsyncLoadingExtraTime:15.0]]
LogConfig: Setting CVar [[s.LevelStreamingActorsUpdateTimeLimit:5.0]]
LogConfig: Setting CVar [[s.PriorityLevelStreamingActorsUpdateExtraTime:5.0]]
LogConfig: Setting CVar [[s.LevelStreamingComponentsRegistrationGranularity:10]]
LogConfig: Setting CVar [[s.UnregisterComponentsTimeLimit:1.0]]
LogConfig: Setting CVar [[s.LevelStreamingComponentsUnregistrationGranularity:5]]
LogConfig: Setting CVar [[s.FlushStreamingOnExit:1]]
LogInit: Object subsystem initialized
LogConfig: Setting CVar [[con.DebugEarlyDefault:1]]
LogConfig: Setting CVar [[r.setres:1280x720]]
[2020.12.31-05.56.31:190][  0]LogConfig: Setting CVar [[con.DebugEarlyDefault:1]]
[2020.12.31-05.56.31:193][  0]LogConfig: Setting CVar [[r.setres:1280x720]]
[2020.12.31-05.56.31:197][  0]LogConfig: Applying CVar settings from Section [/Script/Engine.RendererSettings] File [C:/Users/Angelica .DESKTOP-RM5JOAJ/Documents/Learning Multiplayer/Puzzles/Puzzles/Saved/Config/Windows/Engine.ini]
[2020.12.31-05.56.31:200][  0]LogConfig: Setting CVar [[r.GPUCrashDebugging:0]]
[2020.12.31-05.56.31:216][  0]LogConfig: Applying CVar settings from Section [/Script/Engine.RendererOverrideSettings] File [C:/Users/Angelica .DESKTOP-RM5JOAJ/Documents/Learning Multiplayer/Puzzles/Puzzles/Saved/Config/Windows/Engine.ini]
[2020.12.31-05.56.31:219][  0]LogConfig: Applying CVar settings from Section [/Script/Engine.StreamingSettings] File [C:/Users/Angelica .DESKTOP-RM5JOAJ/Documents/Learning Multiplayer/Puzzles/Puzzles/Saved/Config/Windows/Engine.ini]
[2020.12.31-05.56.31:236][  0]LogConfig: Setting CVar [[s.MinBulkDataSizeForAsyncLoading:131072]]
[2020.12.31-05.56.31:241][  0]LogConfig: Setting CVar [[s.AsyncLoadingThreadEnabled:0]]
[2020.12.31-05.56.31:248][  0]LogConfig: Setting CVar [[s.EventDrivenLoaderEnabled:1]]
[2020.12.31-05.56.31:257][  0]LogConfig: Setting CVar [[s.WarnIfTimeLimitExceeded:0]]
[2020.12.31-05.56.31:259][  0]LogConfig: Setting CVar [[s.TimeLimitExceededMultiplier:1.5]]
[2020.12.31-05.56.31:262][  0]LogConfig: Setting CVar [[s.TimeLimitExceededMinTime:0.005]]
[2020.12.31-05.56.31:264][  0]LogConfig: Setting CVar [[s.UseBackgroundLevelStreaming:1]]
[2020.12.31-05.56.31:266][  0]LogConfig: Setting CVar [[s.PriorityAsyncLoadingExtraTime:15.0]]
[2020.12.31-05.56.31:276][  0]LogConfig: Setting CVar [[s.LevelStreamingActorsUpdateTimeLimit:5.0]]
[2020.12.31-05.56.31:287][  0]LogConfig: Setting CVar [[s.PriorityLevelStreamingActorsUpdateExtraTime:5.0]]
[2020.12.31-05.56.31:295][  0]LogConfig: Setting CVar [[s.LevelStreamingComponentsRegistrationGranularity:10]]
[2020.12.31-05.56.31:297][  0]LogConfig: Setting CVar [[s.UnregisterComponentsTimeLimit:1.0]]
[2020.12.31-05.56.31:315][  0]LogConfig: Setting CVar [[s.LevelStreamingComponentsUnregistrationGranularity:5]]
[2020.12.31-05.56.31:320][  0]LogConfig: Setting CVar [[s.FlushStreamingOnExit:1]]
[2020.12.31-05.56.31:322][  0]LogConfig: Applying CVar settings from Section [/Script/Engine.GarbageCollectionSettings] File [C:/Users/Angelica .DESKTOP-RM5JOAJ/Documents/Learning Multiplayer/Puzzles/Puzzles/Saved/Config/Windows/Engine.ini]
[2020.12.31-05.56.31:324][  0]LogConfig: Setting CVar [[gc.MaxObjectsNotConsideredByGC:1]]
[2020.12.31-05.56.31:333][  0]LogConfig: Setting CVar [[gc.SizeOfPermanentObjectPool:0]]
[2020.12.31-05.56.31:338][  0]LogConfig: Setting CVar [[gc.FlushStreamingOnGC:0]]
[2020.12.31-05.56.31:347][  0]LogConfig: Setting CVar [[gc.NumRetriesBeforeForcingGC:10]]
[2020.12.31-05.56.31:352][  0]LogConfig: Setting CVar [[gc.AllowParallelGC:1]]
[2020.12.31-05.56.31:355][  0]LogConfig: Setting CVar [[gc.TimeBetweenPurgingPendingKillObjects:61.1]]
[2020.12.31-05.56.31:366][  0]LogConfig: Setting CVar [[gc.MaxObjectsInEditor:25165824]]
[2020.12.31-05.56.31:370][  0]LogConfig: Setting CVar [[gc.IncrementalBeginDestroyEnabled:1]]
[2020.12.31-05.56.31:372][  0]LogConfig: Setting CVar [[gc.CreateGCClusters:1]]
[2020.12.31-05.56.31:378][  0]LogConfig: Setting CVar [[gc.MinGCClusterSize:5]]
[2020.12.31-05.56.31:388][  0]LogConfig: Setting CVar [[gc.ActorClusteringEnabled:0]]
[2020.12.31-05.56.31:391][  0]LogConfig: Setting CVar [[gc.BlueprintClusteringEnabled:0]]
[2020.12.31-05.56.31:393][  0]LogConfig: Setting CVar [[gc.UseDisregardForGCOnDedicatedServers:0]]
[2020.12.31-05.56.31:395][  0]LogConfig: Applying CVar settings from Section [/Script/Engine.NetworkSettings] File [C:/Users/Angelica .DESKTOP-RM5JOAJ/Documents/Learning Multiplayer/Puzzles/Puzzles/Saved/Config/Windows/Engine.ini]
[2020.12.31-05.56.31:404][  0]LogConfig: Applying CVar settings from Section [/Script/UnrealEd.CookerSettings] File [C:/Users/Angelica .DESKTOP-RM5JOAJ/Documents/Learning Multiplayer/Puzzles/Puzzles/Saved/Config/Windows/Engine.ini]
[2020.12.31-05.56.31:438][  0]LogConfig: Applying CVar settings from Section [ViewDistanceQuality@3] File [C:/Users/Angelica .DESKTOP-RM5JOAJ/Documents/Learning Multiplayer/Puzzles/Puzzles/Saved/Config/Windows/Scalability.ini]
[2020.12.31-05.56.31:443][  0]LogConfig: Setting CVar [[r.SkeletalMeshLODBias:0]]
[2020.12.31-05.56.31:457][  0]LogConfig: Setting CVar [[r.ViewDistanceScale:1.0]]
[2020.12.31-05.56.31:459][  0]LogConfig: Applying CVar settings from Section [AntiAliasingQuality@3] File [C:/Users/Angelica .DESKTOP-RM5JOAJ/Documents/Learning Multiplayer/Puzzles/Puzzles/Saved/Config/Windows/Scalability.ini]
[2020.12.31-05.56.31:462][  0]LogConfig: Setting CVar [[r.PostProcessAAQuality:4]]
[2020.12.31-05.56.31:464][  0]LogConfig: Applying CVar settings from Section [ShadowQuality@3] File [C:/Users/Angelica .DESKTOP-RM5JOAJ/Documents/Learning Multiplayer/Puzzles/Puzzles/Saved/Config/Windows/Scalability.ini]
[2020.12.31-05.56.31:467][  0]LogConfig: Setting CVar [[r.LightFunctionQuality:1]]
[2020.12.31-05.56.31:476][  0]LogConfig: Setting CVar [[r.ShadowQuality:5]]
[2020.12.31-05.56.31:478][  0]LogConfig: Setting CVar [[r.Shadow.CSM.MaxCascades:10]]
[2020.12.31-05.56.31:480][  0]LogConfig: Setting CVar [[r.Shadow.MaxResolution:2048]]
[2020.12.31-05.56.31:482][  0]LogConfig: Setting CVar [[r.Shadow.MaxCSMResolution:2048]]
[2020.12.31-05.56.31:491][  0]LogConfig: Setting CVar [[r.Shadow.RadiusThreshold:0.01]]
[2020.12.31-05.56.31:494][  0]LogConfig: Setting CVar [[r.Shadow.DistanceScale:1.0]]
[2020.12.31-05.56.31:495][  0]LogConfig: Setting CVar [[r.Shadow.CSM.TransitionScale:1.0]]
[2020.12.31-05.56.31:498][  0]LogConfig: Setting CVar [[r.Shadow.PreShadowResolutionFactor:1.0]]
[2020.12.31-05.56.31:503][  0]LogConfig: Setting CVar [[r.DistanceFieldShadowing:1]]
[2020.12.31-05.56.31:518][  0]LogConfig: Setting CVar [[r.DistanceFieldAO:1]]
[2020.12.31-05.56.31:521][  0]LogConfig: Setting CVar [[r.AOQuality:2]]
[2020.12.31-05.56.31:523][  0]LogConfig: Setting CVar [[r.VolumetricFog:1]]
[2020.12.31-05.56.31:524][  0]LogConfig: Setting CVar [[r.VolumetricFog.GridPixelSize:8]]
[2020.12.31-05.56.31:535][  0]LogConfig: Setting CVar [[r.VolumetricFog.GridSizeZ:128]]
[2020.12.31-05.56.31:537][  0]LogConfig: Setting CVar [[r.VolumetricFog.HistoryMissSupersampleCount:4]]
[2020.12.31-05.56.31:540][  0]LogConfig: Setting CVar [[r.LightMaxDrawDistanceScale:1]]
[2020.12.31-05.56.31:542][  0]LogConfig: Setting CVar [[r.CapsuleShadows:1]]
[2020.12.31-05.56.31:544][  0]LogConfig: Applying CVar settings from Section [PostProcessQuality@3] File [C:/Users/Angelica .DESKTOP-RM5JOAJ/Documents/Learning Multiplayer/Puzzles/Puzzles/Saved/Config/Windows/Scalability.ini]
[2020.12.31-05.56.31:553][  0]LogConfig: Setting CVar [[r.MotionBlurQuality:4]]
[2020.12.31-05.56.31:555][  0]LogConfig: Setting CVar [[r.AmbientOcclusionMipLevelFactor:0.4]]
[2020.12.31-05.56.31:560][  0]LogConfig: Setting CVar [[r.AmbientOcclusionMaxQuality:100]]
[2020.12.31-05.56.31:570][  0]LogConfig: Setting CVar [[r.AmbientOcclusionLevels:-1]]
[2020.12.31-05.56.31:574][  0]LogConfig: Setting CVar [[r.AmbientOcclusionRadiusScale:1.0]]
[2020.12.31-05.56.31:576][  0]LogConfig: Setting CVar [[r.DepthOfFieldQuality:2]]
[2020.12.31-05.56.31:578][  0]LogConfig: Setting CVar [[r.RenderTargetPoolMin:400]]
[2020.12.31-05.56.31:582][  0]LogConfig: Setting CVar [[r.LensFlareQuality:2]]
[2020.12.31-05.56.31:596][  0]LogConfig: Setting CVar [[r.SceneColorFringeQuality:1]]
[2020.12.31-05.56.31:598][  0]LogConfig: Setting CVar [[r.EyeAdaptationQuality:2]]
[2020.12.31-05.56.31:600][  0]LogConfig: Setting CVar [[r.BloomQuality:5]]
[2020.12.31-05.56.31:604][  0]LogConfig: Setting CVar [[r.FastBlurThreshold:100]]
[2020.12.31-05.56.31:606][  0]LogConfig: Setting CVar [[r.Upscale.Quality:3]]
[2020.12.31-05.56.31:614][  0]LogConfig: Setting CVar [[r.Tonemapper.GrainQuantization:1]]
[2020.12.31-05.56.31:615][  0]LogConfig: Setting CVar [[r.LightShaftQuality:1]]
[2020.12.31-05.56.31:619][  0]LogConfig: Setting CVar [[r.Filter.SizeScale:1]]
[2020.12.31-05.56.31:621][  0]LogConfig: Setting CVar [[r.Tonemapper.Quality:5]]
[2020.12.31-05.56.31:627][  0]LogConfig: Setting CVar [[r.DOF.Gather.AccumulatorQuality:1        ; higher gathering accumulator quality]]
[2020.12.31-05.56.31:637][  0]LogConfig: Setting CVar [[r.DOF.Gather.PostfilterMethod:1          ; Median3x3 postfilering method]]
[2020.12.31-05.56.31:640][  0]LogConfig: Setting CVar [[r.DOF.Gather.EnableBokehSettings:0       ; no bokeh simulation when gathering]]
[2020.12.31-05.56.31:641][  0]LogConfig: Setting CVar [[r.DOF.Gather.RingCount:4                 ; medium number of samples when gathering]]
[2020.12.31-05.56.31:643][  0]LogConfig: Setting CVar [[r.DOF.Scatter.ForegroundCompositing:1    ; additive foreground scattering]]
[2020.12.31-05.56.31:644][  0]LogConfig: Setting CVar [[r.DOF.Scatter.BackgroundCompositing:2    ; additive background scattering]]
[2020.12.31-05.56.31:647][  0]LogConfig: Setting CVar [[r.DOF.Scatter.EnableBokehSettings:1      ; bokeh simulation when scattering]]
[2020.12.31-05.56.31:662][  0]LogConfig: Setting CVar [[r.DOF.Scatter.MaxSpriteRatio:0.1         ; only a maximum of 10% of scattered bokeh]]
[2020.12.31-05.56.31:667][  0]LogConfig: Setting CVar [[r.DOF.Recombine.Quality:1                ; cheap slight out of focus]]
[2020.12.31-05.56.31:670][  0]LogConfig: Setting CVar [[r.DOF.Recombine.EnableBokehSettings:0    ; no bokeh simulation on slight out of focus]]
[2020.12.31-05.56.31:681][  0]LogConfig: Setting CVar [[r.DOF.TemporalAAQuality:1                ; more stable temporal accumulation]]
[2020.12.31-05.56.31:685][  0]LogConfig: Setting CVar [[r.DOF.Kernel.MaxForegroundRadius:0.025]]
[2020.12.31-05.56.31:691][  0]LogConfig: Setting CVar [[r.DOF.Kernel.MaxBackgroundRadius:0.025]]
[2020.12.31-05.56.31:695][  0]LogConfig: Applying CVar settings from Section [TextureQuality@3] File [C:/Users/Angelica .DESKTOP-RM5JOAJ/Documents/Learning Multiplayer/Puzzles/Puzzles/Saved/Config/Windows/Scalability.ini]
[2020.12.31-05.56.31:697][  0]LogConfig: Setting CVar [[r.Streaming.MipBias:0]]
[2020.12.31-05.56.31:718][  0]LogConfig: Setting CVar [[r.Streaming.AmortizeCPUToGPUCopy:0]]
[2020.12.31-05.56.31:742][  0]LogConfig: Setting CVar [[r.Streaming.MaxNumTexturesToStreamPerFrame:0]]
[2020.12.31-05.56.31:752][  0]LogConfig: Setting CVar [[r.Streaming.Boost:1]]
[2020.12.31-05.56.31:753][  0]LogConfig: Setting CVar [[r.MaxAnisotropy:8]]
[2020.12.31-05.56.31:757][  0]LogConfig: Setting CVar [[r.VT.MaxAnisotropy:8]]
[2020.12.31-05.56.31:773][  0]LogConfig: Setting CVar [[r.Streaming.LimitPoolSizeToVRAM:0]]
[2020.12.31-05.56.31:779][  0]LogConfig: Setting CVar [[r.Streaming.PoolSize:1000]]
[2020.12.31-05.56.31:788][  0]LogConfig: Setting CVar [[r.Streaming.MaxEffectiveScreenSize:0]]
[2020.12.31-05.56.31:797][  0]LogConfig: Applying CVar settings from Section [EffectsQuality@3] File [C:/Users/Angelica .DESKTOP-RM5JOAJ/Documents/Learning Multiplayer/Puzzles/Puzzles/Saved/Config/Windows/Scalability.ini]
[2020.12.31-05.56.31:804][  0]LogConfig: Setting CVar [[r.TranslucencyLightingVolumeDim:64]]
[2020.12.31-05.56.31:807][  0]LogConfig: Setting CVar [[r.RefractionQuality:2]]
[2020.12.31-05.56.31:811][  0]LogConfig: Setting CVar [[r.SSR.Quality:3]]
[2020.12.31-05.56.31:813][  0]LogConfig: Setting CVar [[r.SSR.HalfResSceneColor:0]]
[2020.12.31-05.56.31:822][  0]LogConfig: Setting CVar [[r.SceneColorFormat:4]]
[2020.12.31-05.56.31:824][  0]LogConfig: Setting CVar [[r.DetailMode:2]]
[2020.12.31-05.56.31:826][  0]LogConfig: Setting CVar [[r.TranslucencyVolumeBlur:1]]
[2020.12.31-05.56.31:830][  0]LogConfig: Setting CVar [[r.MaterialQualityLevel:1 ; High quality]]
[2020.12.31-05.56.31:837][  0]LogConfig: Setting CVar [[r.SSS.Scale:1]]
[2020.12.31-05.56.31:839][  0]LogConfig: Setting CVar [[r.SSS.SampleSet:2]]
[2020.12.31-05.56.31:842][  0]LogConfig: Setting CVar [[r.SSS.Quality:1]]
[2020.12.31-05.56.31:850][  0]LogConfig: Setting CVar [[r.SSS.HalfRes:0]]
[2020.12.31-05.56.31:861][  0]LogConfig: Setting CVar [[r.SSGI.Quality:3]]
[2020.12.31-05.56.31:864][  0]LogConfig: Setting CVar [[r.EmitterSpawnRateScale:1.0]]
[2020.12.31-05.56.31:866][  0]LogConfig: Setting CVar [[r.ParticleLightQuality:2]]
[2020.12.31-05.56.31:876][  0]LogConfig: Setting CVar [[r.SkyAtmosphere.AerialPerspectiveLUT.FastApplyOnOpaque:1 ; Always have FastSkyLUT 1 in this case to avoid wrong sky]]
[2020.12.31-05.56.31:879][  0]LogConfig: Setting CVar [[r.SkyAtmosphere.AerialPerspectiveLUT.SampleCountPerSlice:1]]
[2020.12.31-05.56.31:881][  0]LogConfig: Setting CVar [[r.SkyAtmosphere.AerialPerspectiveLUT.DepthResolution:16.0]]
[2020.12.31-05.56.31:887][  0]LogConfig: Setting CVar [[r.SkyAtmosphere.FastSkyLUT:1]]
[2020.12.31-05.56.31:891][  0]LogConfig: Setting CVar [[r.SkyAtmosphere.FastSkyLUT.SampleCountMin:4.0]]
[2020.12.31-05.56.31:892][  0]LogConfig: Setting CVar [[r.SkyAtmosphere.FastSkyLUT.SampleCountMax:32.0]]
[2020.12.31-05.56.31:901][  0]LogConfig: Setting CVar [[r.SkyAtmosphere.SampleCountMin:4.0]]
[2020.12.31-05.56.31:916][  0]LogConfig: Setting CVar [[r.SkyAtmosphere.SampleCountMax:32.0]]
[2020.12.31-05.56.31:921][  0]LogConfig: Setting CVar [[r.SkyAtmosphere.TransmittanceLUT.UseSmallFormat:0]]
[2020.12.31-05.56.31:925][  0]LogConfig: Setting CVar [[r.SkyAtmosphere.TransmittanceLUT.SampleCount:10.0]]
[2020.12.31-05.56.31:937][  0]LogConfig: Setting CVar [[r.SkyAtmosphere.MultiScatteringLUT.SampleCount:15.0]]
[2020.12.31-05.56.31:941][  0]LogConfig: Applying CVar settings from Section [FoliageQuality@3] File [C:/Users/Angelica .DESKTOP-RM5JOAJ/Documents/Learning Multiplayer/Puzzles/Puzzles/Saved/Config/Windows/Scalability.ini]
[2020.12.31-05.56.31:943][  0]LogConfig: Setting CVar [[foliage.DensityScale:1.0]]
[2020.12.31-05.56.31:960][  0]LogConfig: Setting CVar [[grass.DensityScale:1.0]]
[2020.12.31-05.56.31:962][  0]LogConfig: Applying CVar settings from Section [ShadingQuality@3] File [C:/Users/Angelica .DESKTOP-RM5JOAJ/Documents/Learning Multiplayer/Puzzles/Puzzles/Saved/Config/Windows/Scalability.ini]
[2020.12.31-05.56.31:964][  0]LogConfig: Setting CVar [[r.HairStrands.SkyLighting.SampleCount:16]]
[2020.12.31-05.56.31:967][  0]LogConfig: Setting CVar [[r.HairStrands.SkyLighting.JitterIntegration:0]]
[2020.12.31-05.56.31:981][  0]LogConfig: Setting CVar [[r.HairStrands.SkyAO.SampleCount:16]]
[2020.12.31-05.56.31:982][  0]LogConfig: Setting CVar [[r.HairStrands.DeepShadow.SuperSampling:0]]
[2020.12.31-05.56.31:992][  0]LogConfig: Setting CVar [[r.HairStrands.VisibilityPPLL:0]]
[2020.12.31-05.56.32:001][  0]LogConfig: Setting CVar [[r.HairStrands.RasterizationScale:0.5]]
[2020.12.31-05.56.32:002][  0]LogConfig: Setting CVar [[r.HairStrands.VelocityRasterizationScale:1]]
[2020.12.31-05.56.32:012][  0]LogInit: Selected Device Profile: [Windows]
[2020.12.31-05.56.32:015][  0]LogInit: Applying CVar settings loaded from the selected device profile: [Windows]
[2020.12.31-05.56.32:021][  0]LogHAL: Display: Platform has ~ 16 GB [17052516352 / 17179869184 / 16], which maps to Larger [LargestMinGB=32, LargerMinGB=12, DefaultMinGB=8, SmallerMinGB=6, SmallestMinGB=0)
[2020.12.31-05.56.32:026][  0]LogInit: Going up to parent DeviceProfile []
[2020.12.31-05.56.32:029][  0]LogConfig: Applying CVar settings from Section [ViewDistanceQuality@3] File [C:/Users/Angelica .DESKTOP-RM5JOAJ/Documents/Learning Multiplayer/Puzzles/Puzzles/Saved/Config/Windows/Scalability.ini]
[2020.12.31-05.56.32:031][  0]LogConfig: Setting CVar [[r.SkeletalMeshLODBias:0]]
[2020.12.31-05.56.32:037][  0]LogConfig: Setting CVar [[r.ViewDistanceScale:1.0]]
[2020.12.31-05.56.32:040][  0]LogConfig: Applying CVar settings from Section [AntiAliasingQuality@3] File [C:/Users/Angelica .DESKTOP-RM5JOAJ/Documents/Learning Multiplayer/Puzzles/Puzzles/Saved/Config/Windows/Scalability.ini]
[2020.12.31-05.56.32:047][  0]LogConfig: Setting CVar [[r.PostProcessAAQuality:4]]
[2020.12.31-05.56.32:052][  0]LogConfig: Applying CVar settings from Section [ShadowQuality@3] File [C:/Users/Angelica .DESKTOP-RM5JOAJ/Documents/Learning Multiplayer/Puzzles/Puzzles/Saved/Config/Windows/Scalability.ini]
[2020.12.31-05.56.32:058][  0]LogConfig: Setting CVar [[r.LightFunctionQuality:1]]
[2020.12.31-05.56.32:069][  0]LogConfig: Setting CVar [[r.ShadowQuality:5]]
[2020.12.31-05.56.32:071][  0]LogConfig: Setting CVar [[r.Shadow.CSM.MaxCascades:10]]
[2020.12.31-05.56.32:073][  0]LogConfig: Setting CVar [[r.Shadow.MaxResolution:2048]]
[2020.12.31-05.56.32:077][  0]LogConfig: Setting CVar [[r.Shadow.MaxCSMResolution:2048]]
[2020.12.31-05.56.32:094][  0]LogConfig: Setting CVar [[r.Shadow.RadiusThreshold:0.01]]
[2020.12.31-05.56.32:102][  0]LogConfig: Setting CVar [[r.Shadow.DistanceScale:1.0]]
[2020.12.31-05.56.32:107][  0]LogConfig: Setting CVar [[r.Shadow.CSM.TransitionScale:1.0]]
[2020.12.31-05.56.32:109][  0]LogConfig: Setting CVar [[r.Shadow.PreShadowResolutionFactor:1.0]]
[2020.12.31-05.56.32:112][  0]LogConfig: Setting CVar [[r.DistanceFieldShadowing:1]]
[2020.12.31-05.56.32:113][  0]LogConfig: Setting CVar [[r.DistanceFieldAO:1]]
[2020.12.31-05.56.32:123][  0]LogConfig: Setting CVar [[r.AOQuality:2]]
[2020.12.31-05.56.32:125][  0]LogConfig: Setting CVar [[r.VolumetricFog:1]]
[2020.12.31-05.56.32:128][  0]LogConfig: Setting CVar [[r.VolumetricFog.GridPixelSize:8]]
[2020.12.31-05.56.32:133][  0]LogConfig: Setting CVar [[r.VolumetricFog.GridSizeZ:128]]
[2020.12.31-05.56.32:145][  0]LogConfig: Setting CVar [[r.VolumetricFog.HistoryMissSupersampleCount:4]]
[2020.12.31-05.56.32:149][  0]LogConfig: Setting CVar [[r.LightMaxDrawDistanceScale:1]]
[2020.12.31-05.56.32:152][  0]LogConfig: Setting CVar [[r.CapsuleShadows:1]]
[2020.12.31-05.56.32:157][  0]LogConfig: Applying CVar settings from Section [PostProcessQuality@3] File [C:/Users/Angelica .DESKTOP-RM5JOAJ/Documents/Learning Multiplayer/Puzzles/Puzzles/Saved/Config/Windows/Scalability.ini]
[2020.12.31-05.56.32:176][  0]LogConfig: Setting CVar [[r.MotionBlurQuality:4]]
[2020.12.31-05.56.32:180][  0]LogConfig: Setting CVar [[r.AmbientOcclusionMipLevelFactor:0.4]]
[2020.12.31-05.56.32:182][  0]LogConfig: Setting CVar [[r.AmbientOcclusionMaxQuality:100]]
[2020.12.31-05.56.32:192][  0]LogConfig: Setting CVar [[r.AmbientOcclusionLevels:-1]]
[2020.12.31-05.56.32:196][  0]LogConfig: Setting CVar [[r.AmbientOcclusionRadiusScale:1.0]]
[2020.12.31-05.56.32:202][  0]LogConfig: Setting CVar [[r.DepthOfFieldQuality:2]]
[2020.12.31-05.56.32:203][  0]LogConfig: Setting CVar [[r.RenderTargetPoolMin:400]]
[2020.12.31-05.56.32:207][  0]LogConfig: Setting CVar [[r.LensFlareQuality:2]]
[2020.12.31-05.56.32:211][  0]LogConfig: Setting CVar [[r.SceneColorFringeQuality:1]]
[2020.12.31-05.56.32:212][  0]LogConfig: Setting CVar [[r.EyeAdaptationQuality:2]]
[2020.12.31-05.56.32:214][  0]LogConfig: Setting CVar [[r.BloomQuality:5]]
[2020.12.31-05.56.32:235][  0]LogConfig: Setting CVar [[r.FastBlurThreshold:100]]
[2020.12.31-05.56.32:243][  0]LogConfig: Setting CVar [[r.Upscale.Quality:3]]
[2020.12.31-05.56.32:244][  0]LogConfig: Setting CVar [[r.Tonemapper.GrainQuantization:1]]
[2020.12.31-05.56.32:246][  0]LogConfig: Setting CVar [[r.LightShaftQuality:1]]
[2020.12.31-05.56.32:248][  0]LogConfig: Setting CVar [[r.Filter.SizeScale:1]]
[2020.12.31-05.56.32:251][  0]LogConfig: Setting CVar [[r.Tonemapper.Quality:5]]
[2020.12.31-05.56.32:252][  0]LogConfig: Setting CVar [[r.DOF.Gather.AccumulatorQuality:1        ; higher gathering accumulator quality]]
[2020.12.31-05.56.32:254][  0]LogConfig: Setting CVar [[r.DOF.Gather.PostfilterMethod:1          ; Median3x3 postfilering method]]
[2020.12.31-05.56.32:265][  0]LogConfig: Setting CVar [[r.DOF.Gather.EnableBokehSettings:0       ; no bokeh simulation when gathering]]
[2020.12.31-05.56.32:268][  0]LogConfig: Setting CVar [[r.DOF.Gather.RingCount:4                 ; medium number of samples when gathering]]
[2020.12.31-05.56.32:270][  0]LogConfig: Setting CVar [[r.DOF.Scatter.ForegroundCompositing:1    ; additive foreground scattering]]
[2020.12.31-05.56.32:286][  0]LogConfig: Setting CVar [[r.DOF.Scatter.BackgroundCompositing:2    ; additive background scattering]]
[2020.12.31-05.56.32:289][  0]LogConfig: Setting CVar [[r.DOF.Scatter.EnableBokehSettings:1      ; bokeh simulation when scattering]]
[2020.12.31-05.56.32:291][  0]LogConfig: Setting CVar [[r.DOF.Scatter.MaxSpriteRatio:0.1         ; only a maximum of 10% of scattered bokeh]]
[2020.12.31-05.56.32:294][  0]LogConfig: Setting CVar [[r.DOF.Recombine.Quality:1                ; cheap slight out of focus]]
[2020.12.31-05.56.32:304][  0]LogConfig: Setting CVar [[r.DOF.Recombine.EnableBokehSettings:0    ; no bokeh simulation on slight out of focus]]
[2020.12.31-05.56.32:306][  0]LogConfig: Setting CVar [[r.DOF.TemporalAAQuality:1                ; more stable temporal accumulation]]
[2020.12.31-05.56.32:308][  0]LogConfig: Setting CVar [[r.DOF.Kernel.MaxForegroundRadius:0.025]]
[2020.12.31-05.56.32:311][  0]LogConfig: Setting CVar [[r.DOF.Kernel.MaxBackgroundRadius:0.025]]
[2020.12.31-05.56.32:313][  0]LogConfig: Applying CVar settings from Section [TextureQuality@3] File [C:/Users/Angelica .DESKTOP-RM5JOAJ/Documents/Learning Multiplayer/Puzzles/Puzzles/Saved/Config/Windows/Scalability.ini]
[2020.12.31-05.56.32:322][  0]LogConfig: Setting CVar [[r.Streaming.MipBias:0]]
[2020.12.31-05.56.32:324][  0]LogConfig: Setting CVar [[r.Streaming.AmortizeCPUToGPUCopy:0]]
[2020.12.31-05.56.32:326][  0]LogConfig: Setting CVar [[r.Streaming.MaxNumTexturesToStreamPerFrame:0]]
[2020.12.31-05.56.32:327][  0]LogConfig: Setting CVar [[r.Streaming.Boost:1]]
[2020.12.31-05.56.32:329][  0]LogConfig: Setting CVar [[r.MaxAnisotropy:8]]
[2020.12.31-05.56.32:348][  0]LogConfig: Setting CVar [[r.VT.MaxAnisotropy:8]]
[2020.12.31-05.56.32:357][  0]LogConfig: Setting CVar [[r.Streaming.LimitPoolSizeToVRAM:0]]
[2020.12.31-05.56.32:358][  0]LogConfig: Setting CVar [[r.Streaming.PoolSize:1000]]
[2020.12.31-05.56.32:371][  0]LogConfig: Setting CVar [[r.Streaming.MaxEffectiveScreenSize:0]]
[2020.12.31-05.56.32:372][  0]LogConfig: Applying CVar settings from Section [EffectsQuality@3] File [C:/Users/Angelica .DESKTOP-RM5JOAJ/Documents/Learning Multiplayer/Puzzles/Puzzles/Saved/Config/Windows/Scalability.ini]
[2020.12.31-05.56.32:374][  0]LogConfig: Setting CVar [[r.TranslucencyLightingVolumeDim:64]]
[2020.12.31-05.56.32:376][  0]LogConfig: Setting CVar [[r.RefractionQuality:2]]
[2020.12.31-05.56.32:379][  0]LogConfig: Setting CVar [[r.SSR.Quality:3]]
[2020.12.31-05.56.32:391][  0]LogConfig: Setting CVar [[r.SSR.HalfResSceneColor:0]]
[2020.12.31-05.56.32:392][  0]LogConfig: Setting CVar [[r.SceneColorFormat:4]]
[2020.12.31-05.56.32:394][  0]LogConfig: Setting CVar [[r.DetailMode:2]]
[2020.12.31-05.56.32:395][  0]LogConfig: Setting CVar [[r.TranslucencyVolumeBlur:1]]
[2020.12.31-05.56.32:397][  0]LogConfig: Setting CVar [[r.MaterialQualityLevel:1 ; High quality]]
[2020.12.31-05.56.32:435][  0]LogConfig: Setting CVar [[r.SSS.Scale:1]]
[2020.12.31-05.56.32:443][  0]LogConfig: Setting CVar [[r.SSS.SampleSet:2]]
[2020.12.31-05.56.32:444][  0]LogConfig: Setting CVar [[r.SSS.Quality:1]]
[2020.12.31-05.56.32:447][  0]LogConfig: Setting CVar [[r.SSS.HalfRes:0]]
[2020.12.31-05.56.32:452][  0]LogConfig: Setting CVar [[r.SSGI.Quality:3]]
[2020.12.31-05.56.32:453][  0]LogConfig: Setting CVar [[r.EmitterSpawnRateScale:1.0]]
[2020.12.31-05.56.32:465][  0]LogConfig: Setting CVar [[r.ParticleLightQuality:2]]
[2020.12.31-05.56.32:467][  0]LogConfig: Setting CVar [[r.SkyAtmosphere.AerialPerspectiveLUT.FastApplyOnOpaque:1 ; Always have FastSkyLUT 1 in this case to avoid wrong sky]]
[2020.12.31-05.56.32:471][  0]LogConfig: Setting CVar [[r.SkyAtmosphere.AerialPerspectiveLUT.SampleCountPerSlice:1]]
[2020.12.31-05.56.32:472][  0]LogConfig: Setting CVar [[r.SkyAtmosphere.AerialPerspectiveLUT.DepthResolution:16.0]]
[2020.12.31-05.56.32:474][  0]LogConfig: Setting CVar [[r.SkyAtmosphere.FastSkyLUT:1]]
[2020.12.31-05.56.32:476][  0]LogConfig: Setting CVar [[r.SkyAtmosphere.FastSkyLUT.SampleCountMin:4.0]]
[2020.12.31-05.56.32:478][  0]LogConfig: Setting CVar [[r.SkyAtmosphere.FastSkyLUT.SampleCountMax:32.0]]
[2020.12.31-05.56.32:481][  0]LogConfig: Setting CVar [[r.SkyAtmosphere.SampleCountMin:4.0]]
[2020.12.31-05.56.32:484][  0]LogConfig: Setting CVar [[r.SkyAtmosphere.SampleCountMax:32.0]]
[2020.12.31-05.56.32:491][  0]LogConfig: Setting CVar [[r.SkyAtmosphere.TransmittanceLUT.UseSmallFormat:0]]
[2020.12.31-05.56.32:493][  0]LogConfig: Setting CVar [[r.SkyAtmosphere.TransmittanceLUT.SampleCount:10.0]]
[2020.12.31-05.56.32:494][  0]LogConfig: Setting CVar [[r.SkyAtmosphere.MultiScatteringLUT.SampleCount:15.0]]
[2020.12.31-05.56.32:500][  0]LogConfig: Applying CVar settings from Section [FoliageQuality@3] File [C:/Users/Angelica .DESKTOP-RM5JOAJ/Documents/Learning Multiplayer/Puzzles/Puzzles/Saved/Config/Windows/Scalability.ini]
[2020.12.31-05.56.32:503][  0]LogConfig: Setting CVar [[foliage.DensityScale:1.0]]
[2020.12.31-05.56.32:506][  0]LogConfig: Setting CVar [[grass.DensityScale:1.0]]
[2020.12.31-05.56.32:510][  0]LogConfig: Applying CVar settings from Section [ShadingQuality@3] File [C:/Users/Angelica .DESKTOP-RM5JOAJ/Documents/Learning Multiplayer/Puzzles/Puzzles/Saved/Config/Windows/Scalability.ini]
[2020.12.31-05.56.32:512][  0]LogConfig: Setting CVar [[r.HairStrands.SkyLighting.SampleCount:16]]
[2020.12.31-05.56.32:514][  0]LogConfig: Setting CVar [[r.HairStrands.SkyLighting.JitterIntegration:0]]
[2020.12.31-05.56.32:516][  0]LogConfig: Setting CVar [[r.HairStrands.SkyAO.SampleCount:16]]
[2020.12.31-05.56.32:532][  0]LogConfig: Setting CVar [[r.HairStrands.DeepShadow.SuperSampling:0]]
[2020.12.31-05.56.32:534][  0]LogConfig: Setting CVar [[r.HairStrands.VisibilityPPLL:0]]
[2020.12.31-05.56.32:536][  0]LogConfig: Setting CVar [[r.HairStrands.RasterizationScale:0.5]]
[2020.12.31-05.56.32:540][  0]LogConfig: Setting CVar [[r.HairStrands.VelocityRasterizationScale:1]]
[2020.12.31-05.56.32:552][  0]LogConfig: Applying CVar settings from Section [Startup] File [../../../Engine/Config/ConsoleVariables.ini]
[2020.12.31-05.56.32:560][  0]LogConfig: Setting CVar [[net.UseAdaptiveNetUpdateFrequency:0]]
[2020.12.31-05.56.32:565][  0]LogConfig: Setting CVar [[p.chaos.AllowCreatePhysxBodies:1]]
[2020.12.31-05.56.32:567][  0]LogConfig: Setting CVar [[fx.SkipVectorVMBackendOptimizations:1]]
[2020.12.31-05.56.32:571][  0]LogConfig: Applying CVar settings from Section [ConsoleVariables] File [C:/Users/Angelica .DESKTOP-RM5JOAJ/Documents/Learning Multiplayer/Puzzles/Puzzles/Saved/Config/Windows/Engine.ini]
[2020.12.31-05.56.32:574][  0]LogInit: Computer: SKETCH-PC
[2020.12.31-05.56.32:584][  0]LogInit: User: Angelica
[2020.12.31-05.56.32:588][  0]LogInit: CPU Page size=4096, Cores=2
[2020.12.31-05.56.32:591][  0]LogInit: High frequency timer resolution =10.000000 MHz
[2020.12.31-05.56.32:604][  0]LogMemory: Memory total: Physical=15.9GB (16GB approx)
[2020.12.31-05.56.32:605][  0]LogMemory: Platform Memory Stats for Windows
[2020.12.31-05.56.32:607][  0]LogMemory: Process Physical Memory: 114.47 MB used, 114.48 MB peak
[2020.12.31-05.56.32:610][  0]LogMemory: Process Virtual Memory: 96.96 MB used, 96.96 MB peak
[2020.12.31-05.56.32:612][  0]LogMemory: Physical Memory: 10400.63 MB used,  5861.92 MB free, 16262.55 MB total
[2020.12.31-05.56.32:614][  0]LogMemory: Virtual Memory: 5124.82 MB used,  134212600.00 MB free, 134217728.00 MB total
[2020.12.31-05.56.32:685][  0]LogWindows: WindowsPlatformFeatures enabled
[2020.12.31-05.56.32:975][  0]LogInit: Physics initialised using underlying interface: PhysX
[2020.12.31-05.56.33:010][  0]LogInit: Using OS detected language (en-US).
[2020.12.31-05.56.33:041][  0]LogInit: Using OS detected locale (en-US).
[2020.12.31-05.56.33:084][  0]LogTextLocalizationManager: No specific localization for 'en-US' exists, so the 'en' localization will be used.
[2020.12.31-05.56.35:452][  0]LogSlate: New Slate User Created.  User Index 0, Is Virtual User: 0
[2020.12.31-05.56.35:794][  0]LogSlate: Slate User Registered.  User Index 0, Is Virtual User: 0
[2020.12.31-05.56.35:925][  0]LogHMD: Failed to initialize OpenVR with code 110
[2020.12.31-05.56.36:254][  0]LogD3D11RHI: D3D11 min allowed feature level: 11_0
[2020.12.31-05.56.36:260][  0]LogD3D11RHI: D3D11 max allowed feature level: 11_0
[2020.12.31-05.56.36:263][  0]LogD3D11RHI: D3D11 adapters:
[2020.12.31-05.56.37:552][  0]LogD3D11RHI:    0. 'Intel(R) HD Graphics 620' (Feature Level 11_0)
[2020.12.31-05.56.37:597][  0]LogD3D11RHI:       128/0/8131 MB DedicatedVideo/DedicatedSystem/SharedSystem, Outputs:2, VendorId:0x8086
[2020.12.31-05.56.37:640][  0]LogD3D11RHI:    1. 'Microsoft Basic Render Driver' (Feature Level 11_0)
[2020.12.31-05.56.37:697][  0]LogD3D11RHI:       0/0/8131 MB DedicatedVideo/DedicatedSystem/SharedSystem, Outputs:0, VendorId:0x1414
[2020.12.31-05.56.37:736][  0]LogD3D11RHI:    2. 'Microsoft Basic Render Driver' (Feature Level 11_0)
[2020.12.31-05.56.37:863][  0]LogD3D11RHI:       0/0/8131 MB DedicatedVideo/DedicatedSystem/SharedSystem, Outputs:0, VendorId:0x1414
[2020.12.31-05.56.37:980][  0]LogD3D11RHI:    3. 'Microsoft Basic Render Driver' (Feature Level 11_0)
[2020.12.31-05.56.38:042][  0]LogD3D11RHI:       0/0/8131 MB DedicatedVideo/DedicatedSystem/SharedSystem, Outputs:0, VendorId:0x1414
[2020.12.31-05.56.38:094][  0]LogD3D11RHI:    4. 'Microsoft Basic Render Driver' (Feature Level 11_0)
[2020.12.31-05.56.38:137][  0]LogD3D11RHI:       0/0/8131 MB DedicatedVideo/DedicatedSystem/SharedSystem, Outputs:0, VendorId:0x1414
[2020.12.31-05.56.38:202][  0]LogD3D11RHI: Chosen D3D11 Adapter: 0
[2020.12.31-05.56.38:286][  0]LogD3D11RHI: Creating new Direct3DDevice
[2020.12.31-05.56.38:335][  0]LogD3D11RHI:     GPU DeviceId: 0x5916 (for the marketing name, search the web for "GPU Device Id")
[2020.12.31-05.56.38:341][  0]LogWindows: EnumDisplayDevices:
[2020.12.31-05.56.38:344][  0]LogWindows:    0. 'Intel(R) HD Graphics 620' (P:0 D:1)
[2020.12.31-05.56.38:347][  0]LogWindows:    1. 'Intel(R) HD Graphics 620' (P:0 D:0)
[2020.12.31-05.56.38:352][  0]LogWindows:    2. 'Intel(R) HD Graphics 620' (P:0 D:0)
[2020.12.31-05.56.38:359][  0]LogWindows:    3. 'MS Idd Device' (P:0 D:0)
[2020.12.31-05.56.38:362][  0]LogWindows:    4. 'MS Idd Device' (P:0 D:0)
[2020.12.31-05.56.38:369][  0]LogWindows:    5. 'MS Idd Device' (P:1 D:1)
[2020.12.31-05.56.38:373][  0]LogWindows: DebugString: GetVideoDriverDetailsInvalid PrimaryIsNotTheChoosenAdapter GetVideoDriverDetailsInvalid PrimaryIsNotTheChoosenAdapter GetVideoDriverDetailsInvalid PrimaryIsNotTheChoosenAdapter FoundDriverCount:3 
[2020.12.31-05.56.38:375][  0]LogD3D11RHI:     Adapter Name: Intel(R) HD Graphics 620
[2020.12.31-05.56.38:391][  0]LogD3D11RHI:   Driver Version: 24.20.100.6344 (internal:24.20.100.6344, unified:24.20.100.6344)
[2020.12.31-05.56.38:394][  0]LogD3D11RHI:      Driver Date: 11-10-2018
[2020.12.31-05.56.38:397][  0]LogRHI: Texture pool is 1523 MB (70% of 2176 MB)
[2020.12.31-05.56.38:433][  0]LogD3D11RHI: [IntelMetricsDiscovery] Failed to initialize context. Result=00000002
[2020.12.31-05.56.39:549][  0]LogD3D11RHI: RHI does not have support for 64 bit atomics
[2020.12.31-05.56.39:598][  0]LogD3D11RHI: Async texture creation enabled
[2020.12.31-05.56.39:605][  0]LogD3D11RHI: Array index from any shader is supported
[2020.12.31-05.56.39:727][  0]LogD3D11RHI: GPU Timing Frequency: 12.000048 (Debug: 2 0)
[2020.12.31-05.56.51:426][  0]LogTargetPlatformManager: Display: Loaded TargetPlatform 'WindowsNoEditor'
[2020.12.31-05.56.51:514][  0]LogTargetPlatformManager: Display: Loaded TargetPlatform 'Windows'
[2020.12.31-05.56.51:627][  0]LogTargetPlatformManager: Display: Loaded TargetPlatform 'WindowsClient'
[2020.12.31-05.56.51:787][  0]LogTargetPlatformManager: Display: Loaded TargetPlatform 'WindowsServer'
[2020.12.31-05.56.51:848][  0]LogTargetPlatformManager: Display: Building Assets For Windows
[2020.12.31-05.56.51:933][  0]LogAudioDebug: Display: Lib vorbis DLL was dynamically loaded.
[2020.12.31-05.56.52:626][  0]LogShaderCompilers: Guid format shader working directory is -29 characters bigger than the processId version (../../../../../../Users/Angelica .DESKTOP-RM5JOAJ/Documents/Learning Multiplayer/Puzzles/Puzzles/Intermediate/Shaders/WorkingDirectory/268/).
[2020.12.31-05.56.52:693][  0]LogShaderCompilers: Cleaned the shader compiler working directory 'C:/Users/Angelica .DESKTOP-RM5JOAJ/AppData/Local/Temp/UnrealShaderWorkingDir/A6B1AE6C41B16B2DBD52D38511142699/'.
[2020.12.31-05.56.52:714][  0]LogXGEController: Cannot use XGE Controller as Incredibuild is not installed on this machine.
[2020.12.31-05.56.52:717][  0]LogShaderCompilers: Cannot use XGE Shader Compiler as Incredibuild is not installed on this machine.
[2020.12.31-05.56.52:719][  0]LogShaderCompilers: Display: Using Local Shader Compiler.
[2020.12.31-05.57.01:255][  0]LogDerivedDataCache: Display: Max Cache Size: 512 MB
[2020.12.31-05.57.01:831][  0]LogDerivedDataCache: Loaded boot cache 0.57s 74MB C:/Users/Angelica .DESKTOP-RM5JOAJ/AppData/Local/UnrealEngine/4.25/DerivedDataCache/Boot.ddc.
[2020.12.31-05.57.01:849][  0]LogDerivedDataCache: Display: Loaded Boot cache: C:/Users/Angelica .DESKTOP-RM5JOAJ/AppData/Local/UnrealEngine/4.25/DerivedDataCache/Boot.ddc
[2020.12.31-05.57.01:857][  0]LogDerivedDataCache: FDerivedDataBackendGraph:  Pak pak cache file ../../../../../../Users/Angelica .DESKTOP-RM5JOAJ/Documents/Learning Multiplayer/Puzzles/Puzzles/DerivedDataCache/DDC.ddp not found, will not use a pak cache.
[2020.12.31-05.57.01:860][  0]LogDerivedDataCache: Unable to find inner node Pak for hierarchical cache Hierarchy.
[2020.12.31-05.57.01:869][  0]LogDerivedDataCache: FDerivedDataBackendGraph:  CompressedPak pak cache file ../../../../../../Users/Angelica .DESKTOP-RM5JOAJ/Documents/Learning Multiplayer/Puzzles/Puzzles/DerivedDataCache/Compressed.ddp not found, will not use a pak cache.
[2020.12.31-05.57.01:885][  0]LogDerivedDataCache: Unable to find inner node CompressedPak for hierarchical cache Hierarchy.
[2020.12.31-05.57.01:966][  0]LogDerivedDataCache: Display: Pak cache opened for reading ../../../Engine/DerivedDataCache/Compressed.ddp.
[2020.12.31-05.57.01:997][  0]LogDerivedDataCache: FDerivedDataBackendGraph:  EnterprisePak pak cache file ../../../Enterprise/DerivedDataCache/Compressed.ddp not found, will not use a pak cache.
[2020.12.31-05.57.02:017][  0]LogDerivedDataCache: Unable to find inner node EnterprisePak for hierarchical cache Hierarchy.
[2020.12.31-05.57.02:078][  0]LogDerivedDataCache: Using Local data cache path C:/Users/Angelica .DESKTOP-RM5JOAJ/AppData/Local/UnrealEngine/Common/DerivedDataCache: Writable
[2020.12.31-05.57.02:123][  0]LogDerivedDataCache: Shared data cache path not found in *engine.ini, will not use an Shared cache.
[2020.12.31-05.57.02:194][  0]LogDerivedDataCache: Unable to find inner node Shared for hierarchical cache Hierarchy.
[2020.12.31-05.57.02:771][  0]LogSlate: Using FreeType 2.10.0
[2020.12.31-05.57.02:807][  0]LogSlate: SlateFontServices - WITH_FREETYPE: 1, WITH_HARFBUZZ: 1
[2020.12.31-05.57.04:254][  0]LogInit: Using OS detected language (en-US).
[2020.12.31-05.57.04:275][  0]LogInit: Using OS detected locale (en-US).
[2020.12.31-05.57.04:303][  0]LogTextLocalizationManager: No localization for 'en-US' exists, so 'en' will be used for the language.
[2020.12.31-05.57.04:316][  0]LogTextLocalizationManager: No localization for 'en-US' exists, so 'en' will be used for the locale.
[2020.12.31-05.57.04:319][  0]LogSlate: FontCache flush requested. Reason: Culture for localization was changed
[2020.12.31-05.57.04:320][  0]LogSlate: FontCache flush requested. Reason: Culture for localization was changed
[2020.12.31-05.57.04:328][  0]LogTextLocalizationManager: Compacting localization data took   0.01ms
[2020.12.31-05.57.04:356][  0]LogAssetRegistry: FAssetRegistry took 0.0198 seconds to start up
[2020.12.31-05.57.07:066][  0]LogPackageLocalizationCache: Processed 19 localized package path(s) for 1 prioritized culture(s) in 0.447511 seconds
[2020.12.31-05.57.07:736][  0]LogInit: Selected Device Profile: [Windows]
[2020.12.31-05.57.08:839][  0]LogMeshReduction: Using QuadricMeshReduction for automatic static mesh reduction
[2020.12.31-05.57.08:880][  0]LogMeshReduction: Using SimplygonMeshReduction for automatic skeletal mesh reduction
[2020.12.31-05.57.08:954][  0]LogMeshReduction: Using ProxyLODMeshReduction for automatic mesh merging
[2020.12.31-05.57.08:956][  0]LogMeshReduction: No distributed automatic mesh merging module available
[2020.12.31-05.57.09:016][  0]LogMeshMerging: No distributed automatic mesh merging module available
[2020.12.31-05.57.09:194][  0]LogNetVersion: Puzzles 1.0.0, NetCL: 13144385, EngineNetVer: 14, GameNetVer: 0 (Checksum: 1097821826)
[2020.12.31-05.57.12:008][  0]LogAISub: UAISubsystem::UAISubsystem AISubsystem (0000028BF9EDE640), frame # 0
[2020.12.31-05.57.12:017][  0]LogAISub: UAISubsystem::UAISubsystem AIPerceptionSystem (0000028BFAD86AC0), frame # 0
[2020.12.31-05.57.12:039][  0]LogAISub: UAISubsystem::UAISubsystem EnvQueryManager (0000028BFAD83C00), frame # 0
[2020.12.31-05.57.17:195][  0]LogCollectionManager: Loaded 0 collections in 0.023935 seconds
[2020.12.31-05.57.17:252][  0]LogFileCache: Scanning file cache for directory 'C:/Users/Angelica .DESKTOP-RM5JOAJ/Documents/Learning Multiplayer/Puzzles/Puzzles/Saved/Collections/' took 0.02s
[2020.12.31-05.57.17:256][  0]LogFileCache: Scanning file cache for directory 'C:/Users/Angelica .DESKTOP-RM5JOAJ/Documents/Learning Multiplayer/Puzzles/Puzzles/Content/Developers/Angelica/Collections/' took 0.01s
[2020.12.31-05.57.17:273][  0]LogCollectionManager: Fixed up redirectors for 0 collections in 0.000013 seconds (updated 0 objects)
[2020.12.31-05.57.17:840][  0]LogFileCache: Scanning file cache for directory 'C:/Users/Angelica .DESKTOP-RM5JOAJ/Documents/Learning Multiplayer/Puzzles/Puzzles/Content/Collections/' took 0.01s
[2020.12.31-05.57.17:894][  0]LogMoviePlayer: Initializing movie player
[2020.12.31-05.57.19:652][  0]LogTemp: Warning: Game Instance
[2020.12.31-05.57.19:807][  0]SourceControl: Source control is disabled
[2020.12.31-05.57.19:851][  0]SourceControl: Source control is disabled
[2020.12.31-05.57.19:924][  0]SourceControl: Source control is disabled
[2020.12.31-05.57.21:049][  0]LogAndroidPermission: UAndroidPermissionCallbackProxy::GetInstance
[2020.12.31-05.57.21:196][  0]LogAudioCaptureCore: Display: No Audio Capture implementations found. Audio input will be silent.
[2020.12.31-05.57.21:201][  0]LogAudioCaptureCore: Display: No Audio Capture implementations found. Audio input will be silent.
[2020.12.31-05.57.21:540][  0]LogOcInput: OculusInput pre-init called
[2020.12.31-05.57.21:662][  0]LogUObjectArray: 19087 objects as part of root set at end of initial load.
[2020.12.31-05.57.21:667][  0]LogUObjectAllocator: 5035552 out of 0 bytes used by permanent object pool.
[2020.12.31-05.57.21:673][  0]LogUObjectArray: CloseDisregardForGC: 0/0 objects in disregard for GC pool
[2020.12.31-05.57.21:937][  0]LogEngine: Initializing Engine...
[2020.12.31-05.57.21:949][  0]LogHMD: Failed to initialize OpenVR with code 110
[2020.12.31-05.57.21:958][  0]LogMagicLeap: Warning: VR disabled because ZI is not enabled.  To enable, in the editor, Edit -> Project Settings -> Plugins -> Magic Leap Plugin -> Enable Zero Iteration
[2020.12.31-05.57.21:984][  0]LogStats: UGameplayTagsManager::InitializeManager -  0.001 s
[2020.12.31-05.57.22:569][  0]LogInit: Initializing FReadOnlyCVARCache
[2020.12.31-05.57.22:595][  0]LogAudioMixer: Display: Audio Mixer Platform Settings:
[2020.12.31-05.57.22:611][  0]LogAudioMixer: Display: 	Sample Rate:						  48000
[2020.12.31-05.57.22:612][  0]LogAudioMixer: Display: 	Callback Buffer Frame Size Requested: 1024
[2020.12.31-05.57.22:614][  0]LogAudioMixer: Display: 	Callback Buffer Frame Size To Use:	  1024
[2020.12.31-05.57.22:614][  0]LogAudioMixer: Display: 	Number of buffers to queue:			  2
[2020.12.31-05.57.22:617][  0]LogAudioMixer: Display: 	Max Channels (voices):				  32
[2020.12.31-05.57.22:627][  0]LogAudioMixer: Display: 	Number of Async Source Workers:		  0
[2020.12.31-05.57.22:633][  0]LogAudio: Display: AudioDevice MaxSources: 32
[2020.12.31-05.57.22:639][  0]LogAudio: Display: Using built-in audio occlusion.
[2020.12.31-05.57.22:642][  0]LogAudioMixer: Display: Initializing audio mixer.
[2020.12.31-05.57.22:808][  0]LogAudioMixer: Display: 0: FrontLeft
[2020.12.31-05.57.22:816][  0]LogAudioMixer: Display: 1: FrontRight
[2020.12.31-05.57.23:156][  0]LogAudioMixer: Display: Using Audio Device Speaker/Headphone (Realtek High Definition Audio(SST))
[2020.12.31-05.57.23:173][  0]LogAudioMixer: Display: Initializing Sound Submixes...
[2020.12.31-05.57.23:186][  0]LogAudioMixer: Display: Creating Master Submix 'MasterSubmixDefault'
[2020.12.31-05.57.23:199][  0]LogAudioMixer: Display: Creating Master Submix 'MasterReverbSubmixDefault'
[2020.12.31-05.57.23:206][  0]LogAudioMixer: Display: Creating Master Submix 'MasterEQSubmixDefault'
[2020.12.31-05.57.23:214][  0]LogInit: FAudioDevice initialized.
[2020.12.31-05.57.23:714][  0]LogNetVersion: Set ProjectVersion to 1.0.0.0. Version Checksum will be recalculated on next use.
[2020.12.31-05.57.23:836][  0]LogDerivedDataCache: Saved boot cache 0.12s 74MB C:/Users/Angelica .DESKTOP-RM5JOAJ/AppData/Local/UnrealEngine/4.25/DerivedDataCache/Boot.ddc.
[2020.12.31-05.57.23:873][  0]LogInit: Texture streaming: Enabled
[2020.12.31-05.57.24:258][  0]LogTemp: Warning: Game Instance
[2020.12.31-05.57.24:353][  0]LogTemp: Warning: Game Init
[2020.12.31-05.57.24:553][  0]LogSlate: Updating window title bar state: overlay mode, drag disabled, window buttons hidden, title bar hidden
[2020.12.31-05.57.24:635][  0]LogInit: Display: Game Engine Initialized.
[2020.12.31-05.57.24:664][  0]LogNiagaraEditor: Warning: GEditor isn't valid! Particle reset commands will not work for Niagara components!
[2020.12.31-05.57.24:913][  0]LogInit: Display: Starting Game.
[2020.12.31-05.57.24:983][  0]LogNet: Browse: 192.168.1.5/Game/Maps/lobby?Name=Player
[2020.12.31-05.57.24:995][  0]LogInit: WinSock: Socket queue. Rx: 32768 (config 32768) Tx: 32768 (config 32768)
[2020.12.31-05.57.24:997][  0]LogNet: Created socket for bind address: 0.0.0.0 on port 0
[2020.12.31-05.57.25:005][  0]PacketHandlerLog: Loaded PacketHandler component: Engine.EngineHandlerComponentFactory (StatelessConnectHandlerComponent)
[2020.12.31-05.57.25:007][  0]LogNet: Game client on port 7777, rate 10000
[2020.12.31-05.57.25:391][  0]LogLoad: (Engine Initialization) Total time: 79.99 seconds
[2020.12.31-05.57.25:405][  0]LogLoad: (Engine Initialization) Total Blueprint compile time: 0.00 seconds
[2020.12.31-05.57.25:463][  0]LogContentStreaming: Texture pool size now 1000 MB
[2020.12.31-05.57.25:532][  0]LogSlate: InvalidateAllWidgets triggered.  All widgets were invalidated
[2020.12.31-05.57.26:525][ 15]LogHandshake: SendChallengeResponse. Timestamp: 119.054737, Cookie: 183129140016232094117075110005142135226016061160205192212156
[2020.12.31-05.57.27:052][117]LogNetVersion: Puzzles 1.0.0.0, NetCL: 13144385, EngineNetVer: 14, GameNetVer: 0 (Checksum: 1199745802)
[2020.12.31-05.57.27:131][117]LogNet: UPendingNetGame::SendInitialJoin: Sending hello. [UNetConnection] RemoteAddr: 192.168.1.5:7777, Name: IpConnection_0, Driver: PendingNetDriver IpNetDriver_0, IsServer: NO, PC: NULL, Owner: NULL, UniqueId: INVALID
[2020.12.31-05.57.27:406][164]LogNet: Welcomed by server (Level: /Game/Maps/Main, Game: /Game/Blueprints/BP_PuzzlesGameMode.BP_PuzzlesGameMode_C)
[2020.12.31-05.57.27:461][164]LogLoad: LoadMap: 192.168.1.5/Game/Maps/Main?Name=Player?game=/Game/Blueprints/BP_PuzzlesGameMode.BP_PuzzlesGameMode_C
[2020.12.31-05.57.27:495][164]LogWorld: BeginTearingDown for /Temp/Untitled_0
[2020.12.31-05.57.27:496][164]LogWorld: UWorld::CleanupWorld for Untitled, bSessionEnded=true, bCleanupResources=true
[2020.12.31-05.57.27:499][164]LogSlate: InvalidateAllWidgets triggered.  All widgets were invalidated
[2020.12.31-05.57.27:537][164]LogUObjectHash: Compacting FUObjectHashTables data took   3.11ms
[2020.12.31-05.57.28:622][164]LogWorld: Bringing World /Game/Maps/Main.Main up for play (max tick rate 0) at 2020.12.31-00.57.28
[2020.12.31-05.57.28:676][164]LogWorld: Bringing up level for play took: 0.262821
[2020.12.31-05.57.28:769][164]LogSlate: Took 0.000538 seconds to synchronously load lazily loaded font '../../../Engine/Content/Slate/Fonts/Roboto-Regular.ttf' (155K)
[2020.12.31-05.57.28:820][164]LogLoad: Took 1.359749 seconds to LoadMap(/Game/Maps/Main)
[2020.12.31-05.57.28:880][164]LogNavigation: Warning: NavData RegistrationFailed_DataPendingKill.
[2020.12.31-05.57.29:165][165]LogAudio: Display: Waited 40.231701 ms for audio thread.
[2020.12.31-05.57.29:322][165]LogAudio: Display: Waited 197.959900 ms for audio thread.
[2020.12.31-05.57.30:655][166]LogRenderer: Reallocating scene render targets to support 1536x864 Format 10 NumSamples 1 (Frame:1).
[2020.12.31-05.57.34:283][168]LogAudioMixer: Display: Audio Buffer Underrun detected.
[2020.12.31-05.57.34:551][169]LogAudio: Display: Waited 37.261402 ms for audio thread.
[2020.12.31-05.57.34:650][169]LogAudio: Display: Waited 136.235809 ms for audio thread.
[2020.12.31-05.57.34:772][170]LogAudio: Display: Waited 38.641502 ms for audio thread.
[2020.12.31-05.57.34:840][170]LogAudio: Display: Waited 107.402100 ms for audio thread.
[2020.12.31-05.57.34:974][171]LogAudio: Display: Waited 36.734802 ms for audio thread.
[2020.12.31-05.57.35:032][171]LogAudio: Display: Waited 94.717400 ms for audio thread.
[2020.12.31-05.57.36:109][178]LogOnlineSession: Warning: OSS: No game present to join for session (GameSession)
[2020.12.31-05.57.37:518][184]LogOnlineSession: Warning: OSS: No game present to join for session (GameSession)
[2020.12.31-05.57.46:793][216]LogAudioMixer: Display: Audio Buffer Underrun detected.
[2020.12.31-05.58.36:479][533]LogAudio: Display: Waited 36.282902 ms for audio thread.
[2020.12.31-05.58.36:498][533]LogAudio: Display: Waited 54.823498 ms for audio thread.
[2020.12.31-05.58.36:818][534]LogAudio: Display: Waited 37.332100 ms for audio thread.
[2020.12.31-05.58.36:917][534]LogAudio: Display: Waited 136.697800 ms for audio thread.
[2020.12.31-05.58.37:033][535]LogAudio: Display: Waited 37.542400 ms for audio thread.
[2020.12.31-05.58.37:138][535]LogAudio: Display: Waited 143.246201 ms for audio thread.
[2020.12.31-05.58.48:765][565]LogOnlineSession: Warning: OSS: No game present to leave for session (GameSession)
[2020.12.31-05.58.48:856][565]LogNet: Error: UEngine::BroadcastNetworkFailure: FailureType = FailureReceived, ErrorString = Host closed the connection., Driver = GameNetDriver IpNetDriver_0
[2020.12.31-05.58.48:861][565]LogNet: Warning: Network Failure: GameNetDriver[FailureReceived]: Host closed the connection.
[2020.12.31-05.58.48:866][565]LogNet: NetworkFailure: FailureReceived, Error: 'Host closed the connection.'
[2020.12.31-05.58.48:873][565]LogNet: UNetConnection::Close: [UNetConnection] RemoteAddr: 192.168.1.5:7777, Name: IpConnection_0, Driver: GameNetDriver IpNetDriver_0, IsServer: NO, PC: PlayerController_1, Owner: PlayerController_1, UniqueId: NULL:Sketch-PC-51D9ED7F4740B5AC527363AC28A16921, Channels: 13, Time: 2020.12.31-05.58.48
[2020.12.31-05.58.48:875][565]LogNet: UChannel::Close: Sending CloseBunch. ChIndex == 0. Name: [UChannel] ChIndex: 0, Closing: 0 [UNetConnection] RemoteAddr: 192.168.1.5:7777, Name: IpConnection_0, Driver: GameNetDriver IpNetDriver_0, IsServer: NO, PC: PlayerController_1, Owner: PlayerController_1, UniqueId: NULL:Sketch-PC-51D9ED7F4740B5AC527363AC28A16921
[2020.12.31-05.58.48:880][565]LogNet: Error: UEngine::BroadcastNetworkFailure: FailureType = ConnectionLost, ErrorString = Your connection to the host has been lost., Driver = GameNetDriver IpNetDriver_0
[2020.12.31-05.58.49:074][566]LogNet: Error: UEngine::BroadcastNetworkFailure: FailureType = ConnectionLost, ErrorString = Your connection to the host has been lost., Driver = GameNetDriver IpNetDriver_0
[2020.12.31-05.58.49:401][567]LogNet: Error: UEngine::BroadcastNetworkFailure: FailureType = ConnectionLost, ErrorString = Your connection to the host has been lost., Driver = GameNetDriver IpNetDriver_0
[2020.12.31-05.58.49:623][568]LogNet: Error: UEngine::BroadcastNetworkFailure: FailureType = ConnectionLost, ErrorString = Your connection to the host has been lost., Driver = GameNetDriver IpNetDriver_0
[2020.12.31-05.58.49:891][569]LogNet: Error: UEngine::BroadcastNetworkFailure: FailureType = ConnectionLost, ErrorString = Your connection to the host has been lost., Driver = GameNetDriver IpNetDriver_0
[2020.12.31-05.58.50:007][569]LogNet: Warning: Network Failure: GameNetDriver[ConnectionLost]: Your connection to the host has been lost.
[2020.12.31-05.58.50:012][569]LogNet: NetworkFailure: ConnectionLost, Error: 'Your connection to the host has been lost.'
[2020.12.31-05.58.50:296][570]LogNet: Error: UEngine::BroadcastNetworkFailure: FailureType = ConnectionLost, ErrorString = Your connection to the host has been lost., Driver = GameNetDriver IpNetDriver_0
[2020.12.31-05.58.50:560][571]LogNet: Error: UEngine::BroadcastNetworkFailure: FailureType = ConnectionLost, ErrorString = Your connection to the host has been lost., Driver = GameNetDriver IpNetDriver_0
[2020.12.31-05.58.50:764][572]LogNet: Error: UEngine::BroadcastNetworkFailure: FailureType = ConnectionLost, ErrorString = Your connection to the host has been lost., Driver = GameNetDriver IpNetDriver_0
[2020.12.31-05.58.51:031][573]LogNet: Error: UEngine::BroadcastNetworkFailure: FailureType = ConnectionLost, ErrorString = Your connection to the host has been lost., Driver = GameNetDriver IpNetDriver_0
[2020.12.31-05.58.51:132][573]LogNet: Warning: Network Failure: GameNetDriver[ConnectionLost]: Your connection to the host has been lost.
[2020.12.31-05.58.51:135][573]LogNet: NetworkFailure: ConnectionLost, Error: 'Your connection to the host has been lost.'
[2020.12.31-05.58.51:337][574]LogNet: Error: UEngine::BroadcastNetworkFailure: FailureType = ConnectionLost, ErrorString = Your connection to the host has been lost., Driver = GameNetDriver IpNetDriver_0
[2020.12.31-05.58.51:637][575]LogNet: Error: UEngine::BroadcastNetworkFailure: FailureType = ConnectionLost, ErrorString = Your connection to the host has been lost., Driver = GameNetDriver IpNetDriver_0
[2020.12.31-05.58.52:048][576]LogNet: Error: UEngine::BroadcastNetworkFailure: FailureType = ConnectionLost, ErrorString = Your connection to the host has been lost., Driver = GameNetDriver IpNetDriver_0
[2020.12.31-05.58.52:136][576]LogNet: Warning: Network Failure: GameNetDriver[ConnectionLost]: Your connection to the host has been lost.
[2020.12.31-05.58.52:150][576]LogNet: NetworkFailure: ConnectionLost, Error: 'Your connection to the host has been lost.'
[2020.12.31-05.58.52:293][577]LogNet: Error: UEngine::BroadcastNetworkFailure: FailureType = ConnectionLost, ErrorString = Your connection to the host has been lost., Driver = GameNetDriver IpNetDriver_0
[2020.12.31-05.58.52:495][578]LogNet: Error: UEngine::BroadcastNetworkFailure: FailureType = ConnectionLost, ErrorString = Your connection to the host has been lost., Driver = GameNetDriver IpNetDriver_0
[2020.12.31-05.58.52:705][579]LogNet: Error: UEngine::BroadcastNetworkFailure: FailureType = ConnectionLost, ErrorString = Your connection to the host has been lost., Driver = GameNetDriver IpNetDriver_0
[2020.12.31-05.58.53:034][580]LogNet: Error: UEngine::BroadcastNetworkFailure: FailureType = ConnectionLost, ErrorString = Your connection to the host has been lost., Driver = GameNetDriver IpNetDriver_0
[2020.12.31-05.58.53:327][581]LogNet: Error: UEngine::BroadcastNetworkFailure: FailureType = ConnectionLost, ErrorString = Your connection to the host has been lost., Driver = GameNetDriver IpNetDriver_0
[2020.12.31-05.58.53:380][581]LogNet: Warning: Network Failure: GameNetDriver[ConnectionLost]: Your connection to the host has been lost.
[2020.12.31-05.58.53:392][581]LogNet: NetworkFailure: ConnectionLost, Error: 'Your connection to the host has been lost.'
[2020.12.31-05.58.53:536][582]LogNet: Error: UEngine::BroadcastNetworkFailure: FailureType = ConnectionLost, ErrorString = Your connection to the host has been lost., Driver = GameNetDriver IpNetDriver_0
[2020.12.31-05.58.53:901][583]LogNet: Error: UEngine::BroadcastNetworkFailure: FailureType = ConnectionLost, ErrorString = Your connection to the host has been lost., Driver = GameNetDriver IpNetDriver_0
[2020.12.31-05.58.54:173][584]LogNet: Error: UEngine::BroadcastNetworkFailure: FailureType = ConnectionLost, ErrorString = Your connection to the host has been lost., Driver = GameNetDriver IpNetDriver_0
[2020.12.31-05.58.54:463][585]LogNet: Error: UEngine::BroadcastNetworkFailure: FailureType = ConnectionLost, ErrorString = Your connection to the host has been lost., Driver = GameNetDriver IpNetDriver_0
[2020.12.31-05.58.54:505][585]LogNet: Warning: Network Failure: GameNetDriver[ConnectionLost]: Your connection to the host has been lost.
[2020.12.31-05.58.54:510][585]LogNet: NetworkFailure: ConnectionLost, Error: 'Your connection to the host has been lost.'
[2020.12.31-05.58.54:737][586]LogNet: Error: UEngine::BroadcastNetworkFailure: FailureType = ConnectionLost, ErrorString = Your connection to the host has been lost., Driver = GameNetDriver IpNetDriver_0
[2020.12.31-05.58.55:050][587]LogNet: Error: UEngine::BroadcastNetworkFailure: FailureType = ConnectionLost, ErrorString = Your connection to the host has been lost., Driver = GameNetDriver IpNetDriver_0
[2020.12.31-05.58.55:344][588]LogNet: Error: UEngine::BroadcastNetworkFailure: FailureType = ConnectionLost, ErrorString = Your connection to the host has been lost., Driver = GameNetDriver IpNetDriver_0
[2020.12.31-05.58.55:597][589]LogNet: Error: UEngine::BroadcastNetworkFailure: FailureType = ConnectionLost, ErrorString = Your connection to the host has been lost., Driver = GameNetDriver IpNetDriver_0
[2020.12.31-05.58.55:627][589]LogNet: Warning: Network Failure: GameNetDriver[ConnectionLost]: Your connection to the host has been lost.
[2020.12.31-05.58.55:631][589]LogNet: NetworkFailure: ConnectionLost, Error: 'Your connection to the host has been lost.'
[2020.12.31-05.58.56:445][589]LogSlate: Window 'Puzzles (64-bit Development PCD3D_SM5) ' being destroyed
[2020.12.31-05.58.56:483][589]LogWindowsTextInputMethodSystem: Display: IME system now deactivated.
[2020.12.31-05.58.56:538][590]LogSlate: Updating window title bar state: overlay mode, drag disabled, window buttons hidden, title bar hidden
[2020.12.31-05.58.56:582][590]LogEngine: All Windows Closed
[2020.12.31-05.58.56:616][590]LogWindows: FPlatformMisc::RequestExit(0)
[2020.12.31-05.58.56:774][590]LogCore: Engine exit requested (reason: Win RequestExit)
[2020.12.31-05.58.56:864][591]LogCore: Engine exit requested (reason: EngineExit() was called; note: exit was already requested)
[2020.12.31-05.58.56:903][591]LogAudio: Display: Shutting down audio device while 2 references to it are still alive. For more information, compile with INSTRUMENT_AUDIODEVICE_HANDLES.
[2020.12.31-05.58.57:031][591]LogInit: Display: PreExit Game.
[2020.12.31-05.58.57:546][591]LogWorld: BeginTearingDown for /Game/Maps/Main
[2020.12.31-05.58.57:576][591]LogNet: World NetDriver shutdown IpNetDriver_0 [GameNetDriver]
[2020.12.31-05.58.57:585][591]LogNet: DestroyNamedNetDriver IpNetDriver_0 [GameNetDriver]
[2020.12.31-05.58.57:591][591]LogExit: GameNetDriver IpNetDriver_0 shut down
[2020.12.31-05.58.57:603][591]LogWorld: UWorld::CleanupWorld for Main, bSessionEnded=true, bCleanupResources=true
[2020.12.31-05.58.57:645][591]LogSlate: InvalidateAllWidgets triggered.  All widgets were invalidated
[2020.12.31-05.58.58:203][591]LogExit: Preparing to exit.
[2020.12.31-05.58.58:206][591]LogMoviePlayer: Shutting down movie player
[2020.12.31-05.58.58:312][591]LogSlate: Updating window title bar state: overlay mode, drag disabled, window buttons hidden, title bar hidden
[2020.12.31-05.58.58:377][591]LogDemo: Cleaned up 0 splitscreen connections with owner deletion
[2020.12.31-05.58.58:410][591]LogExit: Game engine shut down
[2020.12.31-05.58.58:523][591]LogAISub: UAISubsystem::~UAISubsystem AISubsystem (0000028BF9EDE640), frame # 591
[2020.12.31-05.58.58:563][591]LogAISub: UAISubsystem::~UAISubsystem AIPerceptionSystem (0000028BFAD86AC0), frame # 591
[2020.12.31-05.58.58:572][591]LogAISub: UAISubsystem::~UAISubsystem EnvQueryManager (0000028BFAD83C00), frame # 591
[2020.12.31-05.58.58:711][591]LogExit: Object subsystem successfully closed.
[2020.12.31-05.58.58:821][591]LogShaderCompilers: Display: Shaders left to compile 0
[2020.12.31-05.58.59:031][591]LogModuleManager: Shutting down and abandoning module GameplayDebugger (500)
[2020.12.31-05.58.59:064][591]LogModuleManager: Shutting down and abandoning module Voice (498)
[2020.12.31-05.58.59:070][591]LogModuleManager: Shutting down and abandoning module SequenceRecorderSections (494)
[2020.12.31-05.58.59:082][591]LogModuleManager: Shutting down and abandoning module SequenceRecorder (492)
[2020.12.31-05.58.59:083][591]LogModuleManager: Shutting down and abandoning module AutomationController (490)
[2020.12.31-05.58.59:085][591]LogModuleManager: Shutting down and abandoning module AutomationWorker (488)
[2020.12.31-05.58.59:086][591]LogModuleManager: Shutting down and abandoning module OculusMR (486)
[2020.12.31-05.58.59:095][591]LogModuleManager: Shutting down and abandoning module WmfMediaFactory (484)
[2020.12.31-05.58.59:096][591]LogModuleManager: Shutting down and abandoning module WebMMediaFactory (482)
[2020.12.31-05.58.59:100][591]LogModuleManager: Shutting down and abandoning module WebMMedia (480)
[2020.12.31-05.58.59:101][591]LogModuleManager: Shutting down and abandoning module OpenExrWrapper (478)
[2020.12.31-05.58.59:102][591]LogModuleManager: Shutting down and abandoning module ImgMediaFactory (476)
[2020.12.31-05.58.59:108][591]LogModuleManager: Shutting down and abandoning module AvfMediaFactory (474)
[2020.12.31-05.58.59:110][591]LogModuleManager: Shutting down and abandoning module MagicLeapMediaCodecFactory (472)
[2020.12.31-05.58.59:111][591]LogModuleManager: Shutting down and abandoning module MagicLeapMediaFactory (470)
[2020.12.31-05.58.59:113][591]LogModuleManager: Shutting down and abandoning module PlanarCut (468)
[2020.12.31-05.58.59:114][591]LogModuleManager: Shutting down and abandoning module CharacterAI (466)
[2020.12.31-05.58.59:119][591]LogModuleManager: Shutting down and abandoning module SessionServices (464)
[2020.12.31-05.58.59:120][591]LogModuleManager: Shutting down and abandoning module MovieSceneCapture (462)
[2020.12.31-05.58.59:121][591]LogModuleManager: Shutting down and abandoning module LiveCoding (460)
[2020.12.31-05.58.59:123][591]LogModuleManager: Shutting down and abandoning module LevelSequence (458)
[2020.12.31-05.58.59:124][591]LogModuleManager: Shutting down and abandoning module MovieSceneTracks (456)
[2020.12.31-05.58.59:139][591]LogModuleManager: Shutting down and abandoning module MovieScene (454)
[2020.12.31-05.58.59:140][591]LogModuleManager: Shutting down and abandoning module StreamingPauseRendering (452)
[2020.12.31-05.58.59:141][591]LogModuleManager: Shutting down and abandoning module PortalServices (450)
[2020.12.31-05.58.59:143][591]LogModuleManager: Shutting down and abandoning module PortalRpc (448)
[2020.12.31-05.58.59:145][591]LogModuleManager: Shutting down and abandoning module MessagingRpc (446)
[2020.12.31-05.58.59:147][591]LogModuleManager: Shutting down and abandoning module AudioMixerXAudio2 (444)
[2020.12.31-05.58.59:152][591]LogModuleManager: Shutting down and abandoning module AudioMixerCore (443)
[2020.12.31-05.58.59:156][591]LogModuleManager: Shutting down and abandoning module ProfilerService (440)
[2020.12.31-05.58.59:400][591]LogModuleManager: Shutting down and abandoning module TaskGraph (438)
[2020.12.31-05.58.59:407][591]LogModuleManager: Shutting down and abandoning module Synthesis (436)
[2020.12.31-05.58.59:424][591]LogModuleManager: Shutting down and abandoning module ProceduralMeshComponent (434)
[2020.12.31-05.58.59:427][591]LogModuleManager: Shutting down and abandoning module OculusInput (432)
[2020.12.31-05.58.59:429][591]LogModuleManager: Shutting down and abandoning module MobilePatchingUtils (430)
[2020.12.31-05.58.59:432][591]LogModuleManager: Shutting down and abandoning module GooglePAD (428)
[2020.12.31-05.58.59:437][591]LogModuleManager: Shutting down and abandoning module EditableMesh (426)
[2020.12.31-05.58.59:438][591]LogModuleManager: Shutting down and abandoning module CustomMeshComponent (424)
[2020.12.31-05.58.59:440][591]LogModuleManager: Shutting down and abandoning module CableComponent (422)
[2020.12.31-05.58.59:441][591]LogModuleManager: Shutting down and abandoning module AudioCapture (420)
[2020.12.31-05.58.59:442][591]LogModuleManager: Shutting down and abandoning module AudioCaptureRtAudio (419)
[2020.12.31-05.58.59:443][591]LogModuleManager: Shutting down and abandoning module AssetTags (416)
[2020.12.31-05.58.59:445][591]LogModuleManager: Shutting down and abandoning module ArchVisCharacter (414)
[2020.12.31-05.58.59:451][591]LogModuleManager: Shutting down and abandoning module AppleImageUtilsBlueprintSupport (412)
[2020.12.31-05.58.59:453][591]LogModuleManager: Shutting down and abandoning module AppleImageUtils (410)
[2020.12.31-05.58.59:455][591]LogModuleManager: Shutting down and abandoning module AndroidPermission (408)
[2020.12.31-05.58.59:457][591]LogModuleManager: Shutting down and abandoning module NUTUnrealEngine4 (406)
[2020.12.31-05.58.59:458][591]LogModuleManager: Shutting down and abandoning module NetcodeUnitTest (404)
[2020.12.31-05.58.59:460][591]LogModuleManager: Shutting down and abandoning module TemplateSequence (402)
[2020.12.31-05.58.59:464][591]LogModuleManager: Shutting down and abandoning module MovieRenderPipelineRenderPasses (400)
[2020.12.31-05.58.59:465][591]LogModuleManager: Shutting down and abandoning module MovieRenderPipelineSettings (398)
[2020.12.31-05.58.59:466][591]LogModuleManager: Shutting down and abandoning module MovieRenderPipelineCore (396)
[2020.12.31-05.58.59:468][591]LogModuleManager: Shutting down and abandoning module ImageWriteQueue (395)
[2020.12.31-05.58.59:476][591]LogModuleManager: Shutting down and abandoning module MediaCompositing (392)
[2020.12.31-05.58.59:480][591]LogModuleManager: Shutting down and abandoning module ImgMedia (390)
[2020.12.31-05.58.59:481][591]LogModuleManager: Shutting down and abandoning module MagicLeapSharedWorld (388)
[2020.12.31-05.58.59:483][591]LogModuleManager: Shutting down and abandoning module MagicLeapLightEstimation (386)
[2020.12.31-05.58.59:484][591]LogModuleManager: Shutting down and abandoning module MagicLeapHelperVulkan (384)
[2020.12.31-05.58.59:489][591]LogModuleManager: Shutting down and abandoning module MagicLeapHelperOpenGL (382)
[2020.12.31-05.58.59:497][591]LogModuleManager: Shutting down and abandoning module MagicLeapAudio (380)
[2020.12.31-05.58.59:498][591]LogModuleManager: Shutting down and abandoning module MeshSolverUtilities (378)
[2020.12.31-05.58.59:502][591]LogModuleManager: Shutting down and abandoning module MeshConversion (376)
[2020.12.31-05.58.59:503][591]LogModuleManager: Shutting down and abandoning module DynamicMesh (374)
[2020.12.31-05.58.59:504][591]LogModuleManager: Shutting down and abandoning module GeometryAlgorithms (372)
[2020.12.31-05.58.59:507][591]LogModuleManager: Shutting down and abandoning module GeometricObjects (370)
[2020.12.31-05.58.59:508][591]LogModuleManager: Shutting down and abandoning module GeometryCollectionTracks (368)
[2020.12.31-05.58.59:519][591]LogModuleManager: Shutting down and abandoning module GeometryCollectionSequencer (367)
[2020.12.31-05.58.59:520][591]LogModuleManager: Shutting down and abandoning module GeometryCacheTracks (364)
[2020.12.31-05.58.59:522][591]LogModuleManager: Shutting down and abandoning module GeometryCacheSequencer (363)
[2020.12.31-05.58.59:523][591]LogModuleManager: Shutting down and abandoning module GeometryCache (360)
[2020.12.31-05.58.59:525][591]LogModuleManager: Shutting down and abandoning module GeometryCacheEd (359)
[2020.12.31-05.58.59:526][591]LogModuleManager: Shutting down and abandoning module ChaosNiagara (356)
[2020.12.31-05.58.59:527][591]LogModuleManager: Shutting down and abandoning module ChaosCloth (354)
[2020.12.31-05.58.59:568][591]LogModuleManager: Shutting down and abandoning module BackChannel (352)
[2020.12.31-05.58.59:570][591]LogModuleManager: Shutting down and abandoning module AutomationUtils (350)
[2020.12.31-05.58.59:571][591]LogModuleManager: Shutting down and abandoning module VisualStudioSourceCodeAccess (348)
[2020.12.31-05.58.59:573][591]LogModuleManager: Shutting down and abandoning module HotReload (347)
[2020.12.31-05.58.59:576][591]LogModuleManager: Shutting down and abandoning module VisualStudioCodeSourceCodeAccess (344)
[2020.12.31-05.58.59:585][591]LogModuleManager: Shutting down and abandoning module UObjectPlugin (342)
[2020.12.31-05.58.59:586][591]LogModuleManager: Shutting down and abandoning module SubversionSourceControl (340)
[2020.12.31-05.58.59:587][591]LogModuleManager: Shutting down and abandoning module RiderSourceCodeAccess (338)
[2020.12.31-05.58.59:589][591]LogModuleManager: Shutting down and abandoning module PerforceSourceControl (336)
[2020.12.31-05.58.59:591][591]LogModuleManager: Shutting down and abandoning module SourceControl (335)
[2020.12.31-05.58.59:593][591]LogModuleManager: Shutting down and abandoning module CLionSourceCodeAccess (332)
[2020.12.31-05.58.59:594][591]LogModuleManager: Shutting down and abandoning module ActorLayerUtilities (330)
[2020.12.31-05.58.59:595][591]LogModuleManager: Shutting down and abandoning module Puzzles (328)
[2020.12.31-05.58.59:596][591]LogModuleManager: Shutting down and abandoning module SoundFields (326)
[2020.12.31-05.58.59:600][591]LogModuleManager: Shutting down and abandoning module SignificanceManager (324)
[2020.12.31-05.58.59:600][591]LogModuleManager: Shutting down and abandoning module RuntimePhysXCooking (322)
[2020.12.31-05.58.59:602][591]LogModuleManager: Shutting down and abandoning module PhysXVehiclesEditor (320)
[2020.12.31-05.58.59:604][591]LogModuleManager: Shutting down and abandoning module LocationServicesBPLibrary (316)
[2020.12.31-05.58.59:605][591]LogModuleManager: Shutting down and abandoning module ActorSequence (314)
[2020.12.31-05.58.59:606][591]LogModuleManager: Shutting down and abandoning module UdpMessaging (312)
[2020.12.31-05.58.59:618][591]LogModuleManager: Shutting down and abandoning module TcpMessaging (310)
[2020.12.31-05.58.59:620][591]LogModuleManager: Shutting down and abandoning module MagicLeapARPin (308)
[2020.12.31-05.58.59:621][591]LogModuleManager: Shutting down and abandoning module MagicLeapHandMeshing (306)
[2020.12.31-05.58.59:624][591]LogModuleManager: Shutting down and abandoning module MagicLeapSecureStorage (304)
[2020.12.31-05.58.59:625][591]LogModuleManager: Shutting down and abandoning module MagicLeapPrivileges (302)
[2020.12.31-05.58.59:638][591]LogModuleManager: Shutting down and abandoning module MagicLeapPlanes (300)
[2020.12.31-05.58.59:640][591]LogMagicLeapPlanes: Planes tracker already destroyed.
[2020.12.31-05.58.59:640][591]LogModuleManager: Shutting down and abandoning module MagicLeapImageTracker (298)
[2020.12.31-05.58.59:642][591]LogModuleManager: Shutting down and abandoning module MagicLeapIdentity (296)
[2020.12.31-05.58.59:643][591]LogModuleManager: Shutting down and abandoning module MagicLeapHandTracking (294)
[2020.12.31-05.58.59:645][591]LogModuleManager: Shutting down and abandoning module MagicLeapEyeTracker (292)
[2020.12.31-05.58.59:654][591]LogModuleManager: Shutting down and abandoning module MagicLeapController (290)
[2020.12.31-05.58.59:655][591]LogSlate: Slate User Destroyed.  User Index 0, Is Virtual User: 0
[2020.12.31-05.58.59:656][591]LogModuleManager: Shutting down and abandoning module MagicLeapARPinImpl (288)
[2020.12.31-05.58.59:659][591]LogModuleManager: Shutting down and abandoning module MagicLeapAR (286)
[2020.12.31-05.58.59:660][591]LogModuleManager: Shutting down and abandoning module AugmentedReality (285)
[2020.12.31-05.58.59:661][591]LogModuleManager: Shutting down and abandoning module NiagaraAnimNotifies (282)
[2020.12.31-05.58.59:662][591]LogModuleManager: Shutting down and abandoning module Niagara (280)
[2020.12.31-05.58.59:673][591]LogModuleManager: Shutting down and abandoning module SignalProcessing (279)
[2020.12.31-05.58.59:675][591]LogModuleManager: Shutting down and abandoning module NiagaraEditor (277)
[2020.12.31-05.58.59:677][591]LogModuleManager: Shutting down and abandoning module NiagaraCore (274)
[2020.12.31-05.58.59:677][591]LogModuleManager: Shutting down and abandoning module GameplayTagsEditor (272)
[2020.12.31-05.58.59:681][591]LogModuleManager: Shutting down and abandoning module FacialAnimation (270)
[2020.12.31-05.58.59:686][591]LogModuleManager: Shutting down and abandoning module AssetManagerEditor (268)
[2020.12.31-05.58.59:688][591]LogModuleManager: Shutting down and abandoning module TreeMap (267)
[2020.12.31-05.58.59:691][591]LogModuleManager: Shutting down and abandoning module AnimationSharing (264)
[2020.12.31-05.58.59:692][591]LogModuleManager: Shutting down and abandoning module LightPropagationVolumeRuntime (262)
[2020.12.31-05.58.59:694][591]LogModuleManager: Shutting down and abandoning module Paper2D (260)
[2020.12.31-05.58.59:695][591]LogModuleManager: Shutting down and abandoning module WindowsMoviePlayer (258)
[2020.12.31-05.58.59:702][591]LogModuleManager: Shutting down and abandoning module WebMMoviePlayer (256)
[2020.12.31-05.58.59:703][591]LogModuleManager: Shutting down and abandoning module NetworkReplayStreaming (254)
[2020.12.31-05.58.59:704][591]LogModuleManager: Shutting down and abandoning module PacketHandler (252)
[2020.12.31-05.58.59:705][591]LogModuleManager: Shutting down and abandoning module ClothingSystemEditor (250)
[2020.12.31-05.58.59:706][591]LogModuleManager: Shutting down and abandoning module ClothingSystemRuntimeNv (248)
[2020.12.31-05.58.59:707][591]LogModuleManager: Shutting down and abandoning module MediaAssets (246)
[2020.12.31-05.58.59:717][591]LogModuleManager: Shutting down and abandoning module Overlay (244)
[2020.12.31-05.58.59:719][591]LogModuleManager: Shutting down and abandoning module OverlayEditor (243)
[2020.12.31-05.58.59:721][591]LogModuleManager: Shutting down and abandoning module VREditor (240)
[2020.12.31-05.58.59:721][591]LogModuleManager: Shutting down and abandoning module StringTableEditor (238)
[2020.12.31-05.58.59:723][591]LogModuleManager: Shutting down and abandoning module GameplayTasksEditor (236)
[2020.12.31-05.58.59:723][591]LogModuleManager: Shutting down and abandoning module BehaviorTreeEditor (234)
[2020.12.31-05.58.59:726][591]LogModuleManager: Shutting down and abandoning module FunctionalTesting (232)
[2020.12.31-05.58.59:754][591]LogModuleManager: Shutting down and abandoning module CollisionAnalyzer (230)
[2020.12.31-05.58.59:757][591]LogModuleManager: Shutting down and abandoning module UMG (228)
[2020.12.31-05.58.59:764][591]LogModuleManager: Shutting down and abandoning module UMGEditor (227)
[2020.12.31-05.58.59:765][591]LogModuleManager: Shutting down and abandoning module Sequencer (226)
[2020.12.31-05.58.59:767][591]LogModuleManager: Shutting down and abandoning module MessageLog (223)
[2020.12.31-05.58.59:768][591]LogModuleManager: Shutting down and abandoning module MaterialEditor (221)
[2020.12.31-05.58.59:771][591]LogModuleManager: Shutting down and abandoning module ContentBrowser (220)
[2020.12.31-05.58.59:774][591]LogModuleManager: Shutting down and abandoning module WorkspaceMenuStructure (219)
[2020.12.31-05.58.59:775][591]LogModuleManager: Shutting down and abandoning module CollectionManager (217)
[2020.12.31-05.58.59:777][591]LogModuleManager: Shutting down and abandoning module DirectoryWatcher (216)
[2020.12.31-05.58.59:777][591]LogModuleManager: Shutting down and abandoning module SlateReflector (208)
[2020.12.31-05.58.59:778][591]LogModuleManager: Shutting down and abandoning module Slate (206)
[2020.12.31-05.58.59:780][591]LogModuleManager: Shutting down and abandoning module SlateCore (204)
[2020.12.31-05.58.59:781][591]LogModuleManager: Shutting down and abandoning module LandscapeEditorUtilities (202)
[2020.12.31-05.58.59:782][591]LogModuleManager: Shutting down and abandoning module EditorStyle (200)
[2020.12.31-05.58.59:787][591]LogModuleManager: Shutting down and abandoning module UnrealEd (198)
[2020.12.31-05.58.59:788][591]LogModuleManager: Shutting down and abandoning module MRMesh (196)
[2020.12.31-05.58.59:789][591]LogModuleManager: Shutting down and abandoning module Messaging (194)
[2020.12.31-05.58.59:790][591]LogModuleManager: Shutting down and abandoning module SourceCodeAccess (192)
[2020.12.31-05.58.59:792][591]LogModuleManager: Shutting down and abandoning module HeadMountedDisplay (190)
[2020.12.31-05.58.59:793][591]LogModuleManager: Shutting down and abandoning module XAudio2 (188)
[2020.12.31-05.58.59:795][591]LogModuleManager: Shutting down and abandoning module Networking (186)
[2020.12.31-05.58.59:796][591]LogModuleManager: Shutting down and abandoning module Core (184)
[2020.12.31-05.58.59:797][591]LogModuleManager: Shutting down and abandoning module MovieSceneTools (182)
[2020.12.31-05.58.59:800][591]LogModuleManager: Shutting down and abandoning module KismetCompiler (180)
[2020.12.31-05.58.59:800][591]LogModuleManager: Shutting down and abandoning module MeshBuilder (178)
[2020.12.31-05.58.59:805][591]LogModuleManager: Shutting down and abandoning module MeshUtilities (176)
[2020.12.31-05.58.59:808][591]LogModuleManager: Shutting down and abandoning module MeshMergeUtilities (175)
[2020.12.31-05.58.59:813][591]LogModuleManager: Shutting down and abandoning module MeshReductionInterface (174)
[2020.12.31-05.58.59:813][591]LogModuleManager: Shutting down and abandoning module MeshBoneReduction (173)
[2020.12.31-05.58.59:815][591]LogModuleManager: Shutting down and abandoning module SkeletalMeshReduction (171)
[2020.12.31-05.58.59:836][591]LogModuleManager: Shutting down and abandoning module ProxyLODMeshReduction (169)
[2020.12.31-05.58.59:837][591]LogModuleManager: Shutting down and abandoning module QuadricMeshReduction (167)
[2020.12.31-05.58.59:839][591]LogModuleManager: Shutting down and abandoning module MaterialBaking (163)
[2020.12.31-05.58.59:840][591]LogModuleManager: Shutting down and abandoning module NullInstallBundleManager (158)
[2020.12.31-05.58.59:842][591]LogModuleManager: Shutting down and abandoning module PIEPreviewDeviceProfileSelector (156)
[2020.12.31-05.58.59:843][591]LogModuleManager: Shutting down and abandoning module DerivedDataCache (154)
[2020.12.31-05.58.59:854][591]LogModuleManager: Shutting down and abandoning module XGEController (152)
[2020.12.31-05.58.59:855][591]LogModuleManager: Shutting down and abandoning module TargetPlatform (150)
[2020.12.31-05.58.59:857][591]LogModuleManager: Shutting down and abandoning module VulkanShaderFormat (149)
[2020.12.31-05.58.59:858][591]LogModuleManager: Shutting down and abandoning module ShaderFormatVectorVM (147)
[2020.12.31-05.58.59:867][591]LogModuleManager: Shutting down and abandoning module ShaderFormatOpenGL (145)
[2020.12.31-05.58.59:869][591]LogModuleManager: Shutting down and abandoning module ShaderFormatD3D (143)
[2020.12.31-05.58.59:870][591]LogModuleManager: Shutting down and abandoning module MetalShaderFormat (141)
[2020.12.31-05.58.59:873][591]LogModuleManager: Shutting down and abandoning module TextureFormatUncompressed (139)
[2020.12.31-05.58.59:874][591]LogModuleManager: Shutting down and abandoning module TextureFormatPVR (137)
[2020.12.31-05.58.59:875][591]LogModuleManager: Shutting down and abandoning module TextureFormatDXT (135)
[2020.12.31-05.58.59:881][591]LogModuleManager: Shutting down and abandoning module TextureFormatIntelISPCTexComp (133)
[2020.12.31-05.58.59:883][591]LogModuleManager: Shutting down and abandoning module TextureFormatASTC (131)
[2020.12.31-05.58.59:883][591]LogModuleManager: Shutting down and abandoning module ImageWrapper (130)
[2020.12.31-05.58.59:885][591]LogModuleManager: Shutting down and abandoning module TextureFormatAndroid (127)
[2020.12.31-05.58.59:887][591]LogModuleManager: Shutting down and abandoning module AudioFormatOpus (125)
[2020.12.31-05.58.59:902][591]LogModuleManager: Shutting down and abandoning module AudioFormatOgg (123)
[2020.12.31-05.58.59:904][591]LogModuleManager: Shutting down and abandoning module AudioFormatADPCM (121)
[2020.12.31-05.58.59:907][591]LogModuleManager: Shutting down and abandoning module WindowsServerTargetPlatform (119)
[2020.12.31-05.58.59:921][591]LogModuleManager: Shutting down and abandoning module WindowsClientTargetPlatform (117)
[2020.12.31-05.58.59:922][591]LogModuleManager: Shutting down and abandoning module WindowsTargetPlatform (115)
[2020.12.31-05.58.59:924][591]LogModuleManager: Shutting down and abandoning module WindowsNoEditorTargetPlatform (113)
[2020.12.31-05.58.59:926][591]LogModuleManager: Shutting down and abandoning module InputCore (110)
[2020.12.31-05.58.59:930][591]LogModuleManager: Shutting down and abandoning module Settings (108)
[2020.12.31-05.58.59:932][591]LogModuleManager: Shutting down and abandoning module PhysXCooking (106)
[2020.12.31-05.58.59:940][591]LogModuleManager: Shutting down and abandoning module ChaosSolvers (104)
[2020.12.31-05.58.59:954][591]LogModuleManager: Shutting down and abandoning module FieldSystemEngine (103)
[2020.12.31-05.58.59:956][591]LogModuleManager: Shutting down and abandoning module Chaos (100)
[2020.12.31-05.58.59:963][591]LogModuleManager: Shutting down and abandoning module WindowsPlatformFeatures (98)
[2020.12.31-05.58.59:967][591]LogModuleManager: Shutting down and abandoning module GameplayMediaEncoder (97)
[2020.12.31-05.58.59:971][591]LogModuleManager: Shutting down and abandoning module AVEncoder (96)
[2020.12.31-05.58.59:972][591]LogModuleManager: Shutting down and abandoning module SteamVRInputDevice (92)
[2020.12.31-05.58.59:973][591]LogModuleManager: Shutting down and abandoning module SteamVRInput (90)
[2020.12.31-05.58.59:974][591]LogModuleManager: Shutting down and abandoning module SteamVR (88)
[2020.12.31-05.58.59:979][591]LogHMD: Freeing OpenVRDLLHandle.
[2020.12.31-05.58.59:981][591]LogModuleManager: Shutting down and abandoning module OculusHMD (86)
[2020.12.31-05.58.59:982][591]LogModuleManager: Shutting down and abandoning module ExampleDeviceProfileSelector (84)
[2020.12.31-05.58.59:983][591]LogModuleManager: Shutting down and abandoning module LauncherChunkInstaller (82)
[2020.12.31-05.58.59:985][591]LogModuleManager: Shutting down and abandoning module OnlineBlueprintSupport (80)
[2020.12.31-05.58.59:987][591]LogModuleManager: Shutting down and abandoning module OnlineSubsystem (76)
[2020.12.31-05.59.00:009][591]LogModuleManager: Shutting down and abandoning module XMPP (71)
[2020.12.31-05.59.00:009][591]LogModuleManager: Shutting down and abandoning module WebSockets (70)
[2020.12.31-05.59.00:025][591]LogModuleManager: Shutting down and abandoning module HTTP (67)
[2020.12.31-05.59.00:033][591]LogModuleManager: Shutting down and abandoning module SSL (66)
[2020.12.31-05.59.00:045][591]LogModuleManager: Shutting down and abandoning module WmfMedia (62)
[2020.12.31-05.59.00:087][591]LogModuleManager: Shutting down and abandoning module Media (61)
[2020.12.31-05.59.00:117][591]LogModuleManager: Shutting down and abandoning module MagicLeap (58)
[2020.12.31-05.59.00:134][591]LogModuleManager: Shutting down and abandoning module NiagaraVertexFactories (56)
[2020.12.31-05.59.00:141][591]LogModuleManager: Shutting down and abandoning module NiagaraShader (54)
[2020.12.31-05.59.00:143][591]LogModuleManager: Shutting down and abandoning module VariantManagerContent (52)
[2020.12.31-05.59.00:145][591]LogModuleManager: Shutting down and abandoning module DatasmithContent (50)
[2020.12.31-05.59.00:151][591]LogModuleManager: Shutting down and abandoning module AISupportModule (48)
[2020.12.31-05.59.00:154][591]LogModuleManager: Shutting down and abandoning module DesktopPlatform (46)
[2020.12.31-05.59.00:158][591]LogModuleManager: Shutting down and abandoning module PlatformCryptoOpenSSL (44)
[2020.12.31-05.59.00:160][591]LogModuleManager: Shutting down and abandoning module PlatformCryptoTypes (42)
[2020.12.31-05.59.00:161][591]LogModuleManager: Shutting down and abandoning module PlatformCrypto (40)
[2020.12.31-05.59.00:162][591]LogModuleManager: Shutting down and abandoning module AnimationModifiers (38)
[2020.12.31-05.59.00:163][591]LogModuleManager: Shutting down and abandoning module PropertyEditor (37)
[2020.12.31-05.59.00:169][591]LogModuleManager: Shutting down and abandoning module AudioEditor (34)
[2020.12.31-05.59.00:170][591]LogModuleManager: Shutting down and abandoning module TextureCompressor (32)
[2020.12.31-05.59.00:171][591]LogModuleManager: Shutting down and abandoning module RenderCore (30)
[2020.12.31-05.59.00:172][591]LogModuleManager: Shutting down and abandoning module Landscape (28)
[2020.12.31-05.59.00:174][591]LogModuleManager: Shutting down and abandoning module SlateRHIRenderer (26)
[2020.12.31-05.59.00:177][591]LogModuleManager: Shutting down and abandoning module OpenGLDrv (24)
[2020.12.31-05.59.00:186][591]LogModuleManager: Shutting down and abandoning module D3D11RHI (22)
[2020.12.31-05.59.00:187][591]LogModuleManager: Shutting down and abandoning module AnimGraphRuntime (20)
[2020.12.31-05.59.00:193][591]LogModuleManager: Shutting down and abandoning module Renderer (18)
[2020.12.31-05.59.00:195][591]LogModuleManager: Shutting down and abandoning module Engine (16)
[2020.12.31-05.59.00:203][591]LogModuleManager: Shutting down and abandoning module CoreUObject (14)
[2020.12.31-05.59.00:204][591]LogModuleManager: Shutting down and abandoning module NetworkFile (12)
[2020.12.31-05.59.00:205][591]LogModuleManager: Shutting down and abandoning module CookedIterativeFile (10)
[2020.12.31-05.59.00:206][591]LogModuleManager: Shutting down and abandoning module StreamingFile (8)
[2020.12.31-05.59.00:209][591]LogModuleManager: Shutting down and abandoning module SandboxFile (6)
[2020.12.31-05.59.00:209][591]LogModuleManager: Shutting down and abandoning module PakFile (4)
[2020.12.31-05.59.00:210][591]LogModuleManager: Shutting down and abandoning module RSA (3)
[2020.12.31-05.59.00:579][591]LogContentStreaming: Display: There are 1 unreleased StreamingManagers
[2020.12.31-05.59.00:590][591]LogD3D11RHI: Shutdown
[2020.12.31-05.59.00:590][591]LogD3D11RHI: CleanupD3DDevice
[2020.12.31-05.59.00:715][591]LogExit: Exiting.
[2020.12.31-05.59.00:747][591]Log file closed, 12/31/20 00:59:00
