Log file open, 01/06/21 11:30:03
LogInit: Display: Running engine for game: Puzzles
LogPlatformFile: Not using cached read wrapper
LogTaskGraph: Started task graph with 5 named threads and 11 total threads with 3 sets of task threads.
LogStats: Stats thread started at 0.458333
LogD3D11RHI: Loaded GFSDK_Aftermath_Lib.x64.dll
LogICUInternationalization: ICU TimeZone Detection - Raw Offset: -5:00, Platform Override: ''
LogPluginManager: Mounting plugin Paper2D
LogPluginManager: Mounting plugin AISupport
LogPluginManager: Mounting plugin LightPropagationVolume
LogPluginManager: Mounting plugin CameraShakePreviewer
LogPluginManager: Mounting plugin ActorLayerUtilities
LogPluginManager: Mounting plugin AnimationSharing
LogPluginManager: Mounting plugin CLionSourceCodeAccess
LogPluginManager: Mounting plugin CodeLiteSourceCodeAccess
LogPluginManager: Mounting plugin GitSourceControl
LogPluginManager: Mounting plugin KDevelopSourceCodeAccess
LogPluginManager: Mounting plugin NullSourceCodeAccess
LogPluginManager: Mounting plugin PerforceSourceControl
LogPluginManager: Mounting plugin PlasticSourceControl
LogPluginManager: Mounting plugin RiderSourceCodeAccess
LogPluginManager: Mounting plugin SubversionSourceControl
LogPluginManager: Mounting plugin UObjectPlugin
LogPluginManager: Mounting plugin VisualStudioCodeSourceCodeAccess
LogPluginManager: Mounting plugin VisualStudioSourceCodeAccess
LogPluginManager: Mounting plugin XCodeSourceCodeAccess
LogPluginManager: Mounting plugin AssetManagerEditor
LogPluginManager: Mounting plugin CryptoKeys
LogPluginManager: Mounting plugin CurveEditorTools
LogPluginManager: Mounting plugin DataValidation
LogPluginManager: Mounting plugin EditorScriptingUtilities
LogPluginManager: Mounting plugin FacialAnimation
LogPluginManager: Mounting plugin GameplayTagsEditor
LogPluginManager: Mounting plugin GeometryMode
LogPluginManager: Mounting plugin MacGraphicsSwitching
LogPluginManager: Mounting plugin MaterialAnalyzer
LogPluginManager: Mounting plugin MobileLauncherProfileWizard
LogPluginManager: Mounting plugin PluginBrowser
LogPluginManager: Mounting plugin SpeedTreeImporter
LogPluginManager: Mounting plugin DatasmithContent
LogPluginManager: Mounting plugin VariantManagerContent
LogPluginManager: Mounting plugin AlembicImporter
LogPluginManager: Mounting plugin AutomationUtils
LogPluginManager: Mounting plugin BackChannel
LogPluginManager: Mounting plugin ChaosCloth
LogPluginManager: Mounting plugin ChaosClothEditor
LogPluginManager: Mounting plugin ChaosEditor
LogPluginManager: Mounting plugin ChaosNiagara
LogPluginManager: Mounting plugin ChaosSolverPlugin
LogPluginManager: Mounting plugin CharacterAI
LogPluginManager: Mounting plugin GeometryCache
LogPluginManager: Mounting plugin GeometryCollectionPlugin
LogPluginManager: Mounting plugin GeometryProcessing
LogPluginManager: Mounting plugin PlanarCut
LogPluginManager: Mounting plugin PlatformCrypto
LogPluginManager: Mounting plugin ProxyLODPlugin
LogPluginManager: Mounting plugin SkeletalReduction
LogPluginManager: Mounting plugin Niagara
LogPluginManager: Mounting plugin MagicLeap
LogPluginManager: Mounting plugin MagicLeapLightEstimation
LogPluginManager: Mounting plugin MagicLeapMedia
LogPluginManager: Mounting plugin MagicLeapPassableWorld
LogPluginManager: Mounting plugin MLSDK
LogPluginManager: Mounting plugin AndroidMedia
LogPluginManager: Mounting plugin AvfMedia
LogPluginManager: Mounting plugin ImgMedia
LogPluginManager: Mounting plugin MediaCompositing
LogPluginManager: Mounting plugin MediaPlayerEditor
LogPluginManager: Mounting plugin WebMMedia
LogPluginManager: Mounting plugin WmfMedia
LogPluginManager: Mounting plugin MeshPainting
LogPluginManager: Mounting plugin TcpMessaging
LogPluginManager: Mounting plugin UdpMessaging
LogPluginManager: Mounting plugin ActorSequence
LogPluginManager: Mounting plugin LevelSequenceEditor
LogPluginManager: Mounting plugin MatineeToLevelSequence
LogPluginManager: Mounting plugin MovieRenderPipeline
LogPluginManager: Mounting plugin TemplateSequence
LogPluginManager: Mounting plugin NetcodeUnitTest
LogPluginManager: Mounting plugin NUTUnrealEngine4
LogPluginManager: Mounting plugin OnlineSubsystemGooglePlay
LogPluginManager: Mounting plugin OnlineSubsystemIOS
LogPluginManager: Mounting plugin OnlineSubsystem
LogPluginManager: Mounting plugin OnlineSubsystemNull
LogPluginManager: Mounting plugin OnlineSubsystemUtils
LogPluginManager: Mounting plugin LauncherChunkInstaller
LogPluginManager: Mounting plugin AndroidDeviceProfileSelector
LogPluginManager: Mounting plugin AndroidMoviePlayer
LogPluginManager: Mounting plugin AndroidPermission
LogPluginManager: Mounting plugin AppleImageUtils
LogPluginManager: Mounting plugin AppleMoviePlayer
LogPluginManager: Mounting plugin ArchVisCharacter
LogPluginManager: Mounting plugin AssetTags
LogPluginManager: Mounting plugin AudioCapture
LogPluginManager: Mounting plugin CableComponent
LogPluginManager: Mounting plugin CustomMeshComponent
LogPluginManager: Mounting plugin EditableMesh
LogPluginManager: Mounting plugin ExampleDeviceProfileSelector
LogPluginManager: Mounting plugin GoogleCloudMessaging
LogPluginManager: Mounting plugin GooglePAD
LogPluginManager: Mounting plugin IOSDeviceProfileSelector
LogPluginManager: Mounting plugin LinuxDeviceProfileSelector
LogPluginManager: Mounting plugin LocationServicesBPLibrary
LogPluginManager: Mounting plugin MobilePatchingUtils
LogPluginManager: Mounting plugin OculusVR
LogPluginManager: Mounting plugin PhysXVehicles
LogPluginManager: Mounting plugin PostSplashScreen
LogPluginManager: Mounting plugin ProceduralMeshComponent
LogPluginManager: Mounting plugin RuntimePhysXCooking
LogPluginManager: Mounting plugin SignificanceManager
LogPluginManager: Mounting plugin SoundFields
LogPluginManager: Mounting plugin SteamVR
LogPluginManager: Mounting plugin Synthesis
LogPluginManager: Mounting plugin WebMMoviePlayer
LogPluginManager: Mounting plugin WindowsMoviePlayer
LogPluginManager: Mounting plugin ScreenshotTools
LogInit: Using libcurl 7.55.1-DEV
LogInit:  - built for x86_64-pc-win32
LogInit:  - supports SSL with OpenSSL/1.1.1
LogInit:  - supports HTTP deflate (compression) using libz 1.2.8
LogInit:  - other features:
LogInit:      CURL_VERSION_SSL
LogInit:      CURL_VERSION_LIBZ
LogInit:      CURL_VERSION_IPV6
LogInit:      CURL_VERSION_ASYNCHDNS
LogInit:      CURL_VERSION_LARGEFILE
LogInit:      CURL_VERSION_IDN
LogInit:  CurlRequestOptions (configurable via config and command line):
LogInit:  - bVerifyPeer = true  - Libcurl will verify peer certificate
LogInit:  - bUseHttpProxy = false  - Libcurl will NOT use HTTP proxy
LogInit:  - bDontReuseConnections = false  - Libcurl will reuse connections
LogInit:  - MaxHostConnections = 16  - Libcurl will limit the number of connections to a host
LogInit:  - LocalHostAddr = Default
LogInit:  - BufferSize = 65536
LogOnline: OSS: Creating online subsystem instance for: NULL
LogInit: WinSock: version 1.1 (2.2), MaxSocks=32767, MaxUdp=65467
LogOnline: OSS: TryLoadSubsystemAndSetDefault: Loaded subsystem for module [NULL]
LogInit: Build: ++UE4+Release-4.25-CL-14469661
LogInit: Engine Version: 4.25.4-14469661+++UE4+Release-4.25
LogInit: Compatible Engine Version: 4.25.0-13144385+++UE4+Release-4.25
LogInit: Net CL: 13144385
LogInit: OS: Windows 10 (Release 1909) (), CPU: Intel(R) Core(TM) i7-7500U CPU @ 2.70GHz, GPU: Intel(R) HD Graphics 620
LogInit: Compiled (64-bit): Oct 11 2020 08:10:49
LogInit: Compiled with Visual C++: 19.24.28315.00
LogInit: Build Configuration: Development
LogInit: Branch Name: ++UE4+Release-4.25
LogInit: Command Line: 
LogInit: Base Directory: C:/Program Files/Epic Games/UE_4.25/Engine/Binaries/Win64/
LogInit: Allocator: TBB
LogInit: Installed Engine Build: 1
LogDevObjectVersion: Number of dev versions registered: 26
LogDevObjectVersion:   Dev-Blueprints (B0D832E4-1F89-4F0D-ACCF-7EB736FD4AA2): 10
LogDevObjectVersion:   Dev-Build (E1C64328-A22C-4D53-A36C-8E866417BD8C): 0
LogDevObjectVersion:   Dev-Core (375EC13C-06E4-48FB-B500-84F0262A717E): 4
LogDevObjectVersion:   Dev-Editor (E4B068ED-F494-42E9-A231-DA0B2E46BB41): 38
LogDevObjectVersion:   Dev-Framework (CFFC743F-43B0-4480-9391-14DF171D2073): 37
LogDevObjectVersion:   Dev-Mobile (B02B49B5-BB20-44E9-A304-32B752E40360): 2
LogDevObjectVersion:   Dev-Networking (A4E4105C-59A1-49B5-A7C5-40C4547EDFEE): 0
LogDevObjectVersion:   Dev-Online (39C831C9-5AE6-47DC-9A44-9C173E1C8E7C): 0
LogDevObjectVersion:   Dev-Physics (78F01B33-EBEA-4F98-B9B4-84EACCB95AA2): 4
LogDevObjectVersion:   Dev-Platform (6631380F-2D4D-43E0-8009-CF276956A95A): 0
LogDevObjectVersion:   Dev-Rendering (12F88B9F-8875-4AFC-A67C-D90C383ABD29): 43
LogDevObjectVersion:   Dev-Sequencer (7B5AE74C-D270-4C10-A958-57980B212A5A): 12
LogDevObjectVersion:   Dev-VR (D7296918-1DD6-4BDD-9DE2-64A83CC13884): 3
LogDevObjectVersion:   Dev-LoadTimes (C2A15278-BFE7-4AFE-6C17-90FF531DF755): 1
LogDevObjectVersion:   Private-Geometry (6EACA3D4-40EC-4CC1-B786-8BED09428FC5): 3
LogDevObjectVersion:   Dev-AnimPhys (29E575DD-E0A3-4627-9D10-D276232CDCEA): 17
LogDevObjectVersion:   Dev-Anim (AF43A65D-7FD3-4947-9873-3E8ED9C1BB05): 7
LogDevObjectVersion:   Dev-ReflectionCapture (6B266CEC-1EC7-4B8F-A30B-E4D90942FC07): 1
LogDevObjectVersion:   Dev-Automation (0DF73D61-A23F-47EA-B727-89E90C41499A): 1
LogDevObjectVersion:   FortniteMain (601D1886-AC64-4F84-AA16-D3DE0DEAC7D6): 31
LogDevObjectVersion:   Dev-Enterprise (9DFFBCD6-494F-0158-E221-12823C92A888): 10
LogDevObjectVersion:   Dev-Niagara (F2AED0AC-9AFE-416F-8664-AA7FFA26D6FC): 1
LogDevObjectVersion:   Dev-Destruction (174F1F0B-B4C6-45A5-B13F-2EE8D0FB917D): 10
LogDevObjectVersion:   Dev-Physics-Ext (35F94A83-E258-406C-A318-09F59610247C): 37
LogDevObjectVersion:   Dev-PhysicsMaterial-Chaos (B68FC16E-8B1B-42E2-B453-215C058844FE): 1
LogDevObjectVersion:   Dev-CineCamera (B2E18506-4273-CFC2-A54E-F4BB758BBA07): 1
LogInit: Presizing for max 25165824 objects, including 0 objects not considered by GC, pre-allocating 0 bytes for permanent pool.
LogConfig: Applying CVar settings from Section [/Script/Engine.StreamingSettings] File [C:/Users/Angelica .DESKTOP-RM5JOAJ/Documents/Learning Multiplayer/Puzzles/Puzzles/Saved/Config/Windows/Engine.ini]
LogConfig: Setting CVar [[s.MinBulkDataSizeForAsyncLoading:131072]]
LogConfig: Setting CVar [[s.AsyncLoadingThreadEnabled:0]]
LogConfig: Setting CVar [[s.EventDrivenLoaderEnabled:1]]
LogConfig: Setting CVar [[s.WarnIfTimeLimitExceeded:0]]
LogConfig: Setting CVar [[s.TimeLimitExceededMultiplier:1.5]]
LogConfig: Setting CVar [[s.TimeLimitExceededMinTime:0.005]]
LogConfig: Setting CVar [[s.UseBackgroundLevelStreaming:1]]
LogConfig: Setting CVar [[s.PriorityAsyncLoadingExtraTime:15.0]]
LogConfig: Setting CVar [[s.LevelStreamingActorsUpdateTimeLimit:5.0]]
LogConfig: Setting CVar [[s.PriorityLevelStreamingActorsUpdateExtraTime:5.0]]
LogConfig: Setting CVar [[s.LevelStreamingComponentsRegistrationGranularity:10]]
LogConfig: Setting CVar [[s.UnregisterComponentsTimeLimit:1.0]]
LogConfig: Setting CVar [[s.LevelStreamingComponentsUnregistrationGranularity:5]]
LogConfig: Setting CVar [[s.FlushStreamingOnExit:1]]
LogInit: Object subsystem initialized
LogConfig: Setting CVar [[con.DebugEarlyDefault:1]]
LogConfig: Setting CVar [[r.setres:1280x720]]
[2021.01.06-16.30.04:217][  0]LogConfig: Setting CVar [[r.VSync:0]]
[2021.01.06-16.30.04:217][  0]LogConfig: Setting CVar [[r.RHICmdBypass:0]]
[2021.01.06-16.30.04:218][  0]LogConfig: Applying CVar settings from Section [/Script/Engine.RendererSettings] File [C:/Users/Angelica .DESKTOP-RM5JOAJ/Documents/Learning Multiplayer/Puzzles/Puzzles/Saved/Config/Windows/Engine.ini]
[2021.01.06-16.30.04:218][  0]LogConfig: Setting CVar [[r.GPUCrashDebugging:0]]
[2021.01.06-16.30.04:218][  0]LogConfig: Applying CVar settings from Section [/Script/Engine.RendererOverrideSettings] File [C:/Users/Angelica .DESKTOP-RM5JOAJ/Documents/Learning Multiplayer/Puzzles/Puzzles/Saved/Config/Windows/Engine.ini]
[2021.01.06-16.30.04:218][  0]LogConfig: Applying CVar settings from Section [/Script/Engine.StreamingSettings] File [C:/Users/Angelica .DESKTOP-RM5JOAJ/Documents/Learning Multiplayer/Puzzles/Puzzles/Saved/Config/Windows/Engine.ini]
[2021.01.06-16.30.04:218][  0]LogConfig: Setting CVar [[s.MinBulkDataSizeForAsyncLoading:131072]]
[2021.01.06-16.30.04:218][  0]LogConfig: Setting CVar [[s.AsyncLoadingThreadEnabled:0]]
[2021.01.06-16.30.04:218][  0]LogConfig: Setting CVar [[s.EventDrivenLoaderEnabled:1]]
[2021.01.06-16.30.04:218][  0]LogConfig: Setting CVar [[s.WarnIfTimeLimitExceeded:0]]
[2021.01.06-16.30.04:218][  0]LogConfig: Setting CVar [[s.TimeLimitExceededMultiplier:1.5]]
[2021.01.06-16.30.04:218][  0]LogConfig: Setting CVar [[s.TimeLimitExceededMinTime:0.005]]
[2021.01.06-16.30.04:218][  0]LogConfig: Setting CVar [[s.UseBackgroundLevelStreaming:1]]
[2021.01.06-16.30.04:218][  0]LogConfig: Setting CVar [[s.PriorityAsyncLoadingExtraTime:15.0]]
[2021.01.06-16.30.04:218][  0]LogConfig: Setting CVar [[s.LevelStreamingActorsUpdateTimeLimit:5.0]]
[2021.01.06-16.30.04:218][  0]LogConfig: Setting CVar [[s.PriorityLevelStreamingActorsUpdateExtraTime:5.0]]
[2021.01.06-16.30.04:218][  0]LogConfig: Setting CVar [[s.LevelStreamingComponentsRegistrationGranularity:10]]
[2021.01.06-16.30.04:218][  0]LogConfig: Setting CVar [[s.UnregisterComponentsTimeLimit:1.0]]
[2021.01.06-16.30.04:218][  0]LogConfig: Setting CVar [[s.LevelStreamingComponentsUnregistrationGranularity:5]]
[2021.01.06-16.30.04:218][  0]LogConfig: Setting CVar [[s.FlushStreamingOnExit:1]]
[2021.01.06-16.30.04:218][  0]LogConfig: Applying CVar settings from Section [/Script/Engine.GarbageCollectionSettings] File [C:/Users/Angelica .DESKTOP-RM5JOAJ/Documents/Learning Multiplayer/Puzzles/Puzzles/Saved/Config/Windows/Engine.ini]
[2021.01.06-16.30.04:218][  0]LogConfig: Setting CVar [[gc.MaxObjectsNotConsideredByGC:1]]
[2021.01.06-16.30.04:218][  0]LogConfig: Setting CVar [[gc.SizeOfPermanentObjectPool:0]]
[2021.01.06-16.30.04:218][  0]LogConfig: Setting CVar [[gc.FlushStreamingOnGC:0]]
[2021.01.06-16.30.04:218][  0]LogConfig: Setting CVar [[gc.NumRetriesBeforeForcingGC:10]]
[2021.01.06-16.30.04:218][  0]LogConfig: Setting CVar [[gc.AllowParallelGC:1]]
[2021.01.06-16.30.04:218][  0]LogConfig: Setting CVar [[gc.TimeBetweenPurgingPendingKillObjects:61.1]]
[2021.01.06-16.30.04:218][  0]LogConfig: Setting CVar [[gc.MaxObjectsInEditor:25165824]]
[2021.01.06-16.30.04:218][  0]LogConfig: Setting CVar [[gc.IncrementalBeginDestroyEnabled:1]]
[2021.01.06-16.30.04:218][  0]LogConfig: Setting CVar [[gc.CreateGCClusters:1]]
[2021.01.06-16.30.04:218][  0]LogConfig: Setting CVar [[gc.MinGCClusterSize:5]]
[2021.01.06-16.30.04:218][  0]LogConfig: Setting CVar [[gc.ActorClusteringEnabled:0]]
[2021.01.06-16.30.04:218][  0]LogConfig: Setting CVar [[gc.BlueprintClusteringEnabled:0]]
[2021.01.06-16.30.04:218][  0]LogConfig: Setting CVar [[gc.UseDisregardForGCOnDedicatedServers:0]]
[2021.01.06-16.30.04:218][  0]LogConfig: Applying CVar settings from Section [/Script/Engine.NetworkSettings] File [C:/Users/Angelica .DESKTOP-RM5JOAJ/Documents/Learning Multiplayer/Puzzles/Puzzles/Saved/Config/Windows/Engine.ini]
[2021.01.06-16.30.04:218][  0]LogConfig: Applying CVar settings from Section [/Script/UnrealEd.CookerSettings] File [C:/Users/Angelica .DESKTOP-RM5JOAJ/Documents/Learning Multiplayer/Puzzles/Puzzles/Saved/Config/Windows/Engine.ini]
[2021.01.06-16.30.04:224][  0]LogConfig: Applying CVar settings from Section [ViewDistanceQuality@3] File [C:/Users/Angelica .DESKTOP-RM5JOAJ/Documents/Learning Multiplayer/Puzzles/Puzzles/Saved/Config/Windows/Scalability.ini]
[2021.01.06-16.30.04:225][  0]LogConfig: Setting CVar [[r.SkeletalMeshLODBias:0]]
[2021.01.06-16.30.04:225][  0]LogConfig: Setting CVar [[r.ViewDistanceScale:1.0]]
[2021.01.06-16.30.04:225][  0]LogConfig: Applying CVar settings from Section [AntiAliasingQuality@3] File [C:/Users/Angelica .DESKTOP-RM5JOAJ/Documents/Learning Multiplayer/Puzzles/Puzzles/Saved/Config/Windows/Scalability.ini]
[2021.01.06-16.30.04:225][  0]LogConfig: Setting CVar [[r.PostProcessAAQuality:4]]
[2021.01.06-16.30.04:225][  0]LogConfig: Applying CVar settings from Section [ShadowQuality@3] File [C:/Users/Angelica .DESKTOP-RM5JOAJ/Documents/Learning Multiplayer/Puzzles/Puzzles/Saved/Config/Windows/Scalability.ini]
[2021.01.06-16.30.04:225][  0]LogConfig: Setting CVar [[r.LightFunctionQuality:1]]
[2021.01.06-16.30.04:225][  0]LogConfig: Setting CVar [[r.ShadowQuality:5]]
[2021.01.06-16.30.04:225][  0]LogConfig: Setting CVar [[r.Shadow.CSM.MaxCascades:10]]
[2021.01.06-16.30.04:225][  0]LogConfig: Setting CVar [[r.Shadow.MaxResolution:2048]]
[2021.01.06-16.30.04:225][  0]LogConfig: Setting CVar [[r.Shadow.MaxCSMResolution:2048]]
[2021.01.06-16.30.04:225][  0]LogConfig: Setting CVar [[r.Shadow.RadiusThreshold:0.01]]
[2021.01.06-16.30.04:225][  0]LogConfig: Setting CVar [[r.Shadow.DistanceScale:1.0]]
[2021.01.06-16.30.04:225][  0]LogConfig: Setting CVar [[r.Shadow.CSM.TransitionScale:1.0]]
[2021.01.06-16.30.04:225][  0]LogConfig: Setting CVar [[r.Shadow.PreShadowResolutionFactor:1.0]]
[2021.01.06-16.30.04:225][  0]LogConfig: Setting CVar [[r.DistanceFieldShadowing:1]]
[2021.01.06-16.30.04:225][  0]LogConfig: Setting CVar [[r.DistanceFieldAO:1]]
[2021.01.06-16.30.04:225][  0]LogConfig: Setting CVar [[r.AOQuality:2]]
[2021.01.06-16.30.04:225][  0]LogConfig: Setting CVar [[r.VolumetricFog:1]]
[2021.01.06-16.30.04:225][  0]LogConfig: Setting CVar [[r.VolumetricFog.GridPixelSize:8]]
[2021.01.06-16.30.04:225][  0]LogConfig: Setting CVar [[r.VolumetricFog.GridSizeZ:128]]
[2021.01.06-16.30.04:225][  0]LogConfig: Setting CVar [[r.VolumetricFog.HistoryMissSupersampleCount:4]]
[2021.01.06-16.30.04:225][  0]LogConfig: Setting CVar [[r.LightMaxDrawDistanceScale:1]]
[2021.01.06-16.30.04:225][  0]LogConfig: Setting CVar [[r.CapsuleShadows:1]]
[2021.01.06-16.30.04:225][  0]LogConfig: Applying CVar settings from Section [PostProcessQuality@3] File [C:/Users/Angelica .DESKTOP-RM5JOAJ/Documents/Learning Multiplayer/Puzzles/Puzzles/Saved/Config/Windows/Scalability.ini]
[2021.01.06-16.30.04:225][  0]LogConfig: Setting CVar [[r.MotionBlurQuality:4]]
[2021.01.06-16.30.04:225][  0]LogConfig: Setting CVar [[r.AmbientOcclusionMipLevelFactor:0.4]]
[2021.01.06-16.30.04:225][  0]LogConfig: Setting CVar [[r.AmbientOcclusionMaxQuality:100]]
[2021.01.06-16.30.04:225][  0]LogConfig: Setting CVar [[r.AmbientOcclusionLevels:-1]]
[2021.01.06-16.30.04:225][  0]LogConfig: Setting CVar [[r.AmbientOcclusionRadiusScale:1.0]]
[2021.01.06-16.30.04:225][  0]LogConfig: Setting CVar [[r.DepthOfFieldQuality:2]]
[2021.01.06-16.30.04:225][  0]LogConfig: Setting CVar [[r.RenderTargetPoolMin:400]]
[2021.01.06-16.30.04:225][  0]LogConfig: Setting CVar [[r.LensFlareQuality:2]]
[2021.01.06-16.30.04:225][  0]LogConfig: Setting CVar [[r.SceneColorFringeQuality:1]]
[2021.01.06-16.30.04:225][  0]LogConfig: Setting CVar [[r.EyeAdaptationQuality:2]]
[2021.01.06-16.30.04:225][  0]LogConfig: Setting CVar [[r.BloomQuality:5]]
[2021.01.06-16.30.04:225][  0]LogConfig: Setting CVar [[r.FastBlurThreshold:100]]
[2021.01.06-16.30.04:225][  0]LogConfig: Setting CVar [[r.Upscale.Quality:3]]
[2021.01.06-16.30.04:225][  0]LogConfig: Setting CVar [[r.Tonemapper.GrainQuantization:1]]
[2021.01.06-16.30.04:225][  0]LogConfig: Setting CVar [[r.LightShaftQuality:1]]
[2021.01.06-16.30.04:225][  0]LogConfig: Setting CVar [[r.Filter.SizeScale:1]]
[2021.01.06-16.30.04:225][  0]LogConfig: Setting CVar [[r.Tonemapper.Quality:5]]
[2021.01.06-16.30.04:225][  0]LogConfig: Setting CVar [[r.DOF.Gather.AccumulatorQuality:1        ; higher gathering accumulator quality]]
[2021.01.06-16.30.04:225][  0]LogConfig: Setting CVar [[r.DOF.Gather.PostfilterMethod:1          ; Median3x3 postfilering method]]
[2021.01.06-16.30.04:225][  0]LogConfig: Setting CVar [[r.DOF.Gather.EnableBokehSettings:0       ; no bokeh simulation when gathering]]
[2021.01.06-16.30.04:225][  0]LogConfig: Setting CVar [[r.DOF.Gather.RingCount:4                 ; medium number of samples when gathering]]
[2021.01.06-16.30.04:225][  0]LogConfig: Setting CVar [[r.DOF.Scatter.ForegroundCompositing:1    ; additive foreground scattering]]
[2021.01.06-16.30.04:225][  0]LogConfig: Setting CVar [[r.DOF.Scatter.BackgroundCompositing:2    ; additive background scattering]]
[2021.01.06-16.30.04:225][  0]LogConfig: Setting CVar [[r.DOF.Scatter.EnableBokehSettings:1      ; bokeh simulation when scattering]]
[2021.01.06-16.30.04:225][  0]LogConfig: Setting CVar [[r.DOF.Scatter.MaxSpriteRatio:0.1         ; only a maximum of 10% of scattered bokeh]]
[2021.01.06-16.30.04:225][  0]LogConfig: Setting CVar [[r.DOF.Recombine.Quality:1                ; cheap slight out of focus]]
[2021.01.06-16.30.04:225][  0]LogConfig: Setting CVar [[r.DOF.Recombine.EnableBokehSettings:0    ; no bokeh simulation on slight out of focus]]
[2021.01.06-16.30.04:225][  0]LogConfig: Setting CVar [[r.DOF.TemporalAAQuality:1                ; more stable temporal accumulation]]
[2021.01.06-16.30.04:225][  0]LogConfig: Setting CVar [[r.DOF.Kernel.MaxForegroundRadius:0.025]]
[2021.01.06-16.30.04:225][  0]LogConfig: Setting CVar [[r.DOF.Kernel.MaxBackgroundRadius:0.025]]
[2021.01.06-16.30.04:225][  0]LogConfig: Applying CVar settings from Section [TextureQuality@3] File [C:/Users/Angelica .DESKTOP-RM5JOAJ/Documents/Learning Multiplayer/Puzzles/Puzzles/Saved/Config/Windows/Scalability.ini]
[2021.01.06-16.30.04:225][  0]LogConfig: Setting CVar [[r.Streaming.MipBias:0]]
[2021.01.06-16.30.04:225][  0]LogConfig: Setting CVar [[r.Streaming.AmortizeCPUToGPUCopy:0]]
[2021.01.06-16.30.04:225][  0]LogConfig: Setting CVar [[r.Streaming.MaxNumTexturesToStreamPerFrame:0]]
[2021.01.06-16.30.04:225][  0]LogConfig: Setting CVar [[r.Streaming.Boost:1]]
[2021.01.06-16.30.04:225][  0]LogConfig: Setting CVar [[r.MaxAnisotropy:8]]
[2021.01.06-16.30.04:225][  0]LogConfig: Setting CVar [[r.VT.MaxAnisotropy:8]]
[2021.01.06-16.30.04:225][  0]LogConfig: Setting CVar [[r.Streaming.LimitPoolSizeToVRAM:0]]
[2021.01.06-16.30.04:225][  0]LogConfig: Setting CVar [[r.Streaming.PoolSize:1000]]
[2021.01.06-16.30.04:225][  0]LogConfig: Setting CVar [[r.Streaming.MaxEffectiveScreenSize:0]]
[2021.01.06-16.30.04:225][  0]LogConfig: Applying CVar settings from Section [EffectsQuality@3] File [C:/Users/Angelica .DESKTOP-RM5JOAJ/Documents/Learning Multiplayer/Puzzles/Puzzles/Saved/Config/Windows/Scalability.ini]
[2021.01.06-16.30.04:225][  0]LogConfig: Setting CVar [[r.TranslucencyLightingVolumeDim:64]]
[2021.01.06-16.30.04:225][  0]LogConfig: Setting CVar [[r.RefractionQuality:2]]
[2021.01.06-16.30.04:225][  0]LogConfig: Setting CVar [[r.SSR.Quality:3]]
[2021.01.06-16.30.04:225][  0]LogConfig: Setting CVar [[r.SSR.HalfResSceneColor:0]]
[2021.01.06-16.30.04:225][  0]LogConfig: Setting CVar [[r.SceneColorFormat:4]]
[2021.01.06-16.30.04:225][  0]LogConfig: Setting CVar [[r.DetailMode:2]]
[2021.01.06-16.30.04:225][  0]LogConfig: Setting CVar [[r.TranslucencyVolumeBlur:1]]
[2021.01.06-16.30.04:225][  0]LogConfig: Setting CVar [[r.MaterialQualityLevel:1 ; High quality]]
[2021.01.06-16.30.04:225][  0]LogConfig: Setting CVar [[r.SSS.Scale:1]]
[2021.01.06-16.30.04:225][  0]LogConfig: Setting CVar [[r.SSS.SampleSet:2]]
[2021.01.06-16.30.04:225][  0]LogConfig: Setting CVar [[r.SSS.Quality:1]]
[2021.01.06-16.30.04:225][  0]LogConfig: Setting CVar [[r.SSS.HalfRes:0]]
[2021.01.06-16.30.04:226][  0]LogConfig: Setting CVar [[r.SSGI.Quality:3]]
[2021.01.06-16.30.04:226][  0]LogConfig: Setting CVar [[r.EmitterSpawnRateScale:1.0]]
[2021.01.06-16.30.04:226][  0]LogConfig: Setting CVar [[r.ParticleLightQuality:2]]
[2021.01.06-16.30.04:226][  0]LogConfig: Setting CVar [[r.SkyAtmosphere.AerialPerspectiveLUT.FastApplyOnOpaque:1 ; Always have FastSkyLUT 1 in this case to avoid wrong sky]]
[2021.01.06-16.30.04:226][  0]LogConfig: Setting CVar [[r.SkyAtmosphere.AerialPerspectiveLUT.SampleCountPerSlice:1]]
[2021.01.06-16.30.04:226][  0]LogConfig: Setting CVar [[r.SkyAtmosphere.AerialPerspectiveLUT.DepthResolution:16.0]]
[2021.01.06-16.30.04:226][  0]LogConfig: Setting CVar [[r.SkyAtmosphere.FastSkyLUT:1]]
[2021.01.06-16.30.04:226][  0]LogConfig: Setting CVar [[r.SkyAtmosphere.FastSkyLUT.SampleCountMin:4.0]]
[2021.01.06-16.30.04:226][  0]LogConfig: Setting CVar [[r.SkyAtmosphere.FastSkyLUT.SampleCountMax:32.0]]
[2021.01.06-16.30.04:226][  0]LogConfig: Setting CVar [[r.SkyAtmosphere.SampleCountMin:4.0]]
[2021.01.06-16.30.04:226][  0]LogConfig: Setting CVar [[r.SkyAtmosphere.SampleCountMax:32.0]]
[2021.01.06-16.30.04:226][  0]LogConfig: Setting CVar [[r.SkyAtmosphere.TransmittanceLUT.UseSmallFormat:0]]
[2021.01.06-16.30.04:226][  0]LogConfig: Setting CVar [[r.SkyAtmosphere.TransmittanceLUT.SampleCount:10.0]]
[2021.01.06-16.30.04:226][  0]LogConfig: Setting CVar [[r.SkyAtmosphere.MultiScatteringLUT.SampleCount:15.0]]
[2021.01.06-16.30.04:226][  0]LogConfig: Applying CVar settings from Section [FoliageQuality@3] File [C:/Users/Angelica .DESKTOP-RM5JOAJ/Documents/Learning Multiplayer/Puzzles/Puzzles/Saved/Config/Windows/Scalability.ini]
[2021.01.06-16.30.04:226][  0]LogConfig: Setting CVar [[foliage.DensityScale:1.0]]
[2021.01.06-16.30.04:226][  0]LogConfig: Setting CVar [[grass.DensityScale:1.0]]
[2021.01.06-16.30.04:226][  0]LogConfig: Applying CVar settings from Section [ShadingQuality@3] File [C:/Users/Angelica .DESKTOP-RM5JOAJ/Documents/Learning Multiplayer/Puzzles/Puzzles/Saved/Config/Windows/Scalability.ini]
[2021.01.06-16.30.04:226][  0]LogConfig: Setting CVar [[r.HairStrands.SkyLighting.SampleCount:16]]
[2021.01.06-16.30.04:226][  0]LogConfig: Setting CVar [[r.HairStrands.SkyLighting.JitterIntegration:0]]
[2021.01.06-16.30.04:226][  0]LogConfig: Setting CVar [[r.HairStrands.SkyAO.SampleCount:16]]
[2021.01.06-16.30.04:226][  0]LogConfig: Setting CVar [[r.HairStrands.DeepShadow.SuperSampling:0]]
[2021.01.06-16.30.04:226][  0]LogConfig: Setting CVar [[r.HairStrands.VisibilityPPLL:0]]
[2021.01.06-16.30.04:226][  0]LogConfig: Setting CVar [[r.HairStrands.RasterizationScale:0.5]]
[2021.01.06-16.30.04:226][  0]LogConfig: Setting CVar [[r.HairStrands.VelocityRasterizationScale:1]]
[2021.01.06-16.30.04:226][  0]LogInit: Selected Device Profile: [Windows]
[2021.01.06-16.30.04:227][  0]LogInit: Applying CVar settings loaded from the selected device profile: [Windows]
[2021.01.06-16.30.04:228][  0]LogHAL: Display: Platform has ~ 16 GB [17052516352 / 17179869184 / 16], which maps to Larger [LargestMinGB=32, LargerMinGB=12, DefaultMinGB=8, SmallerMinGB=6, SmallestMinGB=0)
[2021.01.06-16.30.04:228][  0]LogInit: Going up to parent DeviceProfile []
[2021.01.06-16.30.04:228][  0]LogConfig: Applying CVar settings from Section [ViewDistanceQuality@2] File [C:/Users/Angelica .DESKTOP-RM5JOAJ/Documents/Learning Multiplayer/Puzzles/Puzzles/Saved/Config/Windows/Scalability.ini]
[2021.01.06-16.30.04:228][  0]LogConfig: Setting CVar [[r.SkeletalMeshLODBias:0]]
[2021.01.06-16.30.04:228][  0]LogConfig: Setting CVar [[r.ViewDistanceScale:0.8]]
[2021.01.06-16.30.04:228][  0]LogConfig: Applying CVar settings from Section [AntiAliasingQuality@2] File [C:/Users/Angelica .DESKTOP-RM5JOAJ/Documents/Learning Multiplayer/Puzzles/Puzzles/Saved/Config/Windows/Scalability.ini]
[2021.01.06-16.30.04:228][  0]LogConfig: Setting CVar [[r.PostProcessAAQuality:3]]
[2021.01.06-16.30.04:228][  0]LogConfig: Applying CVar settings from Section [ShadowQuality@2] File [C:/Users/Angelica .DESKTOP-RM5JOAJ/Documents/Learning Multiplayer/Puzzles/Puzzles/Saved/Config/Windows/Scalability.ini]
[2021.01.06-16.30.04:228][  0]LogConfig: Setting CVar [[r.LightFunctionQuality:1]]
[2021.01.06-16.30.04:228][  0]LogConfig: Setting CVar [[r.ShadowQuality:5]]
[2021.01.06-16.30.04:228][  0]LogConfig: Setting CVar [[r.Shadow.CSM.MaxCascades:4]]
[2021.01.06-16.30.04:228][  0]LogConfig: Setting CVar [[r.Shadow.MaxResolution:1024]]
[2021.01.06-16.30.04:228][  0]LogConfig: Setting CVar [[r.Shadow.MaxCSMResolution:2048]]
[2021.01.06-16.30.04:228][  0]LogConfig: Setting CVar [[r.Shadow.RadiusThreshold:0.04]]
[2021.01.06-16.30.04:228][  0]LogConfig: Setting CVar [[r.Shadow.DistanceScale:0.85]]
[2021.01.06-16.30.04:228][  0]LogConfig: Setting CVar [[r.Shadow.CSM.TransitionScale:0.8]]
[2021.01.06-16.30.04:228][  0]LogConfig: Setting CVar [[r.Shadow.PreShadowResolutionFactor:0.5]]
[2021.01.06-16.30.04:228][  0]LogConfig: Setting CVar [[r.DistanceFieldShadowing:1]]
[2021.01.06-16.30.04:228][  0]LogConfig: Setting CVar [[r.DistanceFieldAO:1]]
[2021.01.06-16.30.04:228][  0]LogConfig: Setting CVar [[r.AOQuality:1]]
[2021.01.06-16.30.04:228][  0]LogConfig: Setting CVar [[r.VolumetricFog:1]]
[2021.01.06-16.30.04:228][  0]LogConfig: Setting CVar [[r.VolumetricFog.GridPixelSize:16]]
[2021.01.06-16.30.04:228][  0]LogConfig: Setting CVar [[r.VolumetricFog.GridSizeZ:64]]
[2021.01.06-16.30.04:228][  0]LogConfig: Setting CVar [[r.VolumetricFog.HistoryMissSupersampleCount:4]]
[2021.01.06-16.30.04:228][  0]LogConfig: Setting CVar [[r.LightMaxDrawDistanceScale:1]]
[2021.01.06-16.30.04:228][  0]LogConfig: Setting CVar [[r.CapsuleShadows:1]]
[2021.01.06-16.30.04:228][  0]LogConfig: Applying CVar settings from Section [PostProcessQuality@2] File [C:/Users/Angelica .DESKTOP-RM5JOAJ/Documents/Learning Multiplayer/Puzzles/Puzzles/Saved/Config/Windows/Scalability.ini]
[2021.01.06-16.30.04:228][  0]LogConfig: Setting CVar [[r.MotionBlurQuality:3]]
[2021.01.06-16.30.04:228][  0]LogConfig: Setting CVar [[r.AmbientOcclusionMipLevelFactor:0.6]]
[2021.01.06-16.30.04:228][  0]LogConfig: Setting CVar [[r.AmbientOcclusionMaxQuality:100]]
[2021.01.06-16.30.04:228][  0]LogConfig: Setting CVar [[r.AmbientOcclusionLevels:-1]]
[2021.01.06-16.30.04:228][  0]LogConfig: Setting CVar [[r.AmbientOcclusionRadiusScale:1.5]]
[2021.01.06-16.30.04:228][  0]LogConfig: Setting CVar [[r.DepthOfFieldQuality:2]]
[2021.01.06-16.30.04:228][  0]LogConfig: Setting CVar [[r.RenderTargetPoolMin:400]]
[2021.01.06-16.30.04:228][  0]LogConfig: Setting CVar [[r.LensFlareQuality:2]]
[2021.01.06-16.30.04:228][  0]LogConfig: Setting CVar [[r.SceneColorFringeQuality:1]]
[2021.01.06-16.30.04:228][  0]LogConfig: Setting CVar [[r.EyeAdaptationQuality:2]]
[2021.01.06-16.30.04:228][  0]LogConfig: Setting CVar [[r.BloomQuality:5]]
[2021.01.06-16.30.04:228][  0]LogConfig: Setting CVar [[r.FastBlurThreshold:3]]
[2021.01.06-16.30.04:228][  0]LogConfig: Setting CVar [[r.Upscale.Quality:2]]
[2021.01.06-16.30.04:228][  0]LogConfig: Setting CVar [[r.Tonemapper.GrainQuantization:1]]
[2021.01.06-16.30.04:228][  0]LogConfig: Setting CVar [[r.LightShaftQuality:1]]
[2021.01.06-16.30.04:228][  0]LogConfig: Setting CVar [[r.Filter.SizeScale:0.8]]
[2021.01.06-16.30.04:228][  0]LogConfig: Setting CVar [[r.Tonemapper.Quality:5]]
[2021.01.06-16.30.04:229][  0]LogConfig: Setting CVar [[r.DOF.Gather.AccumulatorQuality:0        ; lower gathering accumulator quality]]
[2021.01.06-16.30.04:229][  0]LogConfig: Setting CVar [[r.DOF.Gather.PostfilterMethod:2          ; Max3x3 postfilering method]]
[2021.01.06-16.30.04:229][  0]LogConfig: Setting CVar [[r.DOF.Gather.EnableBokehSettings:0       ; no bokeh simulation when gathering]]
[2021.01.06-16.30.04:229][  0]LogConfig: Setting CVar [[r.DOF.Gather.RingCount:4                 ; medium number of samples when gathering]]
[2021.01.06-16.30.04:229][  0]LogConfig: Setting CVar [[r.DOF.Scatter.ForegroundCompositing:1    ; additive foreground scattering]]
[2021.01.06-16.30.04:229][  0]LogConfig: Setting CVar [[r.DOF.Scatter.BackgroundCompositing:1    ; no background occlusion]]
[2021.01.06-16.30.04:229][  0]LogConfig: Setting CVar [[r.DOF.Scatter.EnableBokehSettings:0      ; no bokeh simulation when scattering]]
[2021.01.06-16.30.04:229][  0]LogConfig: Setting CVar [[r.DOF.Scatter.MaxSpriteRatio:0.04        ; only a maximum of 4% of scattered bokeh]]
[2021.01.06-16.30.04:229][  0]LogConfig: Setting CVar [[r.DOF.Recombine.Quality:0                ; no slight out of focus]]
[2021.01.06-16.30.04:229][  0]LogConfig: Setting CVar [[r.DOF.TemporalAAQuality:0                ; faster temporal accumulation]]
[2021.01.06-16.30.04:229][  0]LogConfig: Setting CVar [[r.DOF.Kernel.MaxForegroundRadius:0.012   ; required because of AccumulatorQuality=0]]
[2021.01.06-16.30.04:229][  0]LogConfig: Setting CVar [[r.DOF.Kernel.MaxBackgroundRadius:0.012   ; required because of AccumulatorQuality=0]]
[2021.01.06-16.30.04:229][  0]LogConfig: Applying CVar settings from Section [TextureQuality@2] File [C:/Users/Angelica .DESKTOP-RM5JOAJ/Documents/Learning Multiplayer/Puzzles/Puzzles/Saved/Config/Windows/Scalability.ini]
[2021.01.06-16.30.04:229][  0]LogConfig: Setting CVar [[r.Streaming.MipBias:0]]
[2021.01.06-16.30.04:229][  0]LogConfig: Setting CVar [[r.Streaming.AmortizeCPUToGPUCopy:0]]
[2021.01.06-16.30.04:229][  0]LogConfig: Setting CVar [[r.Streaming.MaxNumTexturesToStreamPerFrame:0]]
[2021.01.06-16.30.04:229][  0]LogConfig: Setting CVar [[r.Streaming.Boost:1]]
[2021.01.06-16.30.04:229][  0]LogConfig: Setting CVar [[r.MaxAnisotropy:4]]
[2021.01.06-16.30.04:229][  0]LogConfig: Setting CVar [[r.VT.MaxAnisotropy:8]]
[2021.01.06-16.30.04:229][  0]LogConfig: Setting CVar [[r.Streaming.LimitPoolSizeToVRAM:1]]
[2021.01.06-16.30.04:229][  0]LogConfig: Setting CVar [[r.Streaming.PoolSize:800]]
[2021.01.06-16.30.04:229][  0]LogConfig: Setting CVar [[r.Streaming.MaxEffectiveScreenSize:0]]
[2021.01.06-16.30.04:229][  0]LogConfig: Applying CVar settings from Section [EffectsQuality@2] File [C:/Users/Angelica .DESKTOP-RM5JOAJ/Documents/Learning Multiplayer/Puzzles/Puzzles/Saved/Config/Windows/Scalability.ini]
[2021.01.06-16.30.04:229][  0]LogConfig: Setting CVar [[r.TranslucencyLightingVolumeDim:48]]
[2021.01.06-16.30.04:229][  0]LogConfig: Setting CVar [[r.RefractionQuality:2]]
[2021.01.06-16.30.04:229][  0]LogConfig: Setting CVar [[r.SSR.Quality:2]]
[2021.01.06-16.30.04:229][  0]LogConfig: Setting CVar [[r.SSR.HalfResSceneColor:1]]
[2021.01.06-16.30.04:229][  0]LogConfig: Setting CVar [[r.SceneColorFormat:3]]
[2021.01.06-16.30.04:229][  0]LogConfig: Setting CVar [[r.DetailMode:1]]
[2021.01.06-16.30.04:229][  0]LogConfig: Setting CVar [[r.TranslucencyVolumeBlur:1]]
[2021.01.06-16.30.04:229][  0]LogConfig: Setting CVar [[r.MaterialQualityLevel:1 ; High quality]]
[2021.01.06-16.30.04:229][  0]LogConfig: Setting CVar [[r.SSS.Scale:1]]
[2021.01.06-16.30.04:229][  0]LogConfig: Setting CVar [[r.SSS.SampleSet:1]]
[2021.01.06-16.30.04:229][  0]LogConfig: Setting CVar [[r.SSS.Quality:-1]]
[2021.01.06-16.30.04:229][  0]LogConfig: Setting CVar [[r.SSS.HalfRes:1]]
[2021.01.06-16.30.04:229][  0]LogConfig: Setting CVar [[r.SSGI.Quality:2]]
[2021.01.06-16.30.04:229][  0]LogConfig: Setting CVar [[r.EmitterSpawnRateScale:0.5]]
[2021.01.06-16.30.04:229][  0]LogConfig: Setting CVar [[r.ParticleLightQuality:1]]
[2021.01.06-16.30.04:229][  0]LogConfig: Setting CVar [[r.SkyAtmosphere.AerialPerspectiveLUT.FastApplyOnOpaque:1 ; Always have FastSkyLUT 1 in this case to avoid wrong sky]]
[2021.01.06-16.30.04:229][  0]LogConfig: Setting CVar [[r.SkyAtmosphere.AerialPerspectiveLUT.SampleCountPerSlice:1]]
[2021.01.06-16.30.04:229][  0]LogConfig: Setting CVar [[r.SkyAtmosphere.AerialPerspectiveLUT.DepthResolution:16.0]]
[2021.01.06-16.30.04:229][  0]LogConfig: Setting CVar [[r.SkyAtmosphere.FastSkyLUT:1]]
[2021.01.06-16.30.04:229][  0]LogConfig: Setting CVar [[r.SkyAtmosphere.FastSkyLUT.SampleCountMin:4.0]]
[2021.01.06-16.30.04:229][  0]LogConfig: Setting CVar [[r.SkyAtmosphere.FastSkyLUT.SampleCountMax:32.0]]
[2021.01.06-16.30.04:229][  0]LogConfig: Setting CVar [[r.SkyAtmosphere.SampleCountMin:4.0]]
[2021.01.06-16.30.04:229][  0]LogConfig: Setting CVar [[r.SkyAtmosphere.SampleCountMax:32.0]]
[2021.01.06-16.30.04:229][  0]LogConfig: Setting CVar [[r.SkyAtmosphere.TransmittanceLUT.UseSmallFormat:0]]
[2021.01.06-16.30.04:229][  0]LogConfig: Setting CVar [[r.SkyAtmosphere.TransmittanceLUT.SampleCount:10.0]]
[2021.01.06-16.30.04:229][  0]LogConfig: Setting CVar [[r.SkyAtmosphere.MultiScatteringLUT.SampleCount:15.0]]
[2021.01.06-16.30.04:229][  0]LogConfig: Applying CVar settings from Section [FoliageQuality@2] File [C:/Users/Angelica .DESKTOP-RM5JOAJ/Documents/Learning Multiplayer/Puzzles/Puzzles/Saved/Config/Windows/Scalability.ini]
[2021.01.06-16.30.04:229][  0]LogConfig: Setting CVar [[foliage.DensityScale:0.8]]
[2021.01.06-16.30.04:229][  0]LogConfig: Setting CVar [[grass.DensityScale:0.8]]
[2021.01.06-16.30.04:229][  0]LogConfig: Applying CVar settings from Section [ShadingQuality@2] File [C:/Users/Angelica .DESKTOP-RM5JOAJ/Documents/Learning Multiplayer/Puzzles/Puzzles/Saved/Config/Windows/Scalability.ini]
[2021.01.06-16.30.04:229][  0]LogConfig: Setting CVar [[r.HairStrands.SkyLighting.SampleCount:16]]
[2021.01.06-16.30.04:229][  0]LogConfig: Setting CVar [[r.HairStrands.SkyLighting.JitterIntegration:0]]
[2021.01.06-16.30.04:229][  0]LogConfig: Setting CVar [[r.HairStrands.SkyAO.SampleCount:16]]
[2021.01.06-16.30.04:229][  0]LogConfig: Setting CVar [[r.HairStrands.DeepShadow.SuperSampling:0]]
[2021.01.06-16.30.04:229][  0]LogConfig: Setting CVar [[r.HairStrands.VisibilityPPLL:0]]
[2021.01.06-16.30.04:229][  0]LogConfig: Setting CVar [[r.HairStrands.RasterizationScale:0.5]]
[2021.01.06-16.30.04:229][  0]LogConfig: Setting CVar [[r.HairStrands.VelocityRasterizationScale:1]]
[2021.01.06-16.30.04:229][  0]LogConfig: Applying CVar settings from Section [Startup] File [../../../Engine/Config/ConsoleVariables.ini]
[2021.01.06-16.30.04:237][  0]LogConfig: Setting CVar [[net.UseAdaptiveNetUpdateFrequency:0]]
[2021.01.06-16.30.04:237][  0]LogConfig: Setting CVar [[p.chaos.AllowCreatePhysxBodies:1]]
[2021.01.06-16.30.04:237][  0]LogConfig: Setting CVar [[fx.SkipVectorVMBackendOptimizations:1]]
[2021.01.06-16.30.04:237][  0]LogConfig: Applying CVar settings from Section [ConsoleVariables] File [C:/Users/Angelica .DESKTOP-RM5JOAJ/Documents/Learning Multiplayer/Puzzles/Puzzles/Saved/Config/Windows/Engine.ini]
[2021.01.06-16.30.04:239][  0]LogInit: Computer: SKETCH-PC
[2021.01.06-16.30.04:239][  0]LogInit: User: Angelica
[2021.01.06-16.30.04:239][  0]LogInit: CPU Page size=4096, Cores=2
[2021.01.06-16.30.04:239][  0]LogInit: High frequency timer resolution =10.000000 MHz
[2021.01.06-16.30.04:239][  0]LogMemory: Memory total: Physical=15.9GB (16GB approx)
[2021.01.06-16.30.04:239][  0]LogMemory: Platform Memory Stats for Windows
[2021.01.06-16.30.04:239][  0]LogMemory: Process Physical Memory: 114.85 MB used, 114.85 MB peak
[2021.01.06-16.30.04:239][  0]LogMemory: Process Virtual Memory: 97.01 MB used, 97.01 MB peak
[2021.01.06-16.30.04:239][  0]LogMemory: Physical Memory: 5654.17 MB used,  10608.38 MB free, 16262.55 MB total
[2021.01.06-16.30.04:239][  0]LogMemory: Virtual Memory: 5124.82 MB used,  134212600.00 MB free, 134217728.00 MB total
[2021.01.06-16.30.04:247][  0]LogWindows: WindowsPlatformFeatures enabled
[2021.01.06-16.30.04:480][  0]LogInit: Physics initialised using underlying interface: PhysX
[2021.01.06-16.30.04:484][  0]LogInit: Using OS detected language (en-US).
[2021.01.06-16.30.04:484][  0]LogInit: Using OS detected locale (en-US).
[2021.01.06-16.30.04:503][  0]LogTextLocalizationManager: No specific localization for 'en-US' exists, so the 'en' localization will be used.
[2021.01.06-16.30.04:852][  0]LogInit: Setting process to per monitor DPI aware
[2021.01.06-16.30.04:998][  0]LogSlate: New Slate User Created.  User Index 0, Is Virtual User: 0
[2021.01.06-16.30.04:998][  0]LogSlate: Slate User Registered.  User Index 0, Is Virtual User: 0
[2021.01.06-16.30.08:531][  0]LogHMD: Failed to initialize OpenVR with code 110
[2021.01.06-16.30.08:531][  0]LogD3D11RHI: D3D11 min allowed feature level: 11_0
[2021.01.06-16.30.08:531][  0]LogD3D11RHI: D3D11 max allowed feature level: 11_0
[2021.01.06-16.30.08:531][  0]LogD3D11RHI: D3D11 adapters:
[2021.01.06-16.30.08:706][  0]LogD3D11RHI:    0. 'Intel(R) HD Graphics 620' (Feature Level 11_0)
[2021.01.06-16.30.08:706][  0]LogD3D11RHI:       128/0/8131 MB DedicatedVideo/DedicatedSystem/SharedSystem, Outputs:2, VendorId:0x8086
[2021.01.06-16.30.08:709][  0]LogD3D11RHI:    1. 'Microsoft Basic Render Driver' (Feature Level 11_0)
[2021.01.06-16.30.08:709][  0]LogD3D11RHI:       0/0/8131 MB DedicatedVideo/DedicatedSystem/SharedSystem, Outputs:0, VendorId:0x1414
[2021.01.06-16.30.08:713][  0]LogD3D11RHI:    2. 'Microsoft Basic Render Driver' (Feature Level 11_0)
[2021.01.06-16.30.08:713][  0]LogD3D11RHI:       0/0/8131 MB DedicatedVideo/DedicatedSystem/SharedSystem, Outputs:0, VendorId:0x1414
[2021.01.06-16.30.08:716][  0]LogD3D11RHI:    3. 'Microsoft Basic Render Driver' (Feature Level 11_0)
[2021.01.06-16.30.08:716][  0]LogD3D11RHI:       0/0/8131 MB DedicatedVideo/DedicatedSystem/SharedSystem, Outputs:0, VendorId:0x1414
[2021.01.06-16.30.08:719][  0]LogD3D11RHI:    4. 'Microsoft Basic Render Driver' (Feature Level 11_0)
[2021.01.06-16.30.08:719][  0]LogD3D11RHI:       0/0/8131 MB DedicatedVideo/DedicatedSystem/SharedSystem, Outputs:0, VendorId:0x1414
[2021.01.06-16.30.08:719][  0]LogD3D11RHI: Chosen D3D11 Adapter: 0
[2021.01.06-16.30.08:728][  0]LogD3D11RHI: Creating new Direct3DDevice
[2021.01.06-16.30.08:728][  0]LogD3D11RHI:     GPU DeviceId: 0x5916 (for the marketing name, search the web for "GPU Device Id")
[2021.01.06-16.30.08:728][  0]LogWindows: EnumDisplayDevices:
[2021.01.06-16.30.08:728][  0]LogWindows:    0. 'Intel(R) HD Graphics 620' (P:0 D:1)
[2021.01.06-16.30.08:728][  0]LogWindows:    1. 'Intel(R) HD Graphics 620' (P:0 D:0)
[2021.01.06-16.30.08:729][  0]LogWindows:    2. 'Intel(R) HD Graphics 620' (P:0 D:0)
[2021.01.06-16.30.08:729][  0]LogWindows:    3. 'MS Idd Device' (P:0 D:0)
[2021.01.06-16.30.08:729][  0]LogWindows:    4. 'MS Idd Device' (P:0 D:0)
[2021.01.06-16.30.08:729][  0]LogWindows:    5. 'MS Idd Device' (P:1 D:1)
[2021.01.06-16.30.08:729][  0]LogWindows: DebugString: GetVideoDriverDetailsInvalid PrimaryIsNotTheChoosenAdapter GetVideoDriverDetailsInvalid PrimaryIsNotTheChoosenAdapter GetVideoDriverDetailsInvalid PrimaryIsNotTheChoosenAdapter FoundDriverCount:3 
[2021.01.06-16.30.08:729][  0]LogD3D11RHI:     Adapter Name: Intel(R) HD Graphics 620
[2021.01.06-16.30.08:729][  0]LogD3D11RHI:   Driver Version: 24.20.100.6344 (internal:24.20.100.6344, unified:24.20.100.6344)
[2021.01.06-16.30.08:730][  0]LogD3D11RHI:      Driver Date: 11-10-2018
[2021.01.06-16.30.08:730][  0]LogRHI: Texture pool is 1523 MB (70% of 2176 MB)
[2021.01.06-16.30.08:740][  0]LogD3D11RHI: [IntelMetricsDiscovery] Failed to initialize context. Result=00000002
[2021.01.06-16.30.08:889][  0]LogD3D11RHI: RHI does not have support for 64 bit atomics
[2021.01.06-16.30.08:889][  0]LogD3D11RHI: Async texture creation enabled
[2021.01.06-16.30.08:889][  0]LogD3D11RHI: Array index from any shader is supported
[2021.01.06-16.30.08:915][  0]LogD3D11RHI: GPU Timing Frequency: 12.000048 (Debug: 2 0)
[2021.01.06-16.30.09:389][  0]LogTargetPlatformManager: Display: Loaded TargetPlatform 'AllDesktop'
[2021.01.06-16.30.09:423][  0]LogTargetPlatformManager: Display: Loaded TargetPlatform 'Android'
[2021.01.06-16.30.09:423][  0]LogTargetPlatformManager: Display: Loaded TargetPlatform 'Android_ASTC'
[2021.01.06-16.30.09:423][  0]LogTargetPlatformManager: Display: Loaded TargetPlatform 'Android_DXT'
[2021.01.06-16.30.09:423][  0]LogTargetPlatformManager: Display: Loaded TargetPlatform 'Android_ETC2'
[2021.01.06-16.30.09:423][  0]LogTargetPlatformManager: Display: Loaded TargetPlatform 'AndroidClient'
[2021.01.06-16.30.09:423][  0]LogTargetPlatformManager: Display: Loaded TargetPlatform 'Android_ASTCClient'
[2021.01.06-16.30.09:423][  0]LogTargetPlatformManager: Display: Loaded TargetPlatform 'Android_DXTClient'
[2021.01.06-16.30.09:423][  0]LogTargetPlatformManager: Display: Loaded TargetPlatform 'Android_ETC2Client'
[2021.01.06-16.30.09:423][  0]LogTargetPlatformManager: Display: Loaded TargetPlatform 'Android_Multi'
[2021.01.06-16.30.09:423][  0]LogTargetPlatformManager: Display: Loaded TargetPlatform 'Android_MultiClient'
[2021.01.06-16.30.09:464][  0]LogTargetPlatformManager: Display: Loaded TargetPlatform 'IOSClient'
[2021.01.06-16.30.09:465][  0]LogTargetPlatformManager: Display: Loaded TargetPlatform 'IOS'
[2021.01.06-16.30.09:489][  0]LogTargetPlatformManager: Display: Loaded TargetPlatform 'Linux'
[2021.01.06-16.30.09:502][  0]LogTargetPlatformManager: Display: Loaded TargetPlatform 'LinuxNoEditor'
[2021.01.06-16.30.09:516][  0]LogTargetPlatformManager: Display: Loaded TargetPlatform 'LinuxClient'
[2021.01.06-16.30.09:530][  0]LogTargetPlatformManager: Display: Loaded TargetPlatform 'LinuxServer'
[2021.01.06-16.30.09:544][  0]LogTargetPlatformManager: Display: Loaded TargetPlatform 'LinuxAArch64NoEditor'
[2021.01.06-16.30.09:558][  0]LogTargetPlatformManager: Display: Loaded TargetPlatform 'LinuxAArch64Client'
[2021.01.06-16.30.09:570][  0]LogTargetPlatformManager: Display: Loaded TargetPlatform 'LinuxAArch64Server'
[2021.01.06-16.30.09:609][  0]LogTargetPlatformManager: Display: Loaded TargetPlatform 'Lumin'
[2021.01.06-16.30.09:609][  0]LogTargetPlatformManager: Display: Loaded TargetPlatform 'LuminClient'
[2021.01.06-16.30.09:631][  0]LogTargetPlatformManager: Display: Loaded TargetPlatform 'TVOSClient'
[2021.01.06-16.30.09:631][  0]LogTargetPlatformManager: Display: Loaded TargetPlatform 'TVOS'
[2021.01.06-16.30.09:643][  0]LogTargetPlatformManager: Display: Loaded TargetPlatform 'WindowsNoEditor'
[2021.01.06-16.30.09:655][  0]LogTargetPlatformManager: Display: Loaded TargetPlatform 'Windows'
[2021.01.06-16.30.09:667][  0]LogTargetPlatformManager: Display: Loaded TargetPlatform 'WindowsClient'
[2021.01.06-16.30.09:679][  0]LogTargetPlatformManager: Display: Loaded TargetPlatform 'WindowsServer'
[2021.01.06-16.30.09:679][  0]LogTargetPlatformManager: Display: Building Assets For Windows
[2021.01.06-16.30.09:729][  0]LogAudioDebug: Display: Lib vorbis DLL was dynamically loaded.
[2021.01.06-16.30.09:869][  0]LogShaderCompilers: Guid format shader working directory is -31 characters bigger than the processId version (../../../../../../Users/Angelica .DESKTOP-RM5JOAJ/Documents/Learning Multiplayer/Puzzles/Puzzles/Intermediate/Shaders/WorkingDirectory/17276/).
[2021.01.06-16.30.09:869][  0]LogShaderCompilers: Cleaned the shader compiler working directory 'C:/Users/Angelica .DESKTOP-RM5JOAJ/AppData/Local/Temp/UnrealShaderWorkingDir/574670BB438892329718DAAFD90D44BE/'.
[2021.01.06-16.30.09:870][  0]LogXGEController: Cleaning working directory: C:/Users/Angelica .DESKTOP-RM5JOAJ/AppData/Local/Temp/UnrealXGEWorkingDir/
[2021.01.06-16.30.09:871][  0]LogXGEController: Cannot use XGE Controller as Incredibuild is not installed on this machine.
[2021.01.06-16.30.09:871][  0]LogShaderCompilers: Cannot use XGE Shader Compiler as Incredibuild is not installed on this machine.
[2021.01.06-16.30.09:871][  0]LogShaderCompilers: Display: Using Local Shader Compiler.
[2021.01.06-16.30.13:966][  0]LogDerivedDataCache: Display: Max Cache Size: 512 MB
[2021.01.06-16.30.14:086][  0]LogDerivedDataCache: Loaded boot cache 0.12s 83MB C:/Users/Angelica .DESKTOP-RM5JOAJ/AppData/Local/UnrealEngine/4.25/DerivedDataCache/Boot.ddc.
[2021.01.06-16.30.14:086][  0]LogDerivedDataCache: Display: Loaded Boot cache: C:/Users/Angelica .DESKTOP-RM5JOAJ/AppData/Local/UnrealEngine/4.25/DerivedDataCache/Boot.ddc
[2021.01.06-16.30.14:086][  0]LogDerivedDataCache: FDerivedDataBackendGraph:  Pak pak cache file ../../../../../../Users/Angelica .DESKTOP-RM5JOAJ/Documents/Learning Multiplayer/Puzzles/Puzzles/DerivedDataCache/DDC.ddp not found, will not use a pak cache.
[2021.01.06-16.30.14:086][  0]LogDerivedDataCache: Unable to find inner node Pak for hierarchical cache Hierarchy.
[2021.01.06-16.30.14:086][  0]LogDerivedDataCache: FDerivedDataBackendGraph:  CompressedPak pak cache file ../../../../../../Users/Angelica .DESKTOP-RM5JOAJ/Documents/Learning Multiplayer/Puzzles/Puzzles/DerivedDataCache/Compressed.ddp not found, will not use a pak cache.
[2021.01.06-16.30.14:086][  0]LogDerivedDataCache: Unable to find inner node CompressedPak for hierarchical cache Hierarchy.
[2021.01.06-16.30.14:109][  0]LogDerivedDataCache: Display: Pak cache opened for reading ../../../Engine/DerivedDataCache/Compressed.ddp.
[2021.01.06-16.30.14:110][  0]LogDerivedDataCache: FDerivedDataBackendGraph:  EnterprisePak pak cache file ../../../Enterprise/DerivedDataCache/Compressed.ddp not found, will not use a pak cache.
[2021.01.06-16.30.14:110][  0]LogDerivedDataCache: Unable to find inner node EnterprisePak for hierarchical cache Hierarchy.
[2021.01.06-16.30.14:112][  0]LogDerivedDataCache: Using Local data cache path C:/Users/Angelica .DESKTOP-RM5JOAJ/AppData/Local/UnrealEngine/Common/DerivedDataCache: Writable
[2021.01.06-16.30.14:112][  0]LogDerivedDataCache: Shared data cache path not found in *engine.ini, will not use an Shared cache.
[2021.01.06-16.30.14:112][  0]LogDerivedDataCache: Unable to find inner node Shared for hierarchical cache Hierarchy.
[2021.01.06-16.30.14:179][  0]LogSlate: Using FreeType 2.10.0
[2021.01.06-16.30.14:201][  0]LogSlate: SlateFontServices - WITH_FREETYPE: 1, WITH_HARFBUZZ: 1
[2021.01.06-16.30.14:270][  0]LogAssetRegistry: FAssetRegistry took 0.0049 seconds to start up
[2021.01.06-16.30.14:695][  0]LogInit: Selected Device Profile: [Windows]
[2021.01.06-16.30.15:001][  0]LogMeshReduction: Using QuadricMeshReduction for automatic static mesh reduction
[2021.01.06-16.30.15:001][  0]LogMeshReduction: Using SimplygonMeshReduction for automatic skeletal mesh reduction
[2021.01.06-16.30.15:001][  0]LogMeshReduction: Using ProxyLODMeshReduction for automatic mesh merging
[2021.01.06-16.30.15:001][  0]LogMeshReduction: No distributed automatic mesh merging module available
[2021.01.06-16.30.15:001][  0]LogMeshMerging: No distributed automatic mesh merging module available
[2021.01.06-16.30.15:071][  0]LogNetVersion: Puzzles 1.0.0, NetCL: 13144385, EngineNetVer: 14, GameNetVer: 0 (Checksum: 1097821826)
[2021.01.06-16.30.16:937][  0]LogAISub: UAISubsystem::UAISubsystem AISubsystem (0000029A8EF4D800), frame # 0
[2021.01.06-16.30.16:937][  0]LogAISub: UAISubsystem::UAISubsystem AIPerceptionSystem (0000029A8EE72980), frame # 0
[2021.01.06-16.30.16:941][  0]LogAISub: UAISubsystem::UAISubsystem EnvQueryManager (0000029A8EFCAC00), frame # 0
[2021.01.06-16.30.17:064][  0]LogPackageLocalizationCache: Processed 19 localized package path(s) for 1 prioritized culture(s) in 0.088308 seconds
[2021.01.06-16.30.17:071][  0]LogUObjectArray: 15917 objects as part of root set at end of initial load.
[2021.01.06-16.30.17:071][  0]LogUObjectAllocator: 3965568 out of 0 bytes used by permanent object pool.
[2021.01.06-16.30.17:071][  0]LogUObjectArray: CloseDisregardForGC: 0/0 objects in disregard for GC pool
[2021.01.06-16.30.18:169][  0]LogTcpMessaging: Initializing TcpMessaging bridge
[2021.01.06-16.30.18:176][  0]LogUdpMessaging: Initializing bridge on interface 0.0.0.0:0 to multicast group 230.0.0.1:6666.
[2021.01.06-16.30.18:468][  0]SourceControl: Source control is disabled
[2021.01.06-16.30.18:468][  0]SourceControl: Source control is disabled
[2021.01.06-16.30.18:478][  0]SourceControl: Source control is disabled
[2021.01.06-16.30.18:484][  0]SourceControl: Source control is disabled
[2021.01.06-16.30.18:497][  0]SourceControl: Source control is disabled
[2021.01.06-16.30.18:974][  0]LogAndroidPermission: UAndroidPermissionCallbackProxy::GetInstance
[2021.01.06-16.30.19:005][  0]LogAudioCaptureCore: Display: No Audio Capture implementations found. Audio input will be silent.
[2021.01.06-16.30.19:005][  0]LogAudioCaptureCore: Display: No Audio Capture implementations found. Audio input will be silent.
[2021.01.06-16.30.19:115][  0]LogOcInput: OculusInput pre-init called
[2021.01.06-16.30.19:135][  0]LogWindows: Failed to load 'OVRPlugin.dll' (GetLastError=126)
[2021.01.06-16.30.19:135][  0]LogWindows: File 'OVRPlugin.dll' does not exist
[2021.01.06-16.30.19:289][  0]LogEngine: Initializing Engine...
[2021.01.06-16.30.19:292][  0]LogHMD: Failed to initialize OpenVR with code 110
[2021.01.06-16.30.19:292][  0]LogMagicLeap: Warning: VR disabled because ZI is not enabled.  To enable, in the editor, Edit -> Project Settings -> Plugins -> Magic Leap Plugin -> Enable Zero Iteration
[2021.01.06-16.30.19:294][  0]LogStats: UGameplayTagsManager::InitializeManager -  0.001 s
[2021.01.06-16.30.19:677][  0]LogInit: Initializing FReadOnlyCVARCache
[2021.01.06-16.30.19:706][  0]LogAIModule: Creating AISystem for world Untitled
[2021.01.06-16.30.19:706][  0]LogAISub: UAISubsystem::UAISubsystem EnvQueryManager (0000029A8F6BC800), frame # 0
[2021.01.06-16.30.19:706][  0]LogAISub: UAISubsystem::UAISubsystem AIPerceptionSystem (0000029A8F6EC680), frame # 0
[2021.01.06-16.30.19:718][  0]LogAudioMixer: Display: Audio Mixer Platform Settings:
[2021.01.06-16.30.19:718][  0]LogAudioMixer: Display: 	Sample Rate:						  48000
[2021.01.06-16.30.19:718][  0]LogAudioMixer: Display: 	Callback Buffer Frame Size Requested: 1024
[2021.01.06-16.30.19:718][  0]LogAudioMixer: Display: 	Callback Buffer Frame Size To Use:	  1024
[2021.01.06-16.30.19:718][  0]LogAudioMixer: Display: 	Number of buffers to queue:			  2
[2021.01.06-16.30.19:718][  0]LogAudioMixer: Display: 	Max Channels (voices):				  32
[2021.01.06-16.30.19:718][  0]LogAudioMixer: Display: 	Number of Async Source Workers:		  0
[2021.01.06-16.30.19:718][  0]LogAudio: Display: AudioDevice MaxSources: 32
[2021.01.06-16.30.19:719][  0]LogAudio: Display: Using built-in audio occlusion.
[2021.01.06-16.30.19:719][  0]LogAudioMixer: Display: Initializing audio mixer.
[2021.01.06-16.30.19:759][  0]LogAudioMixer: Display: 0: FrontLeft
[2021.01.06-16.30.19:759][  0]LogAudioMixer: Display: 1: FrontRight
[2021.01.06-16.30.20:674][  0]LogAudioMixer: Display: Using Audio Device Speaker/Headphone (Realtek High Definition Audio(SST))
[2021.01.06-16.30.20:676][  0]LogAudioMixer: Display: Initializing Sound Submixes...
[2021.01.06-16.30.20:711][  0]LogAudioMixer: Display: Creating Master Submix 'MasterSubmixDefault'
[2021.01.06-16.30.20:711][  0]LogAudioMixer: Display: Creating Master Submix 'MasterReverbSubmixDefault'
[2021.01.06-16.30.20:712][  0]LogAudioMixer: Display: Creating Master Submix 'MasterEQSubmixDefault'
[2021.01.06-16.30.20:713][  0]LogInit: FAudioDevice initialized.
[2021.01.06-16.30.20:714][  0]LogNetVersion: Set ProjectVersion to 1.0.0.0. Version Checksum will be recalculated on next use.
[2021.01.06-16.30.20:765][  0]LogDerivedDataCache: Saved boot cache 0.05s 83MB C:/Users/Angelica .DESKTOP-RM5JOAJ/AppData/Local/UnrealEngine/4.25/DerivedDataCache/Boot.ddc.
[2021.01.06-16.30.20:770][  0]LogInit: Texture streaming: Enabled
[2021.01.06-16.30.20:815][  0]LogEngineSessionManager: EngineSessionManager initialized
[2021.01.06-16.30.20:815][  0]LogEngineSessionManager: EngineSessionManager sent abnormal shutdown report. Type=AbnormalShutdown, SessionId={890F35E4-42C6-57DD-BF82-1D901EA775AF}
[2021.01.06-16.30.20:815][  0]LogEditorSessionSummary: Verbose: Initializing EditorSessionSummaryWriter for editor session tracking
[2021.01.06-16.30.20:828][  0]LogEditorSessionSummary: EditorSessionSummaryWriter initialized
[2021.01.06-16.30.21:112][  0]LogInit: Transaction tracking system initialized
[2021.01.06-16.30.21:161][  0]BlueprintLog: New page: Editor Load
[2021.01.06-16.30.21:340][  0]LocalizationService: Localization service is disabled
[2021.01.06-16.30.22:155][  0]LogCook: Display: Max memory allowance for cook 16384mb min free memory 0mb
[2021.01.06-16.30.22:156][  0]LogCook: Display: Mobile HDR setting 1
[2021.01.06-16.30.22:600][  0]LogFileCache: Scanning file cache for directory 'C:/Users/Angelica .DESKTOP-RM5JOAJ/Documents/Learning Multiplayer/Puzzles/Puzzles/Content/' took 0.02s
[2021.01.06-16.30.23:129][  0]SourceControl: Source control is disabled
[2021.01.06-16.30.23:130][  0]LogUnrealEdMisc: Loading editor; pre map load, took 26.135
[2021.01.06-16.30.23:130][  0]Cmd: MAP LOAD FILE="../../../../../../Users/Angelica .DESKTOP-RM5JOAJ/Documents/Learning Multiplayer/Puzzles/Puzzles/Content/Maps/Main.umap" TEMPLATE=0 SHOWPROGRESS=1 FEATURELEVEL=3
[2021.01.06-16.30.23:139][  0]LightingResults: New page: Lighting Build
[2021.01.06-16.30.23:144][  0]LogWorld: UWorld::CleanupWorld for Untitled, bSessionEnded=true, bCleanupResources=true
[2021.01.06-16.30.23:144][  0]LogSlate: InvalidateAllWidgets triggered.  All widgets were invalidated
[2021.01.06-16.30.23:144][  0]MapCheck: New page: Map Check
[2021.01.06-16.30.23:145][  0]LightingResults: New page: Lighting Build
[2021.01.06-16.30.23:164][  0]LogAISub: UAISubsystem::~UAISubsystem EnvQueryManager (0000029A8F6BC800), frame # 0
[2021.01.06-16.30.23:164][  0]LogAISub: UAISubsystem::~UAISubsystem AIPerceptionSystem (0000029A8F6EC680), frame # 0
[2021.01.06-16.30.23:166][  0]LogUObjectHash: Compacting FUObjectHashTables data took   1.51ms
[2021.01.06-16.30.23:999][  0]LogAIModule: Creating AISystem for world Main
[2021.01.06-16.30.23:999][  0]LogAISub: UAISubsystem::UAISubsystem EnvQueryManager (0000029A80617E00), frame # 0
[2021.01.06-16.30.23:999][  0]LogAISub: UAISubsystem::UAISubsystem AIPerceptionSystem (0000029A80642FC0), frame # 0
[2021.01.06-16.30.24:154][  0]LogEditorServer: Finished looking for orphan Actors (0.000 secs)
[2021.01.06-16.30.24:316][  0]LogUObjectHash: Compacting FUObjectHashTables data took   1.24ms
[2021.01.06-16.30.24:317][  0]Cmd: MAP CHECKDEP NOCLEARLOG
[2021.01.06-16.30.24:317][  0]MapCheck: Map check complete: 0 Error(s), 0 Warning(s), took 0.637ms to complete.
[2021.01.06-16.30.24:318][  0]LogFileHelpers: Loading map 'Main' took 1.188
[2021.01.06-16.30.24:344][  0]LogUnrealEdMisc: Total Editor Startup Time, took 27.349
[2021.01.06-16.30.25:182][  0]LogCollectionManager: Loaded 0 collections in 0.002903 seconds
[2021.01.06-16.30.25:221][  0]LogFileCache: Scanning file cache for directory 'C:/Users/Angelica .DESKTOP-RM5JOAJ/Documents/Learning Multiplayer/Puzzles/Puzzles/Saved/Collections/' took 0.00s
[2021.01.06-16.30.25:221][  0]LogFileCache: Scanning file cache for directory 'C:/Users/Angelica .DESKTOP-RM5JOAJ/Documents/Learning Multiplayer/Puzzles/Puzzles/Content/Developers/Angelica/Collections/' took 0.00s
[2021.01.06-16.30.25:221][  0]LogFileCache: Scanning file cache for directory 'C:/Users/Angelica .DESKTOP-RM5JOAJ/Documents/Learning Multiplayer/Puzzles/Puzzles/Content/Collections/' took 0.00s
[2021.01.06-16.30.25:221][  0]LogContentBrowser: Native class hierarchy populated in 0.0140 seconds. Added 3437 classes and 823 folders.
[2021.01.06-16.30.25:231][  0]LogContentBrowser: Native class hierarchy updated for 'WidgetCarousel' in 0.0007 seconds. Added 0 classes and 0 folders.
[2021.01.06-16.30.25:751][  0]LogContentBrowser: Native class hierarchy updated for 'AddContentDialog' in 0.0005 seconds. Added 0 classes and 0 folders.
[2021.01.06-16.30.25:757][  0]LogContentBrowser: Native class hierarchy updated for 'SceneOutliner' in 0.0009 seconds. Added 2 classes and 0 folders.
[2021.01.06-16.30.25:826][  0]LogSlate: Updating window title bar state: overlay mode, drag disabled, window buttons hidden, title bar hidden
[2021.01.06-16.30.25:837][  0]LogSlate: Updating window title bar state: overlay mode, drag disabled, window buttons hidden, title bar hidden
[2021.01.06-16.30.25:846][  0]LogSlate: Updating window title bar state: overlay mode, drag disabled, window buttons hidden, title bar hidden
[2021.01.06-16.30.25:857][  0]LogSlate: Updating window title bar state: overlay mode, drag disabled, window buttons hidden, title bar hidden
[2021.01.06-16.30.25:911][  0]LogSlate: Took 0.006982 seconds to synchronously load lazily loaded font '../../../Engine/Content/Slate/Fonts/Roboto-Regular.ttf' (155K)
[2021.01.06-16.30.26:585][  0]LogSlate: Took 0.013107 seconds to synchronously load lazily loaded font '../../../Engine/Content/Editor/Slate/Fonts/FontAwesome.ttf' (139K)
[2021.01.06-16.30.26:606][  0]LogSlate: Took 0.019504 seconds to synchronously load lazily loaded font '../../../Engine/Content/Slate/Fonts/Roboto-Bold.ttf' (160K)
[2021.01.06-16.30.26:639][  0]LogSlate: Took 0.014536 seconds to synchronously load lazily loaded font '../../../Engine/Content/Slate/Fonts/DroidSansMono.ttf' (77K)
[2021.01.06-16.30.26:747][  0]LogSlate: Took 0.016547 seconds to synchronously load lazily loaded font '../../../Engine/Content/Slate/Fonts/Roboto-Light.ttf' (167K)
[2021.01.06-16.30.27:091][  0]LogRenderer: Reallocating scene render targets to support 1188x476 Format 9 NumSamples 1 (Frame:1).
[2021.01.06-16.30.27:268][  0]LogContentBrowser: Native class hierarchy updated for 'HierarchicalLODOutliner' in 0.0009 seconds. Added 0 classes and 0 folders.
[2021.01.06-16.30.27:269][  0]LogLoad: (Engine Initialization) Total time: 30.27 seconds
[2021.01.06-16.30.27:269][  0]LogLoad: (Engine Initialization) Total Blueprint compile time: 0.00 seconds
[2021.01.06-16.30.27:653][  0]LogContentStreaming: Texture pool size now 800 MB
[2021.01.06-16.30.28:000][  3]LogAssetRegistry: Asset discovery search completed in 13.7322 seconds
[2021.01.06-16.30.28:019][  3]LogCollectionManager: Fixed up redirectors for 0 collections in 0.000007 seconds (updated 0 objects)
[2021.01.06-16.30.39:021][287]LogLinker: Warning: Unable to load Health Component with outer BP_PuzzleSolver_C /Game/Blueprints/BP_PuzzleSolver.Default__BP_PuzzleSolver_C because its class does not exist
[2021.01.06-16.30.46:437][595]LogUObjectHash: Compacting FUObjectHashTables data took   2.14ms
[2021.01.06-16.31.09:289][595]LogMainFrame: Selected target: Puzzles
[2021.01.06-16.31.09:290][595]LogLauncherProfile: Unable to use promoted target - ../../../../../../Users/Angelica .DESKTOP-RM5JOAJ/Documents/Learning Multiplayer/Puzzles/Puzzles/Binaries/Win64/Puzzles.target does not exist.
[2021.01.06-16.31.09:507][601]UATHelper: Packaging (Windows (64-bit)): Running AutomationTool...
[2021.01.06-16.31.09:841][609]UATHelper: Packaging (Windows (64-bit)): Parsing command line: -ScriptsForProject="C:/Users/Angelica .DESKTOP-RM5JOAJ/Documents/Learning Multiplayer/Puzzles/Puzzles/Puzzles.uproject" BuildCookRun -nocompileeditor -installed -nop4 -project="C:/Users/Angelica .DESKTOP-RM5JOAJ/Documents/Learning Multiplayer/Puzzles/Puzzles/Puzzles.uproject" -cook -stage -archive -archivedirectory="C:/Users/Angelica .DESKTOP-RM5JOAJ/Documents/PORTFOLIO/Puzzles" -package -ue4exe="C:\Program Files\Epic Games\UE_4.25\Engine\Binaries\Win64\UE4Editor-Cmd.exe" -pak -prereqs -nodebuginfo -targetplatform=Win64 -build -target=Puzzles -clientconfig=Development -utf8output
[2021.01.06-16.31.12:173][663]UATHelper: Packaging (Windows (64-bit)): Setting up ProjectParams for C:\Users\Angelica .DESKTOP-RM5JOAJ\Documents\Learning Multiplayer\Puzzles\Puzzles\Puzzles.uproject
[2021.01.06-16.31.13:503][694]UATHelper: Packaging (Windows (64-bit)): ********** BUILD COMMAND STARTED **********
[2021.01.06-16.31.13:550][695]UATHelper: Packaging (Windows (64-bit)): Running: C:\Program Files\Epic Games\UE_4.25\Engine\Binaries\DotNET\UnrealBuildTool.exe Puzzles Win64 Development -Project="C:\Users\Angelica .DESKTOP-RM5JOAJ\Documents\Learning Multiplayer\Puzzles\Puzzles\Puzzles.uproject"  "C:\Users\Angelica .DESKTOP-RM5JOAJ\Documents\Learning Multiplayer\Puzzles\Puzzles\Puzzles.uproject" -NoUBTMakefiles  -remoteini="C:\Users\Angelica .DESKTOP-RM5JOAJ\Documents\Learning Multiplayer\Puzzles\Puzzles" -skipdeploy -Manifest="C:\Users\Angelica .DESKTOP-RM5JOAJ\Documents\Learning Multiplayer\Puzzles\Puzzles\Intermediate\Build\Manifest.xml" -NoHotReload -log="C:\Users\Angelica .DESKTOP-RM5JOAJ\AppData\Roaming\Unreal Engine\AutomationTool\Logs\C+Program+Files+Epic+Games+UE_4.25\UBT-Puzzles-Win64-Development.txt"
[2021.01.06-16.31.15:200][733]UATHelper: Packaging (Windows (64-bit)):   Using 'git status' to determine working set for adaptive non-unity build (C:\Users\Angelica .DESKTOP-RM5JOAJ\Documents\Learning Multiplayer\Puzzles).
[2021.01.06-16.31.32:619][ 67]UATHelper: Packaging (Windows (64-bit)):   Parsing headers for Puzzles
[2021.01.06-16.31.33:017][ 75]UATHelper: Packaging (Windows (64-bit)):     Running UnrealHeaderTool "C:\Users\Angelica .DESKTOP-RM5JOAJ\Documents\Learning Multiplayer\Puzzles\Puzzles\Puzzles.uproject" "C:\Users\Angelica .DESKTOP-RM5JOAJ\Documents\Learning Multiplayer\Puzzles\Puzzles\Intermediate\Build\Win64\Puzzles\Development\Puzzles.uhtmanifest" -LogCmds="loginit warning, logexit warning, logdatabase error" -Unattended -WarningsAsErrors -abslog="C:\Users\Angelica .DESKTOP-RM5JOAJ\AppData\Roaming\Unreal Engine\AutomationTool\Logs\C+Program+Files+Epic+Games+UE_4.25\UHT-Puzzles-Win64-Development.txt" -installed
[2021.01.06-16.33.47:705][449]UATHelper: Packaging (Windows (64-bit)):   Reflection code generated for Puzzles in 134.5575865 seconds
[2021.01.06-16.33.55:881][460]UATHelper: Packaging (Windows (64-bit)):   Writing manifest to C:\Users\Angelica .DESKTOP-RM5JOAJ\Documents\Learning Multiplayer\Puzzles\Puzzles\Intermediate\Build\Manifest.xml
[2021.01.06-16.33.55:882][460]UATHelper: Packaging (Windows (64-bit)):   Building Puzzles...
[2021.01.06-16.33.55:882][460]UATHelper: Packaging (Windows (64-bit)):   Using Visual Studio 2019 14.25.28614 toolchain (C:\Program Files (x86)\Microsoft Visual Studio\2019\Community\VC\Tools\MSVC\14.25.28610) and Windows 10.0.18362.0 SDK (C:\Program Files (x86)\Windows Kits\10).
[2021.01.06-16.33.55:882][460]UATHelper: Packaging (Windows (64-bit)):   Building 26 actions with 4 processes...
[2021.01.06-16.33.56:905][464]UATHelper: Packaging (Windows (64-bit)):     [1/26] Default.rc2
[2021.01.06-16.34.48:604][613]UATHelper: Packaging (Windows (64-bit)):     [2/26] SharedPCH.Engine.ShadowErrors.cpp
[2021.01.06-16.34.49:617][616]UATHelper: Packaging (Windows (64-bit)):     [3/26] MenuInterface.cpp
[2021.01.06-16.34.50:960][620]UATHelper: Packaging (Windows (64-bit)):     [4/26] MovingPlatforms.cpp
[2021.01.06-16.34.56:332][636]UATHelper: Packaging (Windows (64-bit)):     [5/26] MenuWidget.cpp
[2021.01.06-16.34.56:665][637]UATHelper: Packaging (Windows (64-bit)):     [6/26] InGameMenu.cpp
[2021.01.06-16.34.56:998][638]UATHelper: Packaging (Windows (64-bit)):     [7/26] MainMenu.cpp
[2021.01.06-16.34.57:336][639]UATHelper: Packaging (Windows (64-bit)):     [8/26] Puzzles.cpp
[2021.01.06-16.34.58:010][641]UATHelper: Packaging (Windows (64-bit)):     [9/26] PuzzlesGameModeBase.cpp
[2021.01.06-16.34.59:020][644]UATHelper: Packaging (Windows (64-bit)):     [10/26] Trigger.cpp
[2021.01.06-16.35.00:027][647]UATHelper: Packaging (Windows (64-bit)):     [11/26] PuzzleGameInstance.cpp
[2021.01.06-16.35.00:027][647]UATHelper: Packaging (Windows (64-bit)):     [12/26] PuzzleSolver.cpp
[2021.01.06-16.35.01:038][650]UATHelper: Packaging (Windows (64-bit)):     [13/26] MenuInterface.gen.cpp
[2021.01.06-16.35.01:708][652]UATHelper: Packaging (Windows (64-bit)):     [14/26] MovingPlatforms.gen.cpp
[2021.01.06-16.35.03:049][656]UATHelper: Packaging (Windows (64-bit)):     [15/26] Puzzles.init.gen.cpp
[2021.01.06-16.35.03:049][656]UATHelper: Packaging (Windows (64-bit)):     [16/26] PuzzleGameInstance.gen.cpp
[2021.01.06-16.35.04:726][661]UATHelper: Packaging (Windows (64-bit)):     [17/26] PuzzleSolver.gen.cpp
[2021.01.06-16.35.04:726][661]UATHelper: Packaging (Windows (64-bit)):     [18/26] PuzzlesGameModeBase.gen.cpp
[2021.01.06-16.35.06:404][666]UATHelper: Packaging (Windows (64-bit)):     [19/26] Trigger.gen.cpp
[2021.01.06-16.35.07:740][670]UATHelper: Packaging (Windows (64-bit)):     [20/26] MainMenu.gen.cpp
[2021.01.06-16.35.09:083][674]UATHelper: Packaging (Windows (64-bit)):     [21/26] MenuWidget.gen.cpp
[2021.01.06-16.35.13:096][686]UATHelper: Packaging (Windows (64-bit)):     [22/26] WinScreenMenu.gen.cpp
[2021.01.06-16.35.14:105][689]UATHelper: Packaging (Windows (64-bit)):     [23/26] InGameMenu.gen.cpp
[2021.01.06-16.35.15:106][692]UATHelper: Packaging (Windows (64-bit)):     [24/26] WinScreenMenu.cpp
[2021.01.06-16.35.28:130][731]UATHelper: Packaging (Windows (64-bit)):     [25/26] Puzzles.exe
[2021.01.06-16.35.28:130][731]UATHelper: Packaging (Windows (64-bit)):        Creating library C:\Users\Angelica .DESKTOP-RM5JOAJ\Documents\Learning Multiplayer\Puzzles\Puzzles\Binaries\Win64\Puzzles.lib and object C:\Users\Angelica .DESKTOP-RM5JOAJ\Documents\Learning Multiplayer\Puzzles\Puzzles\Binaries\Win64\Puzzles.exp
[2021.01.06-16.35.28:468][732]UATHelper: Packaging (Windows (64-bit)):     [26/26] Puzzles.target
[2021.01.06-16.35.28:468][732]UATHelper: Packaging (Windows (64-bit)):   Total time in Parallel executor: 96.33 seconds
[2021.01.06-16.35.28:468][732]UATHelper: Packaging (Windows (64-bit)):   Total execution time: 254.63 seconds
[2021.01.06-16.35.28:468][732]UATHelper: Packaging (Windows (64-bit)): Took 254.8471668s to run UnrealBuildTool.exe, ExitCode=0
[2021.01.06-16.35.28:468][732]UATHelper: Packaging (Windows (64-bit)): ********** BUILD COMMAND COMPLETED **********
[2021.01.06-16.35.28:468][732]UATHelper: Packaging (Windows (64-bit)): ********** COOK COMMAND STARTED **********
[2021.01.06-16.35.28:468][732]UATHelper: Packaging (Windows (64-bit)): Running UE4Editor Cook for project C:\Users\Angelica .DESKTOP-RM5JOAJ\Documents\Learning Multiplayer\Puzzles\Puzzles\Puzzles.uproject
[2021.01.06-16.35.28:469][732]UATHelper: Packaging (Windows (64-bit)): Commandlet log file is C:\Program Files\Epic Games\UE_4.25\Engine\Programs\AutomationTool\Saved\Cook-2021.01.06-11.35.28.txt
[2021.01.06-16.35.28:469][732]UATHelper: Packaging (Windows (64-bit)): Running: C:\Program Files\Epic Games\UE_4.25\Engine\Binaries\Win64\UE4Editor-Cmd.exe "C:\Users\Angelica .DESKTOP-RM5JOAJ\Documents\Learning Multiplayer\Puzzles\Puzzles\Puzzles.uproject" -run=Cook  -TargetPlatform=WindowsNoEditor -fileopenlog -unversioned -abslog="C:\Program Files\Epic Games\UE_4.25\Engine\Programs\AutomationTool\Saved\Cook-2021.01.06-11.35.28.txt" -stdout -CrashForUAT -unattended -NoLogTimes  -UTF8Output
[2021.01.06-16.35.29:136][734]UATHelper: Packaging (Windows (64-bit)):   LogInit: Display: Running engine for game: Puzzles
[2021.01.06-16.35.32:136][743]UATHelper: Packaging (Windows (64-bit)):   LogHAL: Display: Platform has ~ 16 GB [17052516352 / 17179869184 / 16], which maps to Larger [LargestMinGB=32, LargerMinGB=12, DefaultMinGB=8, SmallerMinGB=6, SmallestMinGB=0)
[2021.01.06-16.35.32:806][745]UATHelper: Packaging (Windows (64-bit)):   LogTargetPlatformManager: Display: Loaded TargetPlatform 'AllDesktop'
[2021.01.06-16.35.32:806][745]UATHelper: Packaging (Windows (64-bit)):   LogTargetPlatformManager: Display: Loaded TargetPlatform 'Android'
[2021.01.06-16.35.32:806][745]UATHelper: Packaging (Windows (64-bit)):   LogTargetPlatformManager: Display: Loaded TargetPlatform 'Android_ASTC'
[2021.01.06-16.35.32:806][745]UATHelper: Packaging (Windows (64-bit)):   LogTargetPlatformManager: Display: Loaded TargetPlatform 'Android_DXT'
[2021.01.06-16.35.32:806][745]UATHelper: Packaging (Windows (64-bit)):   LogTargetPlatformManager: Display: Loaded TargetPlatform 'Android_ETC2'
[2021.01.06-16.35.32:806][745]UATHelper: Packaging (Windows (64-bit)):   LogTargetPlatformManager: Display: Loaded TargetPlatform 'AndroidClient'
[2021.01.06-16.35.32:806][745]UATHelper: Packaging (Windows (64-bit)):   LogTargetPlatformManager: Display: Loaded TargetPlatform 'Android_ASTCClient'
[2021.01.06-16.35.32:806][745]UATHelper: Packaging (Windows (64-bit)):   LogTargetPlatformManager: Display: Loaded TargetPlatform 'Android_DXTClient'
[2021.01.06-16.35.32:806][745]UATHelper: Packaging (Windows (64-bit)):   LogTargetPlatformManager: Display: Loaded TargetPlatform 'Android_ETC2Client'
[2021.01.06-16.35.32:806][745]UATHelper: Packaging (Windows (64-bit)):   LogTargetPlatformManager: Display: Loaded TargetPlatform 'Android_Multi'
[2021.01.06-16.35.32:806][745]UATHelper: Packaging (Windows (64-bit)):   LogTargetPlatformManager: Display: Loaded TargetPlatform 'Android_MultiClient'
[2021.01.06-16.35.32:806][745]UATHelper: Packaging (Windows (64-bit)):   LogTargetPlatformManager: Display: Loaded TargetPlatform 'IOSClient'
[2021.01.06-16.35.32:806][745]UATHelper: Packaging (Windows (64-bit)):   LogTargetPlatformManager: Display: Loaded TargetPlatform 'IOS'
[2021.01.06-16.35.33:140][746]UATHelper: Packaging (Windows (64-bit)):   LogTargetPlatformManager: Display: Loaded TargetPlatform 'Linux'
[2021.01.06-16.35.33:141][746]UATHelper: Packaging (Windows (64-bit)):   LogTargetPlatformManager: Display: Loaded TargetPlatform 'LinuxNoEditor'
[2021.01.06-16.35.33:141][746]UATHelper: Packaging (Windows (64-bit)):   LogTargetPlatformManager: Display: Loaded TargetPlatform 'LinuxClient'
[2021.01.06-16.35.33:141][746]UATHelper: Packaging (Windows (64-bit)):   LogTargetPlatformManager: Display: Loaded TargetPlatform 'LinuxServer'
[2021.01.06-16.35.33:141][746]UATHelper: Packaging (Windows (64-bit)):   LogTargetPlatformManager: Display: Loaded TargetPlatform 'LinuxAArch64NoEditor'
[2021.01.06-16.35.33:141][746]UATHelper: Packaging (Windows (64-bit)):   LogTargetPlatformManager: Display: Loaded TargetPlatform 'LinuxAArch64Client'
[2021.01.06-16.35.33:141][746]UATHelper: Packaging (Windows (64-bit)):   LogTargetPlatformManager: Display: Loaded TargetPlatform 'LinuxAArch64Server'
[2021.01.06-16.35.33:141][746]UATHelper: Packaging (Windows (64-bit)):   LogTargetPlatformManager: Display: Loaded TargetPlatform 'Lumin'
[2021.01.06-16.35.33:141][746]UATHelper: Packaging (Windows (64-bit)):   LogTargetPlatformManager: Display: Loaded TargetPlatform 'LuminClient'
[2021.01.06-16.35.33:141][746]UATHelper: Packaging (Windows (64-bit)):   LogTargetPlatformManager: Display: Loaded TargetPlatform 'TVOSClient'
[2021.01.06-16.35.33:141][746]UATHelper: Packaging (Windows (64-bit)):   LogTargetPlatformManager: Display: Loaded TargetPlatform 'TVOS'
[2021.01.06-16.35.33:141][746]UATHelper: Packaging (Windows (64-bit)):   LogTargetPlatformManager: Display: Loaded TargetPlatform 'WindowsNoEditor'
[2021.01.06-16.35.33:141][746]UATHelper: Packaging (Windows (64-bit)):   LogTargetPlatformManager: Display: Loaded TargetPlatform 'Windows'
[2021.01.06-16.35.33:141][746]UATHelper: Packaging (Windows (64-bit)):   LogTargetPlatformManager: Display: Loaded TargetPlatform 'WindowsClient'
[2021.01.06-16.35.33:141][746]UATHelper: Packaging (Windows (64-bit)):   LogTargetPlatformManager: Display: Loaded TargetPlatform 'WindowsServer'
[2021.01.06-16.35.33:141][746]UATHelper: Packaging (Windows (64-bit)):   LogTargetPlatformManager: Display: Building Assets For WindowsNoEditor
[2021.01.06-16.35.33:141][746]UATHelper: Packaging (Windows (64-bit)):   LogAudioDebug: Display: Lib vorbis DLL was dynamically loaded.
[2021.01.06-16.35.34:137][749]UATHelper: Packaging (Windows (64-bit)):   LogShaderCompilers: Display: Using Local Shader Compiler.
[2021.01.06-16.35.35:151][752]UATHelper: Packaging (Windows (64-bit)):   LogDerivedDataCache: Display: Max Cache Size: 512 MB
[2021.01.06-16.35.35:480][753]UATHelper: Packaging (Windows (64-bit)):   LogDerivedDataCache: Display: Loaded Boot cache: C:/Users/Angelica .DESKTOP-RM5JOAJ/AppData/Local/UnrealEngine/4.25/DerivedDataCache/Boot.ddc
[2021.01.06-16.35.35:480][753]UATHelper: Packaging (Windows (64-bit)):   LogDerivedDataCache: Display: Pak cache opened for reading ../../../Engine/DerivedDataCache/Compressed.ddp.
[2021.01.06-16.35.38:827][762]UATHelper: Packaging (Windows (64-bit)):   LogAudioCaptureCore: Display: No Audio Capture implementations found. Audio input will be silent.
[2021.01.06-16.35.38:827][762]UATHelper: Packaging (Windows (64-bit)):   LogAudioCaptureCore: Display: No Audio Capture implementations found. Audio input will be silent.
[2021.01.06-16.35.47:543][788]UATHelper: Packaging (Windows (64-bit)):   LogCook: Display: Max memory allowance for cook 16384mb min free memory 0mb
[2021.01.06-16.35.47:543][788]UATHelper: Packaging (Windows (64-bit)):   LogCook: Display: Mobile HDR setting 1
[2021.01.06-16.35.47:543][788]UATHelper: Packaging (Windows (64-bit)):   LogCook: Display: Creating asset registry
[2021.01.06-16.36.17:577][877]UATHelper: Packaging (Windows (64-bit)):   LogCook: Display: Discovering localized assets for cultures: en
[2021.01.06-16.36.17:577][877]UATHelper: Packaging (Windows (64-bit)):   LogCook: Display: Unable to read previous cook inisettings for platform WindowsNoEditor invalidating cook
[2021.01.06-16.36.17:577][877]UATHelper: Packaging (Windows (64-bit)):   LogCook: Display: Clearing all cooked content for platform WindowsNoEditor
[2021.01.06-16.36.17:577][877]UATHelper: Packaging (Windows (64-bit)):   LogCook: Display: Sandbox cleanup took 0.126 seconds for platforms WindowsNoEditor
[2021.01.06-16.36.25:092][898]UATHelper: Packaging (Windows (64-bit)):   LogCook: Display: Cooked packages 0 Packages Remain 733 Total 733
[2021.01.06-16.36.25:370][899]UATHelper: Packaging (Windows (64-bit)):   LogCook: Display: Cooked packages 50 Packages Remain 732 Total 782
[2021.01.06-16.36.25:964][899]UATHelper: Packaging (Windows (64-bit)):   LogLinker: Warning: Unable to load Health Component with outer BP_PuzzleSolver_C /Game/Blueprints/BP_PuzzleSolver.Default__BP_PuzzleSolver_C because its class does not exist
[2021.01.06-16.36.25:965][899]UATHelper: Packaging (Windows (64-bit)):   LogMaterial: Display: Missing cached shader map for material Mat_PolygonPrototype_01, compiling.
[2021.01.06-16.36.25:965][899]UATHelper: Packaging (Windows (64-bit)):   LogMaterial: Display: Missing cached shader map for material Mat_PolygonPrototype_08, compiling.
[2021.01.06-16.36.25:965][899]PackagingResults: Warning: Unable to load Health Component with outer BP_PuzzleSolver_C /Game/Blueprints/BP_PuzzleSolver.Default__BP_PuzzleSolver_C because its class does not exist
[2021.01.06-16.36.26:527][901]UATHelper: Packaging (Windows (64-bit)):   LogCook: Display: Cooked packages 100 Packages Remain 731 Total 831
[2021.01.06-16.36.27:420][902]UATHelper: Packaging (Windows (64-bit)):   LogCook: Display: Cooked packages 150 Packages Remain 730 Total 880
