Log file open, 12/31/20 00:51:37
LogInit: Display: Running engine for game: Puzzles
LogPlatformFile: Not using cached read wrapper
LogTaskGraph: Started task graph with 5 named threads and 11 total threads with 3 sets of task threads.
LogStats: Stats thread started at 0.307719
LogD3D11RHI: Loaded GFSDK_Aftermath_Lib.x64.dll
LogICUInternationalization: ICU TimeZone Detection - Raw Offset: -5:00, Platform Override: ''
LogPluginManager: Mounting plugin Paper2D
LogPluginManager: Mounting plugin AISupport
LogPluginManager: Mounting plugin LightPropagationVolume
LogPluginManager: Mounting plugin CameraShakePreviewer
LogPluginManager: Mounting plugin ActorLayerUtilities
LogPluginManager: Mounting plugin AnimationSharing
LogPluginManager: Mounting plugin CLionSourceCodeAccess
LogPluginManager: Mounting plugin CodeLiteSourceCodeAccess
LogPluginManager: Mounting plugin GitSourceControl
LogPluginManager: Mounting plugin KDevelopSourceCodeAccess
LogPluginManager: Mounting plugin NullSourceCodeAccess
LogPluginManager: Mounting plugin PerforceSourceControl
LogPluginManager: Mounting plugin PlasticSourceControl
LogPluginManager: Mounting plugin RiderSourceCodeAccess
LogPluginManager: Mounting plugin SubversionSourceControl
LogPluginManager: Mounting plugin UObjectPlugin
LogPluginManager: Mounting plugin VisualStudioCodeSourceCodeAccess
LogPluginManager: Mounting plugin VisualStudioSourceCodeAccess
LogPluginManager: Mounting plugin XCodeSourceCodeAccess
LogPluginManager: Mounting plugin AssetManagerEditor
LogPluginManager: Mounting plugin CryptoKeys
LogPluginManager: Mounting plugin CurveEditorTools
LogPluginManager: Mounting plugin DataValidation
LogPluginManager: Mounting plugin EditorScriptingUtilities
LogPluginManager: Mounting plugin FacialAnimation
LogPluginManager: Mounting plugin GameplayTagsEditor
LogPluginManager: Mounting plugin GeometryMode
LogPluginManager: Mounting plugin MacGraphicsSwitching
LogPluginManager: Mounting plugin MaterialAnalyzer
LogPluginManager: Mounting plugin MobileLauncherProfileWizard
LogPluginManager: Mounting plugin PluginBrowser
LogPluginManager: Mounting plugin SpeedTreeImporter
LogPluginManager: Mounting plugin DatasmithContent
LogPluginManager: Mounting plugin VariantManagerContent
LogPluginManager: Mounting plugin AlembicImporter
LogPluginManager: Mounting plugin AutomationUtils
LogPluginManager: Mounting plugin BackChannel
LogPluginManager: Mounting plugin ChaosCloth
LogPluginManager: Mounting plugin ChaosClothEditor
LogPluginManager: Mounting plugin ChaosEditor
LogPluginManager: Mounting plugin ChaosNiagara
LogPluginManager: Mounting plugin ChaosSolverPlugin
LogPluginManager: Mounting plugin CharacterAI
LogPluginManager: Mounting plugin GeometryCache
LogPluginManager: Mounting plugin GeometryCollectionPlugin
LogPluginManager: Mounting plugin GeometryProcessing
LogPluginManager: Mounting plugin PlanarCut
LogPluginManager: Mounting plugin PlatformCrypto
LogPluginManager: Mounting plugin ProxyLODPlugin
LogPluginManager: Mounting plugin SkeletalReduction
LogPluginManager: Mounting plugin Niagara
LogPluginManager: Mounting plugin MagicLeap
LogPluginManager: Mounting plugin MagicLeapLightEstimation
LogPluginManager: Mounting plugin MagicLeapMedia
LogPluginManager: Mounting plugin MagicLeapPassableWorld
LogPluginManager: Mounting plugin MLSDK
LogPluginManager: Mounting plugin AndroidMedia
LogPluginManager: Mounting plugin AvfMedia
LogPluginManager: Mounting plugin ImgMedia
LogPluginManager: Mounting plugin MediaCompositing
LogPluginManager: Mounting plugin MediaPlayerEditor
LogPluginManager: Mounting plugin WebMMedia
LogPluginManager: Mounting plugin WmfMedia
LogPluginManager: Mounting plugin MeshPainting
LogPluginManager: Mounting plugin TcpMessaging
LogPluginManager: Mounting plugin UdpMessaging
LogPluginManager: Mounting plugin ActorSequence
LogPluginManager: Mounting plugin LevelSequenceEditor
LogPluginManager: Mounting plugin MatineeToLevelSequence
LogPluginManager: Mounting plugin MovieRenderPipeline
LogPluginManager: Mounting plugin TemplateSequence
LogPluginManager: Mounting plugin NetcodeUnitTest
LogPluginManager: Mounting plugin NUTUnrealEngine4
LogPluginManager: Mounting plugin OnlineSubsystemGooglePlay
LogPluginManager: Mounting plugin OnlineSubsystemIOS
LogPluginManager: Mounting plugin OnlineSubsystem
LogPluginManager: Mounting plugin OnlineSubsystemNull
LogPluginManager: Mounting plugin OnlineSubsystemUtils
LogPluginManager: Mounting plugin LauncherChunkInstaller
LogPluginManager: Mounting plugin AndroidDeviceProfileSelector
LogPluginManager: Mounting plugin AndroidMoviePlayer
LogPluginManager: Mounting plugin AndroidPermission
LogPluginManager: Mounting plugin AppleImageUtils
LogPluginManager: Mounting plugin AppleMoviePlayer
LogPluginManager: Mounting plugin ArchVisCharacter
LogPluginManager: Mounting plugin AssetTags
LogPluginManager: Mounting plugin AudioCapture
LogPluginManager: Mounting plugin CableComponent
LogPluginManager: Mounting plugin CustomMeshComponent
LogPluginManager: Mounting plugin EditableMesh
LogPluginManager: Mounting plugin ExampleDeviceProfileSelector
LogPluginManager: Mounting plugin GoogleCloudMessaging
LogPluginManager: Mounting plugin GooglePAD
LogPluginManager: Mounting plugin IOSDeviceProfileSelector
LogPluginManager: Mounting plugin LinuxDeviceProfileSelector
LogPluginManager: Mounting plugin LocationServicesBPLibrary
LogPluginManager: Mounting plugin MobilePatchingUtils
LogPluginManager: Mounting plugin OculusVR
LogPluginManager: Mounting plugin PhysXVehicles
LogPluginManager: Mounting plugin PostSplashScreen
LogPluginManager: Mounting plugin ProceduralMeshComponent
LogPluginManager: Mounting plugin RuntimePhysXCooking
LogPluginManager: Mounting plugin SignificanceManager
LogPluginManager: Mounting plugin SoundFields
LogPluginManager: Mounting plugin SteamVR
LogPluginManager: Mounting plugin Synthesis
LogPluginManager: Mounting plugin WebMMoviePlayer
LogPluginManager: Mounting plugin WindowsMoviePlayer
LogPluginManager: Mounting plugin ScreenshotTools
LogInit: Using libcurl 7.55.1-DEV
LogInit:  - built for x86_64-pc-win32
LogInit:  - supports SSL with OpenSSL/1.1.1
LogInit:  - supports HTTP deflate (compression) using libz 1.2.8
LogInit:  - other features:
LogInit:      CURL_VERSION_SSL
LogInit:      CURL_VERSION_LIBZ
LogInit:      CURL_VERSION_IPV6
LogInit:      CURL_VERSION_ASYNCHDNS
LogInit:      CURL_VERSION_LARGEFILE
LogInit:      CURL_VERSION_IDN
LogInit:  CurlRequestOptions (configurable via config and command line):
LogInit:  - bVerifyPeer = true  - Libcurl will verify peer certificate
LogInit:  - bUseHttpProxy = false  - Libcurl will NOT use HTTP proxy
LogInit:  - bDontReuseConnections = false  - Libcurl will reuse connections
LogInit:  - MaxHostConnections = 16  - Libcurl will limit the number of connections to a host
LogInit:  - LocalHostAddr = Default
LogInit:  - BufferSize = 65536
LogOnline: OSS: Creating online subsystem instance for: NULL
LogInit: WinSock: version 1.1 (2.2), MaxSocks=32767, MaxUdp=65467
LogOnline: OSS: TryLoadSubsystemAndSetDefault: Loaded subsystem for module [NULL]
LogInit: Build: ++UE4+Release-4.25-CL-14469661
LogInit: Engine Version: 4.25.4-14469661+++UE4+Release-4.25
LogInit: Compatible Engine Version: 4.25.0-13144385+++UE4+Release-4.25
LogInit: Net CL: 13144385
LogInit: OS: Windows 10 (Release 1909) (), CPU: Intel(R) Core(TM) i7-7500U CPU @ 2.70GHz, GPU: Intel(R) HD Graphics 620
LogInit: Compiled (64-bit): Oct 11 2020 08:10:49
LogInit: Compiled with Visual C++: 19.24.28315.00
LogInit: Build Configuration: Development
LogInit: Branch Name: ++UE4+Release-4.25
LogInit: Command Line:  /Game/Maps/Lobby -game -log
LogInit: Base Directory: C:/Program Files/Epic Games/UE_4.25/Engine/Binaries/Win64/
LogInit: Allocator: TBB
LogInit: Installed Engine Build: 1
LogDevObjectVersion: Number of dev versions registered: 26
LogDevObjectVersion:   Dev-Blueprints (B0D832E4-1F89-4F0D-ACCF-7EB736FD4AA2): 10
LogDevObjectVersion:   Dev-Build (E1C64328-A22C-4D53-A36C-8E866417BD8C): 0
LogDevObjectVersion:   Dev-Core (375EC13C-06E4-48FB-B500-84F0262A717E): 4
LogDevObjectVersion:   Dev-Editor (E4B068ED-F494-42E9-A231-DA0B2E46BB41): 38
LogDevObjectVersion:   Dev-Framework (CFFC743F-43B0-4480-9391-14DF171D2073): 37
LogDevObjectVersion:   Dev-Mobile (B02B49B5-BB20-44E9-A304-32B752E40360): 2
LogDevObjectVersion:   Dev-Networking (A4E4105C-59A1-49B5-A7C5-40C4547EDFEE): 0
LogDevObjectVersion:   Dev-Online (39C831C9-5AE6-47DC-9A44-9C173E1C8E7C): 0
LogDevObjectVersion:   Dev-Physics (78F01B33-EBEA-4F98-B9B4-84EACCB95AA2): 4
LogDevObjectVersion:   Dev-Platform (6631380F-2D4D-43E0-8009-CF276956A95A): 0
LogDevObjectVersion:   Dev-Rendering (12F88B9F-8875-4AFC-A67C-D90C383ABD29): 43
LogDevObjectVersion:   Dev-Sequencer (7B5AE74C-D270-4C10-A958-57980B212A5A): 12
LogDevObjectVersion:   Dev-VR (D7296918-1DD6-4BDD-9DE2-64A83CC13884): 3
LogDevObjectVersion:   Dev-LoadTimes (C2A15278-BFE7-4AFE-6C17-90FF531DF755): 1
LogDevObjectVersion:   Private-Geometry (6EACA3D4-40EC-4CC1-B786-8BED09428FC5): 3
LogDevObjectVersion:   Dev-AnimPhys (29E575DD-E0A3-4627-9D10-D276232CDCEA): 17
LogDevObjectVersion:   Dev-Anim (AF43A65D-7FD3-4947-9873-3E8ED9C1BB05): 7
LogDevObjectVersion:   Dev-ReflectionCapture (6B266CEC-1EC7-4B8F-A30B-E4D90942FC07): 1
LogDevObjectVersion:   Dev-Automation (0DF73D61-A23F-47EA-B727-89E90C41499A): 1
LogDevObjectVersion:   FortniteMain (601D1886-AC64-4F84-AA16-D3DE0DEAC7D6): 31
LogDevObjectVersion:   Dev-Enterprise (9DFFBCD6-494F-0158-E221-12823C92A888): 10
LogDevObjectVersion:   Dev-Niagara (F2AED0AC-9AFE-416F-8664-AA7FFA26D6FC): 1
LogDevObjectVersion:   Dev-Destruction (174F1F0B-B4C6-45A5-B13F-2EE8D0FB917D): 10
LogDevObjectVersion:   Dev-Physics-Ext (35F94A83-E258-406C-A318-09F59610247C): 37
LogDevObjectVersion:   Dev-PhysicsMaterial-Chaos (B68FC16E-8B1B-42E2-B453-215C058844FE): 1
LogDevObjectVersion:   Dev-CineCamera (B2E18506-4273-CFC2-A54E-F4BB758BBA07): 1
LogInit: Presizing for max 25165824 objects, including 0 objects not considered by GC, pre-allocating 0 bytes for permanent pool.
LogConfig: Applying CVar settings from Section [/Script/Engine.StreamingSettings] File [C:/Users/Angelica .DESKTOP-RM5JOAJ/Documents/Learning Multiplayer/Puzzles/Puzzles/Saved/Config/Windows/Engine.ini]
LogConfig: Setting CVar [[s.MinBulkDataSizeForAsyncLoading:131072]]
LogConfig: Setting CVar [[s.AsyncLoadingThreadEnabled:0]]
LogConfig: Setting CVar [[s.EventDrivenLoaderEnabled:1]]
LogConfig: Setting CVar [[s.WarnIfTimeLimitExceeded:0]]
LogConfig: Setting CVar [[s.TimeLimitExceededMultiplier:1.5]]
LogConfig: Setting CVar [[s.TimeLimitExceededMinTime:0.005]]
LogConfig: Setting CVar [[s.UseBackgroundLevelStreaming:1]]
LogConfig: Setting CVar [[s.PriorityAsyncLoadingExtraTime:15.0]]
LogConfig: Setting CVar [[s.LevelStreamingActorsUpdateTimeLimit:5.0]]
LogConfig: Setting CVar [[s.PriorityLevelStreamingActorsUpdateExtraTime:5.0]]
LogConfig: Setting CVar [[s.LevelStreamingComponentsRegistrationGranularity:10]]
LogConfig: Setting CVar [[s.UnregisterComponentsTimeLimit:1.0]]
LogConfig: Setting CVar [[s.LevelStreamingComponentsUnregistrationGranularity:5]]
LogConfig: Setting CVar [[s.FlushStreamingOnExit:1]]
LogInit: Object subsystem initialized
LogConfig: Setting CVar [[con.DebugEarlyDefault:1]]
LogConfig: Setting CVar [[r.setres:1280x720]]
[2020.12.31-05.51.38:327][  0]LogConfig: Setting CVar [[con.DebugEarlyDefault:1]]
[2020.12.31-05.51.38:328][  0]LogConfig: Setting CVar [[r.setres:1280x720]]
[2020.12.31-05.51.38:329][  0]LogConfig: Applying CVar settings from Section [/Script/Engine.RendererSettings] File [C:/Users/Angelica .DESKTOP-RM5JOAJ/Documents/Learning Multiplayer/Puzzles/Puzzles/Saved/Config/Windows/Engine.ini]
[2020.12.31-05.51.38:329][  0]LogConfig: Setting CVar [[r.GPUCrashDebugging:0]]
[2020.12.31-05.51.38:330][  0]LogConfig: Applying CVar settings from Section [/Script/Engine.RendererOverrideSettings] File [C:/Users/Angelica .DESKTOP-RM5JOAJ/Documents/Learning Multiplayer/Puzzles/Puzzles/Saved/Config/Windows/Engine.ini]
[2020.12.31-05.51.38:331][  0]LogConfig: Applying CVar settings from Section [/Script/Engine.StreamingSettings] File [C:/Users/Angelica .DESKTOP-RM5JOAJ/Documents/Learning Multiplayer/Puzzles/Puzzles/Saved/Config/Windows/Engine.ini]
[2020.12.31-05.51.38:332][  0]LogConfig: Setting CVar [[s.MinBulkDataSizeForAsyncLoading:131072]]
[2020.12.31-05.51.38:333][  0]LogConfig: Setting CVar [[s.AsyncLoadingThreadEnabled:0]]
[2020.12.31-05.51.38:337][  0]LogConfig: Setting CVar [[s.EventDrivenLoaderEnabled:1]]
[2020.12.31-05.51.38:339][  0]LogConfig: Setting CVar [[s.WarnIfTimeLimitExceeded:0]]
[2020.12.31-05.51.38:341][  0]LogConfig: Setting CVar [[s.TimeLimitExceededMultiplier:1.5]]
[2020.12.31-05.51.38:342][  0]LogConfig: Setting CVar [[s.TimeLimitExceededMinTime:0.005]]
[2020.12.31-05.51.38:343][  0]LogConfig: Setting CVar [[s.UseBackgroundLevelStreaming:1]]
[2020.12.31-05.51.38:344][  0]LogConfig: Setting CVar [[s.PriorityAsyncLoadingExtraTime:15.0]]
[2020.12.31-05.51.38:345][  0]LogConfig: Setting CVar [[s.LevelStreamingActorsUpdateTimeLimit:5.0]]
[2020.12.31-05.51.38:346][  0]LogConfig: Setting CVar [[s.PriorityLevelStreamingActorsUpdateExtraTime:5.0]]
[2020.12.31-05.51.38:347][  0]LogConfig: Setting CVar [[s.LevelStreamingComponentsRegistrationGranularity:10]]
[2020.12.31-05.51.38:353][  0]LogConfig: Setting CVar [[s.UnregisterComponentsTimeLimit:1.0]]
[2020.12.31-05.51.38:354][  0]LogConfig: Setting CVar [[s.LevelStreamingComponentsUnregistrationGranularity:5]]
[2020.12.31-05.51.38:355][  0]LogConfig: Setting CVar [[s.FlushStreamingOnExit:1]]
[2020.12.31-05.51.38:356][  0]LogConfig: Applying CVar settings from Section [/Script/Engine.GarbageCollectionSettings] File [C:/Users/Angelica .DESKTOP-RM5JOAJ/Documents/Learning Multiplayer/Puzzles/Puzzles/Saved/Config/Windows/Engine.ini]
[2020.12.31-05.51.38:356][  0]LogConfig: Setting CVar [[gc.MaxObjectsNotConsideredByGC:1]]
[2020.12.31-05.51.38:357][  0]LogConfig: Setting CVar [[gc.SizeOfPermanentObjectPool:0]]
[2020.12.31-05.51.38:358][  0]LogConfig: Setting CVar [[gc.FlushStreamingOnGC:0]]
[2020.12.31-05.51.38:362][  0]LogConfig: Setting CVar [[gc.NumRetriesBeforeForcingGC:10]]
[2020.12.31-05.51.38:363][  0]LogConfig: Setting CVar [[gc.AllowParallelGC:1]]
[2020.12.31-05.51.38:363][  0]LogConfig: Setting CVar [[gc.TimeBetweenPurgingPendingKillObjects:61.1]]
[2020.12.31-05.51.38:364][  0]LogConfig: Setting CVar [[gc.MaxObjectsInEditor:25165824]]
[2020.12.31-05.51.38:365][  0]LogConfig: Setting CVar [[gc.IncrementalBeginDestroyEnabled:1]]
[2020.12.31-05.51.38:367][  0]LogConfig: Setting CVar [[gc.CreateGCClusters:1]]
[2020.12.31-05.51.38:368][  0]LogConfig: Setting CVar [[gc.MinGCClusterSize:5]]
[2020.12.31-05.51.38:369][  0]LogConfig: Setting CVar [[gc.ActorClusteringEnabled:0]]
[2020.12.31-05.51.38:374][  0]LogConfig: Setting CVar [[gc.BlueprintClusteringEnabled:0]]
[2020.12.31-05.51.38:376][  0]LogConfig: Setting CVar [[gc.UseDisregardForGCOnDedicatedServers:0]]
[2020.12.31-05.51.38:377][  0]LogConfig: Applying CVar settings from Section [/Script/Engine.NetworkSettings] File [C:/Users/Angelica .DESKTOP-RM5JOAJ/Documents/Learning Multiplayer/Puzzles/Puzzles/Saved/Config/Windows/Engine.ini]
[2020.12.31-05.51.38:378][  0]LogConfig: Applying CVar settings from Section [/Script/UnrealEd.CookerSettings] File [C:/Users/Angelica .DESKTOP-RM5JOAJ/Documents/Learning Multiplayer/Puzzles/Puzzles/Saved/Config/Windows/Engine.ini]
[2020.12.31-05.51.38:387][  0]LogConfig: Applying CVar settings from Section [ViewDistanceQuality@3] File [C:/Users/Angelica .DESKTOP-RM5JOAJ/Documents/Learning Multiplayer/Puzzles/Puzzles/Saved/Config/Windows/Scalability.ini]
[2020.12.31-05.51.38:387][  0]LogConfig: Setting CVar [[r.SkeletalMeshLODBias:0]]
[2020.12.31-05.51.38:389][  0]LogConfig: Setting CVar [[r.ViewDistanceScale:1.0]]
[2020.12.31-05.51.38:393][  0]LogConfig: Applying CVar settings from Section [AntiAliasingQuality@3] File [C:/Users/Angelica .DESKTOP-RM5JOAJ/Documents/Learning Multiplayer/Puzzles/Puzzles/Saved/Config/Windows/Scalability.ini]
[2020.12.31-05.51.38:394][  0]LogConfig: Setting CVar [[r.PostProcessAAQuality:4]]
[2020.12.31-05.51.38:403][  0]LogConfig: Applying CVar settings from Section [ShadowQuality@3] File [C:/Users/Angelica .DESKTOP-RM5JOAJ/Documents/Learning Multiplayer/Puzzles/Puzzles/Saved/Config/Windows/Scalability.ini]
[2020.12.31-05.51.38:403][  0]LogConfig: Setting CVar [[r.LightFunctionQuality:1]]
[2020.12.31-05.51.38:405][  0]LogConfig: Setting CVar [[r.ShadowQuality:5]]
[2020.12.31-05.51.38:406][  0]LogConfig: Setting CVar [[r.Shadow.CSM.MaxCascades:10]]
[2020.12.31-05.51.38:409][  0]LogConfig: Setting CVar [[r.Shadow.MaxResolution:2048]]
[2020.12.31-05.51.38:409][  0]LogConfig: Setting CVar [[r.Shadow.MaxCSMResolution:2048]]
[2020.12.31-05.51.38:410][  0]LogConfig: Setting CVar [[r.Shadow.RadiusThreshold:0.01]]
[2020.12.31-05.51.38:416][  0]LogConfig: Setting CVar [[r.Shadow.DistanceScale:1.0]]
[2020.12.31-05.51.38:416][  0]LogConfig: Setting CVar [[r.Shadow.CSM.TransitionScale:1.0]]
[2020.12.31-05.51.38:417][  0]LogConfig: Setting CVar [[r.Shadow.PreShadowResolutionFactor:1.0]]
[2020.12.31-05.51.38:418][  0]LogConfig: Setting CVar [[r.DistanceFieldShadowing:1]]
[2020.12.31-05.51.38:419][  0]LogConfig: Setting CVar [[r.DistanceFieldAO:1]]
[2020.12.31-05.51.38:420][  0]LogConfig: Setting CVar [[r.AOQuality:2]]
[2020.12.31-05.51.38:420][  0]LogConfig: Setting CVar [[r.VolumetricFog:1]]
[2020.12.31-05.51.38:423][  0]LogConfig: Setting CVar [[r.VolumetricFog.GridPixelSize:8]]
[2020.12.31-05.51.38:428][  0]LogConfig: Setting CVar [[r.VolumetricFog.GridSizeZ:128]]
[2020.12.31-05.51.38:429][  0]LogConfig: Setting CVar [[r.VolumetricFog.HistoryMissSupersampleCount:4]]
[2020.12.31-05.51.38:430][  0]LogConfig: Setting CVar [[r.LightMaxDrawDistanceScale:1]]
[2020.12.31-05.51.38:431][  0]LogConfig: Setting CVar [[r.CapsuleShadows:1]]
[2020.12.31-05.51.38:432][  0]LogConfig: Applying CVar settings from Section [PostProcessQuality@3] File [C:/Users/Angelica .DESKTOP-RM5JOAJ/Documents/Learning Multiplayer/Puzzles/Puzzles/Saved/Config/Windows/Scalability.ini]
[2020.12.31-05.51.38:433][  0]LogConfig: Setting CVar [[r.MotionBlurQuality:4]]
[2020.12.31-05.51.38:434][  0]LogConfig: Setting CVar [[r.AmbientOcclusionMipLevelFactor:0.4]]
[2020.12.31-05.51.38:435][  0]LogConfig: Setting CVar [[r.AmbientOcclusionMaxQuality:100]]
[2020.12.31-05.51.38:436][  0]LogConfig: Setting CVar [[r.AmbientOcclusionLevels:-1]]
[2020.12.31-05.51.38:436][  0]LogConfig: Setting CVar [[r.AmbientOcclusionRadiusScale:1.0]]
[2020.12.31-05.51.38:437][  0]LogConfig: Setting CVar [[r.DepthOfFieldQuality:2]]
[2020.12.31-05.51.38:443][  0]LogConfig: Setting CVar [[r.RenderTargetPoolMin:400]]
[2020.12.31-05.51.38:444][  0]LogConfig: Setting CVar [[r.LensFlareQuality:2]]
[2020.12.31-05.51.38:444][  0]LogConfig: Setting CVar [[r.SceneColorFringeQuality:1]]
[2020.12.31-05.51.38:445][  0]LogConfig: Setting CVar [[r.EyeAdaptationQuality:2]]
[2020.12.31-05.51.38:446][  0]LogConfig: Setting CVar [[r.BloomQuality:5]]
[2020.12.31-05.51.38:447][  0]LogConfig: Setting CVar [[r.FastBlurThreshold:100]]
[2020.12.31-05.51.38:448][  0]LogConfig: Setting CVar [[r.Upscale.Quality:3]]
[2020.12.31-05.51.38:449][  0]LogConfig: Setting CVar [[r.Tonemapper.GrainQuantization:1]]
[2020.12.31-05.51.38:449][  0]LogConfig: Setting CVar [[r.LightShaftQuality:1]]
[2020.12.31-05.51.38:453][  0]LogConfig: Setting CVar [[r.Filter.SizeScale:1]]
[2020.12.31-05.51.38:456][  0]LogConfig: Setting CVar [[r.Tonemapper.Quality:5]]
[2020.12.31-05.51.38:457][  0]LogConfig: Setting CVar [[r.DOF.Gather.AccumulatorQuality:1        ; higher gathering accumulator quality]]
[2020.12.31-05.51.38:457][  0]LogConfig: Setting CVar [[r.DOF.Gather.PostfilterMethod:1          ; Median3x3 postfilering method]]
[2020.12.31-05.51.38:459][  0]LogConfig: Setting CVar [[r.DOF.Gather.EnableBokehSettings:0       ; no bokeh simulation when gathering]]
[2020.12.31-05.51.38:459][  0]LogConfig: Setting CVar [[r.DOF.Gather.RingCount:4                 ; medium number of samples when gathering]]
[2020.12.31-05.51.38:461][  0]LogConfig: Setting CVar [[r.DOF.Scatter.ForegroundCompositing:1    ; additive foreground scattering]]
[2020.12.31-05.51.38:466][  0]LogConfig: Setting CVar [[r.DOF.Scatter.BackgroundCompositing:2    ; additive background scattering]]
[2020.12.31-05.51.38:466][  0]LogConfig: Setting CVar [[r.DOF.Scatter.EnableBokehSettings:1      ; bokeh simulation when scattering]]
[2020.12.31-05.51.38:467][  0]LogConfig: Setting CVar [[r.DOF.Scatter.MaxSpriteRatio:0.1         ; only a maximum of 10% of scattered bokeh]]
[2020.12.31-05.51.38:468][  0]LogConfig: Setting CVar [[r.DOF.Recombine.Quality:1                ; cheap slight out of focus]]
[2020.12.31-05.51.38:469][  0]LogConfig: Setting CVar [[r.DOF.Recombine.EnableBokehSettings:0    ; no bokeh simulation on slight out of focus]]
[2020.12.31-05.51.38:470][  0]LogConfig: Setting CVar [[r.DOF.TemporalAAQuality:1                ; more stable temporal accumulation]]
[2020.12.31-05.51.38:472][  0]LogConfig: Setting CVar [[r.DOF.Kernel.MaxForegroundRadius:0.025]]
[2020.12.31-05.51.38:473][  0]LogConfig: Setting CVar [[r.DOF.Kernel.MaxBackgroundRadius:0.025]]
[2020.12.31-05.51.38:474][  0]LogConfig: Applying CVar settings from Section [TextureQuality@3] File [C:/Users/Angelica .DESKTOP-RM5JOAJ/Documents/Learning Multiplayer/Puzzles/Puzzles/Saved/Config/Windows/Scalability.ini]
[2020.12.31-05.51.38:479][  0]LogConfig: Setting CVar [[r.Streaming.MipBias:0]]
[2020.12.31-05.51.38:480][  0]LogConfig: Setting CVar [[r.Streaming.AmortizeCPUToGPUCopy:0]]
[2020.12.31-05.51.38:481][  0]LogConfig: Setting CVar [[r.Streaming.MaxNumTexturesToStreamPerFrame:0]]
[2020.12.31-05.51.38:482][  0]LogConfig: Setting CVar [[r.Streaming.Boost:1]]
[2020.12.31-05.51.38:483][  0]LogConfig: Setting CVar [[r.MaxAnisotropy:8]]
[2020.12.31-05.51.38:483][  0]LogConfig: Setting CVar [[r.VT.MaxAnisotropy:8]]
[2020.12.31-05.51.38:484][  0]LogConfig: Setting CVar [[r.Streaming.LimitPoolSizeToVRAM:0]]
[2020.12.31-05.51.38:485][  0]LogConfig: Setting CVar [[r.Streaming.PoolSize:1000]]
[2020.12.31-05.51.38:486][  0]LogConfig: Setting CVar [[r.Streaming.MaxEffectiveScreenSize:0]]
[2020.12.31-05.51.38:491][  0]LogConfig: Applying CVar settings from Section [EffectsQuality@3] File [C:/Users/Angelica .DESKTOP-RM5JOAJ/Documents/Learning Multiplayer/Puzzles/Puzzles/Saved/Config/Windows/Scalability.ini]
[2020.12.31-05.51.38:492][  0]LogConfig: Setting CVar [[r.TranslucencyLightingVolumeDim:64]]
[2020.12.31-05.51.38:494][  0]LogConfig: Setting CVar [[r.RefractionQuality:2]]
[2020.12.31-05.51.38:496][  0]LogConfig: Setting CVar [[r.SSR.Quality:3]]
[2020.12.31-05.51.38:496][  0]LogConfig: Setting CVar [[r.SSR.HalfResSceneColor:0]]
[2020.12.31-05.51.38:497][  0]LogConfig: Setting CVar [[r.SceneColorFormat:4]]
[2020.12.31-05.51.38:497][  0]LogConfig: Setting CVar [[r.DetailMode:2]]
[2020.12.31-05.51.38:498][  0]LogConfig: Setting CVar [[r.TranslucencyVolumeBlur:1]]
[2020.12.31-05.51.38:499][  0]LogConfig: Setting CVar [[r.MaterialQualityLevel:1 ; High quality]]
[2020.12.31-05.51.38:504][  0]LogConfig: Setting CVar [[r.SSS.Scale:1]]
[2020.12.31-05.51.38:505][  0]LogConfig: Setting CVar [[r.SSS.SampleSet:2]]
[2020.12.31-05.51.38:506][  0]LogConfig: Setting CVar [[r.SSS.Quality:1]]
[2020.12.31-05.51.38:507][  0]LogConfig: Setting CVar [[r.SSS.HalfRes:0]]
[2020.12.31-05.51.38:508][  0]LogConfig: Setting CVar [[r.SSGI.Quality:3]]
[2020.12.31-05.51.38:509][  0]LogConfig: Setting CVar [[r.EmitterSpawnRateScale:1.0]]
[2020.12.31-05.51.38:510][  0]LogConfig: Setting CVar [[r.ParticleLightQuality:2]]
[2020.12.31-05.51.38:511][  0]LogConfig: Setting CVar [[r.SkyAtmosphere.AerialPerspectiveLUT.FastApplyOnOpaque:1 ; Always have FastSkyLUT 1 in this case to avoid wrong sky]]
[2020.12.31-05.51.38:512][  0]LogConfig: Setting CVar [[r.SkyAtmosphere.AerialPerspectiveLUT.SampleCountPerSlice:1]]
[2020.12.31-05.51.38:513][  0]LogConfig: Setting CVar [[r.SkyAtmosphere.AerialPerspectiveLUT.DepthResolution:16.0]]
[2020.12.31-05.51.38:517][  0]LogConfig: Setting CVar [[r.SkyAtmosphere.FastSkyLUT:1]]
[2020.12.31-05.51.38:519][  0]LogConfig: Setting CVar [[r.SkyAtmosphere.FastSkyLUT.SampleCountMin:4.0]]
[2020.12.31-05.51.38:521][  0]LogConfig: Setting CVar [[r.SkyAtmosphere.FastSkyLUT.SampleCountMax:32.0]]
[2020.12.31-05.51.38:522][  0]LogConfig: Setting CVar [[r.SkyAtmosphere.SampleCountMin:4.0]]
[2020.12.31-05.51.38:522][  0]LogConfig: Setting CVar [[r.SkyAtmosphere.SampleCountMax:32.0]]
[2020.12.31-05.51.38:523][  0]LogConfig: Setting CVar [[r.SkyAtmosphere.TransmittanceLUT.UseSmallFormat:0]]
[2020.12.31-05.51.38:524][  0]LogConfig: Setting CVar [[r.SkyAtmosphere.TransmittanceLUT.SampleCount:10.0]]
[2020.12.31-05.51.38:525][  0]LogConfig: Setting CVar [[r.SkyAtmosphere.MultiScatteringLUT.SampleCount:15.0]]
[2020.12.31-05.51.38:529][  0]LogConfig: Applying CVar settings from Section [FoliageQuality@3] File [C:/Users/Angelica .DESKTOP-RM5JOAJ/Documents/Learning Multiplayer/Puzzles/Puzzles/Saved/Config/Windows/Scalability.ini]
[2020.12.31-05.51.38:530][  0]LogConfig: Setting CVar [[foliage.DensityScale:1.0]]
[2020.12.31-05.51.38:531][  0]LogConfig: Setting CVar [[grass.DensityScale:1.0]]
[2020.12.31-05.51.38:531][  0]LogConfig: Applying CVar settings from Section [ShadingQuality@3] File [C:/Users/Angelica .DESKTOP-RM5JOAJ/Documents/Learning Multiplayer/Puzzles/Puzzles/Saved/Config/Windows/Scalability.ini]
[2020.12.31-05.51.38:532][  0]LogConfig: Setting CVar [[r.HairStrands.SkyLighting.SampleCount:16]]
[2020.12.31-05.51.38:534][  0]LogConfig: Setting CVar [[r.HairStrands.SkyLighting.JitterIntegration:0]]
[2020.12.31-05.51.38:535][  0]LogConfig: Setting CVar [[r.HairStrands.SkyAO.SampleCount:16]]
[2020.12.31-05.51.38:536][  0]LogConfig: Setting CVar [[r.HairStrands.DeepShadow.SuperSampling:0]]
[2020.12.31-05.51.38:537][  0]LogConfig: Setting CVar [[r.HairStrands.VisibilityPPLL:0]]
[2020.12.31-05.51.38:542][  0]LogConfig: Setting CVar [[r.HairStrands.RasterizationScale:0.5]]
[2020.12.31-05.51.38:543][  0]LogConfig: Setting CVar [[r.HairStrands.VelocityRasterizationScale:1]]
[2020.12.31-05.51.38:544][  0]LogInit: Selected Device Profile: [Windows]
[2020.12.31-05.51.38:545][  0]LogInit: Applying CVar settings loaded from the selected device profile: [Windows]
[2020.12.31-05.51.38:546][  0]LogHAL: Display: Platform has ~ 16 GB [17052516352 / 17179869184 / 16], which maps to Larger [LargestMinGB=32, LargerMinGB=12, DefaultMinGB=8, SmallerMinGB=6, SmallestMinGB=0)
[2020.12.31-05.51.38:547][  0]LogInit: Going up to parent DeviceProfile []
[2020.12.31-05.51.38:548][  0]LogConfig: Applying CVar settings from Section [ViewDistanceQuality@3] File [C:/Users/Angelica .DESKTOP-RM5JOAJ/Documents/Learning Multiplayer/Puzzles/Puzzles/Saved/Config/Windows/Scalability.ini]
[2020.12.31-05.51.38:553][  0]LogConfig: Setting CVar [[r.SkeletalMeshLODBias:0]]
[2020.12.31-05.51.38:555][  0]LogConfig: Setting CVar [[r.ViewDistanceScale:1.0]]
[2020.12.31-05.51.38:555][  0]LogConfig: Applying CVar settings from Section [AntiAliasingQuality@3] File [C:/Users/Angelica .DESKTOP-RM5JOAJ/Documents/Learning Multiplayer/Puzzles/Puzzles/Saved/Config/Windows/Scalability.ini]
[2020.12.31-05.51.38:556][  0]LogConfig: Setting CVar [[r.PostProcessAAQuality:4]]
[2020.12.31-05.51.38:559][  0]LogConfig: Applying CVar settings from Section [ShadowQuality@3] File [C:/Users/Angelica .DESKTOP-RM5JOAJ/Documents/Learning Multiplayer/Puzzles/Puzzles/Saved/Config/Windows/Scalability.ini]
[2020.12.31-05.51.38:563][  0]LogConfig: Setting CVar [[r.LightFunctionQuality:1]]
[2020.12.31-05.51.38:567][  0]LogConfig: Setting CVar [[r.ShadowQuality:5]]
[2020.12.31-05.51.38:569][  0]LogConfig: Setting CVar [[r.Shadow.CSM.MaxCascades:10]]
[2020.12.31-05.51.38:570][  0]LogConfig: Setting CVar [[r.Shadow.MaxResolution:2048]]
[2020.12.31-05.51.38:571][  0]LogConfig: Setting CVar [[r.Shadow.MaxCSMResolution:2048]]
[2020.12.31-05.51.38:572][  0]LogConfig: Setting CVar [[r.Shadow.RadiusThreshold:0.01]]
[2020.12.31-05.51.38:573][  0]LogConfig: Setting CVar [[r.Shadow.DistanceScale:1.0]]
[2020.12.31-05.51.38:578][  0]LogConfig: Setting CVar [[r.Shadow.CSM.TransitionScale:1.0]]
[2020.12.31-05.51.38:578][  0]LogConfig: Setting CVar [[r.Shadow.PreShadowResolutionFactor:1.0]]
[2020.12.31-05.51.38:579][  0]LogConfig: Setting CVar [[r.DistanceFieldShadowing:1]]
[2020.12.31-05.51.38:580][  0]LogConfig: Setting CVar [[r.DistanceFieldAO:1]]
[2020.12.31-05.51.38:581][  0]LogConfig: Setting CVar [[r.AOQuality:2]]
[2020.12.31-05.51.38:581][  0]LogConfig: Setting CVar [[r.VolumetricFog:1]]
[2020.12.31-05.51.38:584][  0]LogConfig: Setting CVar [[r.VolumetricFog.GridPixelSize:8]]
[2020.12.31-05.51.38:585][  0]LogConfig: Setting CVar [[r.VolumetricFog.GridSizeZ:128]]
[2020.12.31-05.51.38:586][  0]LogConfig: Setting CVar [[r.VolumetricFog.HistoryMissSupersampleCount:4]]
[2020.12.31-05.51.38:591][  0]LogConfig: Setting CVar [[r.LightMaxDrawDistanceScale:1]]
[2020.12.31-05.51.38:591][  0]LogConfig: Setting CVar [[r.CapsuleShadows:1]]
[2020.12.31-05.51.38:592][  0]LogConfig: Applying CVar settings from Section [PostProcessQuality@3] File [C:/Users/Angelica .DESKTOP-RM5JOAJ/Documents/Learning Multiplayer/Puzzles/Puzzles/Saved/Config/Windows/Scalability.ini]
[2020.12.31-05.51.38:593][  0]LogConfig: Setting CVar [[r.MotionBlurQuality:4]]
[2020.12.31-05.51.38:594][  0]LogConfig: Setting CVar [[r.AmbientOcclusionMipLevelFactor:0.4]]
[2020.12.31-05.51.38:594][  0]LogConfig: Setting CVar [[r.AmbientOcclusionMaxQuality:100]]
[2020.12.31-05.51.38:595][  0]LogConfig: Setting CVar [[r.AmbientOcclusionLevels:-1]]
[2020.12.31-05.51.38:596][  0]LogConfig: Setting CVar [[r.AmbientOcclusionRadiusScale:1.0]]
[2020.12.31-05.51.38:597][  0]LogConfig: Setting CVar [[r.DepthOfFieldQuality:2]]
[2020.12.31-05.51.38:597][  0]LogConfig: Setting CVar [[r.RenderTargetPoolMin:400]]
[2020.12.31-05.51.38:599][  0]LogConfig: Setting CVar [[r.LensFlareQuality:2]]
[2020.12.31-05.51.38:604][  0]LogConfig: Setting CVar [[r.SceneColorFringeQuality:1]]
[2020.12.31-05.51.38:604][  0]LogConfig: Setting CVar [[r.EyeAdaptationQuality:2]]
[2020.12.31-05.51.38:606][  0]LogConfig: Setting CVar [[r.BloomQuality:5]]
[2020.12.31-05.51.38:607][  0]LogConfig: Setting CVar [[r.FastBlurThreshold:100]]
[2020.12.31-05.51.38:607][  0]LogConfig: Setting CVar [[r.Upscale.Quality:3]]
[2020.12.31-05.51.38:609][  0]LogConfig: Setting CVar [[r.Tonemapper.GrainQuantization:1]]
[2020.12.31-05.51.38:609][  0]LogConfig: Setting CVar [[r.LightShaftQuality:1]]
[2020.12.31-05.51.38:610][  0]LogConfig: Setting CVar [[r.Filter.SizeScale:1]]
[2020.12.31-05.51.38:610][  0]LogConfig: Setting CVar [[r.Tonemapper.Quality:5]]
[2020.12.31-05.51.38:614][  0]LogConfig: Setting CVar [[r.DOF.Gather.AccumulatorQuality:1        ; higher gathering accumulator quality]]
[2020.12.31-05.51.38:614][  0]LogConfig: Setting CVar [[r.DOF.Gather.PostfilterMethod:1          ; Median3x3 postfilering method]]
[2020.12.31-05.51.38:615][  0]LogConfig: Setting CVar [[r.DOF.Gather.EnableBokehSettings:0       ; no bokeh simulation when gathering]]
[2020.12.31-05.51.38:616][  0]LogConfig: Setting CVar [[r.DOF.Gather.RingCount:4                 ; medium number of samples when gathering]]
[2020.12.31-05.51.38:616][  0]LogConfig: Setting CVar [[r.DOF.Scatter.ForegroundCompositing:1    ; additive foreground scattering]]
[2020.12.31-05.51.38:617][  0]LogConfig: Setting CVar [[r.DOF.Scatter.BackgroundCompositing:2    ; additive background scattering]]
[2020.12.31-05.51.38:618][  0]LogConfig: Setting CVar [[r.DOF.Scatter.EnableBokehSettings:1      ; bokeh simulation when scattering]]
[2020.12.31-05.51.38:619][  0]LogConfig: Setting CVar [[r.DOF.Scatter.MaxSpriteRatio:0.1         ; only a maximum of 10% of scattered bokeh]]
[2020.12.31-05.51.38:620][  0]LogConfig: Setting CVar [[r.DOF.Recombine.Quality:1                ; cheap slight out of focus]]
[2020.12.31-05.51.38:621][  0]LogConfig: Setting CVar [[r.DOF.Recombine.EnableBokehSettings:0    ; no bokeh simulation on slight out of focus]]
[2020.12.31-05.51.38:622][  0]LogConfig: Setting CVar [[r.DOF.TemporalAAQuality:1                ; more stable temporal accumulation]]
[2020.12.31-05.51.38:626][  0]LogConfig: Setting CVar [[r.DOF.Kernel.MaxForegroundRadius:0.025]]
[2020.12.31-05.51.38:627][  0]LogConfig: Setting CVar [[r.DOF.Kernel.MaxBackgroundRadius:0.025]]
[2020.12.31-05.51.38:627][  0]LogConfig: Applying CVar settings from Section [TextureQuality@3] File [C:/Users/Angelica .DESKTOP-RM5JOAJ/Documents/Learning Multiplayer/Puzzles/Puzzles/Saved/Config/Windows/Scalability.ini]
[2020.12.31-05.51.38:628][  0]LogConfig: Setting CVar [[r.Streaming.MipBias:0]]
[2020.12.31-05.51.38:629][  0]LogConfig: Setting CVar [[r.Streaming.AmortizeCPUToGPUCopy:0]]
[2020.12.31-05.51.38:629][  0]LogConfig: Setting CVar [[r.Streaming.MaxNumTexturesToStreamPerFrame:0]]
[2020.12.31-05.51.38:630][  0]LogConfig: Setting CVar [[r.Streaming.Boost:1]]
[2020.12.31-05.51.38:631][  0]LogConfig: Setting CVar [[r.MaxAnisotropy:8]]
[2020.12.31-05.51.38:632][  0]LogConfig: Setting CVar [[r.VT.MaxAnisotropy:8]]
[2020.12.31-05.51.38:632][  0]LogConfig: Setting CVar [[r.Streaming.LimitPoolSizeToVRAM:0]]
[2020.12.31-05.51.38:633][  0]LogConfig: Setting CVar [[r.Streaming.PoolSize:1000]]
[2020.12.31-05.51.38:634][  0]LogConfig: Setting CVar [[r.Streaming.MaxEffectiveScreenSize:0]]
[2020.12.31-05.51.38:639][  0]LogConfig: Applying CVar settings from Section [EffectsQuality@3] File [C:/Users/Angelica .DESKTOP-RM5JOAJ/Documents/Learning Multiplayer/Puzzles/Puzzles/Saved/Config/Windows/Scalability.ini]
[2020.12.31-05.51.38:640][  0]LogConfig: Setting CVar [[r.TranslucencyLightingVolumeDim:64]]
[2020.12.31-05.51.38:641][  0]LogConfig: Setting CVar [[r.RefractionQuality:2]]
[2020.12.31-05.51.38:642][  0]LogConfig: Setting CVar [[r.SSR.Quality:3]]
[2020.12.31-05.51.38:643][  0]LogConfig: Setting CVar [[r.SSR.HalfResSceneColor:0]]
[2020.12.31-05.51.38:644][  0]LogConfig: Setting CVar [[r.SceneColorFormat:4]]
[2020.12.31-05.51.38:645][  0]LogConfig: Setting CVar [[r.DetailMode:2]]
[2020.12.31-05.51.38:645][  0]LogConfig: Setting CVar [[r.TranslucencyVolumeBlur:1]]
[2020.12.31-05.51.38:646][  0]LogConfig: Setting CVar [[r.MaterialQualityLevel:1 ; High quality]]
[2020.12.31-05.51.38:647][  0]LogConfig: Setting CVar [[r.SSS.Scale:1]]
[2020.12.31-05.51.38:651][  0]LogConfig: Setting CVar [[r.SSS.SampleSet:2]]
[2020.12.31-05.51.38:651][  0]LogConfig: Setting CVar [[r.SSS.Quality:1]]
[2020.12.31-05.51.38:652][  0]LogConfig: Setting CVar [[r.SSS.HalfRes:0]]
[2020.12.31-05.51.38:654][  0]LogConfig: Setting CVar [[r.SSGI.Quality:3]]
[2020.12.31-05.51.38:655][  0]LogConfig: Setting CVar [[r.EmitterSpawnRateScale:1.0]]
[2020.12.31-05.51.38:656][  0]LogConfig: Setting CVar [[r.ParticleLightQuality:2]]
[2020.12.31-05.51.38:656][  0]LogConfig: Setting CVar [[r.SkyAtmosphere.AerialPerspectiveLUT.FastApplyOnOpaque:1 ; Always have FastSkyLUT 1 in this case to avoid wrong sky]]
[2020.12.31-05.51.38:658][  0]LogConfig: Setting CVar [[r.SkyAtmosphere.AerialPerspectiveLUT.SampleCountPerSlice:1]]
[2020.12.31-05.51.38:659][  0]LogConfig: Setting CVar [[r.SkyAtmosphere.AerialPerspectiveLUT.DepthResolution:16.0]]
[2020.12.31-05.51.38:663][  0]LogConfig: Setting CVar [[r.SkyAtmosphere.FastSkyLUT:1]]
[2020.12.31-05.51.38:663][  0]LogConfig: Setting CVar [[r.SkyAtmosphere.FastSkyLUT.SampleCountMin:4.0]]
[2020.12.31-05.51.38:664][  0]LogConfig: Setting CVar [[r.SkyAtmosphere.FastSkyLUT.SampleCountMax:32.0]]
[2020.12.31-05.51.38:665][  0]LogConfig: Setting CVar [[r.SkyAtmosphere.SampleCountMin:4.0]]
[2020.12.31-05.51.38:665][  0]LogConfig: Setting CVar [[r.SkyAtmosphere.SampleCountMax:32.0]]
[2020.12.31-05.51.38:666][  0]LogConfig: Setting CVar [[r.SkyAtmosphere.TransmittanceLUT.UseSmallFormat:0]]
[2020.12.31-05.51.38:667][  0]LogConfig: Setting CVar [[r.SkyAtmosphere.TransmittanceLUT.SampleCount:10.0]]
[2020.12.31-05.51.38:667][  0]LogConfig: Setting CVar [[r.SkyAtmosphere.MultiScatteringLUT.SampleCount:15.0]]
[2020.12.31-05.51.38:668][  0]LogConfig: Applying CVar settings from Section [FoliageQuality@3] File [C:/Users/Angelica .DESKTOP-RM5JOAJ/Documents/Learning Multiplayer/Puzzles/Puzzles/Saved/Config/Windows/Scalability.ini]
[2020.12.31-05.51.38:669][  0]LogConfig: Setting CVar [[foliage.DensityScale:1.0]]
[2020.12.31-05.51.38:671][  0]LogConfig: Setting CVar [[grass.DensityScale:1.0]]
[2020.12.31-05.51.38:674][  0]LogConfig: Applying CVar settings from Section [ShadingQuality@3] File [C:/Users/Angelica .DESKTOP-RM5JOAJ/Documents/Learning Multiplayer/Puzzles/Puzzles/Saved/Config/Windows/Scalability.ini]
[2020.12.31-05.51.38:675][  0]LogConfig: Setting CVar [[r.HairStrands.SkyLighting.SampleCount:16]]
[2020.12.31-05.51.38:676][  0]LogConfig: Setting CVar [[r.HairStrands.SkyLighting.JitterIntegration:0]]
[2020.12.31-05.51.38:677][  0]LogConfig: Setting CVar [[r.HairStrands.SkyAO.SampleCount:16]]
[2020.12.31-05.51.38:678][  0]LogConfig: Setting CVar [[r.HairStrands.DeepShadow.SuperSampling:0]]
[2020.12.31-05.51.38:678][  0]LogConfig: Setting CVar [[r.HairStrands.VisibilityPPLL:0]]
[2020.12.31-05.51.38:679][  0]LogConfig: Setting CVar [[r.HairStrands.RasterizationScale:0.5]]
[2020.12.31-05.51.38:680][  0]LogConfig: Setting CVar [[r.HairStrands.VelocityRasterizationScale:1]]
[2020.12.31-05.51.38:681][  0]LogConfig: Applying CVar settings from Section [Startup] File [../../../Engine/Config/ConsoleVariables.ini]
[2020.12.31-05.51.38:682][  0]LogConfig: Setting CVar [[net.UseAdaptiveNetUpdateFrequency:0]]
[2020.12.31-05.51.38:682][  0]LogConfig: Setting CVar [[p.chaos.AllowCreatePhysxBodies:1]]
[2020.12.31-05.51.38:683][  0]LogConfig: Setting CVar [[fx.SkipVectorVMBackendOptimizations:1]]
[2020.12.31-05.51.38:688][  0]LogConfig: Applying CVar settings from Section [ConsoleVariables] File [C:/Users/Angelica .DESKTOP-RM5JOAJ/Documents/Learning Multiplayer/Puzzles/Puzzles/Saved/Config/Windows/Engine.ini]
[2020.12.31-05.51.38:689][  0]LogInit: Computer: SKETCH-PC
[2020.12.31-05.51.38:689][  0]LogInit: User: Angelica
[2020.12.31-05.51.38:690][  0]LogInit: CPU Page size=4096, Cores=2
[2020.12.31-05.51.38:691][  0]LogInit: High frequency timer resolution =10.000000 MHz
[2020.12.31-05.51.38:692][  0]LogMemory: Memory total: Physical=15.9GB (16GB approx)
[2020.12.31-05.51.38:692][  0]LogMemory: Platform Memory Stats for Windows
[2020.12.31-05.51.38:694][  0]LogMemory: Process Physical Memory: 114.73 MB used, 114.73 MB peak
[2020.12.31-05.51.38:695][  0]LogMemory: Process Virtual Memory: 97.19 MB used, 97.19 MB peak
[2020.12.31-05.51.38:696][  0]LogMemory: Physical Memory: 8967.22 MB used,  7295.33 MB free, 16262.55 MB total
[2020.12.31-05.51.38:702][  0]LogMemory: Virtual Memory: 5124.82 MB used,  134212600.00 MB free, 134217728.00 MB total
[2020.12.31-05.51.38:725][  0]LogWindows: WindowsPlatformFeatures enabled
[2020.12.31-05.51.38:799][  0]LogInit: Physics initialised using underlying interface: PhysX
[2020.12.31-05.51.38:799][  0]LogInit: Using OS detected language (en-US).
[2020.12.31-05.51.38:802][  0]LogInit: Using OS detected locale (en-US).
[2020.12.31-05.51.38:810][  0]LogTextLocalizationManager: No specific localization for 'en-US' exists, so the 'en' localization will be used.
[2020.12.31-05.51.39:299][  0]LogSlate: New Slate User Created.  User Index 0, Is Virtual User: 0
[2020.12.31-05.51.39:300][  0]LogSlate: Slate User Registered.  User Index 0, Is Virtual User: 0
[2020.12.31-05.51.39:334][  0]LogHMD: Failed to initialize OpenVR with code 110
[2020.12.31-05.51.39:336][  0]LogD3D11RHI: D3D11 min allowed feature level: 11_0
[2020.12.31-05.51.39:339][  0]LogD3D11RHI: D3D11 max allowed feature level: 11_0
[2020.12.31-05.51.39:340][  0]LogD3D11RHI: D3D11 adapters:
[2020.12.31-05.51.39:627][  0]LogD3D11RHI:    0. 'Intel(R) HD Graphics 620' (Feature Level 11_0)
[2020.12.31-05.51.39:627][  0]LogD3D11RHI:       128/0/8131 MB DedicatedVideo/DedicatedSystem/SharedSystem, Outputs:2, VendorId:0x8086
[2020.12.31-05.51.39:636][  0]LogD3D11RHI:    1. 'Microsoft Basic Render Driver' (Feature Level 11_0)
[2020.12.31-05.51.39:636][  0]LogD3D11RHI:       0/0/8131 MB DedicatedVideo/DedicatedSystem/SharedSystem, Outputs:0, VendorId:0x1414
[2020.12.31-05.51.39:645][  0]LogD3D11RHI:    2. 'Microsoft Basic Render Driver' (Feature Level 11_0)
[2020.12.31-05.51.39:645][  0]LogD3D11RHI:       0/0/8131 MB DedicatedVideo/DedicatedSystem/SharedSystem, Outputs:0, VendorId:0x1414
[2020.12.31-05.51.39:652][  0]LogD3D11RHI:    3. 'Microsoft Basic Render Driver' (Feature Level 11_0)
[2020.12.31-05.51.39:652][  0]LogD3D11RHI:       0/0/8131 MB DedicatedVideo/DedicatedSystem/SharedSystem, Outputs:0, VendorId:0x1414
[2020.12.31-05.51.39:660][  0]LogD3D11RHI:    4. 'Microsoft Basic Render Driver' (Feature Level 11_0)
[2020.12.31-05.51.39:661][  0]LogD3D11RHI:       0/0/8131 MB DedicatedVideo/DedicatedSystem/SharedSystem, Outputs:0, VendorId:0x1414
[2020.12.31-05.51.39:663][  0]LogD3D11RHI: Chosen D3D11 Adapter: 0
[2020.12.31-05.51.39:677][  0]LogD3D11RHI: Creating new Direct3DDevice
[2020.12.31-05.51.39:678][  0]LogD3D11RHI:     GPU DeviceId: 0x5916 (for the marketing name, search the web for "GPU Device Id")
[2020.12.31-05.51.39:678][  0]LogWindows: EnumDisplayDevices:
[2020.12.31-05.51.39:679][  0]LogWindows:    0. 'Intel(R) HD Graphics 620' (P:0 D:1)
[2020.12.31-05.51.39:680][  0]LogWindows:    1. 'Intel(R) HD Graphics 620' (P:0 D:0)
[2020.12.31-05.51.39:681][  0]LogWindows:    2. 'Intel(R) HD Graphics 620' (P:0 D:0)
[2020.12.31-05.51.39:682][  0]LogWindows:    3. 'MS Idd Device' (P:0 D:0)
[2020.12.31-05.51.39:685][  0]LogWindows:    4. 'MS Idd Device' (P:0 D:0)
[2020.12.31-05.51.39:686][  0]LogWindows:    5. 'MS Idd Device' (P:1 D:1)
[2020.12.31-05.51.39:688][  0]LogWindows: DebugString: GetVideoDriverDetailsInvalid PrimaryIsNotTheChoosenAdapter GetVideoDriverDetailsInvalid PrimaryIsNotTheChoosenAdapter GetVideoDriverDetailsInvalid PrimaryIsNotTheChoosenAdapter FoundDriverCount:3 
[2020.12.31-05.51.39:689][  0]LogD3D11RHI:     Adapter Name: Intel(R) HD Graphics 620
[2020.12.31-05.51.39:690][  0]LogD3D11RHI:   Driver Version: 24.20.100.6344 (internal:24.20.100.6344, unified:24.20.100.6344)
[2020.12.31-05.51.39:691][  0]LogD3D11RHI:      Driver Date: 11-10-2018
[2020.12.31-05.51.39:691][  0]LogRHI: Texture pool is 1523 MB (70% of 2176 MB)
[2020.12.31-05.51.39:702][  0]LogD3D11RHI: [IntelMetricsDiscovery] Failed to initialize context. Result=00000002
[2020.12.31-05.51.39:939][  0]LogD3D11RHI: RHI does not have support for 64 bit atomics
[2020.12.31-05.51.39:939][  0]LogD3D11RHI: Async texture creation enabled
[2020.12.31-05.51.39:941][  0]LogD3D11RHI: Array index from any shader is supported
[2020.12.31-05.51.39:957][  0]LogD3D11RHI: GPU Timing Frequency: 12.000048 (Debug: 2 0)
[2020.12.31-05.51.40:596][  0]LogTargetPlatformManager: Display: Loaded TargetPlatform 'WindowsNoEditor'
[2020.12.31-05.51.40:615][  0]LogTargetPlatformManager: Display: Loaded TargetPlatform 'Windows'
[2020.12.31-05.51.40:656][  0]LogTargetPlatformManager: Display: Loaded TargetPlatform 'WindowsClient'
[2020.12.31-05.51.40:693][  0]LogTargetPlatformManager: Display: Loaded TargetPlatform 'WindowsServer'
[2020.12.31-05.51.40:695][  0]LogTargetPlatformManager: Display: Building Assets For Windows
[2020.12.31-05.51.40:752][  0]LogAudioDebug: Display: Lib vorbis DLL was dynamically loaded.
[2020.12.31-05.51.41:203][  0]LogShaderCompilers: Guid format shader working directory is -30 characters bigger than the processId version (../../../../../../Users/Angelica .DESKTOP-RM5JOAJ/Documents/Learning Multiplayer/Puzzles/Puzzles/Intermediate/Shaders/WorkingDirectory/5012/).
[2020.12.31-05.51.41:210][  0]LogShaderCompilers: Cleaned the shader compiler working directory 'C:/Users/Angelica .DESKTOP-RM5JOAJ/AppData/Local/Temp/UnrealShaderWorkingDir/1DA399AB4953A47250684AAED181127D/'.
[2020.12.31-05.51.41:215][  0]LogXGEController: Cannot use XGE Controller as Incredibuild is not installed on this machine.
[2020.12.31-05.51.41:216][  0]LogShaderCompilers: Cannot use XGE Shader Compiler as Incredibuild is not installed on this machine.
[2020.12.31-05.51.41:218][  0]LogShaderCompilers: Display: Using Local Shader Compiler.
[2020.12.31-05.51.43:443][  0]LogDerivedDataCache: Display: Max Cache Size: 512 MB
[2020.12.31-05.51.43:529][  0]LogDerivedDataCache: Loaded boot cache 0.09s 75MB C:/Users/Angelica .DESKTOP-RM5JOAJ/AppData/Local/UnrealEngine/4.25/DerivedDataCache/Boot.ddc.
[2020.12.31-05.51.43:529][  0]LogDerivedDataCache: Display: Loaded Boot cache: C:/Users/Angelica .DESKTOP-RM5JOAJ/AppData/Local/UnrealEngine/4.25/DerivedDataCache/Boot.ddc
[2020.12.31-05.51.43:532][  0]LogDerivedDataCache: FDerivedDataBackendGraph:  Pak pak cache file ../../../../../../Users/Angelica .DESKTOP-RM5JOAJ/Documents/Learning Multiplayer/Puzzles/Puzzles/DerivedDataCache/DDC.ddp not found, will not use a pak cache.
[2020.12.31-05.51.43:532][  0]LogDerivedDataCache: Unable to find inner node Pak for hierarchical cache Hierarchy.
[2020.12.31-05.51.43:533][  0]LogDerivedDataCache: FDerivedDataBackendGraph:  CompressedPak pak cache file ../../../../../../Users/Angelica .DESKTOP-RM5JOAJ/Documents/Learning Multiplayer/Puzzles/Puzzles/DerivedDataCache/Compressed.ddp not found, will not use a pak cache.
[2020.12.31-05.51.43:534][  0]LogDerivedDataCache: Unable to find inner node CompressedPak for hierarchical cache Hierarchy.
[2020.12.31-05.51.43:555][  0]LogDerivedDataCache: Display: Pak cache opened for reading ../../../Engine/DerivedDataCache/Compressed.ddp.
[2020.12.31-05.51.43:555][  0]LogDerivedDataCache: FDerivedDataBackendGraph:  EnterprisePak pak cache file ../../../Enterprise/DerivedDataCache/Compressed.ddp not found, will not use a pak cache.
[2020.12.31-05.51.43:557][  0]LogDerivedDataCache: Unable to find inner node EnterprisePak for hierarchical cache Hierarchy.
[2020.12.31-05.51.43:561][  0]LogDerivedDataCache: Using Local data cache path C:/Users/Angelica .DESKTOP-RM5JOAJ/AppData/Local/UnrealEngine/Common/DerivedDataCache: Writable
[2020.12.31-05.51.43:561][  0]LogDerivedDataCache: Shared data cache path not found in *engine.ini, will not use an Shared cache.
[2020.12.31-05.51.43:562][  0]LogDerivedDataCache: Unable to find inner node Shared for hierarchical cache Hierarchy.
[2020.12.31-05.51.43:656][  0]LogSlate: Using FreeType 2.10.0
[2020.12.31-05.51.43:658][  0]LogSlate: SlateFontServices - WITH_FREETYPE: 1, WITH_HARFBUZZ: 1
[2020.12.31-05.51.43:872][  0]LogInit: Using OS detected language (en-US).
[2020.12.31-05.51.43:872][  0]LogInit: Using OS detected locale (en-US).
[2020.12.31-05.51.43:875][  0]LogTextLocalizationManager: No localization for 'en-US' exists, so 'en' will be used for the language.
[2020.12.31-05.51.43:876][  0]LogTextLocalizationManager: No localization for 'en-US' exists, so 'en' will be used for the locale.
[2020.12.31-05.51.43:877][  0]LogSlate: FontCache flush requested. Reason: Culture for localization was changed
[2020.12.31-05.51.43:877][  0]LogSlate: FontCache flush requested. Reason: Culture for localization was changed
[2020.12.31-05.51.43:880][  0]LogTextLocalizationManager: Compacting localization data took   0.00ms
[2020.12.31-05.51.43:885][  0]LogAssetRegistry: FAssetRegistry took 0.0034 seconds to start up
[2020.12.31-05.51.44:325][  0]LogPackageLocalizationCache: Processed 19 localized package path(s) for 1 prioritized culture(s) in 0.087860 seconds
[2020.12.31-05.51.44:436][  0]LogInit: Selected Device Profile: [Windows]
[2020.12.31-05.51.44:666][  0]LogMeshReduction: Using QuadricMeshReduction for automatic static mesh reduction
[2020.12.31-05.51.44:666][  0]LogMeshReduction: Using SimplygonMeshReduction for automatic skeletal mesh reduction
[2020.12.31-05.51.44:668][  0]LogMeshReduction: Using ProxyLODMeshReduction for automatic mesh merging
[2020.12.31-05.51.44:668][  0]LogMeshReduction: No distributed automatic mesh merging module available
[2020.12.31-05.51.44:669][  0]LogMeshMerging: No distributed automatic mesh merging module available
[2020.12.31-05.51.44:707][  0]LogNetVersion: Puzzles 1.0.0, NetCL: 13144385, EngineNetVer: 14, GameNetVer: 0 (Checksum: 1097821826)
[2020.12.31-05.51.45:145][  0]LogAISub: UAISubsystem::UAISubsystem AISubsystem (000002114C608A40), frame # 0
[2020.12.31-05.51.45:146][  0]LogAISub: UAISubsystem::UAISubsystem AIPerceptionSystem (000002114D52FC40), frame # 0
[2020.12.31-05.51.45:150][  0]LogAISub: UAISubsystem::UAISubsystem EnvQueryManager (000002114D54BC00), frame # 0
[2020.12.31-05.51.45:340][  0]LogCollectionManager: Loaded 0 collections in 0.003257 seconds
[2020.12.31-05.51.45:344][  0]LogFileCache: Scanning file cache for directory 'C:/Users/Angelica .DESKTOP-RM5JOAJ/Documents/Learning Multiplayer/Puzzles/Puzzles/Saved/Collections/' took 0.00s
[2020.12.31-05.51.45:344][  0]LogFileCache: Scanning file cache for directory 'C:/Users/Angelica .DESKTOP-RM5JOAJ/Documents/Learning Multiplayer/Puzzles/Puzzles/Content/Developers/Angelica/Collections/' took 0.00s
[2020.12.31-05.51.45:345][  0]LogCollectionManager: Fixed up redirectors for 0 collections in 0.000005 seconds (updated 0 objects)
[2020.12.31-05.51.45:464][  0]LogFileCache: Scanning file cache for directory 'C:/Users/Angelica .DESKTOP-RM5JOAJ/Documents/Learning Multiplayer/Puzzles/Puzzles/Content/Collections/' took 0.00s
[2020.12.31-05.51.45:464][  0]LogMoviePlayer: Initializing movie player
[2020.12.31-05.51.45:872][  0]LogTemp: Warning: Game Instance
[2020.12.31-05.51.45:897][  0]SourceControl: Source control is disabled
[2020.12.31-05.51.45:899][  0]SourceControl: Source control is disabled
[2020.12.31-05.51.45:913][  0]SourceControl: Source control is disabled
[2020.12.31-05.51.46:169][  0]LogAndroidPermission: UAndroidPermissionCallbackProxy::GetInstance
[2020.12.31-05.51.46:205][  0]LogAudioCaptureCore: Display: No Audio Capture implementations found. Audio input will be silent.
[2020.12.31-05.51.46:205][  0]LogAudioCaptureCore: Display: No Audio Capture implementations found. Audio input will be silent.
[2020.12.31-05.51.46:294][  0]LogOcInput: OculusInput pre-init called
[2020.12.31-05.51.46:323][  0]LogUObjectArray: 19087 objects as part of root set at end of initial load.
[2020.12.31-05.51.46:323][  0]LogUObjectAllocator: 5035552 out of 0 bytes used by permanent object pool.
[2020.12.31-05.51.46:325][  0]LogUObjectArray: CloseDisregardForGC: 0/0 objects in disregard for GC pool
[2020.12.31-05.51.46:403][  0]LogEngine: Initializing Engine...
[2020.12.31-05.51.46:406][  0]LogHMD: Failed to initialize OpenVR with code 110
[2020.12.31-05.51.46:407][  0]LogMagicLeap: Warning: VR disabled because ZI is not enabled.  To enable, in the editor, Edit -> Project Settings -> Plugins -> Magic Leap Plugin -> Enable Zero Iteration
[2020.12.31-05.51.46:410][  0]LogStats: UGameplayTagsManager::InitializeManager -  0.000 s
[2020.12.31-05.51.46:567][  0]LogInit: Initializing FReadOnlyCVARCache
[2020.12.31-05.51.46:578][  0]LogAudioMixer: Display: Audio Mixer Platform Settings:
[2020.12.31-05.51.46:578][  0]LogAudioMixer: Display: 	Sample Rate:						  48000
[2020.12.31-05.51.46:581][  0]LogAudioMixer: Display: 	Callback Buffer Frame Size Requested: 1024
[2020.12.31-05.51.46:582][  0]LogAudioMixer: Display: 	Callback Buffer Frame Size To Use:	  1024
[2020.12.31-05.51.46:583][  0]LogAudioMixer: Display: 	Number of buffers to queue:			  2
[2020.12.31-05.51.46:584][  0]LogAudioMixer: Display: 	Max Channels (voices):				  32
[2020.12.31-05.51.46:588][  0]LogAudioMixer: Display: 	Number of Async Source Workers:		  0
[2020.12.31-05.51.46:590][  0]LogAudio: Display: AudioDevice MaxSources: 32
[2020.12.31-05.51.46:593][  0]LogAudio: Display: Using built-in audio occlusion.
[2020.12.31-05.51.46:593][  0]LogAudioMixer: Display: Initializing audio mixer.
[2020.12.31-05.51.46:652][  0]LogAudioMixer: Display: 0: FrontLeft
[2020.12.31-05.51.46:652][  0]LogAudioMixer: Display: 1: FrontRight
[2020.12.31-05.51.46:732][  0]LogAudioMixer: Display: Using Audio Device Speaker/Headphone (Realtek High Definition Audio(SST))
[2020.12.31-05.51.46:739][  0]LogAudioMixer: Display: Initializing Sound Submixes...
[2020.12.31-05.51.46:743][  0]LogAudioMixer: Display: Creating Master Submix 'MasterSubmixDefault'
[2020.12.31-05.51.46:745][  0]LogAudioMixer: Display: Creating Master Submix 'MasterReverbSubmixDefault'
[2020.12.31-05.51.46:747][  0]LogAudioMixer: Display: Creating Master Submix 'MasterEQSubmixDefault'
[2020.12.31-05.51.46:748][  0]LogInit: FAudioDevice initialized.
[2020.12.31-05.51.46:750][  0]LogNetVersion: Set ProjectVersion to 1.0.0.0. Version Checksum will be recalculated on next use.
[2020.12.31-05.51.46:820][  0]LogDerivedDataCache: Saved boot cache 0.07s 75MB C:/Users/Angelica .DESKTOP-RM5JOAJ/AppData/Local/UnrealEngine/4.25/DerivedDataCache/Boot.ddc.
[2020.12.31-05.51.46:830][  0]LogInit: Texture streaming: Enabled
[2020.12.31-05.51.46:951][  0]LogTemp: Warning: Game Instance
[2020.12.31-05.51.46:956][  0]LogTemp: Warning: Game Init
[2020.12.31-05.51.46:958][  0]LogSlate: Updating window title bar state: overlay mode, drag disabled, window buttons hidden, title bar hidden
[2020.12.31-05.51.46:961][  0]LogInit: Display: Game Engine Initialized.
[2020.12.31-05.51.46:963][  0]LogNiagaraEditor: Warning: GEditor isn't valid! Particle reset commands will not work for Niagara components!
[2020.12.31-05.51.47:017][  0]LogInit: Display: Starting Game.
[2020.12.31-05.51.47:018][  0]LogNet: Browse: /Game/Maps/Lobby?Name=Player
[2020.12.31-05.51.47:021][  0]LogLoad: LoadMap: /Game/Maps/Lobby?Name=Player
[2020.12.31-05.51.47:021][  0]LogWorld: BeginTearingDown for /Temp/Untitled_0
[2020.12.31-05.51.47:024][  0]LogWorld: UWorld::CleanupWorld for Untitled, bSessionEnded=true, bCleanupResources=true
[2020.12.31-05.51.47:024][  0]LogSlate: InvalidateAllWidgets triggered.  All widgets were invalidated
[2020.12.31-05.51.47:041][  0]LogUObjectHash: Compacting FUObjectHashTables data took   1.42ms
[2020.12.31-05.51.47:086][  0]LogAIModule: Creating AISystem for world Lobby
[2020.12.31-05.51.47:086][  0]LogAISub: UAISubsystem::UAISubsystem EnvQueryManager (000002115132FC00), frame # 0
[2020.12.31-05.51.47:088][  0]LogAISub: UAISubsystem::UAISubsystem AIPerceptionSystem (00000211366F2840), frame # 0
[2020.12.31-05.51.47:200][  0]LogLoad: Game class is 'BP_PuzzlesGameMode_C'
[2020.12.31-05.51.47:203][  0]LogWorld: Bringing World /Game/Maps/lobby.Lobby up for play (max tick rate 0) at 2020.12.31-00.51.47
[2020.12.31-05.51.47:204][  0]LogWorld: Bringing up level for play took: 0.002457
[2020.12.31-05.51.47:212][  0]LogLoad: Took 0.191096 seconds to LoadMap(/Game/Maps/Lobby)
[2020.12.31-05.51.47:237][  0]LogSlate: Took 0.000239 seconds to synchronously load lazily loaded font '../../../Engine/Content/Slate/Fonts/Roboto-Regular.ttf' (155K)
[2020.12.31-05.51.47:279][  0]LogRenderer: Reallocating scene render targets to support 1536x864 Format 10 NumSamples 1 (Frame:1).
[2020.12.31-05.51.47:280][  0]LogLoad: (Engine Initialization) Total time: 13.01 seconds
[2020.12.31-05.51.47:283][  0]LogLoad: (Engine Initialization) Total Blueprint compile time: 0.00 seconds
[2020.12.31-05.51.47:362][  0]LogContentStreaming: Texture pool size now 1000 MB
[2020.12.31-05.51.47:367][  0]LogSlate: InvalidateAllWidgets triggered.  All widgets were invalidated
[2020.12.31-05.51.47:749][  1]LogSlate: Took 0.000767 seconds to synchronously load lazily loaded font '../../../Engine/Content/Slate/Fonts/Roboto-Regular.ttf' (155K)
[2020.12.31-05.52.04:639][214]LogGameMode: ProcessServerTravel: /Game/Maps/Main?listen
[2020.12.31-05.52.04:673][214]LogEngine: Server switch level: /Game/Maps/Main?Name=Player?listen
[2020.12.31-05.52.04:673][214]LogNet: Browse: /Game/Maps/Main?Name=Player?listen
[2020.12.31-05.52.04:677][214]LogLoad: LoadMap: /Game/Maps/Main?Name=Player?listen
[2020.12.31-05.52.04:679][214]LogWorld: BeginTearingDown for /Game/Maps/lobby
[2020.12.31-05.52.04:684][214]LogWorld: UWorld::CleanupWorld for Lobby, bSessionEnded=true, bCleanupResources=true
[2020.12.31-05.52.04:685][214]LogSlate: InvalidateAllWidgets triggered.  All widgets were invalidated
[2020.12.31-05.52.04:748][214]LogAISub: UAISubsystem::~UAISubsystem EnvQueryManager (000002115132FC00), frame # 214
[2020.12.31-05.52.04:748][214]LogAISub: UAISubsystem::~UAISubsystem AIPerceptionSystem (00000211366F2840), frame # 214
[2020.12.31-05.52.04:758][214]LogUObjectHash: Compacting FUObjectHashTables data took   2.92ms
[2020.12.31-05.52.05:127][214]LogAIModule: Creating AISystem for world Main
[2020.12.31-05.52.05:128][214]LogAISub: UAISubsystem::UAISubsystem EnvQueryManager (0000021160FD6400), frame # 214
[2020.12.31-05.52.05:131][214]LogAISub: UAISubsystem::UAISubsystem AIPerceptionSystem (00000211366F0F40), frame # 214
[2020.12.31-05.52.05:305][214]LogLoad: Game class is 'BP_PuzzlesGameMode_C'
[2020.12.31-05.52.05:307][214]LogNet: ReplicationDriverClass is null! Not using ReplicationDriver.
[2020.12.31-05.52.05:309][214]LogNetCore: DDoS detection status: detection enabled: 0 analytics enabled: 0
[2020.12.31-05.52.05:310][214]LogInit: WinSock: Socket queue. Rx: 131072 (config 131072) Tx: 131072 (config 131072)
[2020.12.31-05.52.05:311][214]LogNet: Created socket for bind address: 0.0.0.0 on port 7777
[2020.12.31-05.52.05:312][214]PacketHandlerLog: Loaded PacketHandler component: Engine.EngineHandlerComponentFactory (StatelessConnectHandlerComponent)
[2020.12.31-05.52.05:313][214]LogNet: GameNetDriver IpNetDriver_0 IpNetDriver listening on port 7777
[2020.12.31-05.52.05:395][214]LogWorld: Bringing World /Game/Maps/Main.Main up for play (max tick rate 0) at 2020.12.31-00.52.05
[2020.12.31-05.52.05:397][214]LogWorld: Bringing up level for play took: 0.082146
[2020.12.31-05.52.05:400][214]LogOnlineSession: Warning: OSS: No game present to join for session (GameSession)
[2020.12.31-05.52.05:415][214]LogLoad: Took 0.737931 seconds to LoadMap(/Game/Maps/Main)
[2020.12.31-05.52.16:682][318]LogSlate: Window 'Puzzles (64-bit Development PCD3D_SM5) ' being destroyed
[2020.12.31-05.52.16:693][318]LogWindowsTextInputMethodSystem: Display: IME system now deactivated.
[2020.12.31-05.52.16:714][319]LogOnlineSession: Warning: OSS: No game present to leave for session (GameSession)
[2020.12.31-05.52.16:812][319]LogSlate: Updating window title bar state: overlay mode, drag disabled, window buttons hidden, title bar hidden
[2020.12.31-05.52.16:813][319]LogEngine: All Windows Closed
[2020.12.31-05.52.16:815][319]LogWindows: FPlatformMisc::RequestExit(0)
[2020.12.31-05.52.16:836][319]LogCore: Engine exit requested (reason: Win RequestExit)
[2020.12.31-05.52.16:857][320]LogCore: Engine exit requested (reason: EngineExit() was called; note: exit was already requested)
[2020.12.31-05.52.16:953][320]LogAudio: Display: Shutting down audio device while 2 references to it are still alive. For more information, compile with INSTRUMENT_AUDIODEVICE_HANDLES.
[2020.12.31-05.52.17:095][320]LogInit: Display: PreExit Game.
[2020.12.31-05.52.17:107][320]LogWorld: BeginTearingDown for /Game/Maps/Main
[2020.12.31-05.52.17:107][320]LogNet: World NetDriver shutdown IpNetDriver_0 [GameNetDriver]
[2020.12.31-05.52.17:109][320]LogNet: DestroyNamedNetDriver IpNetDriver_0 [GameNetDriver]
[2020.12.31-05.52.17:112][320]LogExit: GameNetDriver IpNetDriver_0 shut down
[2020.12.31-05.52.17:123][320]LogWorld: UWorld::CleanupWorld for Main, bSessionEnded=true, bCleanupResources=true
[2020.12.31-05.52.17:173][320]LogSlate: InvalidateAllWidgets triggered.  All widgets were invalidated
[2020.12.31-05.52.17:508][320]LogExit: Preparing to exit.
[2020.12.31-05.52.17:517][320]LogMoviePlayer: Shutting down movie player
[2020.12.31-05.52.17:616][320]LogSlate: Updating window title bar state: overlay mode, drag disabled, window buttons hidden, title bar hidden
[2020.12.31-05.52.17:645][320]LogDemo: Cleaned up 0 splitscreen connections with owner deletion
[2020.12.31-05.52.17:666][320]LogExit: Game engine shut down
[2020.12.31-05.52.17:747][320]LogAISub: UAISubsystem::~UAISubsystem AISubsystem (000002114C608A40), frame # 320
[2020.12.31-05.52.17:776][320]LogAISub: UAISubsystem::~UAISubsystem AIPerceptionSystem (000002114D52FC40), frame # 320
[2020.12.31-05.52.17:792][320]LogAISub: UAISubsystem::~UAISubsystem EnvQueryManager (000002114D54BC00), frame # 320
[2020.12.31-05.52.17:885][320]LogAISub: UAISubsystem::~UAISubsystem EnvQueryManager (0000021160FD6400), frame # 320
[2020.12.31-05.52.17:918][320]LogAISub: UAISubsystem::~UAISubsystem AIPerceptionSystem (00000211366F0F40), frame # 320
[2020.12.31-05.52.18:041][320]LogExit: Object subsystem successfully closed.
[2020.12.31-05.52.18:082][320]LogShaderCompilers: Display: Shaders left to compile 0
[2020.12.31-05.52.18:246][320]LogModuleManager: Shutting down and abandoning module SequenceRecorderSections (504)
[2020.12.31-05.52.18:246][320]LogModuleManager: Shutting down and abandoning module SequenceRecorder (502)
[2020.12.31-05.52.18:251][320]LogModuleManager: Shutting down and abandoning module AutomationController (500)
[2020.12.31-05.52.18:252][320]LogModuleManager: Shutting down and abandoning module AutomationWorker (498)
[2020.12.31-05.52.18:254][320]LogModuleManager: Shutting down and abandoning module Voice (496)
[2020.12.31-05.52.18:256][320]LogModuleManager: Shutting down and abandoning module AIModule (494)
[2020.12.31-05.52.18:257][320]LogModuleManager: Shutting down and abandoning module GameplayDebugger (493)
[2020.12.31-05.52.18:258][320]LogModuleManager: Shutting down and abandoning module AITestSuite (491)
[2020.12.31-05.52.18:264][320]LogModuleManager: Shutting down and abandoning module NavigationSystem (489)
[2020.12.31-05.52.18:265][320]LogModuleManager: Shutting down and abandoning module OculusMR (486)
[2020.12.31-05.52.18:266][320]LogModuleManager: Shutting down and abandoning module WmfMediaFactory (484)
[2020.12.31-05.52.18:268][320]LogModuleManager: Shutting down and abandoning module WebMMediaFactory (482)
[2020.12.31-05.52.18:269][320]LogModuleManager: Shutting down and abandoning module WebMMedia (480)
[2020.12.31-05.52.18:270][320]LogModuleManager: Shutting down and abandoning module OpenExrWrapper (478)
[2020.12.31-05.52.18:271][320]LogModuleManager: Shutting down and abandoning module ImgMediaFactory (476)
[2020.12.31-05.52.18:277][320]LogModuleManager: Shutting down and abandoning module AvfMediaFactory (474)
[2020.12.31-05.52.18:279][320]LogModuleManager: Shutting down and abandoning module MagicLeapMediaCodecFactory (472)
[2020.12.31-05.52.18:281][320]LogModuleManager: Shutting down and abandoning module MagicLeapMediaFactory (470)
[2020.12.31-05.52.18:283][320]LogModuleManager: Shutting down and abandoning module PlanarCut (468)
[2020.12.31-05.52.18:285][320]LogModuleManager: Shutting down and abandoning module CharacterAI (466)
[2020.12.31-05.52.18:287][320]LogModuleManager: Shutting down and abandoning module SessionServices (464)
[2020.12.31-05.52.18:294][320]LogModuleManager: Shutting down and abandoning module MovieSceneCapture (462)
[2020.12.31-05.52.18:347][320]LogModuleManager: Shutting down and abandoning module LiveCoding (460)
[2020.12.31-05.52.18:385][320]LogModuleManager: Shutting down and abandoning module LevelSequence (458)
[2020.12.31-05.52.18:394][320]LogModuleManager: Shutting down and abandoning module MovieSceneTracks (456)
[2020.12.31-05.52.18:397][320]LogModuleManager: Shutting down and abandoning module MovieScene (454)
[2020.12.31-05.52.18:402][320]LogModuleManager: Shutting down and abandoning module StreamingPauseRendering (452)
[2020.12.31-05.52.18:408][320]LogModuleManager: Shutting down and abandoning module PortalServices (450)
[2020.12.31-05.52.18:412][320]LogModuleManager: Shutting down and abandoning module PortalRpc (448)
[2020.12.31-05.52.18:415][320]LogModuleManager: Shutting down and abandoning module MessagingRpc (446)
[2020.12.31-05.52.18:442][320]LogModuleManager: Shutting down and abandoning module AudioMixerXAudio2 (444)
[2020.12.31-05.52.18:446][320]LogModuleManager: Shutting down and abandoning module AudioMixerCore (443)
[2020.12.31-05.52.18:447][320]LogModuleManager: Shutting down and abandoning module ProfilerService (440)
[2020.12.31-05.52.19:051][320]LogModuleManager: Shutting down and abandoning module TaskGraph (438)
[2020.12.31-05.52.19:051][320]LogModuleManager: Shutting down and abandoning module Synthesis (436)
[2020.12.31-05.52.19:059][320]LogModuleManager: Shutting down and abandoning module ProceduralMeshComponent (434)
[2020.12.31-05.52.19:060][320]LogModuleManager: Shutting down and abandoning module OculusInput (432)
[2020.12.31-05.52.19:061][320]LogModuleManager: Shutting down and abandoning module MobilePatchingUtils (430)
[2020.12.31-05.52.19:062][320]LogModuleManager: Shutting down and abandoning module GooglePAD (428)
[2020.12.31-05.52.19:063][320]LogModuleManager: Shutting down and abandoning module EditableMesh (426)
[2020.12.31-05.52.19:070][320]LogModuleManager: Shutting down and abandoning module CustomMeshComponent (424)
[2020.12.31-05.52.19:072][320]LogModuleManager: Shutting down and abandoning module CableComponent (422)
[2020.12.31-05.52.19:073][320]LogModuleManager: Shutting down and abandoning module AudioCapture (420)
[2020.12.31-05.52.19:075][320]LogModuleManager: Shutting down and abandoning module AudioCaptureRtAudio (419)
[2020.12.31-05.52.19:077][320]LogModuleManager: Shutting down and abandoning module AssetTags (416)
[2020.12.31-05.52.19:092][320]LogModuleManager: Shutting down and abandoning module ArchVisCharacter (414)
[2020.12.31-05.52.19:097][320]LogModuleManager: Shutting down and abandoning module AppleImageUtilsBlueprintSupport (412)
[2020.12.31-05.52.19:098][320]LogModuleManager: Shutting down and abandoning module AppleImageUtils (410)
[2020.12.31-05.52.19:103][320]LogModuleManager: Shutting down and abandoning module AndroidPermission (408)
[2020.12.31-05.52.19:115][320]LogModuleManager: Shutting down and abandoning module NUTUnrealEngine4 (406)
[2020.12.31-05.52.19:116][320]LogModuleManager: Shutting down and abandoning module NetcodeUnitTest (404)
[2020.12.31-05.52.19:117][320]LogModuleManager: Shutting down and abandoning module TemplateSequence (402)
[2020.12.31-05.52.19:119][320]LogModuleManager: Shutting down and abandoning module MovieRenderPipelineRenderPasses (400)
[2020.12.31-05.52.19:121][320]LogModuleManager: Shutting down and abandoning module MovieRenderPipelineSettings (398)
[2020.12.31-05.52.19:122][320]LogModuleManager: Shutting down and abandoning module MovieRenderPipelineCore (396)
[2020.12.31-05.52.19:123][320]LogModuleManager: Shutting down and abandoning module ImageWriteQueue (395)
[2020.12.31-05.52.19:145][320]LogModuleManager: Shutting down and abandoning module MediaCompositing (392)
[2020.12.31-05.52.19:149][320]LogModuleManager: Shutting down and abandoning module ImgMedia (390)
[2020.12.31-05.52.19:152][320]LogModuleManager: Shutting down and abandoning module MagicLeapSharedWorld (388)
[2020.12.31-05.52.19:153][320]LogModuleManager: Shutting down and abandoning module MagicLeapLightEstimation (386)
[2020.12.31-05.52.19:156][320]LogModuleManager: Shutting down and abandoning module MagicLeapHelperVulkan (384)
[2020.12.31-05.52.19:157][320]LogModuleManager: Shutting down and abandoning module MagicLeapHelperOpenGL (382)
[2020.12.31-05.52.19:162][320]LogModuleManager: Shutting down and abandoning module MagicLeapAudio (380)
[2020.12.31-05.52.19:174][320]LogModuleManager: Shutting down and abandoning module MeshSolverUtilities (378)
[2020.12.31-05.52.19:177][320]LogModuleManager: Shutting down and abandoning module MeshConversion (376)
[2020.12.31-05.52.19:179][320]LogModuleManager: Shutting down and abandoning module DynamicMesh (374)
[2020.12.31-05.52.19:185][320]LogModuleManager: Shutting down and abandoning module GeometryAlgorithms (372)
[2020.12.31-05.52.19:187][320]LogModuleManager: Shutting down and abandoning module GeometricObjects (370)
[2020.12.31-05.52.19:188][320]LogModuleManager: Shutting down and abandoning module GeometryCollectionTracks (368)
[2020.12.31-05.52.19:190][320]LogModuleManager: Shutting down and abandoning module GeometryCollectionSequencer (367)
[2020.12.31-05.52.19:191][320]LogModuleManager: Shutting down and abandoning module GeometryCacheTracks (364)
[2020.12.31-05.52.19:193][320]LogModuleManager: Shutting down and abandoning module GeometryCacheSequencer (363)
[2020.12.31-05.52.19:194][320]LogModuleManager: Shutting down and abandoning module GeometryCache (360)
[2020.12.31-05.52.19:199][320]LogModuleManager: Shutting down and abandoning module GeometryCacheEd (359)
[2020.12.31-05.52.19:215][320]LogModuleManager: Shutting down and abandoning module ChaosNiagara (356)
[2020.12.31-05.52.19:216][320]LogModuleManager: Shutting down and abandoning module ChaosCloth (354)
[2020.12.31-05.52.19:218][320]LogModuleManager: Shutting down and abandoning module BackChannel (352)
[2020.12.31-05.52.19:220][320]LogModuleManager: Shutting down and abandoning module AutomationUtils (350)
[2020.12.31-05.52.19:221][320]LogModuleManager: Shutting down and abandoning module VisualStudioSourceCodeAccess (348)
[2020.12.31-05.52.19:221][320]LogModuleManager: Shutting down and abandoning module HotReload (347)
[2020.12.31-05.52.19:223][320]LogModuleManager: Shutting down and abandoning module VisualStudioCodeSourceCodeAccess (344)
[2020.12.31-05.52.19:224][320]LogModuleManager: Shutting down and abandoning module UObjectPlugin (342)
[2020.12.31-05.52.19:230][320]LogModuleManager: Shutting down and abandoning module SubversionSourceControl (340)
[2020.12.31-05.52.19:232][320]LogModuleManager: Shutting down and abandoning module RiderSourceCodeAccess (338)
[2020.12.31-05.52.19:234][320]LogModuleManager: Shutting down and abandoning module PerforceSourceControl (336)
[2020.12.31-05.52.19:238][320]LogModuleManager: Shutting down and abandoning module SourceControl (335)
[2020.12.31-05.52.19:242][320]LogModuleManager: Shutting down and abandoning module CLionSourceCodeAccess (332)
[2020.12.31-05.52.19:244][320]LogModuleManager: Shutting down and abandoning module ActorLayerUtilities (330)
[2020.12.31-05.52.19:245][320]LogModuleManager: Shutting down and abandoning module Puzzles (328)
[2020.12.31-05.52.19:246][320]LogModuleManager: Shutting down and abandoning module SoundFields (326)
[2020.12.31-05.52.19:248][320]LogModuleManager: Shutting down and abandoning module SignificanceManager (324)
[2020.12.31-05.52.19:250][320]LogModuleManager: Shutting down and abandoning module RuntimePhysXCooking (322)
[2020.12.31-05.52.19:251][320]LogModuleManager: Shutting down and abandoning module PhysXVehiclesEditor (320)
[2020.12.31-05.52.19:251][320]LogModuleManager: Shutting down and abandoning module LocationServicesBPLibrary (316)
[2020.12.31-05.52.19:253][320]LogModuleManager: Shutting down and abandoning module ActorSequence (314)
[2020.12.31-05.52.19:254][320]LogModuleManager: Shutting down and abandoning module UdpMessaging (312)
[2020.12.31-05.52.19:255][320]LogModuleManager: Shutting down and abandoning module TcpMessaging (310)
[2020.12.31-05.52.19:275][320]LogModuleManager: Shutting down and abandoning module MagicLeapARPin (308)
[2020.12.31-05.52.19:277][320]LogModuleManager: Shutting down and abandoning module MagicLeapHandMeshing (306)
[2020.12.31-05.52.19:280][320]LogModuleManager: Shutting down and abandoning module MagicLeapSecureStorage (304)
[2020.12.31-05.52.19:284][320]LogModuleManager: Shutting down and abandoning module MagicLeapPrivileges (302)
[2020.12.31-05.52.19:286][320]LogModuleManager: Shutting down and abandoning module MagicLeapPlanes (300)
[2020.12.31-05.52.19:287][320]LogMagicLeapPlanes: Planes tracker already destroyed.
[2020.12.31-05.52.19:288][320]LogModuleManager: Shutting down and abandoning module MagicLeapImageTracker (298)
[2020.12.31-05.52.19:289][320]LogModuleManager: Shutting down and abandoning module MagicLeapIdentity (296)
[2020.12.31-05.52.19:291][320]LogModuleManager: Shutting down and abandoning module MagicLeapHandTracking (294)
[2020.12.31-05.52.19:292][320]LogModuleManager: Shutting down and abandoning module MagicLeapEyeTracker (292)
[2020.12.31-05.52.19:294][320]LogModuleManager: Shutting down and abandoning module MagicLeapController (290)
[2020.12.31-05.52.19:324][320]LogSlate: Slate User Destroyed.  User Index 0, Is Virtual User: 0
[2020.12.31-05.52.19:326][320]LogModuleManager: Shutting down and abandoning module MagicLeapARPinImpl (288)
[2020.12.31-05.52.19:327][320]LogModuleManager: Shutting down and abandoning module MagicLeapAR (286)
[2020.12.31-05.52.19:328][320]LogModuleManager: Shutting down and abandoning module AugmentedReality (285)
[2020.12.31-05.52.19:329][320]LogModuleManager: Shutting down and abandoning module NiagaraAnimNotifies (282)
[2020.12.31-05.52.19:330][320]LogModuleManager: Shutting down and abandoning module Niagara (280)
[2020.12.31-05.52.19:331][320]LogModuleManager: Shutting down and abandoning module SignalProcessing (279)
[2020.12.31-05.52.19:332][320]LogModuleManager: Shutting down and abandoning module NiagaraEditor (277)
[2020.12.31-05.52.19:335][320]LogModuleManager: Shutting down and abandoning module NiagaraCore (274)
[2020.12.31-05.52.19:335][320]LogModuleManager: Shutting down and abandoning module GameplayTagsEditor (272)
[2020.12.31-05.52.19:337][320]LogModuleManager: Shutting down and abandoning module FacialAnimation (270)
[2020.12.31-05.52.19:338][320]LogModuleManager: Shutting down and abandoning module AssetManagerEditor (268)
[2020.12.31-05.52.19:340][320]LogModuleManager: Shutting down and abandoning module TreeMap (267)
[2020.12.31-05.52.19:341][320]LogModuleManager: Shutting down and abandoning module AnimationSharing (264)
[2020.12.31-05.52.19:342][320]LogModuleManager: Shutting down and abandoning module LightPropagationVolumeRuntime (262)
[2020.12.31-05.52.19:344][320]LogModuleManager: Shutting down and abandoning module Paper2D (260)
[2020.12.31-05.52.19:349][320]LogModuleManager: Shutting down and abandoning module WindowsMoviePlayer (258)
[2020.12.31-05.52.19:358][320]LogModuleManager: Shutting down and abandoning module WebMMoviePlayer (256)
[2020.12.31-05.52.19:360][320]LogModuleManager: Shutting down and abandoning module NetworkReplayStreaming (254)
[2020.12.31-05.52.19:362][320]LogModuleManager: Shutting down and abandoning module PacketHandler (252)
[2020.12.31-05.52.19:365][320]LogModuleManager: Shutting down and abandoning module ClothingSystemEditor (250)
[2020.12.31-05.52.19:380][320]LogModuleManager: Shutting down and abandoning module ClothingSystemRuntimeNv (248)
[2020.12.31-05.52.19:381][320]LogModuleManager: Shutting down and abandoning module MediaAssets (246)
[2020.12.31-05.52.19:384][320]LogModuleManager: Shutting down and abandoning module Overlay (244)
[2020.12.31-05.52.19:397][320]LogModuleManager: Shutting down and abandoning module OverlayEditor (243)
[2020.12.31-05.52.19:397][320]LogModuleManager: Shutting down and abandoning module VREditor (240)
[2020.12.31-05.52.19:402][320]LogModuleManager: Shutting down and abandoning module StringTableEditor (238)
[2020.12.31-05.52.19:413][320]LogModuleManager: Shutting down and abandoning module GameplayTasksEditor (236)
[2020.12.31-05.52.19:416][320]LogModuleManager: Shutting down and abandoning module BehaviorTreeEditor (234)
[2020.12.31-05.52.19:421][320]LogModuleManager: Shutting down and abandoning module FunctionalTesting (232)
[2020.12.31-05.52.19:427][320]LogModuleManager: Shutting down and abandoning module CollisionAnalyzer (230)
[2020.12.31-05.52.19:428][320]LogModuleManager: Shutting down and abandoning module UMG (228)
[2020.12.31-05.52.19:430][320]LogModuleManager: Shutting down and abandoning module UMGEditor (227)
[2020.12.31-05.52.19:431][320]LogModuleManager: Shutting down and abandoning module Sequencer (226)
[2020.12.31-05.52.19:432][320]LogModuleManager: Shutting down and abandoning module MessageLog (223)
[2020.12.31-05.52.19:435][320]LogModuleManager: Shutting down and abandoning module MaterialEditor (221)
[2020.12.31-05.52.19:445][320]LogModuleManager: Shutting down and abandoning module ContentBrowser (220)
[2020.12.31-05.52.19:450][320]LogModuleManager: Shutting down and abandoning module WorkspaceMenuStructure (219)
[2020.12.31-05.52.19:465][320]LogModuleManager: Shutting down and abandoning module CollectionManager (217)
[2020.12.31-05.52.19:466][320]LogModuleManager: Shutting down and abandoning module DirectoryWatcher (216)
[2020.12.31-05.52.19:467][320]LogModuleManager: Shutting down and abandoning module SlateReflector (208)
[2020.12.31-05.52.19:469][320]LogModuleManager: Shutting down and abandoning module Slate (206)
[2020.12.31-05.52.19:470][320]LogModuleManager: Shutting down and abandoning module SlateCore (204)
[2020.12.31-05.52.19:471][320]LogModuleManager: Shutting down and abandoning module LandscapeEditorUtilities (202)
[2020.12.31-05.52.19:477][320]LogModuleManager: Shutting down and abandoning module EditorStyle (200)
[2020.12.31-05.52.19:481][320]LogModuleManager: Shutting down and abandoning module UnrealEd (198)
[2020.12.31-05.52.19:482][320]LogModuleManager: Shutting down and abandoning module MRMesh (196)
[2020.12.31-05.52.19:483][320]LogModuleManager: Shutting down and abandoning module Messaging (194)
[2020.12.31-05.52.19:485][320]LogModuleManager: Shutting down and abandoning module SourceCodeAccess (192)
[2020.12.31-05.52.19:489][320]LogModuleManager: Shutting down and abandoning module HeadMountedDisplay (190)
[2020.12.31-05.52.19:490][320]LogModuleManager: Shutting down and abandoning module XAudio2 (188)
[2020.12.31-05.52.19:491][320]LogModuleManager: Shutting down and abandoning module Networking (186)
[2020.12.31-05.52.19:495][320]LogModuleManager: Shutting down and abandoning module Core (184)
[2020.12.31-05.52.19:496][320]LogModuleManager: Shutting down and abandoning module MovieSceneTools (182)
[2020.12.31-05.52.19:501][320]LogModuleManager: Shutting down and abandoning module KismetCompiler (180)
[2020.12.31-05.52.19:514][320]LogModuleManager: Shutting down and abandoning module MeshBuilder (178)
[2020.12.31-05.52.19:516][320]LogModuleManager: Shutting down and abandoning module MeshUtilities (176)
[2020.12.31-05.52.19:517][320]LogModuleManager: Shutting down and abandoning module MeshMergeUtilities (175)
[2020.12.31-05.52.19:518][320]LogModuleManager: Shutting down and abandoning module MeshReductionInterface (174)
[2020.12.31-05.52.19:520][320]LogModuleManager: Shutting down and abandoning module MeshBoneReduction (173)
[2020.12.31-05.52.19:522][320]LogModuleManager: Shutting down and abandoning module SkeletalMeshReduction (171)
[2020.12.31-05.52.19:523][320]LogModuleManager: Shutting down and abandoning module ProxyLODMeshReduction (169)
[2020.12.31-05.52.19:536][320]LogModuleManager: Shutting down and abandoning module QuadricMeshReduction (167)
[2020.12.31-05.52.19:539][320]LogModuleManager: Shutting down and abandoning module MaterialBaking (163)
[2020.12.31-05.52.19:551][320]LogModuleManager: Shutting down and abandoning module NullInstallBundleManager (158)
[2020.12.31-05.52.19:552][320]LogModuleManager: Shutting down and abandoning module PIEPreviewDeviceProfileSelector (156)
[2020.12.31-05.52.19:553][320]LogModuleManager: Shutting down and abandoning module DerivedDataCache (154)
[2020.12.31-05.52.19:555][320]LogModuleManager: Shutting down and abandoning module XGEController (152)
[2020.12.31-05.52.19:557][320]LogModuleManager: Shutting down and abandoning module TargetPlatform (150)
[2020.12.31-05.52.19:558][320]LogModuleManager: Shutting down and abandoning module VulkanShaderFormat (149)
[2020.12.31-05.52.19:571][320]LogModuleManager: Shutting down and abandoning module ShaderFormatVectorVM (147)
[2020.12.31-05.52.19:573][320]LogModuleManager: Shutting down and abandoning module ShaderFormatOpenGL (145)
[2020.12.31-05.52.19:576][320]LogModuleManager: Shutting down and abandoning module ShaderFormatD3D (143)
[2020.12.31-05.52.19:577][320]LogModuleManager: Shutting down and abandoning module MetalShaderFormat (141)
[2020.12.31-05.52.19:579][320]LogModuleManager: Shutting down and abandoning module TextureFormatUncompressed (139)
[2020.12.31-05.52.19:585][320]LogModuleManager: Shutting down and abandoning module TextureFormatPVR (137)
[2020.12.31-05.52.19:586][320]LogModuleManager: Shutting down and abandoning module TextureFormatDXT (135)
[2020.12.31-05.52.19:589][320]LogModuleManager: Shutting down and abandoning module TextureFormatIntelISPCTexComp (133)
[2020.12.31-05.52.19:591][320]LogModuleManager: Shutting down and abandoning module TextureFormatASTC (131)
[2020.12.31-05.52.19:593][320]LogModuleManager: Shutting down and abandoning module ImageWrapper (130)
[2020.12.31-05.52.19:601][320]LogModuleManager: Shutting down and abandoning module TextureFormatAndroid (127)
[2020.12.31-05.52.19:604][320]LogModuleManager: Shutting down and abandoning module AudioFormatOpus (125)
[2020.12.31-05.52.19:605][320]LogModuleManager: Shutting down and abandoning module AudioFormatOgg (123)
[2020.12.31-05.52.19:607][320]LogModuleManager: Shutting down and abandoning module AudioFormatADPCM (121)
[2020.12.31-05.52.19:608][320]LogModuleManager: Shutting down and abandoning module WindowsServerTargetPlatform (119)
[2020.12.31-05.52.19:610][320]LogModuleManager: Shutting down and abandoning module WindowsClientTargetPlatform (117)
[2020.12.31-05.52.19:632][320]LogModuleManager: Shutting down and abandoning module WindowsTargetPlatform (115)
[2020.12.31-05.52.19:638][320]LogModuleManager: Shutting down and abandoning module WindowsNoEditorTargetPlatform (113)
[2020.12.31-05.52.19:640][320]LogModuleManager: Shutting down and abandoning module InputCore (110)
[2020.12.31-05.52.19:643][320]LogModuleManager: Shutting down and abandoning module Settings (108)
[2020.12.31-05.52.19:647][320]LogModuleManager: Shutting down and abandoning module PhysXCooking (106)
[2020.12.31-05.52.19:649][320]LogModuleManager: Shutting down and abandoning module ChaosSolvers (104)
[2020.12.31-05.52.19:653][320]LogModuleManager: Shutting down and abandoning module FieldSystemEngine (103)
[2020.12.31-05.52.19:654][320]LogModuleManager: Shutting down and abandoning module Chaos (100)
[2020.12.31-05.52.19:656][320]LogModuleManager: Shutting down and abandoning module WindowsPlatformFeatures (98)
[2020.12.31-05.52.19:657][320]LogModuleManager: Shutting down and abandoning module GameplayMediaEncoder (97)
[2020.12.31-05.52.19:660][320]LogModuleManager: Shutting down and abandoning module AVEncoder (96)
[2020.12.31-05.52.19:664][320]LogModuleManager: Shutting down and abandoning module SteamVRInputDevice (92)
[2020.12.31-05.52.19:666][320]LogModuleManager: Shutting down and abandoning module SteamVRInput (90)
[2020.12.31-05.52.19:670][320]LogModuleManager: Shutting down and abandoning module SteamVR (88)
[2020.12.31-05.52.19:674][320]LogHMD: Freeing OpenVRDLLHandle.
[2020.12.31-05.52.19:677][320]LogModuleManager: Shutting down and abandoning module OculusHMD (86)
[2020.12.31-05.52.19:679][320]LogModuleManager: Shutting down and abandoning module ExampleDeviceProfileSelector (84)
[2020.12.31-05.52.19:681][320]LogModuleManager: Shutting down and abandoning module LauncherChunkInstaller (82)
[2020.12.31-05.52.19:684][320]LogModuleManager: Shutting down and abandoning module OnlineBlueprintSupport (80)
[2020.12.31-05.52.19:689][320]LogModuleManager: Shutting down and abandoning module OnlineSubsystem (76)
[2020.12.31-05.52.19:696][320]LogModuleManager: Shutting down and abandoning module XMPP (71)
[2020.12.31-05.52.19:697][320]LogModuleManager: Shutting down and abandoning module WebSockets (70)
[2020.12.31-05.52.19:734][320]LogModuleManager: Shutting down and abandoning module HTTP (67)
[2020.12.31-05.52.19:765][320]LogModuleManager: Shutting down and abandoning module SSL (66)
[2020.12.31-05.52.19:778][320]LogModuleManager: Shutting down and abandoning module WmfMedia (62)
[2020.12.31-05.52.19:814][320]LogModuleManager: Shutting down and abandoning module Media (61)
[2020.12.31-05.52.19:825][320]LogModuleManager: Shutting down and abandoning module MagicLeap (58)
[2020.12.31-05.52.19:827][320]LogModuleManager: Shutting down and abandoning module NiagaraVertexFactories (56)
[2020.12.31-05.52.19:829][320]LogModuleManager: Shutting down and abandoning module NiagaraShader (54)
[2020.12.31-05.52.19:832][320]LogModuleManager: Shutting down and abandoning module VariantManagerContent (52)
[2020.12.31-05.52.19:835][320]LogModuleManager: Shutting down and abandoning module DatasmithContent (50)
[2020.12.31-05.52.19:872][320]LogModuleManager: Shutting down and abandoning module AISupportModule (48)
[2020.12.31-05.52.19:873][320]LogModuleManager: Shutting down and abandoning module DesktopPlatform (46)
[2020.12.31-05.52.19:874][320]LogModuleManager: Shutting down and abandoning module PlatformCryptoOpenSSL (44)
[2020.12.31-05.52.19:876][320]LogModuleManager: Shutting down and abandoning module PlatformCryptoTypes (42)
[2020.12.31-05.52.19:877][320]LogModuleManager: Shutting down and abandoning module PlatformCrypto (40)
[2020.12.31-05.52.19:881][320]LogModuleManager: Shutting down and abandoning module AnimationModifiers (38)
[2020.12.31-05.52.19:882][320]LogModuleManager: Shutting down and abandoning module PropertyEditor (37)
[2020.12.31-05.52.19:898][320]LogModuleManager: Shutting down and abandoning module AudioEditor (34)
[2020.12.31-05.52.19:908][320]LogModuleManager: Shutting down and abandoning module TextureCompressor (32)
[2020.12.31-05.52.19:915][320]LogModuleManager: Shutting down and abandoning module RenderCore (30)
[2020.12.31-05.52.19:917][320]LogModuleManager: Shutting down and abandoning module Landscape (28)
[2020.12.31-05.52.19:918][320]LogModuleManager: Shutting down and abandoning module SlateRHIRenderer (26)
[2020.12.31-05.52.19:920][320]LogModuleManager: Shutting down and abandoning module OpenGLDrv (24)
[2020.12.31-05.52.19:921][320]LogModuleManager: Shutting down and abandoning module D3D11RHI (22)
[2020.12.31-05.52.19:923][320]LogModuleManager: Shutting down and abandoning module AnimGraphRuntime (20)
[2020.12.31-05.52.19:924][320]LogModuleManager: Shutting down and abandoning module Renderer (18)
[2020.12.31-05.52.19:925][320]LogModuleManager: Shutting down and abandoning module Engine (16)
[2020.12.31-05.52.19:927][320]LogModuleManager: Shutting down and abandoning module CoreUObject (14)
[2020.12.31-05.52.19:928][320]LogModuleManager: Shutting down and abandoning module NetworkFile (12)
[2020.12.31-05.52.19:930][320]LogModuleManager: Shutting down and abandoning module CookedIterativeFile (10)
[2020.12.31-05.52.19:931][320]LogModuleManager: Shutting down and abandoning module StreamingFile (8)
[2020.12.31-05.52.19:949][320]LogModuleManager: Shutting down and abandoning module SandboxFile (6)
[2020.12.31-05.52.19:954][320]LogModuleManager: Shutting down and abandoning module PakFile (4)
[2020.12.31-05.52.19:964][320]LogModuleManager: Shutting down and abandoning module RSA (3)
[2020.12.31-05.52.20:671][320]LogContentStreaming: Display: There are 1 unreleased StreamingManagers
[2020.12.31-05.52.20:702][320]LogD3D11RHI: Shutdown
[2020.12.31-05.52.20:716][320]LogD3D11RHI: CleanupD3DDevice
[2020.12.31-05.52.21:641][320]LogExit: Exiting.
[2020.12.31-05.52.21:663][320]Log file closed, 12/31/20 00:52:21
