Log file open, 12/31/20 00:37:30
LogInit: Display: Running engine for game: Puzzles
LogPlatformFile: Not using cached read wrapper
LogTaskGraph: Started task graph with 5 named threads and 11 total threads with 3 sets of task threads.
LogStats: Stats thread started at 3.490369
LogD3D11RHI: Loaded GFSDK_Aftermath_Lib.x64.dll
LogICUInternationalization: ICU TimeZone Detection - Raw Offset: -5:00, Platform Override: ''
LogPluginManager: Mounting plugin Paper2D
LogPluginManager: Mounting plugin AISupport
LogPluginManager: Mounting plugin LightPropagationVolume
LogPluginManager: Mounting plugin CameraShakePreviewer
LogPluginManager: Mounting plugin ActorLayerUtilities
LogPluginManager: Mounting plugin AnimationSharing
LogPluginManager: Mounting plugin CLionSourceCodeAccess
LogPluginManager: Mounting plugin CodeLiteSourceCodeAccess
LogPluginManager: Mounting plugin GitSourceControl
LogPluginManager: Mounting plugin KDevelopSourceCodeAccess
LogPluginManager: Mounting plugin NullSourceCodeAccess
LogPluginManager: Mounting plugin PerforceSourceControl
LogPluginManager: Mounting plugin PlasticSourceControl
LogPluginManager: Mounting plugin RiderSourceCodeAccess
LogPluginManager: Mounting plugin SubversionSourceControl
LogPluginManager: Mounting plugin UObjectPlugin
LogPluginManager: Mounting plugin VisualStudioCodeSourceCodeAccess
LogPluginManager: Mounting plugin VisualStudioSourceCodeAccess
LogPluginManager: Mounting plugin XCodeSourceCodeAccess
LogPluginManager: Mounting plugin AssetManagerEditor
LogPluginManager: Mounting plugin CryptoKeys
LogPluginManager: Mounting plugin CurveEditorTools
LogPluginManager: Mounting plugin DataValidation
LogPluginManager: Mounting plugin EditorScriptingUtilities
LogPluginManager: Mounting plugin FacialAnimation
LogPluginManager: Mounting plugin GameplayTagsEditor
LogPluginManager: Mounting plugin GeometryMode
LogPluginManager: Mounting plugin MacGraphicsSwitching
LogPluginManager: Mounting plugin MaterialAnalyzer
LogPluginManager: Mounting plugin MobileLauncherProfileWizard
LogPluginManager: Mounting plugin PluginBrowser
LogPluginManager: Mounting plugin SpeedTreeImporter
LogPluginManager: Mounting plugin DatasmithContent
LogPluginManager: Mounting plugin VariantManagerContent
LogPluginManager: Mounting plugin AlembicImporter
LogPluginManager: Mounting plugin AutomationUtils
LogPluginManager: Mounting plugin BackChannel
LogPluginManager: Mounting plugin ChaosCloth
LogPluginManager: Mounting plugin ChaosClothEditor
LogPluginManager: Mounting plugin ChaosEditor
LogPluginManager: Mounting plugin ChaosNiagara
LogPluginManager: Mounting plugin ChaosSolverPlugin
LogPluginManager: Mounting plugin CharacterAI
LogPluginManager: Mounting plugin GeometryCache
LogPluginManager: Mounting plugin GeometryCollectionPlugin
LogPluginManager: Mounting plugin GeometryProcessing
LogPluginManager: Mounting plugin PlanarCut
LogPluginManager: Mounting plugin PlatformCrypto
LogPluginManager: Mounting plugin ProxyLODPlugin
LogPluginManager: Mounting plugin SkeletalReduction
LogPluginManager: Mounting plugin Niagara
LogPluginManager: Mounting plugin MagicLeap
LogPluginManager: Mounting plugin MagicLeapLightEstimation
LogPluginManager: Mounting plugin MagicLeapMedia
LogPluginManager: Mounting plugin MagicLeapPassableWorld
LogPluginManager: Mounting plugin MLSDK
LogPluginManager: Mounting plugin AndroidMedia
LogPluginManager: Mounting plugin AvfMedia
LogPluginManager: Mounting plugin ImgMedia
LogPluginManager: Mounting plugin MediaCompositing
LogPluginManager: Mounting plugin MediaPlayerEditor
LogPluginManager: Mounting plugin WebMMedia
LogPluginManager: Mounting plugin WmfMedia
LogPluginManager: Mounting plugin MeshPainting
LogPluginManager: Mounting plugin TcpMessaging
LogPluginManager: Mounting plugin UdpMessaging
LogPluginManager: Mounting plugin ActorSequence
LogPluginManager: Mounting plugin LevelSequenceEditor
LogPluginManager: Mounting plugin MatineeToLevelSequence
LogPluginManager: Mounting plugin MovieRenderPipeline
LogPluginManager: Mounting plugin TemplateSequence
LogPluginManager: Mounting plugin NetcodeUnitTest
LogPluginManager: Mounting plugin NUTUnrealEngine4
LogPluginManager: Mounting plugin OnlineSubsystemGooglePlay
LogPluginManager: Mounting plugin OnlineSubsystemIOS
LogPluginManager: Mounting plugin OnlineSubsystem
LogPluginManager: Mounting plugin OnlineSubsystemNull
LogPluginManager: Mounting plugin OnlineSubsystemUtils
LogPluginManager: Mounting plugin LauncherChunkInstaller
LogPluginManager: Mounting plugin AndroidDeviceProfileSelector
LogPluginManager: Mounting plugin AndroidMoviePlayer
LogPluginManager: Mounting plugin AndroidPermission
LogPluginManager: Mounting plugin AppleImageUtils
LogPluginManager: Mounting plugin AppleMoviePlayer
LogPluginManager: Mounting plugin ArchVisCharacter
LogPluginManager: Mounting plugin AssetTags
LogPluginManager: Mounting plugin AudioCapture
LogPluginManager: Mounting plugin CableComponent
LogPluginManager: Mounting plugin CustomMeshComponent
LogPluginManager: Mounting plugin EditableMesh
LogPluginManager: Mounting plugin ExampleDeviceProfileSelector
LogPluginManager: Mounting plugin GoogleCloudMessaging
LogPluginManager: Mounting plugin GooglePAD
LogPluginManager: Mounting plugin IOSDeviceProfileSelector
LogPluginManager: Mounting plugin LinuxDeviceProfileSelector
LogPluginManager: Mounting plugin LocationServicesBPLibrary
LogPluginManager: Mounting plugin MobilePatchingUtils
LogPluginManager: Mounting plugin OculusVR
LogPluginManager: Mounting plugin PhysXVehicles
LogPluginManager: Mounting plugin PostSplashScreen
LogPluginManager: Mounting plugin ProceduralMeshComponent
LogPluginManager: Mounting plugin RuntimePhysXCooking
LogPluginManager: Mounting plugin SignificanceManager
LogPluginManager: Mounting plugin SoundFields
LogPluginManager: Mounting plugin SteamVR
LogPluginManager: Mounting plugin Synthesis
LogPluginManager: Mounting plugin WebMMoviePlayer
LogPluginManager: Mounting plugin WindowsMoviePlayer
LogPluginManager: Mounting plugin ScreenshotTools
LogInit: Using libcurl 7.55.1-DEV
LogInit:  - built for x86_64-pc-win32
LogInit:  - supports SSL with OpenSSL/1.1.1
LogInit:  - supports HTTP deflate (compression) using libz 1.2.8
LogInit:  - other features:
LogInit:      CURL_VERSION_SSL
LogInit:      CURL_VERSION_LIBZ
LogInit:      CURL_VERSION_IPV6
LogInit:      CURL_VERSION_ASYNCHDNS
LogInit:      CURL_VERSION_LARGEFILE
LogInit:      CURL_VERSION_IDN
LogInit:  CurlRequestOptions (configurable via config and command line):
LogInit:  - bVerifyPeer = true  - Libcurl will verify peer certificate
LogInit:  - bUseHttpProxy = false  - Libcurl will NOT use HTTP proxy
LogInit:  - bDontReuseConnections = false  - Libcurl will reuse connections
LogInit:  - MaxHostConnections = 16  - Libcurl will limit the number of connections to a host
LogInit:  - LocalHostAddr = Default
LogInit:  - BufferSize = 65536
LogOnline: OSS: Creating online subsystem instance for: NULL
LogInit: WinSock: version 1.1 (2.2), MaxSocks=32767, MaxUdp=65467
LogOnline: OSS: TryLoadSubsystemAndSetDefault: Loaded subsystem for module [NULL]
LogInit: Build: ++UE4+Release-4.25-CL-14469661
LogInit: Engine Version: 4.25.4-14469661+++UE4+Release-4.25
LogInit: Compatible Engine Version: 4.25.0-13144385+++UE4+Release-4.25
LogInit: Net CL: 13144385
LogInit: OS: Windows 10 (Release 1909) (), CPU: Intel(R) Core(TM) i7-7500U CPU @ 2.70GHz, GPU: Intel(R) HD Graphics 620
LogInit: Compiled (64-bit): Oct 11 2020 08:10:49
LogInit: Compiled with Visual C++: 19.24.28315.00
LogInit: Build Configuration: Development
LogInit: Branch Name: ++UE4+Release-4.25
LogInit: Command Line:  127.0.0.1:17777 -game -PIEVIACONSOLE -Multiprocess "GameUserSettingsINI=C:/Users/Angelica .DESKTOP-RM5JOAJ/Documents/Learning Multiplayer/Puzzles/Puzzles/Saved/Config/Windows/PIEGameUserSettings1.ini" -MultiprocessSaveConfig -MultiprocessOSS -messaging -SessionName="Play in Standalone Game" -windowed -ResX=1280 -ResY=720
LogInit: Base Directory: C:/Program Files/Epic Games/UE_4.25/Engine/Binaries/Win64/
LogInit: Allocator: TBB
LogInit: Installed Engine Build: 1
LogDevObjectVersion: Number of dev versions registered: 26
LogDevObjectVersion:   Dev-Blueprints (B0D832E4-1F89-4F0D-ACCF-7EB736FD4AA2): 10
LogDevObjectVersion:   Dev-Build (E1C64328-A22C-4D53-A36C-8E866417BD8C): 0
LogDevObjectVersion:   Dev-Core (375EC13C-06E4-48FB-B500-84F0262A717E): 4
LogDevObjectVersion:   Dev-Editor (E4B068ED-F494-42E9-A231-DA0B2E46BB41): 38
LogDevObjectVersion:   Dev-Framework (CFFC743F-43B0-4480-9391-14DF171D2073): 37
LogDevObjectVersion:   Dev-Mobile (B02B49B5-BB20-44E9-A304-32B752E40360): 2
LogDevObjectVersion:   Dev-Networking (A4E4105C-59A1-49B5-A7C5-40C4547EDFEE): 0
LogDevObjectVersion:   Dev-Online (39C831C9-5AE6-47DC-9A44-9C173E1C8E7C): 0
LogDevObjectVersion:   Dev-Physics (78F01B33-EBEA-4F98-B9B4-84EACCB95AA2): 4
LogDevObjectVersion:   Dev-Platform (6631380F-2D4D-43E0-8009-CF276956A95A): 0
LogDevObjectVersion:   Dev-Rendering (12F88B9F-8875-4AFC-A67C-D90C383ABD29): 43
LogDevObjectVersion:   Dev-Sequencer (7B5AE74C-D270-4C10-A958-57980B212A5A): 12
LogDevObjectVersion:   Dev-VR (D7296918-1DD6-4BDD-9DE2-64A83CC13884): 3
LogDevObjectVersion:   Dev-LoadTimes (C2A15278-BFE7-4AFE-6C17-90FF531DF755): 1
LogDevObjectVersion:   Private-Geometry (6EACA3D4-40EC-4CC1-B786-8BED09428FC5): 3
LogDevObjectVersion:   Dev-AnimPhys (29E575DD-E0A3-4627-9D10-D276232CDCEA): 17
LogDevObjectVersion:   Dev-Anim (AF43A65D-7FD3-4947-9873-3E8ED9C1BB05): 7
LogDevObjectVersion:   Dev-ReflectionCapture (6B266CEC-1EC7-4B8F-A30B-E4D90942FC07): 1
LogDevObjectVersion:   Dev-Automation (0DF73D61-A23F-47EA-B727-89E90C41499A): 1
LogDevObjectVersion:   FortniteMain (601D1886-AC64-4F84-AA16-D3DE0DEAC7D6): 31
LogDevObjectVersion:   Dev-Enterprise (9DFFBCD6-494F-0158-E221-12823C92A888): 10
LogDevObjectVersion:   Dev-Niagara (F2AED0AC-9AFE-416F-8664-AA7FFA26D6FC): 1
LogDevObjectVersion:   Dev-Destruction (174F1F0B-B4C6-45A5-B13F-2EE8D0FB917D): 10
LogDevObjectVersion:   Dev-Physics-Ext (35F94A83-E258-406C-A318-09F59610247C): 37
LogDevObjectVersion:   Dev-PhysicsMaterial-Chaos (B68FC16E-8B1B-42E2-B453-215C058844FE): 1
LogDevObjectVersion:   Dev-CineCamera (B2E18506-4273-CFC2-A54E-F4BB758BBA07): 1
LogInit: Presizing for max 25165824 objects, including 0 objects not considered by GC, pre-allocating 0 bytes for permanent pool.
LogConfig: Applying CVar settings from Section [/Script/Engine.StreamingSettings] File [C:/Users/Angelica .DESKTOP-RM5JOAJ/Documents/Learning Multiplayer/Puzzles/Puzzles/Saved/Config/Windows/Engine.ini]
LogConfig: Setting CVar [[s.MinBulkDataSizeForAsyncLoading:131072]]
LogConfig: Setting CVar [[s.AsyncLoadingThreadEnabled:0]]
LogConfig: Setting CVar [[s.EventDrivenLoaderEnabled:1]]
LogConfig: Setting CVar [[s.WarnIfTimeLimitExceeded:0]]
LogConfig: Setting CVar [[s.TimeLimitExceededMultiplier:1.5]]
LogConfig: Setting CVar [[s.TimeLimitExceededMinTime:0.005]]
LogConfig: Setting CVar [[s.UseBackgroundLevelStreaming:1]]
LogConfig: Setting CVar [[s.PriorityAsyncLoadingExtraTime:15.0]]
LogConfig: Setting CVar [[s.LevelStreamingActorsUpdateTimeLimit:5.0]]
LogConfig: Setting CVar [[s.PriorityLevelStreamingActorsUpdateExtraTime:5.0]]
LogConfig: Setting CVar [[s.LevelStreamingComponentsRegistrationGranularity:10]]
LogConfig: Setting CVar [[s.UnregisterComponentsTimeLimit:1.0]]
LogConfig: Setting CVar [[s.LevelStreamingComponentsUnregistrationGranularity:5]]
LogConfig: Setting CVar [[s.FlushStreamingOnExit:1]]
LogInit: Object subsystem initialized
LogConfig: Setting CVar [[con.DebugEarlyDefault:1]]
LogConfig: Setting CVar [[r.setres:1280x720]]
[2020.12.31-05.37.34:283][  0]LogConfig: Setting CVar [[con.DebugEarlyDefault:1]]
[2020.12.31-05.37.34:283][  0]LogConfig: Setting CVar [[r.setres:1280x720]]
[2020.12.31-05.37.34:283][  0]LogConfig: Applying CVar settings from Section [/Script/Engine.RendererSettings] File [C:/Users/Angelica .DESKTOP-RM5JOAJ/Documents/Learning Multiplayer/Puzzles/Puzzles/Saved/Config/Windows/Engine.ini]
[2020.12.31-05.37.34:283][  0]LogConfig: Setting CVar [[r.GPUCrashDebugging:0]]
[2020.12.31-05.37.34:284][  0]LogConfig: Applying CVar settings from Section [/Script/Engine.RendererOverrideSettings] File [C:/Users/Angelica .DESKTOP-RM5JOAJ/Documents/Learning Multiplayer/Puzzles/Puzzles/Saved/Config/Windows/Engine.ini]
[2020.12.31-05.37.34:284][  0]LogConfig: Applying CVar settings from Section [/Script/Engine.StreamingSettings] File [C:/Users/Angelica .DESKTOP-RM5JOAJ/Documents/Learning Multiplayer/Puzzles/Puzzles/Saved/Config/Windows/Engine.ini]
[2020.12.31-05.37.34:284][  0]LogConfig: Setting CVar [[s.MinBulkDataSizeForAsyncLoading:131072]]
[2020.12.31-05.37.34:284][  0]LogConfig: Setting CVar [[s.AsyncLoadingThreadEnabled:0]]
[2020.12.31-05.37.34:284][  0]LogConfig: Setting CVar [[s.EventDrivenLoaderEnabled:1]]
[2020.12.31-05.37.34:284][  0]LogConfig: Setting CVar [[s.WarnIfTimeLimitExceeded:0]]
[2020.12.31-05.37.34:284][  0]LogConfig: Setting CVar [[s.TimeLimitExceededMultiplier:1.5]]
[2020.12.31-05.37.34:284][  0]LogConfig: Setting CVar [[s.TimeLimitExceededMinTime:0.005]]
[2020.12.31-05.37.34:284][  0]LogConfig: Setting CVar [[s.UseBackgroundLevelStreaming:1]]
[2020.12.31-05.37.34:284][  0]LogConfig: Setting CVar [[s.PriorityAsyncLoadingExtraTime:15.0]]
[2020.12.31-05.37.34:284][  0]LogConfig: Setting CVar [[s.LevelStreamingActorsUpdateTimeLimit:5.0]]
[2020.12.31-05.37.34:285][  0]LogConfig: Setting CVar [[s.PriorityLevelStreamingActorsUpdateExtraTime:5.0]]
[2020.12.31-05.37.34:285][  0]LogConfig: Setting CVar [[s.LevelStreamingComponentsRegistrationGranularity:10]]
[2020.12.31-05.37.34:285][  0]LogConfig: Setting CVar [[s.UnregisterComponentsTimeLimit:1.0]]
[2020.12.31-05.37.34:285][  0]LogConfig: Setting CVar [[s.LevelStreamingComponentsUnregistrationGranularity:5]]
[2020.12.31-05.37.34:285][  0]LogConfig: Setting CVar [[s.FlushStreamingOnExit:1]]
[2020.12.31-05.37.34:285][  0]LogConfig: Applying CVar settings from Section [/Script/Engine.GarbageCollectionSettings] File [C:/Users/Angelica .DESKTOP-RM5JOAJ/Documents/Learning Multiplayer/Puzzles/Puzzles/Saved/Config/Windows/Engine.ini]
[2020.12.31-05.37.34:285][  0]LogConfig: Setting CVar [[gc.MaxObjectsNotConsideredByGC:1]]
[2020.12.31-05.37.34:286][  0]LogConfig: Setting CVar [[gc.SizeOfPermanentObjectPool:0]]
[2020.12.31-05.37.34:286][  0]LogConfig: Setting CVar [[gc.FlushStreamingOnGC:0]]
[2020.12.31-05.37.34:286][  0]LogConfig: Setting CVar [[gc.NumRetriesBeforeForcingGC:10]]
[2020.12.31-05.37.34:286][  0]LogConfig: Setting CVar [[gc.AllowParallelGC:1]]
[2020.12.31-05.37.34:287][  0]LogConfig: Setting CVar [[gc.TimeBetweenPurgingPendingKillObjects:61.1]]
[2020.12.31-05.37.34:287][  0]LogConfig: Setting CVar [[gc.MaxObjectsInEditor:25165824]]
[2020.12.31-05.37.34:287][  0]LogConfig: Setting CVar [[gc.IncrementalBeginDestroyEnabled:1]]
[2020.12.31-05.37.34:287][  0]LogConfig: Setting CVar [[gc.CreateGCClusters:1]]
[2020.12.31-05.37.34:287][  0]LogConfig: Setting CVar [[gc.MinGCClusterSize:5]]
[2020.12.31-05.37.34:287][  0]LogConfig: Setting CVar [[gc.ActorClusteringEnabled:0]]
[2020.12.31-05.37.34:288][  0]LogConfig: Setting CVar [[gc.BlueprintClusteringEnabled:0]]
[2020.12.31-05.37.34:288][  0]LogConfig: Setting CVar [[gc.UseDisregardForGCOnDedicatedServers:0]]
[2020.12.31-05.37.34:288][  0]LogConfig: Applying CVar settings from Section [/Script/Engine.NetworkSettings] File [C:/Users/Angelica .DESKTOP-RM5JOAJ/Documents/Learning Multiplayer/Puzzles/Puzzles/Saved/Config/Windows/Engine.ini]
[2020.12.31-05.37.34:288][  0]LogConfig: Applying CVar settings from Section [/Script/UnrealEd.CookerSettings] File [C:/Users/Angelica .DESKTOP-RM5JOAJ/Documents/Learning Multiplayer/Puzzles/Puzzles/Saved/Config/Windows/Engine.ini]
[2020.12.31-05.37.34:324][  0]LogConfig: Applying CVar settings from Section [ViewDistanceQuality@3] File [C:/Users/Angelica .DESKTOP-RM5JOAJ/Documents/Learning Multiplayer/Puzzles/Puzzles/Saved/Config/Windows/Scalability.ini]
[2020.12.31-05.37.34:324][  0]LogConfig: Setting CVar [[r.SkeletalMeshLODBias:0]]
[2020.12.31-05.37.34:324][  0]LogConfig: Setting CVar [[r.ViewDistanceScale:1.0]]
[2020.12.31-05.37.34:324][  0]LogConfig: Applying CVar settings from Section [AntiAliasingQuality@3] File [C:/Users/Angelica .DESKTOP-RM5JOAJ/Documents/Learning Multiplayer/Puzzles/Puzzles/Saved/Config/Windows/Scalability.ini]
[2020.12.31-05.37.34:324][  0]LogConfig: Setting CVar [[r.PostProcessAAQuality:4]]
[2020.12.31-05.37.34:324][  0]LogConfig: Applying CVar settings from Section [ShadowQuality@3] File [C:/Users/Angelica .DESKTOP-RM5JOAJ/Documents/Learning Multiplayer/Puzzles/Puzzles/Saved/Config/Windows/Scalability.ini]
[2020.12.31-05.37.34:324][  0]LogConfig: Setting CVar [[r.LightFunctionQuality:1]]
[2020.12.31-05.37.34:325][  0]LogConfig: Setting CVar [[r.ShadowQuality:5]]
[2020.12.31-05.37.34:325][  0]LogConfig: Setting CVar [[r.Shadow.CSM.MaxCascades:10]]
[2020.12.31-05.37.34:325][  0]LogConfig: Setting CVar [[r.Shadow.MaxResolution:2048]]
[2020.12.31-05.37.34:325][  0]LogConfig: Setting CVar [[r.Shadow.MaxCSMResolution:2048]]
[2020.12.31-05.37.34:325][  0]LogConfig: Setting CVar [[r.Shadow.RadiusThreshold:0.01]]
[2020.12.31-05.37.34:325][  0]LogConfig: Setting CVar [[r.Shadow.DistanceScale:1.0]]
[2020.12.31-05.37.34:325][  0]LogConfig: Setting CVar [[r.Shadow.CSM.TransitionScale:1.0]]
[2020.12.31-05.37.34:325][  0]LogConfig: Setting CVar [[r.Shadow.PreShadowResolutionFactor:1.0]]
[2020.12.31-05.37.34:325][  0]LogConfig: Setting CVar [[r.DistanceFieldShadowing:1]]
[2020.12.31-05.37.34:325][  0]LogConfig: Setting CVar [[r.DistanceFieldAO:1]]
[2020.12.31-05.37.34:325][  0]LogConfig: Setting CVar [[r.AOQuality:2]]
[2020.12.31-05.37.34:326][  0]LogConfig: Setting CVar [[r.VolumetricFog:1]]
[2020.12.31-05.37.34:326][  0]LogConfig: Setting CVar [[r.VolumetricFog.GridPixelSize:8]]
[2020.12.31-05.37.34:326][  0]LogConfig: Setting CVar [[r.VolumetricFog.GridSizeZ:128]]
[2020.12.31-05.37.34:326][  0]LogConfig: Setting CVar [[r.VolumetricFog.HistoryMissSupersampleCount:4]]
[2020.12.31-05.37.34:326][  0]LogConfig: Setting CVar [[r.LightMaxDrawDistanceScale:1]]
[2020.12.31-05.37.34:326][  0]LogConfig: Setting CVar [[r.CapsuleShadows:1]]
[2020.12.31-05.37.34:326][  0]LogConfig: Applying CVar settings from Section [PostProcessQuality@3] File [C:/Users/Angelica .DESKTOP-RM5JOAJ/Documents/Learning Multiplayer/Puzzles/Puzzles/Saved/Config/Windows/Scalability.ini]
[2020.12.31-05.37.34:326][  0]LogConfig: Setting CVar [[r.MotionBlurQuality:4]]
[2020.12.31-05.37.34:326][  0]LogConfig: Setting CVar [[r.AmbientOcclusionMipLevelFactor:0.4]]
[2020.12.31-05.37.34:326][  0]LogConfig: Setting CVar [[r.AmbientOcclusionMaxQuality:100]]
[2020.12.31-05.37.34:326][  0]LogConfig: Setting CVar [[r.AmbientOcclusionLevels:-1]]
[2020.12.31-05.37.34:327][  0]LogConfig: Setting CVar [[r.AmbientOcclusionRadiusScale:1.0]]
[2020.12.31-05.37.34:327][  0]LogConfig: Setting CVar [[r.DepthOfFieldQuality:2]]
[2020.12.31-05.37.34:327][  0]LogConfig: Setting CVar [[r.RenderTargetPoolMin:400]]
[2020.12.31-05.37.34:327][  0]LogConfig: Setting CVar [[r.LensFlareQuality:2]]
[2020.12.31-05.37.34:327][  0]LogConfig: Setting CVar [[r.SceneColorFringeQuality:1]]
[2020.12.31-05.37.34:327][  0]LogConfig: Setting CVar [[r.EyeAdaptationQuality:2]]
[2020.12.31-05.37.34:327][  0]LogConfig: Setting CVar [[r.BloomQuality:5]]
[2020.12.31-05.37.34:327][  0]LogConfig: Setting CVar [[r.FastBlurThreshold:100]]
[2020.12.31-05.37.34:328][  0]LogConfig: Setting CVar [[r.Upscale.Quality:3]]
[2020.12.31-05.37.34:328][  0]LogConfig: Setting CVar [[r.Tonemapper.GrainQuantization:1]]
[2020.12.31-05.37.34:328][  0]LogConfig: Setting CVar [[r.LightShaftQuality:1]]
[2020.12.31-05.37.34:328][  0]LogConfig: Setting CVar [[r.Filter.SizeScale:1]]
[2020.12.31-05.37.34:328][  0]LogConfig: Setting CVar [[r.Tonemapper.Quality:5]]
[2020.12.31-05.37.34:328][  0]LogConfig: Setting CVar [[r.DOF.Gather.AccumulatorQuality:1        ; higher gathering accumulator quality]]
[2020.12.31-05.37.34:328][  0]LogConfig: Setting CVar [[r.DOF.Gather.PostfilterMethod:1          ; Median3x3 postfilering method]]
[2020.12.31-05.37.34:328][  0]LogConfig: Setting CVar [[r.DOF.Gather.EnableBokehSettings:0       ; no bokeh simulation when gathering]]
[2020.12.31-05.37.34:328][  0]LogConfig: Setting CVar [[r.DOF.Gather.RingCount:4                 ; medium number of samples when gathering]]
[2020.12.31-05.37.34:328][  0]LogConfig: Setting CVar [[r.DOF.Scatter.ForegroundCompositing:1    ; additive foreground scattering]]
[2020.12.31-05.37.34:328][  0]LogConfig: Setting CVar [[r.DOF.Scatter.BackgroundCompositing:2    ; additive background scattering]]
[2020.12.31-05.37.34:328][  0]LogConfig: Setting CVar [[r.DOF.Scatter.EnableBokehSettings:1      ; bokeh simulation when scattering]]
[2020.12.31-05.37.34:329][  0]LogConfig: Setting CVar [[r.DOF.Scatter.MaxSpriteRatio:0.1         ; only a maximum of 10% of scattered bokeh]]
[2020.12.31-05.37.34:329][  0]LogConfig: Setting CVar [[r.DOF.Recombine.Quality:1                ; cheap slight out of focus]]
[2020.12.31-05.37.34:329][  0]LogConfig: Setting CVar [[r.DOF.Recombine.EnableBokehSettings:0    ; no bokeh simulation on slight out of focus]]
[2020.12.31-05.37.34:329][  0]LogConfig: Setting CVar [[r.DOF.TemporalAAQuality:1                ; more stable temporal accumulation]]
[2020.12.31-05.37.34:329][  0]LogConfig: Setting CVar [[r.DOF.Kernel.MaxForegroundRadius:0.025]]
[2020.12.31-05.37.34:329][  0]LogConfig: Setting CVar [[r.DOF.Kernel.MaxBackgroundRadius:0.025]]
[2020.12.31-05.37.34:329][  0]LogConfig: Applying CVar settings from Section [TextureQuality@3] File [C:/Users/Angelica .DESKTOP-RM5JOAJ/Documents/Learning Multiplayer/Puzzles/Puzzles/Saved/Config/Windows/Scalability.ini]
[2020.12.31-05.37.34:329][  0]LogConfig: Setting CVar [[r.Streaming.MipBias:0]]
[2020.12.31-05.37.34:329][  0]LogConfig: Setting CVar [[r.Streaming.AmortizeCPUToGPUCopy:0]]
[2020.12.31-05.37.34:330][  0]LogConfig: Setting CVar [[r.Streaming.MaxNumTexturesToStreamPerFrame:0]]
[2020.12.31-05.37.34:330][  0]LogConfig: Setting CVar [[r.Streaming.Boost:1]]
[2020.12.31-05.37.34:330][  0]LogConfig: Setting CVar [[r.MaxAnisotropy:8]]
[2020.12.31-05.37.34:330][  0]LogConfig: Setting CVar [[r.VT.MaxAnisotropy:8]]
[2020.12.31-05.37.34:330][  0]LogConfig: Setting CVar [[r.Streaming.LimitPoolSizeToVRAM:0]]
[2020.12.31-05.37.34:330][  0]LogConfig: Setting CVar [[r.Streaming.PoolSize:1000]]
[2020.12.31-05.37.34:330][  0]LogConfig: Setting CVar [[r.Streaming.MaxEffectiveScreenSize:0]]
[2020.12.31-05.37.34:330][  0]LogConfig: Applying CVar settings from Section [EffectsQuality@3] File [C:/Users/Angelica .DESKTOP-RM5JOAJ/Documents/Learning Multiplayer/Puzzles/Puzzles/Saved/Config/Windows/Scalability.ini]
[2020.12.31-05.37.34:330][  0]LogConfig: Setting CVar [[r.TranslucencyLightingVolumeDim:64]]
[2020.12.31-05.37.34:330][  0]LogConfig: Setting CVar [[r.RefractionQuality:2]]
[2020.12.31-05.37.34:331][  0]LogConfig: Setting CVar [[r.SSR.Quality:3]]
[2020.12.31-05.37.34:331][  0]LogConfig: Setting CVar [[r.SSR.HalfResSceneColor:0]]
[2020.12.31-05.37.34:331][  0]LogConfig: Setting CVar [[r.SceneColorFormat:4]]
[2020.12.31-05.37.34:331][  0]LogConfig: Setting CVar [[r.DetailMode:2]]
[2020.12.31-05.37.34:331][  0]LogConfig: Setting CVar [[r.TranslucencyVolumeBlur:1]]
[2020.12.31-05.37.34:331][  0]LogConfig: Setting CVar [[r.MaterialQualityLevel:1 ; High quality]]
[2020.12.31-05.37.34:331][  0]LogConfig: Setting CVar [[r.SSS.Scale:1]]
[2020.12.31-05.37.34:331][  0]LogConfig: Setting CVar [[r.SSS.SampleSet:2]]
[2020.12.31-05.37.34:331][  0]LogConfig: Setting CVar [[r.SSS.Quality:1]]
[2020.12.31-05.37.34:331][  0]LogConfig: Setting CVar [[r.SSS.HalfRes:0]]
[2020.12.31-05.37.34:332][  0]LogConfig: Setting CVar [[r.SSGI.Quality:3]]
[2020.12.31-05.37.34:332][  0]LogConfig: Setting CVar [[r.EmitterSpawnRateScale:1.0]]
[2020.12.31-05.37.34:332][  0]LogConfig: Setting CVar [[r.ParticleLightQuality:2]]
[2020.12.31-05.37.34:332][  0]LogConfig: Setting CVar [[r.SkyAtmosphere.AerialPerspectiveLUT.FastApplyOnOpaque:1 ; Always have FastSkyLUT 1 in this case to avoid wrong sky]]
[2020.12.31-05.37.34:332][  0]LogConfig: Setting CVar [[r.SkyAtmosphere.AerialPerspectiveLUT.SampleCountPerSlice:1]]
[2020.12.31-05.37.34:332][  0]LogConfig: Setting CVar [[r.SkyAtmosphere.AerialPerspectiveLUT.DepthResolution:16.0]]
[2020.12.31-05.37.34:332][  0]LogConfig: Setting CVar [[r.SkyAtmosphere.FastSkyLUT:1]]
[2020.12.31-05.37.34:332][  0]LogConfig: Setting CVar [[r.SkyAtmosphere.FastSkyLUT.SampleCountMin:4.0]]
[2020.12.31-05.37.34:332][  0]LogConfig: Setting CVar [[r.SkyAtmosphere.FastSkyLUT.SampleCountMax:32.0]]
[2020.12.31-05.37.34:332][  0]LogConfig: Setting CVar [[r.SkyAtmosphere.SampleCountMin:4.0]]
[2020.12.31-05.37.34:332][  0]LogConfig: Setting CVar [[r.SkyAtmosphere.SampleCountMax:32.0]]
[2020.12.31-05.37.34:333][  0]LogConfig: Setting CVar [[r.SkyAtmosphere.TransmittanceLUT.UseSmallFormat:0]]
[2020.12.31-05.37.34:333][  0]LogConfig: Setting CVar [[r.SkyAtmosphere.TransmittanceLUT.SampleCount:10.0]]
[2020.12.31-05.37.34:333][  0]LogConfig: Setting CVar [[r.SkyAtmosphere.MultiScatteringLUT.SampleCount:15.0]]
[2020.12.31-05.37.34:333][  0]LogConfig: Applying CVar settings from Section [FoliageQuality@3] File [C:/Users/Angelica .DESKTOP-RM5JOAJ/Documents/Learning Multiplayer/Puzzles/Puzzles/Saved/Config/Windows/Scalability.ini]
[2020.12.31-05.37.34:333][  0]LogConfig: Setting CVar [[foliage.DensityScale:1.0]]
[2020.12.31-05.37.34:333][  0]LogConfig: Setting CVar [[grass.DensityScale:1.0]]
[2020.12.31-05.37.34:333][  0]LogConfig: Applying CVar settings from Section [ShadingQuality@3] File [C:/Users/Angelica .DESKTOP-RM5JOAJ/Documents/Learning Multiplayer/Puzzles/Puzzles/Saved/Config/Windows/Scalability.ini]
[2020.12.31-05.37.34:333][  0]LogConfig: Setting CVar [[r.HairStrands.SkyLighting.SampleCount:16]]
[2020.12.31-05.37.34:333][  0]LogConfig: Setting CVar [[r.HairStrands.SkyLighting.JitterIntegration:0]]
[2020.12.31-05.37.34:334][  0]LogConfig: Setting CVar [[r.HairStrands.SkyAO.SampleCount:16]]
[2020.12.31-05.37.34:334][  0]LogConfig: Setting CVar [[r.HairStrands.DeepShadow.SuperSampling:0]]
[2020.12.31-05.37.34:334][  0]LogConfig: Setting CVar [[r.HairStrands.VisibilityPPLL:0]]
[2020.12.31-05.37.34:335][  0]LogConfig: Setting CVar [[r.HairStrands.RasterizationScale:0.5]]
[2020.12.31-05.37.34:335][  0]LogConfig: Setting CVar [[r.HairStrands.VelocityRasterizationScale:1]]
[2020.12.31-05.37.34:335][  0]LogInit: Selected Device Profile: [Windows]
[2020.12.31-05.37.34:336][  0]LogInit: Applying CVar settings loaded from the selected device profile: [Windows]
[2020.12.31-05.37.34:336][  0]LogHAL: Display: Platform has ~ 16 GB [17052516352 / 17179869184 / 16], which maps to Larger [LargestMinGB=32, LargerMinGB=12, DefaultMinGB=8, SmallerMinGB=6, SmallestMinGB=0)
[2020.12.31-05.37.34:336][  0]LogInit: Going up to parent DeviceProfile []
[2020.12.31-05.37.34:337][  0]LogConfig: Applying CVar settings from Section [ViewDistanceQuality@3] File [C:/Users/Angelica .DESKTOP-RM5JOAJ/Documents/Learning Multiplayer/Puzzles/Puzzles/Saved/Config/Windows/Scalability.ini]
[2020.12.31-05.37.34:337][  0]LogConfig: Setting CVar [[r.SkeletalMeshLODBias:0]]
[2020.12.31-05.37.34:337][  0]LogConfig: Setting CVar [[r.ViewDistanceScale:1.0]]
[2020.12.31-05.37.34:337][  0]LogConfig: Applying CVar settings from Section [AntiAliasingQuality@3] File [C:/Users/Angelica .DESKTOP-RM5JOAJ/Documents/Learning Multiplayer/Puzzles/Puzzles/Saved/Config/Windows/Scalability.ini]
[2020.12.31-05.37.34:337][  0]LogConfig: Setting CVar [[r.PostProcessAAQuality:4]]
[2020.12.31-05.37.34:337][  0]LogConfig: Applying CVar settings from Section [ShadowQuality@3] File [C:/Users/Angelica .DESKTOP-RM5JOAJ/Documents/Learning Multiplayer/Puzzles/Puzzles/Saved/Config/Windows/Scalability.ini]
[2020.12.31-05.37.34:338][  0]LogConfig: Setting CVar [[r.LightFunctionQuality:1]]
[2020.12.31-05.37.34:338][  0]LogConfig: Setting CVar [[r.ShadowQuality:5]]
[2020.12.31-05.37.34:338][  0]LogConfig: Setting CVar [[r.Shadow.CSM.MaxCascades:10]]
[2020.12.31-05.37.34:338][  0]LogConfig: Setting CVar [[r.Shadow.MaxResolution:2048]]
[2020.12.31-05.37.34:338][  0]LogConfig: Setting CVar [[r.Shadow.MaxCSMResolution:2048]]
[2020.12.31-05.37.34:338][  0]LogConfig: Setting CVar [[r.Shadow.RadiusThreshold:0.01]]
[2020.12.31-05.37.34:339][  0]LogConfig: Setting CVar [[r.Shadow.DistanceScale:1.0]]
[2020.12.31-05.37.34:339][  0]LogConfig: Setting CVar [[r.Shadow.CSM.TransitionScale:1.0]]
[2020.12.31-05.37.34:339][  0]LogConfig: Setting CVar [[r.Shadow.PreShadowResolutionFactor:1.0]]
[2020.12.31-05.37.34:339][  0]LogConfig: Setting CVar [[r.DistanceFieldShadowing:1]]
[2020.12.31-05.37.34:339][  0]LogConfig: Setting CVar [[r.DistanceFieldAO:1]]
[2020.12.31-05.37.34:340][  0]LogConfig: Setting CVar [[r.AOQuality:2]]
[2020.12.31-05.37.34:340][  0]LogConfig: Setting CVar [[r.VolumetricFog:1]]
[2020.12.31-05.37.34:340][  0]LogConfig: Setting CVar [[r.VolumetricFog.GridPixelSize:8]]
[2020.12.31-05.37.34:340][  0]LogConfig: Setting CVar [[r.VolumetricFog.GridSizeZ:128]]
[2020.12.31-05.37.34:340][  0]LogConfig: Setting CVar [[r.VolumetricFog.HistoryMissSupersampleCount:4]]
[2020.12.31-05.37.34:340][  0]LogConfig: Setting CVar [[r.LightMaxDrawDistanceScale:1]]
[2020.12.31-05.37.34:340][  0]LogConfig: Setting CVar [[r.CapsuleShadows:1]]
[2020.12.31-05.37.34:340][  0]LogConfig: Applying CVar settings from Section [PostProcessQuality@3] File [C:/Users/Angelica .DESKTOP-RM5JOAJ/Documents/Learning Multiplayer/Puzzles/Puzzles/Saved/Config/Windows/Scalability.ini]
[2020.12.31-05.37.34:341][  0]LogConfig: Setting CVar [[r.MotionBlurQuality:4]]
[2020.12.31-05.37.34:341][  0]LogConfig: Setting CVar [[r.AmbientOcclusionMipLevelFactor:0.4]]
[2020.12.31-05.37.34:342][  0]LogConfig: Setting CVar [[r.AmbientOcclusionMaxQuality:100]]
[2020.12.31-05.37.34:342][  0]LogConfig: Setting CVar [[r.AmbientOcclusionLevels:-1]]
[2020.12.31-05.37.34:342][  0]LogConfig: Setting CVar [[r.AmbientOcclusionRadiusScale:1.0]]
[2020.12.31-05.37.34:342][  0]LogConfig: Setting CVar [[r.DepthOfFieldQuality:2]]
[2020.12.31-05.37.34:342][  0]LogConfig: Setting CVar [[r.RenderTargetPoolMin:400]]
[2020.12.31-05.37.34:343][  0]LogConfig: Setting CVar [[r.LensFlareQuality:2]]
[2020.12.31-05.37.34:343][  0]LogConfig: Setting CVar [[r.SceneColorFringeQuality:1]]
[2020.12.31-05.37.34:344][  0]LogConfig: Setting CVar [[r.EyeAdaptationQuality:2]]
[2020.12.31-05.37.34:344][  0]LogConfig: Setting CVar [[r.BloomQuality:5]]
[2020.12.31-05.37.34:344][  0]LogConfig: Setting CVar [[r.FastBlurThreshold:100]]
[2020.12.31-05.37.34:344][  0]LogConfig: Setting CVar [[r.Upscale.Quality:3]]
[2020.12.31-05.37.34:344][  0]LogConfig: Setting CVar [[r.Tonemapper.GrainQuantization:1]]
[2020.12.31-05.37.34:344][  0]LogConfig: Setting CVar [[r.LightShaftQuality:1]]
[2020.12.31-05.37.34:344][  0]LogConfig: Setting CVar [[r.Filter.SizeScale:1]]
[2020.12.31-05.37.34:344][  0]LogConfig: Setting CVar [[r.Tonemapper.Quality:5]]
[2020.12.31-05.37.34:344][  0]LogConfig: Setting CVar [[r.DOF.Gather.AccumulatorQuality:1        ; higher gathering accumulator quality]]
[2020.12.31-05.37.34:344][  0]LogConfig: Setting CVar [[r.DOF.Gather.PostfilterMethod:1          ; Median3x3 postfilering method]]
[2020.12.31-05.37.34:344][  0]LogConfig: Setting CVar [[r.DOF.Gather.EnableBokehSettings:0       ; no bokeh simulation when gathering]]
[2020.12.31-05.37.34:345][  0]LogConfig: Setting CVar [[r.DOF.Gather.RingCount:4                 ; medium number of samples when gathering]]
[2020.12.31-05.37.34:345][  0]LogConfig: Setting CVar [[r.DOF.Scatter.ForegroundCompositing:1    ; additive foreground scattering]]
[2020.12.31-05.37.34:345][  0]LogConfig: Setting CVar [[r.DOF.Scatter.BackgroundCompositing:2    ; additive background scattering]]
[2020.12.31-05.37.34:345][  0]LogConfig: Setting CVar [[r.DOF.Scatter.EnableBokehSettings:1      ; bokeh simulation when scattering]]
[2020.12.31-05.37.34:345][  0]LogConfig: Setting CVar [[r.DOF.Scatter.MaxSpriteRatio:0.1         ; only a maximum of 10% of scattered bokeh]]
[2020.12.31-05.37.34:345][  0]LogConfig: Setting CVar [[r.DOF.Recombine.Quality:1                ; cheap slight out of focus]]
[2020.12.31-05.37.34:345][  0]LogConfig: Setting CVar [[r.DOF.Recombine.EnableBokehSettings:0    ; no bokeh simulation on slight out of focus]]
[2020.12.31-05.37.34:345][  0]LogConfig: Setting CVar [[r.DOF.TemporalAAQuality:1                ; more stable temporal accumulation]]
[2020.12.31-05.37.34:345][  0]LogConfig: Setting CVar [[r.DOF.Kernel.MaxForegroundRadius:0.025]]
[2020.12.31-05.37.34:346][  0]LogConfig: Setting CVar [[r.DOF.Kernel.MaxBackgroundRadius:0.025]]
[2020.12.31-05.37.34:346][  0]LogConfig: Applying CVar settings from Section [TextureQuality@3] File [C:/Users/Angelica .DESKTOP-RM5JOAJ/Documents/Learning Multiplayer/Puzzles/Puzzles/Saved/Config/Windows/Scalability.ini]
[2020.12.31-05.37.34:346][  0]LogConfig: Setting CVar [[r.Streaming.MipBias:0]]
[2020.12.31-05.37.34:346][  0]LogConfig: Setting CVar [[r.Streaming.AmortizeCPUToGPUCopy:0]]
[2020.12.31-05.37.34:346][  0]LogConfig: Setting CVar [[r.Streaming.MaxNumTexturesToStreamPerFrame:0]]
[2020.12.31-05.37.34:346][  0]LogConfig: Setting CVar [[r.Streaming.Boost:1]]
[2020.12.31-05.37.34:346][  0]LogConfig: Setting CVar [[r.MaxAnisotropy:8]]
[2020.12.31-05.37.34:346][  0]LogConfig: Setting CVar [[r.VT.MaxAnisotropy:8]]
[2020.12.31-05.37.34:347][  0]LogConfig: Setting CVar [[r.Streaming.LimitPoolSizeToVRAM:0]]
[2020.12.31-05.37.34:347][  0]LogConfig: Setting CVar [[r.Streaming.PoolSize:1000]]
[2020.12.31-05.37.34:347][  0]LogConfig: Setting CVar [[r.Streaming.MaxEffectiveScreenSize:0]]
[2020.12.31-05.37.34:347][  0]LogConfig: Applying CVar settings from Section [EffectsQuality@3] File [C:/Users/Angelica .DESKTOP-RM5JOAJ/Documents/Learning Multiplayer/Puzzles/Puzzles/Saved/Config/Windows/Scalability.ini]
[2020.12.31-05.37.34:347][  0]LogConfig: Setting CVar [[r.TranslucencyLightingVolumeDim:64]]
[2020.12.31-05.37.34:347][  0]LogConfig: Setting CVar [[r.RefractionQuality:2]]
[2020.12.31-05.37.34:347][  0]LogConfig: Setting CVar [[r.SSR.Quality:3]]
[2020.12.31-05.37.34:347][  0]LogConfig: Setting CVar [[r.SSR.HalfResSceneColor:0]]
[2020.12.31-05.37.34:347][  0]LogConfig: Setting CVar [[r.SceneColorFormat:4]]
[2020.12.31-05.37.34:348][  0]LogConfig: Setting CVar [[r.DetailMode:2]]
[2020.12.31-05.37.34:348][  0]LogConfig: Setting CVar [[r.TranslucencyVolumeBlur:1]]
[2020.12.31-05.37.34:348][  0]LogConfig: Setting CVar [[r.MaterialQualityLevel:1 ; High quality]]
[2020.12.31-05.37.34:348][  0]LogConfig: Setting CVar [[r.SSS.Scale:1]]
[2020.12.31-05.37.34:348][  0]LogConfig: Setting CVar [[r.SSS.SampleSet:2]]
[2020.12.31-05.37.34:348][  0]LogConfig: Setting CVar [[r.SSS.Quality:1]]
[2020.12.31-05.37.34:348][  0]LogConfig: Setting CVar [[r.SSS.HalfRes:0]]
[2020.12.31-05.37.34:348][  0]LogConfig: Setting CVar [[r.SSGI.Quality:3]]
[2020.12.31-05.37.34:348][  0]LogConfig: Setting CVar [[r.EmitterSpawnRateScale:1.0]]
[2020.12.31-05.37.34:348][  0]LogConfig: Setting CVar [[r.ParticleLightQuality:2]]
[2020.12.31-05.37.34:349][  0]LogConfig: Setting CVar [[r.SkyAtmosphere.AerialPerspectiveLUT.FastApplyOnOpaque:1 ; Always have FastSkyLUT 1 in this case to avoid wrong sky]]
[2020.12.31-05.37.34:349][  0]LogConfig: Setting CVar [[r.SkyAtmosphere.AerialPerspectiveLUT.SampleCountPerSlice:1]]
[2020.12.31-05.37.34:349][  0]LogConfig: Setting CVar [[r.SkyAtmosphere.AerialPerspectiveLUT.DepthResolution:16.0]]
[2020.12.31-05.37.34:351][  0]LogConfig: Setting CVar [[r.SkyAtmosphere.FastSkyLUT:1]]
[2020.12.31-05.37.34:351][  0]LogConfig: Setting CVar [[r.SkyAtmosphere.FastSkyLUT.SampleCountMin:4.0]]
[2020.12.31-05.37.34:351][  0]LogConfig: Setting CVar [[r.SkyAtmosphere.FastSkyLUT.SampleCountMax:32.0]]
[2020.12.31-05.37.34:351][  0]LogConfig: Setting CVar [[r.SkyAtmosphere.SampleCountMin:4.0]]
[2020.12.31-05.37.34:351][  0]LogConfig: Setting CVar [[r.SkyAtmosphere.SampleCountMax:32.0]]
[2020.12.31-05.37.34:351][  0]LogConfig: Setting CVar [[r.SkyAtmosphere.TransmittanceLUT.UseSmallFormat:0]]
[2020.12.31-05.37.34:351][  0]LogConfig: Setting CVar [[r.SkyAtmosphere.TransmittanceLUT.SampleCount:10.0]]
[2020.12.31-05.37.34:351][  0]LogConfig: Setting CVar [[r.SkyAtmosphere.MultiScatteringLUT.SampleCount:15.0]]
[2020.12.31-05.37.34:351][  0]LogConfig: Applying CVar settings from Section [FoliageQuality@3] File [C:/Users/Angelica .DESKTOP-RM5JOAJ/Documents/Learning Multiplayer/Puzzles/Puzzles/Saved/Config/Windows/Scalability.ini]
[2020.12.31-05.37.34:352][  0]LogConfig: Setting CVar [[foliage.DensityScale:1.0]]
[2020.12.31-05.37.34:352][  0]LogConfig: Setting CVar [[grass.DensityScale:1.0]]
[2020.12.31-05.37.34:352][  0]LogConfig: Applying CVar settings from Section [ShadingQuality@3] File [C:/Users/Angelica .DESKTOP-RM5JOAJ/Documents/Learning Multiplayer/Puzzles/Puzzles/Saved/Config/Windows/Scalability.ini]
[2020.12.31-05.37.34:352][  0]LogConfig: Setting CVar [[r.HairStrands.SkyLighting.SampleCount:16]]
[2020.12.31-05.37.34:352][  0]LogConfig: Setting CVar [[r.HairStrands.SkyLighting.JitterIntegration:0]]
[2020.12.31-05.37.34:352][  0]LogConfig: Setting CVar [[r.HairStrands.SkyAO.SampleCount:16]]
[2020.12.31-05.37.34:352][  0]LogConfig: Setting CVar [[r.HairStrands.DeepShadow.SuperSampling:0]]
[2020.12.31-05.37.34:352][  0]LogConfig: Setting CVar [[r.HairStrands.VisibilityPPLL:0]]
[2020.12.31-05.37.34:352][  0]LogConfig: Setting CVar [[r.HairStrands.RasterizationScale:0.5]]
[2020.12.31-05.37.34:352][  0]LogConfig: Setting CVar [[r.HairStrands.VelocityRasterizationScale:1]]
[2020.12.31-05.37.34:353][  0]LogConfig: Applying CVar settings from Section [Startup] File [../../../Engine/Config/ConsoleVariables.ini]
[2020.12.31-05.37.34:355][  0]LogConfig: Setting CVar [[net.UseAdaptiveNetUpdateFrequency:0]]
[2020.12.31-05.37.34:356][  0]LogConfig: Setting CVar [[p.chaos.AllowCreatePhysxBodies:1]]
[2020.12.31-05.37.34:356][  0]LogConfig: Setting CVar [[fx.SkipVectorVMBackendOptimizations:1]]
[2020.12.31-05.37.34:356][  0]LogConfig: Applying CVar settings from Section [ConsoleVariables] File [C:/Users/Angelica .DESKTOP-RM5JOAJ/Documents/Learning Multiplayer/Puzzles/Puzzles/Saved/Config/Windows/Engine.ini]
[2020.12.31-05.37.34:356][  0]LogInit: Computer: SKETCH-PC
[2020.12.31-05.37.34:356][  0]LogInit: User: Angelica
[2020.12.31-05.37.34:356][  0]LogInit: CPU Page size=4096, Cores=2
[2020.12.31-05.37.34:357][  0]LogInit: High frequency timer resolution =10.000000 MHz
[2020.12.31-05.37.34:357][  0]LogMemory: Memory total: Physical=15.9GB (16GB approx)
[2020.12.31-05.37.34:358][  0]LogMemory: Platform Memory Stats for Windows
[2020.12.31-05.37.34:358][  0]LogMemory: Process Physical Memory: 113.87 MB used, 113.88 MB peak
[2020.12.31-05.37.34:358][  0]LogMemory: Process Virtual Memory: 97.03 MB used, 97.03 MB peak
[2020.12.31-05.37.34:358][  0]LogMemory: Physical Memory: 9059.74 MB used,  7202.81 MB free, 16262.55 MB total
[2020.12.31-05.37.34:358][  0]LogMemory: Virtual Memory: 5124.82 MB used,  134212600.00 MB free, 134217728.00 MB total
[2020.12.31-05.37.34:413][  0]LogWindows: WindowsPlatformFeatures enabled
[2020.12.31-05.37.34:596][  0]LogInit: Physics initialised using underlying interface: PhysX
[2020.12.31-05.37.34:597][  0]LogInit: Using OS detected language (en-US).
[2020.12.31-05.37.34:597][  0]LogInit: Using OS detected locale (en-US).
[2020.12.31-05.37.34:628][  0]LogTextLocalizationManager: No specific localization for 'en-US' exists, so the 'en' localization will be used.
[2020.12.31-05.37.36:557][  0]LogSlate: New Slate User Created.  User Index 0, Is Virtual User: 0
[2020.12.31-05.37.36:558][  0]LogSlate: Slate User Registered.  User Index 0, Is Virtual User: 0
[2020.12.31-05.37.36:625][  0]LogHMD: Failed to initialize OpenVR with code 110
[2020.12.31-05.37.36:626][  0]LogD3D11RHI: D3D11 min allowed feature level: 11_0
[2020.12.31-05.37.36:626][  0]LogD3D11RHI: D3D11 max allowed feature level: 11_0
[2020.12.31-05.37.36:626][  0]LogD3D11RHI: D3D11 adapters:
[2020.12.31-05.37.37:225][  0]LogD3D11RHI:    0. 'Intel(R) HD Graphics 620' (Feature Level 11_0)
[2020.12.31-05.37.37:225][  0]LogD3D11RHI:       128/0/8131 MB DedicatedVideo/DedicatedSystem/SharedSystem, Outputs:2, VendorId:0x8086
[2020.12.31-05.37.37:235][  0]LogD3D11RHI:    1. 'Microsoft Basic Render Driver' (Feature Level 11_0)
[2020.12.31-05.37.37:236][  0]LogD3D11RHI:       0/0/8131 MB DedicatedVideo/DedicatedSystem/SharedSystem, Outputs:0, VendorId:0x1414
[2020.12.31-05.37.37:245][  0]LogD3D11RHI:    2. 'Microsoft Basic Render Driver' (Feature Level 11_0)
[2020.12.31-05.37.37:245][  0]LogD3D11RHI:       0/0/8131 MB DedicatedVideo/DedicatedSystem/SharedSystem, Outputs:0, VendorId:0x1414
[2020.12.31-05.37.37:255][  0]LogD3D11RHI:    3. 'Microsoft Basic Render Driver' (Feature Level 11_0)
[2020.12.31-05.37.37:255][  0]LogD3D11RHI:       0/0/8131 MB DedicatedVideo/DedicatedSystem/SharedSystem, Outputs:0, VendorId:0x1414
[2020.12.31-05.37.37:265][  0]LogD3D11RHI:    4. 'Microsoft Basic Render Driver' (Feature Level 11_0)
[2020.12.31-05.37.37:265][  0]LogD3D11RHI:       0/0/8131 MB DedicatedVideo/DedicatedSystem/SharedSystem, Outputs:0, VendorId:0x1414
[2020.12.31-05.37.37:265][  0]LogD3D11RHI: Chosen D3D11 Adapter: 0
[2020.12.31-05.37.37:283][  0]LogD3D11RHI: Creating new Direct3DDevice
[2020.12.31-05.37.37:284][  0]LogD3D11RHI:     GPU DeviceId: 0x5916 (for the marketing name, search the web for "GPU Device Id")
[2020.12.31-05.37.37:284][  0]LogWindows: EnumDisplayDevices:
[2020.12.31-05.37.37:284][  0]LogWindows:    0. 'Intel(R) HD Graphics 620' (P:0 D:1)
[2020.12.31-05.37.37:285][  0]LogWindows:    1. 'Intel(R) HD Graphics 620' (P:0 D:0)
[2020.12.31-05.37.37:286][  0]LogWindows:    2. 'Intel(R) HD Graphics 620' (P:0 D:0)
[2020.12.31-05.37.37:287][  0]LogWindows:    3. 'MS Idd Device' (P:0 D:0)
[2020.12.31-05.37.37:288][  0]LogWindows:    4. 'MS Idd Device' (P:0 D:0)
[2020.12.31-05.37.37:289][  0]LogWindows:    5. 'MS Idd Device' (P:1 D:1)
[2020.12.31-05.37.37:290][  0]LogWindows: DebugString: GetVideoDriverDetailsInvalid PrimaryIsNotTheChoosenAdapter GetVideoDriverDetailsInvalid PrimaryIsNotTheChoosenAdapter GetVideoDriverDetailsInvalid PrimaryIsNotTheChoosenAdapter FoundDriverCount:3 
[2020.12.31-05.37.37:290][  0]LogD3D11RHI:     Adapter Name: Intel(R) HD Graphics 620
[2020.12.31-05.37.37:290][  0]LogD3D11RHI:   Driver Version: 24.20.100.6344 (internal:24.20.100.6344, unified:24.20.100.6344)
[2020.12.31-05.37.37:290][  0]LogD3D11RHI:      Driver Date: 11-10-2018
[2020.12.31-05.37.37:290][  0]LogRHI: Texture pool is 1523 MB (70% of 2176 MB)
[2020.12.31-05.37.37:301][  0]LogD3D11RHI: [IntelMetricsDiscovery] Failed to initialize context. Result=00000002
[2020.12.31-05.37.37:691][  0]LogD3D11RHI: RHI does not have support for 64 bit atomics
[2020.12.31-05.37.37:691][  0]LogD3D11RHI: Async texture creation enabled
[2020.12.31-05.37.37:691][  0]LogD3D11RHI: Array index from any shader is supported
[2020.12.31-05.37.37:711][  0]LogD3D11RHI: GPU Timing Frequency: 12.000048 (Debug: 2 0)
[2020.12.31-05.37.39:958][  0]LogTargetPlatformManager: Display: Loaded TargetPlatform 'WindowsNoEditor'
[2020.12.31-05.37.39:965][  0]LogTargetPlatformManager: Display: Loaded TargetPlatform 'Windows'
[2020.12.31-05.37.39:984][  0]LogTargetPlatformManager: Display: Loaded TargetPlatform 'WindowsClient'
[2020.12.31-05.37.40:004][  0]LogTargetPlatformManager: Display: Loaded TargetPlatform 'WindowsServer'
[2020.12.31-05.37.40:004][  0]LogTargetPlatformManager: Display: Building Assets For Windows
[2020.12.31-05.37.40:012][  0]LogAudioDebug: Display: Lib vorbis DLL was dynamically loaded.
[2020.12.31-05.37.40:083][  0]LogShaderCompilers: Guid format shader working directory is -31 characters bigger than the processId version (../../../../../../Users/Angelica .DESKTOP-RM5JOAJ/Documents/Learning Multiplayer/Puzzles/Puzzles/Intermediate/Shaders/WorkingDirectory/13676/).
[2020.12.31-05.37.40:084][  0]LogShaderCompilers: Cleaned the shader compiler working directory 'C:/Users/Angelica .DESKTOP-RM5JOAJ/AppData/Local/Temp/UnrealShaderWorkingDir/6665D4EF412C86737D920ABC19FAAAF3/'.
[2020.12.31-05.37.40:085][  0]LogXGEController: Cannot use XGE Controller as Incredibuild is not installed on this machine.
[2020.12.31-05.37.40:085][  0]LogShaderCompilers: Cannot use XGE Shader Compiler as Incredibuild is not installed on this machine.
[2020.12.31-05.37.40:085][  0]LogShaderCompilers: Display: Using Local Shader Compiler.
[2020.12.31-05.37.42:368][  0]LogDerivedDataCache: Display: Max Cache Size: 512 MB
[2020.12.31-05.37.42:493][  0]LogDerivedDataCache: Loaded boot cache 0.12s 75MB C:/Users/Angelica .DESKTOP-RM5JOAJ/AppData/Local/UnrealEngine/4.25/DerivedDataCache/Boot.ddc.
[2020.12.31-05.37.42:493][  0]LogDerivedDataCache: Display: Loaded Boot cache: C:/Users/Angelica .DESKTOP-RM5JOAJ/AppData/Local/UnrealEngine/4.25/DerivedDataCache/Boot.ddc
[2020.12.31-05.37.42:493][  0]LogDerivedDataCache: FDerivedDataBackendGraph:  Pak pak cache file ../../../../../../Users/Angelica .DESKTOP-RM5JOAJ/Documents/Learning Multiplayer/Puzzles/Puzzles/DerivedDataCache/DDC.ddp not found, will not use a pak cache.
[2020.12.31-05.37.42:493][  0]LogDerivedDataCache: Unable to find inner node Pak for hierarchical cache Hierarchy.
[2020.12.31-05.37.42:493][  0]LogDerivedDataCache: FDerivedDataBackendGraph:  CompressedPak pak cache file ../../../../../../Users/Angelica .DESKTOP-RM5JOAJ/Documents/Learning Multiplayer/Puzzles/Puzzles/DerivedDataCache/Compressed.ddp not found, will not use a pak cache.
[2020.12.31-05.37.42:493][  0]LogDerivedDataCache: Unable to find inner node CompressedPak for hierarchical cache Hierarchy.
[2020.12.31-05.37.42:517][  0]LogDerivedDataCache: Display: Pak cache opened for reading ../../../Engine/DerivedDataCache/Compressed.ddp.
[2020.12.31-05.37.42:517][  0]LogDerivedDataCache: FDerivedDataBackendGraph:  EnterprisePak pak cache file ../../../Enterprise/DerivedDataCache/Compressed.ddp not found, will not use a pak cache.
[2020.12.31-05.37.42:517][  0]LogDerivedDataCache: Unable to find inner node EnterprisePak for hierarchical cache Hierarchy.
[2020.12.31-05.37.42:531][  0]LogDerivedDataCache: Using Local data cache path C:/Users/Angelica .DESKTOP-RM5JOAJ/AppData/Local/UnrealEngine/Common/DerivedDataCache: Writable
[2020.12.31-05.37.42:531][  0]LogDerivedDataCache: Shared data cache path not found in *engine.ini, will not use an Shared cache.
[2020.12.31-05.37.42:531][  0]LogDerivedDataCache: Unable to find inner node Shared for hierarchical cache Hierarchy.
[2020.12.31-05.37.42:666][  0]LogSlate: Using FreeType 2.10.0
[2020.12.31-05.37.42:667][  0]LogSlate: SlateFontServices - WITH_FREETYPE: 1, WITH_HARFBUZZ: 1
[2020.12.31-05.37.42:926][  0]LogInit: Using OS detected language (en-US).
[2020.12.31-05.37.42:926][  0]LogInit: Using OS detected locale (en-US).
[2020.12.31-05.37.42:926][  0]LogTextLocalizationManager: No localization for 'en-US' exists, so 'en' will be used for the language.
[2020.12.31-05.37.42:926][  0]LogTextLocalizationManager: No localization for 'en-US' exists, so 'en' will be used for the locale.
[2020.12.31-05.37.42:927][  0]LogSlate: FontCache flush requested. Reason: Culture for localization was changed
[2020.12.31-05.37.42:927][  0]LogSlate: FontCache flush requested. Reason: Culture for localization was changed
[2020.12.31-05.37.42:929][  0]LogTextLocalizationManager: Compacting localization data took   0.00ms
[2020.12.31-05.37.42:935][  0]LogAssetRegistry: FAssetRegistry took 0.0040 seconds to start up
[2020.12.31-05.37.43:465][  0]LogPackageLocalizationCache: Processed 19 localized package path(s) for 1 prioritized culture(s) in 0.002579 seconds
[2020.12.31-05.37.43:621][  0]LogInit: Selected Device Profile: [Windows]
[2020.12.31-05.37.43:880][  0]LogMeshReduction: Using QuadricMeshReduction for automatic static mesh reduction
[2020.12.31-05.37.43:880][  0]LogMeshReduction: Using SimplygonMeshReduction for automatic skeletal mesh reduction
[2020.12.31-05.37.43:880][  0]LogMeshReduction: Using ProxyLODMeshReduction for automatic mesh merging
[2020.12.31-05.37.43:880][  0]LogMeshReduction: No distributed automatic mesh merging module available
[2020.12.31-05.37.43:880][  0]LogMeshMerging: No distributed automatic mesh merging module available
[2020.12.31-05.37.43:913][  0]LogNetVersion: Puzzles 1.0.0, NetCL: 13144385, EngineNetVer: 14, GameNetVer: 0 (Checksum: 1097821826)
[2020.12.31-05.37.44:752][  0]LogAISub: UAISubsystem::UAISubsystem AISubsystem (00000195E7324AC0), frame # 0
[2020.12.31-05.37.44:752][  0]LogAISub: UAISubsystem::UAISubsystem AIPerceptionSystem (00000195E824FC40), frame # 0
[2020.12.31-05.37.44:756][  0]LogAISub: UAISubsystem::UAISubsystem EnvQueryManager (00000195E8267C00), frame # 0
[2020.12.31-05.37.44:957][  0]LogCollectionManager: Loaded 0 collections in 0.005102 seconds
[2020.12.31-05.37.44:962][  0]LogFileCache: Scanning file cache for directory 'C:/Users/Angelica .DESKTOP-RM5JOAJ/Documents/Learning Multiplayer/Puzzles/Puzzles/Saved/Collections/' took 0.00s
[2020.12.31-05.37.44:962][  0]LogFileCache: Scanning file cache for directory 'C:/Users/Angelica .DESKTOP-RM5JOAJ/Documents/Learning Multiplayer/Puzzles/Puzzles/Content/Developers/Angelica/Collections/' took 0.00s
[2020.12.31-05.37.44:962][  0]LogCollectionManager: Fixed up redirectors for 0 collections in 0.000007 seconds (updated 0 objects)
[2020.12.31-05.37.45:043][  0]LogFileCache: Scanning file cache for directory 'C:/Users/Angelica .DESKTOP-RM5JOAJ/Documents/Learning Multiplayer/Puzzles/Puzzles/Content/Collections/' took 0.00s
[2020.12.31-05.37.45:043][  0]LogMoviePlayer: Initializing movie player
[2020.12.31-05.37.45:304][  0]LogTcpMessaging: Initializing TcpMessaging bridge
[2020.12.31-05.37.45:308][  0]LogUdpMessaging: Initializing bridge on interface 0.0.0.0:0 to multicast group 230.0.0.1:6666.
[2020.12.31-05.37.45:354][  0]LogTemp: Warning: Game Instance
[2020.12.31-05.37.45:374][  0]SourceControl: Source control is disabled
[2020.12.31-05.37.45:374][  0]SourceControl: Source control is disabled
[2020.12.31-05.37.45:382][  0]SourceControl: Source control is disabled
[2020.12.31-05.37.45:554][  0]LogAndroidPermission: UAndroidPermissionCallbackProxy::GetInstance
[2020.12.31-05.37.45:574][  0]LogAudioCaptureCore: Display: No Audio Capture implementations found. Audio input will be silent.
[2020.12.31-05.37.45:575][  0]LogAudioCaptureCore: Display: No Audio Capture implementations found. Audio input will be silent.
[2020.12.31-05.37.45:675][  0]LogOcInput: OculusInput pre-init called
[2020.12.31-05.37.45:710][  0]LogUObjectArray: 19087 objects as part of root set at end of initial load.
[2020.12.31-05.37.45:710][  0]LogUObjectAllocator: 5035552 out of 0 bytes used by permanent object pool.
[2020.12.31-05.37.45:710][  0]LogUObjectArray: CloseDisregardForGC: 0/0 objects in disregard for GC pool
[2020.12.31-05.37.45:819][  0]LogEngine: Initializing Engine...
[2020.12.31-05.37.45:823][  0]LogHMD: Failed to initialize OpenVR with code 110
[2020.12.31-05.37.45:823][  0]LogMagicLeap: Warning: VR disabled because ZI is not enabled.  To enable, in the editor, Edit -> Project Settings -> Plugins -> Magic Leap Plugin -> Enable Zero Iteration
[2020.12.31-05.37.45:826][  0]LogStats: UGameplayTagsManager::InitializeManager -  0.000 s
[2020.12.31-05.37.46:062][  0]LogInit: Initializing FReadOnlyCVARCache
[2020.12.31-05.37.46:068][  0]LogAudioMixer: Display: Audio Mixer Platform Settings:
[2020.12.31-05.37.46:068][  0]LogAudioMixer: Display: 	Sample Rate:						  48000
[2020.12.31-05.37.46:068][  0]LogAudioMixer: Display: 	Callback Buffer Frame Size Requested: 1024
[2020.12.31-05.37.46:068][  0]LogAudioMixer: Display: 	Callback Buffer Frame Size To Use:	  1024
[2020.12.31-05.37.46:068][  0]LogAudioMixer: Display: 	Number of buffers to queue:			  2
[2020.12.31-05.37.46:068][  0]LogAudioMixer: Display: 	Max Channels (voices):				  32
[2020.12.31-05.37.46:068][  0]LogAudioMixer: Display: 	Number of Async Source Workers:		  0
[2020.12.31-05.37.46:068][  0]LogAudio: Display: AudioDevice MaxSources: 32
[2020.12.31-05.37.46:069][  0]LogAudio: Display: Using built-in audio occlusion.
[2020.12.31-05.37.46:069][  0]LogAudioMixer: Display: Initializing audio mixer.
[2020.12.31-05.37.46:147][  0]LogAudioMixer: Display: 0: FrontLeft
[2020.12.31-05.37.46:147][  0]LogAudioMixer: Display: 1: FrontRight
[2020.12.31-05.37.46:231][  0]LogAudioMixer: Display: Using Audio Device Speaker/Headphone (Realtek High Definition Audio(SST))
[2020.12.31-05.37.46:239][  0]LogAudioMixer: Display: Initializing Sound Submixes...
[2020.12.31-05.37.46:242][  0]LogAudioMixer: Display: Creating Master Submix 'MasterSubmixDefault'
[2020.12.31-05.37.46:242][  0]LogAudioMixer: Display: Creating Master Submix 'MasterReverbSubmixDefault'
[2020.12.31-05.37.46:245][  0]LogAudioMixer: Display: Creating Master Submix 'MasterEQSubmixDefault'
[2020.12.31-05.37.46:246][  0]LogInit: FAudioDevice initialized.
[2020.12.31-05.37.46:251][  0]LogNetVersion: Set ProjectVersion to 1.0.0.0. Version Checksum will be recalculated on next use.
[2020.12.31-05.37.46:253][  0]LogInit: Texture streaming: Enabled
[2020.12.31-05.37.46:377][  0]LogTemp: Warning: Game Instance
[2020.12.31-05.37.46:382][  0]LogTemp: Warning: Game Init
[2020.12.31-05.37.46:384][  0]LogSlate: Updating window title bar state: overlay mode, drag disabled, window buttons hidden, title bar hidden
[2020.12.31-05.37.46:386][  0]LogInit: Display: Game Engine Initialized.
[2020.12.31-05.37.46:387][  0]LogNiagaraEditor: Warning: GEditor isn't valid! Particle reset commands will not work for Niagara components!
[2020.12.31-05.37.46:418][  0]LogInit: Display: Starting Game.
[2020.12.31-05.37.46:418][  0]LogNet: Browse: 127.0.0.1:17777/Game/Maps/lobby?Name=Player
[2020.12.31-05.37.46:419][  0]LogInit: WinSock: Socket queue. Rx: 32768 (config 32768) Tx: 32768 (config 32768)
[2020.12.31-05.37.46:420][  0]LogNet: Created socket for bind address: 0.0.0.0 on port 0
[2020.12.31-05.37.46:420][  0]PacketHandlerLog: Loaded PacketHandler component: Engine.EngineHandlerComponentFactory (StatelessConnectHandlerComponent)
[2020.12.31-05.37.46:421][  0]LogNet: Game client on port 17777, rate 10000
[2020.12.31-05.37.46:488][  0]LogLoad: (Engine Initialization) Total time: 32.09 seconds
[2020.12.31-05.37.46:489][  0]LogLoad: (Engine Initialization) Total Blueprint compile time: 0.00 seconds
[2020.12.31-05.37.46:500][  0]LogContentStreaming: Texture pool size now 1000 MB
[2020.12.31-05.37.46:510][  0]LogSlate: InvalidateAllWidgets triggered.  All widgets were invalidated
[2020.12.31-05.37.47:432][260]LogHandshake: SendChallengeResponse. Timestamp: 3.560880, Cookie: 158167044231171025024245044201134028225238066169099208208032
[2020.12.31-05.37.47:442][265]LogNetVersion: Puzzles 1.0.0.0, NetCL: 13144385, EngineNetVer: 14, GameNetVer: 0 (Checksum: 1199745802)
[2020.12.31-05.37.47:442][265]LogNet: UPendingNetGame::SendInitialJoin: Sending hello. [UNetConnection] RemoteAddr: 127.0.0.1:17777, Name: IpConnection_0, Driver: PendingNetDriver IpNetDriver_0, IsServer: NO, PC: NULL, Owner: NULL, UniqueId: INVALID
[2020.12.31-05.37.47:475][287]LogNet: Welcomed by server (Level: /Game/Maps/lobby, Game: /Game/Blueprints/BP_PuzzlesGameMode.BP_PuzzlesGameMode_C)
[2020.12.31-05.37.47:475][287]LogLoad: LoadMap: 127.0.0.1:17777/Game/Maps/lobby?Name=Player?game=/Game/Blueprints/BP_PuzzlesGameMode.BP_PuzzlesGameMode_C
[2020.12.31-05.37.47:476][287]LogWorld: BeginTearingDown for /Temp/Untitled_0
[2020.12.31-05.37.47:476][287]LogWorld: UWorld::CleanupWorld for Untitled, bSessionEnded=true, bCleanupResources=true
[2020.12.31-05.37.47:476][287]LogSlate: InvalidateAllWidgets triggered.  All widgets were invalidated
[2020.12.31-05.37.47:506][287]LogUObjectHash: Compacting FUObjectHashTables data took   2.04ms
[2020.12.31-05.37.47:576][287]LogWorld: Bringing World /Game/Maps/lobby.Lobby up for play (max tick rate 0) at 2020.12.31-00.37.47
[2020.12.31-05.37.47:577][287]LogWorld: Bringing up level for play took: 0.003144
[2020.12.31-05.37.47:579][287]LogLoad: Took 0.104141 seconds to LoadMap(/Game/Maps/lobby)
[2020.12.31-05.37.47:587][287]LogSlate: Took 0.000448 seconds to synchronously load lazily loaded font '../../../Engine/Content/Slate/Fonts/Roboto-Regular.ttf' (155K)
[2020.12.31-05.37.47:601][288]LogRenderer: Reallocating scene render targets to support 1280x720 Format 10 NumSamples 1 (Frame:1).
[2020.12.31-05.37.48:314][289]LogOnlineSession: Warning: OSS: No game present to join for session (GameSession)
[2020.12.31-05.37.48:505][294]LogOnlineSession: Warning: OSS: No game present to join for session (GameSession)
[2020.12.31-05.38.01:049][482]LogEngine: Server switch level: /Game/Maps/Main
[2020.12.31-05.38.01:050][482]LogNet: Browse: 127.0.0.1:17777/Game/Maps/Main?Name=Player?game=/Game/Blueprints/BP_PuzzlesGameMode.BP_PuzzlesGameMode_C
[2020.12.31-05.38.01:050][482]LogNet: World NetDriver shutdown IpNetDriver_0 [GameNetDriver]
[2020.12.31-05.38.01:050][482]LogNet: DestroyNamedNetDriver IpNetDriver_0 [GameNetDriver]
[2020.12.31-05.38.01:050][482]LogNet: UNetConnection::Close: [UNetConnection] RemoteAddr: 127.0.0.1:17777, Name: IpConnection_0, Driver: GameNetDriver IpNetDriver_0, IsServer: NO, PC: PlayerController_1, Owner: PlayerController_1, UniqueId: NULL:Sketch-PC-609415A445C6EDA126B3DB8E1AE93BCC, Channels: 10, Time: 2020.12.31-05.38.01
[2020.12.31-05.38.01:050][482]LogNet: UChannel::Close: Sending CloseBunch. ChIndex == 0. Name: [UChannel] ChIndex: 0, Closing: 0 [UNetConnection] RemoteAddr: 127.0.0.1:17777, Name: IpConnection_0, Driver: GameNetDriver IpNetDriver_0, IsServer: NO, PC: PlayerController_1, Owner: PlayerController_1, UniqueId: NULL:Sketch-PC-609415A445C6EDA126B3DB8E1AE93BCC
[2020.12.31-05.38.01:052][482]LogExit: GameNetDriver IpNetDriver_0 shut down
[2020.12.31-05.38.01:053][482]LogInit: WinSock: Socket queue. Rx: 32768 (config 32768) Tx: 32768 (config 32768)
[2020.12.31-05.38.01:054][482]LogNet: Created socket for bind address: 0.0.0.0 on port 0
[2020.12.31-05.38.01:054][482]PacketHandlerLog: Loaded PacketHandler component: Engine.EngineHandlerComponentFactory (StatelessConnectHandlerComponent)
[2020.12.31-05.38.01:055][482]LogNet: Game client on port 17777, rate 10000
[2020.12.31-05.38.01:055][482]LogLoad: Warning: UEngine::TickWorldTravel failed to Handle server travel to URL: /Game/Maps/Main. Error: 
[2020.12.31-05.38.01:055][482]LogOutputDevice: Warning: 

Script Stack (0 frames):

[2020.12.31-05.38.01:056][482]LogWindows: Windows GetLastError: The operation completed successfully. (0)
[2020.12.31-05.38.23:236][482]LogWindows: Error: === Critical error: ===
[2020.12.31-05.38.23:236][482]LogWindows: Error: 
[2020.12.31-05.38.23:236][482]LogWindows: Error: Assertion failed: Ret != EBrowseReturnVal::Pending [File:D:/Build/++UE4/Sync/Engine/Source/Runtime/Engine/Private/UnrealEngine.cpp] [Line: 12268] 
[2020.12.31-05.38.23:236][482]LogWindows: Error: 
[2020.12.31-05.38.23:236][482]LogWindows: Error: 
[2020.12.31-05.38.23:236][482]LogWindows: Error: 
[2020.12.31-05.38.23:236][482]LogWindows: Error: [Callstack] 0x00007fff5e613b29 KERNELBASE.dll!UnknownFunction []
[2020.12.31-05.38.23:236][482]LogWindows: Error: [Callstack] 0x00007ffef1f8ec66 UE4Editor-Core.dll!UnknownFunction []
[2020.12.31-05.38.23:236][482]LogWindows: Error: [Callstack] 0x00007ffef1f92048 UE4Editor-Core.dll!UnknownFunction []
[2020.12.31-05.38.23:236][482]LogWindows: Error: [Callstack] 0x00007ffef1d1e52d UE4Editor-Core.dll!UnknownFunction []
[2020.12.31-05.38.23:237][482]LogWindows: Error: [Callstack] 0x00007ffef1ca97c5 UE4Editor-Core.dll!UnknownFunction []
[2020.12.31-05.38.23:237][482]LogWindows: Error: [Callstack] 0x00007ffef1cabb00 UE4Editor-Core.dll!UnknownFunction []
[2020.12.31-05.38.23:237][482]LogWindows: Error: [Callstack] 0x00007ffeeff9de54 UE4Editor-Engine.dll!UnknownFunction []
[2020.12.31-05.38.23:237][482]LogWindows: Error: [Callstack] 0x00007ffeef4a9913 UE4Editor-Engine.dll!UnknownFunction []
[2020.12.31-05.38.23:237][482]LogWindows: Error: [Callstack] 0x00007ff7040b7800 UE4Editor.exe!UnknownFunction []
[2020.12.31-05.38.23:237][482]LogWindows: Error: [Callstack] 0x00007ff7040cba7c UE4Editor.exe!UnknownFunction []
[2020.12.31-05.38.23:237][482]LogWindows: Error: [Callstack] 0x00007ff7040cbb5a UE4Editor.exe!UnknownFunction []
[2020.12.31-05.38.23:237][482]LogWindows: Error: [Callstack] 0x00007ff7040de31d UE4Editor.exe!UnknownFunction []
[2020.12.31-05.38.23:237][482]LogWindows: Error: [Callstack] 0x00007ff7040e145a UE4Editor.exe!UnknownFunction []
[2020.12.31-05.38.23:237][482]LogWindows: Error: [Callstack] 0x00007fff60757c24 KERNEL32.DLL!UnknownFunction []
[2020.12.31-05.38.23:237][482]LogWindows: Error: [Callstack] 0x00007fff608cd4d1 ntdll.dll!UnknownFunction []
[2020.12.31-05.38.23:238][482]LogWindows: Error: 
[2020.12.31-05.38.23:357][482]LogExit: Executing StaticShutdownAfterError
[2020.12.31-05.38.23:364][482]LogWindows: FPlatformMisc::RequestExit(1)
[2020.12.31-05.38.23:365][482]LogCore: Engine exit requested (reason: Win RequestExit)
[2020.12.31-05.38.23:372][482]Log file closed, 12/31/20 00:38:23
