Log file open, 01/05/21 12:45:50
LogInit: Display: Running engine for game: Puzzles
LogPlatformFile: Not using cached read wrapper
LogTaskGraph: Started task graph with 5 named threads and 11 total threads with 3 sets of task threads.
LogStats: Stats thread started at 0.724284
LogD3D11RHI: Loaded GFSDK_Aftermath_Lib.x64.dll
LogICUInternationalization: ICU TimeZone Detection - Raw Offset: -5:00, Platform Override: ''
LogPluginManager: Mounting plugin Paper2D
LogPluginManager: Mounting plugin AISupport
LogPluginManager: Mounting plugin LightPropagationVolume
LogPluginManager: Mounting plugin CameraShakePreviewer
LogPluginManager: Mounting plugin ActorLayerUtilities
LogPluginManager: Mounting plugin AnimationSharing
LogPluginManager: Mounting plugin CLionSourceCodeAccess
LogPluginManager: Mounting plugin CodeLiteSourceCodeAccess
LogPluginManager: Mounting plugin GitSourceControl
LogPluginManager: Mounting plugin KDevelopSourceCodeAccess
LogPluginManager: Mounting plugin NullSourceCodeAccess
LogPluginManager: Mounting plugin PerforceSourceControl
LogPluginManager: Mounting plugin PlasticSourceControl
LogPluginManager: Mounting plugin RiderSourceCodeAccess
LogPluginManager: Mounting plugin SubversionSourceControl
LogPluginManager: Mounting plugin UObjectPlugin
LogPluginManager: Mounting plugin VisualStudioCodeSourceCodeAccess
LogPluginManager: Mounting plugin VisualStudioSourceCodeAccess
LogPluginManager: Mounting plugin XCodeSourceCodeAccess
LogPluginManager: Mounting plugin AssetManagerEditor
LogPluginManager: Mounting plugin CryptoKeys
LogPluginManager: Mounting plugin CurveEditorTools
LogPluginManager: Mounting plugin DataValidation
LogPluginManager: Mounting plugin EditorScriptingUtilities
LogPluginManager: Mounting plugin FacialAnimation
LogPluginManager: Mounting plugin GameplayTagsEditor
LogPluginManager: Mounting plugin GeometryMode
LogPluginManager: Mounting plugin MacGraphicsSwitching
LogPluginManager: Mounting plugin MaterialAnalyzer
LogPluginManager: Mounting plugin MobileLauncherProfileWizard
LogPluginManager: Mounting plugin PluginBrowser
LogPluginManager: Mounting plugin SpeedTreeImporter
LogPluginManager: Mounting plugin DatasmithContent
LogPluginManager: Mounting plugin VariantManagerContent
LogPluginManager: Mounting plugin AlembicImporter
LogPluginManager: Mounting plugin AutomationUtils
LogPluginManager: Mounting plugin BackChannel
LogPluginManager: Mounting plugin ChaosCloth
LogPluginManager: Mounting plugin ChaosClothEditor
LogPluginManager: Mounting plugin ChaosEditor
LogPluginManager: Mounting plugin ChaosNiagara
LogPluginManager: Mounting plugin ChaosSolverPlugin
LogPluginManager: Mounting plugin CharacterAI
LogPluginManager: Mounting plugin GeometryCache
LogPluginManager: Mounting plugin GeometryCollectionPlugin
LogPluginManager: Mounting plugin GeometryProcessing
LogPluginManager: Mounting plugin PlanarCut
LogPluginManager: Mounting plugin PlatformCrypto
LogPluginManager: Mounting plugin ProxyLODPlugin
LogPluginManager: Mounting plugin SkeletalReduction
LogPluginManager: Mounting plugin Niagara
LogPluginManager: Mounting plugin MagicLeap
LogPluginManager: Mounting plugin MagicLeapLightEstimation
LogPluginManager: Mounting plugin MagicLeapMedia
LogPluginManager: Mounting plugin MagicLeapPassableWorld
LogPluginManager: Mounting plugin MLSDK
LogPluginManager: Mounting plugin AndroidMedia
LogPluginManager: Mounting plugin AvfMedia
LogPluginManager: Mounting plugin ImgMedia
LogPluginManager: Mounting plugin MediaCompositing
LogPluginManager: Mounting plugin MediaPlayerEditor
LogPluginManager: Mounting plugin WebMMedia
LogPluginManager: Mounting plugin WmfMedia
LogPluginManager: Mounting plugin MeshPainting
LogPluginManager: Mounting plugin TcpMessaging
LogPluginManager: Mounting plugin UdpMessaging
LogPluginManager: Mounting plugin ActorSequence
LogPluginManager: Mounting plugin LevelSequenceEditor
LogPluginManager: Mounting plugin MatineeToLevelSequence
LogPluginManager: Mounting plugin MovieRenderPipeline
LogPluginManager: Mounting plugin TemplateSequence
LogPluginManager: Mounting plugin NetcodeUnitTest
LogPluginManager: Mounting plugin NUTUnrealEngine4
LogPluginManager: Mounting plugin OnlineSubsystemGooglePlay
LogPluginManager: Mounting plugin OnlineSubsystemIOS
LogPluginManager: Mounting plugin OnlineSubsystem
LogPluginManager: Mounting plugin OnlineSubsystemNull
LogPluginManager: Mounting plugin OnlineSubsystemUtils
LogPluginManager: Mounting plugin LauncherChunkInstaller
LogPluginManager: Mounting plugin AndroidDeviceProfileSelector
LogPluginManager: Mounting plugin AndroidMoviePlayer
LogPluginManager: Mounting plugin AndroidPermission
LogPluginManager: Mounting plugin AppleImageUtils
LogPluginManager: Mounting plugin AppleMoviePlayer
LogPluginManager: Mounting plugin ArchVisCharacter
LogPluginManager: Mounting plugin AssetTags
LogPluginManager: Mounting plugin AudioCapture
LogPluginManager: Mounting plugin CableComponent
LogPluginManager: Mounting plugin CustomMeshComponent
LogPluginManager: Mounting plugin EditableMesh
LogPluginManager: Mounting plugin ExampleDeviceProfileSelector
LogPluginManager: Mounting plugin GoogleCloudMessaging
LogPluginManager: Mounting plugin GooglePAD
LogPluginManager: Mounting plugin IOSDeviceProfileSelector
LogPluginManager: Mounting plugin LinuxDeviceProfileSelector
LogPluginManager: Mounting plugin LocationServicesBPLibrary
LogPluginManager: Mounting plugin MobilePatchingUtils
LogPluginManager: Mounting plugin OculusVR
LogPluginManager: Mounting plugin PhysXVehicles
LogPluginManager: Mounting plugin PostSplashScreen
LogPluginManager: Mounting plugin ProceduralMeshComponent
LogPluginManager: Mounting plugin RuntimePhysXCooking
LogPluginManager: Mounting plugin SignificanceManager
LogPluginManager: Mounting plugin SoundFields
LogPluginManager: Mounting plugin SteamVR
LogPluginManager: Mounting plugin Synthesis
LogPluginManager: Mounting plugin WebMMoviePlayer
LogPluginManager: Mounting plugin WindowsMoviePlayer
LogPluginManager: Mounting plugin ScreenshotTools
LogInit: Using libcurl 7.55.1-DEV
LogInit:  - built for x86_64-pc-win32
LogInit:  - supports SSL with OpenSSL/1.1.1
LogInit:  - supports HTTP deflate (compression) using libz 1.2.8
LogInit:  - other features:
LogInit:      CURL_VERSION_SSL
LogInit:      CURL_VERSION_LIBZ
LogInit:      CURL_VERSION_IPV6
LogInit:      CURL_VERSION_ASYNCHDNS
LogInit:      CURL_VERSION_LARGEFILE
LogInit:      CURL_VERSION_IDN
LogInit:  CurlRequestOptions (configurable via config and command line):
LogInit:  - bVerifyPeer = true  - Libcurl will verify peer certificate
LogInit:  - bUseHttpProxy = false  - Libcurl will NOT use HTTP proxy
LogInit:  - bDontReuseConnections = false  - Libcurl will reuse connections
LogInit:  - MaxHostConnections = 16  - Libcurl will limit the number of connections to a host
LogInit:  - LocalHostAddr = Default
LogInit:  - BufferSize = 65536
LogOnline: OSS: Creating online subsystem instance for: NULL
LogInit: WinSock: version 1.1 (2.2), MaxSocks=32767, MaxUdp=65467
LogOnline: OSS: TryLoadSubsystemAndSetDefault: Loaded subsystem for module [NULL]
LogInit: Build: ++UE4+Release-4.25-CL-14469661
LogInit: Engine Version: 4.25.4-14469661+++UE4+Release-4.25
LogInit: Compatible Engine Version: 4.25.0-13144385+++UE4+Release-4.25
LogInit: Net CL: 13144385
LogInit: OS: Windows 10 (Release 1909) (), CPU: Intel(R) Core(TM) i7-7500U CPU @ 2.70GHz, GPU: Intel(R) HD Graphics 620
LogInit: Compiled (64-bit): Oct 11 2020 08:10:49
LogInit: Compiled with Visual C++: 19.24.28315.00
LogInit: Build Configuration: Development
LogInit: Branch Name: ++UE4+Release-4.25
LogInit: Command Line: -log -game
LogInit: Base Directory: C:/Program Files/Epic Games/UE_4.25/Engine/Binaries/Win64/
LogInit: Allocator: TBB
LogInit: Installed Engine Build: 1
LogDevObjectVersion: Number of dev versions registered: 26
LogDevObjectVersion:   Dev-Blueprints (B0D832E4-1F89-4F0D-ACCF-7EB736FD4AA2): 10
LogDevObjectVersion:   Dev-Build (E1C64328-A22C-4D53-A36C-8E866417BD8C): 0
LogDevObjectVersion:   Dev-Core (375EC13C-06E4-48FB-B500-84F0262A717E): 4
LogDevObjectVersion:   Dev-Editor (E4B068ED-F494-42E9-A231-DA0B2E46BB41): 38
LogDevObjectVersion:   Dev-Framework (CFFC743F-43B0-4480-9391-14DF171D2073): 37
LogDevObjectVersion:   Dev-Mobile (B02B49B5-BB20-44E9-A304-32B752E40360): 2
LogDevObjectVersion:   Dev-Networking (A4E4105C-59A1-49B5-A7C5-40C4547EDFEE): 0
LogDevObjectVersion:   Dev-Online (39C831C9-5AE6-47DC-9A44-9C173E1C8E7C): 0
LogDevObjectVersion:   Dev-Physics (78F01B33-EBEA-4F98-B9B4-84EACCB95AA2): 4
LogDevObjectVersion:   Dev-Platform (6631380F-2D4D-43E0-8009-CF276956A95A): 0
LogDevObjectVersion:   Dev-Rendering (12F88B9F-8875-4AFC-A67C-D90C383ABD29): 43
LogDevObjectVersion:   Dev-Sequencer (7B5AE74C-D270-4C10-A958-57980B212A5A): 12
LogDevObjectVersion:   Dev-VR (D7296918-1DD6-4BDD-9DE2-64A83CC13884): 3
LogDevObjectVersion:   Dev-LoadTimes (C2A15278-BFE7-4AFE-6C17-90FF531DF755): 1
LogDevObjectVersion:   Private-Geometry (6EACA3D4-40EC-4CC1-B786-8BED09428FC5): 3
LogDevObjectVersion:   Dev-AnimPhys (29E575DD-E0A3-4627-9D10-D276232CDCEA): 17
LogDevObjectVersion:   Dev-Anim (AF43A65D-7FD3-4947-9873-3E8ED9C1BB05): 7
LogDevObjectVersion:   Dev-ReflectionCapture (6B266CEC-1EC7-4B8F-A30B-E4D90942FC07): 1
LogDevObjectVersion:   Dev-Automation (0DF73D61-A23F-47EA-B727-89E90C41499A): 1
LogDevObjectVersion:   FortniteMain (601D1886-AC64-4F84-AA16-D3DE0DEAC7D6): 31
LogDevObjectVersion:   Dev-Enterprise (9DFFBCD6-494F-0158-E221-12823C92A888): 10
LogDevObjectVersion:   Dev-Niagara (F2AED0AC-9AFE-416F-8664-AA7FFA26D6FC): 1
LogDevObjectVersion:   Dev-Destruction (174F1F0B-B4C6-45A5-B13F-2EE8D0FB917D): 10
LogDevObjectVersion:   Dev-Physics-Ext (35F94A83-E258-406C-A318-09F59610247C): 37
LogDevObjectVersion:   Dev-PhysicsMaterial-Chaos (B68FC16E-8B1B-42E2-B453-215C058844FE): 1
LogDevObjectVersion:   Dev-CineCamera (B2E18506-4273-CFC2-A54E-F4BB758BBA07): 1
LogInit: Presizing for max 25165824 objects, including 0 objects not considered by GC, pre-allocating 0 bytes for permanent pool.
LogConfig: Applying CVar settings from Section [/Script/Engine.StreamingSettings] File [C:/Users/Angelica .DESKTOP-RM5JOAJ/Documents/Learning Multiplayer/Puzzles/Puzzles/Saved/Config/Windows/Engine.ini]
LogConfig: Setting CVar [[s.MinBulkDataSizeForAsyncLoading:131072]]
LogConfig: Setting CVar [[s.AsyncLoadingThreadEnabled:0]]
LogConfig: Setting CVar [[s.EventDrivenLoaderEnabled:1]]
LogConfig: Setting CVar [[s.WarnIfTimeLimitExceeded:0]]
LogConfig: Setting CVar [[s.TimeLimitExceededMultiplier:1.5]]
LogConfig: Setting CVar [[s.TimeLimitExceededMinTime:0.005]]
LogConfig: Setting CVar [[s.UseBackgroundLevelStreaming:1]]
LogConfig: Setting CVar [[s.PriorityAsyncLoadingExtraTime:15.0]]
LogConfig: Setting CVar [[s.LevelStreamingActorsUpdateTimeLimit:5.0]]
LogConfig: Setting CVar [[s.PriorityLevelStreamingActorsUpdateExtraTime:5.0]]
LogConfig: Setting CVar [[s.LevelStreamingComponentsRegistrationGranularity:10]]
LogConfig: Setting CVar [[s.UnregisterComponentsTimeLimit:1.0]]
LogConfig: Setting CVar [[s.LevelStreamingComponentsUnregistrationGranularity:5]]
LogConfig: Setting CVar [[s.FlushStreamingOnExit:1]]
LogInit: Object subsystem initialized
LogConfig: Setting CVar [[con.DebugEarlyDefault:1]]
LogConfig: Setting CVar [[r.setres:1280x720]]
[2021.01.05-17.45.51:438][  0]LogConfig: Setting CVar [[con.DebugEarlyDefault:1]]
[2021.01.05-17.45.51:439][  0]LogConfig: Setting CVar [[r.setres:1280x720]]
[2021.01.05-17.45.51:440][  0]LogConfig: Applying CVar settings from Section [/Script/Engine.RendererSettings] File [C:/Users/Angelica .DESKTOP-RM5JOAJ/Documents/Learning Multiplayer/Puzzles/Puzzles/Saved/Config/Windows/Engine.ini]
[2021.01.05-17.45.51:441][  0]LogConfig: Setting CVar [[r.GPUCrashDebugging:0]]
[2021.01.05-17.45.51:442][  0]LogConfig: Applying CVar settings from Section [/Script/Engine.RendererOverrideSettings] File [C:/Users/Angelica .DESKTOP-RM5JOAJ/Documents/Learning Multiplayer/Puzzles/Puzzles/Saved/Config/Windows/Engine.ini]
[2021.01.05-17.45.51:443][  0]LogConfig: Applying CVar settings from Section [/Script/Engine.StreamingSettings] File [C:/Users/Angelica .DESKTOP-RM5JOAJ/Documents/Learning Multiplayer/Puzzles/Puzzles/Saved/Config/Windows/Engine.ini]
[2021.01.05-17.45.51:443][  0]LogConfig: Setting CVar [[s.MinBulkDataSizeForAsyncLoading:131072]]
[2021.01.05-17.45.51:444][  0]LogConfig: Setting CVar [[s.AsyncLoadingThreadEnabled:0]]
[2021.01.05-17.45.51:445][  0]LogConfig: Setting CVar [[s.EventDrivenLoaderEnabled:1]]
[2021.01.05-17.45.51:445][  0]LogConfig: Setting CVar [[s.WarnIfTimeLimitExceeded:0]]
[2021.01.05-17.45.51:450][  0]LogConfig: Setting CVar [[s.TimeLimitExceededMultiplier:1.5]]
[2021.01.05-17.45.51:451][  0]LogConfig: Setting CVar [[s.TimeLimitExceededMinTime:0.005]]
[2021.01.05-17.45.51:452][  0]LogConfig: Setting CVar [[s.UseBackgroundLevelStreaming:1]]
[2021.01.05-17.45.51:453][  0]LogConfig: Setting CVar [[s.PriorityAsyncLoadingExtraTime:15.0]]
[2021.01.05-17.45.51:454][  0]LogConfig: Setting CVar [[s.LevelStreamingActorsUpdateTimeLimit:5.0]]
[2021.01.05-17.45.51:456][  0]LogConfig: Setting CVar [[s.PriorityLevelStreamingActorsUpdateExtraTime:5.0]]
[2021.01.05-17.45.51:458][  0]LogConfig: Setting CVar [[s.LevelStreamingComponentsRegistrationGranularity:10]]
[2021.01.05-17.45.51:461][  0]LogConfig: Setting CVar [[s.UnregisterComponentsTimeLimit:1.0]]
[2021.01.05-17.45.51:462][  0]LogConfig: Setting CVar [[s.LevelStreamingComponentsUnregistrationGranularity:5]]
[2021.01.05-17.45.51:463][  0]LogConfig: Setting CVar [[s.FlushStreamingOnExit:1]]
[2021.01.05-17.45.51:464][  0]LogConfig: Applying CVar settings from Section [/Script/Engine.GarbageCollectionSettings] File [C:/Users/Angelica .DESKTOP-RM5JOAJ/Documents/Learning Multiplayer/Puzzles/Puzzles/Saved/Config/Windows/Engine.ini]
[2021.01.05-17.45.51:465][  0]LogConfig: Setting CVar [[gc.MaxObjectsNotConsideredByGC:1]]
[2021.01.05-17.45.51:466][  0]LogConfig: Setting CVar [[gc.SizeOfPermanentObjectPool:0]]
[2021.01.05-17.45.51:467][  0]LogConfig: Setting CVar [[gc.FlushStreamingOnGC:0]]
[2021.01.05-17.45.51:467][  0]LogConfig: Setting CVar [[gc.NumRetriesBeforeForcingGC:10]]
[2021.01.05-17.45.51:468][  0]LogConfig: Setting CVar [[gc.AllowParallelGC:1]]
[2021.01.05-17.45.51:469][  0]LogConfig: Setting CVar [[gc.TimeBetweenPurgingPendingKillObjects:61.1]]
[2021.01.05-17.45.51:470][  0]LogConfig: Setting CVar [[gc.MaxObjectsInEditor:25165824]]
[2021.01.05-17.45.51:477][  0]LogConfig: Setting CVar [[gc.IncrementalBeginDestroyEnabled:1]]
[2021.01.05-17.45.51:478][  0]LogConfig: Setting CVar [[gc.CreateGCClusters:1]]
[2021.01.05-17.45.51:479][  0]LogConfig: Setting CVar [[gc.MinGCClusterSize:5]]
[2021.01.05-17.45.51:480][  0]LogConfig: Setting CVar [[gc.ActorClusteringEnabled:0]]
[2021.01.05-17.45.51:480][  0]LogConfig: Setting CVar [[gc.BlueprintClusteringEnabled:0]]
[2021.01.05-17.45.51:481][  0]LogConfig: Setting CVar [[gc.UseDisregardForGCOnDedicatedServers:0]]
[2021.01.05-17.45.51:482][  0]LogConfig: Applying CVar settings from Section [/Script/Engine.NetworkSettings] File [C:/Users/Angelica .DESKTOP-RM5JOAJ/Documents/Learning Multiplayer/Puzzles/Puzzles/Saved/Config/Windows/Engine.ini]
[2021.01.05-17.45.51:483][  0]LogConfig: Applying CVar settings from Section [/Script/UnrealEd.CookerSettings] File [C:/Users/Angelica .DESKTOP-RM5JOAJ/Documents/Learning Multiplayer/Puzzles/Puzzles/Saved/Config/Windows/Engine.ini]
[2021.01.05-17.45.51:494][  0]LogConfig: Applying CVar settings from Section [ViewDistanceQuality@3] File [C:/Users/Angelica .DESKTOP-RM5JOAJ/Documents/Learning Multiplayer/Puzzles/Puzzles/Saved/Config/Windows/Scalability.ini]
[2021.01.05-17.45.51:494][  0]LogConfig: Setting CVar [[r.SkeletalMeshLODBias:0]]
[2021.01.05-17.45.51:495][  0]LogConfig: Setting CVar [[r.ViewDistanceScale:1.0]]
[2021.01.05-17.45.51:496][  0]LogConfig: Applying CVar settings from Section [AntiAliasingQuality@3] File [C:/Users/Angelica .DESKTOP-RM5JOAJ/Documents/Learning Multiplayer/Puzzles/Puzzles/Saved/Config/Windows/Scalability.ini]
[2021.01.05-17.45.51:497][  0]LogConfig: Setting CVar [[r.PostProcessAAQuality:4]]
[2021.01.05-17.45.51:497][  0]LogConfig: Applying CVar settings from Section [ShadowQuality@3] File [C:/Users/Angelica .DESKTOP-RM5JOAJ/Documents/Learning Multiplayer/Puzzles/Puzzles/Saved/Config/Windows/Scalability.ini]
[2021.01.05-17.45.51:498][  0]LogConfig: Setting CVar [[r.LightFunctionQuality:1]]
[2021.01.05-17.45.51:499][  0]LogConfig: Setting CVar [[r.ShadowQuality:5]]
[2021.01.05-17.45.51:503][  0]LogConfig: Setting CVar [[r.Shadow.CSM.MaxCascades:10]]
[2021.01.05-17.45.51:504][  0]LogConfig: Setting CVar [[r.Shadow.MaxResolution:2048]]
[2021.01.05-17.45.51:506][  0]LogConfig: Setting CVar [[r.Shadow.MaxCSMResolution:2048]]
[2021.01.05-17.45.51:507][  0]LogConfig: Setting CVar [[r.Shadow.RadiusThreshold:0.01]]
[2021.01.05-17.45.51:508][  0]LogConfig: Setting CVar [[r.Shadow.DistanceScale:1.0]]
[2021.01.05-17.45.51:509][  0]LogConfig: Setting CVar [[r.Shadow.CSM.TransitionScale:1.0]]
[2021.01.05-17.45.51:510][  0]LogConfig: Setting CVar [[r.Shadow.PreShadowResolutionFactor:1.0]]
[2021.01.05-17.45.51:511][  0]LogConfig: Setting CVar [[r.DistanceFieldShadowing:1]]
[2021.01.05-17.45.51:514][  0]LogConfig: Setting CVar [[r.DistanceFieldAO:1]]
[2021.01.05-17.45.51:515][  0]LogConfig: Setting CVar [[r.AOQuality:2]]
[2021.01.05-17.45.51:516][  0]LogConfig: Setting CVar [[r.VolumetricFog:1]]
[2021.01.05-17.45.51:517][  0]LogConfig: Setting CVar [[r.VolumetricFog.GridPixelSize:8]]
[2021.01.05-17.45.51:518][  0]LogConfig: Setting CVar [[r.VolumetricFog.GridSizeZ:128]]
[2021.01.05-17.45.51:519][  0]LogConfig: Setting CVar [[r.VolumetricFog.HistoryMissSupersampleCount:4]]
[2021.01.05-17.45.51:520][  0]LogConfig: Setting CVar [[r.LightMaxDrawDistanceScale:1]]
[2021.01.05-17.45.51:520][  0]LogConfig: Setting CVar [[r.CapsuleShadows:1]]
[2021.01.05-17.45.51:521][  0]LogConfig: Applying CVar settings from Section [PostProcessQuality@3] File [C:/Users/Angelica .DESKTOP-RM5JOAJ/Documents/Learning Multiplayer/Puzzles/Puzzles/Saved/Config/Windows/Scalability.ini]
[2021.01.05-17.45.51:523][  0]LogConfig: Setting CVar [[r.MotionBlurQuality:4]]
[2021.01.05-17.45.51:529][  0]LogConfig: Setting CVar [[r.AmbientOcclusionMipLevelFactor:0.4]]
[2021.01.05-17.45.51:530][  0]LogConfig: Setting CVar [[r.AmbientOcclusionMaxQuality:100]]
[2021.01.05-17.45.51:530][  0]LogConfig: Setting CVar [[r.AmbientOcclusionLevels:-1]]
[2021.01.05-17.45.51:531][  0]LogConfig: Setting CVar [[r.AmbientOcclusionRadiusScale:1.0]]
[2021.01.05-17.45.51:532][  0]LogConfig: Setting CVar [[r.DepthOfFieldQuality:2]]
[2021.01.05-17.45.51:533][  0]LogConfig: Setting CVar [[r.RenderTargetPoolMin:400]]
[2021.01.05-17.45.51:533][  0]LogConfig: Setting CVar [[r.LensFlareQuality:2]]
[2021.01.05-17.45.51:534][  0]LogConfig: Setting CVar [[r.SceneColorFringeQuality:1]]
[2021.01.05-17.45.51:535][  0]LogConfig: Setting CVar [[r.EyeAdaptationQuality:2]]
[2021.01.05-17.45.51:536][  0]LogConfig: Setting CVar [[r.BloomQuality:5]]
[2021.01.05-17.45.51:536][  0]LogConfig: Setting CVar [[r.FastBlurThreshold:100]]
[2021.01.05-17.45.51:538][  0]LogConfig: Setting CVar [[r.Upscale.Quality:3]]
[2021.01.05-17.45.51:544][  0]LogConfig: Setting CVar [[r.Tonemapper.GrainQuantization:1]]
[2021.01.05-17.45.51:545][  0]LogConfig: Setting CVar [[r.LightShaftQuality:1]]
[2021.01.05-17.45.51:546][  0]LogConfig: Setting CVar [[r.Filter.SizeScale:1]]
[2021.01.05-17.45.51:546][  0]LogConfig: Setting CVar [[r.Tonemapper.Quality:5]]
[2021.01.05-17.45.51:547][  0]LogConfig: Setting CVar [[r.DOF.Gather.AccumulatorQuality:1        ; higher gathering accumulator quality]]
[2021.01.05-17.45.51:548][  0]LogConfig: Setting CVar [[r.DOF.Gather.PostfilterMethod:1          ; Median3x3 postfilering method]]
[2021.01.05-17.45.51:549][  0]LogConfig: Setting CVar [[r.DOF.Gather.EnableBokehSettings:0       ; no bokeh simulation when gathering]]
[2021.01.05-17.45.51:549][  0]LogConfig: Setting CVar [[r.DOF.Gather.RingCount:4                 ; medium number of samples when gathering]]
[2021.01.05-17.45.51:550][  0]LogConfig: Setting CVar [[r.DOF.Scatter.ForegroundCompositing:1    ; additive foreground scattering]]
[2021.01.05-17.45.51:551][  0]LogConfig: Setting CVar [[r.DOF.Scatter.BackgroundCompositing:2    ; additive background scattering]]
[2021.01.05-17.45.51:557][  0]LogConfig: Setting CVar [[r.DOF.Scatter.EnableBokehSettings:1      ; bokeh simulation when scattering]]
[2021.01.05-17.45.51:558][  0]LogConfig: Setting CVar [[r.DOF.Scatter.MaxSpriteRatio:0.1         ; only a maximum of 10% of scattered bokeh]]
[2021.01.05-17.45.51:559][  0]LogConfig: Setting CVar [[r.DOF.Recombine.Quality:1                ; cheap slight out of focus]]
[2021.01.05-17.45.51:560][  0]LogConfig: Setting CVar [[r.DOF.Recombine.EnableBokehSettings:0    ; no bokeh simulation on slight out of focus]]
[2021.01.05-17.45.51:561][  0]LogConfig: Setting CVar [[r.DOF.TemporalAAQuality:1                ; more stable temporal accumulation]]
[2021.01.05-17.45.51:561][  0]LogConfig: Setting CVar [[r.DOF.Kernel.MaxForegroundRadius:0.025]]
[2021.01.05-17.45.51:562][  0]LogConfig: Setting CVar [[r.DOF.Kernel.MaxBackgroundRadius:0.025]]
[2021.01.05-17.45.51:563][  0]LogConfig: Applying CVar settings from Section [TextureQuality@3] File [C:/Users/Angelica .DESKTOP-RM5JOAJ/Documents/Learning Multiplayer/Puzzles/Puzzles/Saved/Config/Windows/Scalability.ini]
[2021.01.05-17.45.51:564][  0]LogConfig: Setting CVar [[r.Streaming.MipBias:0]]
[2021.01.05-17.45.51:568][  0]LogConfig: Setting CVar [[r.Streaming.AmortizeCPUToGPUCopy:0]]
[2021.01.05-17.45.51:569][  0]LogConfig: Setting CVar [[r.Streaming.MaxNumTexturesToStreamPerFrame:0]]
[2021.01.05-17.45.51:570][  0]LogConfig: Setting CVar [[r.Streaming.Boost:1]]
[2021.01.05-17.45.51:571][  0]LogConfig: Setting CVar [[r.MaxAnisotropy:8]]
[2021.01.05-17.45.51:572][  0]LogConfig: Setting CVar [[r.VT.MaxAnisotropy:8]]
[2021.01.05-17.45.51:573][  0]LogConfig: Setting CVar [[r.Streaming.LimitPoolSizeToVRAM:0]]
[2021.01.05-17.45.51:574][  0]LogConfig: Setting CVar [[r.Streaming.PoolSize:1000]]
[2021.01.05-17.45.51:575][  0]LogConfig: Setting CVar [[r.Streaming.MaxEffectiveScreenSize:0]]
[2021.01.05-17.45.51:575][  0]LogConfig: Applying CVar settings from Section [EffectsQuality@3] File [C:/Users/Angelica .DESKTOP-RM5JOAJ/Documents/Learning Multiplayer/Puzzles/Puzzles/Saved/Config/Windows/Scalability.ini]
[2021.01.05-17.45.51:576][  0]LogConfig: Setting CVar [[r.TranslucencyLightingVolumeDim:64]]
[2021.01.05-17.45.51:580][  0]LogConfig: Setting CVar [[r.RefractionQuality:2]]
[2021.01.05-17.45.51:581][  0]LogConfig: Setting CVar [[r.SSR.Quality:3]]
[2021.01.05-17.45.51:582][  0]LogConfig: Setting CVar [[r.SSR.HalfResSceneColor:0]]
[2021.01.05-17.45.51:583][  0]LogConfig: Setting CVar [[r.SceneColorFormat:4]]
[2021.01.05-17.45.51:584][  0]LogConfig: Setting CVar [[r.DetailMode:2]]
[2021.01.05-17.45.51:584][  0]LogConfig: Setting CVar [[r.TranslucencyVolumeBlur:1]]
[2021.01.05-17.45.51:585][  0]LogConfig: Setting CVar [[r.MaterialQualityLevel:1 ; High quality]]
[2021.01.05-17.45.51:586][  0]LogConfig: Setting CVar [[r.SSS.Scale:1]]
[2021.01.05-17.45.51:587][  0]LogConfig: Setting CVar [[r.SSS.SampleSet:2]]
[2021.01.05-17.45.51:588][  0]LogConfig: Setting CVar [[r.SSS.Quality:1]]
[2021.01.05-17.45.51:592][  0]LogConfig: Setting CVar [[r.SSS.HalfRes:0]]
[2021.01.05-17.45.51:593][  0]LogConfig: Setting CVar [[r.SSGI.Quality:3]]
[2021.01.05-17.45.51:594][  0]LogConfig: Setting CVar [[r.EmitterSpawnRateScale:1.0]]
[2021.01.05-17.45.51:595][  0]LogConfig: Setting CVar [[r.ParticleLightQuality:2]]
[2021.01.05-17.45.51:595][  0]LogConfig: Setting CVar [[r.SkyAtmosphere.AerialPerspectiveLUT.FastApplyOnOpaque:1 ; Always have FastSkyLUT 1 in this case to avoid wrong sky]]
[2021.01.05-17.45.51:597][  0]LogConfig: Setting CVar [[r.SkyAtmosphere.AerialPerspectiveLUT.SampleCountPerSlice:1]]
[2021.01.05-17.45.51:597][  0]LogConfig: Setting CVar [[r.SkyAtmosphere.AerialPerspectiveLUT.DepthResolution:16.0]]
[2021.01.05-17.45.51:598][  0]LogConfig: Setting CVar [[r.SkyAtmosphere.FastSkyLUT:1]]
[2021.01.05-17.45.51:599][  0]LogConfig: Setting CVar [[r.SkyAtmosphere.FastSkyLUT.SampleCountMin:4.0]]
[2021.01.05-17.45.51:599][  0]LogConfig: Setting CVar [[r.SkyAtmosphere.FastSkyLUT.SampleCountMax:32.0]]
[2021.01.05-17.45.51:600][  0]LogConfig: Setting CVar [[r.SkyAtmosphere.SampleCountMin:4.0]]
[2021.01.05-17.45.51:605][  0]LogConfig: Setting CVar [[r.SkyAtmosphere.SampleCountMax:32.0]]
[2021.01.05-17.45.51:606][  0]LogConfig: Setting CVar [[r.SkyAtmosphere.TransmittanceLUT.UseSmallFormat:0]]
[2021.01.05-17.45.51:607][  0]LogConfig: Setting CVar [[r.SkyAtmosphere.TransmittanceLUT.SampleCount:10.0]]
[2021.01.05-17.45.51:608][  0]LogConfig: Setting CVar [[r.SkyAtmosphere.MultiScatteringLUT.SampleCount:15.0]]
[2021.01.05-17.45.51:608][  0]LogConfig: Applying CVar settings from Section [FoliageQuality@3] File [C:/Users/Angelica .DESKTOP-RM5JOAJ/Documents/Learning Multiplayer/Puzzles/Puzzles/Saved/Config/Windows/Scalability.ini]
[2021.01.05-17.45.51:609][  0]LogConfig: Setting CVar [[foliage.DensityScale:1.0]]
[2021.01.05-17.45.51:610][  0]LogConfig: Setting CVar [[grass.DensityScale:1.0]]
[2021.01.05-17.45.51:611][  0]LogConfig: Applying CVar settings from Section [ShadingQuality@3] File [C:/Users/Angelica .DESKTOP-RM5JOAJ/Documents/Learning Multiplayer/Puzzles/Puzzles/Saved/Config/Windows/Scalability.ini]
[2021.01.05-17.45.51:612][  0]LogConfig: Setting CVar [[r.HairStrands.SkyLighting.SampleCount:16]]
[2021.01.05-17.45.51:612][  0]LogConfig: Setting CVar [[r.HairStrands.SkyLighting.JitterIntegration:0]]
[2021.01.05-17.45.51:613][  0]LogConfig: Setting CVar [[r.HairStrands.SkyAO.SampleCount:16]]
[2021.01.05-17.45.51:614][  0]LogConfig: Setting CVar [[r.HairStrands.DeepShadow.SuperSampling:0]]
[2021.01.05-17.45.51:622][  0]LogConfig: Setting CVar [[r.HairStrands.VisibilityPPLL:0]]
[2021.01.05-17.45.51:623][  0]LogConfig: Setting CVar [[r.HairStrands.RasterizationScale:0.5]]
[2021.01.05-17.45.51:624][  0]LogConfig: Setting CVar [[r.HairStrands.VelocityRasterizationScale:1]]
[2021.01.05-17.45.51:625][  0]LogInit: Selected Device Profile: [Windows]
[2021.01.05-17.45.51:625][  0]LogInit: Applying CVar settings loaded from the selected device profile: [Windows]
[2021.01.05-17.45.51:626][  0]LogHAL: Display: Platform has ~ 16 GB [17052516352 / 17179869184 / 16], which maps to Larger [LargestMinGB=32, LargerMinGB=12, DefaultMinGB=8, SmallerMinGB=6, SmallestMinGB=0)
[2021.01.05-17.45.51:627][  0]LogInit: Going up to parent DeviceProfile []
[2021.01.05-17.45.51:628][  0]LogConfig: Applying CVar settings from Section [ViewDistanceQuality@3] File [C:/Users/Angelica .DESKTOP-RM5JOAJ/Documents/Learning Multiplayer/Puzzles/Puzzles/Saved/Config/Windows/Scalability.ini]
[2021.01.05-17.45.51:629][  0]LogConfig: Setting CVar [[r.SkeletalMeshLODBias:0]]
[2021.01.05-17.45.51:629][  0]LogConfig: Setting CVar [[r.ViewDistanceScale:1.0]]
[2021.01.05-17.45.51:630][  0]LogConfig: Applying CVar settings from Section [AntiAliasingQuality@3] File [C:/Users/Angelica .DESKTOP-RM5JOAJ/Documents/Learning Multiplayer/Puzzles/Puzzles/Saved/Config/Windows/Scalability.ini]
[2021.01.05-17.45.51:635][  0]LogConfig: Setting CVar [[r.PostProcessAAQuality:4]]
[2021.01.05-17.45.51:636][  0]LogConfig: Applying CVar settings from Section [ShadowQuality@3] File [C:/Users/Angelica .DESKTOP-RM5JOAJ/Documents/Learning Multiplayer/Puzzles/Puzzles/Saved/Config/Windows/Scalability.ini]
[2021.01.05-17.45.51:637][  0]LogConfig: Setting CVar [[r.LightFunctionQuality:1]]
[2021.01.05-17.45.51:638][  0]LogConfig: Setting CVar [[r.ShadowQuality:5]]
[2021.01.05-17.45.51:639][  0]LogConfig: Setting CVar [[r.Shadow.CSM.MaxCascades:10]]
[2021.01.05-17.45.51:640][  0]LogConfig: Setting CVar [[r.Shadow.MaxResolution:2048]]
[2021.01.05-17.45.51:640][  0]LogConfig: Setting CVar [[r.Shadow.MaxCSMResolution:2048]]
[2021.01.05-17.45.51:641][  0]LogConfig: Setting CVar [[r.Shadow.RadiusThreshold:0.01]]
[2021.01.05-17.45.51:642][  0]LogConfig: Setting CVar [[r.Shadow.DistanceScale:1.0]]
[2021.01.05-17.45.51:643][  0]LogConfig: Setting CVar [[r.Shadow.CSM.TransitionScale:1.0]]
[2021.01.05-17.45.51:643][  0]LogConfig: Setting CVar [[r.Shadow.PreShadowResolutionFactor:1.0]]
[2021.01.05-17.45.51:648][  0]LogConfig: Setting CVar [[r.DistanceFieldShadowing:1]]
[2021.01.05-17.45.51:648][  0]LogConfig: Setting CVar [[r.DistanceFieldAO:1]]
[2021.01.05-17.45.51:649][  0]LogConfig: Setting CVar [[r.AOQuality:2]]
[2021.01.05-17.45.51:650][  0]LogConfig: Setting CVar [[r.VolumetricFog:1]]
[2021.01.05-17.45.51:651][  0]LogConfig: Setting CVar [[r.VolumetricFog.GridPixelSize:8]]
[2021.01.05-17.45.51:652][  0]LogConfig: Setting CVar [[r.VolumetricFog.GridSizeZ:128]]
[2021.01.05-17.45.51:653][  0]LogConfig: Setting CVar [[r.VolumetricFog.HistoryMissSupersampleCount:4]]
[2021.01.05-17.45.51:654][  0]LogConfig: Setting CVar [[r.LightMaxDrawDistanceScale:1]]
[2021.01.05-17.45.51:655][  0]LogConfig: Setting CVar [[r.CapsuleShadows:1]]
[2021.01.05-17.45.51:656][  0]LogConfig: Applying CVar settings from Section [PostProcessQuality@3] File [C:/Users/Angelica .DESKTOP-RM5JOAJ/Documents/Learning Multiplayer/Puzzles/Puzzles/Saved/Config/Windows/Scalability.ini]
[2021.01.05-17.45.51:661][  0]LogConfig: Setting CVar [[r.MotionBlurQuality:4]]
[2021.01.05-17.45.51:661][  0]LogConfig: Setting CVar [[r.AmbientOcclusionMipLevelFactor:0.4]]
[2021.01.05-17.45.51:662][  0]LogConfig: Setting CVar [[r.AmbientOcclusionMaxQuality:100]]
[2021.01.05-17.45.51:662][  0]LogConfig: Setting CVar [[r.AmbientOcclusionLevels:-1]]
[2021.01.05-17.45.51:663][  0]LogConfig: Setting CVar [[r.AmbientOcclusionRadiusScale:1.0]]
[2021.01.05-17.45.51:664][  0]LogConfig: Setting CVar [[r.DepthOfFieldQuality:2]]
[2021.01.05-17.45.51:665][  0]LogConfig: Setting CVar [[r.RenderTargetPoolMin:400]]
[2021.01.05-17.45.51:665][  0]LogConfig: Setting CVar [[r.LensFlareQuality:2]]
[2021.01.05-17.45.51:666][  0]LogConfig: Setting CVar [[r.SceneColorFringeQuality:1]]
[2021.01.05-17.45.51:667][  0]LogConfig: Setting CVar [[r.EyeAdaptationQuality:2]]
[2021.01.05-17.45.51:668][  0]LogConfig: Setting CVar [[r.BloomQuality:5]]
[2021.01.05-17.45.51:673][  0]LogConfig: Setting CVar [[r.FastBlurThreshold:100]]
[2021.01.05-17.45.51:673][  0]LogConfig: Setting CVar [[r.Upscale.Quality:3]]
[2021.01.05-17.45.51:674][  0]LogConfig: Setting CVar [[r.Tonemapper.GrainQuantization:1]]
[2021.01.05-17.45.51:675][  0]LogConfig: Setting CVar [[r.LightShaftQuality:1]]
[2021.01.05-17.45.51:676][  0]LogConfig: Setting CVar [[r.Filter.SizeScale:1]]
[2021.01.05-17.45.51:676][  0]LogConfig: Setting CVar [[r.Tonemapper.Quality:5]]
[2021.01.05-17.45.51:677][  0]LogConfig: Setting CVar [[r.DOF.Gather.AccumulatorQuality:1        ; higher gathering accumulator quality]]
[2021.01.05-17.45.51:678][  0]LogConfig: Setting CVar [[r.DOF.Gather.PostfilterMethod:1          ; Median3x3 postfilering method]]
[2021.01.05-17.45.51:679][  0]LogConfig: Setting CVar [[r.DOF.Gather.EnableBokehSettings:0       ; no bokeh simulation when gathering]]
[2021.01.05-17.45.51:679][  0]LogConfig: Setting CVar [[r.DOF.Gather.RingCount:4                 ; medium number of samples when gathering]]
[2021.01.05-17.45.51:680][  0]LogConfig: Setting CVar [[r.DOF.Scatter.ForegroundCompositing:1    ; additive foreground scattering]]
[2021.01.05-17.45.51:681][  0]LogConfig: Setting CVar [[r.DOF.Scatter.BackgroundCompositing:2    ; additive background scattering]]
[2021.01.05-17.45.51:686][  0]LogConfig: Setting CVar [[r.DOF.Scatter.EnableBokehSettings:1      ; bokeh simulation when scattering]]
[2021.01.05-17.45.51:687][  0]LogConfig: Setting CVar [[r.DOF.Scatter.MaxSpriteRatio:0.1         ; only a maximum of 10% of scattered bokeh]]
[2021.01.05-17.45.51:688][  0]LogConfig: Setting CVar [[r.DOF.Recombine.Quality:1                ; cheap slight out of focus]]
[2021.01.05-17.45.51:689][  0]LogConfig: Setting CVar [[r.DOF.Recombine.EnableBokehSettings:0    ; no bokeh simulation on slight out of focus]]
[2021.01.05-17.45.51:690][  0]LogConfig: Setting CVar [[r.DOF.TemporalAAQuality:1                ; more stable temporal accumulation]]
[2021.01.05-17.45.51:690][  0]LogConfig: Setting CVar [[r.DOF.Kernel.MaxForegroundRadius:0.025]]
[2021.01.05-17.45.51:691][  0]LogConfig: Setting CVar [[r.DOF.Kernel.MaxBackgroundRadius:0.025]]
[2021.01.05-17.45.51:692][  0]LogConfig: Applying CVar settings from Section [TextureQuality@3] File [C:/Users/Angelica .DESKTOP-RM5JOAJ/Documents/Learning Multiplayer/Puzzles/Puzzles/Saved/Config/Windows/Scalability.ini]
[2021.01.05-17.45.51:693][  0]LogConfig: Setting CVar [[r.Streaming.MipBias:0]]
[2021.01.05-17.45.51:697][  0]LogConfig: Setting CVar [[r.Streaming.AmortizeCPUToGPUCopy:0]]
[2021.01.05-17.45.51:698][  0]LogConfig: Setting CVar [[r.Streaming.MaxNumTexturesToStreamPerFrame:0]]
[2021.01.05-17.45.51:698][  0]LogConfig: Setting CVar [[r.Streaming.Boost:1]]
[2021.01.05-17.45.51:699][  0]LogConfig: Setting CVar [[r.MaxAnisotropy:8]]
[2021.01.05-17.45.51:700][  0]LogConfig: Setting CVar [[r.VT.MaxAnisotropy:8]]
[2021.01.05-17.45.51:701][  0]LogConfig: Setting CVar [[r.Streaming.LimitPoolSizeToVRAM:0]]
[2021.01.05-17.45.51:702][  0]LogConfig: Setting CVar [[r.Streaming.PoolSize:1000]]
[2021.01.05-17.45.51:703][  0]LogConfig: Setting CVar [[r.Streaming.MaxEffectiveScreenSize:0]]
[2021.01.05-17.45.51:704][  0]LogConfig: Applying CVar settings from Section [EffectsQuality@3] File [C:/Users/Angelica .DESKTOP-RM5JOAJ/Documents/Learning Multiplayer/Puzzles/Puzzles/Saved/Config/Windows/Scalability.ini]
[2021.01.05-17.45.51:705][  0]LogConfig: Setting CVar [[r.TranslucencyLightingVolumeDim:64]]
[2021.01.05-17.45.51:706][  0]LogConfig: Setting CVar [[r.RefractionQuality:2]]
[2021.01.05-17.45.51:710][  0]LogConfig: Setting CVar [[r.SSR.Quality:3]]
[2021.01.05-17.45.51:711][  0]LogConfig: Setting CVar [[r.SSR.HalfResSceneColor:0]]
[2021.01.05-17.45.51:711][  0]LogConfig: Setting CVar [[r.SceneColorFormat:4]]
[2021.01.05-17.45.51:712][  0]LogConfig: Setting CVar [[r.DetailMode:2]]
[2021.01.05-17.45.51:713][  0]LogConfig: Setting CVar [[r.TranslucencyVolumeBlur:1]]
[2021.01.05-17.45.51:714][  0]LogConfig: Setting CVar [[r.MaterialQualityLevel:1 ; High quality]]
[2021.01.05-17.45.51:714][  0]LogConfig: Setting CVar [[r.SSS.Scale:1]]
[2021.01.05-17.45.51:715][  0]LogConfig: Setting CVar [[r.SSS.SampleSet:2]]
[2021.01.05-17.45.51:716][  0]LogConfig: Setting CVar [[r.SSS.Quality:1]]
[2021.01.05-17.45.51:717][  0]LogConfig: Setting CVar [[r.SSS.HalfRes:0]]
[2021.01.05-17.45.51:717][  0]LogConfig: Setting CVar [[r.SSGI.Quality:3]]
[2021.01.05-17.45.51:718][  0]LogConfig: Setting CVar [[r.EmitterSpawnRateScale:1.0]]
[2021.01.05-17.45.51:724][  0]LogConfig: Setting CVar [[r.ParticleLightQuality:2]]
[2021.01.05-17.45.51:725][  0]LogConfig: Setting CVar [[r.SkyAtmosphere.AerialPerspectiveLUT.FastApplyOnOpaque:1 ; Always have FastSkyLUT 1 in this case to avoid wrong sky]]
[2021.01.05-17.45.51:725][  0]LogConfig: Setting CVar [[r.SkyAtmosphere.AerialPerspectiveLUT.SampleCountPerSlice:1]]
[2021.01.05-17.45.51:726][  0]LogConfig: Setting CVar [[r.SkyAtmosphere.AerialPerspectiveLUT.DepthResolution:16.0]]
[2021.01.05-17.45.51:727][  0]LogConfig: Setting CVar [[r.SkyAtmosphere.FastSkyLUT:1]]
[2021.01.05-17.45.51:728][  0]LogConfig: Setting CVar [[r.SkyAtmosphere.FastSkyLUT.SampleCountMin:4.0]]
[2021.01.05-17.45.51:729][  0]LogConfig: Setting CVar [[r.SkyAtmosphere.FastSkyLUT.SampleCountMax:32.0]]
[2021.01.05-17.45.51:729][  0]LogConfig: Setting CVar [[r.SkyAtmosphere.SampleCountMin:4.0]]
[2021.01.05-17.45.51:730][  0]LogConfig: Setting CVar [[r.SkyAtmosphere.SampleCountMax:32.0]]
[2021.01.05-17.45.51:731][  0]LogConfig: Setting CVar [[r.SkyAtmosphere.TransmittanceLUT.UseSmallFormat:0]]
[2021.01.05-17.45.51:736][  0]LogConfig: Setting CVar [[r.SkyAtmosphere.TransmittanceLUT.SampleCount:10.0]]
[2021.01.05-17.45.51:736][  0]LogConfig: Setting CVar [[r.SkyAtmosphere.MultiScatteringLUT.SampleCount:15.0]]
[2021.01.05-17.45.51:737][  0]LogConfig: Applying CVar settings from Section [FoliageQuality@3] File [C:/Users/Angelica .DESKTOP-RM5JOAJ/Documents/Learning Multiplayer/Puzzles/Puzzles/Saved/Config/Windows/Scalability.ini]
[2021.01.05-17.45.51:738][  0]LogConfig: Setting CVar [[foliage.DensityScale:1.0]]
[2021.01.05-17.45.51:739][  0]LogConfig: Setting CVar [[grass.DensityScale:1.0]]
[2021.01.05-17.45.51:740][  0]LogConfig: Applying CVar settings from Section [ShadingQuality@3] File [C:/Users/Angelica .DESKTOP-RM5JOAJ/Documents/Learning Multiplayer/Puzzles/Puzzles/Saved/Config/Windows/Scalability.ini]
[2021.01.05-17.45.51:740][  0]LogConfig: Setting CVar [[r.HairStrands.SkyLighting.SampleCount:16]]
[2021.01.05-17.45.51:741][  0]LogConfig: Setting CVar [[r.HairStrands.SkyLighting.JitterIntegration:0]]
[2021.01.05-17.45.51:742][  0]LogConfig: Setting CVar [[r.HairStrands.SkyAO.SampleCount:16]]
[2021.01.05-17.45.51:743][  0]LogConfig: Setting CVar [[r.HairStrands.DeepShadow.SuperSampling:0]]
[2021.01.05-17.45.51:747][  0]LogConfig: Setting CVar [[r.HairStrands.VisibilityPPLL:0]]
[2021.01.05-17.45.51:747][  0]LogConfig: Setting CVar [[r.HairStrands.RasterizationScale:0.5]]
[2021.01.05-17.45.51:748][  0]LogConfig: Setting CVar [[r.HairStrands.VelocityRasterizationScale:1]]
[2021.01.05-17.45.51:749][  0]LogConfig: Applying CVar settings from Section [Startup] File [../../../Engine/Config/ConsoleVariables.ini]
[2021.01.05-17.45.51:751][  0]LogConfig: Setting CVar [[net.UseAdaptiveNetUpdateFrequency:0]]
[2021.01.05-17.45.51:752][  0]LogConfig: Setting CVar [[p.chaos.AllowCreatePhysxBodies:1]]
[2021.01.05-17.45.51:752][  0]LogConfig: Setting CVar [[fx.SkipVectorVMBackendOptimizations:1]]
[2021.01.05-17.45.51:753][  0]LogConfig: Applying CVar settings from Section [ConsoleVariables] File [C:/Users/Angelica .DESKTOP-RM5JOAJ/Documents/Learning Multiplayer/Puzzles/Puzzles/Saved/Config/Windows/Engine.ini]
[2021.01.05-17.45.51:755][  0]LogInit: Computer: SKETCH-PC
[2021.01.05-17.45.51:759][  0]LogInit: User: Angelica
[2021.01.05-17.45.51:760][  0]LogInit: CPU Page size=4096, Cores=2
[2021.01.05-17.45.51:762][  0]LogInit: High frequency timer resolution =10.000000 MHz
[2021.01.05-17.45.51:763][  0]LogMemory: Memory total: Physical=15.9GB (16GB approx)
[2021.01.05-17.45.51:764][  0]LogMemory: Platform Memory Stats for Windows
[2021.01.05-17.45.51:765][  0]LogMemory: Process Physical Memory: 114.05 MB used, 114.05 MB peak
[2021.01.05-17.45.51:765][  0]LogMemory: Process Virtual Memory: 97.23 MB used, 97.23 MB peak
[2021.01.05-17.45.51:766][  0]LogMemory: Physical Memory: 8128.41 MB used,  8134.14 MB free, 16262.55 MB total
[2021.01.05-17.45.51:767][  0]LogMemory: Virtual Memory: 5124.82 MB used,  134212600.00 MB free, 134217728.00 MB total
[2021.01.05-17.45.51:779][  0]LogWindows: WindowsPlatformFeatures enabled
[2021.01.05-17.45.51:873][  0]LogInit: Physics initialised using underlying interface: PhysX
[2021.01.05-17.45.51:892][  0]LogInit: Using OS detected language (en-US).
[2021.01.05-17.45.51:895][  0]LogInit: Using OS detected locale (en-US).
[2021.01.05-17.45.51:911][  0]LogTextLocalizationManager: No specific localization for 'en-US' exists, so the 'en' localization will be used.
[2021.01.05-17.45.52:953][  0]LogSlate: New Slate User Created.  User Index 0, Is Virtual User: 0
[2021.01.05-17.45.52:972][  0]LogSlate: Slate User Registered.  User Index 0, Is Virtual User: 0
[2021.01.05-17.45.53:024][  0]LogHMD: Failed to initialize OpenVR with code 110
[2021.01.05-17.45.53:074][  0]LogD3D11RHI: D3D11 min allowed feature level: 11_0
[2021.01.05-17.45.53:079][  0]LogD3D11RHI: D3D11 max allowed feature level: 11_0
[2021.01.05-17.45.53:086][  0]LogD3D11RHI: D3D11 adapters:
[2021.01.05-17.45.53:718][  0]LogD3D11RHI:    0. 'Intel(R) HD Graphics 620' (Feature Level 11_0)
[2021.01.05-17.45.53:741][  0]LogD3D11RHI:       128/0/8131 MB DedicatedVideo/DedicatedSystem/SharedSystem, Outputs:2, VendorId:0x8086
[2021.01.05-17.45.53:750][  0]LogD3D11RHI:    1. 'Microsoft Basic Render Driver' (Feature Level 11_0)
[2021.01.05-17.45.53:750][  0]LogD3D11RHI:       0/0/8131 MB DedicatedVideo/DedicatedSystem/SharedSystem, Outputs:0, VendorId:0x1414
[2021.01.05-17.45.53:762][  0]LogD3D11RHI:    2. 'Microsoft Basic Render Driver' (Feature Level 11_0)
[2021.01.05-17.45.53:763][  0]LogD3D11RHI:       0/0/8131 MB DedicatedVideo/DedicatedSystem/SharedSystem, Outputs:0, VendorId:0x1414
[2021.01.05-17.45.53:773][  0]LogD3D11RHI:    3. 'Microsoft Basic Render Driver' (Feature Level 11_0)
[2021.01.05-17.45.53:774][  0]LogD3D11RHI:       0/0/8131 MB DedicatedVideo/DedicatedSystem/SharedSystem, Outputs:0, VendorId:0x1414
[2021.01.05-17.45.53:783][  0]LogD3D11RHI:    4. 'Microsoft Basic Render Driver' (Feature Level 11_0)
[2021.01.05-17.45.53:791][  0]LogD3D11RHI:       0/0/8131 MB DedicatedVideo/DedicatedSystem/SharedSystem, Outputs:0, VendorId:0x1414
[2021.01.05-17.45.53:793][  0]LogD3D11RHI: Chosen D3D11 Adapter: 0
[2021.01.05-17.45.53:812][  0]LogD3D11RHI: Creating new Direct3DDevice
[2021.01.05-17.45.53:813][  0]LogD3D11RHI:     GPU DeviceId: 0x5916 (for the marketing name, search the web for "GPU Device Id")
[2021.01.05-17.45.53:816][  0]LogWindows: EnumDisplayDevices:
[2021.01.05-17.45.53:818][  0]LogWindows:    0. 'Intel(R) HD Graphics 620' (P:0 D:1)
[2021.01.05-17.45.53:820][  0]LogWindows:    1. 'Intel(R) HD Graphics 620' (P:0 D:0)
[2021.01.05-17.45.53:822][  0]LogWindows:    2. 'Intel(R) HD Graphics 620' (P:0 D:0)
[2021.01.05-17.45.53:823][  0]LogWindows:    3. 'MS Idd Device' (P:0 D:0)
[2021.01.05-17.45.53:823][  0]LogWindows:    4. 'MS Idd Device' (P:0 D:0)
[2021.01.05-17.45.53:825][  0]LogWindows:    5. 'MS Idd Device' (P:1 D:1)
[2021.01.05-17.45.53:828][  0]LogWindows: DebugString: GetVideoDriverDetailsInvalid PrimaryIsNotTheChoosenAdapter GetVideoDriverDetailsInvalid PrimaryIsNotTheChoosenAdapter GetVideoDriverDetailsInvalid PrimaryIsNotTheChoosenAdapter FoundDriverCount:3 
[2021.01.05-17.45.53:829][  0]LogD3D11RHI:     Adapter Name: Intel(R) HD Graphics 620
[2021.01.05-17.45.53:830][  0]LogD3D11RHI:   Driver Version: 24.20.100.6344 (internal:24.20.100.6344, unified:24.20.100.6344)
[2021.01.05-17.45.53:831][  0]LogD3D11RHI:      Driver Date: 11-10-2018
[2021.01.05-17.45.53:832][  0]LogRHI: Texture pool is 1523 MB (70% of 2176 MB)
[2021.01.05-17.45.53:843][  0]LogD3D11RHI: [IntelMetricsDiscovery] Failed to initialize context. Result=00000002
[2021.01.05-17.45.54:211][  0]LogD3D11RHI: RHI does not have support for 64 bit atomics
[2021.01.05-17.45.54:254][  0]LogD3D11RHI: Async texture creation enabled
[2021.01.05-17.45.54:257][  0]LogD3D11RHI: Array index from any shader is supported
[2021.01.05-17.45.54:289][  0]LogD3D11RHI: GPU Timing Frequency: 12.000048 (Debug: 2 0)
[2021.01.05-17.45.58:465][  0]LogTargetPlatformManager: Display: Loaded TargetPlatform 'WindowsNoEditor'
[2021.01.05-17.45.58:500][  0]LogTargetPlatformManager: Display: Loaded TargetPlatform 'Windows'
[2021.01.05-17.45.58:590][  0]LogTargetPlatformManager: Display: Loaded TargetPlatform 'WindowsClient'
[2021.01.05-17.45.58:722][  0]LogTargetPlatformManager: Display: Loaded TargetPlatform 'WindowsServer'
[2021.01.05-17.45.58:864][  0]LogTargetPlatformManager: Display: Building Assets For Windows
[2021.01.05-17.45.58:892][  0]LogAudioDebug: Display: Lib vorbis DLL was dynamically loaded.
[2021.01.05-17.45.59:011][  0]LogShaderCompilers: Guid format shader working directory is -30 characters bigger than the processId version (../../../../../../Users/Angelica .DESKTOP-RM5JOAJ/Documents/Learning Multiplayer/Puzzles/Puzzles/Intermediate/Shaders/WorkingDirectory/5924/).
[2021.01.05-17.45.59:067][  0]LogShaderCompilers: Cleaned the shader compiler working directory 'C:/Users/Angelica .DESKTOP-RM5JOAJ/AppData/Local/Temp/UnrealShaderWorkingDir/04994871442C534A8DD1749FC87855E6/'.
[2021.01.05-17.45.59:075][  0]LogXGEController: Cannot use XGE Controller as Incredibuild is not installed on this machine.
[2021.01.05-17.45.59:076][  0]LogShaderCompilers: Cannot use XGE Shader Compiler as Incredibuild is not installed on this machine.
[2021.01.05-17.45.59:077][  0]LogShaderCompilers: Display: Using Local Shader Compiler.
[2021.01.05-17.46.02:459][  0]LogDerivedDataCache: Display: Max Cache Size: 512 MB
[2021.01.05-17.46.02:663][  0]LogDerivedDataCache: Loaded boot cache 0.20s 83MB C:/Users/Angelica .DESKTOP-RM5JOAJ/AppData/Local/UnrealEngine/4.25/DerivedDataCache/Boot.ddc.
[2021.01.05-17.46.02:676][  0]LogDerivedDataCache: Display: Loaded Boot cache: C:/Users/Angelica .DESKTOP-RM5JOAJ/AppData/Local/UnrealEngine/4.25/DerivedDataCache/Boot.ddc
[2021.01.05-17.46.02:681][  0]LogDerivedDataCache: FDerivedDataBackendGraph:  Pak pak cache file ../../../../../../Users/Angelica .DESKTOP-RM5JOAJ/Documents/Learning Multiplayer/Puzzles/Puzzles/DerivedDataCache/DDC.ddp not found, will not use a pak cache.
[2021.01.05-17.46.02:684][  0]LogDerivedDataCache: Unable to find inner node Pak for hierarchical cache Hierarchy.
[2021.01.05-17.46.02:689][  0]LogDerivedDataCache: FDerivedDataBackendGraph:  CompressedPak pak cache file ../../../../../../Users/Angelica .DESKTOP-RM5JOAJ/Documents/Learning Multiplayer/Puzzles/Puzzles/DerivedDataCache/Compressed.ddp not found, will not use a pak cache.
[2021.01.05-17.46.02:692][  0]LogDerivedDataCache: Unable to find inner node CompressedPak for hierarchical cache Hierarchy.
[2021.01.05-17.46.02:727][  0]LogDerivedDataCache: Display: Pak cache opened for reading ../../../Engine/DerivedDataCache/Compressed.ddp.
[2021.01.05-17.46.02:755][  0]LogDerivedDataCache: FDerivedDataBackendGraph:  EnterprisePak pak cache file ../../../Enterprise/DerivedDataCache/Compressed.ddp not found, will not use a pak cache.
[2021.01.05-17.46.02:757][  0]LogDerivedDataCache: Unable to find inner node EnterprisePak for hierarchical cache Hierarchy.
[2021.01.05-17.46.02:820][  0]LogDerivedDataCache: Using Local data cache path C:/Users/Angelica .DESKTOP-RM5JOAJ/AppData/Local/UnrealEngine/Common/DerivedDataCache: Writable
[2021.01.05-17.46.02:830][  0]LogDerivedDataCache: Shared data cache path not found in *engine.ini, will not use an Shared cache.
[2021.01.05-17.46.02:880][  0]LogDerivedDataCache: Unable to find inner node Shared for hierarchical cache Hierarchy.
[2021.01.05-17.46.03:060][  0]LogSlate: Using FreeType 2.10.0
[2021.01.05-17.46.03:105][  0]LogSlate: SlateFontServices - WITH_FREETYPE: 1, WITH_HARFBUZZ: 1
[2021.01.05-17.46.03:646][  0]LogInit: Using OS detected language (en-US).
[2021.01.05-17.46.03:695][  0]LogInit: Using OS detected locale (en-US).
[2021.01.05-17.46.03:698][  0]LogTextLocalizationManager: No localization for 'en-US' exists, so 'en' will be used for the language.
[2021.01.05-17.46.03:699][  0]LogTextLocalizationManager: No localization for 'en-US' exists, so 'en' will be used for the locale.
[2021.01.05-17.46.03:700][  0]LogSlate: FontCache flush requested. Reason: Culture for localization was changed
[2021.01.05-17.46.03:701][  0]LogSlate: FontCache flush requested. Reason: Culture for localization was changed
[2021.01.05-17.46.03:721][  0]LogTextLocalizationManager: Compacting localization data took   0.03ms
[2021.01.05-17.46.03:736][  0]LogAssetRegistry: FAssetRegistry took 0.0058 seconds to start up
[2021.01.05-17.46.04:746][  0]LogPackageLocalizationCache: Processed 19 localized package path(s) for 1 prioritized culture(s) in 0.153915 seconds
[2021.01.05-17.46.05:095][  0]LogInit: Selected Device Profile: [Windows]
[2021.01.05-17.46.05:713][  0]LogMeshReduction: Using QuadricMeshReduction for automatic static mesh reduction
[2021.01.05-17.46.05:748][  0]LogMeshReduction: Using SimplygonMeshReduction for automatic skeletal mesh reduction
[2021.01.05-17.46.05:778][  0]LogMeshReduction: Using ProxyLODMeshReduction for automatic mesh merging
[2021.01.05-17.46.05:816][  0]LogMeshReduction: No distributed automatic mesh merging module available
[2021.01.05-17.46.05:864][  0]LogMeshMerging: No distributed automatic mesh merging module available
[2021.01.05-17.46.05:933][  0]LogNetVersion: Puzzles 1.0.0, NetCL: 13144385, EngineNetVer: 14, GameNetVer: 0 (Checksum: 1097821826)
[2021.01.05-17.46.07:395][  0]LogAISub: UAISubsystem::UAISubsystem AISubsystem (0000025DF0427480), frame # 0
[2021.01.05-17.46.07:398][  0]LogAISub: UAISubsystem::UAISubsystem AIPerceptionSystem (0000025DF133BC40), frame # 0
[2021.01.05-17.46.07:421][  0]LogAISub: UAISubsystem::UAISubsystem EnvQueryManager (0000025DF1353C00), frame # 0
[2021.01.05-17.46.08:092][  0]LogCollectionManager: Loaded 0 collections in 0.006537 seconds
[2021.01.05-17.46.08:128][  0]LogFileCache: Scanning file cache for directory 'C:/Users/Angelica .DESKTOP-RM5JOAJ/Documents/Learning Multiplayer/Puzzles/Puzzles/Saved/Collections/' took 0.01s
[2021.01.05-17.46.08:131][  0]LogFileCache: Scanning file cache for directory 'C:/Users/Angelica .DESKTOP-RM5JOAJ/Documents/Learning Multiplayer/Puzzles/Puzzles/Content/Developers/Angelica/Collections/' took 0.01s
[2021.01.05-17.46.08:139][  0]LogFileCache: Scanning file cache for directory 'C:/Users/Angelica .DESKTOP-RM5JOAJ/Documents/Learning Multiplayer/Puzzles/Puzzles/Content/Collections/' took 0.00s
[2021.01.05-17.46.08:142][  0]LogCollectionManager: Fixed up redirectors for 0 collections in 0.000016 seconds (updated 0 objects)
[2021.01.05-17.46.08:280][  0]LogMoviePlayer: Initializing movie player
[2021.01.05-17.46.09:017][  0]SourceControl: Source control is disabled
[2021.01.05-17.46.09:032][  0]SourceControl: Source control is disabled
[2021.01.05-17.46.09:046][  0]SourceControl: Source control is disabled
[2021.01.05-17.46.09:351][  0]LogAndroidPermission: UAndroidPermissionCallbackProxy::GetInstance
[2021.01.05-17.46.09:393][  0]LogAudioCaptureCore: Display: No Audio Capture implementations found. Audio input will be silent.
[2021.01.05-17.46.09:400][  0]LogAudioCaptureCore: Display: No Audio Capture implementations found. Audio input will be silent.
[2021.01.05-17.46.09:550][  0]LogOcInput: OculusInput pre-init called
[2021.01.05-17.46.09:610][  0]LogUObjectArray: 19301 objects as part of root set at end of initial load.
[2021.01.05-17.46.09:613][  0]LogUObjectAllocator: 5142848 out of 0 bytes used by permanent object pool.
[2021.01.05-17.46.09:616][  0]LogUObjectArray: CloseDisregardForGC: 0/0 objects in disregard for GC pool
[2021.01.05-17.46.09:818][  0]LogEngine: Initializing Engine...
[2021.01.05-17.46.09:830][  0]LogHMD: Failed to initialize OpenVR with code 110
[2021.01.05-17.46.09:832][  0]LogMagicLeap: Warning: VR disabled because ZI is not enabled.  To enable, in the editor, Edit -> Project Settings -> Plugins -> Magic Leap Plugin -> Enable Zero Iteration
[2021.01.05-17.46.09:859][  0]LogStats: UGameplayTagsManager::InitializeManager -  0.001 s
[2021.01.05-17.46.10:313][  0]LogInit: Initializing FReadOnlyCVARCache
[2021.01.05-17.46.10:407][  0]LogAudioMixer: Display: Audio Mixer Platform Settings:
[2021.01.05-17.46.10:415][  0]LogAudioMixer: Display: 	Sample Rate:						  48000
[2021.01.05-17.46.10:417][  0]LogAudioMixer: Display: 	Callback Buffer Frame Size Requested: 1024
[2021.01.05-17.46.10:425][  0]LogAudioMixer: Display: 	Callback Buffer Frame Size To Use:	  1024
[2021.01.05-17.46.10:427][  0]LogAudioMixer: Display: 	Number of buffers to queue:			  2
[2021.01.05-17.46.10:428][  0]LogAudioMixer: Display: 	Max Channels (voices):				  32
[2021.01.05-17.46.10:429][  0]LogAudioMixer: Display: 	Number of Async Source Workers:		  0
[2021.01.05-17.46.10:429][  0]LogAudio: Display: AudioDevice MaxSources: 32
[2021.01.05-17.46.10:432][  0]LogAudio: Display: Using built-in audio occlusion.
[2021.01.05-17.46.10:433][  0]LogAudioMixer: Display: Initializing audio mixer.
[2021.01.05-17.46.10:614][  0]LogAudioMixer: Display: 0: FrontLeft
[2021.01.05-17.46.10:655][  0]LogAudioMixer: Display: 1: FrontRight
[2021.01.05-17.46.11:661][  0]LogAudioMixer: Display: Using Audio Device Speaker/Headphone (Realtek High Definition Audio(SST))
[2021.01.05-17.46.11:678][  0]LogAudioMixer: Display: Initializing Sound Submixes...
[2021.01.05-17.46.11:703][  0]LogAudioMixer: Display: Creating Master Submix 'MasterSubmixDefault'
[2021.01.05-17.46.11:709][  0]LogAudioMixer: Display: Creating Master Submix 'MasterReverbSubmixDefault'
[2021.01.05-17.46.11:722][  0]LogAudioMixer: Display: Creating Master Submix 'MasterEQSubmixDefault'
[2021.01.05-17.46.11:764][  0]LogInit: FAudioDevice initialized.
[2021.01.05-17.46.16:296][  0]LogNetVersion: Set ProjectVersion to 1.0.0.0. Version Checksum will be recalculated on next use.
[2021.01.05-17.46.16:438][  0]LogDerivedDataCache: Saved boot cache 0.14s 83MB C:/Users/Angelica .DESKTOP-RM5JOAJ/AppData/Local/UnrealEngine/4.25/DerivedDataCache/Boot.ddc.
[2021.01.05-17.46.16:468][  0]LogInit: Texture streaming: Enabled
[2021.01.05-17.46.16:916][  0]LogTemp: Warning: Found class: WBP_MainMenu_C
[2021.01.05-17.46.17:038][  0]LogSlate: Updating window title bar state: overlay mode, drag disabled, window buttons hidden, title bar hidden
[2021.01.05-17.46.17:065][  0]LogInit: Display: Game Engine Initialized.
[2021.01.05-17.46.17:067][  0]LogNiagaraEditor: Warning: GEditor isn't valid! Particle reset commands will not work for Niagara components!
[2021.01.05-17.46.17:197][  0]LogInit: Display: Starting Game.
[2021.01.05-17.46.17:276][  0]LogNet: Browse: /Game/Maps/Menu?Name=Player
[2021.01.05-17.46.17:357][  0]LogLoad: LoadMap: /Game/Maps/Menu?Name=Player
[2021.01.05-17.46.17:373][  0]LogWorld: BeginTearingDown for /Temp/Untitled_0
[2021.01.05-17.46.17:386][  0]LogWorld: UWorld::CleanupWorld for Untitled, bSessionEnded=true, bCleanupResources=true
[2021.01.05-17.46.17:391][  0]LogSlate: InvalidateAllWidgets triggered.  All widgets were invalidated
[2021.01.05-17.46.17:435][  0]LogAudio: Display: Waited 36.189999 ms for audio thread.
[2021.01.05-17.46.17:506][  0]LogAudio: Display: Waited 107.767593 ms for audio thread.
[2021.01.05-17.46.17:564][  0]LogAudio: Display: Waited 38.889999 ms for audio thread.
[2021.01.05-17.46.17:678][  0]LogAudio: Display: Waited 153.124893 ms for audio thread.
[2021.01.05-17.46.24:111][  0]LogUObjectHash: Compacting FUObjectHashTables data took   3.57ms
[2021.01.05-17.46.24:170][  0]LogAIModule: Creating AISystem for world Menu
[2021.01.05-17.46.24:173][  0]LogAISub: UAISubsystem::UAISubsystem EnvQueryManager (0000025DF4F5C600), frame # 0
[2021.01.05-17.46.24:178][  0]LogAISub: UAISubsystem::UAISubsystem AIPerceptionSystem (0000025DF579F100), frame # 0
[2021.01.05-17.46.24:918][  0]LogLoad: Game class is 'BP_PuzzlesGameMode_C'
[2021.01.05-17.46.24:983][  0]LogWorld: Bringing World /Game/Maps/Menu.Menu up for play (max tick rate 0) at 2021.01.05-12.46.24
[2021.01.05-17.46.25:031][  0]LogWorld: Bringing up level for play took: 0.051043
[2021.01.05-17.46.25:088][  0]LogGameMode: FindPlayerStart: PATHS NOT DEFINED or NO PLAYERSTART with positive rating
[2021.01.05-17.46.25:151][  0]LogPlayerController: Error: InputMode:UIOnly - Attempting to focus Non-Focusable widget SObjectWidget [Widget.cpp(799)]!
[2021.01.05-17.46.25:270][  0]LogLoad: Took 7.913674 seconds to LoadMap(/Game/Maps/Menu)
[2021.01.05-17.46.25:702][  0]LogRenderer: Reallocating scene render targets to support 1536x864 Format 10 NumSamples 1 (Frame:1).
[2021.01.05-17.46.25:798][  0]LogLoad: (Engine Initialization) Total time: 39.86 seconds
[2021.01.05-17.46.25:807][  0]LogLoad: (Engine Initialization) Total Blueprint compile time: 0.00 seconds
[2021.01.05-17.46.26:475][  0]LogContentStreaming: Texture pool size now 1000 MB
[2021.01.05-17.46.26:622][  0]LogSlate: InvalidateAllWidgets triggered.  All widgets were invalidated
[2021.01.05-17.46.28:777][  2]LogAudio: Display: Waited 35.556499 ms for audio thread.
[2021.01.05-17.46.28:908][  2]LogAudio: Display: Waited 166.536499 ms for audio thread.
[2021.01.05-17.46.28:977][  3]LogAudio: Display: Waited 36.123199 ms for audio thread.
[2021.01.05-17.46.29:038][  3]LogAudio: Display: Waited 97.541504 ms for audio thread.
[2021.01.05-17.46.29:090][  4]LogAudio: Display: Waited 35.881401 ms for audio thread.
[2021.01.05-17.46.29:189][  4]LogAudio: Display: Waited 135.002411 ms for audio thread.
[2021.01.05-17.46.29:247][  5]LogAudio: Display: Waited 39.585197 ms for audio thread.
[2021.01.05-17.46.29:338][  5]LogAudio: Display: Waited 130.198593 ms for audio thread.
[2021.01.05-17.47.37:729][363]LogSlate: WidgetSwitcher ('None') active index changed to 1
[2021.01.05-17.47.37:749][363]LogSlate: Took 0.000562 seconds to synchronously load lazily loaded font '../../../Engine/Content/Slate/Fonts/Roboto-Regular.ttf' (155K)
[2021.01.05-17.47.54:229][636]LogNet: Browse: 192.168.1.6/Game/Maps/Menu
[2021.01.05-17.47.54:232][636]LogInit: WinSock: Socket queue. Rx: 32768 (config 32768) Tx: 32768 (config 32768)
[2021.01.05-17.47.54:235][636]LogNet: Created socket for bind address: 0.0.0.0 on port 0
[2021.01.05-17.47.54:237][636]PacketHandlerLog: Loaded PacketHandler component: Engine.EngineHandlerComponentFactory (StatelessConnectHandlerComponent)
[2021.01.05-17.47.54:239][636]LogNet: Game client on port 7777, rate 10000
[2021.01.05-17.47.56:012][669]LogHandshake: SendChallengeResponse. Timestamp: 64.692047, Cookie: 046040214036098126207032067014095128241129170008172154212192
[2021.01.05-17.47.56:917][685]LogNetVersion: Puzzles 1.0.0.0, NetCL: 13144385, EngineNetVer: 14, GameNetVer: 0 (Checksum: 1199745802)
[2021.01.05-17.47.56:918][685]LogNet: UPendingNetGame::SendInitialJoin: Sending hello. [UNetConnection] RemoteAddr: 192.168.1.6:7777, Name: IpConnection_0, Driver: PendingNetDriver IpNetDriver_0, IsServer: NO, PC: NULL, Owner: NULL, UniqueId: INVALID
[2021.01.05-17.47.58:917][725]LogNet: Welcomed by server (Level: /Game/Maps/Main, Game: /Game/Blueprints/BP_PuzzlesGameMode.BP_PuzzlesGameMode_C)
[2021.01.05-17.47.58:925][725]LogLoad: LoadMap: 192.168.1.6/Game/Maps/Main?game=/Game/Blueprints/BP_PuzzlesGameMode.BP_PuzzlesGameMode_C
[2021.01.05-17.47.58:926][725]LogWorld: BeginTearingDown for /Game/Maps/Menu
[2021.01.05-17.47.58:930][725]LogWorld: UWorld::CleanupWorld for Menu, bSessionEnded=true, bCleanupResources=true
[2021.01.05-17.47.58:931][725]LogSlate: InvalidateAllWidgets triggered.  All widgets were invalidated
[2021.01.05-17.47.58:969][725]LogAudio: Display: Waited 35.294201 ms for audio thread.
[2021.01.05-17.47.58:982][725]LogAudio: Display: Waited 48.609001 ms for audio thread.
[2021.01.05-17.47.59:026][725]LogAISub: UAISubsystem::~UAISubsystem EnvQueryManager (0000025DF4F5C600), frame # 725
[2021.01.05-17.47.59:027][725]LogAISub: UAISubsystem::~UAISubsystem AIPerceptionSystem (0000025DF579F100), frame # 725
[2021.01.05-17.47.59:037][725]LogUObjectHash: Compacting FUObjectHashTables data took   3.51ms
[2021.01.05-17.47.59:971][725]LogWorld: Bringing World /Game/Maps/Main.Main up for play (max tick rate 0) at 2021.01.05-12.47.59
[2021.01.05-17.47.59:978][725]LogWorld: Bringing up level for play took: 0.188028
[2021.01.05-17.48.00:038][725]LogLoad: Took 1.113837 seconds to LoadMap(/Game/Maps/Main)
[2021.01.05-17.48.00:066][725]LogNavigation: Warning: NavData RegistrationFailed_DataPendingKill.
[2021.01.05-17.48.02:977][738]LogOnlineSession: Warning: OSS: No game present to join for session (GameSession)
[2021.01.05-17.48.06:948][787]LogOnlineSession: Warning: OSS: No game present to join for session (GameSession)
[2021.01.05-17.48.26:783][970]LogAudio: Display: Waited 40.306400 ms for audio thread.
[2021.01.05-17.48.26:896][970]LogAudio: Display: Waited 152.017807 ms for audio thread.
[2021.01.05-17.48.27:026][971]LogOnlineSession: Warning: OSS: No game present to leave for session (GameSession)
[2021.01.05-17.48.27:086][971]LogNet: Error: UEngine::BroadcastNetworkFailure: FailureType = FailureReceived, ErrorString = Host closed the connection., Driver = GameNetDriver IpNetDriver_0
[2021.01.05-17.48.27:205][971]LogNet: Warning: Network Failure: GameNetDriver[FailureReceived]: Host closed the connection.
[2021.01.05-17.48.27:208][971]LogNet: NetworkFailure: FailureReceived, Error: 'Host closed the connection.'
[2021.01.05-17.48.27:208][971]LogNet: UNetConnection::Close: [UNetConnection] RemoteAddr: 192.168.1.6:7777, Name: IpConnection_0, Driver: GameNetDriver IpNetDriver_0, IsServer: NO, PC: PlayerController_1, Owner: PlayerController_1, UniqueId: NULL:Sketch-PC-FD26C6134980FFF31733C9B28F627191, Channels: 13, Time: 2021.01.05-17.48.27
[2021.01.05-17.48.27:210][971]LogNet: UChannel::Close: Sending CloseBunch. ChIndex == 0. Name: [UChannel] ChIndex: 0, Closing: 0 [UNetConnection] RemoteAddr: 192.168.1.6:7777, Name: IpConnection_0, Driver: GameNetDriver IpNetDriver_0, IsServer: NO, PC: PlayerController_1, Owner: PlayerController_1, UniqueId: NULL:Sketch-PC-FD26C6134980FFF31733C9B28F627191
[2021.01.05-17.48.27:213][971]LogNet: Error: UEngine::BroadcastNetworkFailure: FailureType = ConnectionLost, ErrorString = Your connection to the host has been lost., Driver = GameNetDriver IpNetDriver_0
[2021.01.05-17.48.27:295][972]LogNet: Error: UEngine::BroadcastNetworkFailure: FailureType = ConnectionLost, ErrorString = Your connection to the host has been lost., Driver = GameNetDriver IpNetDriver_0
[2021.01.05-17.48.27:395][973]LogNet: Error: UEngine::BroadcastNetworkFailure: FailureType = ConnectionLost, ErrorString = Your connection to the host has been lost., Driver = GameNetDriver IpNetDriver_0
[2021.01.05-17.48.27:495][974]LogNet: Error: UEngine::BroadcastNetworkFailure: FailureType = ConnectionLost, ErrorString = Your connection to the host has been lost., Driver = GameNetDriver IpNetDriver_0
[2021.01.05-17.48.27:608][975]LogNet: Error: UEngine::BroadcastNetworkFailure: FailureType = ConnectionLost, ErrorString = Your connection to the host has been lost., Driver = GameNetDriver IpNetDriver_0
[2021.01.05-17.48.27:707][976]LogNet: Error: UEngine::BroadcastNetworkFailure: FailureType = ConnectionLost, ErrorString = Your connection to the host has been lost., Driver = GameNetDriver IpNetDriver_0
[2021.01.05-17.48.27:795][977]LogNet: Error: UEngine::BroadcastNetworkFailure: FailureType = ConnectionLost, ErrorString = Your connection to the host has been lost., Driver = GameNetDriver IpNetDriver_0
[2021.01.05-17.48.27:948][978]LogNet: Error: UEngine::BroadcastNetworkFailure: FailureType = ConnectionLost, ErrorString = Your connection to the host has been lost., Driver = GameNetDriver IpNetDriver_0
[2021.01.05-17.48.28:088][979]LogNet: Error: UEngine::BroadcastNetworkFailure: FailureType = ConnectionLost, ErrorString = Your connection to the host has been lost., Driver = GameNetDriver IpNetDriver_0
[2021.01.05-17.48.28:217][980]LogNet: Error: UEngine::BroadcastNetworkFailure: FailureType = ConnectionLost, ErrorString = Your connection to the host has been lost., Driver = GameNetDriver IpNetDriver_0
[2021.01.05-17.48.28:278][980]LogNet: Warning: Network Failure: GameNetDriver[ConnectionLost]: Your connection to the host has been lost.
[2021.01.05-17.48.28:280][980]LogNet: NetworkFailure: ConnectionLost, Error: 'Your connection to the host has been lost.'
[2021.01.05-17.48.28:347][981]LogNet: Error: UEngine::BroadcastNetworkFailure: FailureType = ConnectionLost, ErrorString = Your connection to the host has been lost., Driver = GameNetDriver IpNetDriver_0
[2021.01.05-17.48.28:504][982]LogNet: Error: UEngine::BroadcastNetworkFailure: FailureType = ConnectionLost, ErrorString = Your connection to the host has been lost., Driver = GameNetDriver IpNetDriver_0
[2021.01.05-17.48.28:674][983]LogNet: Error: UEngine::BroadcastNetworkFailure: FailureType = ConnectionLost, ErrorString = Your connection to the host has been lost., Driver = GameNetDriver IpNetDriver_0
[2021.01.05-17.48.28:827][984]LogNet: Error: UEngine::BroadcastNetworkFailure: FailureType = ConnectionLost, ErrorString = Your connection to the host has been lost., Driver = GameNetDriver IpNetDriver_0
[2021.01.05-17.48.28:955][985]LogNet: Error: UEngine::BroadcastNetworkFailure: FailureType = ConnectionLost, ErrorString = Your connection to the host has been lost., Driver = GameNetDriver IpNetDriver_0
[2021.01.05-17.48.29:069][986]LogNet: Error: UEngine::BroadcastNetworkFailure: FailureType = ConnectionLost, ErrorString = Your connection to the host has been lost., Driver = GameNetDriver IpNetDriver_0
[2021.01.05-17.48.29:263][987]LogNet: Error: UEngine::BroadcastNetworkFailure: FailureType = ConnectionLost, ErrorString = Your connection to the host has been lost., Driver = GameNetDriver IpNetDriver_0
[2021.01.05-17.48.29:293][987]LogNet: Warning: Network Failure: GameNetDriver[ConnectionLost]: Your connection to the host has been lost.
[2021.01.05-17.48.29:300][987]LogNet: NetworkFailure: ConnectionLost, Error: 'Your connection to the host has been lost.'
[2021.01.05-17.48.29:381][988]LogNet: Error: UEngine::BroadcastNetworkFailure: FailureType = ConnectionLost, ErrorString = Your connection to the host has been lost., Driver = GameNetDriver IpNetDriver_0
[2021.01.05-17.48.29:710][989]LogNet: Error: UEngine::BroadcastNetworkFailure: FailureType = ConnectionLost, ErrorString = Your connection to the host has been lost., Driver = GameNetDriver IpNetDriver_0
[2021.01.05-17.48.29:840][990]LogNet: Error: UEngine::BroadcastNetworkFailure: FailureType = ConnectionLost, ErrorString = Your connection to the host has been lost., Driver = GameNetDriver IpNetDriver_0
[2021.01.05-17.48.29:964][991]LogNet: Error: UEngine::BroadcastNetworkFailure: FailureType = ConnectionLost, ErrorString = Your connection to the host has been lost., Driver = GameNetDriver IpNetDriver_0
[2021.01.05-17.48.30:074][992]LogNet: Error: UEngine::BroadcastNetworkFailure: FailureType = ConnectionLost, ErrorString = Your connection to the host has been lost., Driver = GameNetDriver IpNetDriver_0
[2021.01.05-17.48.30:206][993]LogNet: Error: UEngine::BroadcastNetworkFailure: FailureType = ConnectionLost, ErrorString = Your connection to the host has been lost., Driver = GameNetDriver IpNetDriver_0
[2021.01.05-17.48.30:326][994]LogNet: Error: UEngine::BroadcastNetworkFailure: FailureType = ConnectionLost, ErrorString = Your connection to the host has been lost., Driver = GameNetDriver IpNetDriver_0
[2021.01.05-17.48.30:338][994]LogNet: Warning: Network Failure: GameNetDriver[ConnectionLost]: Your connection to the host has been lost.
[2021.01.05-17.48.30:340][994]LogNet: NetworkFailure: ConnectionLost, Error: 'Your connection to the host has been lost.'
[2021.01.05-17.48.30:480][995]LogNet: Error: UEngine::BroadcastNetworkFailure: FailureType = ConnectionLost, ErrorString = Your connection to the host has been lost., Driver = GameNetDriver IpNetDriver_0
[2021.01.05-17.48.30:604][996]LogNet: Error: UEngine::BroadcastNetworkFailure: FailureType = ConnectionLost, ErrorString = Your connection to the host has been lost., Driver = GameNetDriver IpNetDriver_0
[2021.01.05-17.48.30:959][996]LogSlate: Window 'Puzzles (64-bit Development PCD3D_SM5) ' being destroyed
[2021.01.05-17.48.30:968][996]LogWindowsTextInputMethodSystem: Display: IME system now deactivated.
[2021.01.05-17.48.30:985][997]LogSlate: Updating window title bar state: overlay mode, drag disabled, window buttons hidden, title bar hidden
[2021.01.05-17.48.30:991][997]LogEngine: All Windows Closed
[2021.01.05-17.48.31:001][997]LogWindows: FPlatformMisc::RequestExit(0)
[2021.01.05-17.48.31:009][997]LogCore: Engine exit requested (reason: Win RequestExit)
[2021.01.05-17.48.31:023][998]LogCore: Engine exit requested (reason: EngineExit() was called; note: exit was already requested)
[2021.01.05-17.48.31:036][998]LogAudio: Display: Shutting down audio device while 2 references to it are still alive. For more information, compile with INSTRUMENT_AUDIODEVICE_HANDLES.
[2021.01.05-17.48.31:236][998]LogInit: Display: PreExit Game.
[2021.01.05-17.48.32:567][998]LogWorld: BeginTearingDown for /Game/Maps/Main
[2021.01.05-17.48.32:568][998]LogNet: World NetDriver shutdown IpNetDriver_0 [GameNetDriver]
[2021.01.05-17.48.32:573][998]LogNet: DestroyNamedNetDriver IpNetDriver_0 [GameNetDriver]
[2021.01.05-17.48.32:577][998]LogExit: GameNetDriver IpNetDriver_0 shut down
[2021.01.05-17.48.32:580][998]LogWorld: UWorld::CleanupWorld for Main, bSessionEnded=true, bCleanupResources=true
[2021.01.05-17.48.32:611][998]LogSlate: InvalidateAllWidgets triggered.  All widgets were invalidated
[2021.01.05-17.48.33:060][998]LogExit: Preparing to exit.
[2021.01.05-17.48.33:066][998]LogMoviePlayer: Shutting down movie player
[2021.01.05-17.48.33:133][998]LogSlate: Updating window title bar state: overlay mode, drag disabled, window buttons hidden, title bar hidden
[2021.01.05-17.48.33:170][998]LogDemo: Cleaned up 0 splitscreen connections with owner deletion
[2021.01.05-17.48.33:193][998]LogExit: Game engine shut down
[2021.01.05-17.48.33:239][998]LogAISub: UAISubsystem::~UAISubsystem AISubsystem (0000025DF0427480), frame # 998
[2021.01.05-17.48.33:244][998]LogAISub: UAISubsystem::~UAISubsystem AIPerceptionSystem (0000025DF133BC40), frame # 998
[2021.01.05-17.48.33:249][998]LogAISub: UAISubsystem::~UAISubsystem EnvQueryManager (0000025DF1353C00), frame # 998
[2021.01.05-17.48.33:357][998]LogExit: Object subsystem successfully closed.
[2021.01.05-17.48.33:387][998]LogShaderCompilers: Display: Shaders left to compile 0
[2021.01.05-17.48.33:496][998]LogModuleManager: Shutting down and abandoning module SequenceRecorderSections (504)
[2021.01.05-17.48.33:497][998]LogModuleManager: Shutting down and abandoning module SequenceRecorder (502)
[2021.01.05-17.48.33:500][998]LogModuleManager: Shutting down and abandoning module AutomationController (500)
[2021.01.05-17.48.33:501][998]LogModuleManager: Shutting down and abandoning module AutomationWorker (498)
[2021.01.05-17.48.33:503][998]LogModuleManager: Shutting down and abandoning module Voice (496)
[2021.01.05-17.48.33:505][998]LogModuleManager: Shutting down and abandoning module AIModule (494)
[2021.01.05-17.48.33:506][998]LogModuleManager: Shutting down and abandoning module GameplayDebugger (493)
[2021.01.05-17.48.33:507][998]LogModuleManager: Shutting down and abandoning module AITestSuite (491)
[2021.01.05-17.48.33:514][998]LogModuleManager: Shutting down and abandoning module NavigationSystem (489)
[2021.01.05-17.48.33:515][998]LogModuleManager: Shutting down and abandoning module OculusMR (486)
[2021.01.05-17.48.33:516][998]LogModuleManager: Shutting down and abandoning module WmfMediaFactory (484)
[2021.01.05-17.48.33:517][998]LogModuleManager: Shutting down and abandoning module WebMMediaFactory (482)
[2021.01.05-17.48.33:518][998]LogModuleManager: Shutting down and abandoning module WebMMedia (480)
[2021.01.05-17.48.33:519][998]LogModuleManager: Shutting down and abandoning module OpenExrWrapper (478)
[2021.01.05-17.48.33:522][998]LogModuleManager: Shutting down and abandoning module ImgMediaFactory (476)
[2021.01.05-17.48.33:528][998]LogModuleManager: Shutting down and abandoning module AvfMediaFactory (474)
[2021.01.05-17.48.33:529][998]LogModuleManager: Shutting down and abandoning module MagicLeapMediaCodecFactory (472)
[2021.01.05-17.48.33:530][998]LogModuleManager: Shutting down and abandoning module MagicLeapMediaFactory (470)
[2021.01.05-17.48.33:531][998]LogModuleManager: Shutting down and abandoning module PlanarCut (468)
[2021.01.05-17.48.33:532][998]LogModuleManager: Shutting down and abandoning module CharacterAI (466)
[2021.01.05-17.48.33:533][998]LogModuleManager: Shutting down and abandoning module SessionServices (464)
[2021.01.05-17.48.33:534][998]LogModuleManager: Shutting down and abandoning module MovieSceneCapture (462)
[2021.01.05-17.48.33:535][998]LogModuleManager: Shutting down and abandoning module LiveCoding (460)
[2021.01.05-17.48.33:536][998]LogModuleManager: Shutting down and abandoning module LevelSequence (458)
[2021.01.05-17.48.33:542][998]LogModuleManager: Shutting down and abandoning module MovieSceneTracks (456)
[2021.01.05-17.48.33:544][998]LogModuleManager: Shutting down and abandoning module MovieScene (454)
[2021.01.05-17.48.33:544][998]LogModuleManager: Shutting down and abandoning module StreamingPauseRendering (452)
[2021.01.05-17.48.33:546][998]LogModuleManager: Shutting down and abandoning module PortalServices (450)
[2021.01.05-17.48.33:547][998]LogModuleManager: Shutting down and abandoning module PortalRpc (448)
[2021.01.05-17.48.33:549][998]LogModuleManager: Shutting down and abandoning module MessagingRpc (446)
[2021.01.05-17.48.33:550][998]LogModuleManager: Shutting down and abandoning module AudioMixerXAudio2 (444)
[2021.01.05-17.48.33:557][998]LogModuleManager: Shutting down and abandoning module AudioMixerCore (443)
[2021.01.05-17.48.33:558][998]LogModuleManager: Shutting down and abandoning module ProfilerService (440)
[2021.01.05-17.48.33:762][998]LogModuleManager: Shutting down and abandoning module TaskGraph (438)
[2021.01.05-17.48.33:762][998]LogModuleManager: Shutting down and abandoning module Synthesis (436)
[2021.01.05-17.48.33:765][998]LogModuleManager: Shutting down and abandoning module ProceduralMeshComponent (434)
[2021.01.05-17.48.33:766][998]LogModuleManager: Shutting down and abandoning module OculusInput (432)
[2021.01.05-17.48.33:766][998]LogModuleManager: Shutting down and abandoning module MobilePatchingUtils (430)
[2021.01.05-17.48.33:767][998]LogModuleManager: Shutting down and abandoning module GooglePAD (428)
[2021.01.05-17.48.33:768][998]LogModuleManager: Shutting down and abandoning module EditableMesh (426)
[2021.01.05-17.48.33:769][998]LogModuleManager: Shutting down and abandoning module CustomMeshComponent (424)
[2021.01.05-17.48.33:770][998]LogModuleManager: Shutting down and abandoning module CableComponent (422)
[2021.01.05-17.48.33:771][998]LogModuleManager: Shutting down and abandoning module AudioCapture (420)
[2021.01.05-17.48.33:772][998]LogModuleManager: Shutting down and abandoning module AudioCaptureRtAudio (419)
[2021.01.05-17.48.33:774][998]LogModuleManager: Shutting down and abandoning module AssetTags (416)
[2021.01.05-17.48.33:781][998]LogModuleManager: Shutting down and abandoning module ArchVisCharacter (414)
[2021.01.05-17.48.33:781][998]LogModuleManager: Shutting down and abandoning module AppleImageUtilsBlueprintSupport (412)
[2021.01.05-17.48.33:782][998]LogModuleManager: Shutting down and abandoning module AppleImageUtils (410)
[2021.01.05-17.48.33:783][998]LogModuleManager: Shutting down and abandoning module AndroidPermission (408)
[2021.01.05-17.48.33:784][998]LogModuleManager: Shutting down and abandoning module NUTUnrealEngine4 (406)
[2021.01.05-17.48.33:785][998]LogModuleManager: Shutting down and abandoning module NetcodeUnitTest (404)
[2021.01.05-17.48.33:786][998]LogModuleManager: Shutting down and abandoning module TemplateSequence (402)
[2021.01.05-17.48.33:787][998]LogModuleManager: Shutting down and abandoning module MovieRenderPipelineRenderPasses (400)
[2021.01.05-17.48.33:788][998]LogModuleManager: Shutting down and abandoning module MovieRenderPipelineSettings (398)
[2021.01.05-17.48.33:795][998]LogModuleManager: Shutting down and abandoning module MovieRenderPipelineCore (396)
[2021.01.05-17.48.33:796][998]LogModuleManager: Shutting down and abandoning module ImageWriteQueue (395)
[2021.01.05-17.48.33:800][998]LogModuleManager: Shutting down and abandoning module MediaCompositing (392)
[2021.01.05-17.48.33:800][998]LogModuleManager: Shutting down and abandoning module ImgMedia (390)
[2021.01.05-17.48.33:802][998]LogModuleManager: Shutting down and abandoning module MagicLeapSharedWorld (388)
[2021.01.05-17.48.33:802][998]LogModuleManager: Shutting down and abandoning module MagicLeapLightEstimation (386)
[2021.01.05-17.48.33:804][998]LogModuleManager: Shutting down and abandoning module MagicLeapHelperVulkan (384)
[2021.01.05-17.48.33:810][998]LogModuleManager: Shutting down and abandoning module MagicLeapHelperOpenGL (382)
[2021.01.05-17.48.33:811][998]LogModuleManager: Shutting down and abandoning module MagicLeapAudio (380)
[2021.01.05-17.48.33:812][998]LogModuleManager: Shutting down and abandoning module MeshSolverUtilities (378)
[2021.01.05-17.48.33:813][998]LogModuleManager: Shutting down and abandoning module MeshConversion (376)
[2021.01.05-17.48.33:814][998]LogModuleManager: Shutting down and abandoning module DynamicMesh (374)
[2021.01.05-17.48.33:815][998]LogModuleManager: Shutting down and abandoning module GeometryAlgorithms (372)
[2021.01.05-17.48.33:815][998]LogModuleManager: Shutting down and abandoning module GeometricObjects (370)
[2021.01.05-17.48.33:816][998]LogModuleManager: Shutting down and abandoning module GeometryCollectionTracks (368)
[2021.01.05-17.48.33:817][998]LogModuleManager: Shutting down and abandoning module GeometryCollectionSequencer (367)
[2021.01.05-17.48.33:818][998]LogModuleManager: Shutting down and abandoning module GeometryCacheTracks (364)
[2021.01.05-17.48.33:824][998]LogModuleManager: Shutting down and abandoning module GeometryCacheSequencer (363)
[2021.01.05-17.48.33:826][998]LogModuleManager: Shutting down and abandoning module GeometryCache (360)
[2021.01.05-17.48.33:827][998]LogModuleManager: Shutting down and abandoning module GeometryCacheEd (359)
[2021.01.05-17.48.33:828][998]LogModuleManager: Shutting down and abandoning module ChaosNiagara (356)
[2021.01.05-17.48.33:829][998]LogModuleManager: Shutting down and abandoning module ChaosCloth (354)
[2021.01.05-17.48.33:830][998]LogModuleManager: Shutting down and abandoning module BackChannel (352)
[2021.01.05-17.48.33:831][998]LogModuleManager: Shutting down and abandoning module AutomationUtils (350)
[2021.01.05-17.48.33:832][998]LogModuleManager: Shutting down and abandoning module VisualStudioSourceCodeAccess (348)
[2021.01.05-17.48.33:833][998]LogModuleManager: Shutting down and abandoning module HotReload (347)
[2021.01.05-17.48.33:840][998]LogModuleManager: Shutting down and abandoning module VisualStudioCodeSourceCodeAccess (344)
[2021.01.05-17.48.33:841][998]LogModuleManager: Shutting down and abandoning module UObjectPlugin (342)
[2021.01.05-17.48.33:843][998]LogModuleManager: Shutting down and abandoning module SubversionSourceControl (340)
[2021.01.05-17.48.33:844][998]LogModuleManager: Shutting down and abandoning module RiderSourceCodeAccess (338)
[2021.01.05-17.48.33:845][998]LogModuleManager: Shutting down and abandoning module PerforceSourceControl (336)
[2021.01.05-17.48.33:846][998]LogModuleManager: Shutting down and abandoning module SourceControl (335)
[2021.01.05-17.48.33:851][998]LogModuleManager: Shutting down and abandoning module CLionSourceCodeAccess (332)
[2021.01.05-17.48.33:852][998]LogModuleManager: Shutting down and abandoning module ActorLayerUtilities (330)
[2021.01.05-17.48.33:854][998]LogModuleManager: Shutting down and abandoning module Puzzles (328)
[2021.01.05-17.48.33:855][998]LogModuleManager: Shutting down and abandoning module SoundFields (326)
[2021.01.05-17.48.33:856][998]LogModuleManager: Shutting down and abandoning module SignificanceManager (324)
[2021.01.05-17.48.33:857][998]LogModuleManager: Shutting down and abandoning module RuntimePhysXCooking (322)
[2021.01.05-17.48.33:859][998]LogModuleManager: Shutting down and abandoning module PhysXVehiclesEditor (320)
[2021.01.05-17.48.33:864][998]LogModuleManager: Shutting down and abandoning module LocationServicesBPLibrary (316)
[2021.01.05-17.48.33:865][998]LogModuleManager: Shutting down and abandoning module ActorSequence (314)
[2021.01.05-17.48.33:866][998]LogModuleManager: Shutting down and abandoning module UdpMessaging (312)
[2021.01.05-17.48.33:867][998]LogModuleManager: Shutting down and abandoning module TcpMessaging (310)
[2021.01.05-17.48.33:868][998]LogModuleManager: Shutting down and abandoning module MagicLeapARPin (308)
[2021.01.05-17.48.33:872][998]LogModuleManager: Shutting down and abandoning module MagicLeapHandMeshing (306)
[2021.01.05-17.48.33:874][998]LogModuleManager: Shutting down and abandoning module MagicLeapSecureStorage (304)
[2021.01.05-17.48.33:881][998]LogModuleManager: Shutting down and abandoning module MagicLeapPrivileges (302)
[2021.01.05-17.48.33:883][998]LogModuleManager: Shutting down and abandoning module MagicLeapPlanes (300)
[2021.01.05-17.48.33:885][998]LogMagicLeapPlanes: Planes tracker already destroyed.
[2021.01.05-17.48.33:887][998]LogModuleManager: Shutting down and abandoning module MagicLeapImageTracker (298)
[2021.01.05-17.48.33:888][998]LogModuleManager: Shutting down and abandoning module MagicLeapIdentity (296)
[2021.01.05-17.48.33:891][998]LogModuleManager: Shutting down and abandoning module MagicLeapHandTracking (294)
[2021.01.05-17.48.33:898][998]LogModuleManager: Shutting down and abandoning module MagicLeapEyeTracker (292)
[2021.01.05-17.48.33:899][998]LogModuleManager: Shutting down and abandoning module MagicLeapController (290)
[2021.01.05-17.48.33:900][998]LogSlate: Slate User Destroyed.  User Index 0, Is Virtual User: 0
[2021.01.05-17.48.33:901][998]LogModuleManager: Shutting down and abandoning module MagicLeapARPinImpl (288)
[2021.01.05-17.48.33:902][998]LogModuleManager: Shutting down and abandoning module MagicLeapAR (286)
[2021.01.05-17.48.33:903][998]LogModuleManager: Shutting down and abandoning module AugmentedReality (285)
[2021.01.05-17.48.33:904][998]LogModuleManager: Shutting down and abandoning module NiagaraAnimNotifies (282)
[2021.01.05-17.48.33:905][998]LogModuleManager: Shutting down and abandoning module Niagara (280)
[2021.01.05-17.48.33:912][998]LogModuleManager: Shutting down and abandoning module SignalProcessing (279)
[2021.01.05-17.48.33:913][998]LogModuleManager: Shutting down and abandoning module NiagaraEditor (277)
[2021.01.05-17.48.33:915][998]LogModuleManager: Shutting down and abandoning module NiagaraCore (274)
[2021.01.05-17.48.33:915][998]LogModuleManager: Shutting down and abandoning module GameplayTagsEditor (272)
[2021.01.05-17.48.33:916][998]LogModuleManager: Shutting down and abandoning module FacialAnimation (270)
[2021.01.05-17.48.33:917][998]LogModuleManager: Shutting down and abandoning module AssetManagerEditor (268)
[2021.01.05-17.48.33:918][998]LogModuleManager: Shutting down and abandoning module TreeMap (267)
[2021.01.05-17.48.33:919][998]LogModuleManager: Shutting down and abandoning module AnimationSharing (264)
[2021.01.05-17.48.33:920][998]LogModuleManager: Shutting down and abandoning module LightPropagationVolumeRuntime (262)
[2021.01.05-17.48.33:921][998]LogModuleManager: Shutting down and abandoning module Paper2D (260)
[2021.01.05-17.48.33:928][998]LogModuleManager: Shutting down and abandoning module WindowsMoviePlayer (258)
[2021.01.05-17.48.33:930][998]LogModuleManager: Shutting down and abandoning module WebMMoviePlayer (256)
[2021.01.05-17.48.33:930][998]LogModuleManager: Shutting down and abandoning module NetworkReplayStreaming (254)
[2021.01.05-17.48.33:931][998]LogModuleManager: Shutting down and abandoning module PacketHandler (252)
[2021.01.05-17.48.33:932][998]LogModuleManager: Shutting down and abandoning module ClothingSystemEditor (250)
[2021.01.05-17.48.33:933][998]LogModuleManager: Shutting down and abandoning module ClothingSystemRuntimeNv (248)
[2021.01.05-17.48.33:934][998]LogModuleManager: Shutting down and abandoning module MediaAssets (246)
[2021.01.05-17.48.33:935][998]LogModuleManager: Shutting down and abandoning module Overlay (244)
[2021.01.05-17.48.33:941][998]LogModuleManager: Shutting down and abandoning module OverlayEditor (243)
[2021.01.05-17.48.33:943][998]LogModuleManager: Shutting down and abandoning module VREditor (240)
[2021.01.05-17.48.33:944][998]LogModuleManager: Shutting down and abandoning module StringTableEditor (238)
[2021.01.05-17.48.33:945][998]LogModuleManager: Shutting down and abandoning module GameplayTasksEditor (236)
[2021.01.05-17.48.33:946][998]LogModuleManager: Shutting down and abandoning module BehaviorTreeEditor (234)
[2021.01.05-17.48.33:947][998]LogModuleManager: Shutting down and abandoning module FunctionalTesting (232)
[2021.01.05-17.48.33:949][998]LogModuleManager: Shutting down and abandoning module CollisionAnalyzer (230)
[2021.01.05-17.48.33:949][998]LogModuleManager: Shutting down and abandoning module UMG (228)
[2021.01.05-17.48.33:950][998]LogModuleManager: Shutting down and abandoning module UMGEditor (227)
[2021.01.05-17.48.33:956][998]LogModuleManager: Shutting down and abandoning module Sequencer (226)
[2021.01.05-17.48.33:957][998]LogModuleManager: Shutting down and abandoning module MessageLog (223)
[2021.01.05-17.48.33:958][998]LogModuleManager: Shutting down and abandoning module MaterialEditor (221)
[2021.01.05-17.48.33:960][998]LogModuleManager: Shutting down and abandoning module ContentBrowser (220)
[2021.01.05-17.48.33:961][998]LogModuleManager: Shutting down and abandoning module WorkspaceMenuStructure (219)
[2021.01.05-17.48.33:962][998]LogModuleManager: Shutting down and abandoning module CollectionManager (217)
[2021.01.05-17.48.33:966][998]LogModuleManager: Shutting down and abandoning module DirectoryWatcher (216)
[2021.01.05-17.48.33:967][998]LogModuleManager: Shutting down and abandoning module SlateReflector (208)
[2021.01.05-17.48.33:968][998]LogModuleManager: Shutting down and abandoning module Slate (206)
[2021.01.05-17.48.33:969][998]LogModuleManager: Shutting down and abandoning module SlateCore (204)
[2021.01.05-17.48.33:970][998]LogModuleManager: Shutting down and abandoning module LandscapeEditorUtilities (202)
[2021.01.05-17.48.33:971][998]LogModuleManager: Shutting down and abandoning module EditorStyle (200)
[2021.01.05-17.48.33:976][998]LogModuleManager: Shutting down and abandoning module UnrealEd (198)
[2021.01.05-17.48.33:979][998]LogModuleManager: Shutting down and abandoning module MRMesh (196)
[2021.01.05-17.48.33:980][998]LogModuleManager: Shutting down and abandoning module Messaging (194)
[2021.01.05-17.48.33:981][998]LogModuleManager: Shutting down and abandoning module SourceCodeAccess (192)
[2021.01.05-17.48.33:982][998]LogModuleManager: Shutting down and abandoning module HeadMountedDisplay (190)
[2021.01.05-17.48.33:983][998]LogModuleManager: Shutting down and abandoning module XAudio2 (188)
[2021.01.05-17.48.33:984][998]LogModuleManager: Shutting down and abandoning module Networking (186)
[2021.01.05-17.48.33:984][998]LogModuleManager: Shutting down and abandoning module Core (184)
[2021.01.05-17.48.33:986][998]LogModuleManager: Shutting down and abandoning module MovieSceneTools (182)
[2021.01.05-17.48.33:987][998]LogModuleManager: Shutting down and abandoning module KismetCompiler (180)
[2021.01.05-17.48.33:988][998]LogModuleManager: Shutting down and abandoning module MeshBuilder (178)
[2021.01.05-17.48.33:989][998]LogModuleManager: Shutting down and abandoning module MeshUtilities (176)
[2021.01.05-17.48.33:996][998]LogModuleManager: Shutting down and abandoning module MeshMergeUtilities (175)
[2021.01.05-17.48.33:996][998]LogModuleManager: Shutting down and abandoning module MeshReductionInterface (174)
[2021.01.05-17.48.33:997][998]LogModuleManager: Shutting down and abandoning module MeshBoneReduction (173)
[2021.01.05-17.48.33:998][998]LogModuleManager: Shutting down and abandoning module SkeletalMeshReduction (171)
[2021.01.05-17.48.33:999][998]LogModuleManager: Shutting down and abandoning module ProxyLODMeshReduction (169)
[2021.01.05-17.48.34:000][998]LogModuleManager: Shutting down and abandoning module QuadricMeshReduction (167)
[2021.01.05-17.48.34:001][998]LogModuleManager: Shutting down and abandoning module MaterialBaking (163)
[2021.01.05-17.48.34:002][998]LogModuleManager: Shutting down and abandoning module NullInstallBundleManager (158)
[2021.01.05-17.48.34:003][998]LogModuleManager: Shutting down and abandoning module PIEPreviewDeviceProfileSelector (156)
[2021.01.05-17.48.34:005][998]LogModuleManager: Shutting down and abandoning module DerivedDataCache (154)
[2021.01.05-17.48.34:012][998]LogModuleManager: Shutting down and abandoning module XGEController (152)
[2021.01.05-17.48.34:013][998]LogModuleManager: Shutting down and abandoning module TargetPlatform (150)
[2021.01.05-17.48.34:014][998]LogModuleManager: Shutting down and abandoning module VulkanShaderFormat (149)
[2021.01.05-17.48.34:015][998]LogModuleManager: Shutting down and abandoning module ShaderFormatVectorVM (147)
[2021.01.05-17.48.34:016][998]LogModuleManager: Shutting down and abandoning module ShaderFormatOpenGL (145)
[2021.01.05-17.48.34:017][998]LogModuleManager: Shutting down and abandoning module ShaderFormatD3D (143)
[2021.01.05-17.48.34:018][998]LogModuleManager: Shutting down and abandoning module MetalShaderFormat (141)
[2021.01.05-17.48.34:019][998]LogModuleManager: Shutting down and abandoning module TextureFormatUncompressed (139)
[2021.01.05-17.48.34:020][998]LogModuleManager: Shutting down and abandoning module TextureFormatPVR (137)
[2021.01.05-17.48.34:025][998]LogModuleManager: Shutting down and abandoning module TextureFormatDXT (135)
[2021.01.05-17.48.34:027][998]LogModuleManager: Shutting down and abandoning module TextureFormatIntelISPCTexComp (133)
[2021.01.05-17.48.34:028][998]LogModuleManager: Shutting down and abandoning module TextureFormatASTC (131)
[2021.01.05-17.48.34:029][998]LogModuleManager: Shutting down and abandoning module ImageWrapper (130)
[2021.01.05-17.48.34:030][998]LogModuleManager: Shutting down and abandoning module TextureFormatAndroid (127)
[2021.01.05-17.48.34:031][998]LogModuleManager: Shutting down and abandoning module AudioFormatOpus (125)
[2021.01.05-17.48.34:032][998]LogModuleManager: Shutting down and abandoning module AudioFormatOgg (123)
[2021.01.05-17.48.34:033][998]LogModuleManager: Shutting down and abandoning module AudioFormatADPCM (121)
[2021.01.05-17.48.34:035][998]LogModuleManager: Shutting down and abandoning module WindowsServerTargetPlatform (119)
[2021.01.05-17.48.34:039][998]LogModuleManager: Shutting down and abandoning module WindowsClientTargetPlatform (117)
[2021.01.05-17.48.34:040][998]LogModuleManager: Shutting down and abandoning module WindowsTargetPlatform (115)
[2021.01.05-17.48.34:043][998]LogModuleManager: Shutting down and abandoning module WindowsNoEditorTargetPlatform (113)
[2021.01.05-17.48.34:043][998]LogModuleManager: Shutting down and abandoning module InputCore (110)
[2021.01.05-17.48.34:044][998]LogModuleManager: Shutting down and abandoning module Settings (108)
[2021.01.05-17.48.34:046][998]LogModuleManager: Shutting down and abandoning module PhysXCooking (106)
[2021.01.05-17.48.34:049][998]LogModuleManager: Shutting down and abandoning module ChaosSolvers (104)
[2021.01.05-17.48.34:051][998]LogModuleManager: Shutting down and abandoning module FieldSystemEngine (103)
[2021.01.05-17.48.34:052][998]LogModuleManager: Shutting down and abandoning module Chaos (100)
[2021.01.05-17.48.34:053][998]LogModuleManager: Shutting down and abandoning module WindowsPlatformFeatures (98)
[2021.01.05-17.48.34:054][998]LogModuleManager: Shutting down and abandoning module GameplayMediaEncoder (97)
[2021.01.05-17.48.34:055][998]LogModuleManager: Shutting down and abandoning module AVEncoder (96)
[2021.01.05-17.48.34:057][998]LogModuleManager: Shutting down and abandoning module SteamVRInputDevice (92)
[2021.01.05-17.48.34:058][998]LogModuleManager: Shutting down and abandoning module SteamVRInput (90)
[2021.01.05-17.48.34:063][998]LogModuleManager: Shutting down and abandoning module SteamVR (88)
[2021.01.05-17.48.34:064][998]LogHMD: Freeing OpenVRDLLHandle.
[2021.01.05-17.48.34:065][998]LogModuleManager: Shutting down and abandoning module OculusHMD (86)
[2021.01.05-17.48.34:066][998]LogModuleManager: Shutting down and abandoning module ExampleDeviceProfileSelector (84)
[2021.01.05-17.48.34:067][998]LogModuleManager: Shutting down and abandoning module LauncherChunkInstaller (82)
[2021.01.05-17.48.34:068][998]LogModuleManager: Shutting down and abandoning module OnlineBlueprintSupport (80)
[2021.01.05-17.48.34:069][998]LogModuleManager: Shutting down and abandoning module OnlineSubsystem (76)
[2021.01.05-17.48.34:072][998]LogModuleManager: Shutting down and abandoning module XMPP (71)
[2021.01.05-17.48.34:079][998]LogModuleManager: Shutting down and abandoning module WebSockets (70)
[2021.01.05-17.48.34:097][998]LogModuleManager: Shutting down and abandoning module HTTP (67)
[2021.01.05-17.48.34:130][998]LogModuleManager: Shutting down and abandoning module SSL (66)
[2021.01.05-17.48.34:134][998]LogModuleManager: Shutting down and abandoning module WmfMedia (62)
[2021.01.05-17.48.34:139][998]LogModuleManager: Shutting down and abandoning module Media (61)
[2021.01.05-17.48.34:142][998]LogModuleManager: Shutting down and abandoning module MagicLeap (58)
[2021.01.05-17.48.34:144][998]LogModuleManager: Shutting down and abandoning module NiagaraVertexFactories (56)
[2021.01.05-17.48.34:145][998]LogModuleManager: Shutting down and abandoning module NiagaraShader (54)
[2021.01.05-17.48.34:145][998]LogModuleManager: Shutting down and abandoning module VariantManagerContent (52)
[2021.01.05-17.48.34:146][998]LogModuleManager: Shutting down and abandoning module DatasmithContent (50)
[2021.01.05-17.48.34:148][998]LogModuleManager: Shutting down and abandoning module AISupportModule (48)
[2021.01.05-17.48.34:148][998]LogModuleManager: Shutting down and abandoning module DesktopPlatform (46)
[2021.01.05-17.48.34:149][998]LogModuleManager: Shutting down and abandoning module PlatformCryptoOpenSSL (44)
[2021.01.05-17.48.34:150][998]LogModuleManager: Shutting down and abandoning module PlatformCryptoTypes (42)
[2021.01.05-17.48.34:152][998]LogModuleManager: Shutting down and abandoning module PlatformCrypto (40)
[2021.01.05-17.48.34:157][998]LogModuleManager: Shutting down and abandoning module AnimationModifiers (38)
[2021.01.05-17.48.34:159][998]LogModuleManager: Shutting down and abandoning module PropertyEditor (37)
[2021.01.05-17.48.34:160][998]LogModuleManager: Shutting down and abandoning module AudioEditor (34)
[2021.01.05-17.48.34:162][998]LogModuleManager: Shutting down and abandoning module TextureCompressor (32)
[2021.01.05-17.48.34:163][998]LogModuleManager: Shutting down and abandoning module RenderCore (30)
[2021.01.05-17.48.34:163][998]LogModuleManager: Shutting down and abandoning module Landscape (28)
[2021.01.05-17.48.34:164][998]LogModuleManager: Shutting down and abandoning module SlateRHIRenderer (26)
[2021.01.05-17.48.34:166][998]LogModuleManager: Shutting down and abandoning module OpenGLDrv (24)
[2021.01.05-17.48.34:170][998]LogModuleManager: Shutting down and abandoning module D3D11RHI (22)
[2021.01.05-17.48.34:172][998]LogModuleManager: Shutting down and abandoning module AnimGraphRuntime (20)
[2021.01.05-17.48.34:173][998]LogModuleManager: Shutting down and abandoning module Renderer (18)
[2021.01.05-17.48.34:175][998]LogModuleManager: Shutting down and abandoning module Engine (16)
[2021.01.05-17.48.34:176][998]LogModuleManager: Shutting down and abandoning module CoreUObject (14)
[2021.01.05-17.48.34:178][998]LogModuleManager: Shutting down and abandoning module NetworkFile (12)
[2021.01.05-17.48.34:183][998]LogModuleManager: Shutting down and abandoning module CookedIterativeFile (10)
[2021.01.05-17.48.34:184][998]LogModuleManager: Shutting down and abandoning module StreamingFile (8)
[2021.01.05-17.48.34:186][998]LogModuleManager: Shutting down and abandoning module SandboxFile (6)
[2021.01.05-17.48.34:187][998]LogModuleManager: Shutting down and abandoning module PakFile (4)
[2021.01.05-17.48.34:188][998]LogModuleManager: Shutting down and abandoning module RSA (3)
[2021.01.05-17.48.34:428][998]LogContentStreaming: Display: There are 1 unreleased StreamingManagers
[2021.01.05-17.48.34:434][998]LogD3D11RHI: Shutdown
[2021.01.05-17.48.34:434][998]LogD3D11RHI: CleanupD3DDevice
[2021.01.05-17.48.34:505][998]LogExit: Exiting.
[2021.01.05-17.48.34:574][998]Log file closed, 01/05/21 12:48:34
