Log file open, 01/04/21 22:47:41
LogInit: Display: Running engine for game: Puzzles
LogPlatformFile: Not using cached read wrapper
LogTaskGraph: Started task graph with 5 named threads and 11 total threads with 3 sets of task threads.
LogStats: Stats thread started at 0.528233
LogD3D11RHI: Loaded GFSDK_Aftermath_Lib.x64.dll
LogICUInternationalization: ICU TimeZone Detection - Raw Offset: -5:00, Platform Override: ''
LogPluginManager: Mounting plugin Paper2D
LogPluginManager: Mounting plugin AISupport
LogPluginManager: Mounting plugin LightPropagationVolume
LogPluginManager: Mounting plugin CameraShakePreviewer
LogPluginManager: Mounting plugin ActorLayerUtilities
LogPluginManager: Mounting plugin AnimationSharing
LogPluginManager: Mounting plugin CLionSourceCodeAccess
LogPluginManager: Mounting plugin CodeLiteSourceCodeAccess
LogPluginManager: Mounting plugin GitSourceControl
LogPluginManager: Mounting plugin KDevelopSourceCodeAccess
LogPluginManager: Mounting plugin NullSourceCodeAccess
LogPluginManager: Mounting plugin PerforceSourceControl
LogPluginManager: Mounting plugin PlasticSourceControl
LogPluginManager: Mounting plugin RiderSourceCodeAccess
LogPluginManager: Mounting plugin SubversionSourceControl
LogPluginManager: Mounting plugin UObjectPlugin
LogPluginManager: Mounting plugin VisualStudioCodeSourceCodeAccess
LogPluginManager: Mounting plugin VisualStudioSourceCodeAccess
LogPluginManager: Mounting plugin XCodeSourceCodeAccess
LogPluginManager: Mounting plugin AssetManagerEditor
LogPluginManager: Mounting plugin CryptoKeys
LogPluginManager: Mounting plugin CurveEditorTools
LogPluginManager: Mounting plugin DataValidation
LogPluginManager: Mounting plugin EditorScriptingUtilities
LogPluginManager: Mounting plugin FacialAnimation
LogPluginManager: Mounting plugin GameplayTagsEditor
LogPluginManager: Mounting plugin GeometryMode
LogPluginManager: Mounting plugin MacGraphicsSwitching
LogPluginManager: Mounting plugin MaterialAnalyzer
LogPluginManager: Mounting plugin MobileLauncherProfileWizard
LogPluginManager: Mounting plugin PluginBrowser
LogPluginManager: Mounting plugin SpeedTreeImporter
LogPluginManager: Mounting plugin DatasmithContent
LogPluginManager: Mounting plugin VariantManagerContent
LogPluginManager: Mounting plugin AlembicImporter
LogPluginManager: Mounting plugin AutomationUtils
LogPluginManager: Mounting plugin BackChannel
LogPluginManager: Mounting plugin ChaosCloth
LogPluginManager: Mounting plugin ChaosClothEditor
LogPluginManager: Mounting plugin ChaosEditor
LogPluginManager: Mounting plugin ChaosNiagara
LogPluginManager: Mounting plugin ChaosSolverPlugin
LogPluginManager: Mounting plugin CharacterAI
LogPluginManager: Mounting plugin GeometryCache
LogPluginManager: Mounting plugin GeometryCollectionPlugin
LogPluginManager: Mounting plugin GeometryProcessing
LogPluginManager: Mounting plugin PlanarCut
LogPluginManager: Mounting plugin PlatformCrypto
LogPluginManager: Mounting plugin ProxyLODPlugin
LogPluginManager: Mounting plugin SkeletalReduction
LogPluginManager: Mounting plugin Niagara
LogPluginManager: Mounting plugin MagicLeap
LogPluginManager: Mounting plugin MagicLeapLightEstimation
LogPluginManager: Mounting plugin MagicLeapMedia
LogPluginManager: Mounting plugin MagicLeapPassableWorld
LogPluginManager: Mounting plugin MLSDK
LogPluginManager: Mounting plugin AndroidMedia
LogPluginManager: Mounting plugin AvfMedia
LogPluginManager: Mounting plugin ImgMedia
LogPluginManager: Mounting plugin MediaCompositing
LogPluginManager: Mounting plugin MediaPlayerEditor
LogPluginManager: Mounting plugin WebMMedia
LogPluginManager: Mounting plugin WmfMedia
LogPluginManager: Mounting plugin MeshPainting
LogPluginManager: Mounting plugin TcpMessaging
LogPluginManager: Mounting plugin UdpMessaging
LogPluginManager: Mounting plugin ActorSequence
LogPluginManager: Mounting plugin LevelSequenceEditor
LogPluginManager: Mounting plugin MatineeToLevelSequence
LogPluginManager: Mounting plugin MovieRenderPipeline
LogPluginManager: Mounting plugin TemplateSequence
LogPluginManager: Mounting plugin NetcodeUnitTest
LogPluginManager: Mounting plugin NUTUnrealEngine4
LogPluginManager: Mounting plugin OnlineSubsystemGooglePlay
LogPluginManager: Mounting plugin OnlineSubsystemIOS
LogPluginManager: Mounting plugin OnlineSubsystem
LogPluginManager: Mounting plugin OnlineSubsystemNull
LogPluginManager: Mounting plugin OnlineSubsystemUtils
LogPluginManager: Mounting plugin LauncherChunkInstaller
LogPluginManager: Mounting plugin AndroidDeviceProfileSelector
LogPluginManager: Mounting plugin AndroidMoviePlayer
LogPluginManager: Mounting plugin AndroidPermission
LogPluginManager: Mounting plugin AppleImageUtils
LogPluginManager: Mounting plugin AppleMoviePlayer
LogPluginManager: Mounting plugin ArchVisCharacter
LogPluginManager: Mounting plugin AssetTags
LogPluginManager: Mounting plugin AudioCapture
LogPluginManager: Mounting plugin CableComponent
LogPluginManager: Mounting plugin CustomMeshComponent
LogPluginManager: Mounting plugin EditableMesh
LogPluginManager: Mounting plugin ExampleDeviceProfileSelector
LogPluginManager: Mounting plugin GoogleCloudMessaging
LogPluginManager: Mounting plugin GooglePAD
LogPluginManager: Mounting plugin IOSDeviceProfileSelector
LogPluginManager: Mounting plugin LinuxDeviceProfileSelector
LogPluginManager: Mounting plugin LocationServicesBPLibrary
LogPluginManager: Mounting plugin MobilePatchingUtils
LogPluginManager: Mounting plugin OculusVR
LogPluginManager: Mounting plugin PhysXVehicles
LogPluginManager: Mounting plugin PostSplashScreen
LogPluginManager: Mounting plugin ProceduralMeshComponent
LogPluginManager: Mounting plugin RuntimePhysXCooking
LogPluginManager: Mounting plugin SignificanceManager
LogPluginManager: Mounting plugin SoundFields
LogPluginManager: Mounting plugin SteamVR
LogPluginManager: Mounting plugin Synthesis
LogPluginManager: Mounting plugin WebMMoviePlayer
LogPluginManager: Mounting plugin WindowsMoviePlayer
LogPluginManager: Mounting plugin ScreenshotTools
LogInit: Using libcurl 7.55.1-DEV
LogInit:  - built for x86_64-pc-win32
LogInit:  - supports SSL with OpenSSL/1.1.1
LogInit:  - supports HTTP deflate (compression) using libz 1.2.8
LogInit:  - other features:
LogInit:      CURL_VERSION_SSL
LogInit:      CURL_VERSION_LIBZ
LogInit:      CURL_VERSION_IPV6
LogInit:      CURL_VERSION_ASYNCHDNS
LogInit:      CURL_VERSION_LARGEFILE
LogInit:      CURL_VERSION_IDN
LogInit:  CurlRequestOptions (configurable via config and command line):
LogInit:  - bVerifyPeer = true  - Libcurl will verify peer certificate
LogInit:  - bUseHttpProxy = false  - Libcurl will NOT use HTTP proxy
LogInit:  - bDontReuseConnections = false  - Libcurl will reuse connections
LogInit:  - MaxHostConnections = 16  - Libcurl will limit the number of connections to a host
LogInit:  - LocalHostAddr = Default
LogInit:  - BufferSize = 65536
LogOnline: OSS: Creating online subsystem instance for: NULL
LogInit: WinSock: version 1.1 (2.2), MaxSocks=32767, MaxUdp=65467
LogOnline: OSS: TryLoadSubsystemAndSetDefault: Loaded subsystem for module [NULL]
LogInit: Build: ++UE4+Release-4.25-CL-14469661
LogInit: Engine Version: 4.25.4-14469661+++UE4+Release-4.25
LogInit: Compatible Engine Version: 4.25.0-13144385+++UE4+Release-4.25
LogInit: Net CL: 13144385
LogInit: OS: Windows 10 (Release 1909) (), CPU: Intel(R) Core(TM) i7-7500U CPU @ 2.70GHz, GPU: Intel(R) HD Graphics 620
LogInit: Compiled (64-bit): Oct 11 2020 08:10:49
LogInit: Compiled with Visual C++: 19.24.28315.00
LogInit: Build Configuration: Development
LogInit: Branch Name: ++UE4+Release-4.25
LogInit: Command Line: -log -game
LogInit: Base Directory: C:/Program Files/Epic Games/UE_4.25/Engine/Binaries/Win64/
LogInit: Allocator: TBB
LogInit: Installed Engine Build: 1
LogDevObjectVersion: Number of dev versions registered: 26
LogDevObjectVersion:   Dev-Blueprints (B0D832E4-1F89-4F0D-ACCF-7EB736FD4AA2): 10
LogDevObjectVersion:   Dev-Build (E1C64328-A22C-4D53-A36C-8E866417BD8C): 0
LogDevObjectVersion:   Dev-Core (375EC13C-06E4-48FB-B500-84F0262A717E): 4
LogDevObjectVersion:   Dev-Editor (E4B068ED-F494-42E9-A231-DA0B2E46BB41): 38
LogDevObjectVersion:   Dev-Framework (CFFC743F-43B0-4480-9391-14DF171D2073): 37
LogDevObjectVersion:   Dev-Mobile (B02B49B5-BB20-44E9-A304-32B752E40360): 2
LogDevObjectVersion:   Dev-Networking (A4E4105C-59A1-49B5-A7C5-40C4547EDFEE): 0
LogDevObjectVersion:   Dev-Online (39C831C9-5AE6-47DC-9A44-9C173E1C8E7C): 0
LogDevObjectVersion:   Dev-Physics (78F01B33-EBEA-4F98-B9B4-84EACCB95AA2): 4
LogDevObjectVersion:   Dev-Platform (6631380F-2D4D-43E0-8009-CF276956A95A): 0
LogDevObjectVersion:   Dev-Rendering (12F88B9F-8875-4AFC-A67C-D90C383ABD29): 43
LogDevObjectVersion:   Dev-Sequencer (7B5AE74C-D270-4C10-A958-57980B212A5A): 12
LogDevObjectVersion:   Dev-VR (D7296918-1DD6-4BDD-9DE2-64A83CC13884): 3
LogDevObjectVersion:   Dev-LoadTimes (C2A15278-BFE7-4AFE-6C17-90FF531DF755): 1
LogDevObjectVersion:   Private-Geometry (6EACA3D4-40EC-4CC1-B786-8BED09428FC5): 3
LogDevObjectVersion:   Dev-AnimPhys (29E575DD-E0A3-4627-9D10-D276232CDCEA): 17
LogDevObjectVersion:   Dev-Anim (AF43A65D-7FD3-4947-9873-3E8ED9C1BB05): 7
LogDevObjectVersion:   Dev-ReflectionCapture (6B266CEC-1EC7-4B8F-A30B-E4D90942FC07): 1
LogDevObjectVersion:   Dev-Automation (0DF73D61-A23F-47EA-B727-89E90C41499A): 1
LogDevObjectVersion:   FortniteMain (601D1886-AC64-4F84-AA16-D3DE0DEAC7D6): 31
LogDevObjectVersion:   Dev-Enterprise (9DFFBCD6-494F-0158-E221-12823C92A888): 10
LogDevObjectVersion:   Dev-Niagara (F2AED0AC-9AFE-416F-8664-AA7FFA26D6FC): 1
LogDevObjectVersion:   Dev-Destruction (174F1F0B-B4C6-45A5-B13F-2EE8D0FB917D): 10
LogDevObjectVersion:   Dev-Physics-Ext (35F94A83-E258-406C-A318-09F59610247C): 37
LogDevObjectVersion:   Dev-PhysicsMaterial-Chaos (B68FC16E-8B1B-42E2-B453-215C058844FE): 1
LogDevObjectVersion:   Dev-CineCamera (B2E18506-4273-CFC2-A54E-F4BB758BBA07): 1
LogInit: Presizing for max 25165824 objects, including 0 objects not considered by GC, pre-allocating 0 bytes for permanent pool.
LogConfig: Applying CVar settings from Section [/Script/Engine.StreamingSettings] File [C:/Users/Angelica .DESKTOP-RM5JOAJ/Documents/Learning Multiplayer/Puzzles/Puzzles/Saved/Config/Windows/Engine.ini]
LogConfig: Setting CVar [[s.MinBulkDataSizeForAsyncLoading:131072]]
LogConfig: Setting CVar [[s.AsyncLoadingThreadEnabled:0]]
LogConfig: Setting CVar [[s.EventDrivenLoaderEnabled:1]]
LogConfig: Setting CVar [[s.WarnIfTimeLimitExceeded:0]]
LogConfig: Setting CVar [[s.TimeLimitExceededMultiplier:1.5]]
LogConfig: Setting CVar [[s.TimeLimitExceededMinTime:0.005]]
LogConfig: Setting CVar [[s.UseBackgroundLevelStreaming:1]]
LogConfig: Setting CVar [[s.PriorityAsyncLoadingExtraTime:15.0]]
LogConfig: Setting CVar [[s.LevelStreamingActorsUpdateTimeLimit:5.0]]
LogConfig: Setting CVar [[s.PriorityLevelStreamingActorsUpdateExtraTime:5.0]]
LogConfig: Setting CVar [[s.LevelStreamingComponentsRegistrationGranularity:10]]
LogConfig: Setting CVar [[s.UnregisterComponentsTimeLimit:1.0]]
LogConfig: Setting CVar [[s.LevelStreamingComponentsUnregistrationGranularity:5]]
LogConfig: Setting CVar [[s.FlushStreamingOnExit:1]]
LogInit: Object subsystem initialized
LogConfig: Setting CVar [[con.DebugEarlyDefault:1]]
LogConfig: Setting CVar [[r.setres:1280x720]]
[2021.01.05-03.47.42:914][  0]LogConfig: Setting CVar [[con.DebugEarlyDefault:1]]
[2021.01.05-03.47.42:915][  0]LogConfig: Setting CVar [[r.setres:1280x720]]
[2021.01.05-03.47.42:915][  0]LogConfig: Applying CVar settings from Section [/Script/Engine.RendererSettings] File [C:/Users/Angelica .DESKTOP-RM5JOAJ/Documents/Learning Multiplayer/Puzzles/Puzzles/Saved/Config/Windows/Engine.ini]
[2021.01.05-03.47.42:916][  0]LogConfig: Setting CVar [[r.GPUCrashDebugging:0]]
[2021.01.05-03.47.42:917][  0]LogConfig: Applying CVar settings from Section [/Script/Engine.RendererOverrideSettings] File [C:/Users/Angelica .DESKTOP-RM5JOAJ/Documents/Learning Multiplayer/Puzzles/Puzzles/Saved/Config/Windows/Engine.ini]
[2021.01.05-03.47.42:917][  0]LogConfig: Applying CVar settings from Section [/Script/Engine.StreamingSettings] File [C:/Users/Angelica .DESKTOP-RM5JOAJ/Documents/Learning Multiplayer/Puzzles/Puzzles/Saved/Config/Windows/Engine.ini]
[2021.01.05-03.47.42:918][  0]LogConfig: Setting CVar [[s.MinBulkDataSizeForAsyncLoading:131072]]
[2021.01.05-03.47.42:919][  0]LogConfig: Setting CVar [[s.AsyncLoadingThreadEnabled:0]]
[2021.01.05-03.47.42:927][  0]LogConfig: Setting CVar [[s.EventDrivenLoaderEnabled:1]]
[2021.01.05-03.47.42:927][  0]LogConfig: Setting CVar [[s.WarnIfTimeLimitExceeded:0]]
[2021.01.05-03.47.42:928][  0]LogConfig: Setting CVar [[s.TimeLimitExceededMultiplier:1.5]]
[2021.01.05-03.47.42:929][  0]LogConfig: Setting CVar [[s.TimeLimitExceededMinTime:0.005]]
[2021.01.05-03.47.42:930][  0]LogConfig: Setting CVar [[s.UseBackgroundLevelStreaming:1]]
[2021.01.05-03.47.42:931][  0]LogConfig: Setting CVar [[s.PriorityAsyncLoadingExtraTime:15.0]]
[2021.01.05-03.47.42:931][  0]LogConfig: Setting CVar [[s.LevelStreamingActorsUpdateTimeLimit:5.0]]
[2021.01.05-03.47.42:932][  0]LogConfig: Setting CVar [[s.PriorityLevelStreamingActorsUpdateExtraTime:5.0]]
[2021.01.05-03.47.42:933][  0]LogConfig: Setting CVar [[s.LevelStreamingComponentsRegistrationGranularity:10]]
[2021.01.05-03.47.42:934][  0]LogConfig: Setting CVar [[s.UnregisterComponentsTimeLimit:1.0]]
[2021.01.05-03.47.42:935][  0]LogConfig: Setting CVar [[s.LevelStreamingComponentsUnregistrationGranularity:5]]
[2021.01.05-03.47.42:940][  0]LogConfig: Setting CVar [[s.FlushStreamingOnExit:1]]
[2021.01.05-03.47.42:941][  0]LogConfig: Applying CVar settings from Section [/Script/Engine.GarbageCollectionSettings] File [C:/Users/Angelica .DESKTOP-RM5JOAJ/Documents/Learning Multiplayer/Puzzles/Puzzles/Saved/Config/Windows/Engine.ini]
[2021.01.05-03.47.42:943][  0]LogConfig: Setting CVar [[gc.MaxObjectsNotConsideredByGC:1]]
[2021.01.05-03.47.42:944][  0]LogConfig: Setting CVar [[gc.SizeOfPermanentObjectPool:0]]
[2021.01.05-03.47.42:945][  0]LogConfig: Setting CVar [[gc.FlushStreamingOnGC:0]]
[2021.01.05-03.47.42:946][  0]LogConfig: Setting CVar [[gc.NumRetriesBeforeForcingGC:10]]
[2021.01.05-03.47.42:947][  0]LogConfig: Setting CVar [[gc.AllowParallelGC:1]]
[2021.01.05-03.47.42:951][  0]LogConfig: Setting CVar [[gc.TimeBetweenPurgingPendingKillObjects:61.1]]
[2021.01.05-03.47.42:952][  0]LogConfig: Setting CVar [[gc.MaxObjectsInEditor:25165824]]
[2021.01.05-03.47.42:953][  0]LogConfig: Setting CVar [[gc.IncrementalBeginDestroyEnabled:1]]
[2021.01.05-03.47.42:956][  0]LogConfig: Setting CVar [[gc.CreateGCClusters:1]]
[2021.01.05-03.47.42:957][  0]LogConfig: Setting CVar [[gc.MinGCClusterSize:5]]
[2021.01.05-03.47.42:959][  0]LogConfig: Setting CVar [[gc.ActorClusteringEnabled:0]]
[2021.01.05-03.47.42:963][  0]LogConfig: Setting CVar [[gc.BlueprintClusteringEnabled:0]]
[2021.01.05-03.47.42:964][  0]LogConfig: Setting CVar [[gc.UseDisregardForGCOnDedicatedServers:0]]
[2021.01.05-03.47.42:964][  0]LogConfig: Applying CVar settings from Section [/Script/Engine.NetworkSettings] File [C:/Users/Angelica .DESKTOP-RM5JOAJ/Documents/Learning Multiplayer/Puzzles/Puzzles/Saved/Config/Windows/Engine.ini]
[2021.01.05-03.47.42:965][  0]LogConfig: Applying CVar settings from Section [/Script/UnrealEd.CookerSettings] File [C:/Users/Angelica .DESKTOP-RM5JOAJ/Documents/Learning Multiplayer/Puzzles/Puzzles/Saved/Config/Windows/Engine.ini]
[2021.01.05-03.47.42:977][  0]LogConfig: Applying CVar settings from Section [ViewDistanceQuality@3] File [C:/Users/Angelica .DESKTOP-RM5JOAJ/Documents/Learning Multiplayer/Puzzles/Puzzles/Saved/Config/Windows/Scalability.ini]
[2021.01.05-03.47.42:977][  0]LogConfig: Setting CVar [[r.SkeletalMeshLODBias:0]]
[2021.01.05-03.47.42:978][  0]LogConfig: Setting CVar [[r.ViewDistanceScale:1.0]]
[2021.01.05-03.47.42:978][  0]LogConfig: Applying CVar settings from Section [AntiAliasingQuality@3] File [C:/Users/Angelica .DESKTOP-RM5JOAJ/Documents/Learning Multiplayer/Puzzles/Puzzles/Saved/Config/Windows/Scalability.ini]
[2021.01.05-03.47.42:979][  0]LogConfig: Setting CVar [[r.PostProcessAAQuality:4]]
[2021.01.05-03.47.42:980][  0]LogConfig: Applying CVar settings from Section [ShadowQuality@3] File [C:/Users/Angelica .DESKTOP-RM5JOAJ/Documents/Learning Multiplayer/Puzzles/Puzzles/Saved/Config/Windows/Scalability.ini]
[2021.01.05-03.47.42:981][  0]LogConfig: Setting CVar [[r.LightFunctionQuality:1]]
[2021.01.05-03.47.42:982][  0]LogConfig: Setting CVar [[r.ShadowQuality:5]]
[2021.01.05-03.47.42:982][  0]LogConfig: Setting CVar [[r.Shadow.CSM.MaxCascades:10]]
[2021.01.05-03.47.42:983][  0]LogConfig: Setting CVar [[r.Shadow.MaxResolution:2048]]
[2021.01.05-03.47.42:984][  0]LogConfig: Setting CVar [[r.Shadow.MaxCSMResolution:2048]]
[2021.01.05-03.47.42:989][  0]LogConfig: Setting CVar [[r.Shadow.RadiusThreshold:0.01]]
[2021.01.05-03.47.42:991][  0]LogConfig: Setting CVar [[r.Shadow.DistanceScale:1.0]]
[2021.01.05-03.47.42:992][  0]LogConfig: Setting CVar [[r.Shadow.CSM.TransitionScale:1.0]]
[2021.01.05-03.47.42:993][  0]LogConfig: Setting CVar [[r.Shadow.PreShadowResolutionFactor:1.0]]
[2021.01.05-03.47.42:994][  0]LogConfig: Setting CVar [[r.DistanceFieldShadowing:1]]
[2021.01.05-03.47.42:995][  0]LogConfig: Setting CVar [[r.DistanceFieldAO:1]]
[2021.01.05-03.47.42:995][  0]LogConfig: Setting CVar [[r.AOQuality:2]]
[2021.01.05-03.47.42:996][  0]LogConfig: Setting CVar [[r.VolumetricFog:1]]
[2021.01.05-03.47.42:997][  0]LogConfig: Setting CVar [[r.VolumetricFog.GridPixelSize:8]]
[2021.01.05-03.47.43:001][  0]LogConfig: Setting CVar [[r.VolumetricFog.GridSizeZ:128]]
[2021.01.05-03.47.43:002][  0]LogConfig: Setting CVar [[r.VolumetricFog.HistoryMissSupersampleCount:4]]
[2021.01.05-03.47.43:003][  0]LogConfig: Setting CVar [[r.LightMaxDrawDistanceScale:1]]
[2021.01.05-03.47.43:003][  0]LogConfig: Setting CVar [[r.CapsuleShadows:1]]
[2021.01.05-03.47.43:004][  0]LogConfig: Applying CVar settings from Section [PostProcessQuality@3] File [C:/Users/Angelica .DESKTOP-RM5JOAJ/Documents/Learning Multiplayer/Puzzles/Puzzles/Saved/Config/Windows/Scalability.ini]
[2021.01.05-03.47.43:005][  0]LogConfig: Setting CVar [[r.MotionBlurQuality:4]]
[2021.01.05-03.47.43:006][  0]LogConfig: Setting CVar [[r.AmbientOcclusionMipLevelFactor:0.4]]
[2021.01.05-03.47.43:007][  0]LogConfig: Setting CVar [[r.AmbientOcclusionMaxQuality:100]]
[2021.01.05-03.47.43:008][  0]LogConfig: Setting CVar [[r.AmbientOcclusionLevels:-1]]
[2021.01.05-03.47.43:015][  0]LogConfig: Setting CVar [[r.AmbientOcclusionRadiusScale:1.0]]
[2021.01.05-03.47.43:016][  0]LogConfig: Setting CVar [[r.DepthOfFieldQuality:2]]
[2021.01.05-03.47.43:016][  0]LogConfig: Setting CVar [[r.RenderTargetPoolMin:400]]
[2021.01.05-03.47.43:018][  0]LogConfig: Setting CVar [[r.LensFlareQuality:2]]
[2021.01.05-03.47.43:019][  0]LogConfig: Setting CVar [[r.SceneColorFringeQuality:1]]
[2021.01.05-03.47.43:020][  0]LogConfig: Setting CVar [[r.EyeAdaptationQuality:2]]
[2021.01.05-03.47.43:022][  0]LogConfig: Setting CVar [[r.BloomQuality:5]]
[2021.01.05-03.47.43:023][  0]LogConfig: Setting CVar [[r.FastBlurThreshold:100]]
[2021.01.05-03.47.43:024][  0]LogConfig: Setting CVar [[r.Upscale.Quality:3]]
[2021.01.05-03.47.43:028][  0]LogConfig: Setting CVar [[r.Tonemapper.GrainQuantization:1]]
[2021.01.05-03.47.43:029][  0]LogConfig: Setting CVar [[r.LightShaftQuality:1]]
[2021.01.05-03.47.43:029][  0]LogConfig: Setting CVar [[r.Filter.SizeScale:1]]
[2021.01.05-03.47.43:031][  0]LogConfig: Setting CVar [[r.Tonemapper.Quality:5]]
[2021.01.05-03.47.43:031][  0]LogConfig: Setting CVar [[r.DOF.Gather.AccumulatorQuality:1        ; higher gathering accumulator quality]]
[2021.01.05-03.47.43:032][  0]LogConfig: Setting CVar [[r.DOF.Gather.PostfilterMethod:1          ; Median3x3 postfilering method]]
[2021.01.05-03.47.43:033][  0]LogConfig: Setting CVar [[r.DOF.Gather.EnableBokehSettings:0       ; no bokeh simulation when gathering]]
[2021.01.05-03.47.43:034][  0]LogConfig: Setting CVar [[r.DOF.Gather.RingCount:4                 ; medium number of samples when gathering]]
[2021.01.05-03.47.43:035][  0]LogConfig: Setting CVar [[r.DOF.Scatter.ForegroundCompositing:1    ; additive foreground scattering]]
[2021.01.05-03.47.43:036][  0]LogConfig: Setting CVar [[r.DOF.Scatter.BackgroundCompositing:2    ; additive background scattering]]
[2021.01.05-03.47.43:041][  0]LogConfig: Setting CVar [[r.DOF.Scatter.EnableBokehSettings:1      ; bokeh simulation when scattering]]
[2021.01.05-03.47.43:042][  0]LogConfig: Setting CVar [[r.DOF.Scatter.MaxSpriteRatio:0.1         ; only a maximum of 10% of scattered bokeh]]
[2021.01.05-03.47.43:043][  0]LogConfig: Setting CVar [[r.DOF.Recombine.Quality:1                ; cheap slight out of focus]]
[2021.01.05-03.47.43:043][  0]LogConfig: Setting CVar [[r.DOF.Recombine.EnableBokehSettings:0    ; no bokeh simulation on slight out of focus]]
[2021.01.05-03.47.43:044][  0]LogConfig: Setting CVar [[r.DOF.TemporalAAQuality:1                ; more stable temporal accumulation]]
[2021.01.05-03.47.43:045][  0]LogConfig: Setting CVar [[r.DOF.Kernel.MaxForegroundRadius:0.025]]
[2021.01.05-03.47.43:046][  0]LogConfig: Setting CVar [[r.DOF.Kernel.MaxBackgroundRadius:0.025]]
[2021.01.05-03.47.43:046][  0]LogConfig: Applying CVar settings from Section [TextureQuality@3] File [C:/Users/Angelica .DESKTOP-RM5JOAJ/Documents/Learning Multiplayer/Puzzles/Puzzles/Saved/Config/Windows/Scalability.ini]
[2021.01.05-03.47.43:047][  0]LogConfig: Setting CVar [[r.Streaming.MipBias:0]]
[2021.01.05-03.47.43:048][  0]LogConfig: Setting CVar [[r.Streaming.AmortizeCPUToGPUCopy:0]]
[2021.01.05-03.47.43:049][  0]LogConfig: Setting CVar [[r.Streaming.MaxNumTexturesToStreamPerFrame:0]]
[2021.01.05-03.47.43:050][  0]LogConfig: Setting CVar [[r.Streaming.Boost:1]]
[2021.01.05-03.47.43:056][  0]LogConfig: Setting CVar [[r.MaxAnisotropy:8]]
[2021.01.05-03.47.43:059][  0]LogConfig: Setting CVar [[r.VT.MaxAnisotropy:8]]
[2021.01.05-03.47.43:060][  0]LogConfig: Setting CVar [[r.Streaming.LimitPoolSizeToVRAM:0]]
[2021.01.05-03.47.43:063][  0]LogConfig: Setting CVar [[r.Streaming.PoolSize:1000]]
[2021.01.05-03.47.43:066][  0]LogConfig: Setting CVar [[r.Streaming.MaxEffectiveScreenSize:0]]
[2021.01.05-03.47.43:067][  0]LogConfig: Applying CVar settings from Section [EffectsQuality@3] File [C:/Users/Angelica .DESKTOP-RM5JOAJ/Documents/Learning Multiplayer/Puzzles/Puzzles/Saved/Config/Windows/Scalability.ini]
[2021.01.05-03.47.43:068][  0]LogConfig: Setting CVar [[r.TranslucencyLightingVolumeDim:64]]
[2021.01.05-03.47.43:069][  0]LogConfig: Setting CVar [[r.RefractionQuality:2]]
[2021.01.05-03.47.43:070][  0]LogConfig: Setting CVar [[r.SSR.Quality:3]]
[2021.01.05-03.47.43:072][  0]LogConfig: Setting CVar [[r.SSR.HalfResSceneColor:0]]
[2021.01.05-03.47.43:072][  0]LogConfig: Setting CVar [[r.SceneColorFormat:4]]
[2021.01.05-03.47.43:073][  0]LogConfig: Setting CVar [[r.DetailMode:2]]
[2021.01.05-03.47.43:074][  0]LogConfig: Setting CVar [[r.TranslucencyVolumeBlur:1]]
[2021.01.05-03.47.43:079][  0]LogConfig: Setting CVar [[r.MaterialQualityLevel:1 ; High quality]]
[2021.01.05-03.47.43:080][  0]LogConfig: Setting CVar [[r.SSS.Scale:1]]
[2021.01.05-03.47.43:081][  0]LogConfig: Setting CVar [[r.SSS.SampleSet:2]]
[2021.01.05-03.47.43:081][  0]LogConfig: Setting CVar [[r.SSS.Quality:1]]
[2021.01.05-03.47.43:082][  0]LogConfig: Setting CVar [[r.SSS.HalfRes:0]]
[2021.01.05-03.47.43:083][  0]LogConfig: Setting CVar [[r.SSGI.Quality:3]]
[2021.01.05-03.47.43:084][  0]LogConfig: Setting CVar [[r.EmitterSpawnRateScale:1.0]]
[2021.01.05-03.47.43:085][  0]LogConfig: Setting CVar [[r.ParticleLightQuality:2]]
[2021.01.05-03.47.43:086][  0]LogConfig: Setting CVar [[r.SkyAtmosphere.AerialPerspectiveLUT.FastApplyOnOpaque:1 ; Always have FastSkyLUT 1 in this case to avoid wrong sky]]
[2021.01.05-03.47.43:087][  0]LogConfig: Setting CVar [[r.SkyAtmosphere.AerialPerspectiveLUT.SampleCountPerSlice:1]]
[2021.01.05-03.47.43:093][  0]LogConfig: Setting CVar [[r.SkyAtmosphere.AerialPerspectiveLUT.DepthResolution:16.0]]
[2021.01.05-03.47.43:094][  0]LogConfig: Setting CVar [[r.SkyAtmosphere.FastSkyLUT:1]]
[2021.01.05-03.47.43:096][  0]LogConfig: Setting CVar [[r.SkyAtmosphere.FastSkyLUT.SampleCountMin:4.0]]
[2021.01.05-03.47.43:097][  0]LogConfig: Setting CVar [[r.SkyAtmosphere.FastSkyLUT.SampleCountMax:32.0]]
[2021.01.05-03.47.43:098][  0]LogConfig: Setting CVar [[r.SkyAtmosphere.SampleCountMin:4.0]]
[2021.01.05-03.47.43:099][  0]LogConfig: Setting CVar [[r.SkyAtmosphere.SampleCountMax:32.0]]
[2021.01.05-03.47.43:103][  0]LogConfig: Setting CVar [[r.SkyAtmosphere.TransmittanceLUT.UseSmallFormat:0]]
[2021.01.05-03.47.43:104][  0]LogConfig: Setting CVar [[r.SkyAtmosphere.TransmittanceLUT.SampleCount:10.0]]
[2021.01.05-03.47.43:106][  0]LogConfig: Setting CVar [[r.SkyAtmosphere.MultiScatteringLUT.SampleCount:15.0]]
[2021.01.05-03.47.43:107][  0]LogConfig: Applying CVar settings from Section [FoliageQuality@3] File [C:/Users/Angelica .DESKTOP-RM5JOAJ/Documents/Learning Multiplayer/Puzzles/Puzzles/Saved/Config/Windows/Scalability.ini]
[2021.01.05-03.47.43:108][  0]LogConfig: Setting CVar [[foliage.DensityScale:1.0]]
[2021.01.05-03.47.43:110][  0]LogConfig: Setting CVar [[grass.DensityScale:1.0]]
[2021.01.05-03.47.43:111][  0]LogConfig: Applying CVar settings from Section [ShadingQuality@3] File [C:/Users/Angelica .DESKTOP-RM5JOAJ/Documents/Learning Multiplayer/Puzzles/Puzzles/Saved/Config/Windows/Scalability.ini]
[2021.01.05-03.47.43:112][  0]LogConfig: Setting CVar [[r.HairStrands.SkyLighting.SampleCount:16]]
[2021.01.05-03.47.43:116][  0]LogConfig: Setting CVar [[r.HairStrands.SkyLighting.JitterIntegration:0]]
[2021.01.05-03.47.43:117][  0]LogConfig: Setting CVar [[r.HairStrands.SkyAO.SampleCount:16]]
[2021.01.05-03.47.43:118][  0]LogConfig: Setting CVar [[r.HairStrands.DeepShadow.SuperSampling:0]]
[2021.01.05-03.47.43:118][  0]LogConfig: Setting CVar [[r.HairStrands.VisibilityPPLL:0]]
[2021.01.05-03.47.43:119][  0]LogConfig: Setting CVar [[r.HairStrands.RasterizationScale:0.5]]
[2021.01.05-03.47.43:121][  0]LogConfig: Setting CVar [[r.HairStrands.VelocityRasterizationScale:1]]
[2021.01.05-03.47.43:122][  0]LogInit: Selected Device Profile: [Windows]
[2021.01.05-03.47.43:123][  0]LogInit: Applying CVar settings loaded from the selected device profile: [Windows]
[2021.01.05-03.47.43:124][  0]LogHAL: Display: Platform has ~ 16 GB [17052516352 / 17179869184 / 16], which maps to Larger [LargestMinGB=32, LargerMinGB=12, DefaultMinGB=8, SmallerMinGB=6, SmallestMinGB=0)
[2021.01.05-03.47.43:128][  0]LogInit: Going up to parent DeviceProfile []
[2021.01.05-03.47.43:129][  0]LogConfig: Applying CVar settings from Section [ViewDistanceQuality@3] File [C:/Users/Angelica .DESKTOP-RM5JOAJ/Documents/Learning Multiplayer/Puzzles/Puzzles/Saved/Config/Windows/Scalability.ini]
[2021.01.05-03.47.43:130][  0]LogConfig: Setting CVar [[r.SkeletalMeshLODBias:0]]
[2021.01.05-03.47.43:131][  0]LogConfig: Setting CVar [[r.ViewDistanceScale:1.0]]
[2021.01.05-03.47.43:131][  0]LogConfig: Applying CVar settings from Section [AntiAliasingQuality@3] File [C:/Users/Angelica .DESKTOP-RM5JOAJ/Documents/Learning Multiplayer/Puzzles/Puzzles/Saved/Config/Windows/Scalability.ini]
[2021.01.05-03.47.43:132][  0]LogConfig: Setting CVar [[r.PostProcessAAQuality:4]]
[2021.01.05-03.47.43:133][  0]LogConfig: Applying CVar settings from Section [ShadowQuality@3] File [C:/Users/Angelica .DESKTOP-RM5JOAJ/Documents/Learning Multiplayer/Puzzles/Puzzles/Saved/Config/Windows/Scalability.ini]
[2021.01.05-03.47.43:134][  0]LogConfig: Setting CVar [[r.LightFunctionQuality:1]]
[2021.01.05-03.47.43:134][  0]LogConfig: Setting CVar [[r.ShadowQuality:5]]
[2021.01.05-03.47.43:135][  0]LogConfig: Setting CVar [[r.Shadow.CSM.MaxCascades:10]]
[2021.01.05-03.47.43:136][  0]LogConfig: Setting CVar [[r.Shadow.MaxResolution:2048]]
[2021.01.05-03.47.43:142][  0]LogConfig: Setting CVar [[r.Shadow.MaxCSMResolution:2048]]
[2021.01.05-03.47.43:142][  0]LogConfig: Setting CVar [[r.Shadow.RadiusThreshold:0.01]]
[2021.01.05-03.47.43:143][  0]LogConfig: Setting CVar [[r.Shadow.DistanceScale:1.0]]
[2021.01.05-03.47.43:144][  0]LogConfig: Setting CVar [[r.Shadow.CSM.TransitionScale:1.0]]
[2021.01.05-03.47.43:145][  0]LogConfig: Setting CVar [[r.Shadow.PreShadowResolutionFactor:1.0]]
[2021.01.05-03.47.43:146][  0]LogConfig: Setting CVar [[r.DistanceFieldShadowing:1]]
[2021.01.05-03.47.43:147][  0]LogConfig: Setting CVar [[r.DistanceFieldAO:1]]
[2021.01.05-03.47.43:148][  0]LogConfig: Setting CVar [[r.AOQuality:2]]
[2021.01.05-03.47.43:149][  0]LogConfig: Setting CVar [[r.VolumetricFog:1]]
[2021.01.05-03.47.43:150][  0]LogConfig: Setting CVar [[r.VolumetricFog.GridPixelSize:8]]
[2021.01.05-03.47.43:154][  0]LogConfig: Setting CVar [[r.VolumetricFog.GridSizeZ:128]]
[2021.01.05-03.47.43:156][  0]LogConfig: Setting CVar [[r.VolumetricFog.HistoryMissSupersampleCount:4]]
[2021.01.05-03.47.43:157][  0]LogConfig: Setting CVar [[r.LightMaxDrawDistanceScale:1]]
[2021.01.05-03.47.43:158][  0]LogConfig: Setting CVar [[r.CapsuleShadows:1]]
[2021.01.05-03.47.43:159][  0]LogConfig: Applying CVar settings from Section [PostProcessQuality@3] File [C:/Users/Angelica .DESKTOP-RM5JOAJ/Documents/Learning Multiplayer/Puzzles/Puzzles/Saved/Config/Windows/Scalability.ini]
[2021.01.05-03.47.43:160][  0]LogConfig: Setting CVar [[r.MotionBlurQuality:4]]
[2021.01.05-03.47.43:161][  0]LogConfig: Setting CVar [[r.AmbientOcclusionMipLevelFactor:0.4]]
[2021.01.05-03.47.43:162][  0]LogConfig: Setting CVar [[r.AmbientOcclusionMaxQuality:100]]
[2021.01.05-03.47.43:162][  0]LogConfig: Setting CVar [[r.AmbientOcclusionLevels:-1]]
[2021.01.05-03.47.43:163][  0]LogConfig: Setting CVar [[r.AmbientOcclusionRadiusScale:1.0]]
[2021.01.05-03.47.43:167][  0]LogConfig: Setting CVar [[r.DepthOfFieldQuality:2]]
[2021.01.05-03.47.43:168][  0]LogConfig: Setting CVar [[r.RenderTargetPoolMin:400]]
[2021.01.05-03.47.43:169][  0]LogConfig: Setting CVar [[r.LensFlareQuality:2]]
[2021.01.05-03.47.43:169][  0]LogConfig: Setting CVar [[r.SceneColorFringeQuality:1]]
[2021.01.05-03.47.43:171][  0]LogConfig: Setting CVar [[r.EyeAdaptationQuality:2]]
[2021.01.05-03.47.43:172][  0]LogConfig: Setting CVar [[r.BloomQuality:5]]
[2021.01.05-03.47.43:173][  0]LogConfig: Setting CVar [[r.FastBlurThreshold:100]]
[2021.01.05-03.47.43:174][  0]LogConfig: Setting CVar [[r.Upscale.Quality:3]]
[2021.01.05-03.47.43:175][  0]LogConfig: Setting CVar [[r.Tonemapper.GrainQuantization:1]]
[2021.01.05-03.47.43:178][  0]LogConfig: Setting CVar [[r.LightShaftQuality:1]]
[2021.01.05-03.47.43:179][  0]LogConfig: Setting CVar [[r.Filter.SizeScale:1]]
[2021.01.05-03.47.43:180][  0]LogConfig: Setting CVar [[r.Tonemapper.Quality:5]]
[2021.01.05-03.47.43:181][  0]LogConfig: Setting CVar [[r.DOF.Gather.AccumulatorQuality:1        ; higher gathering accumulator quality]]
[2021.01.05-03.47.43:182][  0]LogConfig: Setting CVar [[r.DOF.Gather.PostfilterMethod:1          ; Median3x3 postfilering method]]
[2021.01.05-03.47.43:182][  0]LogConfig: Setting CVar [[r.DOF.Gather.EnableBokehSettings:0       ; no bokeh simulation when gathering]]
[2021.01.05-03.47.43:183][  0]LogConfig: Setting CVar [[r.DOF.Gather.RingCount:4                 ; medium number of samples when gathering]]
[2021.01.05-03.47.43:184][  0]LogConfig: Setting CVar [[r.DOF.Scatter.ForegroundCompositing:1    ; additive foreground scattering]]
[2021.01.05-03.47.43:185][  0]LogConfig: Setting CVar [[r.DOF.Scatter.BackgroundCompositing:2    ; additive background scattering]]
[2021.01.05-03.47.43:187][  0]LogConfig: Setting CVar [[r.DOF.Scatter.EnableBokehSettings:1      ; bokeh simulation when scattering]]
[2021.01.05-03.47.43:192][  0]LogConfig: Setting CVar [[r.DOF.Scatter.MaxSpriteRatio:0.1         ; only a maximum of 10% of scattered bokeh]]
[2021.01.05-03.47.43:192][  0]LogConfig: Setting CVar [[r.DOF.Recombine.Quality:1                ; cheap slight out of focus]]
[2021.01.05-03.47.43:193][  0]LogConfig: Setting CVar [[r.DOF.Recombine.EnableBokehSettings:0    ; no bokeh simulation on slight out of focus]]
[2021.01.05-03.47.43:194][  0]LogConfig: Setting CVar [[r.DOF.TemporalAAQuality:1                ; more stable temporal accumulation]]
[2021.01.05-03.47.43:195][  0]LogConfig: Setting CVar [[r.DOF.Kernel.MaxForegroundRadius:0.025]]
[2021.01.05-03.47.43:195][  0]LogConfig: Setting CVar [[r.DOF.Kernel.MaxBackgroundRadius:0.025]]
[2021.01.05-03.47.43:196][  0]LogConfig: Applying CVar settings from Section [TextureQuality@3] File [C:/Users/Angelica .DESKTOP-RM5JOAJ/Documents/Learning Multiplayer/Puzzles/Puzzles/Saved/Config/Windows/Scalability.ini]
[2021.01.05-03.47.43:197][  0]LogConfig: Setting CVar [[r.Streaming.MipBias:0]]
[2021.01.05-03.47.43:199][  0]LogConfig: Setting CVar [[r.Streaming.AmortizeCPUToGPUCopy:0]]
[2021.01.05-03.47.43:203][  0]LogConfig: Setting CVar [[r.Streaming.MaxNumTexturesToStreamPerFrame:0]]
[2021.01.05-03.47.43:205][  0]LogConfig: Setting CVar [[r.Streaming.Boost:1]]
[2021.01.05-03.47.43:206][  0]LogConfig: Setting CVar [[r.MaxAnisotropy:8]]
[2021.01.05-03.47.43:206][  0]LogConfig: Setting CVar [[r.VT.MaxAnisotropy:8]]
[2021.01.05-03.47.43:207][  0]LogConfig: Setting CVar [[r.Streaming.LimitPoolSizeToVRAM:0]]
[2021.01.05-03.47.43:208][  0]LogConfig: Setting CVar [[r.Streaming.PoolSize:1000]]
[2021.01.05-03.47.43:209][  0]LogConfig: Setting CVar [[r.Streaming.MaxEffectiveScreenSize:0]]
[2021.01.05-03.47.43:210][  0]LogConfig: Applying CVar settings from Section [EffectsQuality@3] File [C:/Users/Angelica .DESKTOP-RM5JOAJ/Documents/Learning Multiplayer/Puzzles/Puzzles/Saved/Config/Windows/Scalability.ini]
[2021.01.05-03.47.43:211][  0]LogConfig: Setting CVar [[r.TranslucencyLightingVolumeDim:64]]
[2021.01.05-03.47.43:212][  0]LogConfig: Setting CVar [[r.RefractionQuality:2]]
[2021.01.05-03.47.43:216][  0]LogConfig: Setting CVar [[r.SSR.Quality:3]]
[2021.01.05-03.47.43:216][  0]LogConfig: Setting CVar [[r.SSR.HalfResSceneColor:0]]
[2021.01.05-03.47.43:217][  0]LogConfig: Setting CVar [[r.SceneColorFormat:4]]
[2021.01.05-03.47.43:219][  0]LogConfig: Setting CVar [[r.DetailMode:2]]
[2021.01.05-03.47.43:220][  0]LogConfig: Setting CVar [[r.TranslucencyVolumeBlur:1]]
[2021.01.05-03.47.43:221][  0]LogConfig: Setting CVar [[r.MaterialQualityLevel:1 ; High quality]]
[2021.01.05-03.47.43:222][  0]LogConfig: Setting CVar [[r.SSS.Scale:1]]
[2021.01.05-03.47.43:223][  0]LogConfig: Setting CVar [[r.SSS.SampleSet:2]]
[2021.01.05-03.47.43:223][  0]LogConfig: Setting CVar [[r.SSS.Quality:1]]
[2021.01.05-03.47.43:224][  0]LogConfig: Setting CVar [[r.SSS.HalfRes:0]]
[2021.01.05-03.47.43:228][  0]LogConfig: Setting CVar [[r.SSGI.Quality:3]]
[2021.01.05-03.47.43:229][  0]LogConfig: Setting CVar [[r.EmitterSpawnRateScale:1.0]]
[2021.01.05-03.47.43:230][  0]LogConfig: Setting CVar [[r.ParticleLightQuality:2]]
[2021.01.05-03.47.43:231][  0]LogConfig: Setting CVar [[r.SkyAtmosphere.AerialPerspectiveLUT.FastApplyOnOpaque:1 ; Always have FastSkyLUT 1 in this case to avoid wrong sky]]
[2021.01.05-03.47.43:232][  0]LogConfig: Setting CVar [[r.SkyAtmosphere.AerialPerspectiveLUT.SampleCountPerSlice:1]]
[2021.01.05-03.47.43:233][  0]LogConfig: Setting CVar [[r.SkyAtmosphere.AerialPerspectiveLUT.DepthResolution:16.0]]
[2021.01.05-03.47.43:234][  0]LogConfig: Setting CVar [[r.SkyAtmosphere.FastSkyLUT:1]]
[2021.01.05-03.47.43:235][  0]LogConfig: Setting CVar [[r.SkyAtmosphere.FastSkyLUT.SampleCountMin:4.0]]
[2021.01.05-03.47.43:235][  0]LogConfig: Setting CVar [[r.SkyAtmosphere.FastSkyLUT.SampleCountMax:32.0]]
[2021.01.05-03.47.43:236][  0]LogConfig: Setting CVar [[r.SkyAtmosphere.SampleCountMin:4.0]]
[2021.01.05-03.47.43:241][  0]LogConfig: Setting CVar [[r.SkyAtmosphere.SampleCountMax:32.0]]
[2021.01.05-03.47.43:242][  0]LogConfig: Setting CVar [[r.SkyAtmosphere.TransmittanceLUT.UseSmallFormat:0]]
[2021.01.05-03.47.43:243][  0]LogConfig: Setting CVar [[r.SkyAtmosphere.TransmittanceLUT.SampleCount:10.0]]
[2021.01.05-03.47.43:244][  0]LogConfig: Setting CVar [[r.SkyAtmosphere.MultiScatteringLUT.SampleCount:15.0]]
[2021.01.05-03.47.43:244][  0]LogConfig: Applying CVar settings from Section [FoliageQuality@3] File [C:/Users/Angelica .DESKTOP-RM5JOAJ/Documents/Learning Multiplayer/Puzzles/Puzzles/Saved/Config/Windows/Scalability.ini]
[2021.01.05-03.47.43:245][  0]LogConfig: Setting CVar [[foliage.DensityScale:1.0]]
[2021.01.05-03.47.43:246][  0]LogConfig: Setting CVar [[grass.DensityScale:1.0]]
[2021.01.05-03.47.43:247][  0]LogConfig: Applying CVar settings from Section [ShadingQuality@3] File [C:/Users/Angelica .DESKTOP-RM5JOAJ/Documents/Learning Multiplayer/Puzzles/Puzzles/Saved/Config/Windows/Scalability.ini]
[2021.01.05-03.47.43:248][  0]LogConfig: Setting CVar [[r.HairStrands.SkyLighting.SampleCount:16]]
[2021.01.05-03.47.43:249][  0]LogConfig: Setting CVar [[r.HairStrands.SkyLighting.JitterIntegration:0]]
[2021.01.05-03.47.43:249][  0]LogConfig: Setting CVar [[r.HairStrands.SkyAO.SampleCount:16]]
[2021.01.05-03.47.43:250][  0]LogConfig: Setting CVar [[r.HairStrands.DeepShadow.SuperSampling:0]]
[2021.01.05-03.47.43:255][  0]LogConfig: Setting CVar [[r.HairStrands.VisibilityPPLL:0]]
[2021.01.05-03.47.43:255][  0]LogConfig: Setting CVar [[r.HairStrands.RasterizationScale:0.5]]
[2021.01.05-03.47.43:257][  0]LogConfig: Setting CVar [[r.HairStrands.VelocityRasterizationScale:1]]
[2021.01.05-03.47.43:260][  0]LogConfig: Applying CVar settings from Section [Startup] File [../../../Engine/Config/ConsoleVariables.ini]
[2021.01.05-03.47.43:263][  0]LogConfig: Setting CVar [[net.UseAdaptiveNetUpdateFrequency:0]]
[2021.01.05-03.47.43:266][  0]LogConfig: Setting CVar [[p.chaos.AllowCreatePhysxBodies:1]]
[2021.01.05-03.47.43:268][  0]LogConfig: Setting CVar [[fx.SkipVectorVMBackendOptimizations:1]]
[2021.01.05-03.47.43:269][  0]LogConfig: Applying CVar settings from Section [ConsoleVariables] File [C:/Users/Angelica .DESKTOP-RM5JOAJ/Documents/Learning Multiplayer/Puzzles/Puzzles/Saved/Config/Windows/Engine.ini]
[2021.01.05-03.47.43:270][  0]LogInit: Computer: SKETCH-PC
[2021.01.05-03.47.43:271][  0]LogInit: User: Angelica
[2021.01.05-03.47.43:272][  0]LogInit: CPU Page size=4096, Cores=2
[2021.01.05-03.47.43:273][  0]LogInit: High frequency timer resolution =10.000000 MHz
[2021.01.05-03.47.43:274][  0]LogMemory: Memory total: Physical=15.9GB (16GB approx)
[2021.01.05-03.47.43:275][  0]LogMemory: Platform Memory Stats for Windows
[2021.01.05-03.47.43:279][  0]LogMemory: Process Physical Memory: 114.06 MB used, 114.06 MB peak
[2021.01.05-03.47.43:280][  0]LogMemory: Process Virtual Memory: 96.93 MB used, 96.93 MB peak
[2021.01.05-03.47.43:280][  0]LogMemory: Physical Memory: 9446.13 MB used,  6816.42 MB free, 16262.55 MB total
[2021.01.05-03.47.43:281][  0]LogMemory: Virtual Memory: 5124.82 MB used,  134212600.00 MB free, 134217728.00 MB total
[2021.01.05-03.47.43:300][  0]LogWindows: WindowsPlatformFeatures enabled
[2021.01.05-03.47.43:390][  0]LogInit: Physics initialised using underlying interface: PhysX
[2021.01.05-03.47.43:391][  0]LogInit: Using OS detected language (en-US).
[2021.01.05-03.47.43:393][  0]LogInit: Using OS detected locale (en-US).
[2021.01.05-03.47.43:410][  0]LogTextLocalizationManager: No specific localization for 'en-US' exists, so the 'en' localization will be used.
[2021.01.05-03.47.43:877][  0]LogSlate: New Slate User Created.  User Index 0, Is Virtual User: 0
[2021.01.05-03.47.43:877][  0]LogSlate: Slate User Registered.  User Index 0, Is Virtual User: 0
[2021.01.05-03.47.43:905][  0]LogHMD: Failed to initialize OpenVR with code 110
[2021.01.05-03.47.43:905][  0]LogD3D11RHI: D3D11 min allowed feature level: 11_0
[2021.01.05-03.47.43:908][  0]LogD3D11RHI: D3D11 max allowed feature level: 11_0
[2021.01.05-03.47.43:909][  0]LogD3D11RHI: D3D11 adapters:
[2021.01.05-03.47.44:198][  0]LogD3D11RHI:    0. 'Intel(R) HD Graphics 620' (Feature Level 11_0)
[2021.01.05-03.47.44:198][  0]LogD3D11RHI:       128/0/8131 MB DedicatedVideo/DedicatedSystem/SharedSystem, Outputs:2, VendorId:0x8086
[2021.01.05-03.47.44:206][  0]LogD3D11RHI:    1. 'Microsoft Basic Render Driver' (Feature Level 11_0)
[2021.01.05-03.47.44:206][  0]LogD3D11RHI:       0/0/8131 MB DedicatedVideo/DedicatedSystem/SharedSystem, Outputs:0, VendorId:0x1414
[2021.01.05-03.47.44:212][  0]LogD3D11RHI:    2. 'Microsoft Basic Render Driver' (Feature Level 11_0)
[2021.01.05-03.47.44:212][  0]LogD3D11RHI:       0/0/8131 MB DedicatedVideo/DedicatedSystem/SharedSystem, Outputs:0, VendorId:0x1414
[2021.01.05-03.47.44:218][  0]LogD3D11RHI:    3. 'Microsoft Basic Render Driver' (Feature Level 11_0)
[2021.01.05-03.47.44:218][  0]LogD3D11RHI:       0/0/8131 MB DedicatedVideo/DedicatedSystem/SharedSystem, Outputs:0, VendorId:0x1414
[2021.01.05-03.47.44:226][  0]LogD3D11RHI:    4. 'Microsoft Basic Render Driver' (Feature Level 11_0)
[2021.01.05-03.47.44:227][  0]LogD3D11RHI:       0/0/8131 MB DedicatedVideo/DedicatedSystem/SharedSystem, Outputs:0, VendorId:0x1414
[2021.01.05-03.47.44:227][  0]LogD3D11RHI: Chosen D3D11 Adapter: 0
[2021.01.05-03.47.44:241][  0]LogD3D11RHI: Creating new Direct3DDevice
[2021.01.05-03.47.44:241][  0]LogD3D11RHI:     GPU DeviceId: 0x5916 (for the marketing name, search the web for "GPU Device Id")
[2021.01.05-03.47.44:242][  0]LogWindows: EnumDisplayDevices:
[2021.01.05-03.47.44:244][  0]LogWindows:    0. 'Intel(R) HD Graphics 620' (P:0 D:1)
[2021.01.05-03.47.44:246][  0]LogWindows:    1. 'Intel(R) HD Graphics 620' (P:0 D:0)
[2021.01.05-03.47.44:247][  0]LogWindows:    2. 'Intel(R) HD Graphics 620' (P:0 D:0)
[2021.01.05-03.47.44:247][  0]LogWindows:    3. 'MS Idd Device' (P:0 D:0)
[2021.01.05-03.47.44:248][  0]LogWindows:    4. 'MS Idd Device' (P:0 D:0)
[2021.01.05-03.47.44:249][  0]LogWindows:    5. 'MS Idd Device' (P:1 D:1)
[2021.01.05-03.47.44:249][  0]LogWindows: DebugString: GetVideoDriverDetailsInvalid PrimaryIsNotTheChoosenAdapter GetVideoDriverDetailsInvalid PrimaryIsNotTheChoosenAdapter GetVideoDriverDetailsInvalid PrimaryIsNotTheChoosenAdapter FoundDriverCount:3 
[2021.01.05-03.47.44:250][  0]LogD3D11RHI:     Adapter Name: Intel(R) HD Graphics 620
[2021.01.05-03.47.44:250][  0]LogD3D11RHI:   Driver Version: 24.20.100.6344 (internal:24.20.100.6344, unified:24.20.100.6344)
[2021.01.05-03.47.44:251][  0]LogD3D11RHI:      Driver Date: 11-10-2018
[2021.01.05-03.47.44:252][  0]LogRHI: Texture pool is 1523 MB (70% of 2176 MB)
[2021.01.05-03.47.44:332][  0]LogD3D11RHI: [IntelMetricsDiscovery] Failed to initialize context. Result=00000002
[2021.01.05-03.47.44:579][  0]LogD3D11RHI: RHI does not have support for 64 bit atomics
[2021.01.05-03.47.44:579][  0]LogD3D11RHI: Async texture creation enabled
[2021.01.05-03.47.44:581][  0]LogD3D11RHI: Array index from any shader is supported
[2021.01.05-03.47.44:597][  0]LogD3D11RHI: GPU Timing Frequency: 12.000048 (Debug: 2 0)
[2021.01.05-03.47.45:193][  0]LogTargetPlatformManager: Display: Loaded TargetPlatform 'WindowsNoEditor'
[2021.01.05-03.47.45:204][  0]LogTargetPlatformManager: Display: Loaded TargetPlatform 'Windows'
[2021.01.05-03.47.45:224][  0]LogTargetPlatformManager: Display: Loaded TargetPlatform 'WindowsClient'
[2021.01.05-03.47.45:244][  0]LogTargetPlatformManager: Display: Loaded TargetPlatform 'WindowsServer'
[2021.01.05-03.47.45:245][  0]LogTargetPlatformManager: Display: Building Assets For Windows
[2021.01.05-03.47.45:268][  0]LogAudioDebug: Display: Lib vorbis DLL was dynamically loaded.
[2021.01.05-03.47.45:400][  0]LogShaderCompilers: Guid format shader working directory is -31 characters bigger than the processId version (../../../../../../Users/Angelica .DESKTOP-RM5JOAJ/Documents/Learning Multiplayer/Puzzles/Puzzles/Intermediate/Shaders/WorkingDirectory/16768/).
[2021.01.05-03.47.45:401][  0]LogShaderCompilers: Cleaned the shader compiler working directory 'C:/Users/Angelica .DESKTOP-RM5JOAJ/AppData/Local/Temp/UnrealShaderWorkingDir/7C6C1D044ED3B0D94C0C5D9512A9CD6D/'.
[2021.01.05-03.47.45:404][  0]LogXGEController: Cannot use XGE Controller as Incredibuild is not installed on this machine.
[2021.01.05-03.47.45:405][  0]LogShaderCompilers: Cannot use XGE Shader Compiler as Incredibuild is not installed on this machine.
[2021.01.05-03.47.45:405][  0]LogShaderCompilers: Display: Using Local Shader Compiler.
[2021.01.05-03.47.46:896][  0]LogDerivedDataCache: Display: Max Cache Size: 512 MB
[2021.01.05-03.47.46:984][  0]LogDerivedDataCache: Loaded boot cache 0.09s 83MB C:/Users/Angelica .DESKTOP-RM5JOAJ/AppData/Local/UnrealEngine/4.25/DerivedDataCache/Boot.ddc.
[2021.01.05-03.47.46:984][  0]LogDerivedDataCache: Display: Loaded Boot cache: C:/Users/Angelica .DESKTOP-RM5JOAJ/AppData/Local/UnrealEngine/4.25/DerivedDataCache/Boot.ddc
[2021.01.05-03.47.46:986][  0]LogDerivedDataCache: FDerivedDataBackendGraph:  Pak pak cache file ../../../../../../Users/Angelica .DESKTOP-RM5JOAJ/Documents/Learning Multiplayer/Puzzles/Puzzles/DerivedDataCache/DDC.ddp not found, will not use a pak cache.
[2021.01.05-03.47.46:987][  0]LogDerivedDataCache: Unable to find inner node Pak for hierarchical cache Hierarchy.
[2021.01.05-03.47.46:988][  0]LogDerivedDataCache: FDerivedDataBackendGraph:  CompressedPak pak cache file ../../../../../../Users/Angelica .DESKTOP-RM5JOAJ/Documents/Learning Multiplayer/Puzzles/Puzzles/DerivedDataCache/Compressed.ddp not found, will not use a pak cache.
[2021.01.05-03.47.46:988][  0]LogDerivedDataCache: Unable to find inner node CompressedPak for hierarchical cache Hierarchy.
[2021.01.05-03.47.47:007][  0]LogDerivedDataCache: Display: Pak cache opened for reading ../../../Engine/DerivedDataCache/Compressed.ddp.
[2021.01.05-03.47.47:007][  0]LogDerivedDataCache: FDerivedDataBackendGraph:  EnterprisePak pak cache file ../../../Enterprise/DerivedDataCache/Compressed.ddp not found, will not use a pak cache.
[2021.01.05-03.47.47:009][  0]LogDerivedDataCache: Unable to find inner node EnterprisePak for hierarchical cache Hierarchy.
[2021.01.05-03.47.47:012][  0]LogDerivedDataCache: Using Local data cache path C:/Users/Angelica .DESKTOP-RM5JOAJ/AppData/Local/UnrealEngine/Common/DerivedDataCache: Writable
[2021.01.05-03.47.47:013][  0]LogDerivedDataCache: Shared data cache path not found in *engine.ini, will not use an Shared cache.
[2021.01.05-03.47.47:013][  0]LogDerivedDataCache: Unable to find inner node Shared for hierarchical cache Hierarchy.
[2021.01.05-03.47.47:120][  0]LogSlate: Using FreeType 2.10.0
[2021.01.05-03.47.47:121][  0]LogSlate: SlateFontServices - WITH_FREETYPE: 1, WITH_HARFBUZZ: 1
[2021.01.05-03.47.47:387][  0]LogInit: Using OS detected language (en-US).
[2021.01.05-03.47.47:387][  0]LogInit: Using OS detected locale (en-US).
[2021.01.05-03.47.47:390][  0]LogTextLocalizationManager: No localization for 'en-US' exists, so 'en' will be used for the language.
[2021.01.05-03.47.47:391][  0]LogTextLocalizationManager: No localization for 'en-US' exists, so 'en' will be used for the locale.
[2021.01.05-03.47.47:392][  0]LogSlate: FontCache flush requested. Reason: Culture for localization was changed
[2021.01.05-03.47.47:392][  0]LogSlate: FontCache flush requested. Reason: Culture for localization was changed
[2021.01.05-03.47.47:395][  0]LogTextLocalizationManager: Compacting localization data took   0.00ms
[2021.01.05-03.47.47:402][  0]LogAssetRegistry: FAssetRegistry took 0.0038 seconds to start up
[2021.01.05-03.47.47:866][  0]LogPackageLocalizationCache: Processed 19 localized package path(s) for 1 prioritized culture(s) in 0.115126 seconds
[2021.01.05-03.47.47:974][  0]LogInit: Selected Device Profile: [Windows]
[2021.01.05-03.47.48:211][  0]LogMeshReduction: Using QuadricMeshReduction for automatic static mesh reduction
[2021.01.05-03.47.48:228][  0]LogMeshReduction: Using SimplygonMeshReduction for automatic skeletal mesh reduction
[2021.01.05-03.47.48:240][  0]LogMeshReduction: Using ProxyLODMeshReduction for automatic mesh merging
[2021.01.05-03.47.48:242][  0]LogMeshReduction: No distributed automatic mesh merging module available
[2021.01.05-03.47.48:243][  0]LogMeshMerging: No distributed automatic mesh merging module available
[2021.01.05-03.47.48:279][  0]LogNetVersion: Puzzles 1.0.0, NetCL: 13144385, EngineNetVer: 14, GameNetVer: 0 (Checksum: 1097821826)
[2021.01.05-03.47.48:878][  0]LogAISub: UAISubsystem::UAISubsystem AISubsystem (000001FA898B0AC0), frame # 0
[2021.01.05-03.47.48:879][  0]LogAISub: UAISubsystem::UAISubsystem AIPerceptionSystem (000001FA8A7E3C40), frame # 0
[2021.01.05-03.47.48:884][  0]LogAISub: UAISubsystem::UAISubsystem EnvQueryManager (000001FA8A7F3C00), frame # 0
[2021.01.05-03.47.49:072][  0]LogCollectionManager: Loaded 0 collections in 0.004153 seconds
[2021.01.05-03.47.49:077][  0]LogFileCache: Scanning file cache for directory 'C:/Users/Angelica .DESKTOP-RM5JOAJ/Documents/Learning Multiplayer/Puzzles/Puzzles/Saved/Collections/' took 0.00s
[2021.01.05-03.47.49:079][  0]LogFileCache: Scanning file cache for directory 'C:/Users/Angelica .DESKTOP-RM5JOAJ/Documents/Learning Multiplayer/Puzzles/Puzzles/Content/Developers/Angelica/Collections/' took 0.00s
[2021.01.05-03.47.49:079][  0]LogCollectionManager: Fixed up redirectors for 0 collections in 0.000006 seconds (updated 0 objects)
[2021.01.05-03.47.49:211][  0]LogFileCache: Scanning file cache for directory 'C:/Users/Angelica .DESKTOP-RM5JOAJ/Documents/Learning Multiplayer/Puzzles/Puzzles/Content/Collections/' took 0.00s
[2021.01.05-03.47.49:211][  0]LogMoviePlayer: Initializing movie player
[2021.01.05-03.47.49:618][  0]SourceControl: Source control is disabled
[2021.01.05-03.47.49:620][  0]SourceControl: Source control is disabled
[2021.01.05-03.47.49:634][  0]SourceControl: Source control is disabled
[2021.01.05-03.47.49:894][  0]LogAndroidPermission: UAndroidPermissionCallbackProxy::GetInstance
[2021.01.05-03.47.49:929][  0]LogAudioCaptureCore: Display: No Audio Capture implementations found. Audio input will be silent.
[2021.01.05-03.47.49:929][  0]LogAudioCaptureCore: Display: No Audio Capture implementations found. Audio input will be silent.
[2021.01.05-03.47.50:022][  0]LogOcInput: OculusInput pre-init called
[2021.01.05-03.47.50:050][  0]LogUObjectArray: 19170 objects as part of root set at end of initial load.
[2021.01.05-03.47.50:050][  0]LogUObjectAllocator: 5083920 out of 0 bytes used by permanent object pool.
[2021.01.05-03.47.50:052][  0]LogUObjectArray: CloseDisregardForGC: 0/0 objects in disregard for GC pool
[2021.01.05-03.47.50:135][  0]LogEngine: Initializing Engine...
[2021.01.05-03.47.50:139][  0]LogHMD: Failed to initialize OpenVR with code 110
[2021.01.05-03.47.50:139][  0]LogMagicLeap: Warning: VR disabled because ZI is not enabled.  To enable, in the editor, Edit -> Project Settings -> Plugins -> Magic Leap Plugin -> Enable Zero Iteration
[2021.01.05-03.47.50:143][  0]LogStats: UGameplayTagsManager::InitializeManager -  0.000 s
[2021.01.05-03.47.50:300][  0]LogInit: Initializing FReadOnlyCVARCache
[2021.01.05-03.47.50:309][  0]LogAudioMixer: Display: Audio Mixer Platform Settings:
[2021.01.05-03.47.50:309][  0]LogAudioMixer: Display: 	Sample Rate:						  48000
[2021.01.05-03.47.50:310][  0]LogAudioMixer: Display: 	Callback Buffer Frame Size Requested: 1024
[2021.01.05-03.47.50:311][  0]LogAudioMixer: Display: 	Callback Buffer Frame Size To Use:	  1024
[2021.01.05-03.47.50:313][  0]LogAudioMixer: Display: 	Number of buffers to queue:			  2
[2021.01.05-03.47.50:314][  0]LogAudioMixer: Display: 	Max Channels (voices):				  32
[2021.01.05-03.47.50:314][  0]LogAudioMixer: Display: 	Number of Async Source Workers:		  0
[2021.01.05-03.47.50:315][  0]LogAudio: Display: AudioDevice MaxSources: 32
[2021.01.05-03.47.50:316][  0]LogAudio: Display: Using built-in audio occlusion.
[2021.01.05-03.47.50:317][  0]LogAudioMixer: Display: Initializing audio mixer.
[2021.01.05-03.47.50:384][  0]LogAudioMixer: Display: 0: FrontLeft
[2021.01.05-03.47.50:384][  0]LogAudioMixer: Display: 1: FrontRight
[2021.01.05-03.47.50:497][  0]LogAudioMixer: Display: Using Audio Device Speaker/Headphone (Realtek High Definition Audio(SST))
[2021.01.05-03.47.50:504][  0]LogAudioMixer: Display: Initializing Sound Submixes...
[2021.01.05-03.47.50:509][  0]LogAudioMixer: Display: Creating Master Submix 'MasterSubmixDefault'
[2021.01.05-03.47.50:510][  0]LogAudioMixer: Display: Creating Master Submix 'MasterReverbSubmixDefault'
[2021.01.05-03.47.50:513][  0]LogAudioMixer: Display: Creating Master Submix 'MasterEQSubmixDefault'
[2021.01.05-03.47.50:515][  0]LogInit: FAudioDevice initialized.
[2021.01.05-03.47.50:524][  0]LogNetVersion: Set ProjectVersion to 1.0.0.0. Version Checksum will be recalculated on next use.
[2021.01.05-03.47.50:609][  0]LogDerivedDataCache: Saved boot cache 0.09s 83MB C:/Users/Angelica .DESKTOP-RM5JOAJ/AppData/Local/UnrealEngine/4.25/DerivedDataCache/Boot.ddc.
[2021.01.05-03.47.50:626][  0]LogInit: Texture streaming: Enabled
[2021.01.05-03.47.50:771][  0]LogTemp: Warning: Found class: WBP_MainMenu_C
[2021.01.05-03.47.50:776][  0]LogSlate: Updating window title bar state: overlay mode, drag disabled, window buttons hidden, title bar hidden
[2021.01.05-03.47.50:792][  0]LogInit: Display: Game Engine Initialized.
[2021.01.05-03.47.50:793][  0]LogNiagaraEditor: Warning: GEditor isn't valid! Particle reset commands will not work for Niagara components!
[2021.01.05-03.47.50:853][  0]LogInit: Display: Starting Game.
[2021.01.05-03.47.50:853][  0]LogNet: Browse: /Game/Maps/lobby?Name=Player
[2021.01.05-03.47.50:855][  0]LogLoad: LoadMap: /Game/Maps/lobby?Name=Player
[2021.01.05-03.47.50:856][  0]LogWorld: BeginTearingDown for /Temp/Untitled_0
[2021.01.05-03.47.50:858][  0]LogWorld: UWorld::CleanupWorld for Untitled, bSessionEnded=true, bCleanupResources=true
[2021.01.05-03.47.50:858][  0]LogSlate: InvalidateAllWidgets triggered.  All widgets were invalidated
[2021.01.05-03.47.50:873][  0]LogUObjectHash: Compacting FUObjectHashTables data took   1.36ms
[2021.01.05-03.47.50:931][  0]LogAIModule: Creating AISystem for world Lobby
[2021.01.05-03.47.50:933][  0]LogAISub: UAISubsystem::UAISubsystem EnvQueryManager (000001FA8F926400), frame # 0
[2021.01.05-03.47.50:936][  0]LogAISub: UAISubsystem::UAISubsystem AIPerceptionSystem (000001FA8F922840), frame # 0
[2021.01.05-03.47.51:078][  0]LogLoad: Game class is 'BP_PuzzlesGameMode_C'
[2021.01.05-03.47.51:081][  0]LogWorld: Bringing World /Game/Maps/Lobby.Lobby up for play (max tick rate 0) at 2021.01.04-22.47.51
[2021.01.05-03.47.51:085][  0]LogWorld: Bringing up level for play took: 0.005524
[2021.01.05-03.47.51:092][  0]LogLoad: Took 0.235978 seconds to LoadMap(/Game/Maps/lobby)
[2021.01.05-03.47.51:123][  0]LogSlate: Took 0.000406 seconds to synchronously load lazily loaded font '../../../Engine/Content/Slate/Fonts/Roboto-Regular.ttf' (155K)
[2021.01.05-03.47.51:165][  0]LogRenderer: Reallocating scene render targets to support 1536x864 Format 10 NumSamples 1 (Frame:1).
[2021.01.05-03.47.51:166][  0]LogLoad: (Engine Initialization) Total time: 12.58 seconds
[2021.01.05-03.47.51:168][  0]LogLoad: (Engine Initialization) Total Blueprint compile time: 0.00 seconds
[2021.01.05-03.47.51:909][  0]LogContentStreaming: Texture pool size now 1000 MB
[2021.01.05-03.47.51:915][  0]LogSlate: InvalidateAllWidgets triggered.  All widgets were invalidated
[2021.01.05-03.47.52:323][  1]LogSlate: Took 0.000521 seconds to synchronously load lazily loaded font '../../../Engine/Content/Slate/Fonts/Roboto-Regular.ttf' (155K)
[2021.01.05-03.48.10:054][175]LogSlate: Window 'Puzzles (64-bit Development PCD3D_SM5) ' being destroyed
[2021.01.05-03.48.10:061][175]LogWindowsTextInputMethodSystem: Display: IME system now deactivated.
[2021.01.05-03.48.10:072][176]LogSlate: Updating window title bar state: overlay mode, drag disabled, window buttons hidden, title bar hidden
[2021.01.05-03.48.10:083][176]LogEngine: All Windows Closed
[2021.01.05-03.48.10:087][176]LogWindows: FPlatformMisc::RequestExit(0)
[2021.01.05-03.48.10:096][176]LogCore: Engine exit requested (reason: Win RequestExit)
[2021.01.05-03.48.10:099][177]LogCore: Engine exit requested (reason: EngineExit() was called; note: exit was already requested)
[2021.01.05-03.48.10:119][177]LogAudio: Display: Shutting down audio device while 2 references to it are still alive. For more information, compile with INSTRUMENT_AUDIODEVICE_HANDLES.
[2021.01.05-03.48.10:317][177]LogInit: Display: PreExit Game.
[2021.01.05-03.48.10:649][177]LogWorld: BeginTearingDown for /Game/Maps/Lobby
[2021.01.05-03.48.10:650][177]LogWorld: UWorld::CleanupWorld for Lobby, bSessionEnded=true, bCleanupResources=true
[2021.01.05-03.48.10:655][177]LogSlate: InvalidateAllWidgets triggered.  All widgets were invalidated
[2021.01.05-03.48.11:258][177]LogExit: Preparing to exit.
[2021.01.05-03.48.11:374][177]LogMoviePlayer: Shutting down movie player
[2021.01.05-03.48.11:537][177]LogSlate: Updating window title bar state: overlay mode, drag disabled, window buttons hidden, title bar hidden
[2021.01.05-03.48.11:616][177]LogDemo: Cleaned up 0 splitscreen connections with owner deletion
[2021.01.05-03.48.11:782][177]LogExit: Game engine shut down
[2021.01.05-03.48.11:881][177]LogAISub: UAISubsystem::~UAISubsystem AISubsystem (000001FA898B0AC0), frame # 177
[2021.01.05-03.48.11:897][177]LogAISub: UAISubsystem::~UAISubsystem AIPerceptionSystem (000001FA8A7E3C40), frame # 177
[2021.01.05-03.48.11:905][177]LogAISub: UAISubsystem::~UAISubsystem EnvQueryManager (000001FA8A7F3C00), frame # 177
[2021.01.05-03.48.11:974][177]LogAISub: UAISubsystem::~UAISubsystem EnvQueryManager (000001FA8F926400), frame # 177
[2021.01.05-03.48.11:979][177]LogAISub: UAISubsystem::~UAISubsystem AIPerceptionSystem (000001FA8F922840), frame # 177
[2021.01.05-03.48.12:246][177]LogExit: Object subsystem successfully closed.
[2021.01.05-03.48.12:331][177]LogShaderCompilers: Display: Shaders left to compile 0
[2021.01.05-03.48.12:549][177]LogModuleManager: Shutting down and abandoning module SequenceRecorderSections (504)
[2021.01.05-03.48.12:549][177]LogModuleManager: Shutting down and abandoning module SequenceRecorder (502)
[2021.01.05-03.48.12:554][177]LogModuleManager: Shutting down and abandoning module AutomationController (500)
[2021.01.05-03.48.12:556][177]LogModuleManager: Shutting down and abandoning module AutomationWorker (498)
[2021.01.05-03.48.12:558][177]LogModuleManager: Shutting down and abandoning module Voice (496)
[2021.01.05-03.48.12:561][177]LogModuleManager: Shutting down and abandoning module AIModule (494)
[2021.01.05-03.48.12:567][177]LogModuleManager: Shutting down and abandoning module GameplayDebugger (493)
[2021.01.05-03.48.12:570][177]LogModuleManager: Shutting down and abandoning module AITestSuite (491)
[2021.01.05-03.48.12:575][177]LogModuleManager: Shutting down and abandoning module NavigationSystem (489)
[2021.01.05-03.48.12:576][177]LogModuleManager: Shutting down and abandoning module OculusMR (486)
[2021.01.05-03.48.12:581][177]LogModuleManager: Shutting down and abandoning module WmfMediaFactory (484)
[2021.01.05-03.48.12:582][177]LogModuleManager: Shutting down and abandoning module WebMMediaFactory (482)
[2021.01.05-03.48.12:591][177]LogModuleManager: Shutting down and abandoning module WebMMedia (480)
[2021.01.05-03.48.12:596][177]LogModuleManager: Shutting down and abandoning module OpenExrWrapper (478)
[2021.01.05-03.48.12:598][177]LogModuleManager: Shutting down and abandoning module ImgMediaFactory (476)
[2021.01.05-03.48.12:599][177]LogModuleManager: Shutting down and abandoning module AvfMediaFactory (474)
[2021.01.05-03.48.12:602][177]LogModuleManager: Shutting down and abandoning module MagicLeapMediaCodecFactory (472)
[2021.01.05-03.48.12:605][177]LogModuleManager: Shutting down and abandoning module MagicLeapMediaFactory (470)
[2021.01.05-03.48.12:613][177]LogModuleManager: Shutting down and abandoning module PlanarCut (468)
[2021.01.05-03.48.12:616][177]LogModuleManager: Shutting down and abandoning module CharacterAI (466)
[2021.01.05-03.48.12:617][177]LogModuleManager: Shutting down and abandoning module SessionServices (464)
[2021.01.05-03.48.12:622][177]LogModuleManager: Shutting down and abandoning module MovieSceneCapture (462)
[2021.01.05-03.48.12:632][177]LogModuleManager: Shutting down and abandoning module LiveCoding (460)
[2021.01.05-03.48.12:633][177]LogModuleManager: Shutting down and abandoning module LevelSequence (458)
[2021.01.05-03.48.12:635][177]LogModuleManager: Shutting down and abandoning module MovieSceneTracks (456)
[2021.01.05-03.48.12:637][177]LogModuleManager: Shutting down and abandoning module MovieScene (454)
[2021.01.05-03.48.12:638][177]LogModuleManager: Shutting down and abandoning module StreamingPauseRendering (452)
[2021.01.05-03.48.12:647][177]LogModuleManager: Shutting down and abandoning module PortalServices (450)
[2021.01.05-03.48.12:648][177]LogModuleManager: Shutting down and abandoning module PortalRpc (448)
[2021.01.05-03.48.12:650][177]LogModuleManager: Shutting down and abandoning module MessagingRpc (446)
[2021.01.05-03.48.12:652][177]LogModuleManager: Shutting down and abandoning module AudioMixerXAudio2 (444)
[2021.01.05-03.48.12:657][177]LogModuleManager: Shutting down and abandoning module AudioMixerCore (443)
[2021.01.05-03.48.12:658][177]LogModuleManager: Shutting down and abandoning module ProfilerService (440)
[2021.01.05-03.48.12:770][177]LogModuleManager: Shutting down and abandoning module TaskGraph (438)
[2021.01.05-03.48.12:771][177]LogModuleManager: Shutting down and abandoning module Synthesis (436)
[2021.01.05-03.48.12:777][177]LogModuleManager: Shutting down and abandoning module ProceduralMeshComponent (434)
[2021.01.05-03.48.12:779][177]LogModuleManager: Shutting down and abandoning module OculusInput (432)
[2021.01.05-03.48.12:780][177]LogModuleManager: Shutting down and abandoning module MobilePatchingUtils (430)
[2021.01.05-03.48.12:782][177]LogModuleManager: Shutting down and abandoning module GooglePAD (428)
[2021.01.05-03.48.12:787][177]LogModuleManager: Shutting down and abandoning module EditableMesh (426)
[2021.01.05-03.48.12:789][177]LogModuleManager: Shutting down and abandoning module CustomMeshComponent (424)
[2021.01.05-03.48.12:792][177]LogModuleManager: Shutting down and abandoning module CableComponent (422)
[2021.01.05-03.48.12:792][177]LogModuleManager: Shutting down and abandoning module AudioCapture (420)
[2021.01.05-03.48.12:796][177]LogModuleManager: Shutting down and abandoning module AudioCaptureRtAudio (419)
[2021.01.05-03.48.12:802][177]LogModuleManager: Shutting down and abandoning module AssetTags (416)
[2021.01.05-03.48.12:805][177]LogModuleManager: Shutting down and abandoning module ArchVisCharacter (414)
[2021.01.05-03.48.12:806][177]LogModuleManager: Shutting down and abandoning module AppleImageUtilsBlueprintSupport (412)
[2021.01.05-03.48.12:808][177]LogModuleManager: Shutting down and abandoning module AppleImageUtils (410)
[2021.01.05-03.48.12:811][177]LogModuleManager: Shutting down and abandoning module AndroidPermission (408)
[2021.01.05-03.48.12:818][177]LogModuleManager: Shutting down and abandoning module NUTUnrealEngine4 (406)
[2021.01.05-03.48.12:819][177]LogModuleManager: Shutting down and abandoning module NetcodeUnitTest (404)
[2021.01.05-03.48.12:821][177]LogModuleManager: Shutting down and abandoning module TemplateSequence (402)
[2021.01.05-03.48.12:824][177]LogModuleManager: Shutting down and abandoning module MovieRenderPipelineRenderPasses (400)
[2021.01.05-03.48.12:826][177]LogModuleManager: Shutting down and abandoning module MovieRenderPipelineSettings (398)
[2021.01.05-03.48.12:835][177]LogModuleManager: Shutting down and abandoning module MovieRenderPipelineCore (396)
[2021.01.05-03.48.12:836][177]LogModuleManager: Shutting down and abandoning module ImageWriteQueue (395)
[2021.01.05-03.48.12:841][177]LogModuleManager: Shutting down and abandoning module MediaCompositing (392)
[2021.01.05-03.48.12:845][177]LogModuleManager: Shutting down and abandoning module ImgMedia (390)
[2021.01.05-03.48.12:846][177]LogModuleManager: Shutting down and abandoning module MagicLeapSharedWorld (388)
[2021.01.05-03.48.12:848][177]LogModuleManager: Shutting down and abandoning module MagicLeapLightEstimation (386)
[2021.01.05-03.48.12:851][177]LogModuleManager: Shutting down and abandoning module MagicLeapHelperVulkan (384)
[2021.01.05-03.48.12:852][177]LogModuleManager: Shutting down and abandoning module MagicLeapHelperOpenGL (382)
[2021.01.05-03.48.12:855][177]LogModuleManager: Shutting down and abandoning module MagicLeapAudio (380)
[2021.01.05-03.48.12:864][177]LogModuleManager: Shutting down and abandoning module MeshSolverUtilities (378)
[2021.01.05-03.48.12:866][177]LogModuleManager: Shutting down and abandoning module MeshConversion (376)
[2021.01.05-03.48.12:869][177]LogModuleManager: Shutting down and abandoning module DynamicMesh (374)
[2021.01.05-03.48.12:871][177]LogModuleManager: Shutting down and abandoning module GeometryAlgorithms (372)
[2021.01.05-03.48.12:872][177]LogModuleManager: Shutting down and abandoning module GeometricObjects (370)
[2021.01.05-03.48.12:876][177]LogModuleManager: Shutting down and abandoning module GeometryCollectionTracks (368)
[2021.01.05-03.48.12:877][177]LogModuleManager: Shutting down and abandoning module GeometryCollectionSequencer (367)
[2021.01.05-03.48.12:885][177]LogModuleManager: Shutting down and abandoning module GeometryCacheTracks (364)
[2021.01.05-03.48.12:887][177]LogModuleManager: Shutting down and abandoning module GeometryCacheSequencer (363)
[2021.01.05-03.48.12:889][177]LogModuleManager: Shutting down and abandoning module GeometryCache (360)
[2021.01.05-03.48.12:897][177]LogModuleManager: Shutting down and abandoning module GeometryCacheEd (359)
[2021.01.05-03.48.12:899][177]LogModuleManager: Shutting down and abandoning module ChaosNiagara (356)
[2021.01.05-03.48.12:901][177]LogModuleManager: Shutting down and abandoning module ChaosCloth (354)
[2021.01.05-03.48.12:905][177]LogModuleManager: Shutting down and abandoning module BackChannel (352)
[2021.01.05-03.48.12:912][177]LogModuleManager: Shutting down and abandoning module AutomationUtils (350)
[2021.01.05-03.48.12:914][177]LogModuleManager: Shutting down and abandoning module VisualStudioSourceCodeAccess (348)
[2021.01.05-03.48.12:916][177]LogModuleManager: Shutting down and abandoning module HotReload (347)
[2021.01.05-03.48.12:921][177]LogModuleManager: Shutting down and abandoning module VisualStudioCodeSourceCodeAccess (344)
[2021.01.05-03.48.12:926][177]LogModuleManager: Shutting down and abandoning module UObjectPlugin (342)
[2021.01.05-03.48.12:929][177]LogModuleManager: Shutting down and abandoning module SubversionSourceControl (340)
[2021.01.05-03.48.12:932][177]LogModuleManager: Shutting down and abandoning module RiderSourceCodeAccess (338)
[2021.01.05-03.48.12:934][177]LogModuleManager: Shutting down and abandoning module PerforceSourceControl (336)
[2021.01.05-03.48.12:936][177]LogModuleManager: Shutting down and abandoning module SourceControl (335)
[2021.01.05-03.48.12:945][177]LogModuleManager: Shutting down and abandoning module CLionSourceCodeAccess (332)
[2021.01.05-03.48.12:946][177]LogModuleManager: Shutting down and abandoning module ActorLayerUtilities (330)
[2021.01.05-03.48.12:948][177]LogModuleManager: Shutting down and abandoning module Puzzles (328)
[2021.01.05-03.48.12:949][177]LogModuleManager: Shutting down and abandoning module SoundFields (326)
[2021.01.05-03.48.12:950][177]LogModuleManager: Shutting down and abandoning module SignificanceManager (324)
[2021.01.05-03.48.12:952][177]LogModuleManager: Shutting down and abandoning module RuntimePhysXCooking (322)
[2021.01.05-03.48.12:959][177]LogModuleManager: Shutting down and abandoning module PhysXVehiclesEditor (320)
[2021.01.05-03.48.12:962][177]LogModuleManager: Shutting down and abandoning module LocationServicesBPLibrary (316)
[2021.01.05-03.48.12:964][177]LogModuleManager: Shutting down and abandoning module ActorSequence (314)
[2021.01.05-03.48.12:966][177]LogModuleManager: Shutting down and abandoning module UdpMessaging (312)
[2021.01.05-03.48.12:968][177]LogModuleManager: Shutting down and abandoning module TcpMessaging (310)
[2021.01.05-03.48.12:977][177]LogModuleManager: Shutting down and abandoning module MagicLeapARPin (308)
[2021.01.05-03.48.12:978][177]LogModuleManager: Shutting down and abandoning module MagicLeapHandMeshing (306)
[2021.01.05-03.48.12:980][177]LogModuleManager: Shutting down and abandoning module MagicLeapSecureStorage (304)
[2021.01.05-03.48.12:982][177]LogModuleManager: Shutting down and abandoning module MagicLeapPrivileges (302)
[2021.01.05-03.48.12:984][177]LogModuleManager: Shutting down and abandoning module MagicLeapPlanes (300)
[2021.01.05-03.48.12:986][177]LogMagicLeapPlanes: Planes tracker already destroyed.
[2021.01.05-03.48.12:998][177]LogModuleManager: Shutting down and abandoning module MagicLeapImageTracker (298)
[2021.01.05-03.48.12:998][177]LogModuleManager: Shutting down and abandoning module MagicLeapIdentity (296)
[2021.01.05-03.48.13:002][177]LogModuleManager: Shutting down and abandoning module MagicLeapHandTracking (294)
[2021.01.05-03.48.13:010][177]LogModuleManager: Shutting down and abandoning module MagicLeapEyeTracker (292)
[2021.01.05-03.48.13:014][177]LogModuleManager: Shutting down and abandoning module MagicLeapController (290)
[2021.01.05-03.48.13:015][177]LogSlate: Slate User Destroyed.  User Index 0, Is Virtual User: 0
[2021.01.05-03.48.13:019][177]LogModuleManager: Shutting down and abandoning module MagicLeapARPinImpl (288)
[2021.01.05-03.48.13:023][177]LogModuleManager: Shutting down and abandoning module MagicLeapAR (286)
[2021.01.05-03.48.13:030][177]LogModuleManager: Shutting down and abandoning module AugmentedReality (285)
[2021.01.05-03.48.13:032][177]LogModuleManager: Shutting down and abandoning module NiagaraAnimNotifies (282)
[2021.01.05-03.48.13:034][177]LogModuleManager: Shutting down and abandoning module Niagara (280)
[2021.01.05-03.48.13:036][177]LogModuleManager: Shutting down and abandoning module SignalProcessing (279)
[2021.01.05-03.48.13:039][177]LogModuleManager: Shutting down and abandoning module NiagaraEditor (277)
[2021.01.05-03.48.13:048][177]LogModuleManager: Shutting down and abandoning module NiagaraCore (274)
[2021.01.05-03.48.13:049][177]LogModuleManager: Shutting down and abandoning module GameplayTagsEditor (272)
[2021.01.05-03.48.13:051][177]LogModuleManager: Shutting down and abandoning module FacialAnimation (270)
[2021.01.05-03.48.13:052][177]LogModuleManager: Shutting down and abandoning module AssetManagerEditor (268)
[2021.01.05-03.48.13:055][177]LogModuleManager: Shutting down and abandoning module TreeMap (267)
[2021.01.05-03.48.13:057][177]LogModuleManager: Shutting down and abandoning module AnimationSharing (264)
[2021.01.05-03.48.13:058][177]LogModuleManager: Shutting down and abandoning module LightPropagationVolumeRuntime (262)
[2021.01.05-03.48.13:066][177]LogModuleManager: Shutting down and abandoning module Paper2D (260)
[2021.01.05-03.48.13:068][177]LogModuleManager: Shutting down and abandoning module WindowsMoviePlayer (258)
[2021.01.05-03.48.13:071][177]LogModuleManager: Shutting down and abandoning module WebMMoviePlayer (256)
[2021.01.05-03.48.13:072][177]LogModuleManager: Shutting down and abandoning module NetworkReplayStreaming (254)
[2021.01.05-03.48.13:076][177]LogModuleManager: Shutting down and abandoning module PacketHandler (252)
[2021.01.05-03.48.13:084][177]LogModuleManager: Shutting down and abandoning module ClothingSystemEditor (250)
[2021.01.05-03.48.13:086][177]LogModuleManager: Shutting down and abandoning module ClothingSystemRuntimeNv (248)
[2021.01.05-03.48.13:087][177]LogModuleManager: Shutting down and abandoning module MediaAssets (246)
[2021.01.05-03.48.13:089][177]LogModuleManager: Shutting down and abandoning module Overlay (244)
[2021.01.05-03.48.13:091][177]LogModuleManager: Shutting down and abandoning module OverlayEditor (243)
[2021.01.05-03.48.13:097][177]LogModuleManager: Shutting down and abandoning module VREditor (240)
[2021.01.05-03.48.13:098][177]LogModuleManager: Shutting down and abandoning module StringTableEditor (238)
[2021.01.05-03.48.13:101][177]LogModuleManager: Shutting down and abandoning module GameplayTasksEditor (236)
[2021.01.05-03.48.13:102][177]LogModuleManager: Shutting down and abandoning module BehaviorTreeEditor (234)
[2021.01.05-03.48.13:105][177]LogModuleManager: Shutting down and abandoning module FunctionalTesting (232)
[2021.01.05-03.48.13:106][177]LogModuleManager: Shutting down and abandoning module CollisionAnalyzer (230)
[2021.01.05-03.48.13:116][177]LogModuleManager: Shutting down and abandoning module UMG (228)
[2021.01.05-03.48.13:118][177]LogModuleManager: Shutting down and abandoning module UMGEditor (227)
[2021.01.05-03.48.13:120][177]LogModuleManager: Shutting down and abandoning module Sequencer (226)
[2021.01.05-03.48.13:121][177]LogModuleManager: Shutting down and abandoning module MessageLog (223)
[2021.01.05-03.48.13:124][177]LogModuleManager: Shutting down and abandoning module MaterialEditor (221)
[2021.01.05-03.48.13:128][177]LogModuleManager: Shutting down and abandoning module ContentBrowser (220)
[2021.01.05-03.48.13:130][177]LogModuleManager: Shutting down and abandoning module WorkspaceMenuStructure (219)
[2021.01.05-03.48.13:131][177]LogModuleManager: Shutting down and abandoning module CollectionManager (217)
[2021.01.05-03.48.13:135][177]LogModuleManager: Shutting down and abandoning module DirectoryWatcher (216)
[2021.01.05-03.48.13:136][177]LogModuleManager: Shutting down and abandoning module SlateReflector (208)
[2021.01.05-03.48.13:138][177]LogModuleManager: Shutting down and abandoning module Slate (206)
[2021.01.05-03.48.13:146][177]LogModuleManager: Shutting down and abandoning module SlateCore (204)
[2021.01.05-03.48.13:147][177]LogModuleManager: Shutting down and abandoning module LandscapeEditorUtilities (202)
[2021.01.05-03.48.13:148][177]LogModuleManager: Shutting down and abandoning module EditorStyle (200)
[2021.01.05-03.48.13:154][177]LogModuleManager: Shutting down and abandoning module UnrealEd (198)
[2021.01.05-03.48.13:155][177]LogModuleManager: Shutting down and abandoning module MRMesh (196)
[2021.01.05-03.48.13:158][177]LogModuleManager: Shutting down and abandoning module Messaging (194)
[2021.01.05-03.48.13:160][177]LogModuleManager: Shutting down and abandoning module SourceCodeAccess (192)
[2021.01.05-03.48.13:170][177]LogModuleManager: Shutting down and abandoning module HeadMountedDisplay (190)
[2021.01.05-03.48.13:171][177]LogModuleManager: Shutting down and abandoning module XAudio2 (188)
[2021.01.05-03.48.13:172][177]LogModuleManager: Shutting down and abandoning module Networking (186)
[2021.01.05-03.48.13:177][177]LogModuleManager: Shutting down and abandoning module Core (184)
[2021.01.05-03.48.13:181][177]LogModuleManager: Shutting down and abandoning module MovieSceneTools (182)
[2021.01.05-03.48.13:182][177]LogModuleManager: Shutting down and abandoning module KismetCompiler (180)
[2021.01.05-03.48.13:185][177]LogModuleManager: Shutting down and abandoning module MeshBuilder (178)
[2021.01.05-03.48.13:186][177]LogModuleManager: Shutting down and abandoning module MeshUtilities (176)
[2021.01.05-03.48.13:188][177]LogModuleManager: Shutting down and abandoning module MeshMergeUtilities (175)
[2021.01.05-03.48.13:190][177]LogModuleManager: Shutting down and abandoning module MeshReductionInterface (174)
[2021.01.05-03.48.13:198][177]LogModuleManager: Shutting down and abandoning module MeshBoneReduction (173)
[2021.01.05-03.48.13:200][177]LogModuleManager: Shutting down and abandoning module SkeletalMeshReduction (171)
[2021.01.05-03.48.13:202][177]LogModuleManager: Shutting down and abandoning module ProxyLODMeshReduction (169)
[2021.01.05-03.48.13:204][177]LogModuleManager: Shutting down and abandoning module QuadricMeshReduction (167)
[2021.01.05-03.48.13:205][177]LogModuleManager: Shutting down and abandoning module MaterialBaking (163)
[2021.01.05-03.48.13:215][177]LogModuleManager: Shutting down and abandoning module NullInstallBundleManager (158)
[2021.01.05-03.48.13:216][177]LogModuleManager: Shutting down and abandoning module PIEPreviewDeviceProfileSelector (156)
[2021.01.05-03.48.13:218][177]LogModuleManager: Shutting down and abandoning module DerivedDataCache (154)
[2021.01.05-03.48.13:220][177]LogModuleManager: Shutting down and abandoning module XGEController (152)
[2021.01.05-03.48.13:221][177]LogModuleManager: Shutting down and abandoning module TargetPlatform (150)
[2021.01.05-03.48.13:223][177]LogModuleManager: Shutting down and abandoning module VulkanShaderFormat (149)
[2021.01.05-03.48.13:229][177]LogModuleManager: Shutting down and abandoning module ShaderFormatVectorVM (147)
[2021.01.05-03.48.13:230][177]LogModuleManager: Shutting down and abandoning module ShaderFormatOpenGL (145)
[2021.01.05-03.48.13:231][177]LogModuleManager: Shutting down and abandoning module ShaderFormatD3D (143)
[2021.01.05-03.48.13:235][177]LogModuleManager: Shutting down and abandoning module MetalShaderFormat (141)
[2021.01.05-03.48.13:243][177]LogModuleManager: Shutting down and abandoning module TextureFormatUncompressed (139)
[2021.01.05-03.48.13:244][177]LogModuleManager: Shutting down and abandoning module TextureFormatPVR (137)
[2021.01.05-03.48.13:245][177]LogModuleManager: Shutting down and abandoning module TextureFormatDXT (135)
[2021.01.05-03.48.13:247][177]LogModuleManager: Shutting down and abandoning module TextureFormatIntelISPCTexComp (133)
[2021.01.05-03.48.13:249][177]LogModuleManager: Shutting down and abandoning module TextureFormatASTC (131)
[2021.01.05-03.48.13:251][177]LogModuleManager: Shutting down and abandoning module ImageWrapper (130)
[2021.01.05-03.48.13:252][177]LogModuleManager: Shutting down and abandoning module TextureFormatAndroid (127)
[2021.01.05-03.48.13:256][177]LogModuleManager: Shutting down and abandoning module AudioFormatOpus (125)
[2021.01.05-03.48.13:258][177]LogModuleManager: Shutting down and abandoning module AudioFormatOgg (123)
[2021.01.05-03.48.13:259][177]LogModuleManager: Shutting down and abandoning module AudioFormatADPCM (121)
[2021.01.05-03.48.13:261][177]LogModuleManager: Shutting down and abandoning module WindowsServerTargetPlatform (119)
[2021.01.05-03.48.13:270][177]LogModuleManager: Shutting down and abandoning module WindowsClientTargetPlatform (117)
[2021.01.05-03.48.13:271][177]LogModuleManager: Shutting down and abandoning module WindowsTargetPlatform (115)
[2021.01.05-03.48.13:273][177]LogModuleManager: Shutting down and abandoning module WindowsNoEditorTargetPlatform (113)
[2021.01.05-03.48.13:275][177]LogModuleManager: Shutting down and abandoning module InputCore (110)
[2021.01.05-03.48.13:278][177]LogModuleManager: Shutting down and abandoning module Settings (108)
[2021.01.05-03.48.13:280][177]LogModuleManager: Shutting down and abandoning module PhysXCooking (106)
[2021.01.05-03.48.13:281][177]LogModuleManager: Shutting down and abandoning module ChaosSolvers (104)
[2021.01.05-03.48.13:289][177]LogModuleManager: Shutting down and abandoning module FieldSystemEngine (103)
[2021.01.05-03.48.13:292][177]LogModuleManager: Shutting down and abandoning module Chaos (100)
[2021.01.05-03.48.13:295][177]LogModuleManager: Shutting down and abandoning module WindowsPlatformFeatures (98)
[2021.01.05-03.48.13:302][177]LogModuleManager: Shutting down and abandoning module GameplayMediaEncoder (97)
[2021.01.05-03.48.13:309][177]LogModuleManager: Shutting down and abandoning module AVEncoder (96)
[2021.01.05-03.48.13:311][177]LogModuleManager: Shutting down and abandoning module SteamVRInputDevice (92)
[2021.01.05-03.48.13:317][177]LogModuleManager: Shutting down and abandoning module SteamVRInput (90)
[2021.01.05-03.48.13:318][177]LogModuleManager: Shutting down and abandoning module SteamVR (88)
[2021.01.05-03.48.13:321][177]LogHMD: Freeing OpenVRDLLHandle.
[2021.01.05-03.48.13:322][177]LogModuleManager: Shutting down and abandoning module OculusHMD (86)
[2021.01.05-03.48.13:326][177]LogModuleManager: Shutting down and abandoning module ExampleDeviceProfileSelector (84)
[2021.01.05-03.48.13:334][177]LogModuleManager: Shutting down and abandoning module LauncherChunkInstaller (82)
[2021.01.05-03.48.13:336][177]LogModuleManager: Shutting down and abandoning module OnlineBlueprintSupport (80)
[2021.01.05-03.48.13:340][177]LogModuleManager: Shutting down and abandoning module OnlineSubsystem (76)
[2021.01.05-03.48.13:344][177]LogModuleManager: Shutting down and abandoning module XMPP (71)
[2021.01.05-03.48.13:348][177]LogModuleManager: Shutting down and abandoning module WebSockets (70)
[2021.01.05-03.48.13:379][177]LogModuleManager: Shutting down and abandoning module HTTP (67)
[2021.01.05-03.48.13:411][177]LogModuleManager: Shutting down and abandoning module SSL (66)
[2021.01.05-03.48.13:419][177]LogModuleManager: Shutting down and abandoning module WmfMedia (62)
[2021.01.05-03.48.13:430][177]LogModuleManager: Shutting down and abandoning module Media (61)
[2021.01.05-03.48.13:432][177]LogModuleManager: Shutting down and abandoning module MagicLeap (58)
[2021.01.05-03.48.13:438][177]LogModuleManager: Shutting down and abandoning module NiagaraVertexFactories (56)
[2021.01.05-03.48.13:440][177]LogModuleManager: Shutting down and abandoning module NiagaraShader (54)
[2021.01.05-03.48.13:442][177]LogModuleManager: Shutting down and abandoning module VariantManagerContent (52)
[2021.01.05-03.48.13:445][177]LogModuleManager: Shutting down and abandoning module DatasmithContent (50)
[2021.01.05-03.48.13:453][177]LogModuleManager: Shutting down and abandoning module AISupportModule (48)
[2021.01.05-03.48.13:454][177]LogModuleManager: Shutting down and abandoning module DesktopPlatform (46)
[2021.01.05-03.48.13:458][177]LogModuleManager: Shutting down and abandoning module PlatformCryptoOpenSSL (44)
[2021.01.05-03.48.13:466][177]LogModuleManager: Shutting down and abandoning module PlatformCryptoTypes (42)
[2021.01.05-03.48.13:468][177]LogModuleManager: Shutting down and abandoning module PlatformCrypto (40)
[2021.01.05-03.48.13:469][177]LogModuleManager: Shutting down and abandoning module AnimationModifiers (38)
[2021.01.05-03.48.13:471][177]LogModuleManager: Shutting down and abandoning module PropertyEditor (37)
[2021.01.05-03.48.13:472][177]LogModuleManager: Shutting down and abandoning module AudioEditor (34)
[2021.01.05-03.48.13:479][177]LogModuleManager: Shutting down and abandoning module TextureCompressor (32)
[2021.01.05-03.48.13:487][177]LogModuleManager: Shutting down and abandoning module RenderCore (30)
[2021.01.05-03.48.13:490][177]LogModuleManager: Shutting down and abandoning module Landscape (28)
[2021.01.05-03.48.13:492][177]LogModuleManager: Shutting down and abandoning module SlateRHIRenderer (26)
[2021.01.05-03.48.13:494][177]LogModuleManager: Shutting down and abandoning module OpenGLDrv (24)
[2021.01.05-03.48.13:495][177]LogModuleManager: Shutting down and abandoning module D3D11RHI (22)
[2021.01.05-03.48.13:501][177]LogModuleManager: Shutting down and abandoning module AnimGraphRuntime (20)
[2021.01.05-03.48.13:505][177]LogModuleManager: Shutting down and abandoning module Renderer (18)
[2021.01.05-03.48.13:507][177]LogModuleManager: Shutting down and abandoning module Engine (16)
[2021.01.05-03.48.13:509][177]LogModuleManager: Shutting down and abandoning module CoreUObject (14)
[2021.01.05-03.48.13:515][177]LogModuleManager: Shutting down and abandoning module NetworkFile (12)
[2021.01.05-03.48.13:518][177]LogModuleManager: Shutting down and abandoning module CookedIterativeFile (10)
[2021.01.05-03.48.13:520][177]LogModuleManager: Shutting down and abandoning module StreamingFile (8)
[2021.01.05-03.48.13:521][177]LogModuleManager: Shutting down and abandoning module SandboxFile (6)
[2021.01.05-03.48.13:528][177]LogModuleManager: Shutting down and abandoning module PakFile (4)
[2021.01.05-03.48.13:529][177]LogModuleManager: Shutting down and abandoning module RSA (3)
[2021.01.05-03.48.13:671][177]LogContentStreaming: Display: There are 1 unreleased StreamingManagers
[2021.01.05-03.48.13:681][177]LogD3D11RHI: Shutdown
[2021.01.05-03.48.13:681][177]LogD3D11RHI: CleanupD3DDevice
[2021.01.05-03.48.13:728][177]LogExit: Exiting.
[2021.01.05-03.48.13:744][177]Log file closed, 01/04/21 22:48:13
