Log file open, 12/31/20 00:50:31
LogInit: Display: Running engine for game: Puzzles
LogPlatformFile: Not using cached read wrapper
LogTaskGraph: Started task graph with 5 named threads and 11 total threads with 3 sets of task threads.
LogStats: Stats thread started at 0.298992
LogD3D11RHI: Loaded GFSDK_Aftermath_Lib.x64.dll
LogICUInternationalization: ICU TimeZone Detection - Raw Offset: -5:00, Platform Override: ''
LogPluginManager: Mounting plugin Paper2D
LogPluginManager: Mounting plugin AISupport
LogPluginManager: Mounting plugin LightPropagationVolume
LogPluginManager: Mounting plugin CameraShakePreviewer
LogPluginManager: Mounting plugin ActorLayerUtilities
LogPluginManager: Mounting plugin AnimationSharing
LogPluginManager: Mounting plugin CLionSourceCodeAccess
LogPluginManager: Mounting plugin CodeLiteSourceCodeAccess
LogPluginManager: Mounting plugin GitSourceControl
LogPluginManager: Mounting plugin KDevelopSourceCodeAccess
LogPluginManager: Mounting plugin NullSourceCodeAccess
LogPluginManager: Mounting plugin PerforceSourceControl
LogPluginManager: Mounting plugin PlasticSourceControl
LogPluginManager: Mounting plugin RiderSourceCodeAccess
LogPluginManager: Mounting plugin SubversionSourceControl
LogPluginManager: Mounting plugin UObjectPlugin
LogPluginManager: Mounting plugin VisualStudioCodeSourceCodeAccess
LogPluginManager: Mounting plugin VisualStudioSourceCodeAccess
LogPluginManager: Mounting plugin XCodeSourceCodeAccess
LogPluginManager: Mounting plugin AssetManagerEditor
LogPluginManager: Mounting plugin CryptoKeys
LogPluginManager: Mounting plugin CurveEditorTools
LogPluginManager: Mounting plugin DataValidation
LogPluginManager: Mounting plugin EditorScriptingUtilities
LogPluginManager: Mounting plugin FacialAnimation
LogPluginManager: Mounting plugin GameplayTagsEditor
LogPluginManager: Mounting plugin GeometryMode
LogPluginManager: Mounting plugin MacGraphicsSwitching
LogPluginManager: Mounting plugin MaterialAnalyzer
LogPluginManager: Mounting plugin MobileLauncherProfileWizard
LogPluginManager: Mounting plugin PluginBrowser
LogPluginManager: Mounting plugin SpeedTreeImporter
LogPluginManager: Mounting plugin DatasmithContent
LogPluginManager: Mounting plugin VariantManagerContent
LogPluginManager: Mounting plugin AlembicImporter
LogPluginManager: Mounting plugin AutomationUtils
LogPluginManager: Mounting plugin BackChannel
LogPluginManager: Mounting plugin ChaosCloth
LogPluginManager: Mounting plugin ChaosClothEditor
LogPluginManager: Mounting plugin ChaosEditor
LogPluginManager: Mounting plugin ChaosNiagara
LogPluginManager: Mounting plugin ChaosSolverPlugin
LogPluginManager: Mounting plugin CharacterAI
LogPluginManager: Mounting plugin GeometryCache
LogPluginManager: Mounting plugin GeometryCollectionPlugin
LogPluginManager: Mounting plugin GeometryProcessing
LogPluginManager: Mounting plugin PlanarCut
LogPluginManager: Mounting plugin PlatformCrypto
LogPluginManager: Mounting plugin ProxyLODPlugin
LogPluginManager: Mounting plugin SkeletalReduction
LogPluginManager: Mounting plugin Niagara
LogPluginManager: Mounting plugin MagicLeap
LogPluginManager: Mounting plugin MagicLeapLightEstimation
LogPluginManager: Mounting plugin MagicLeapMedia
LogPluginManager: Mounting plugin MagicLeapPassableWorld
LogPluginManager: Mounting plugin MLSDK
LogPluginManager: Mounting plugin AndroidMedia
LogPluginManager: Mounting plugin AvfMedia
LogPluginManager: Mounting plugin ImgMedia
LogPluginManager: Mounting plugin MediaCompositing
LogPluginManager: Mounting plugin MediaPlayerEditor
LogPluginManager: Mounting plugin WebMMedia
LogPluginManager: Mounting plugin WmfMedia
LogPluginManager: Mounting plugin MeshPainting
LogPluginManager: Mounting plugin TcpMessaging
LogPluginManager: Mounting plugin UdpMessaging
LogPluginManager: Mounting plugin ActorSequence
LogPluginManager: Mounting plugin LevelSequenceEditor
LogPluginManager: Mounting plugin MatineeToLevelSequence
LogPluginManager: Mounting plugin MovieRenderPipeline
LogPluginManager: Mounting plugin TemplateSequence
LogPluginManager: Mounting plugin NetcodeUnitTest
LogPluginManager: Mounting plugin NUTUnrealEngine4
LogPluginManager: Mounting plugin OnlineSubsystemGooglePlay
LogPluginManager: Mounting plugin OnlineSubsystemIOS
LogPluginManager: Mounting plugin OnlineSubsystem
LogPluginManager: Mounting plugin OnlineSubsystemNull
LogPluginManager: Mounting plugin OnlineSubsystemUtils
LogPluginManager: Mounting plugin LauncherChunkInstaller
LogPluginManager: Mounting plugin AndroidDeviceProfileSelector
LogPluginManager: Mounting plugin AndroidMoviePlayer
LogPluginManager: Mounting plugin AndroidPermission
LogPluginManager: Mounting plugin AppleImageUtils
LogPluginManager: Mounting plugin AppleMoviePlayer
LogPluginManager: Mounting plugin ArchVisCharacter
LogPluginManager: Mounting plugin AssetTags
LogPluginManager: Mounting plugin AudioCapture
LogPluginManager: Mounting plugin CableComponent
LogPluginManager: Mounting plugin CustomMeshComponent
LogPluginManager: Mounting plugin EditableMesh
LogPluginManager: Mounting plugin ExampleDeviceProfileSelector
LogPluginManager: Mounting plugin GoogleCloudMessaging
LogPluginManager: Mounting plugin GooglePAD
LogPluginManager: Mounting plugin IOSDeviceProfileSelector
LogPluginManager: Mounting plugin LinuxDeviceProfileSelector
LogPluginManager: Mounting plugin LocationServicesBPLibrary
LogPluginManager: Mounting plugin MobilePatchingUtils
LogPluginManager: Mounting plugin OculusVR
LogPluginManager: Mounting plugin PhysXVehicles
LogPluginManager: Mounting plugin PostSplashScreen
LogPluginManager: Mounting plugin ProceduralMeshComponent
LogPluginManager: Mounting plugin RuntimePhysXCooking
LogPluginManager: Mounting plugin SignificanceManager
LogPluginManager: Mounting plugin SoundFields
LogPluginManager: Mounting plugin SteamVR
LogPluginManager: Mounting plugin Synthesis
LogPluginManager: Mounting plugin WebMMoviePlayer
LogPluginManager: Mounting plugin WindowsMoviePlayer
LogPluginManager: Mounting plugin ScreenshotTools
LogInit: Using libcurl 7.55.1-DEV
LogInit:  - built for x86_64-pc-win32
LogInit:  - supports SSL with OpenSSL/1.1.1
LogInit:  - supports HTTP deflate (compression) using libz 1.2.8
LogInit:  - other features:
LogInit:      CURL_VERSION_SSL
LogInit:      CURL_VERSION_LIBZ
LogInit:      CURL_VERSION_IPV6
LogInit:      CURL_VERSION_ASYNCHDNS
LogInit:      CURL_VERSION_LARGEFILE
LogInit:      CURL_VERSION_IDN
LogInit:  CurlRequestOptions (configurable via config and command line):
LogInit:  - bVerifyPeer = true  - Libcurl will verify peer certificate
LogInit:  - bUseHttpProxy = false  - Libcurl will NOT use HTTP proxy
LogInit:  - bDontReuseConnections = false  - Libcurl will reuse connections
LogInit:  - MaxHostConnections = 16  - Libcurl will limit the number of connections to a host
LogInit:  - LocalHostAddr = Default
LogInit:  - BufferSize = 65536
LogOnline: OSS: Creating online subsystem instance for: NULL
LogInit: WinSock: version 1.1 (2.2), MaxSocks=32767, MaxUdp=65467
LogOnline: OSS: TryLoadSubsystemAndSetDefault: Loaded subsystem for module [NULL]
LogInit: Build: ++UE4+Release-4.25-CL-14469661
LogInit: Engine Version: 4.25.4-14469661+++UE4+Release-4.25
LogInit: Compatible Engine Version: 4.25.0-13144385+++UE4+Release-4.25
LogInit: Net CL: 13144385
LogInit: OS: Windows 10 (Release 1909) (), CPU: Intel(R) Core(TM) i7-7500U CPU @ 2.70GHz, GPU: Intel(R) HD Graphics 620
LogInit: Compiled (64-bit): Oct 11 2020 08:10:49
LogInit: Compiled with Visual C++: 19.24.28315.00
LogInit: Build Configuration: Development
LogInit: Branch Name: ++UE4+Release-4.25
LogInit: Command Line:  /Game/Maps/Main -game -log
LogInit: Base Directory: C:/Program Files/Epic Games/UE_4.25/Engine/Binaries/Win64/
LogInit: Allocator: TBB
LogInit: Installed Engine Build: 1
LogDevObjectVersion: Number of dev versions registered: 26
LogDevObjectVersion:   Dev-Blueprints (B0D832E4-1F89-4F0D-ACCF-7EB736FD4AA2): 10
LogDevObjectVersion:   Dev-Build (E1C64328-A22C-4D53-A36C-8E866417BD8C): 0
LogDevObjectVersion:   Dev-Core (375EC13C-06E4-48FB-B500-84F0262A717E): 4
LogDevObjectVersion:   Dev-Editor (E4B068ED-F494-42E9-A231-DA0B2E46BB41): 38
LogDevObjectVersion:   Dev-Framework (CFFC743F-43B0-4480-9391-14DF171D2073): 37
LogDevObjectVersion:   Dev-Mobile (B02B49B5-BB20-44E9-A304-32B752E40360): 2
LogDevObjectVersion:   Dev-Networking (A4E4105C-59A1-49B5-A7C5-40C4547EDFEE): 0
LogDevObjectVersion:   Dev-Online (39C831C9-5AE6-47DC-9A44-9C173E1C8E7C): 0
LogDevObjectVersion:   Dev-Physics (78F01B33-EBEA-4F98-B9B4-84EACCB95AA2): 4
LogDevObjectVersion:   Dev-Platform (6631380F-2D4D-43E0-8009-CF276956A95A): 0
LogDevObjectVersion:   Dev-Rendering (12F88B9F-8875-4AFC-A67C-D90C383ABD29): 43
LogDevObjectVersion:   Dev-Sequencer (7B5AE74C-D270-4C10-A958-57980B212A5A): 12
LogDevObjectVersion:   Dev-VR (D7296918-1DD6-4BDD-9DE2-64A83CC13884): 3
LogDevObjectVersion:   Dev-LoadTimes (C2A15278-BFE7-4AFE-6C17-90FF531DF755): 1
LogDevObjectVersion:   Private-Geometry (6EACA3D4-40EC-4CC1-B786-8BED09428FC5): 3
LogDevObjectVersion:   Dev-AnimPhys (29E575DD-E0A3-4627-9D10-D276232CDCEA): 17
LogDevObjectVersion:   Dev-Anim (AF43A65D-7FD3-4947-9873-3E8ED9C1BB05): 7
LogDevObjectVersion:   Dev-ReflectionCapture (6B266CEC-1EC7-4B8F-A30B-E4D90942FC07): 1
LogDevObjectVersion:   Dev-Automation (0DF73D61-A23F-47EA-B727-89E90C41499A): 1
LogDevObjectVersion:   FortniteMain (601D1886-AC64-4F84-AA16-D3DE0DEAC7D6): 31
LogDevObjectVersion:   Dev-Enterprise (9DFFBCD6-494F-0158-E221-12823C92A888): 10
LogDevObjectVersion:   Dev-Niagara (F2AED0AC-9AFE-416F-8664-AA7FFA26D6FC): 1
LogDevObjectVersion:   Dev-Destruction (174F1F0B-B4C6-45A5-B13F-2EE8D0FB917D): 10
LogDevObjectVersion:   Dev-Physics-Ext (35F94A83-E258-406C-A318-09F59610247C): 37
LogDevObjectVersion:   Dev-PhysicsMaterial-Chaos (B68FC16E-8B1B-42E2-B453-215C058844FE): 1
LogDevObjectVersion:   Dev-CineCamera (B2E18506-4273-CFC2-A54E-F4BB758BBA07): 1
LogInit: Presizing for max 25165824 objects, including 0 objects not considered by GC, pre-allocating 0 bytes for permanent pool.
LogConfig: Applying CVar settings from Section [/Script/Engine.StreamingSettings] File [C:/Users/Angelica .DESKTOP-RM5JOAJ/Documents/Learning Multiplayer/Puzzles/Puzzles/Saved/Config/Windows/Engine.ini]
LogConfig: Setting CVar [[s.MinBulkDataSizeForAsyncLoading:131072]]
LogConfig: Setting CVar [[s.AsyncLoadingThreadEnabled:0]]
LogConfig: Setting CVar [[s.EventDrivenLoaderEnabled:1]]
LogConfig: Setting CVar [[s.WarnIfTimeLimitExceeded:0]]
LogConfig: Setting CVar [[s.TimeLimitExceededMultiplier:1.5]]
LogConfig: Setting CVar [[s.TimeLimitExceededMinTime:0.005]]
LogConfig: Setting CVar [[s.UseBackgroundLevelStreaming:1]]
LogConfig: Setting CVar [[s.PriorityAsyncLoadingExtraTime:15.0]]
LogConfig: Setting CVar [[s.LevelStreamingActorsUpdateTimeLimit:5.0]]
LogConfig: Setting CVar [[s.PriorityLevelStreamingActorsUpdateExtraTime:5.0]]
LogConfig: Setting CVar [[s.LevelStreamingComponentsRegistrationGranularity:10]]
LogConfig: Setting CVar [[s.UnregisterComponentsTimeLimit:1.0]]
LogConfig: Setting CVar [[s.LevelStreamingComponentsUnregistrationGranularity:5]]
LogConfig: Setting CVar [[s.FlushStreamingOnExit:1]]
LogInit: Object subsystem initialized
LogConfig: Setting CVar [[con.DebugEarlyDefault:1]]
LogConfig: Setting CVar [[r.setres:1280x720]]
[2020.12.31-05.50.32:605][  0]LogConfig: Setting CVar [[con.DebugEarlyDefault:1]]
[2020.12.31-05.50.32:606][  0]LogConfig: Setting CVar [[r.setres:1280x720]]
[2020.12.31-05.50.32:607][  0]LogConfig: Applying CVar settings from Section [/Script/Engine.RendererSettings] File [C:/Users/Angelica .DESKTOP-RM5JOAJ/Documents/Learning Multiplayer/Puzzles/Puzzles/Saved/Config/Windows/Engine.ini]
[2020.12.31-05.50.32:608][  0]LogConfig: Setting CVar [[r.GPUCrashDebugging:0]]
[2020.12.31-05.50.32:611][  0]LogConfig: Applying CVar settings from Section [/Script/Engine.RendererOverrideSettings] File [C:/Users/Angelica .DESKTOP-RM5JOAJ/Documents/Learning Multiplayer/Puzzles/Puzzles/Saved/Config/Windows/Engine.ini]
[2020.12.31-05.50.32:612][  0]LogConfig: Applying CVar settings from Section [/Script/Engine.StreamingSettings] File [C:/Users/Angelica .DESKTOP-RM5JOAJ/Documents/Learning Multiplayer/Puzzles/Puzzles/Saved/Config/Windows/Engine.ini]
[2020.12.31-05.50.32:613][  0]LogConfig: Setting CVar [[s.MinBulkDataSizeForAsyncLoading:131072]]
[2020.12.31-05.50.32:614][  0]LogConfig: Setting CVar [[s.AsyncLoadingThreadEnabled:0]]
[2020.12.31-05.50.32:614][  0]LogConfig: Setting CVar [[s.EventDrivenLoaderEnabled:1]]
[2020.12.31-05.50.32:615][  0]LogConfig: Setting CVar [[s.WarnIfTimeLimitExceeded:0]]
[2020.12.31-05.50.32:616][  0]LogConfig: Setting CVar [[s.TimeLimitExceededMultiplier:1.5]]
[2020.12.31-05.50.32:616][  0]LogConfig: Setting CVar [[s.TimeLimitExceededMinTime:0.005]]
[2020.12.31-05.50.32:617][  0]LogConfig: Setting CVar [[s.UseBackgroundLevelStreaming:1]]
[2020.12.31-05.50.32:618][  0]LogConfig: Setting CVar [[s.PriorityAsyncLoadingExtraTime:15.0]]
[2020.12.31-05.50.32:620][  0]LogConfig: Setting CVar [[s.LevelStreamingActorsUpdateTimeLimit:5.0]]
[2020.12.31-05.50.32:626][  0]LogConfig: Setting CVar [[s.PriorityLevelStreamingActorsUpdateExtraTime:5.0]]
[2020.12.31-05.50.32:626][  0]LogConfig: Setting CVar [[s.LevelStreamingComponentsRegistrationGranularity:10]]
[2020.12.31-05.50.32:627][  0]LogConfig: Setting CVar [[s.UnregisterComponentsTimeLimit:1.0]]
[2020.12.31-05.50.32:628][  0]LogConfig: Setting CVar [[s.LevelStreamingComponentsUnregistrationGranularity:5]]
[2020.12.31-05.50.32:629][  0]LogConfig: Setting CVar [[s.FlushStreamingOnExit:1]]
[2020.12.31-05.50.32:630][  0]LogConfig: Applying CVar settings from Section [/Script/Engine.GarbageCollectionSettings] File [C:/Users/Angelica .DESKTOP-RM5JOAJ/Documents/Learning Multiplayer/Puzzles/Puzzles/Saved/Config/Windows/Engine.ini]
[2020.12.31-05.50.32:630][  0]LogConfig: Setting CVar [[gc.MaxObjectsNotConsideredByGC:1]]
[2020.12.31-05.50.32:631][  0]LogConfig: Setting CVar [[gc.SizeOfPermanentObjectPool:0]]
[2020.12.31-05.50.32:632][  0]LogConfig: Setting CVar [[gc.FlushStreamingOnGC:0]]
[2020.12.31-05.50.32:633][  0]LogConfig: Setting CVar [[gc.NumRetriesBeforeForcingGC:10]]
[2020.12.31-05.50.32:634][  0]LogConfig: Setting CVar [[gc.AllowParallelGC:1]]
[2020.12.31-05.50.32:639][  0]LogConfig: Setting CVar [[gc.TimeBetweenPurgingPendingKillObjects:61.1]]
[2020.12.31-05.50.32:640][  0]LogConfig: Setting CVar [[gc.MaxObjectsInEditor:25165824]]
[2020.12.31-05.50.32:642][  0]LogConfig: Setting CVar [[gc.IncrementalBeginDestroyEnabled:1]]
[2020.12.31-05.50.32:643][  0]LogConfig: Setting CVar [[gc.CreateGCClusters:1]]
[2020.12.31-05.50.32:643][  0]LogConfig: Setting CVar [[gc.MinGCClusterSize:5]]
[2020.12.31-05.50.32:644][  0]LogConfig: Setting CVar [[gc.ActorClusteringEnabled:0]]
[2020.12.31-05.50.32:645][  0]LogConfig: Setting CVar [[gc.BlueprintClusteringEnabled:0]]
[2020.12.31-05.50.32:646][  0]LogConfig: Setting CVar [[gc.UseDisregardForGCOnDedicatedServers:0]]
[2020.12.31-05.50.32:647][  0]LogConfig: Applying CVar settings from Section [/Script/Engine.NetworkSettings] File [C:/Users/Angelica .DESKTOP-RM5JOAJ/Documents/Learning Multiplayer/Puzzles/Puzzles/Saved/Config/Windows/Engine.ini]
[2020.12.31-05.50.32:647][  0]LogConfig: Applying CVar settings from Section [/Script/UnrealEd.CookerSettings] File [C:/Users/Angelica .DESKTOP-RM5JOAJ/Documents/Learning Multiplayer/Puzzles/Puzzles/Saved/Config/Windows/Engine.ini]
[2020.12.31-05.50.32:655][  0]LogConfig: Applying CVar settings from Section [ViewDistanceQuality@3] File [C:/Users/Angelica .DESKTOP-RM5JOAJ/Documents/Learning Multiplayer/Puzzles/Puzzles/Saved/Config/Windows/Scalability.ini]
[2020.12.31-05.50.32:655][  0]LogConfig: Setting CVar [[r.SkeletalMeshLODBias:0]]
[2020.12.31-05.50.32:656][  0]LogConfig: Setting CVar [[r.ViewDistanceScale:1.0]]
[2020.12.31-05.50.32:657][  0]LogConfig: Applying CVar settings from Section [AntiAliasingQuality@3] File [C:/Users/Angelica .DESKTOP-RM5JOAJ/Documents/Learning Multiplayer/Puzzles/Puzzles/Saved/Config/Windows/Scalability.ini]
[2020.12.31-05.50.32:658][  0]LogConfig: Setting CVar [[r.PostProcessAAQuality:4]]
[2020.12.31-05.50.32:660][  0]LogConfig: Applying CVar settings from Section [ShadowQuality@3] File [C:/Users/Angelica .DESKTOP-RM5JOAJ/Documents/Learning Multiplayer/Puzzles/Puzzles/Saved/Config/Windows/Scalability.ini]
[2020.12.31-05.50.32:662][  0]LogConfig: Setting CVar [[r.LightFunctionQuality:1]]
[2020.12.31-05.50.32:664][  0]LogConfig: Setting CVar [[r.ShadowQuality:5]]
[2020.12.31-05.50.32:665][  0]LogConfig: Setting CVar [[r.Shadow.CSM.MaxCascades:10]]
[2020.12.31-05.50.32:666][  0]LogConfig: Setting CVar [[r.Shadow.MaxResolution:2048]]
[2020.12.31-05.50.32:667][  0]LogConfig: Setting CVar [[r.Shadow.MaxCSMResolution:2048]]
[2020.12.31-05.50.32:668][  0]LogConfig: Setting CVar [[r.Shadow.RadiusThreshold:0.01]]
[2020.12.31-05.50.32:669][  0]LogConfig: Setting CVar [[r.Shadow.DistanceScale:1.0]]
[2020.12.31-05.50.32:670][  0]LogConfig: Setting CVar [[r.Shadow.CSM.TransitionScale:1.0]]
[2020.12.31-05.50.32:670][  0]LogConfig: Setting CVar [[r.Shadow.PreShadowResolutionFactor:1.0]]
[2020.12.31-05.50.32:672][  0]LogConfig: Setting CVar [[r.DistanceFieldShadowing:1]]
[2020.12.31-05.50.32:677][  0]LogConfig: Setting CVar [[r.DistanceFieldAO:1]]
[2020.12.31-05.50.32:678][  0]LogConfig: Setting CVar [[r.AOQuality:2]]
[2020.12.31-05.50.32:679][  0]LogConfig: Setting CVar [[r.VolumetricFog:1]]
[2020.12.31-05.50.32:680][  0]LogConfig: Setting CVar [[r.VolumetricFog.GridPixelSize:8]]
[2020.12.31-05.50.32:680][  0]LogConfig: Setting CVar [[r.VolumetricFog.GridSizeZ:128]]
[2020.12.31-05.50.32:681][  0]LogConfig: Setting CVar [[r.VolumetricFog.HistoryMissSupersampleCount:4]]
[2020.12.31-05.50.32:682][  0]LogConfig: Setting CVar [[r.LightMaxDrawDistanceScale:1]]
[2020.12.31-05.50.32:683][  0]LogConfig: Setting CVar [[r.CapsuleShadows:1]]
[2020.12.31-05.50.32:685][  0]LogConfig: Applying CVar settings from Section [PostProcessQuality@3] File [C:/Users/Angelica .DESKTOP-RM5JOAJ/Documents/Learning Multiplayer/Puzzles/Puzzles/Saved/Config/Windows/Scalability.ini]
[2020.12.31-05.50.32:688][  0]LogConfig: Setting CVar [[r.MotionBlurQuality:4]]
[2020.12.31-05.50.32:691][  0]LogConfig: Setting CVar [[r.AmbientOcclusionMipLevelFactor:0.4]]
[2020.12.31-05.50.32:692][  0]LogConfig: Setting CVar [[r.AmbientOcclusionMaxQuality:100]]
[2020.12.31-05.50.32:693][  0]LogConfig: Setting CVar [[r.AmbientOcclusionLevels:-1]]
[2020.12.31-05.50.32:693][  0]LogConfig: Setting CVar [[r.AmbientOcclusionRadiusScale:1.0]]
[2020.12.31-05.50.32:694][  0]LogConfig: Setting CVar [[r.DepthOfFieldQuality:2]]
[2020.12.31-05.50.32:695][  0]LogConfig: Setting CVar [[r.RenderTargetPoolMin:400]]
[2020.12.31-05.50.32:696][  0]LogConfig: Setting CVar [[r.LensFlareQuality:2]]
[2020.12.31-05.50.32:696][  0]LogConfig: Setting CVar [[r.SceneColorFringeQuality:1]]
[2020.12.31-05.50.32:697][  0]LogConfig: Setting CVar [[r.EyeAdaptationQuality:2]]
[2020.12.31-05.50.32:698][  0]LogConfig: Setting CVar [[r.BloomQuality:5]]
[2020.12.31-05.50.32:699][  0]LogConfig: Setting CVar [[r.FastBlurThreshold:100]]
[2020.12.31-05.50.32:703][  0]LogConfig: Setting CVar [[r.Upscale.Quality:3]]
[2020.12.31-05.50.32:703][  0]LogConfig: Setting CVar [[r.Tonemapper.GrainQuantization:1]]
[2020.12.31-05.50.32:704][  0]LogConfig: Setting CVar [[r.LightShaftQuality:1]]
[2020.12.31-05.50.32:705][  0]LogConfig: Setting CVar [[r.Filter.SizeScale:1]]
[2020.12.31-05.50.32:706][  0]LogConfig: Setting CVar [[r.Tonemapper.Quality:5]]
[2020.12.31-05.50.32:707][  0]LogConfig: Setting CVar [[r.DOF.Gather.AccumulatorQuality:1        ; higher gathering accumulator quality]]
[2020.12.31-05.50.32:708][  0]LogConfig: Setting CVar [[r.DOF.Gather.PostfilterMethod:1          ; Median3x3 postfilering method]]
[2020.12.31-05.50.32:709][  0]LogConfig: Setting CVar [[r.DOF.Gather.EnableBokehSettings:0       ; no bokeh simulation when gathering]]
[2020.12.31-05.50.32:710][  0]LogConfig: Setting CVar [[r.DOF.Gather.RingCount:4                 ; medium number of samples when gathering]]
[2020.12.31-05.50.32:711][  0]LogConfig: Setting CVar [[r.DOF.Scatter.ForegroundCompositing:1    ; additive foreground scattering]]
[2020.12.31-05.50.32:715][  0]LogConfig: Setting CVar [[r.DOF.Scatter.BackgroundCompositing:2    ; additive background scattering]]
[2020.12.31-05.50.32:716][  0]LogConfig: Setting CVar [[r.DOF.Scatter.EnableBokehSettings:1      ; bokeh simulation when scattering]]
[2020.12.31-05.50.32:716][  0]LogConfig: Setting CVar [[r.DOF.Scatter.MaxSpriteRatio:0.1         ; only a maximum of 10% of scattered bokeh]]
[2020.12.31-05.50.32:717][  0]LogConfig: Setting CVar [[r.DOF.Recombine.Quality:1                ; cheap slight out of focus]]
[2020.12.31-05.50.32:718][  0]LogConfig: Setting CVar [[r.DOF.Recombine.EnableBokehSettings:0    ; no bokeh simulation on slight out of focus]]
[2020.12.31-05.50.32:719][  0]LogConfig: Setting CVar [[r.DOF.TemporalAAQuality:1                ; more stable temporal accumulation]]
[2020.12.31-05.50.32:720][  0]LogConfig: Setting CVar [[r.DOF.Kernel.MaxForegroundRadius:0.025]]
[2020.12.31-05.50.32:722][  0]LogConfig: Setting CVar [[r.DOF.Kernel.MaxBackgroundRadius:0.025]]
[2020.12.31-05.50.32:723][  0]LogConfig: Applying CVar settings from Section [TextureQuality@3] File [C:/Users/Angelica .DESKTOP-RM5JOAJ/Documents/Learning Multiplayer/Puzzles/Puzzles/Saved/Config/Windows/Scalability.ini]
[2020.12.31-05.50.32:727][  0]LogConfig: Setting CVar [[r.Streaming.MipBias:0]]
[2020.12.31-05.50.32:728][  0]LogConfig: Setting CVar [[r.Streaming.AmortizeCPUToGPUCopy:0]]
[2020.12.31-05.50.32:728][  0]LogConfig: Setting CVar [[r.Streaming.MaxNumTexturesToStreamPerFrame:0]]
[2020.12.31-05.50.32:729][  0]LogConfig: Setting CVar [[r.Streaming.Boost:1]]
[2020.12.31-05.50.32:730][  0]LogConfig: Setting CVar [[r.MaxAnisotropy:8]]
[2020.12.31-05.50.32:731][  0]LogConfig: Setting CVar [[r.VT.MaxAnisotropy:8]]
[2020.12.31-05.50.32:731][  0]LogConfig: Setting CVar [[r.Streaming.LimitPoolSizeToVRAM:0]]
[2020.12.31-05.50.32:732][  0]LogConfig: Setting CVar [[r.Streaming.PoolSize:1000]]
[2020.12.31-05.50.32:734][  0]LogConfig: Setting CVar [[r.Streaming.MaxEffectiveScreenSize:0]]
[2020.12.31-05.50.32:735][  0]LogConfig: Applying CVar settings from Section [EffectsQuality@3] File [C:/Users/Angelica .DESKTOP-RM5JOAJ/Documents/Learning Multiplayer/Puzzles/Puzzles/Saved/Config/Windows/Scalability.ini]
[2020.12.31-05.50.32:736][  0]LogConfig: Setting CVar [[r.TranslucencyLightingVolumeDim:64]]
[2020.12.31-05.50.32:741][  0]LogConfig: Setting CVar [[r.RefractionQuality:2]]
[2020.12.31-05.50.32:742][  0]LogConfig: Setting CVar [[r.SSR.Quality:3]]
[2020.12.31-05.50.32:742][  0]LogConfig: Setting CVar [[r.SSR.HalfResSceneColor:0]]
[2020.12.31-05.50.32:743][  0]LogConfig: Setting CVar [[r.SceneColorFormat:4]]
[2020.12.31-05.50.32:744][  0]LogConfig: Setting CVar [[r.DetailMode:2]]
[2020.12.31-05.50.32:744][  0]LogConfig: Setting CVar [[r.TranslucencyVolumeBlur:1]]
[2020.12.31-05.50.32:745][  0]LogConfig: Setting CVar [[r.MaterialQualityLevel:1 ; High quality]]
[2020.12.31-05.50.32:746][  0]LogConfig: Setting CVar [[r.SSS.Scale:1]]
[2020.12.31-05.50.32:747][  0]LogConfig: Setting CVar [[r.SSS.SampleSet:2]]
[2020.12.31-05.50.32:748][  0]LogConfig: Setting CVar [[r.SSS.Quality:1]]
[2020.12.31-05.50.32:748][  0]LogConfig: Setting CVar [[r.SSS.HalfRes:0]]
[2020.12.31-05.50.32:749][  0]LogConfig: Setting CVar [[r.SSGI.Quality:3]]
[2020.12.31-05.50.32:754][  0]LogConfig: Setting CVar [[r.EmitterSpawnRateScale:1.0]]
[2020.12.31-05.50.32:755][  0]LogConfig: Setting CVar [[r.ParticleLightQuality:2]]
[2020.12.31-05.50.32:756][  0]LogConfig: Setting CVar [[r.SkyAtmosphere.AerialPerspectiveLUT.FastApplyOnOpaque:1 ; Always have FastSkyLUT 1 in this case to avoid wrong sky]]
[2020.12.31-05.50.32:757][  0]LogConfig: Setting CVar [[r.SkyAtmosphere.AerialPerspectiveLUT.SampleCountPerSlice:1]]
[2020.12.31-05.50.32:758][  0]LogConfig: Setting CVar [[r.SkyAtmosphere.AerialPerspectiveLUT.DepthResolution:16.0]]
[2020.12.31-05.50.32:759][  0]LogConfig: Setting CVar [[r.SkyAtmosphere.FastSkyLUT:1]]
[2020.12.31-05.50.32:759][  0]LogConfig: Setting CVar [[r.SkyAtmosphere.FastSkyLUT.SampleCountMin:4.0]]
[2020.12.31-05.50.32:760][  0]LogConfig: Setting CVar [[r.SkyAtmosphere.FastSkyLUT.SampleCountMax:32.0]]
[2020.12.31-05.50.32:761][  0]LogConfig: Setting CVar [[r.SkyAtmosphere.SampleCountMin:4.0]]
[2020.12.31-05.50.32:762][  0]LogConfig: Setting CVar [[r.SkyAtmosphere.SampleCountMax:32.0]]
[2020.12.31-05.50.32:766][  0]LogConfig: Setting CVar [[r.SkyAtmosphere.TransmittanceLUT.UseSmallFormat:0]]
[2020.12.31-05.50.32:767][  0]LogConfig: Setting CVar [[r.SkyAtmosphere.TransmittanceLUT.SampleCount:10.0]]
[2020.12.31-05.50.32:768][  0]LogConfig: Setting CVar [[r.SkyAtmosphere.MultiScatteringLUT.SampleCount:15.0]]
[2020.12.31-05.50.32:769][  0]LogConfig: Applying CVar settings from Section [FoliageQuality@3] File [C:/Users/Angelica .DESKTOP-RM5JOAJ/Documents/Learning Multiplayer/Puzzles/Puzzles/Saved/Config/Windows/Scalability.ini]
[2020.12.31-05.50.32:771][  0]LogConfig: Setting CVar [[foliage.DensityScale:1.0]]
[2020.12.31-05.50.32:772][  0]LogConfig: Setting CVar [[grass.DensityScale:1.0]]
[2020.12.31-05.50.32:772][  0]LogConfig: Applying CVar settings from Section [ShadingQuality@3] File [C:/Users/Angelica .DESKTOP-RM5JOAJ/Documents/Learning Multiplayer/Puzzles/Puzzles/Saved/Config/Windows/Scalability.ini]
[2020.12.31-05.50.32:773][  0]LogConfig: Setting CVar [[r.HairStrands.SkyLighting.SampleCount:16]]
[2020.12.31-05.50.32:774][  0]LogConfig: Setting CVar [[r.HairStrands.SkyLighting.JitterIntegration:0]]
[2020.12.31-05.50.32:778][  0]LogConfig: Setting CVar [[r.HairStrands.SkyAO.SampleCount:16]]
[2020.12.31-05.50.32:779][  0]LogConfig: Setting CVar [[r.HairStrands.DeepShadow.SuperSampling:0]]
[2020.12.31-05.50.32:780][  0]LogConfig: Setting CVar [[r.HairStrands.VisibilityPPLL:0]]
[2020.12.31-05.50.32:781][  0]LogConfig: Setting CVar [[r.HairStrands.RasterizationScale:0.5]]
[2020.12.31-05.50.32:781][  0]LogConfig: Setting CVar [[r.HairStrands.VelocityRasterizationScale:1]]
[2020.12.31-05.50.32:782][  0]LogInit: Selected Device Profile: [Windows]
[2020.12.31-05.50.32:783][  0]LogInit: Applying CVar settings loaded from the selected device profile: [Windows]
[2020.12.31-05.50.32:783][  0]LogHAL: Display: Platform has ~ 16 GB [17052516352 / 17179869184 / 16], which maps to Larger [LargestMinGB=32, LargerMinGB=12, DefaultMinGB=8, SmallerMinGB=6, SmallestMinGB=0)
[2020.12.31-05.50.32:784][  0]LogInit: Going up to parent DeviceProfile []
[2020.12.31-05.50.32:785][  0]LogConfig: Applying CVar settings from Section [ViewDistanceQuality@3] File [C:/Users/Angelica .DESKTOP-RM5JOAJ/Documents/Learning Multiplayer/Puzzles/Puzzles/Saved/Config/Windows/Scalability.ini]
[2020.12.31-05.50.32:786][  0]LogConfig: Setting CVar [[r.SkeletalMeshLODBias:0]]
[2020.12.31-05.50.32:787][  0]LogConfig: Setting CVar [[r.ViewDistanceScale:1.0]]
[2020.12.31-05.50.32:793][  0]LogConfig: Applying CVar settings from Section [AntiAliasingQuality@3] File [C:/Users/Angelica .DESKTOP-RM5JOAJ/Documents/Learning Multiplayer/Puzzles/Puzzles/Saved/Config/Windows/Scalability.ini]
[2020.12.31-05.50.32:793][  0]LogConfig: Setting CVar [[r.PostProcessAAQuality:4]]
[2020.12.31-05.50.32:794][  0]LogConfig: Applying CVar settings from Section [ShadowQuality@3] File [C:/Users/Angelica .DESKTOP-RM5JOAJ/Documents/Learning Multiplayer/Puzzles/Puzzles/Saved/Config/Windows/Scalability.ini]
[2020.12.31-05.50.32:795][  0]LogConfig: Setting CVar [[r.LightFunctionQuality:1]]
[2020.12.31-05.50.32:796][  0]LogConfig: Setting CVar [[r.ShadowQuality:5]]
[2020.12.31-05.50.32:796][  0]LogConfig: Setting CVar [[r.Shadow.CSM.MaxCascades:10]]
[2020.12.31-05.50.32:797][  0]LogConfig: Setting CVar [[r.Shadow.MaxResolution:2048]]
[2020.12.31-05.50.32:798][  0]LogConfig: Setting CVar [[r.Shadow.MaxCSMResolution:2048]]
[2020.12.31-05.50.32:799][  0]LogConfig: Setting CVar [[r.Shadow.RadiusThreshold:0.01]]
[2020.12.31-05.50.32:799][  0]LogConfig: Setting CVar [[r.Shadow.DistanceScale:1.0]]
[2020.12.31-05.50.32:800][  0]LogConfig: Setting CVar [[r.Shadow.CSM.TransitionScale:1.0]]
[2020.12.31-05.50.32:801][  0]LogConfig: Setting CVar [[r.Shadow.PreShadowResolutionFactor:1.0]]
[2020.12.31-05.50.32:807][  0]LogConfig: Setting CVar [[r.DistanceFieldShadowing:1]]
[2020.12.31-05.50.32:808][  0]LogConfig: Setting CVar [[r.DistanceFieldAO:1]]
[2020.12.31-05.50.32:809][  0]LogConfig: Setting CVar [[r.AOQuality:2]]
[2020.12.31-05.50.32:810][  0]LogConfig: Setting CVar [[r.VolumetricFog:1]]
[2020.12.31-05.50.32:810][  0]LogConfig: Setting CVar [[r.VolumetricFog.GridPixelSize:8]]
[2020.12.31-05.50.32:811][  0]LogConfig: Setting CVar [[r.VolumetricFog.GridSizeZ:128]]
[2020.12.31-05.50.32:812][  0]LogConfig: Setting CVar [[r.VolumetricFog.HistoryMissSupersampleCount:4]]
[2020.12.31-05.50.32:813][  0]LogConfig: Setting CVar [[r.LightMaxDrawDistanceScale:1]]
[2020.12.31-05.50.32:814][  0]LogConfig: Setting CVar [[r.CapsuleShadows:1]]
[2020.12.31-05.50.32:818][  0]LogConfig: Applying CVar settings from Section [PostProcessQuality@3] File [C:/Users/Angelica .DESKTOP-RM5JOAJ/Documents/Learning Multiplayer/Puzzles/Puzzles/Saved/Config/Windows/Scalability.ini]
[2020.12.31-05.50.32:819][  0]LogConfig: Setting CVar [[r.MotionBlurQuality:4]]
[2020.12.31-05.50.32:820][  0]LogConfig: Setting CVar [[r.AmbientOcclusionMipLevelFactor:0.4]]
[2020.12.31-05.50.32:821][  0]LogConfig: Setting CVar [[r.AmbientOcclusionMaxQuality:100]]
[2020.12.31-05.50.32:822][  0]LogConfig: Setting CVar [[r.AmbientOcclusionLevels:-1]]
[2020.12.31-05.50.32:823][  0]LogConfig: Setting CVar [[r.AmbientOcclusionRadiusScale:1.0]]
[2020.12.31-05.50.32:824][  0]LogConfig: Setting CVar [[r.DepthOfFieldQuality:2]]
[2020.12.31-05.50.32:824][  0]LogConfig: Setting CVar [[r.RenderTargetPoolMin:400]]
[2020.12.31-05.50.32:825][  0]LogConfig: Setting CVar [[r.LensFlareQuality:2]]
[2020.12.31-05.50.32:826][  0]LogConfig: Setting CVar [[r.SceneColorFringeQuality:1]]
[2020.12.31-05.50.32:830][  0]LogConfig: Setting CVar [[r.EyeAdaptationQuality:2]]
[2020.12.31-05.50.32:831][  0]LogConfig: Setting CVar [[r.BloomQuality:5]]
[2020.12.31-05.50.32:832][  0]LogConfig: Setting CVar [[r.FastBlurThreshold:100]]
[2020.12.31-05.50.32:833][  0]LogConfig: Setting CVar [[r.Upscale.Quality:3]]
[2020.12.31-05.50.32:833][  0]LogConfig: Setting CVar [[r.Tonemapper.GrainQuantization:1]]
[2020.12.31-05.50.32:835][  0]LogConfig: Setting CVar [[r.LightShaftQuality:1]]
[2020.12.31-05.50.32:836][  0]LogConfig: Setting CVar [[r.Filter.SizeScale:1]]
[2020.12.31-05.50.32:837][  0]LogConfig: Setting CVar [[r.Tonemapper.Quality:5]]
[2020.12.31-05.50.32:838][  0]LogConfig: Setting CVar [[r.DOF.Gather.AccumulatorQuality:1        ; higher gathering accumulator quality]]
[2020.12.31-05.50.32:843][  0]LogConfig: Setting CVar [[r.DOF.Gather.PostfilterMethod:1          ; Median3x3 postfilering method]]
[2020.12.31-05.50.32:844][  0]LogConfig: Setting CVar [[r.DOF.Gather.EnableBokehSettings:0       ; no bokeh simulation when gathering]]
[2020.12.31-05.50.32:844][  0]LogConfig: Setting CVar [[r.DOF.Gather.RingCount:4                 ; medium number of samples when gathering]]
[2020.12.31-05.50.32:845][  0]LogConfig: Setting CVar [[r.DOF.Scatter.ForegroundCompositing:1    ; additive foreground scattering]]
[2020.12.31-05.50.32:846][  0]LogConfig: Setting CVar [[r.DOF.Scatter.BackgroundCompositing:2    ; additive background scattering]]
[2020.12.31-05.50.32:847][  0]LogConfig: Setting CVar [[r.DOF.Scatter.EnableBokehSettings:1      ; bokeh simulation when scattering]]
[2020.12.31-05.50.32:848][  0]LogConfig: Setting CVar [[r.DOF.Scatter.MaxSpriteRatio:0.1         ; only a maximum of 10% of scattered bokeh]]
[2020.12.31-05.50.32:849][  0]LogConfig: Setting CVar [[r.DOF.Recombine.Quality:1                ; cheap slight out of focus]]
[2020.12.31-05.50.32:849][  0]LogConfig: Setting CVar [[r.DOF.Recombine.EnableBokehSettings:0    ; no bokeh simulation on slight out of focus]]
[2020.12.31-05.50.32:850][  0]LogConfig: Setting CVar [[r.DOF.TemporalAAQuality:1                ; more stable temporal accumulation]]
[2020.12.31-05.50.32:854][  0]LogConfig: Setting CVar [[r.DOF.Kernel.MaxForegroundRadius:0.025]]
[2020.12.31-05.50.32:857][  0]LogConfig: Setting CVar [[r.DOF.Kernel.MaxBackgroundRadius:0.025]]
[2020.12.31-05.50.32:859][  0]LogConfig: Applying CVar settings from Section [TextureQuality@3] File [C:/Users/Angelica .DESKTOP-RM5JOAJ/Documents/Learning Multiplayer/Puzzles/Puzzles/Saved/Config/Windows/Scalability.ini]
[2020.12.31-05.50.32:860][  0]LogConfig: Setting CVar [[r.Streaming.MipBias:0]]
[2020.12.31-05.50.32:861][  0]LogConfig: Setting CVar [[r.Streaming.AmortizeCPUToGPUCopy:0]]
[2020.12.31-05.50.32:862][  0]LogConfig: Setting CVar [[r.Streaming.MaxNumTexturesToStreamPerFrame:0]]
[2020.12.31-05.50.32:863][  0]LogConfig: Setting CVar [[r.Streaming.Boost:1]]
[2020.12.31-05.50.32:864][  0]LogConfig: Setting CVar [[r.MaxAnisotropy:8]]
[2020.12.31-05.50.32:865][  0]LogConfig: Setting CVar [[r.VT.MaxAnisotropy:8]]
[2020.12.31-05.50.32:866][  0]LogConfig: Setting CVar [[r.Streaming.LimitPoolSizeToVRAM:0]]
[2020.12.31-05.50.32:873][  0]LogConfig: Setting CVar [[r.Streaming.PoolSize:1000]]
[2020.12.31-05.50.32:874][  0]LogConfig: Setting CVar [[r.Streaming.MaxEffectiveScreenSize:0]]
[2020.12.31-05.50.32:874][  0]LogConfig: Applying CVar settings from Section [EffectsQuality@3] File [C:/Users/Angelica .DESKTOP-RM5JOAJ/Documents/Learning Multiplayer/Puzzles/Puzzles/Saved/Config/Windows/Scalability.ini]
[2020.12.31-05.50.32:875][  0]LogConfig: Setting CVar [[r.TranslucencyLightingVolumeDim:64]]
[2020.12.31-05.50.32:876][  0]LogConfig: Setting CVar [[r.RefractionQuality:2]]
[2020.12.31-05.50.32:877][  0]LogConfig: Setting CVar [[r.SSR.Quality:3]]
[2020.12.31-05.50.32:877][  0]LogConfig: Setting CVar [[r.SSR.HalfResSceneColor:0]]
[2020.12.31-05.50.32:878][  0]LogConfig: Setting CVar [[r.SceneColorFormat:4]]
[2020.12.31-05.50.32:879][  0]LogConfig: Setting CVar [[r.DetailMode:2]]
[2020.12.31-05.50.32:880][  0]LogConfig: Setting CVar [[r.TranslucencyVolumeBlur:1]]
[2020.12.31-05.50.32:884][  0]LogConfig: Setting CVar [[r.MaterialQualityLevel:1 ; High quality]]
[2020.12.31-05.50.32:885][  0]LogConfig: Setting CVar [[r.SSS.Scale:1]]
[2020.12.31-05.50.32:887][  0]LogConfig: Setting CVar [[r.SSS.SampleSet:2]]
[2020.12.31-05.50.32:888][  0]LogConfig: Setting CVar [[r.SSS.Quality:1]]
[2020.12.31-05.50.32:889][  0]LogConfig: Setting CVar [[r.SSS.HalfRes:0]]
[2020.12.31-05.50.32:890][  0]LogConfig: Setting CVar [[r.SSGI.Quality:3]]
[2020.12.31-05.50.32:891][  0]LogConfig: Setting CVar [[r.EmitterSpawnRateScale:1.0]]
[2020.12.31-05.50.32:892][  0]LogConfig: Setting CVar [[r.ParticleLightQuality:2]]
[2020.12.31-05.50.32:896][  0]LogConfig: Setting CVar [[r.SkyAtmosphere.AerialPerspectiveLUT.FastApplyOnOpaque:1 ; Always have FastSkyLUT 1 in this case to avoid wrong sky]]
[2020.12.31-05.50.32:897][  0]LogConfig: Setting CVar [[r.SkyAtmosphere.AerialPerspectiveLUT.SampleCountPerSlice:1]]
[2020.12.31-05.50.32:897][  0]LogConfig: Setting CVar [[r.SkyAtmosphere.AerialPerspectiveLUT.DepthResolution:16.0]]
[2020.12.31-05.50.32:898][  0]LogConfig: Setting CVar [[r.SkyAtmosphere.FastSkyLUT:1]]
[2020.12.31-05.50.32:899][  0]LogConfig: Setting CVar [[r.SkyAtmosphere.FastSkyLUT.SampleCountMin:4.0]]
[2020.12.31-05.50.32:899][  0]LogConfig: Setting CVar [[r.SkyAtmosphere.FastSkyLUT.SampleCountMax:32.0]]
[2020.12.31-05.50.32:900][  0]LogConfig: Setting CVar [[r.SkyAtmosphere.SampleCountMin:4.0]]
[2020.12.31-05.50.32:901][  0]LogConfig: Setting CVar [[r.SkyAtmosphere.SampleCountMax:32.0]]
[2020.12.31-05.50.32:901][  0]LogConfig: Setting CVar [[r.SkyAtmosphere.TransmittanceLUT.UseSmallFormat:0]]
[2020.12.31-05.50.32:907][  0]LogConfig: Setting CVar [[r.SkyAtmosphere.TransmittanceLUT.SampleCount:10.0]]
[2020.12.31-05.50.32:908][  0]LogConfig: Setting CVar [[r.SkyAtmosphere.MultiScatteringLUT.SampleCount:15.0]]
[2020.12.31-05.50.32:909][  0]LogConfig: Applying CVar settings from Section [FoliageQuality@3] File [C:/Users/Angelica .DESKTOP-RM5JOAJ/Documents/Learning Multiplayer/Puzzles/Puzzles/Saved/Config/Windows/Scalability.ini]
[2020.12.31-05.50.32:910][  0]LogConfig: Setting CVar [[foliage.DensityScale:1.0]]
[2020.12.31-05.50.32:911][  0]LogConfig: Setting CVar [[grass.DensityScale:1.0]]
[2020.12.31-05.50.32:911][  0]LogConfig: Applying CVar settings from Section [ShadingQuality@3] File [C:/Users/Angelica .DESKTOP-RM5JOAJ/Documents/Learning Multiplayer/Puzzles/Puzzles/Saved/Config/Windows/Scalability.ini]
[2020.12.31-05.50.32:912][  0]LogConfig: Setting CVar [[r.HairStrands.SkyLighting.SampleCount:16]]
[2020.12.31-05.50.32:913][  0]LogConfig: Setting CVar [[r.HairStrands.SkyLighting.JitterIntegration:0]]
[2020.12.31-05.50.32:914][  0]LogConfig: Setting CVar [[r.HairStrands.SkyAO.SampleCount:16]]
[2020.12.31-05.50.32:914][  0]LogConfig: Setting CVar [[r.HairStrands.DeepShadow.SuperSampling:0]]
[2020.12.31-05.50.32:915][  0]LogConfig: Setting CVar [[r.HairStrands.VisibilityPPLL:0]]
[2020.12.31-05.50.32:922][  0]LogConfig: Setting CVar [[r.HairStrands.RasterizationScale:0.5]]
[2020.12.31-05.50.32:922][  0]LogConfig: Setting CVar [[r.HairStrands.VelocityRasterizationScale:1]]
[2020.12.31-05.50.32:923][  0]LogConfig: Applying CVar settings from Section [Startup] File [../../../Engine/Config/ConsoleVariables.ini]
[2020.12.31-05.50.32:925][  0]LogConfig: Setting CVar [[net.UseAdaptiveNetUpdateFrequency:0]]
[2020.12.31-05.50.32:925][  0]LogConfig: Setting CVar [[p.chaos.AllowCreatePhysxBodies:1]]
[2020.12.31-05.50.32:926][  0]LogConfig: Setting CVar [[fx.SkipVectorVMBackendOptimizations:1]]
[2020.12.31-05.50.32:927][  0]LogConfig: Applying CVar settings from Section [ConsoleVariables] File [C:/Users/Angelica .DESKTOP-RM5JOAJ/Documents/Learning Multiplayer/Puzzles/Puzzles/Saved/Config/Windows/Engine.ini]
[2020.12.31-05.50.32:928][  0]LogInit: Computer: SKETCH-PC
[2020.12.31-05.50.32:929][  0]LogInit: User: Angelica
[2020.12.31-05.50.32:929][  0]LogInit: CPU Page size=4096, Cores=2
[2020.12.31-05.50.32:934][  0]LogInit: High frequency timer resolution =10.000000 MHz
[2020.12.31-05.50.32:937][  0]LogMemory: Memory total: Physical=15.9GB (16GB approx)
[2020.12.31-05.50.32:938][  0]LogMemory: Platform Memory Stats for Windows
[2020.12.31-05.50.32:939][  0]LogMemory: Process Physical Memory: 114.72 MB used, 114.72 MB peak
[2020.12.31-05.50.32:940][  0]LogMemory: Process Virtual Memory: 97.18 MB used, 97.18 MB peak
[2020.12.31-05.50.32:940][  0]LogMemory: Physical Memory: 8872.24 MB used,  7390.30 MB free, 16262.55 MB total
[2020.12.31-05.50.32:941][  0]LogMemory: Virtual Memory: 5124.82 MB used,  134212600.00 MB free, 134217728.00 MB total
[2020.12.31-05.50.32:962][  0]LogWindows: WindowsPlatformFeatures enabled
[2020.12.31-05.50.33:042][  0]LogInit: Physics initialised using underlying interface: PhysX
[2020.12.31-05.50.33:043][  0]LogInit: Using OS detected language (en-US).
[2020.12.31-05.50.33:045][  0]LogInit: Using OS detected locale (en-US).
[2020.12.31-05.50.33:060][  0]LogTextLocalizationManager: No specific localization for 'en-US' exists, so the 'en' localization will be used.
[2020.12.31-05.50.33:530][  0]LogSlate: New Slate User Created.  User Index 0, Is Virtual User: 0
[2020.12.31-05.50.33:530][  0]LogSlate: Slate User Registered.  User Index 0, Is Virtual User: 0
[2020.12.31-05.50.33:559][  0]LogHMD: Failed to initialize OpenVR with code 110
[2020.12.31-05.50.33:559][  0]LogD3D11RHI: D3D11 min allowed feature level: 11_0
[2020.12.31-05.50.33:562][  0]LogD3D11RHI: D3D11 max allowed feature level: 11_0
[2020.12.31-05.50.33:562][  0]LogD3D11RHI: D3D11 adapters:
[2020.12.31-05.50.33:834][  0]LogD3D11RHI:    0. 'Intel(R) HD Graphics 620' (Feature Level 11_0)
[2020.12.31-05.50.33:835][  0]LogD3D11RHI:       128/0/8131 MB DedicatedVideo/DedicatedSystem/SharedSystem, Outputs:2, VendorId:0x8086
[2020.12.31-05.50.33:843][  0]LogD3D11RHI:    1. 'Microsoft Basic Render Driver' (Feature Level 11_0)
[2020.12.31-05.50.33:843][  0]LogD3D11RHI:       0/0/8131 MB DedicatedVideo/DedicatedSystem/SharedSystem, Outputs:0, VendorId:0x1414
[2020.12.31-05.50.33:849][  0]LogD3D11RHI:    2. 'Microsoft Basic Render Driver' (Feature Level 11_0)
[2020.12.31-05.50.33:850][  0]LogD3D11RHI:       0/0/8131 MB DedicatedVideo/DedicatedSystem/SharedSystem, Outputs:0, VendorId:0x1414
[2020.12.31-05.50.33:858][  0]LogD3D11RHI:    3. 'Microsoft Basic Render Driver' (Feature Level 11_0)
[2020.12.31-05.50.33:858][  0]LogD3D11RHI:       0/0/8131 MB DedicatedVideo/DedicatedSystem/SharedSystem, Outputs:0, VendorId:0x1414
[2020.12.31-05.50.33:866][  0]LogD3D11RHI:    4. 'Microsoft Basic Render Driver' (Feature Level 11_0)
[2020.12.31-05.50.33:866][  0]LogD3D11RHI:       0/0/8131 MB DedicatedVideo/DedicatedSystem/SharedSystem, Outputs:0, VendorId:0x1414
[2020.12.31-05.50.33:867][  0]LogD3D11RHI: Chosen D3D11 Adapter: 0
[2020.12.31-05.50.33:881][  0]LogD3D11RHI: Creating new Direct3DDevice
[2020.12.31-05.50.33:882][  0]LogD3D11RHI:     GPU DeviceId: 0x5916 (for the marketing name, search the web for "GPU Device Id")
[2020.12.31-05.50.33:883][  0]LogWindows: EnumDisplayDevices:
[2020.12.31-05.50.33:884][  0]LogWindows:    0. 'Intel(R) HD Graphics 620' (P:0 D:1)
[2020.12.31-05.50.33:885][  0]LogWindows:    1. 'Intel(R) HD Graphics 620' (P:0 D:0)
[2020.12.31-05.50.33:889][  0]LogWindows:    2. 'Intel(R) HD Graphics 620' (P:0 D:0)
[2020.12.31-05.50.33:890][  0]LogWindows:    3. 'MS Idd Device' (P:0 D:0)
[2020.12.31-05.50.33:891][  0]LogWindows:    4. 'MS Idd Device' (P:0 D:0)
[2020.12.31-05.50.33:892][  0]LogWindows:    5. 'MS Idd Device' (P:1 D:1)
[2020.12.31-05.50.33:893][  0]LogWindows: DebugString: GetVideoDriverDetailsInvalid PrimaryIsNotTheChoosenAdapter GetVideoDriverDetailsInvalid PrimaryIsNotTheChoosenAdapter GetVideoDriverDetailsInvalid PrimaryIsNotTheChoosenAdapter FoundDriverCount:3 
[2020.12.31-05.50.33:894][  0]LogD3D11RHI:     Adapter Name: Intel(R) HD Graphics 620
[2020.12.31-05.50.33:895][  0]LogD3D11RHI:   Driver Version: 24.20.100.6344 (internal:24.20.100.6344, unified:24.20.100.6344)
[2020.12.31-05.50.33:895][  0]LogD3D11RHI:      Driver Date: 11-10-2018
[2020.12.31-05.50.33:896][  0]LogRHI: Texture pool is 1523 MB (70% of 2176 MB)
[2020.12.31-05.50.33:978][  0]LogD3D11RHI: [IntelMetricsDiscovery] Failed to initialize context. Result=00000002
[2020.12.31-05.50.34:213][  0]LogD3D11RHI: RHI does not have support for 64 bit atomics
[2020.12.31-05.50.34:213][  0]LogD3D11RHI: Async texture creation enabled
[2020.12.31-05.50.34:215][  0]LogD3D11RHI: Array index from any shader is supported
[2020.12.31-05.50.34:230][  0]LogD3D11RHI: GPU Timing Frequency: 12.000048 (Debug: 2 0)
[2020.12.31-05.50.34:821][  0]LogTargetPlatformManager: Display: Loaded TargetPlatform 'WindowsNoEditor'
[2020.12.31-05.50.34:831][  0]LogTargetPlatformManager: Display: Loaded TargetPlatform 'Windows'
[2020.12.31-05.50.34:849][  0]LogTargetPlatformManager: Display: Loaded TargetPlatform 'WindowsClient'
[2020.12.31-05.50.34:870][  0]LogTargetPlatformManager: Display: Loaded TargetPlatform 'WindowsServer'
[2020.12.31-05.50.34:871][  0]LogTargetPlatformManager: Display: Building Assets For Windows
[2020.12.31-05.50.34:890][  0]LogAudioDebug: Display: Lib vorbis DLL was dynamically loaded.
[2020.12.31-05.50.35:020][  0]LogShaderCompilers: Guid format shader working directory is -30 characters bigger than the processId version (../../../../../../Users/Angelica .DESKTOP-RM5JOAJ/Documents/Learning Multiplayer/Puzzles/Puzzles/Intermediate/Shaders/WorkingDirectory/7624/).
[2020.12.31-05.50.35:021][  0]LogShaderCompilers: Cleaned the shader compiler working directory 'C:/Users/Angelica .DESKTOP-RM5JOAJ/AppData/Local/Temp/UnrealShaderWorkingDir/A02F73F14760CBFBFE69418D16BCDAD1/'.
[2020.12.31-05.50.35:024][  0]LogXGEController: Cannot use XGE Controller as Incredibuild is not installed on this machine.
[2020.12.31-05.50.35:024][  0]LogShaderCompilers: Cannot use XGE Shader Compiler as Incredibuild is not installed on this machine.
[2020.12.31-05.50.35:025][  0]LogShaderCompilers: Display: Using Local Shader Compiler.
[2020.12.31-05.50.36:563][  0]LogDerivedDataCache: Display: Max Cache Size: 512 MB
[2020.12.31-05.50.36:641][  0]LogDerivedDataCache: Loaded boot cache 0.08s 75MB C:/Users/Angelica .DESKTOP-RM5JOAJ/AppData/Local/UnrealEngine/4.25/DerivedDataCache/Boot.ddc.
[2020.12.31-05.50.36:642][  0]LogDerivedDataCache: Display: Loaded Boot cache: C:/Users/Angelica .DESKTOP-RM5JOAJ/AppData/Local/UnrealEngine/4.25/DerivedDataCache/Boot.ddc
[2020.12.31-05.50.36:644][  0]LogDerivedDataCache: FDerivedDataBackendGraph:  Pak pak cache file ../../../../../../Users/Angelica .DESKTOP-RM5JOAJ/Documents/Learning Multiplayer/Puzzles/Puzzles/DerivedDataCache/DDC.ddp not found, will not use a pak cache.
[2020.12.31-05.50.36:644][  0]LogDerivedDataCache: Unable to find inner node Pak for hierarchical cache Hierarchy.
[2020.12.31-05.50.36:645][  0]LogDerivedDataCache: FDerivedDataBackendGraph:  CompressedPak pak cache file ../../../../../../Users/Angelica .DESKTOP-RM5JOAJ/Documents/Learning Multiplayer/Puzzles/Puzzles/DerivedDataCache/Compressed.ddp not found, will not use a pak cache.
[2020.12.31-05.50.36:646][  0]LogDerivedDataCache: Unable to find inner node CompressedPak for hierarchical cache Hierarchy.
[2020.12.31-05.50.36:666][  0]LogDerivedDataCache: Display: Pak cache opened for reading ../../../Engine/DerivedDataCache/Compressed.ddp.
[2020.12.31-05.50.36:666][  0]LogDerivedDataCache: FDerivedDataBackendGraph:  EnterprisePak pak cache file ../../../Enterprise/DerivedDataCache/Compressed.ddp not found, will not use a pak cache.
[2020.12.31-05.50.36:668][  0]LogDerivedDataCache: Unable to find inner node EnterprisePak for hierarchical cache Hierarchy.
[2020.12.31-05.50.36:672][  0]LogDerivedDataCache: Using Local data cache path C:/Users/Angelica .DESKTOP-RM5JOAJ/AppData/Local/UnrealEngine/Common/DerivedDataCache: Writable
[2020.12.31-05.50.36:673][  0]LogDerivedDataCache: Shared data cache path not found in *engine.ini, will not use an Shared cache.
[2020.12.31-05.50.36:673][  0]LogDerivedDataCache: Unable to find inner node Shared for hierarchical cache Hierarchy.
[2020.12.31-05.50.36:766][  0]LogSlate: Using FreeType 2.10.0
[2020.12.31-05.50.36:767][  0]LogSlate: SlateFontServices - WITH_FREETYPE: 1, WITH_HARFBUZZ: 1
[2020.12.31-05.50.36:993][  0]LogInit: Using OS detected language (en-US).
[2020.12.31-05.50.36:994][  0]LogInit: Using OS detected locale (en-US).
[2020.12.31-05.50.36:996][  0]LogTextLocalizationManager: No localization for 'en-US' exists, so 'en' will be used for the language.
[2020.12.31-05.50.36:997][  0]LogTextLocalizationManager: No localization for 'en-US' exists, so 'en' will be used for the locale.
[2020.12.31-05.50.36:998][  0]LogSlate: FontCache flush requested. Reason: Culture for localization was changed
[2020.12.31-05.50.36:999][  0]LogSlate: FontCache flush requested. Reason: Culture for localization was changed
[2020.12.31-05.50.37:002][  0]LogTextLocalizationManager: Compacting localization data took   0.00ms
[2020.12.31-05.50.37:011][  0]LogAssetRegistry: FAssetRegistry took 0.0046 seconds to start up
[2020.12.31-05.50.37:430][  0]LogPackageLocalizationCache: Processed 19 localized package path(s) for 1 prioritized culture(s) in 0.081160 seconds
[2020.12.31-05.50.37:531][  0]LogInit: Selected Device Profile: [Windows]
[2020.12.31-05.50.37:754][  0]LogMeshReduction: Using QuadricMeshReduction for automatic static mesh reduction
[2020.12.31-05.50.37:755][  0]LogMeshReduction: Using SimplygonMeshReduction for automatic skeletal mesh reduction
[2020.12.31-05.50.37:757][  0]LogMeshReduction: Using ProxyLODMeshReduction for automatic mesh merging
[2020.12.31-05.50.37:758][  0]LogMeshReduction: No distributed automatic mesh merging module available
[2020.12.31-05.50.37:758][  0]LogMeshMerging: No distributed automatic mesh merging module available
[2020.12.31-05.50.37:797][  0]LogNetVersion: Puzzles 1.0.0, NetCL: 13144385, EngineNetVer: 14, GameNetVer: 0 (Checksum: 1097821826)
[2020.12.31-05.50.38:209][  0]LogAISub: UAISubsystem::UAISubsystem AISubsystem (000001D044C10AC0), frame # 0
[2020.12.31-05.50.38:209][  0]LogAISub: UAISubsystem::UAISubsystem AIPerceptionSystem (000001D045B37C40), frame # 0
[2020.12.31-05.50.38:213][  0]LogAISub: UAISubsystem::UAISubsystem EnvQueryManager (000001D045B53C00), frame # 0
[2020.12.31-05.50.38:400][  0]LogCollectionManager: Loaded 0 collections in 0.003164 seconds
[2020.12.31-05.50.38:405][  0]LogFileCache: Scanning file cache for directory 'C:/Users/Angelica .DESKTOP-RM5JOAJ/Documents/Learning Multiplayer/Puzzles/Puzzles/Saved/Collections/' took 0.00s
[2020.12.31-05.50.38:405][  0]LogFileCache: Scanning file cache for directory 'C:/Users/Angelica .DESKTOP-RM5JOAJ/Documents/Learning Multiplayer/Puzzles/Puzzles/Content/Developers/Angelica/Collections/' took 0.00s
[2020.12.31-05.50.38:406][  0]LogFileCache: Scanning file cache for directory 'C:/Users/Angelica .DESKTOP-RM5JOAJ/Documents/Learning Multiplayer/Puzzles/Puzzles/Content/Collections/' took 0.00s
[2020.12.31-05.50.38:406][  0]LogCollectionManager: Fixed up redirectors for 0 collections in 0.000006 seconds (updated 0 objects)
[2020.12.31-05.50.38:521][  0]LogMoviePlayer: Initializing movie player
[2020.12.31-05.50.38:866][  0]LogTemp: Warning: Game Instance
[2020.12.31-05.50.38:897][  0]SourceControl: Source control is disabled
[2020.12.31-05.50.38:899][  0]SourceControl: Source control is disabled
[2020.12.31-05.50.38:916][  0]SourceControl: Source control is disabled
[2020.12.31-05.50.39:159][  0]LogAndroidPermission: UAndroidPermissionCallbackProxy::GetInstance
[2020.12.31-05.50.39:191][  0]LogAudioCaptureCore: Display: No Audio Capture implementations found. Audio input will be silent.
[2020.12.31-05.50.39:192][  0]LogAudioCaptureCore: Display: No Audio Capture implementations found. Audio input will be silent.
[2020.12.31-05.50.39:282][  0]LogOcInput: OculusInput pre-init called
[2020.12.31-05.50.39:306][  0]LogUObjectArray: 19087 objects as part of root set at end of initial load.
[2020.12.31-05.50.39:306][  0]LogUObjectAllocator: 5035552 out of 0 bytes used by permanent object pool.
[2020.12.31-05.50.39:308][  0]LogUObjectArray: CloseDisregardForGC: 0/0 objects in disregard for GC pool
[2020.12.31-05.50.39:383][  0]LogEngine: Initializing Engine...
[2020.12.31-05.50.39:385][  0]LogHMD: Failed to initialize OpenVR with code 110
[2020.12.31-05.50.39:386][  0]LogMagicLeap: Warning: VR disabled because ZI is not enabled.  To enable, in the editor, Edit -> Project Settings -> Plugins -> Magic Leap Plugin -> Enable Zero Iteration
[2020.12.31-05.50.39:403][  0]LogStats: UGameplayTagsManager::InitializeManager -  0.000 s
[2020.12.31-05.50.39:565][  0]LogInit: Initializing FReadOnlyCVARCache
[2020.12.31-05.50.39:575][  0]LogAudioMixer: Display: Audio Mixer Platform Settings:
[2020.12.31-05.50.39:575][  0]LogAudioMixer: Display: 	Sample Rate:						  48000
[2020.12.31-05.50.39:576][  0]LogAudioMixer: Display: 	Callback Buffer Frame Size Requested: 1024
[2020.12.31-05.50.39:577][  0]LogAudioMixer: Display: 	Callback Buffer Frame Size To Use:	  1024
[2020.12.31-05.50.39:577][  0]LogAudioMixer: Display: 	Number of buffers to queue:			  2
[2020.12.31-05.50.39:578][  0]LogAudioMixer: Display: 	Max Channels (voices):				  32
[2020.12.31-05.50.39:579][  0]LogAudioMixer: Display: 	Number of Async Source Workers:		  0
[2020.12.31-05.50.39:580][  0]LogAudio: Display: AudioDevice MaxSources: 32
[2020.12.31-05.50.39:583][  0]LogAudio: Display: Using built-in audio occlusion.
[2020.12.31-05.50.39:583][  0]LogAudioMixer: Display: Initializing audio mixer.
[2020.12.31-05.50.39:634][  0]LogAudioMixer: Display: 0: FrontLeft
[2020.12.31-05.50.39:635][  0]LogAudioMixer: Display: 1: FrontRight
[2020.12.31-05.50.39:708][  0]LogAudioMixer: Display: Using Audio Device Speaker/Headphone (Realtek High Definition Audio(SST))
[2020.12.31-05.50.39:716][  0]LogAudioMixer: Display: Initializing Sound Submixes...
[2020.12.31-05.50.39:720][  0]LogAudioMixer: Display: Creating Master Submix 'MasterSubmixDefault'
[2020.12.31-05.50.39:720][  0]LogAudioMixer: Display: Creating Master Submix 'MasterReverbSubmixDefault'
[2020.12.31-05.50.39:723][  0]LogAudioMixer: Display: Creating Master Submix 'MasterEQSubmixDefault'
[2020.12.31-05.50.39:724][  0]LogInit: FAudioDevice initialized.
[2020.12.31-05.50.39:726][  0]LogNetVersion: Set ProjectVersion to 1.0.0.0. Version Checksum will be recalculated on next use.
[2020.12.31-05.50.39:798][  0]LogDerivedDataCache: Saved boot cache 0.07s 75MB C:/Users/Angelica .DESKTOP-RM5JOAJ/AppData/Local/UnrealEngine/4.25/DerivedDataCache/Boot.ddc.
[2020.12.31-05.50.39:807][  0]LogInit: Texture streaming: Enabled
[2020.12.31-05.50.39:931][  0]LogTemp: Warning: Game Instance
[2020.12.31-05.50.39:936][  0]LogTemp: Warning: Game Init
[2020.12.31-05.50.39:938][  0]LogSlate: Updating window title bar state: overlay mode, drag disabled, window buttons hidden, title bar hidden
[2020.12.31-05.50.39:941][  0]LogInit: Display: Game Engine Initialized.
[2020.12.31-05.50.39:943][  0]LogNiagaraEditor: Warning: GEditor isn't valid! Particle reset commands will not work for Niagara components!
[2020.12.31-05.50.39:999][  0]LogInit: Display: Starting Game.
[2020.12.31-05.50.40:000][  0]LogNet: Browse: /Game/Maps/Main?Name=Player
[2020.12.31-05.50.40:002][  0]LogLoad: LoadMap: /Game/Maps/Main?Name=Player
[2020.12.31-05.50.40:002][  0]LogWorld: BeginTearingDown for /Temp/Untitled_0
[2020.12.31-05.50.40:005][  0]LogWorld: UWorld::CleanupWorld for Untitled, bSessionEnded=true, bCleanupResources=true
[2020.12.31-05.50.40:006][  0]LogSlate: InvalidateAllWidgets triggered.  All widgets were invalidated
[2020.12.31-05.50.40:020][  0]LogUObjectHash: Compacting FUObjectHashTables data took   2.31ms
[2020.12.31-05.50.40:215][  0]LogAIModule: Creating AISystem for world Main
[2020.12.31-05.50.40:216][  0]LogAISub: UAISubsystem::UAISubsystem EnvQueryManager (000001D0392EBC00), frame # 0
[2020.12.31-05.50.40:218][  0]LogAISub: UAISubsystem::UAISubsystem AIPerceptionSystem (000001D0392F3880), frame # 0
[2020.12.31-05.50.40:346][  0]LogLoad: Game class is 'BP_PuzzlesGameMode_C'
[2020.12.31-05.50.40:406][  0]LogWorld: Bringing World /Game/Maps/Main.Main up for play (max tick rate 0) at 2020.12.31-00.50.40
[2020.12.31-05.50.40:408][  0]LogWorld: Bringing up level for play took: 0.060509
[2020.12.31-05.50.40:422][  0]LogLoad: Took 0.419865 seconds to LoadMap(/Game/Maps/Main)
[2020.12.31-05.50.40:602][  0]LogSlate: Took 0.000269 seconds to synchronously load lazily loaded font '../../../Engine/Content/Slate/Fonts/Roboto-Regular.ttf' (155K)
[2020.12.31-05.50.40:646][  0]LogLoad: (Engine Initialization) Total time: 11.99 seconds
[2020.12.31-05.50.40:646][  0]LogLoad: (Engine Initialization) Total Blueprint compile time: 0.00 seconds
[2020.12.31-05.50.40:740][  0]LogRenderer: Reallocating scene render targets to support 1536x864 Format 10 NumSamples 1 (Frame:1).
[2020.12.31-05.50.40:911][  0]LogContentStreaming: Texture pool size now 1000 MB
[2020.12.31-05.50.40:918][  0]LogSlate: InvalidateAllWidgets triggered.  All widgets were invalidated
[2020.12.31-05.50.41:272][  1]LogSlate: Took 0.000449 seconds to synchronously load lazily loaded font '../../../Engine/Content/Slate/Fonts/Roboto-Regular.ttf' (155K)
[2020.12.31-05.50.59:193][248]LogGameMode: ProcessServerTravel: /Game/Maps/Main?listen
[2020.12.31-05.50.59:198][248]LogEngine: Server switch level: /Game/Maps/Main?Name=Player?listen
[2020.12.31-05.50.59:200][248]LogNet: Browse: /Game/Maps/Main?Name=Player?listen
[2020.12.31-05.50.59:203][248]LogLoad: LoadMap: /Game/Maps/Main?Name=Player?listen
[2020.12.31-05.50.59:204][248]LogWorld: BeginTearingDown for /Game/Maps/Main
[2020.12.31-05.50.59:211][248]LogWorld: UWorld::CleanupWorld for Main, bSessionEnded=true, bCleanupResources=true
[2020.12.31-05.50.59:242][248]LogSlate: InvalidateAllWidgets triggered.  All widgets were invalidated
[2020.12.31-05.50.59:280][248]LogAudio: Display: Waited 35.462299 ms for audio thread.
[2020.12.31-05.50.59:290][248]LogAudio: Display: Waited 45.670902 ms for audio thread.
[2020.12.31-05.50.59:359][248]LogAISub: UAISubsystem::~UAISubsystem EnvQueryManager (000001D0392EBC00), frame # 248
[2020.12.31-05.50.59:360][248]LogAISub: UAISubsystem::~UAISubsystem AIPerceptionSystem (000001D0392F3880), frame # 248
[2020.12.31-05.50.59:370][248]LogUObjectHash: Compacting FUObjectHashTables data took   3.43ms
[2020.12.31-05.50.59:735][248]LogAIModule: Creating AISystem for world Main
[2020.12.31-05.50.59:736][248]LogAISub: UAISubsystem::UAISubsystem EnvQueryManager (000001D039142E00), frame # 248
[2020.12.31-05.50.59:739][248]LogAISub: UAISubsystem::UAISubsystem AIPerceptionSystem (000001D0392F3240), frame # 248
[2020.12.31-05.50.59:908][248]LogLoad: Game class is 'BP_PuzzlesGameMode_C'
[2020.12.31-05.50.59:910][248]LogNet: ReplicationDriverClass is null! Not using ReplicationDriver.
[2020.12.31-05.50.59:912][248]LogNetCore: DDoS detection status: detection enabled: 0 analytics enabled: 0
[2020.12.31-05.50.59:913][248]LogInit: WinSock: Socket queue. Rx: 131072 (config 131072) Tx: 131072 (config 131072)
[2020.12.31-05.50.59:914][248]LogNet: Created socket for bind address: 0.0.0.0 on port 7777
[2020.12.31-05.50.59:915][248]PacketHandlerLog: Loaded PacketHandler component: Engine.EngineHandlerComponentFactory (StatelessConnectHandlerComponent)
[2020.12.31-05.50.59:916][248]LogNet: GameNetDriver IpNetDriver_0 IpNetDriver listening on port 7777
[2020.12.31-05.51.00:003][248]LogWorld: Bringing World /Game/Maps/Main.Main up for play (max tick rate 0) at 2020.12.31-00.51.00
[2020.12.31-05.51.00:005][248]LogWorld: Bringing up level for play took: 0.087436
[2020.12.31-05.51.00:008][248]LogOnlineSession: Warning: OSS: No game present to join for session (GameSession)
[2020.12.31-05.51.00:024][248]LogLoad: Took 0.821706 seconds to LoadMap(/Game/Maps/Main)
[2020.12.31-05.51.15:283][424]LogSlate: Window 'Puzzles (64-bit Development PCD3D_SM5) ' being destroyed
[2020.12.31-05.51.15:297][424]LogWindowsTextInputMethodSystem: Display: IME system now deactivated.
[2020.12.31-05.51.15:306][425]LogOnlineSession: Warning: OSS: No game present to leave for session (GameSession)
[2020.12.31-05.51.15:321][425]LogSlate: Updating window title bar state: overlay mode, drag disabled, window buttons hidden, title bar hidden
[2020.12.31-05.51.15:324][425]LogEngine: All Windows Closed
[2020.12.31-05.51.15:341][425]LogWindows: FPlatformMisc::RequestExit(0)
[2020.12.31-05.51.15:367][425]LogCore: Engine exit requested (reason: Win RequestExit)
[2020.12.31-05.51.15:379][426]LogCore: Engine exit requested (reason: EngineExit() was called; note: exit was already requested)
[2020.12.31-05.51.15:430][426]LogAudio: Display: Waited 36.648300 ms for audio thread.
[2020.12.31-05.51.15:456][426]LogAudio: Display: Waited 61.742397 ms for audio thread.
[2020.12.31-05.51.15:503][426]LogAudio: Display: Shutting down audio device while 2 references to it are still alive. For more information, compile with INSTRUMENT_AUDIODEVICE_HANDLES.
[2020.12.31-05.51.15:607][426]LogInit: Display: PreExit Game.
[2020.12.31-05.51.15:647][426]LogWorld: BeginTearingDown for /Game/Maps/Main
[2020.12.31-05.51.15:669][426]LogNet: World NetDriver shutdown IpNetDriver_0 [GameNetDriver]
[2020.12.31-05.51.15:680][426]LogNet: DestroyNamedNetDriver IpNetDriver_0 [GameNetDriver]
[2020.12.31-05.51.15:698][426]LogExit: GameNetDriver IpNetDriver_0 shut down
[2020.12.31-05.51.15:705][426]LogWorld: UWorld::CleanupWorld for Main, bSessionEnded=true, bCleanupResources=true
[2020.12.31-05.51.15:781][426]LogSlate: InvalidateAllWidgets triggered.  All widgets were invalidated
[2020.12.31-05.51.16:500][426]LogExit: Preparing to exit.
[2020.12.31-05.51.16:500][426]LogMoviePlayer: Shutting down movie player
[2020.12.31-05.51.16:567][426]LogSlate: Updating window title bar state: overlay mode, drag disabled, window buttons hidden, title bar hidden
[2020.12.31-05.51.16:601][426]LogDemo: Cleaned up 0 splitscreen connections with owner deletion
[2020.12.31-05.51.16:634][426]LogExit: Game engine shut down
[2020.12.31-05.51.16:762][426]LogAISub: UAISubsystem::~UAISubsystem AISubsystem (000001D044C10AC0), frame # 426
[2020.12.31-05.51.16:787][426]LogAISub: UAISubsystem::~UAISubsystem AIPerceptionSystem (000001D045B37C40), frame # 426
[2020.12.31-05.51.16:847][426]LogAISub: UAISubsystem::~UAISubsystem EnvQueryManager (000001D045B53C00), frame # 426
[2020.12.31-05.51.17:026][426]LogAISub: UAISubsystem::~UAISubsystem AIPerceptionSystem (000001D0392F3240), frame # 426
[2020.12.31-05.51.17:137][426]LogAISub: UAISubsystem::~UAISubsystem EnvQueryManager (000001D039142E00), frame # 426
[2020.12.31-05.51.17:578][426]LogExit: Object subsystem successfully closed.
[2020.12.31-05.51.17:779][426]LogShaderCompilers: Display: Shaders left to compile 0
[2020.12.31-05.51.18:030][426]LogModuleManager: Shutting down and abandoning module SequenceRecorderSections (504)
[2020.12.31-05.51.18:047][426]LogModuleManager: Shutting down and abandoning module SequenceRecorder (502)
[2020.12.31-05.51.18:056][426]LogModuleManager: Shutting down and abandoning module AutomationController (500)
[2020.12.31-05.51.18:058][426]LogModuleManager: Shutting down and abandoning module AutomationWorker (498)
[2020.12.31-05.51.18:060][426]LogModuleManager: Shutting down and abandoning module Voice (496)
[2020.12.31-05.51.18:062][426]LogModuleManager: Shutting down and abandoning module AIModule (494)
[2020.12.31-05.51.18:065][426]LogModuleManager: Shutting down and abandoning module GameplayDebugger (493)
[2020.12.31-05.51.18:076][426]LogModuleManager: Shutting down and abandoning module AITestSuite (491)
[2020.12.31-05.51.18:078][426]LogModuleManager: Shutting down and abandoning module NavigationSystem (489)
[2020.12.31-05.51.18:082][426]LogModuleManager: Shutting down and abandoning module OculusMR (486)
[2020.12.31-05.51.18:083][426]LogModuleManager: Shutting down and abandoning module WmfMediaFactory (484)
[2020.12.31-05.51.18:091][426]LogModuleManager: Shutting down and abandoning module WebMMediaFactory (482)
[2020.12.31-05.51.18:092][426]LogModuleManager: Shutting down and abandoning module WebMMedia (480)
[2020.12.31-05.51.18:094][426]LogModuleManager: Shutting down and abandoning module OpenExrWrapper (478)
[2020.12.31-05.51.18:096][426]LogModuleManager: Shutting down and abandoning module ImgMediaFactory (476)
[2020.12.31-05.51.18:101][426]LogModuleManager: Shutting down and abandoning module AvfMediaFactory (474)
[2020.12.31-05.51.18:105][426]LogModuleManager: Shutting down and abandoning module MagicLeapMediaCodecFactory (472)
[2020.12.31-05.51.18:111][426]LogModuleManager: Shutting down and abandoning module MagicLeapMediaFactory (470)
[2020.12.31-05.51.18:113][426]LogModuleManager: Shutting down and abandoning module PlanarCut (468)
[2020.12.31-05.51.18:115][426]LogModuleManager: Shutting down and abandoning module CharacterAI (466)
[2020.12.31-05.51.18:119][426]LogModuleManager: Shutting down and abandoning module SessionServices (464)
[2020.12.31-05.51.18:129][426]LogModuleManager: Shutting down and abandoning module MovieSceneCapture (462)
[2020.12.31-05.51.18:132][426]LogModuleManager: Shutting down and abandoning module LiveCoding (460)
[2020.12.31-05.51.18:136][426]LogModuleManager: Shutting down and abandoning module LevelSequence (458)
[2020.12.31-05.51.18:137][426]LogModuleManager: Shutting down and abandoning module MovieSceneTracks (456)
[2020.12.31-05.51.18:149][426]LogModuleManager: Shutting down and abandoning module MovieScene (454)
[2020.12.31-05.51.18:154][426]LogModuleManager: Shutting down and abandoning module StreamingPauseRendering (452)
[2020.12.31-05.51.18:156][426]LogModuleManager: Shutting down and abandoning module PortalServices (450)
[2020.12.31-05.51.18:158][426]LogModuleManager: Shutting down and abandoning module PortalRpc (448)
[2020.12.31-05.51.18:160][426]LogModuleManager: Shutting down and abandoning module MessagingRpc (446)
[2020.12.31-05.51.18:171][426]LogModuleManager: Shutting down and abandoning module AudioMixerXAudio2 (444)
[2020.12.31-05.51.18:175][426]LogModuleManager: Shutting down and abandoning module AudioMixerCore (443)
[2020.12.31-05.51.18:185][426]LogModuleManager: Shutting down and abandoning module ProfilerService (440)
[2020.12.31-05.51.18:449][426]LogModuleManager: Shutting down and abandoning module TaskGraph (438)
[2020.12.31-05.51.18:452][426]LogModuleManager: Shutting down and abandoning module Synthesis (436)
[2020.12.31-05.51.18:459][426]LogModuleManager: Shutting down and abandoning module ProceduralMeshComponent (434)
[2020.12.31-05.51.18:461][426]LogModuleManager: Shutting down and abandoning module OculusInput (432)
[2020.12.31-05.51.18:463][426]LogModuleManager: Shutting down and abandoning module MobilePatchingUtils (430)
[2020.12.31-05.51.18:473][426]LogModuleManager: Shutting down and abandoning module GooglePAD (428)
[2020.12.31-05.51.18:484][426]LogModuleManager: Shutting down and abandoning module EditableMesh (426)
[2020.12.31-05.51.18:486][426]LogModuleManager: Shutting down and abandoning module CustomMeshComponent (424)
[2020.12.31-05.51.18:489][426]LogModuleManager: Shutting down and abandoning module CableComponent (422)
[2020.12.31-05.51.18:491][426]LogModuleManager: Shutting down and abandoning module AudioCapture (420)
[2020.12.31-05.51.18:493][426]LogModuleManager: Shutting down and abandoning module AudioCaptureRtAudio (419)
[2020.12.31-05.51.18:504][426]LogModuleManager: Shutting down and abandoning module AssetTags (416)
[2020.12.31-05.51.18:506][426]LogModuleManager: Shutting down and abandoning module ArchVisCharacter (414)
[2020.12.31-05.51.18:507][426]LogModuleManager: Shutting down and abandoning module AppleImageUtilsBlueprintSupport (412)
[2020.12.31-05.51.18:509][426]LogModuleManager: Shutting down and abandoning module AppleImageUtils (410)
[2020.12.31-05.51.18:511][426]LogModuleManager: Shutting down and abandoning module AndroidPermission (408)
[2020.12.31-05.51.18:513][426]LogModuleManager: Shutting down and abandoning module NUTUnrealEngine4 (406)
[2020.12.31-05.51.18:528][426]LogModuleManager: Shutting down and abandoning module NetcodeUnitTest (404)
[2020.12.31-05.51.18:531][426]LogModuleManager: Shutting down and abandoning module TemplateSequence (402)
[2020.12.31-05.51.18:535][426]LogModuleManager: Shutting down and abandoning module MovieRenderPipelineRenderPasses (400)
[2020.12.31-05.51.18:541][426]LogModuleManager: Shutting down and abandoning module MovieRenderPipelineSettings (398)
[2020.12.31-05.51.18:543][426]LogModuleManager: Shutting down and abandoning module MovieRenderPipelineCore (396)
[2020.12.31-05.51.18:545][426]LogModuleManager: Shutting down and abandoning module ImageWriteQueue (395)
[2020.12.31-05.51.18:554][426]LogModuleManager: Shutting down and abandoning module MediaCompositing (392)
[2020.12.31-05.51.18:556][426]LogModuleManager: Shutting down and abandoning module ImgMedia (390)
[2020.12.31-05.51.18:557][426]LogModuleManager: Shutting down and abandoning module MagicLeapSharedWorld (388)
[2020.12.31-05.51.18:560][426]LogModuleManager: Shutting down and abandoning module MagicLeapLightEstimation (386)
[2020.12.31-05.51.18:562][426]LogModuleManager: Shutting down and abandoning module MagicLeapHelperVulkan (384)
[2020.12.31-05.51.18:564][426]LogModuleManager: Shutting down and abandoning module MagicLeapHelperOpenGL (382)
[2020.12.31-05.51.18:586][426]LogModuleManager: Shutting down and abandoning module MagicLeapAudio (380)
[2020.12.31-05.51.18:595][426]LogModuleManager: Shutting down and abandoning module MeshSolverUtilities (378)
[2020.12.31-05.51.18:597][426]LogModuleManager: Shutting down and abandoning module MeshConversion (376)
[2020.12.31-05.51.18:601][426]LogModuleManager: Shutting down and abandoning module DynamicMesh (374)
[2020.12.31-05.51.18:604][426]LogModuleManager: Shutting down and abandoning module GeometryAlgorithms (372)
[2020.12.31-05.51.18:610][426]LogModuleManager: Shutting down and abandoning module GeometricObjects (370)
[2020.12.31-05.51.18:612][426]LogModuleManager: Shutting down and abandoning module GeometryCollectionTracks (368)
[2020.12.31-05.51.18:614][426]LogModuleManager: Shutting down and abandoning module GeometryCollectionSequencer (367)
[2020.12.31-05.51.18:621][426]LogModuleManager: Shutting down and abandoning module GeometryCacheTracks (364)
[2020.12.31-05.51.18:630][426]LogModuleManager: Shutting down and abandoning module GeometryCacheSequencer (363)
[2020.12.31-05.51.18:631][426]LogModuleManager: Shutting down and abandoning module GeometryCache (360)
[2020.12.31-05.51.18:636][426]LogModuleManager: Shutting down and abandoning module GeometryCacheEd (359)
[2020.12.31-05.51.18:643][426]LogModuleManager: Shutting down and abandoning module ChaosNiagara (356)
[2020.12.31-05.51.18:645][426]LogModuleManager: Shutting down and abandoning module ChaosCloth (354)
[2020.12.31-05.51.18:649][426]LogModuleManager: Shutting down and abandoning module BackChannel (352)
[2020.12.31-05.51.18:652][426]LogModuleManager: Shutting down and abandoning module AutomationUtils (350)
[2020.12.31-05.51.18:660][426]LogModuleManager: Shutting down and abandoning module VisualStudioSourceCodeAccess (348)
[2020.12.31-05.51.18:662][426]LogModuleManager: Shutting down and abandoning module HotReload (347)
[2020.12.31-05.51.18:665][426]LogModuleManager: Shutting down and abandoning module VisualStudioCodeSourceCodeAccess (344)
[2020.12.31-05.51.18:671][426]LogModuleManager: Shutting down and abandoning module UObjectPlugin (342)
[2020.12.31-05.51.18:683][426]LogModuleManager: Shutting down and abandoning module SubversionSourceControl (340)
[2020.12.31-05.51.18:685][426]LogModuleManager: Shutting down and abandoning module RiderSourceCodeAccess (338)
[2020.12.31-05.51.18:686][426]LogModuleManager: Shutting down and abandoning module PerforceSourceControl (336)
[2020.12.31-05.51.18:688][426]LogModuleManager: Shutting down and abandoning module SourceControl (335)
[2020.12.31-05.51.18:695][426]LogModuleManager: Shutting down and abandoning module CLionSourceCodeAccess (332)
[2020.12.31-05.51.18:697][426]LogModuleManager: Shutting down and abandoning module ActorLayerUtilities (330)
[2020.12.31-05.51.18:701][426]LogModuleManager: Shutting down and abandoning module Puzzles (328)
[2020.12.31-05.51.18:705][426]LogModuleManager: Shutting down and abandoning module SoundFields (326)
[2020.12.31-05.51.18:710][426]LogModuleManager: Shutting down and abandoning module SignificanceManager (324)
[2020.12.31-05.51.18:712][426]LogModuleManager: Shutting down and abandoning module RuntimePhysXCooking (322)
[2020.12.31-05.51.18:714][426]LogModuleManager: Shutting down and abandoning module PhysXVehiclesEditor (320)
[2020.12.31-05.51.18:722][426]LogModuleManager: Shutting down and abandoning module LocationServicesBPLibrary (316)
[2020.12.31-05.51.18:731][426]LogModuleManager: Shutting down and abandoning module ActorSequence (314)
[2020.12.31-05.51.18:733][426]LogModuleManager: Shutting down and abandoning module UdpMessaging (312)
[2020.12.31-05.51.18:737][426]LogModuleManager: Shutting down and abandoning module TcpMessaging (310)
[2020.12.31-05.51.18:738][426]LogModuleManager: Shutting down and abandoning module MagicLeapARPin (308)
[2020.12.31-05.51.18:746][426]LogModuleManager: Shutting down and abandoning module MagicLeapHandMeshing (306)
[2020.12.31-05.51.18:750][426]LogModuleManager: Shutting down and abandoning module MagicLeapSecureStorage (304)
[2020.12.31-05.51.18:753][426]LogModuleManager: Shutting down and abandoning module MagicLeapPrivileges (302)
[2020.12.31-05.51.18:755][426]LogModuleManager: Shutting down and abandoning module MagicLeapPlanes (300)
[2020.12.31-05.51.18:762][426]LogMagicLeapPlanes: Planes tracker already destroyed.
[2020.12.31-05.51.18:764][426]LogModuleManager: Shutting down and abandoning module MagicLeapImageTracker (298)
[2020.12.31-05.51.18:773][426]LogModuleManager: Shutting down and abandoning module MagicLeapIdentity (296)
[2020.12.31-05.51.18:782][426]LogModuleManager: Shutting down and abandoning module MagicLeapHandTracking (294)
[2020.12.31-05.51.18:784][426]LogModuleManager: Shutting down and abandoning module MagicLeapEyeTracker (292)
[2020.12.31-05.51.18:786][426]LogModuleManager: Shutting down and abandoning module MagicLeapController (290)
[2020.12.31-05.51.18:788][426]LogSlate: Slate User Destroyed.  User Index 0, Is Virtual User: 0
[2020.12.31-05.51.18:796][426]LogModuleManager: Shutting down and abandoning module MagicLeapARPinImpl (288)
[2020.12.31-05.51.18:799][426]LogModuleManager: Shutting down and abandoning module MagicLeapAR (286)
[2020.12.31-05.51.18:802][426]LogModuleManager: Shutting down and abandoning module AugmentedReality (285)
[2020.12.31-05.51.18:811][426]LogModuleManager: Shutting down and abandoning module NiagaraAnimNotifies (282)
[2020.12.31-05.51.18:811][426]LogModuleManager: Shutting down and abandoning module Niagara (280)
[2020.12.31-05.51.18:814][426]LogModuleManager: Shutting down and abandoning module SignalProcessing (279)
[2020.12.31-05.51.18:823][426]LogModuleManager: Shutting down and abandoning module NiagaraEditor (277)
[2020.12.31-05.51.18:841][426]LogModuleManager: Shutting down and abandoning module NiagaraCore (274)
[2020.12.31-05.51.18:842][426]LogModuleManager: Shutting down and abandoning module GameplayTagsEditor (272)
[2020.12.31-05.51.18:844][426]LogModuleManager: Shutting down and abandoning module FacialAnimation (270)
[2020.12.31-05.51.18:857][426]LogModuleManager: Shutting down and abandoning module AssetManagerEditor (268)
[2020.12.31-05.51.18:859][426]LogModuleManager: Shutting down and abandoning module TreeMap (267)
[2020.12.31-05.51.18:860][426]LogModuleManager: Shutting down and abandoning module AnimationSharing (264)
[2020.12.31-05.51.18:863][426]LogModuleManager: Shutting down and abandoning module LightPropagationVolumeRuntime (262)
[2020.12.31-05.51.18:891][426]LogModuleManager: Shutting down and abandoning module Paper2D (260)
[2020.12.31-05.51.18:893][426]LogModuleManager: Shutting down and abandoning module WindowsMoviePlayer (258)
[2020.12.31-05.51.18:896][426]LogModuleManager: Shutting down and abandoning module WebMMoviePlayer (256)
[2020.12.31-05.51.18:897][426]LogModuleManager: Shutting down and abandoning module NetworkReplayStreaming (254)
[2020.12.31-05.51.18:899][426]LogModuleManager: Shutting down and abandoning module PacketHandler (252)
[2020.12.31-05.51.18:903][426]LogModuleManager: Shutting down and abandoning module ClothingSystemEditor (250)
[2020.12.31-05.51.18:906][426]LogModuleManager: Shutting down and abandoning module ClothingSystemRuntimeNv (248)
[2020.12.31-05.51.18:907][426]LogModuleManager: Shutting down and abandoning module MediaAssets (246)
[2020.12.31-05.51.18:921][426]LogModuleManager: Shutting down and abandoning module Overlay (244)
[2020.12.31-05.51.18:922][426]LogModuleManager: Shutting down and abandoning module OverlayEditor (243)
[2020.12.31-05.51.18:924][426]LogModuleManager: Shutting down and abandoning module VREditor (240)
[2020.12.31-05.51.18:933][426]LogModuleManager: Shutting down and abandoning module StringTableEditor (238)
[2020.12.31-05.51.18:935][426]LogModuleManager: Shutting down and abandoning module GameplayTasksEditor (236)
[2020.12.31-05.51.18:938][426]LogModuleManager: Shutting down and abandoning module BehaviorTreeEditor (234)
[2020.12.31-05.51.18:940][426]LogModuleManager: Shutting down and abandoning module FunctionalTesting (232)
[2020.12.31-05.51.18:946][426]LogModuleManager: Shutting down and abandoning module CollisionAnalyzer (230)
[2020.12.31-05.51.18:948][426]LogModuleManager: Shutting down and abandoning module UMG (228)
[2020.12.31-05.51.18:951][426]LogModuleManager: Shutting down and abandoning module UMGEditor (227)
[2020.12.31-05.51.18:953][426]LogModuleManager: Shutting down and abandoning module Sequencer (226)
[2020.12.31-05.51.18:963][426]LogModuleManager: Shutting down and abandoning module MessageLog (223)
[2020.12.31-05.51.18:965][426]LogModuleManager: Shutting down and abandoning module MaterialEditor (221)
[2020.12.31-05.51.18:971][426]LogModuleManager: Shutting down and abandoning module ContentBrowser (220)
[2020.12.31-05.51.18:980][426]LogModuleManager: Shutting down and abandoning module WorkspaceMenuStructure (219)
[2020.12.31-05.51.18:983][426]LogModuleManager: Shutting down and abandoning module CollectionManager (217)
[2020.12.31-05.51.18:991][426]LogModuleManager: Shutting down and abandoning module DirectoryWatcher (216)
[2020.12.31-05.51.18:998][426]LogModuleManager: Shutting down and abandoning module SlateReflector (208)
[2020.12.31-05.51.19:002][426]LogModuleManager: Shutting down and abandoning module Slate (206)
[2020.12.31-05.51.19:004][426]LogModuleManager: Shutting down and abandoning module SlateCore (204)
[2020.12.31-05.51.19:042][426]LogModuleManager: Shutting down and abandoning module LandscapeEditorUtilities (202)
[2020.12.31-05.51.19:056][426]LogModuleManager: Shutting down and abandoning module EditorStyle (200)
[2020.12.31-05.51.19:077][426]LogModuleManager: Shutting down and abandoning module UnrealEd (198)
[2020.12.31-05.51.19:083][426]LogModuleManager: Shutting down and abandoning module MRMesh (196)
[2020.12.31-05.51.19:086][426]LogModuleManager: Shutting down and abandoning module Messaging (194)
[2020.12.31-05.51.19:086][426]LogModuleManager: Shutting down and abandoning module SourceCodeAccess (192)
[2020.12.31-05.51.19:101][426]LogModuleManager: Shutting down and abandoning module HeadMountedDisplay (190)
[2020.12.31-05.51.19:103][426]LogModuleManager: Shutting down and abandoning module XAudio2 (188)
[2020.12.31-05.51.19:106][426]LogModuleManager: Shutting down and abandoning module Networking (186)
[2020.12.31-05.51.19:115][426]LogModuleManager: Shutting down and abandoning module Core (184)
[2020.12.31-05.51.19:118][426]LogModuleManager: Shutting down and abandoning module MovieSceneTools (182)
[2020.12.31-05.51.19:120][426]LogModuleManager: Shutting down and abandoning module KismetCompiler (180)
[2020.12.31-05.51.19:122][426]LogModuleManager: Shutting down and abandoning module MeshBuilder (178)
[2020.12.31-05.51.19:124][426]LogModuleManager: Shutting down and abandoning module MeshUtilities (176)
[2020.12.31-05.51.19:137][426]LogModuleManager: Shutting down and abandoning module MeshMergeUtilities (175)
[2020.12.31-05.51.19:143][426]LogModuleManager: Shutting down and abandoning module MeshReductionInterface (174)
[2020.12.31-05.51.19:148][426]LogModuleManager: Shutting down and abandoning module MeshBoneReduction (173)
[2020.12.31-05.51.19:151][426]LogModuleManager: Shutting down and abandoning module SkeletalMeshReduction (171)
[2020.12.31-05.51.19:153][426]LogModuleManager: Shutting down and abandoning module ProxyLODMeshReduction (169)
[2020.12.31-05.51.19:156][426]LogModuleManager: Shutting down and abandoning module QuadricMeshReduction (167)
[2020.12.31-05.51.19:158][426]LogModuleManager: Shutting down and abandoning module MaterialBaking (163)
[2020.12.31-05.51.19:169][426]LogModuleManager: Shutting down and abandoning module NullInstallBundleManager (158)
[2020.12.31-05.51.19:172][426]LogModuleManager: Shutting down and abandoning module PIEPreviewDeviceProfileSelector (156)
[2020.12.31-05.51.19:173][426]LogModuleManager: Shutting down and abandoning module DerivedDataCache (154)
[2020.12.31-05.51.19:176][426]LogModuleManager: Shutting down and abandoning module XGEController (152)
[2020.12.31-05.51.19:196][426]LogModuleManager: Shutting down and abandoning module TargetPlatform (150)
[2020.12.31-05.51.19:207][426]LogModuleManager: Shutting down and abandoning module VulkanShaderFormat (149)
[2020.12.31-05.51.19:208][426]LogModuleManager: Shutting down and abandoning module ShaderFormatVectorVM (147)
[2020.12.31-05.51.19:211][426]LogModuleManager: Shutting down and abandoning module ShaderFormatOpenGL (145)
[2020.12.31-05.51.19:214][426]LogModuleManager: Shutting down and abandoning module ShaderFormatD3D (143)
[2020.12.31-05.51.19:220][426]LogModuleManager: Shutting down and abandoning module MetalShaderFormat (141)
[2020.12.31-05.51.19:225][426]LogModuleManager: Shutting down and abandoning module TextureFormatUncompressed (139)
[2020.12.31-05.51.19:231][426]LogModuleManager: Shutting down and abandoning module TextureFormatPVR (137)
[2020.12.31-05.51.19:233][426]LogModuleManager: Shutting down and abandoning module TextureFormatDXT (135)
[2020.12.31-05.51.19:243][426]LogModuleManager: Shutting down and abandoning module TextureFormatIntelISPCTexComp (133)
[2020.12.31-05.51.19:251][426]LogModuleManager: Shutting down and abandoning module TextureFormatASTC (131)
[2020.12.31-05.51.19:252][426]LogModuleManager: Shutting down and abandoning module ImageWrapper (130)
[2020.12.31-05.51.19:255][426]LogModuleManager: Shutting down and abandoning module TextureFormatAndroid (127)
[2020.12.31-05.51.19:257][426]LogModuleManager: Shutting down and abandoning module AudioFormatOpus (125)
[2020.12.31-05.51.19:259][426]LogModuleManager: Shutting down and abandoning module AudioFormatOgg (123)
[2020.12.31-05.51.19:270][426]LogModuleManager: Shutting down and abandoning module AudioFormatADPCM (121)
[2020.12.31-05.51.19:272][426]LogModuleManager: Shutting down and abandoning module WindowsServerTargetPlatform (119)
[2020.12.31-05.51.19:274][426]LogModuleManager: Shutting down and abandoning module WindowsClientTargetPlatform (117)
[2020.12.31-05.51.19:276][426]LogModuleManager: Shutting down and abandoning module WindowsTargetPlatform (115)
[2020.12.31-05.51.19:286][426]LogModuleManager: Shutting down and abandoning module WindowsNoEditorTargetPlatform (113)
[2020.12.31-05.51.19:288][426]LogModuleManager: Shutting down and abandoning module InputCore (110)
[2020.12.31-05.51.19:291][426]LogModuleManager: Shutting down and abandoning module Settings (108)
[2020.12.31-05.51.19:292][426]LogModuleManager: Shutting down and abandoning module PhysXCooking (106)
[2020.12.31-05.51.19:295][426]LogModuleManager: Shutting down and abandoning module ChaosSolvers (104)
[2020.12.31-05.51.19:296][426]LogModuleManager: Shutting down and abandoning module FieldSystemEngine (103)
[2020.12.31-05.51.19:305][426]LogModuleManager: Shutting down and abandoning module Chaos (100)
[2020.12.31-05.51.19:308][426]LogModuleManager: Shutting down and abandoning module WindowsPlatformFeatures (98)
[2020.12.31-05.51.19:311][426]LogModuleManager: Shutting down and abandoning module GameplayMediaEncoder (97)
[2020.12.31-05.51.19:315][426]LogModuleManager: Shutting down and abandoning module AVEncoder (96)
[2020.12.31-05.51.19:327][426]LogModuleManager: Shutting down and abandoning module SteamVRInputDevice (92)
[2020.12.31-05.51.19:331][426]LogModuleManager: Shutting down and abandoning module SteamVRInput (90)
[2020.12.31-05.51.19:333][426]LogModuleManager: Shutting down and abandoning module SteamVR (88)
[2020.12.31-05.51.19:342][426]LogHMD: Freeing OpenVRDLLHandle.
[2020.12.31-05.51.19:345][426]LogModuleManager: Shutting down and abandoning module OculusHMD (86)
[2020.12.31-05.51.19:348][426]LogModuleManager: Shutting down and abandoning module ExampleDeviceProfileSelector (84)
[2020.12.31-05.51.19:362][426]LogModuleManager: Shutting down and abandoning module LauncherChunkInstaller (82)
[2020.12.31-05.51.19:377][426]LogModuleManager: Shutting down and abandoning module OnlineBlueprintSupport (80)
[2020.12.31-05.51.19:379][426]LogModuleManager: Shutting down and abandoning module OnlineSubsystem (76)
[2020.12.31-05.51.19:385][426]LogModuleManager: Shutting down and abandoning module XMPP (71)
[2020.12.31-05.51.19:393][426]LogModuleManager: Shutting down and abandoning module WebSockets (70)
[2020.12.31-05.51.19:431][426]LogModuleManager: Shutting down and abandoning module HTTP (67)
[2020.12.31-05.51.19:452][426]LogModuleManager: Shutting down and abandoning module SSL (66)
[2020.12.31-05.51.19:461][426]LogModuleManager: Shutting down and abandoning module WmfMedia (62)
[2020.12.31-05.51.19:477][426]LogModuleManager: Shutting down and abandoning module Media (61)
[2020.12.31-05.51.19:484][426]LogModuleManager: Shutting down and abandoning module MagicLeap (58)
[2020.12.31-05.51.19:492][426]LogModuleManager: Shutting down and abandoning module NiagaraVertexFactories (56)
[2020.12.31-05.51.19:493][426]LogModuleManager: Shutting down and abandoning module NiagaraShader (54)
[2020.12.31-05.51.19:498][426]LogModuleManager: Shutting down and abandoning module VariantManagerContent (52)
[2020.12.31-05.51.19:500][426]LogModuleManager: Shutting down and abandoning module DatasmithContent (50)
[2020.12.31-05.51.19:514][426]LogModuleManager: Shutting down and abandoning module AISupportModule (48)
[2020.12.31-05.51.19:515][426]LogModuleManager: Shutting down and abandoning module DesktopPlatform (46)
[2020.12.31-05.51.19:517][426]LogModuleManager: Shutting down and abandoning module PlatformCryptoOpenSSL (44)
[2020.12.31-05.51.19:519][426]LogModuleManager: Shutting down and abandoning module PlatformCryptoTypes (42)
[2020.12.31-05.51.19:525][426]LogModuleManager: Shutting down and abandoning module PlatformCrypto (40)
[2020.12.31-05.51.19:534][426]LogModuleManager: Shutting down and abandoning module AnimationModifiers (38)
[2020.12.31-05.51.19:537][426]LogModuleManager: Shutting down and abandoning module PropertyEditor (37)
[2020.12.31-05.51.19:539][426]LogModuleManager: Shutting down and abandoning module AudioEditor (34)
[2020.12.31-05.51.19:544][426]LogModuleManager: Shutting down and abandoning module TextureCompressor (32)
[2020.12.31-05.51.19:545][426]LogModuleManager: Shutting down and abandoning module RenderCore (30)
[2020.12.31-05.51.19:545][426]LogModuleManager: Shutting down and abandoning module Landscape (28)
[2020.12.31-05.51.19:546][426]LogModuleManager: Shutting down and abandoning module SlateRHIRenderer (26)
[2020.12.31-05.51.19:546][426]LogModuleManager: Shutting down and abandoning module OpenGLDrv (24)
[2020.12.31-05.51.19:547][426]LogModuleManager: Shutting down and abandoning module D3D11RHI (22)
[2020.12.31-05.51.19:547][426]LogModuleManager: Shutting down and abandoning module AnimGraphRuntime (20)
[2020.12.31-05.51.19:548][426]LogModuleManager: Shutting down and abandoning module Renderer (18)
[2020.12.31-05.51.19:548][426]LogModuleManager: Shutting down and abandoning module Engine (16)
[2020.12.31-05.51.19:549][426]LogModuleManager: Shutting down and abandoning module CoreUObject (14)
[2020.12.31-05.51.19:556][426]LogModuleManager: Shutting down and abandoning module NetworkFile (12)
[2020.12.31-05.51.19:556][426]LogModuleManager: Shutting down and abandoning module CookedIterativeFile (10)
[2020.12.31-05.51.19:556][426]LogModuleManager: Shutting down and abandoning module StreamingFile (8)
[2020.12.31-05.51.19:557][426]LogModuleManager: Shutting down and abandoning module SandboxFile (6)
[2020.12.31-05.51.19:558][426]LogModuleManager: Shutting down and abandoning module PakFile (4)
[2020.12.31-05.51.19:583][426]LogModuleManager: Shutting down and abandoning module RSA (3)
[2020.12.31-05.51.19:778][426]LogContentStreaming: Display: There are 1 unreleased StreamingManagers
[2020.12.31-05.51.19:793][426]LogD3D11RHI: Shutdown
[2020.12.31-05.51.19:794][426]LogD3D11RHI: CleanupD3DDevice
[2020.12.31-05.51.20:116][426]LogExit: Exiting.
[2020.12.31-05.51.20:126][426]Log file closed, 12/31/20 00:51:20
